Sat Nov 16 05:44:42 MST 2024
Initiating script
── Attaching core tidyverse packages ──────────────────────── tidyverse 2.0.0 ──
✔ dplyr     1.1.4     ✔ readr     2.1.5
✔ forcats   1.0.0     ✔ stringr   1.5.1
✔ ggplot2   3.5.1     ✔ tibble    3.2.1
✔ lubridate 1.9.3     ✔ tidyr     1.3.1
✔ purrr     1.0.2     
── Conflicts ────────────────────────────────────────── tidyverse_conflicts() ──
✖ ggplot2::annotate() masks ctmm::annotate()
✖ dplyr::filter()     masks stats::filter()
✖ dplyr::lag()        masks stats::lag()
ℹ Use the conflicted package (<http://conflicted.r-lib.org/>) to force all conflicts to become errors
Linking to GEOS 3.9.5, GDAL 3.8.5, PROJ 9.4.0; sf_use_s2() is TRUE
Loading required package: sp

Attaching package: ‘raster’

The following object is masked from ‘package:dplyr’:

    select

The following objects are masked from ‘package:ctmm’:

    projection, projection<-

terra 1.7.78

Attaching package: ‘terra’

The following object is masked from ‘package:tidyr’:

    extract

The following objects are masked from ‘package:ctmm’:

    distance, meta

[1] "/home/u15/mmercer3/proj/habitat_analysis_class/Final/Model_Fit_Results/Wyatt_rr.Rda"
     [,1]                                
[1,] "Data loaded at 2024-11-16 05:44:53"
Reading layer `major' from data source 
  `/home/u15/mmercer3/proj/habitat_analysis_class/Final/Major_Roads' 
  using driver `ESRI Shapefile'
Simple feature collection with 411 features and 7 fields
Geometry type: LINESTRING
Dimension:     XY
Bounding box:  xmin: 477946 ymin: 3545735 xmax: 511807.9 ymax: 3592212
Projected CRS: WGS 84 / UTM zone 12N
     [,1]                                 
[1,] "Roads loaded at 2024-11-16 05:44:53"
Default grid size of 40.0333333333333 minutes chosen for bandwidth(...,fast=TRUE).
|---------|---------|---------|---------|=========================================                                          [1] 1681968
[1] 1681968
Starting buffer 30 
Maximizing likelihood @ n=1×3261=3261
 SD[log(ℓ)] = 10.8054447388739
 Δlog(ℓ) = Inf
 Δβ/SD[β] = 1.8931414379323 0.0204138671455875 -0.0461011878593656 -1.28239707515085 -0.271194622690687 -0.110887573845633
Maximizing likelihood @ n=2×3261=6522
 SD[log(ℓ)] = 8.68962184592853
 Δlog(ℓ) = 21.1536833055783
 Δβ/SD[β] = 1.07488830573654 0.115200191895845 -0.156144988389875 -0.403852304741635 1.09277420380801 -0.325529370255178
Maximizing likelihood @ n=4×3261=13044
 SD[log(ℓ)] = 6.83922257464616
 Δlog(ℓ) = 18.3964870351741
 Δβ/SD[β] = -0.0146717560764658 1.13150711495147 -0.346050969918869 -1.64916977442168 1.04821832660282 -0.44829892308515
Maximizing likelihood @ n=8×3261=26088
 SD[log(ℓ)] = 5.23146478523396
 Δlog(ℓ) = 11.009349125285
 Δβ/SD[β] = 0.960421308612676 0.463790178355174 0.0693102497078558 -1.29747226322825 0.282268455413422 0.495931749303522
Maximizing likelihood @ n=16×3261=52176
 SD[log(ℓ)] = 3.94035536281236
 Δlog(ℓ) = 15.0971504737741
 Δβ/SD[β] = 0.442258758097774 0.0772032162832625 0.0583588997602638 -0.875402620475946 0.412443374283447 0.0463485074062808
Maximizing likelihood @ n=32×3261=104352
 SD[log(ℓ)] = 2.90909737873231
 Δlog(ℓ) = 5.47421688877392
 Δβ/SD[β] = 0.222037495411453 0.22461918280358 0.0434450793015099 -0.179289596844957 0.271984944936487 0.0105813170297121
Maximizing likelihood @ n=64×3261=208704
 SD[log(ℓ)] = 2.0867914120907
 Δlog(ℓ) = -2.63299584270851
 Δβ/SD[β] = -0.0313919310190665 -0.00341006970313809 -0.0171388896593763 0.014524427887827 -0.0968848306062093 -0.0372089891063617
Maximizing likelihood @ n=128×3261=417408
 SD[log(ℓ)] = 1.55256208043747
 Δlog(ℓ) = -2.81621077669618
 Δβ/SD[β] = -0.111720096494047 -0.135444891083891 -0.0727230798808898 0.117838490250163 -0.0450186349656512 -0.0133478449348936
Maximizing likelihood @ n=256×3261=834816
 SD[log(ℓ)] = 1.48095913480131
 Δlog(ℓ) = -2.24480209292076
 Δβ/SD[β] = 0.0325492958711975 -0.0433867105622758 0.0490757489388367 0.88675790776962 0.0261604208039998 0.11075897498578
Maximizing likelihood @ n=512×3261=1669632
 SD[log(ℓ)] = 0.987151390691262
 Δlog(ℓ) = 2.10595417743772
 Δβ/SD[β] = 0.00495759645257437 -0.129687416470698 0.0309821868348552 -0.349791183614289 0.0192268353556053 -0.00653255500212793
Maximizing likelihood @ n=1024×3261=3339264
 SD[log(ℓ)] = 0.650282289029436
 Δlog(ℓ) = 0.853232615169503
 Δβ/SD[β] = -0.00266768117335428 0.030031679180106 0.0216327625858265 -0.299373396937264 0.00472268763411077 -0.00784211571360497
Maximizing likelihood @ n=2048×3261=6678528
 SD[log(ℓ)] = 0.429056057194124
 Δlog(ℓ) = 0.173449549897725
 Δβ/SD[β] = 0.020861941918027 -0.00243909531139846 -0.0406021609157858 -0.0866103602927121 -0.0145588995157205 0.0214179539046973
Maximizing likelihood @ n=4096×3261=13357056
 SD[log(ℓ)] = 0.29213637605578
 Δlog(ℓ) = 0.267555856550075
 Δβ/SD[β] = 0.018546104251416 -0.00316652819500619 -0.0162793757056603 -0.0400447807454945 0.020647101473882 0.00946598665531949
Calculating Hessian
Maximizing likelihood @ n=1×3261=3261
 SD[log(ℓ)] = 10.1627896993869
 Δlog(ℓ) = Inf
 Δβ/SD[β] = -0.306429942161703 0.0397830808612459 -0.0485476589613201 -1.23354898559404 -0.275583895105723 -0.0764314001369452
Maximizing likelihood @ n=2×3261=6522
 SD[log(ℓ)] = 8.43837834951511
 Δlog(ℓ) = 26.5327199325674
 Δβ/SD[β] = -0.0516601299888321 -0.095081981155285 -0.0752896506939613 -0.141439649168977 0.20180903548435 -0.222570739244221
Maximizing likelihood @ n=4×3261=13044
 SD[log(ℓ)] = 6.55016357479237
 Δlog(ℓ) = 13.0407462044254
 Δβ/SD[β] = -0.314375817349769 -0.71975859949308 -0.874450337862793 -0.0202880318811069 0.0813624154617649 -0.342896054814016
Maximizing likelihood @ n=8×3261=26088
 SD[log(ℓ)] = 5.0961760454158
 Δlog(ℓ) = 16.0369976167237
 Δβ/SD[β] = -0.249179311744559 0.487811771468809 -0.0298749330113617 -0.145188328401715 0.0596994923377152 -0.0799951212932158
Maximizing likelihood @ n=16×3261=52176
 SD[log(ℓ)] = 3.84724061991949
 Δlog(ℓ) = 8.45212457113919
 Δβ/SD[β] = -0.121260007953454 0.298697827567493 -0.0214382910604646 -0.0680062337423275 0.0297433750507869 0.0156880238203404
Maximizing likelihood @ n=32×3261=104352
 SD[log(ℓ)] = 2.82765912102598
 Δlog(ℓ) = 5.42152930614409
 Δβ/SD[β] = -0.418008009588862 0.294466554157132 0.00433989101761784 -0.0489106368766235 0.00355326793001647 -0.0659724656428159
Maximizing likelihood @ n=64×3261=208704
 SD[log(ℓ)] = 2.04808840750539
 Δlog(ℓ) = 1.1279166793793
 Δβ/SD[β] = -0.181206037279789 0.13117943958846 0.0126638067218913 -0.0138879846839704 0.00347809454547597 0.00863063072007052
Maximizing likelihood @ n=128×3261=417408
 SD[log(ℓ)] = 1.44156884324383
 Δlog(ℓ) = -1.56550922274661
 Δβ/SD[β] = -0.325708175267288 0.369015129185452 -0.0993434552667845 0.00612609782061581 0.00935728457162715 -0.0144186324734447
Maximizing likelihood @ n=256×3261=834816
 SD[log(ℓ)] = 1.04041848407732
 Δlog(ℓ) = 2.37340596370797
 Δβ/SD[β] = -0.0153577867670071 0.130052898589727 -0.016661077540969 -0.182220495675683 -0.0296427362151996 -0.0333753569025758
Maximizing likelihood @ n=512×3261=1669632
 SD[log(ℓ)] = 0.739847456619076
 Δlog(ℓ) = 0.625346303144966
 Δβ/SD[β] = -0.0103384002217526 0.0221514743093109 0.00324317703646739 -0.0358240608866165 0.0467992763476153 0.0410318621488471
Maximizing likelihood @ n=1024×3261=3339264
 SD[log(ℓ)] = 0.547685358282831
 Δlog(ℓ) = 0.372126018717211
 Δβ/SD[β] = -0.0209476581805388 0.0128465087769147 0.00213456711486414 -0.0393891589403933 -0.0295248754514173 0.0249225268686841
Maximizing likelihood @ n=2048×3261=6678528
 SD[log(ℓ)] = 0.381230213447342
 Δlog(ℓ) = -0.0724420946112616
 Δβ/SD[β] = -0.0493976949407008 0.0724109033159796 0.000156029166838662 0.042866708227574 0.0312741829791554 0.0366113518828146
Maximizing likelihood @ n=4096×3261=13357056
 SD[log(ℓ)] = 0.266289698295657
 Δlog(ℓ) = 0.808912601314375
 Δβ/SD[β] = -0.0378648215875399 0.1296785425547 -0.0425025903969232 -0.0587044662852986 -0.0591599076597438 -0.0193963745409662
Calculating Hessian
Maximizing likelihood @ n=1×3261=3261
 SD[log(ℓ)] = 10.6097859245691
 Δlog(ℓ) = Inf
 Δβ/SD[β] = -0.427172735388656 0.0133821909068529 -0.101792079993945 -1.22232647805761 -0.234716111150674 -0.10351061955969
Maximizing likelihood @ n=2×3261=6522
 SD[log(ℓ)] = 8.9118929134889
 Δlog(ℓ) = 51.6667524810012
 Δβ/SD[β] = -11.604381227596 -0.570247523125974 0.773397313549619 -0.290553369202856 0.0137667417696688 -0.0715290798422032
Maximizing likelihood @ n=4×3261=13044
 SD[log(ℓ)] = 7.03123200047334
 Δlog(ℓ) = 20.6233887301508
 Δβ/SD[β] = -0.452391727202048 0.462238927620155 0.726655824611426 -0.127918927273759 0.055854783781039 0.332388763673589
Maximizing likelihood @ n=8×3261=26088
 SD[log(ℓ)] = 5.30305461574294
 Δlog(ℓ) = 6.44788711646208
 Δβ/SD[β] = -0.272645643820329 0.228712912207811 0.180884174547785 -0.909132315151814 0.375301554611916 0.297874791841836
Maximizing likelihood @ n=16×3261=52176
 SD[log(ℓ)] = 3.96946132489007
 Δlog(ℓ) = 6.2792358352672
 Δβ/SD[β] = 0.0131838700027913 -0.00193995625894448 -0.00372050266029538 -0.0596335514568414 0.0308587288359254 -0.0259294682664665
Maximizing likelihood @ n=32×3261=104352
 SD[log(ℓ)] = 2.90654877053746
 Δlog(ℓ) = 8.03271126540415
 Δβ/SD[β] = -0.0292429016769802 -0.104560251429404 0.214891083918232 -0.704563682121443 0.216742085291526 -0.836625899198315
Maximizing likelihood @ n=64×3261=208704
 SD[log(ℓ)] = 2.10612059274995
 Δlog(ℓ) = 0.00825645082761639
 Δβ/SD[β] = -0.00108081907218391 -0.0261255939372201 0.0105482735858152 -0.186438913213046 -0.0134260301404081 -0.192674195959728
Maximizing likelihood @ n=128×3261=417408
 SD[log(ℓ)] = 1.51761919883371
 Δlog(ℓ) = 4.25838236206971
 Δβ/SD[β] = -0.10265915347098 -0.00229211312694119 -0.0144529402279631 -0.404710113309469 0.0425060944722405 -0.136643341496707
Maximizing likelihood @ n=256×3261=834816
 SD[log(ℓ)] = 1.07615550539614
 Δlog(ℓ) = -0.454364844936947
 Δβ/SD[β] = -0.0780016625134337 0.0600568438026534 -0.057120715781073 -0.0358862625429962 0.0221711164649795 -0.0821815472936002
Maximizing likelihood @ n=512×3261=1669632
 SD[log(ℓ)] = 0.76599872885768
 Δlog(ℓ) = -1.03570262298933
 Δβ/SD[β] = 0.0041050781825842 0.000521538999303723 -0.0132395251752458 0.0421063909621515 -0.0240883023365981 -0.000773709062723889
Maximizing likelihood @ n=1024×3261=3339264
 SD[log(ℓ)] = 0.546658065814738
 Δlog(ℓ) = -0.258748699055218
 Δβ/SD[β] = -0.000822226851290126 0.00821660590633517 0.0082589362421711 0.0305154058204562 -0.0158423648128166 -0.00248626168373848
Maximizing likelihood @ n=2048×3261=6678528
 SD[log(ℓ)] = 0.386951812564896
 Δlog(ℓ) = -0.037451687131238
 Δβ/SD[β] = -0.0133353841643019 0.018348998755945 0.0213351119813315 -0.0344069735461056 -0.00063441621880616 -0.0170569502902087
Maximizing likelihood @ n=4096×3261=13357056
 SD[log(ℓ)] = 0.274157600897368
 Δlog(ℓ) = -0.210068717712602
 Δβ/SD[β] = -0.00388029097505972 0.00324085770484751 0.00992004497741706 0.0325978835534444 -0.0230429523207315 -0.0207211049905442
Calculating Hessian
Maximizing likelihood @ n=1×3261=3261
 SD[log(ℓ)] = 11.4744664754275
 Δlog(ℓ) = Inf
 Δβ/SD[β] = 17.5734320382127 0.969233505656622 -1.45330714458073 -68.5286395071779 -2.64997611606548 -5.28641608412345
Maximizing likelihood @ n=2×3261=6522
 SD[log(ℓ)] = 9.48984802168115
 Δlog(ℓ) = 34.4411981547367
 Δβ/SD[β] = 0.968163167749801 -1.16325941958322 0.256793400884806 -0.75703614952681 2.23514160732167 -1.79101460041063
Maximizing likelihood @ n=4×3261=13044
 SD[log(ℓ)] = 7.48074352000377
 Δlog(ℓ) = 22.1323897648003
 Δβ/SD[β] = 0.670118684145547 -0.0381022037165082 0.319078750593782 -1.43626295021337 0.983072311224632 0.371396131819477
Maximizing likelihood @ n=8×3261=26088
 SD[log(ℓ)] = 5.74209134073503
 Δlog(ℓ) = 14.8914555162971
 Δβ/SD[β] = 0.553580110012725 -0.065912528386779 -0.0860814298868161 -1.43726028846714 0.507047047096847 -0.267685671509422
Maximizing likelihood @ n=16×3261=52176
 SD[log(ℓ)] = 4.33407728764328
 Δlog(ℓ) = 8.20307579939492
 Δβ/SD[β] = 0.167264979670911 -0.0193947093222187 -0.0358378207559814 -0.746446873605764 0.276017903494309 -0.0857349664482886
Maximizing likelihood @ n=32×3261=104352
 SD[log(ℓ)] = 3.16235091778984
 Δlog(ℓ) = -0.00928146118923223
 Δβ/SD[β] = 0.225150085997432 -0.00657464878368897 0.0649801537234152 0.080696175918534 0.181200731928712 -0.0645938601572933
Maximizing likelihood @ n=64×3261=208704
 SD[log(ℓ)] = 2.29401957192927
 Δlog(ℓ) = -0.709140381580823
 Δβ/SD[β] = 0.252173470603676 0.0636877100630554 -0.101877163387228 0.0722936022893602 0.0580002443270789 0.113288530043638
Maximizing likelihood @ n=128×3261=417408
 SD[log(ℓ)] = 1.68122722935157
 Δlog(ℓ) = 1.59685734457906
 Δβ/SD[β] = 0.19509076819305 0.00942100341366862 0.00154204659620172 -0.0123149505317821 0.0883725650419294 0.226462555027252
Maximizing likelihood @ n=256×3261=834816
 SD[log(ℓ)] = 1.2385030951148
 Δlog(ℓ) = 1.82666438609783
 Δβ/SD[β] = 0.0222702526194392 -0.0163485200903265 -0.0430270407233589 -0.0856274381536603 -0.0211934369389895 0.00247811715143389
Maximizing likelihood @ n=512×3261=1669632
 SD[log(ℓ)] = 0.866533847088959
 Δlog(ℓ) = 0.700470516401651
 Δβ/SD[β] = 0.064983380437204 -0.0197914575660923 -0.0199134582747269 -0.2034913049013 0.0290553600356774 -0.0553802762140448
Maximizing likelihood @ n=1024×3261=3339264
 SD[log(ℓ)] = 0.601983021951388
 Δlog(ℓ) = 1.09969605808936
 Δβ/SD[β] = -0.0218367038834241 -0.0292695320466978 -0.00858930124665846 -0.14742583946616 0.0338686747942743 -0.0496556965559208
Maximizing likelihood @ n=2048×3261=6678528
 SD[log(ℓ)] = 0.422787522066892
 Δlog(ℓ) = 0.515062387178773
 Δβ/SD[β] = -0.00511750789310127 0.0179804581878143 -0.0274867462163346 -0.0250888451620884 0.0196066274776561 -0.0112060406221493
Maximizing likelihood @ n=4096×3261=13357056
 SD[log(ℓ)] = 0.298182171310466
 Δlog(ℓ) = -0.0516207570022402
 Δβ/SD[β] = 0.0072957645974896 0.000597640453708215 -0.0472570412154317 0.00497339311123452 -0.0288647041563782 -0.0338029694455083
Calculating Hessian
Starting buffer 750 
Maximizing likelihood @ n=1×3261=3261
 SD[log(ℓ)] = 9.79937846850771
 Δlog(ℓ) = Inf
 Δβ/SD[β] = 2.3442769918648 0.638981686065568 -1.83439180126964 -61.0249012803606 -4.7662860290908 -3.42953347332397
Maximizing likelihood @ n=2×3261=6522
 SD[log(ℓ)] = 8.0837459628478
 Δlog(ℓ) = 26.9238880076998
 Δβ/SD[β] = 0.0472106109342119 0.2720223882075 -0.0787640245074496 -0.0994701240036409 0.200962681389782 -0.0943838062931125
Maximizing likelihood @ n=4×3261=13044
 SD[log(ℓ)] = 6.45694865415678
 Δlog(ℓ) = 21.9486188355087
 Δβ/SD[β] = 0.202232202180969 0.469617851495107 -0.245930674379473 -0.2460485155935 0.0870954763049324 0.0288332815895653
Maximizing likelihood @ n=8×3261=26088
 SD[log(ℓ)] = 5.09104218371621
 Δlog(ℓ) = 20.2837932667524
 Δβ/SD[β] = 0.0616462815706758 0.546214312954421 -0.210569409294049 -0.169443690556872 0.0504270261417477 -0.14768045797173
Maximizing likelihood @ n=16×3261=52176
 SD[log(ℓ)] = 3.86351742417081
 Δlog(ℓ) = 12.9391489989655
 Δβ/SD[β] = 0.381529145238531 0.000817779900446976 -0.169339464761861 -0.786080821599278 0.506543908019547 -0.442956348192835
Maximizing likelihood @ n=32×3261=104352
 SD[log(ℓ)] = 2.8179924412467
 Δlog(ℓ) = 2.02931909214166
 Δβ/SD[β] = -0.0199041039400504 -0.0790727107161992 -0.0161340823542982 -0.63990849933756 0.00362797763768047 -0.265075089536126
Maximizing likelihood @ n=64×3261=208704
 SD[log(ℓ)] = 2.00597207771651
 Δlog(ℓ) = 0.716031920385632
 Δβ/SD[β] = 0.0936083922475909 0.0703325570516388 -0.0925093903131656 -0.267623712018455 0.0208303875691408 0.0271324117130257
Maximizing likelihood @ n=128×3261=417408
 SD[log(ℓ)] = 1.44249241642649
 Δlog(ℓ) = -1.88022722088999
 Δβ/SD[β] = 0.0508830489118852 -0.0653855374967786 -0.0124926865463143 0.266577937009606 0.0295709962819253 -0.0117032220919125
Maximizing likelihood @ n=256×3261=834816
 SD[log(ℓ)] = 1.02126165489785
 Δlog(ℓ) = 0.714970090714019
 Δβ/SD[β] = -0.0249647186671233 -0.0206545673527966 0.0134710523753064 -0.0793191205518325 0.0133320132670126 0.00174042267905248
Maximizing likelihood @ n=512×3261=1669632
 SD[log(ℓ)] = 0.732035301103091
 Δlog(ℓ) = 0.256029788925844
 Δβ/SD[β] = 0.0128808658313041 0.102900050158089 0.0971205091603857 -0.0428863424270402 -0.0345133416035578 0.0816013614116482
Maximizing likelihood @ n=1024×3261=3339264
 SD[log(ℓ)] = 0.538463590090103
 Δlog(ℓ) = 0.0931180674330392
 Δβ/SD[β] = -0.0108300104249221 -0.00538488939409231 0.000296483303564517 0.0547264618806911 -0.00497534487830746 -0.00775517762349637
Maximizing likelihood @ n=2048×3261=6678528
 SD[log(ℓ)] = 0.376694380153195
 Δlog(ℓ) = 0.435116168909246
 Δβ/SD[β] = 0.000965324249734407 0.0392068015771285 -0.00408534094672012 -0.0530346563662006 0.0017846707276223 -0.0420490773823589
Maximizing likelihood @ n=4096×3261=13357056
 SD[log(ℓ)] = 0.261953646577757
 Δlog(ℓ) = 0.0954317780667679
 Δβ/SD[β] = 0.0247345887723635 0.199926049631717 -0.0185478926938821 0.0291792874019603 0.0184272541067892 -0.144091146339707
Calculating Hessian
Maximizing likelihood @ n=1×3261=3261
 SD[log(ℓ)] = 10.3470160346204
 Δlog(ℓ) = Inf
 Δβ/SD[β] = 2.26970581569467 0.843921420914847 -2.07640263418125 -62.6755602885808 -5.08963661660248 -3.1196364523551
Maximizing likelihood @ n=2×3261=6522
 SD[log(ℓ)] = 8.55609266258431
 Δlog(ℓ) = 31.210116168798
 Δβ/SD[β] = 0.540977358655788 0.517843269595754 -0.477140540422956 -2.12469072863269 1.67812427815483 -0.422438944014641
Maximizing likelihood @ n=4×3261=13044
 SD[log(ℓ)] = 6.33731905301577
 Δlog(ℓ) = -1.33812479264316
 Δβ/SD[β] = -0.36021503641341 0.0910000780422345 -0.398893270146436 1.27520904459352 0.909246088280842 0.0990938743757968
Maximizing likelihood @ n=8×3261=26088
 SD[log(ℓ)] = 4.89951080299617
 Δlog(ℓ) = 12.9518836995021
 Δβ/SD[β] = -0.0726611674252193 0.174988806288953 -0.0145825176975239 -0.134279236287317 0.0496897561792073 -0.172036431533944
Maximizing likelihood @ n=16×3261=52176
 SD[log(ℓ)] = 3.71834343066018
 Δlog(ℓ) = 10.1796743396278
 Δβ/SD[β] = -0.211511452972924 1.0140512682815 -0.141604139672626 -1.20821073830073 0.159084946192408 -0.309243780555474
Maximizing likelihood @ n=32×3261=104352
 SD[log(ℓ)] = 2.75926017269282
 Δlog(ℓ) = 7.41087636183303
 Δβ/SD[β] = 0.202937589305129 -0.01562058896784 0.156877053794861 -0.543255985208718 0.218836294275277 0.0105787533093733
Maximizing likelihood @ n=64×3261=208704
 SD[log(ℓ)] = 2.00092093466235
 Δlog(ℓ) = 5.66113675009598
 Δβ/SD[β] = 0.134981537700476 -0.0181845844003306 -0.178872597106651 -0.615491316829141 0.128730927942434 -0.119169515038915
Maximizing likelihood @ n=128×3261=417408
 SD[log(ℓ)] = 1.42655542249871
 Δlog(ℓ) = 1.80223325169393
 Δβ/SD[β] = 0.0772972163967772 0.185558369274062 0.028358447269501 -0.215605140487651 0.056317209630703 -0.0198810522628099
Maximizing likelihood @ n=256×3261=834816
 SD[log(ℓ)] = 1.02471174195292
 Δlog(ℓ) = 1.44795904599417
 Δβ/SD[β] = 0.0163419405955549 0.0943684977419036 -0.0382116319128081 -0.250451656155278 -0.0159067201439572 0.0556707026718547
Maximizing likelihood @ n=512×3261=1669632
 SD[log(ℓ)] = 0.733718012025998
 Δlog(ℓ) = -0.35822711288418
 Δβ/SD[β] = -0.00812303474234106 0.0200961647809248 -0.0229572710329275 0.0739331526132845 0.0119012748307061 -0.00657272819598389
Maximizing likelihood @ n=1024×3261=3339264
 SD[log(ℓ)] = 0.536113364530852
 Δlog(ℓ) = -0.418365183975538
 Δβ/SD[β] = 0.0128120139696977 0.00653505977987746 0.00497719668044682 0.0547419746169802 -0.00125932680275878 -0.0144920780277113
Maximizing likelihood @ n=2048×3261=6678528
 SD[log(ℓ)] = 0.376551103410427
 Δlog(ℓ) = 0.229324033874065
 Δβ/SD[β] = 0.0414873821480168 0.0676840623238774 -0.000120443297533519 -0.0255516694106618 0.0293985420072408 -0.0780375975501993
Maximizing likelihood @ n=4096×3261=13357056
 SD[log(ℓ)] = 0.265033436719027
 Δlog(ℓ) = 0.321021526440973
 Δβ/SD[β] = 0 0 0 0 0 0
Calculating Hessian
Maximizing likelihood @ n=1×3261=3261
 SD[log(ℓ)] = 10.6198212043827
 Δlog(ℓ) = Inf
 Δβ/SD[β] = 2.21878231294504 1.91362000276587 -2.71037372135555 -51.3451392103197 -4.52483128682703 -2.29155236552755
Maximizing likelihood @ n=2×3261=6522
 SD[log(ℓ)] = 8.75983337405762
 Δlog(ℓ) = 29.7939268116545
 Δβ/SD[β] = -0.130555041001071 0.0194280893491897 -0.306175999883687 -1.41074468035163 1.87865536341242 -1.51392791483293
Maximizing likelihood @ n=4×3261=13044
 SD[log(ℓ)] = 6.83157822996325
 Δlog(ℓ) = 14.64337839835
 Δβ/SD[β] = 0.0957665436707342 -0.325854666656015 -0.284833140480293 -0.792863157160588 0.9181590397247 -0.314803439275713
Maximizing likelihood @ n=8×3261=26088
 SD[log(ℓ)] = 5.27308745668919
 Δlog(ℓ) = 13.521855165458
 Δβ/SD[β] = 0.155974187720585 0.110542810455884 -0.0122174788053111 -0.127586965086178 0.037806957739537 -0.273432075005339
Maximizing likelihood @ n=16×3261=52176
 SD[log(ℓ)] = 3.90121679830833
 Δlog(ℓ) = 3.68398525189681
 Δβ/SD[β] = -0.134014393950355 0.152378625189775 0.0429173433003229 -0.027972621363998 0.012732557871971 -0.00818210925793156
Maximizing likelihood @ n=32×3261=104352
 SD[log(ℓ)] = 2.80048922498359
 Δlog(ℓ) = -1.84079014444066
 Δβ/SD[β] = 0.0302785322201013 -0.11409463995866 -0.0405336368769623 -0.166247168895021 0.00163285979321821 -0.143810099837471
Maximizing likelihood @ n=64×3261=208704
 SD[log(ℓ)] = 2.01712154506673
 Δlog(ℓ) = -0.81102848235318
 Δβ/SD[β] = 0.0313917124483099 0.0903985777145853 -0.189551879681134 -0.176517065043548 -0.0491289094166748 -0.272900227895367
Maximizing likelihood @ n=128×3261=417408
 SD[log(ℓ)] = 1.43205333609299
 Δlog(ℓ) = -0.536850716434429
 Δβ/SD[β] = -0.0062405828636782 -0.0296544485254903 -0.00681101966032489 0.0527654936792408 0.0322631628833547 -0.0100410143292881
Maximizing likelihood @ n=256×3261=834816
 SD[log(ℓ)] = 1.02033237286914
 Δlog(ℓ) = -1.32417756670446
 Δβ/SD[β] = 0.0192985472702266 -0.00463346864141763 -0.0177514081128361 0.0774252307017814 -0.0204159159267779 0.0247553530133161
Maximizing likelihood @ n=512×3261=1669632
 SD[log(ℓ)] = 0.726002162860556
 Δlog(ℓ) = -0.347879147684409
 Δβ/SD[β] = -0.00884315874305132 -0.00761059168811921 0.00867555964803573 0.0486653146426034 0.0314926232333321 0.0449237072353684
Maximizing likelihood @ n=1024×3261=3339264
 SD[log(ℓ)] = 0.523850121942351
 Δlog(ℓ) = 0.510596734644253
 Δβ/SD[β] = -0.00596055553743968 -0.0049604658652361 -0.0137029171896594 0.0174487457148132 0.0175157719050616 0.0423099946156123
Maximizing likelihood @ n=2048×3261=6678528
 SD[log(ℓ)] = 0.373340879055205
 Δlog(ℓ) = 0.340676198015359
 Δβ/SD[β] = 0.0146568645748184 0.00659619250716013 -0.00977510843633857 -0.0444564163346578 -0.0215141277764322 0.0194467056249902
Maximizing likelihood @ n=4096×3261=13357056
 SD[log(ℓ)] = 0.26209369985607
 Δlog(ℓ) = 0.28738805263643
 Δβ/SD[β] = -0.00635630546745559 0.0218882852615947 -0.00757941913182034 -0.0249586472083357 0.0154513275896613 0.0042488281344657
Calculating Hessian
Maximizing likelihood @ n=1×3261=3261
 SD[log(ℓ)] = 10.305055942465
 Δlog(ℓ) = Inf
 Δβ/SD[β] = -2.68229214169912 3.25424334716652 -2.74069538030149 -63.4747179575842 -4.96639816966031 -4.23326073494033
Maximizing likelihood @ n=2×3261=6522
 SD[log(ℓ)] = 8.78966686709255
 Δlog(ℓ) = 40.3101654988244
 Δβ/SD[β] = -0.889352740510481 -0.14328250050407 -0.518281586531384 -2.52528910667512 1.63593320654919 -0.0648729446034391
Maximizing likelihood @ n=4×3261=13044
 SD[log(ℓ)] = 6.6789434821686
 Δlog(ℓ) = 4.30781272038718
 Δβ/SD[β] = -0.699615617937173 -0.45576196116917 -0.11763102701588 0.0262527533201108 0.0624640607687346 0.0695483718098254
Maximizing likelihood @ n=8×3261=26088
 SD[log(ℓ)] = 5.24165413374948
 Δlog(ℓ) = 19.3847088894865
 Δβ/SD[β] = -0.409193077491997 0.540187827706254 -0.153504269664885 -0.126181700677745 0.059326956487203 -0.0136488540235069
Maximizing likelihood @ n=16×3261=52176
 SD[log(ℓ)] = 3.90571837313044
 Δlog(ℓ) = 3.62443940163863
 Δβ/SD[β] = -0.89163304231501 -0.145804065804964 0.188078126121876 -0.15712436961805 0.193090100955773 -0.55455906065593
Maximizing likelihood @ n=32×3261=104352
 SD[log(ℓ)] = 2.78489209525384
 Δlog(ℓ) = -1.12609042674748
 Δβ/SD[β] = -0.0762401012329621 0.0623365802018914 0.0404497654460134 -0.1010021474088 -0.0520186334702797 0.0377058681941573
Maximizing likelihood @ n=64×3261=208704
 SD[log(ℓ)] = 2.02745776247607
 Δlog(ℓ) = -1.73863220970495
 Δβ/SD[β] = -0.322104681628249 0.135952650760876 0.0113627230150584 0.101026356854029 0.0713648839033684 -0.0618493558748402
Maximizing likelihood @ n=128×3261=417408
 SD[log(ℓ)] = 1.45528480329413
 Δlog(ℓ) = 3.97259707038575
 Δβ/SD[β] = -0.990750437430944 0.383548100389688 -0.163683202037706 0.0413246785158122 -0.143445577263283 0.0953489361767515
Maximizing likelihood @ n=256×3261=834816
 SD[log(ℓ)] = 1.01926550992029
 Δlog(ℓ) = -0.349170652546746
 Δβ/SD[β] = -0.161159408418833 0.133269815718024 0.049564389917474 0.0584451448875272 -0.062581137539653 0.0673064535336772
Maximizing likelihood @ n=512×3261=1669632
 SD[log(ℓ)] = 0.732685272263982
 Δlog(ℓ) = 0.882100369429196
 Δβ/SD[β] = -0.0922766643721692 -0.00862197112038481 0.0312087169546042 -0.106691243801365 0.0738777858884789 -0.133686328076573
Maximizing likelihood @ n=1024×3261=3339264
 SD[log(ℓ)] = 0.516837119804945
 Δlog(ℓ) = 0.315389368058192
 Δβ/SD[β] = -0.141976730466765 0.104953767940649 0.00726826707590309 -0.00033785138935174 -0.0203440103356079 -0.109169365517644
Maximizing likelihood @ n=2048×3261=6678528
 SD[log(ℓ)] = 0.36467455676196
 Δlog(ℓ) = 0.202232297595373
 Δβ/SD[β] = -0.0187423885751061 0.0292785317384611 -0.0385753245632729 -0.0114203666633653 0.0392620257709682 0.00233773381122064
Maximizing likelihood @ n=4096×3261=13357056
 SD[log(ℓ)] = 0.258486125091504
 Δlog(ℓ) = 0.224352574824337
 Δβ/SD[β] = -0.00424997143397289 -0.00789326807112242 -0.0447716993145475 -0.0247641443006932 -0.0271342430063956 -0.0301616980164515
Calculating Hessian
Starting buffer 1500 
Maximizing likelihood @ n=1×3261=3261
 SD[log(ℓ)] = 9.81730154127844
 Δlog(ℓ) = Inf
 Δβ/SD[β] = 0.653244116787433 1.77222029773658 -2.60405480998253 -65.3449788311076 -4.65128288690602 -2.8273432905051
Maximizing likelihood @ n=2×3261=6522
 SD[log(ℓ)] = 8.59901531818304
 Δlog(ℓ) = 50.2882574522147
 Δβ/SD[β] = 0.479400625073993 -0.157400475943313 -1.06080132577346 -3.06659059773668 1.92131606484106 -1.3257388513438
Maximizing likelihood @ n=4×3261=13044
 SD[log(ℓ)] = 6.8670102355933
 Δlog(ℓ) = 25.5598490910769
 Δβ/SD[β] = 0.326551738404003 0.00938344080415122 -0.0678788700194815 -1.83942911402037 0.602578748445624 -0.307302638332391
Maximizing likelihood @ n=8×3261=26088
 SD[log(ℓ)] = 5.18732782411375
 Δlog(ℓ) = 3.73662525243904
 Δβ/SD[β] = -0.0894650342492062 0.15246666869484 -0.0606680621788473 -0.952670252400561 0.27829491864141 0.117864127797679
Maximizing likelihood @ n=16×3261=52176
 SD[log(ℓ)] = 3.78043504629891
 Δlog(ℓ) = 1.03061779238797
 Δβ/SD[β] = -0.0156528860989413 0.186396579519766 0.0936318038220472 -0.302810435724244 0.26147619839875 0.209545716585631
Maximizing likelihood @ n=32×3261=104352
 SD[log(ℓ)] = 2.76848661284631
 Δlog(ℓ) = 4.50473337597663
 Δβ/SD[β] = 0.0866478048800255 1.08336037945343 0.137155997802483 -0.218561729151161 0.122793206206862 -0.29862050691528
Maximizing likelihood @ n=64×3261=208704
 SD[log(ℓ)] = 2.00102251381605
 Δlog(ℓ) = 1.45616118916752
 Δβ/SD[β] = 0.0108679688711158 -0.0101105703725895 0.0128961525321561 -0.0488197559068918 0.0565613590036601 -0.0215630763629311
Maximizing likelihood @ n=128×3261=417408
 SD[log(ℓ)] = 1.46116621216176
 Δlog(ℓ) = 1.95814268863711
 Δβ/SD[β] = 0.0585912906244688 -0.0362769784959141 -0.128396356103875 -0.196128683013009 0.0289728085842564 -0.106566741491187
Maximizing likelihood @ n=256×3261=834816
 SD[log(ℓ)] = 1.03173043315341
 Δlog(ℓ) = -2.12776774244588
 Δβ/SD[β] = 0.0145688446025439 -0.016978623947517 0.0192484404830831 0.0674929337680472 -0.0184317270584043 -0.0143452946858949
Maximizing likelihood @ n=512×3261=1669632
 SD[log(ℓ)] = 0.727964333042399
 Δlog(ℓ) = -0.0559962141314827
 Δβ/SD[β] = -0.0071609790453243 0.000793638859819526 0.0211537343616293 0.0344236671431725 0.00493114786748869 -0.0115914284906802
Maximizing likelihood @ n=1024×3261=3339264
 SD[log(ℓ)] = 0.51686188164244
 Δlog(ℓ) = 0.150369897318456
 Δβ/SD[β] = -0.00179774067053658 -0.00390262892232794 0.00453805561101516 -0.0251393371264823 -0.00241060964210124 -0.0197005200777516
Maximizing likelihood @ n=2048×3261=6678528
 SD[log(ℓ)] = 0.366006361083142
 Δlog(ℓ) = 0.246104210267163
 Δβ/SD[β] = -0.0123322006469251 -0.020657818958185 0.0267761521951452 0.0358856796728747 -0.00504893339967428 -0.0529809313222333
Maximizing likelihood @ n=4096×3261=13357056
 SD[log(ℓ)] = 0.259955163273562
 Δlog(ℓ) = 0.234387498813078
 Δβ/SD[β] = 0.0070603287461804 0.00268178104278959 -0.00912736839676872 -0.0389012775540047 0.012299535849224 -0.0249905029018921
Calculating Hessian
Maximizing likelihood @ n=1×3261=3261
 SD[log(ℓ)] = 10.3460005540915
 Δlog(ℓ) = Inf
 Δβ/SD[β] = -0.815292043474757 2.13260055523691 -1.79950159253122 -62.5222411151565 -4.28687045348468 -4.80928963146704
Maximizing likelihood @ n=2×3261=6522
 SD[log(ℓ)] = 8.72616614823302
 Δlog(ℓ) = 36.8562077655975
 Δβ/SD[β] = -0.374721311609492 0.304528513188021 -0.964381633269252 -2.02933857759021 1.6043103550826 -0.38853624276375
Maximizing likelihood @ n=4×3261=13044
 SD[log(ℓ)] = 6.91189928610174
 Δlog(ℓ) = 20.7077263777527
 Δβ/SD[β] = -0.201169582426098 -0.597670401046228 -0.2498412662997 -0.963155944664867 0.774609920049671 -0.103091372936769
Maximizing likelihood @ n=8×3261=26088
 SD[log(ℓ)] = 5.15056774905171
 Δlog(ℓ) = 1.90552226032105
 Δβ/SD[β] = -0.279571838133488 -0.703663547203548 0.0835211143703004 -0.15449554158673 0.723152425298151 -0.0830891021985609
Maximizing likelihood @ n=16×3261=52176
 SD[log(ℓ)] = 3.80803852381632
 Δlog(ℓ) = 4.02630113145793
 Δβ/SD[β] = 0.0846885790014693 0.0494695862749784 -0.000841239828963442 -0.533440445995304 0.0181148533499452 -0.0884258239311808
Maximizing likelihood @ n=32×3261=104352
 SD[log(ℓ)] = 2.74558538748819
 Δlog(ℓ) = 0.681069554381736
 Δβ/SD[β] = 0.0379668153342686 0.0692949473294035 -0.0693291142497948 -0.321946114864354 0.0851182858353592 0.00236372285234457
Maximizing likelihood @ n=64×3261=208704
 SD[log(ℓ)] = 1.98509080037762
 Δlog(ℓ) = 0.672251975256529
 Δβ/SD[β] = -0.0809532718937453 0.495175599768685 -0.0405392739845332 -0.238142583655157 0.0202766429446782 0.173059848359018
Maximizing likelihood @ n=128×3261=417408
 SD[log(ℓ)] = 1.45121559031811
 Δlog(ℓ) = 1.23359528067948
 Δβ/SD[β] = 0.119123259581456 0.376911032941348 0.207076977521149 0.0328560368015811 0.0697501059173656 -0.126712580242553
Maximizing likelihood @ n=256×3261=834816
 SD[log(ℓ)] = 1.03606141090877
 Δlog(ℓ) = -0.0784678398366339
 Δβ/SD[β] = 0.0150305841351579 0.0118709004135882 0.00524782364799892 0.0409433767167291 -0.0323168015862082 0.00348189303369645
Maximizing likelihood @ n=512×3261=1669632
 SD[log(ℓ)] = 0.730726110837635
 Δlog(ℓ) = 0.327170558616615
 Δβ/SD[β] = 0.0410594423864801 0.0210547508594679 0.0235536086830683 -0.0687356113083517 -0.005038722356486 -0.0385778548768928
Maximizing likelihood @ n=1024×3261=3339264
 SD[log(ℓ)] = 0.514937410177573
 Δlog(ℓ) = 0.056496573972538
 Δβ/SD[β] = -0.0107967173851268 0.0198269442331341 0.00551843170357843 0.0439209529796499 0.00989906356430924 -0.0198130191117539
Maximizing likelihood @ n=2048×3261=6678528
 SD[log(ℓ)] = 0.36518282213842
 Δlog(ℓ) = 0.0324312253440553
 Δβ/SD[β] = 0.00574153287842578 0.011560326030858 0.0146106870775489 -0.0279692893164757 -0.00655809236277798 -0.00585127164640108
Maximizing likelihood @ n=4096×3261=13357056
 SD[log(ℓ)] = 0.262926080224248
 Δlog(ℓ) = 0.249337771478793
 Δβ/SD[β] = -0.0125571868224654 0.0161963842940447 -0.016322384183642 0.0378408133464346 -0.00670000811479293 -0.0127589710877026
Calculating Hessian
Maximizing likelihood @ n=1×3261=3261
 SD[log(ℓ)] = 10.1516781002517
 Δlog(ℓ) = Inf
 Δβ/SD[β] = -3.04061563586916 0.823861004314356 -2.68381175874849 -60.8898867777608 -4.41568526834758 -3.55725914967081
Maximizing likelihood @ n=2×3261=6522
 SD[log(ℓ)] = 8.21193296092867
 Δlog(ℓ) = 21.2795143484288
 Δβ/SD[β] = 0.192578146605715 0.265959130396066 -0.733665559903479 -1.23981304754277 1.74880236206898 -0.932512654226708
Maximizing likelihood @ n=4×3261=13044
 SD[log(ℓ)] = 6.51655799068166
 Δlog(ℓ) = 19.8203316112106
 Δβ/SD[β] = -0.0208824158035262 -0.161550997047031 -0.423952621863128 -1.46046906368739 0.81286784109217 -0.438946904768828
Maximizing likelihood @ n=8×3261=26088
 SD[log(ℓ)] = 5.0200644102573
 Δlog(ℓ) = 10.4122280145627
 Δβ/SD[β] = 0.234449586395092 -0.175669976469264 -0.124572783584613 0.113562173754162 0.680055468218227 0.64338938226099
Maximizing likelihood @ n=16×3261=52176
 SD[log(ℓ)] = 3.83238568619537
 Δlog(ℓ) = 10.0113674345604
 Δβ/SD[β] = 0.216671244893365 -0.0926173382370302 -0.0750142316354167 -1.25978586404714 0.227467832689001 -0.11912625501142
Maximizing likelihood @ n=32×3261=104352
 SD[log(ℓ)] = 2.85051146116772
 Δlog(ℓ) = 5.5704021202265
 Δβ/SD[β] = 0.0467788947505532 0.557142950292318 0.112929094449993 -0.0328256440711723 0.01151722939176 -0.062412066225164
Maximizing likelihood @ n=64×3261=208704
 SD[log(ℓ)] = 2.06492087819105
 Δlog(ℓ) = 3.09660366443148
 Δβ/SD[β] = -0.00197105981005798 0.404781078962366 -0.0153690870526845 -0.486074887347826 0.0632168414195139 0.249427119937315
Maximizing likelihood @ n=128×3261=417408
 SD[log(ℓ)] = 1.46310166557398
 Δlog(ℓ) = 2.69197407850498
 Δβ/SD[β] = -0.0626626547317544 0.41474606139256 -0.0310035206283312 -0.012576610607085 0.00906041163139314 -0.0282012200157171
Maximizing likelihood @ n=256×3261=834816
 SD[log(ℓ)] = 1.0341291415623
 Δlog(ℓ) = 1.34790448402433
 Δβ/SD[β] = -0.0510512736344629 0.068288197642945 0.0684489809132879 -0.10720080236039 0.0734090401833074 -0.00512298439398087
Maximizing likelihood @ n=512×3261=1669632
 SD[log(ℓ)] = 0.746060790990568
 Δlog(ℓ) = -0.371432398146254
 Δβ/SD[β] = 0.00498868022082818 0.0234361088022317 0.0122851484440641 -0.0142922636132606 -0.0424813093262123 -0.00315064042974851
Maximizing likelihood @ n=1024×3261=3339264
 SD[log(ℓ)] = 0.536443053586289
 Δlog(ℓ) = 0.524747199049472
 Δβ/SD[β] = -0.0105459915044805 0.0335770191733814 0.0110452726256532 -0.0448697160447728 0.000779915767685249 -0.0146937399083956
Maximizing likelihood @ n=2048×3261=6678528
 SD[log(ℓ)] = 0.374210111117547
 Δlog(ℓ) = 0.494705559534992
 Δβ/SD[β] = -0.00530278132580798 0.00479047809649473 0.0115645032686241 -0.0329587589978848 -0.00199157321446954 0.00394924118524159
Maximizing likelihood @ n=4096×3261=13357056
 SD[log(ℓ)] = 0.264501550906579
 Δlog(ℓ) = -0.576515643048282
 Δβ/SD[β] = -0.00715773908207648 0.010978729767267 0.00450436267509673 0.0277355486093727 0.000591730651856695 0.000729472884747063
Calculating Hessian
Maximizing likelihood @ n=1×3261=3261
 SD[log(ℓ)] = 10.0307730229848
 Δlog(ℓ) = Inf
 Δβ/SD[β] = -1.45978224560084 0.0305901829376048 -0.105003710776518 -1.24036279822082 -0.360191132881695 -0.109720290149
Maximizing likelihood @ n=2×3261=6522
 SD[log(ℓ)] = 9.02540370767627
 Δlog(ℓ) = 56.9571634841238
 Δβ/SD[β] = -7.02351915038882 5.14751157022492 -4.88081096746818 0.333069144336126 -0.205191291841186 2.0244693625784
Maximizing likelihood @ n=4×3261=13044
 SD[log(ℓ)] = 7.04423841433763
 Δlog(ℓ) = 17.8262633428564
 Δβ/SD[β] = -2.02301855805296 0.759836452035375 -1.5231717473034 0.613125501092295 0.131682602219186 1.22470086219261
Maximizing likelihood @ n=8×3261=26088
 SD[log(ℓ)] = 5.35252264426649
 Δlog(ℓ) = 11.7556599313774
 Δβ/SD[β] = 0.126841728795907 -0.226102824013844 0.209910564557538 -1.12215969892561 0.618491081581272 -0.32484306863783
Maximizing likelihood @ n=16×3261=52176
 SD[log(ℓ)] = 3.90359331839581
 Δlog(ℓ) = 2.09857488414173
 Δβ/SD[β] = 0.192705645305552 0.325170168220258 0.193328821419567 -0.388153988289294 0.357712818509925 0.0625621121915316
Maximizing likelihood @ n=32×3261=104352
 SD[log(ℓ)] = 2.81901632535409
 Δlog(ℓ) = 0.845061564953937
 Δβ/SD[β] = -0.0616408871942668 0.0562881357452306 0.0183295166761348 -0.10213028259673 -0.0384488970889228 -0.0555503872991434
Maximizing likelihood @ n=64×3261=208704
 SD[log(ℓ)] = 2.04184075878203
 Δlog(ℓ) = 3.28021262960698
 Δβ/SD[β] = -0.103398587886284 -0.0259580160599514 -0.131209293378905 -0.326399829582519 0.0322182475336232 -0.039686553700992
Maximizing likelihood @ n=128×3261=417408
 SD[log(ℓ)] = 1.45403398416952
 Δlog(ℓ) = -1.30544324630119
 Δβ/SD[β] = 0.0690895027879011 0.0782280905965236 -0.0123814556460056 0.0180747517951893 0.119141106391925 -0.0698191375484525
Maximizing likelihood @ n=256×3261=834816
 SD[log(ℓ)] = 1.02487636113647
 Δlog(ℓ) = -0.750409499211742
 Δβ/SD[β] = -0.112166878624969 0.156081962343168 -0.035688181673298 0.0960572787662003 -0.0526095547411075 -0.0705322832798267
Maximizing likelihood @ n=512×3261=1669632
 SD[log(ℓ)] = 0.729583852065226
 Δlog(ℓ) = 2.02817688738708
 Δβ/SD[β] = -0.0818069105224274 0.073326710775334 -0.0850347250446359 -0.0517335820174519 -0.00975063917235605 -0.0588730790105803
Maximizing likelihood @ n=1024×3261=3339264
 SD[log(ℓ)] = 0.516583121041998
 Δlog(ℓ) = 0.268907898937528
 Δβ/SD[β] = -0.0437640373662364 0.00804686663008582 -0.00953914404557971 0.0250846929143236 0.0244003382879187 -0.00102856612599392
Maximizing likelihood @ n=2048×3261=6678528
 SD[log(ℓ)] = 0.365274961471998
 Δlog(ℓ) = -0.388976115567687
 Δβ/SD[β] = 0.0158750940734408 -0.00350243343973237 -0.00143103391904356 -0.00344172520253755 -0.00189051240445888 -0.00916287360345018
Maximizing likelihood @ n=4096×3261=13357056
 SD[log(ℓ)] = 0.258114855886078
 Δlog(ℓ) = 0.0505059024600882
 Δβ/SD[β] = -0.0193289740628487 -0.0115925703346565 0.0038023905132287 0.00604454752625523 -0.000415138216892352 0.0028556217491853
Calculating Hessian
There were 14 warnings (use warnings() to see them)
Script complete
Sat Nov 16 11:01:45 MST 2024
