Wed Nov 20 21:22:42 MST 2024
Initiating script
── Attaching core tidyverse packages ──────────────────────── tidyverse 2.0.0 ──
✔ dplyr     1.1.4     ✔ readr     2.1.5
✔ forcats   1.0.0     ✔ stringr   1.5.1
✔ ggplot2   3.5.1     ✔ tibble    3.2.1
✔ lubridate 1.9.3     ✔ tidyr     1.3.1
✔ purrr     1.0.2     
── Conflicts ────────────────────────────────────────── tidyverse_conflicts() ──
✖ ggplot2::annotate() masks ctmm::annotate()
✖ dplyr::filter()     masks stats::filter()
✖ dplyr::lag()        masks stats::lag()
ℹ Use the conflicted package (<http://conflicted.r-lib.org/>) to force all conflicts to become errors
Linking to GEOS 3.9.5, GDAL 3.8.5, PROJ 9.4.0; sf_use_s2() is TRUE
Loading required package: sp

Attaching package: ‘raster’

The following object is masked from ‘package:dplyr’:

    select

The following objects are masked from ‘package:ctmm’:

    projection, projection<-

terra 1.7.78

Attaching package: ‘terra’

The following object is masked from ‘package:tidyr’:

    extract

The following objects are masked from ‘package:ctmm’:

    distance, meta

[1] "/home/u15/mmercer3/proj/habitat_analysis_class/Final/Model_Fit_Results/roads_1500/Rocky_rr.Rda"
     [,1]                                
[1,] "Data loaded at 2024-11-20 21:22:54"
Default grid size of 59.9916666666667 minutes chosen for bandwidth(...,fast=TRUE).
Some rasters are not loaded in RAM and may be slow to process. See help("raster::readAll").
Maximizing likelihood @ n=1×1258=1258
 SD[log(ℓ)] = 9.87576294148197
 Δlog(ℓ) = Inf
 Δβ/SD[β] = 0.555856022665784 -0.287376455725334 1.34550466635974 0.211031671823048 -0.46366805309697 -1.25257038316271 0.51647781461777 0.00693170026626457
Maximizing likelihood @ n=2×1258=2516
 SD[log(ℓ)] = 8.93845226484492
 Δlog(ℓ) = 43.0533084145776
 Δβ/SD[β] = 0.185129856170225 0.784693364146411 0.923316930745314 1.05742566139611 -0.866708719096151 0.137659151345284 0.447125521340653 0.771933804502308
Maximizing likelihood @ n=4×1258=5032
 SD[log(ℓ)] = 6.99938394332006
 Δlog(ℓ) = 21.2257181555607
 Δβ/SD[β] = -1.66253612142569 1.88308369463408 2.4616534950381 1.09111312883555 -2.66151584412403 0.171321800265032 1.59937349743251 0.198739773204737
Maximizing likelihood @ n=8×1258=10064
 SD[log(ℓ)] = 5.29079332787994
 Δlog(ℓ) = 9.54540198819532
 Δβ/SD[β] = 0.0904617026215778 0.0757554145211212 0.0624707072556963 0.0527219078063539 -0.0479001445947719 0.0981597147197336 0.0292489519959529 -0.0702107902284924
Maximizing likelihood @ n=16×1258=20128
 SD[log(ℓ)] = 3.99517656576459
 Δlog(ℓ) = 13.1940817155602
 Δβ/SD[β] = -0.0369421086482354 -0.00834986889467276 0.100648739359348 0.143582991110802 -0.105153767420623 -0.0482352932310361 0.0711142018264053 -0.00129646764475324
Maximizing likelihood @ n=32×1258=40256
 SD[log(ℓ)] = 2.81710672431562
 Δlog(ℓ) = 6.30993250599587
 Δβ/SD[β] = -0.0335158577336315 -0.00227236710373349 0.022301689172471 0.0209230863791447 -0.0308412920446377 -0.0537744964365341 0.00460580228777826 -0.000420932000965229
Maximizing likelihood @ n=64×1258=80512
 SD[log(ℓ)] = 2.00785104553105
 Δlog(ℓ) = 4.76755181072377
 Δβ/SD[β] = -0.0288817105920364 -0.0132345143659598 -0.000905946600634003 0.0117175925020229 0.0128095861108276 -0.0454192578272039 0.0169759554833335 -0.0183550455530123
Maximizing likelihood @ n=128×1258=161024
 SD[log(ℓ)] = 1.51462517751907
 Δlog(ℓ) = 1.85220123315199
 Δβ/SD[β] = 0.16428796721928 -0.344290378672783 0.951691757887404 0.463788918985244 -0.82790891550732 -0.792061378589626 0.446479313245666 0.00674895850503324
Maximizing likelihood @ n=256×1258=322048
 SD[log(ℓ)] = 1.07047666759107
 Δlog(ℓ) = -0.512146344782678
 Δβ/SD[β] = 0.00870862973337271 -0.00972045442213432 -0.0223511299889987 0.00832928189231217 -0.0114856376287629 -0.0143930506057523 -0.0153208779307976 -0.027592266396017
Maximizing likelihood @ n=512×1258=644096
 SD[log(ℓ)] = 0.75669833415524
 Δlog(ℓ) = -0.105930713642948
 Δβ/SD[β] = 0 0 0 0 0 0 0 0
Maximizing likelihood @ n=1024×1258=1288192
 SD[log(ℓ)] = 0.533692240345096
 Δlog(ℓ) = -0.436692384101462
 Δβ/SD[β] = 0.0324844709440396 -0.0234336099133008 0.0281557737242769 0.0767759347927823 -0.000925013354729424 -0.011579220340823 -0.0447538420375462 -0.0430899737669581
Maximizing likelihood @ n=2048×1258=2576384
 SD[log(ℓ)] = 0.377701946659418
 Δlog(ℓ) = -0.480912045647159
 Δβ/SD[β] = 0.00911162232274187 -0.0115693599563698 -0.0153309278701898 -0.0122164739004744 0.0059061863198483 0.00343415436711562 0.0302394491104309 -0.00243601296651525
Maximizing likelihood @ n=4096×1258=5152768
 SD[log(ℓ)] = 0.268264927498007
 Δlog(ℓ) = -0.453005545550383
 Δβ/SD[β] = 0.000532908537170293 -0.000134242508628488 0.0029871665408409 -0.0101755396468453 0.00683642411270046 0.00601688846543256 -0.00789034950109286 -0.00904024699218324
Maximizing likelihood @ n=8192×1258=10305536
 SD[log(ℓ)] = 0.189650301623572
 Δlog(ℓ) = 0.0315387268871348
 Δβ/SD[β] = -0.00534357353129684 0.0104528307713115 -0.0301917554436591 -0.0256043430327281 -0.00135708771852093 -0.0207246366947506 -0.0231689347883227 -0.0358787278055536
Maximizing likelihood @ n=16384×1258=20611072
 SD[log(ℓ)] = 0.137733016124788
 Δlog(ℓ) = -0.163299920658545
 Δβ/SD[β] = 0 0 0 0 0 0 0 0
Calculating Hessian
Warning message:
In rsf.fit(individual, individual_akde, R = R, max.mem = "2 Gb") :
  Calculation stopped before 2.5 Gb allocation.
Script complete
Wed Nov 20 22:08:57 MST 2024
