Wed Nov 20 20:45:35 MST 2024
Initiating script
── Attaching core tidyverse packages ──────────────────────── tidyverse 2.0.0 ──
✔ dplyr     1.1.4     ✔ readr     2.1.5
✔ forcats   1.0.0     ✔ stringr   1.5.1
✔ ggplot2   3.5.1     ✔ tibble    3.2.1
✔ lubridate 1.9.3     ✔ tidyr     1.3.1
✔ purrr     1.0.2     
── Conflicts ────────────────────────────────────────── tidyverse_conflicts() ──
✖ ggplot2::annotate() masks ctmm::annotate()
✖ dplyr::filter()     masks stats::filter()
✖ dplyr::lag()        masks stats::lag()
ℹ Use the conflicted package (<http://conflicted.r-lib.org/>) to force all conflicts to become errors
Linking to GEOS 3.9.5, GDAL 3.8.5, PROJ 9.4.0; sf_use_s2() is TRUE
Loading required package: sp

Attaching package: ‘raster’

The following object is masked from ‘package:dplyr’:

    select

The following objects are masked from ‘package:ctmm’:

    projection, projection<-

terra 1.7.78

Attaching package: ‘terra’

The following object is masked from ‘package:tidyr’:

    extract

The following objects are masked from ‘package:ctmm’:

    distance, meta

[1] "/home/u15/mmercer3/proj/habitat_analysis_class/Final/Model_Fit_Results/roads_1500/Jack_rr.Rda"
     [,1]                                
[1,] "Data loaded at 2024-11-20 20:45:46"
Some rasters are not loaded in RAM and may be slow to process. See help("raster::readAll").
Maximizing likelihood @ n=1×974=974
 SD[log(ℓ)] = 12.6433440919439
 Δlog(ℓ) = Inf
 Δβ/SD[β] = 0.252551229907931 -0.103044456561314 0.0459868137103243 -0.036044747535719 -0.00703374166423891 -1.14681950118966 0.3595532269985 0.216094794437831
Maximizing likelihood @ n=2×974=1948
 SD[log(ℓ)] = 11.3855750570602
 Δlog(ℓ) = 46.6273038562294
 Δβ/SD[β] = -0.453525149071703 0.38726650303276 0.883404610591689 -0.202054508878286 0.742503782924909 -0.743550548136623 0.895431279866944 0.647605398108759
Maximizing likelihood @ n=4×974=3896
 SD[log(ℓ)] = 9.14739772203431
 Δlog(ℓ) = 37.740676318605
 Δβ/SD[β] = -0.16616152436316 0.191543686668086 0.151096624464702 -0.000288983643754209 -0.165404927083336 -0.184128641716413 0.191329527466964 0.423348820496749
Maximizing likelihood @ n=8×974=7792
 SD[log(ℓ)] = 7.14968028225186
 Δlog(ℓ) = 24.7191110974509
 Δβ/SD[β] = -0.0956859185055305 -0.0987404172809848 0.556274313728111 0.0317402910559784 -0.0551349669873578 -0.241518423627224 0.0943972635484145 0.140922198401997
Maximizing likelihood @ n=16×974=15584
 SD[log(ℓ)] = 5.43435803480983
 Δlog(ℓ) = 12.3244740158411
 Δβ/SD[β] = 0.176417463804485 -0.048878816350617 0.221795950579309 0.156185987575468 0.037970957192199 -0.148807750047156 0.044953387258583 -0.0132965454752173
Maximizing likelihood @ n=32×974=31168
 SD[log(ℓ)] = 4.1308045776523
 Δlog(ℓ) = 2.28121721005436
 Δβ/SD[β] = 0.066526761528953 -0.0465557449513648 0.372755179751717 0.348347686796237 0.0510314422805706 0.139762031420955 0.0134163431489487 0.107715141000174
Maximizing likelihood @ n=64×974=62336
 SD[log(ℓ)] = 3.23429248599544
 Δlog(ℓ) = 13.5143726994563
 Δβ/SD[β] = 0.022473713055633 0.0303149793643009 0.105272722781903 -0.0144160109789088 0.0114197997920731 -0.173925141789405 0.0232467081209942 -0.0352233703557713
Maximizing likelihood @ n=128×974=124672
 SD[log(ℓ)] = 2.40883495152766
 Δlog(ℓ) = 4.65878827516713
 Δβ/SD[β] = -0.0416777489032071 -0.112055320915511 0.00913440706728382 0.0207392569629196 -0.0839896367454555 -0.0970385273878258 0.0256673743915263 -0.0156163874902246
Maximizing likelihood @ n=256×974=249344
 SD[log(ℓ)] = 1.76340808667084
 Δlog(ℓ) = 3.50014766422606
 Δβ/SD[β] = -0.0467651252039577 0.110318028073082 0.265249068394417 0.0808043855498399 0.0461476904826509 -0.0797388148026954 0.00314586292504894 -0.00233729179257803
Maximizing likelihood @ n=512×974=498688
 SD[log(ℓ)] = 1.25327699018738
 Δlog(ℓ) = 3.35510216559493
 Δβ/SD[β] = 0.00249709757569477 0.0245658495484333 0.235648637062745 0.0515147432425122 0.0668605679575261 -0.0616279726733111 -0.0078336106327425 -0.0376757291108143
Maximizing likelihood @ n=1024×974=997376
 SD[log(ℓ)] = 0.946624560767961
 Δlog(ℓ) = 0.402033195809167
 Δβ/SD[β] = -0.00678138054018456 -0.000686536957767913 0.0166212114918105 0.00796922135220969 -0.00408552316540774 0.0131340826501198 0.0122612259285828 0.00779678685515559
Maximizing likelihood @ n=2048×974=1994752
 SD[log(ℓ)] = 0.65022158079547
 Δlog(ℓ) = -0.518207165589217
 Δβ/SD[β] = 0.00527125610352223 -0.0137297115784711 0.0417814685608898 -0.0228912614885149 0.0159367361600098 -0.0687898474381229 0.0223759715319337 -0.00361887589136305
Maximizing likelihood @ n=4096×974=3989504
 SD[log(ℓ)] = 0.456816283401236
 Δlog(ℓ) = -0.0842729288737587
 Δβ/SD[β] = 0.0579246094759928 0.0145105189799123 0.301486939824787 0.0410845337996406 0.0475603593793737 -0.0901160130898159 -0.0543032239950283 -0.0109981320713955
Maximizing likelihood @ n=8192×974=7979008
 SD[log(ℓ)] = 0.325608285045757
 Δlog(ℓ) = 0.0718627498064848
 Δβ/SD[β] = 0.107890906689818 0.01739977710676 0.223247310015973 0.01323606168391 0.0575762720463556 -0.00944606895009024 0.0323329381502871 -0.0166978841405333
Maximizing likelihood @ n=16384×974=15958016
 SD[log(ℓ)] = 0.229831970391766
 Δlog(ℓ) = 0.146158152083729
 Δβ/SD[β] = -0.0154463195309859 0.00534011523740735 0.00566842912463568 -0.00817015113018887 -0.00910310072138908 -0.0441121267476375 -0.0243527837153715 0.00924585170083423
Maximizing likelihood @ n=32768×974=31916032
 SD[log(ℓ)] = 0.162346148836951
 Δlog(ℓ) = -0.140935603251592
 Δβ/SD[β] = -0.120803576446942 -0.0425568334280479 0.244390172918502 -0.0479458907078081 0.150209755849536 -0.0757288226453176 0.031267030826727 -0.0358050623649598
Calculating Hessian
Warning message:
In rsf.fit(individual, individual_akde, R = R, max.mem = "2 Gb") :
  Calculation stopped before 3.8 Gb allocation.
Script complete
Wed Nov 20 22:05:35 MST 2024
