Sat Nov 16 03:44:00 MST 2024
Initiating script
── Attaching core tidyverse packages ──────────────────────── tidyverse 2.0.0 ──
✔ dplyr     1.1.4     ✔ readr     2.1.5
✔ forcats   1.0.0     ✔ stringr   1.5.1
✔ ggplot2   3.5.1     ✔ tibble    3.2.1
✔ lubridate 1.9.3     ✔ tidyr     1.3.1
✔ purrr     1.0.2     
── Conflicts ────────────────────────────────────────── tidyverse_conflicts() ──
✖ ggplot2::annotate() masks ctmm::annotate()
✖ dplyr::filter()     masks stats::filter()
✖ dplyr::lag()        masks stats::lag()
ℹ Use the conflicted package (<http://conflicted.r-lib.org/>) to force all conflicts to become errors
Linking to GEOS 3.9.5, GDAL 3.8.5, PROJ 9.4.0; sf_use_s2() is TRUE
Loading required package: sp

Attaching package: ‘raster’

The following object is masked from ‘package:dplyr’:

    select

The following objects are masked from ‘package:ctmm’:

    projection, projection<-

terra 1.7.78

Attaching package: ‘terra’

The following object is masked from ‘package:tidyr’:

    extract

The following objects are masked from ‘package:ctmm’:

    distance, meta

[1] "/home/u15/mmercer3/proj/habitat_analysis_class/Final/Model_Fit_Results/Steve_rr.Rda"
     [,1]                                
[1,] "Data loaded at 2024-11-16 03:44:11"
Reading layer `major' from data source 
  `/home/u15/mmercer3/proj/habitat_analysis_class/Final/Major_Roads' 
  using driver `ESRI Shapefile'
Simple feature collection with 411 features and 7 fields
Geometry type: LINESTRING
Dimension:     XY
Bounding box:  xmin: 477946 ymin: 3545735 xmax: 511807.9 ymax: 3592212
Projected CRS: WGS 84 / UTM zone 12N
     [,1]                                 
[1,] "Roads loaded at 2024-11-16 03:44:11"
Default grid size of 40.0611111111111 minutes chosen for bandwidth(...,fast=TRUE).
|---------|---------|---------|---------|=========================================                                          [1] 1681968
[1] 1681968
Starting buffer 30 
Maximizing likelihood @ n=1×1308=1308
 SD[log(ℓ)] = 5.19448363679204
 Δlog(ℓ) = Inf
 Δβ/SD[β] = 3.47164828243462 0.0238296621051746 0.0684588712901776 -1.21293792440696 -0.704171816665883 0.209649799110463
Maximizing likelihood @ n=2×1308=2616
 SD[log(ℓ)] = 5.33012128823855
 Δlog(ℓ) = 19.7841292060993
 Δβ/SD[β] = 3.88173227050891 0.31733331101851 2.33693389127594 -1.73032580099559 0.168652959903232 1.06729308345832
Maximizing likelihood @ n=4×1308=5232
 SD[log(ℓ)] = 4.28289006596131
 Δlog(ℓ) = 6.76131448534963
 Δβ/SD[β] = 0.57591929629314 0.189277756388032 0.195097987233646 -0.840487655445537 -0.250555071722841 -0.0337425616044543
Maximizing likelihood @ n=8×1308=10464
 SD[log(ℓ)] = 3.36576921351203
 Δlog(ℓ) = 3.47277786675508
 Δβ/SD[β] = 0.451232414271534 0.0454809097972032 0.785381475746536 0.160184999775957 -0.175729470296115 0.745121076089265
Maximizing likelihood @ n=16×1308=20928
 SD[log(ℓ)] = 2.60451241624774
 Δlog(ℓ) = 1.43806856873263
 Δβ/SD[β] = 0.0747700569079627 0.0134812086326196 0.147398310971416 -0.231689753859544 0.19776892121653 -0.0348539512778192
Maximizing likelihood @ n=32×1308=41856
 SD[log(ℓ)] = 2.2374721583021
 Δlog(ℓ) = -2.82607801422357
 Δβ/SD[β] = -0.0445494084989924 -0.408958693681188 0.0684900898733775 0.163912882567488 0.0170764532198067 -0.0585712911609478
Maximizing likelihood @ n=64×1308=83712
 SD[log(ℓ)] = 1.7140343817199
 Δlog(ℓ) = 3.13911501080879
 Δβ/SD[β] = 0.0497837954682344 -0.120067686113744 0.208306270272104 -0.368109800732011 0.0689693026582235 0.564436302697943
Maximizing likelihood @ n=128×1308=167424
 SD[log(ℓ)] = 1.19831191066237
 Δlog(ℓ) = 0.316108029712609
 Δβ/SD[β] = -0.00260358438538258 -0.0502231054444829 -0.028301625531888 -0.39605485761122 0.123058366098254 0.136112146489936
Maximizing likelihood @ n=256×1308=334848
 SD[log(ℓ)] = 0.824588828642655
 Δlog(ℓ) = 0.629635085203631
 Δβ/SD[β] = 0.154223966911648 -0.0504375878320751 0.0705991576124573 -0.223266283072841 -0.0465155937946077 0.0535269448289797
Maximizing likelihood @ n=512×1308=669696
 SD[log(ℓ)] = 0.585561750756174
 Δlog(ℓ) = 1.11404491939628
 Δβ/SD[β] = -0.0146222892939172 -0.21057410513411 0.0432281646995778 -0.18867891167781 0.0221993419191351 0.157104796732436
Maximizing likelihood @ n=1024×1308=1339392
 SD[log(ℓ)] = 0.45914257270615
 Δlog(ℓ) = -0.321508696093531
 Δβ/SD[β] = -0.0333252862782128 -0.0543586489974185 -0.0150889877428357 -0.0602941512262679 0.0665084728234742 -0.149525816195892
Maximizing likelihood @ n=2048×1308=2678784
 SD[log(ℓ)] = 0.306133598265366
 Δlog(ℓ) = 0.302094222134244
 Δβ/SD[β] = 0.0143120066588428 -0.0337613965080846 0.00849723368501986 -0.0408145776044172 -0.00174037109732379 0.0736469513998712
Maximizing likelihood @ n=4096×1308=5357568
 SD[log(ℓ)] = 0.227740842292771
 Δlog(ℓ) = -0.0572998708583299
 Δβ/SD[β] = 0.0252686561962443 -0.00467215291588785 -0.0161915832131398 0.0552531379716614 0.00994089492883068 -0.0254627216058088
Maximizing likelihood @ n=8192×1308=10715136
 SD[log(ℓ)] = 0.164846621315631
 Δlog(ℓ) = 0.269359886913193
 Δβ/SD[β] = -0.0168061098386891 -0.0390806632178804 0.0344079810510907 -0.0193894165000996 -0.00988020253175807 0.0609190445058056
Maximizing likelihood @ n=16384×1308=21430272
 SD[log(ℓ)] = 0.11299650805767
 Δlog(ℓ) = 0.300785655771236
 Δβ/SD[β] = 0.0561750021511974 -0.0147087472333179 0.0354211002491031 0.00356114153095579 -0.00128457584520153 0.017557915777463
Calculating Hessian
Maximizing likelihood @ n=1×1308=1308
 SD[log(ℓ)] = 5.15827566636569
 Δlog(ℓ) = Inf
 Δβ/SD[β] = -3.91763859985221 -0.0256829182681887 0.115815370938073 -1.21987028914578 -0.730660175170785 0.209369639832246
Maximizing likelihood @ n=2×1308=2616
 SD[log(ℓ)] = 4.21353326893824
 Δlog(ℓ) = -1.25533431918969
 Δβ/SD[β] = -0.0151724780185958 -0.0477039182571851 0.509491162572111 0.0396066623056718 0.758729157575777 -0.424726626659263
Maximizing likelihood @ n=4×1308=5232
 SD[log(ℓ)] = 3.68134759309075
 Δlog(ℓ) = 12.0864141137468
 Δβ/SD[β] = -1.07451524395168 0.0948488707295263 0.362032614482851 -0.476027317750042 0.419595364819595 1.21949084419115
Maximizing likelihood @ n=8×1308=10464
 SD[log(ℓ)] = 2.86674237709957
 Δlog(ℓ) = 3.27409722690623
 Δβ/SD[β] = -0.46417654855435 -0.568824263878658 0.0500586649848838 -0.210224897867517 -0.0490415594270686 0.535481619177477
Maximizing likelihood @ n=16×1308=20928
 SD[log(ℓ)] = 2.26206635479875
 Δlog(ℓ) = 3.79523489289673
 Δβ/SD[β] = -0.0666910126083838 -0.733119958276924 -0.0459201132779689 -0.149594066186864 0.314147011997878 0.163821722822467
Maximizing likelihood @ n=32×1308=41856
 SD[log(ℓ)] = 1.64887739750708
 Δlog(ℓ) = 0.681323180716888
 Δβ/SD[β] = -0.175368041468735 -0.00967650849610791 -0.0086402237365727 0.0543266727045625 0.036678689901604 0.390588127417246
Maximizing likelihood @ n=64×1308=83712
 SD[log(ℓ)] = 1.22821107964937
 Δlog(ℓ) = 0.753603024342354
 Δβ/SD[β] = 0.0928851287886585 0.0587598226863331 -0.0614537362460808 -0.299006470298516 0.0344368974493571 0.0413902241374452
Maximizing likelihood @ n=128×1308=167424
 SD[log(ℓ)] = 0.888023851473318
 Δlog(ℓ) = 0.986158364106359
 Δβ/SD[β] = 0.0257837258624025 -0.103831307968879 -0.0277829944772066 -0.284311229310145 0.0421735586158975 0.0932142896976398
Maximizing likelihood @ n=256×1308=334848
 SD[log(ℓ)] = 0.645083936272832
 Δlog(ℓ) = 0.37608749945089
 Δβ/SD[β] = -0.0313823740923073 -0.0777730181344779 -0.00435003652432074 -0.107752282574076 0.0327998929222422 -0.0179602816059148
Maximizing likelihood @ n=512×1308=669696
 SD[log(ℓ)] = 0.540658040114854
 Δlog(ℓ) = -0.588663273137058
 Δβ/SD[β] = 0.0324022333635998 0.0580741538381918 -0.0425203278540963 0.153168346795617 -0.0492763346342103 -0.101955555576386
Maximizing likelihood @ n=1024×1308=1339392
 SD[log(ℓ)] = 0.366937190132228
 Δlog(ℓ) = 1.04998444454905
 Δβ/SD[β] = -0.0349338330373068 -0.0737550878903417 0.0328225195039559 -0.111746455480173 0.00197154645329775 0.133359597995423
Maximizing likelihood @ n=2048×1308=2678784
 SD[log(ℓ)] = 0.25068296097237
 Δlog(ℓ) = 0.569930106218393
 Δβ/SD[β] = 0.00292592206765015 -0.0230480825818668 0.0162894694896187 -0.0692688023522206 -0.0223624136229612 0.0486045259796526
Maximizing likelihood @ n=4096×1308=5357568
 SD[log(ℓ)] = 0.173304489104009
 Δlog(ℓ) = 0.0336713006387015
 Δβ/SD[β] = -0.00390164029847875 -0.0189682148813096 0.0177492161797671 -0.0335942215959517 0.0213276556064781 0.0131476508366939
Maximizing likelihood @ n=8192×1308=10715136
 SD[log(ℓ)] = 0.120398689165524
 Δlog(ℓ) = 0.0742818019272988
 Δβ/SD[β] = -0.0129138450758764 -0.0167018634914757 0.0267197777465621 -0.022685182412202 0.00611963207496109 0.00784306559826195
Maximizing likelihood @ n=16384×1308=21430272
 SD[log(ℓ)] = 0.085490983257649
 Δlog(ℓ) = -0.132889196667406
 Δβ/SD[β] = 0.00161323088718048 0.00241007325469817 -0.00280010085896214 0.0202078536822589 0.0139073227813262 -0.0319251000974959
Calculating Hessian
Maximizing likelihood @ n=1×1308=1308
 SD[log(ℓ)] = 5.40952269214159
 Δlog(ℓ) = Inf
 Δβ/SD[β] = -4.19703443206616 -0.0757801955332802 0.053735831732534 -1.19593934000863 -0.817721421744012 0.258558415522796
Maximizing likelihood @ n=2×1308=2616
 SD[log(ℓ)] = 5.58441420448408
 Δlog(ℓ) = 28.6029367243881
 Δβ/SD[β] = -6.81382423719004 0.947529520449558 3.49635727232577 -1.29234473156528 0.243285672678957 0.101838806065941
Maximizing likelihood @ n=4×1308=5232
 SD[log(ℓ)] = 4.45861136085369
 Δlog(ℓ) = 5.62275262937175
 Δβ/SD[β] = -0.226096542076364 -0.227079163289966 0.0971835924345891 -0.829374531046555 0.816083548582776 0.148040826744156
Maximizing likelihood @ n=8×1308=10464
 SD[log(ℓ)] = 3.57926414035969
 Δlog(ℓ) = 6.37855433380922
 Δβ/SD[β] = -0.363511433847684 -0.698695963140924 0.526126306464252 -0.110974505942107 0.0724708558810057 0.313722549901012
Maximizing likelihood @ n=16×1308=20928
 SD[log(ℓ)] = 2.64363480199551
 Δlog(ℓ) = -2.6606706026824
 Δβ/SD[β] = -0.0568878672785999 0.544254355824429 0.266767084088804 -0.0321812202027061 -0.356743338534722 0.150475272785237
Maximizing likelihood @ n=32×1308=41856
 SD[log(ℓ)] = 2.06861806109683
 Δlog(ℓ) = 1.54116736702322
 Δβ/SD[β] = 0.00506574312623552 0.412621181330789 0.133039188185497 0.179705867499097 0.0871072703765733 0.0263246105339321
Maximizing likelihood @ n=64×1308=83712
 SD[log(ℓ)] = 1.50719939625987
 Δlog(ℓ) = -0.168864929291601
 Δβ/SD[β] = -0.0144251720171051 -0.0946414234348393 0.0911057405617167 -0.191808237499115 0.11984268979834 -0.363161172364005
Maximizing likelihood @ n=128×1308=167424
 SD[log(ℓ)] = 1.0720514138274
 Δlog(ℓ) = 1.73156711982844
 Δβ/SD[β] = -0.151391243257626 -0.0847242258529937 0.0242551744933031 -0.216077341078586 0.00354369149640506 0.0970869071896393
Maximizing likelihood @ n=256×1308=334848
 SD[log(ℓ)] = 0.79014412121118
 Δlog(ℓ) = -0.390585032342798
 Δβ/SD[β] = 0.0682086802083822 0.0159677595401429 -0.0489358177849055 -0.00589718613865572 0.040209828067423 0.0343678726702065
Maximizing likelihood @ n=512×1308=669696
 SD[log(ℓ)] = 0.578393441306094
 Δlog(ℓ) = -0.0055900327385956
 Δβ/SD[β] = -0.00382270026426597 -0.03699666793643 -0.0346539721733847 -0.0146593053259901 0.0450549184801387 -0.0795189526027792
Maximizing likelihood @ n=1024×1308=1339392
 SD[log(ℓ)] = 0.405223123541496
 Δlog(ℓ) = -0.0562607603545615
 Δβ/SD[β] = 0.0248458625317944 0.00549594641539841 0.0207955698947052 -0.0218574599724514 -0.00544532335089063 0.0327890592654892
Maximizing likelihood @ n=2048×1308=2678784
 SD[log(ℓ)] = 0.278907216688746
 Δlog(ℓ) = -0.369296814030733
 Δβ/SD[β] = 0.0127068560172832 -0.00125084054666939 -0.0093262354194806 0.0228229923345276 -0.0110578450688829 -0.00505437971410295
Maximizing likelihood @ n=4096×1308=5357568
 SD[log(ℓ)] = 0.199475344145175
 Δlog(ℓ) = -0.0762527972195386
 Δβ/SD[β] = 0.000222455234449944 -0.00646281677850103 -0.00530640151274838 0.0210682416041464 -0.0087585524300051 0.0204987310992337
Maximizing likelihood @ n=8192×1308=10715136
 SD[log(ℓ)] = 0.145575696212401
 Δlog(ℓ) = -0.285242905429612
 Δβ/SD[β] = 0.00557034169410557 0.00463952149360487 -0.0102191250942837 0.0350057923144565 0.00108442266517108 -0.021939164008112
Maximizing likelihood @ n=16384×1308=21430272
 SD[log(ℓ)] = 0.102526755154554
 Δlog(ℓ) = 0.023726929614611
 Δβ/SD[β] = 0.011099153181329 -0.00186712052427765 -0.0104635734855055 -0.00407382637759432 0.00646248238920007 -0.0267057221359149
Calculating Hessian
Maximizing likelihood @ n=1×1308=1308
 SD[log(ℓ)] = 6.1303729661543
 Δlog(ℓ) = Inf
 Δβ/SD[β] = 7.87505263246797 1.85051068979372 2.31566116932872 -27.7429391571213 -10.7436280456763 5.09640954006488
Maximizing likelihood @ n=2×1308=2616
 SD[log(ℓ)] = 5.12047974077393
 Δlog(ℓ) = 9.59637267151189
 Δβ/SD[β] = 1.2413110979037 0.815876628256005 0.736012522948235 -0.858017537267327 -0.148409846873355 0.75468738330656
Maximizing likelihood @ n=4×1308=5232
 SD[log(ℓ)] = 4.09074424382421
 Δlog(ℓ) = 8.5724615696556
 Δβ/SD[β] = 0.223601505993158 -0.651177801010842 0.229660431529456 -1.02478993359841 0.284557158731987 0.944315852852574
Maximizing likelihood @ n=8×1308=10464
 SD[log(ℓ)] = 3.15575612903712
 Δlog(ℓ) = 6.4675473802494
 Δβ/SD[β] = 0.418173037910036 -0.506296701313081 -0.37567646085687 0.110434209479546 0.243543998607204 0.610464506829577
Maximizing likelihood @ n=16×1308=20928
 SD[log(ℓ)] = 2.33122857826047
 Δlog(ℓ) = -0.0575193403771266
 Δβ/SD[β] = 0.0265708009762003 -0.196957703088577 0.236194154380478 0.0507612493261903 -0.309357798294447 0.0800582170502724
Maximizing likelihood @ n=32×1308=41856
 SD[log(ℓ)] = 1.70312915226576
 Δlog(ℓ) = 1.43271578374961
 Δβ/SD[β] = 0.0747101479462909 0.18738783316584 -0.0535571315898784 -0.110624707561818 -0.0257726440619452 -0.0498529731955272
Maximizing likelihood @ n=64×1308=83712
 SD[log(ℓ)] = 1.21231238847588
 Δlog(ℓ) = 0.240603958346739
 Δβ/SD[β] = 0.245723888216818 0.380803378268581 0.115255888956164 -0.0901445775284312 -0.239459443312896 -0.0607273477715204
Maximizing likelihood @ n=128×1308=167424
 SD[log(ℓ)] = 0.869701195792346
 Δlog(ℓ) = 0.451176127984638
 Δβ/SD[β] = 0.205422421978676 0.274927408667682 0.205260730592148 -0.277551115163621 -0.14068061179394 -0.0632173266396117
Maximizing likelihood @ n=256×1308=334848
 SD[log(ℓ)] = 0.612102232793173
 Δlog(ℓ) = 0.260205408021974
 Δβ/SD[β] = 0.0580703931130584 0.0426995985478953 -0.0512945111364359 -0.0321841137619777 0.0476804219209392 -0.0264698599935706
Maximizing likelihood @ n=512×1308=669696
 SD[log(ℓ)] = 0.429970447349915
 Δlog(ℓ) = -0.41098977517639
 Δβ/SD[β] = -0.0669296038932285 0.0288910357945477 0.0140412223218998 -0.0535753374269894 -0.000524019013228386 0.0326602158320232
Maximizing likelihood @ n=1024×1308=1339392
 SD[log(ℓ)] = 0.305008423789474
 Δlog(ℓ) = -0.180753421501961
 Δβ/SD[β] = -0.0184389113855947 0.0391933838383315 0.016083619489647 -0.0504966192642412 -0.0452492658341808 0.0293834025907944
Maximizing likelihood @ n=2048×1308=2678784
 SD[log(ℓ)] = 0.217086105116701
 Δlog(ℓ) = 0.502475528901982
 Δβ/SD[β] = 0.0473428510908942 0.00584966855180072 0.00360469349831122 -0.013767086981681 -0.000338140664124995 0.0109381095467375
Maximizing likelihood @ n=4096×1308=5357568
 SD[log(ℓ)] = 0.154373876915547
 Δlog(ℓ) = 0.0414947132823897
 Δβ/SD[β] = 0.0528167839181663 0.0588008101419875 -0.00379643090540979 0.0452363770998225 -0.0457471184627667 -0.00392467312125536
Maximizing likelihood @ n=8192×1308=10715136
 SD[log(ℓ)] = 0.110545749286805
 Δlog(ℓ) = -0.185204304475448
 Δβ/SD[β] = -0.0377098479020094 0.043254154005966 -0.0079320145699533 -0.00771560049994544 -0.0138847171595305 -0.0302334725095301
Maximizing likelihood @ n=16384×1308=21430272
 SD[log(ℓ)] = 0.0779830449460341
 Δlog(ℓ) = -0.0671559838345672
 Δβ/SD[β] = 0.034202666463307 0.0181404545917982 -0.00599753690431966 -0.0130768446695744 -0.0112809842988662 -0.0117969292232955
Calculating Hessian
Starting buffer 750 
Maximizing likelihood @ n=1×1308=1308
 SD[log(ℓ)] = 4.94090117258801
 Δlog(ℓ) = Inf
 Δβ/SD[β] = -3.27054189130172 -1.97608452943935 0.609384506657157 -32.032470974375 -10.1356370647332 5.29670111746054
Maximizing likelihood @ n=2×1308=2616
 SD[log(ℓ)] = 4.21233776321846
 Δlog(ℓ) = 7.09439374653311
 Δβ/SD[β] = -0.0188508518229566 -0.394556011311011 0.588924035183435 -0.793594322110719 0.00865200774619763 0.640972052783287
Maximizing likelihood @ n=4×1308=5232
 SD[log(ℓ)] = 3.40451994055081
 Δlog(ℓ) = 3.23639800555583
 Δβ/SD[β] = -0.336638875784207 0.820812973166298 0.089054863672231 -0.0987972807249575 0.499725641946639 0.586189052642197
Maximizing likelihood @ n=8×1308=10464
 SD[log(ℓ)] = 2.57450797892982
 Δlog(ℓ) = 0.404674384253447
 Δβ/SD[β] = -0.177162268789931 -0.430357951536096 0.31349950075667 0.21295549842338 0.167324443592342 0.0996250217187735
Maximizing likelihood @ n=16×1308=20928
 SD[log(ℓ)] = 2.05927712934355
 Δlog(ℓ) = 6.12079942323855
 Δβ/SD[β] = 0.0233547247415063 -0.397839996508404 0.328941493798279 -0.751538038755946 0.13029271064902 0.327037059547021
Maximizing likelihood @ n=32×1308=41856
 SD[log(ℓ)] = 1.56290859485899
 Δlog(ℓ) = 1.01494323396147
 Δβ/SD[β] = 0.00673639665378059 -0.107857469826928 -0.0334441674419628 -0.132280146962281 0.130378306264976 0.00888942757300584
Maximizing likelihood @ n=64×1308=83712
 SD[log(ℓ)] = 1.14250987032683
 Δlog(ℓ) = 2.02574695515418
 Δβ/SD[β] = -0.0640082070841693 -0.329368411779322 0.340335279157221 -0.356843167103665 0.0202605115141549 0.0478254762275658
Maximizing likelihood @ n=128×1308=167424
 SD[log(ℓ)] = 0.811670330320799
 Δlog(ℓ) = -0.430556064184948
 Δβ/SD[β] = 0.00413689461680944 -0.0125936488700045 0.00747502062793262 -0.0307442650305685 -0.0328492219519059 0.0225510511586529
Maximizing likelihood @ n=256×1308=334848
 SD[log(ℓ)] = 0.5798728442125
 Δlog(ℓ) = 0.351973677694261
 Δβ/SD[β] = 0.0613901209031232 -0.100723653821656 0.0833644597019265 -0.0195489327847264 -0.0653240208258514 -0.042361174697047
Maximizing likelihood @ n=512×1308=669696
 SD[log(ℓ)] = 0.416340079069124
 Δlog(ℓ) = 0.390154645655443
 Δβ/SD[β] = -0.0283438704927869 0.0160945493861047 0.0541039303911287 -0.0254665391473418 0.0835818981257549 0.016682675017544
Maximizing likelihood @ n=1024×1308=1339392
 SD[log(ℓ)] = 0.294884304195218
 Δlog(ℓ) = 0.0336590938349488
 Δβ/SD[β] = -0.0277862072685728 -0.0144772609793077 0.000679659616837259 -0.0286237243013276 0.0250459412820934 -0.050406097379841
Maximizing likelihood @ n=2048×1308=2678784
 SD[log(ℓ)] = 0.213830090244079
 Δlog(ℓ) = -0.321063085423823
 Δβ/SD[β] = 0.0249714858266107 0.000613269846807553 0.0021642456900517 0.0335314887059019 0.00966835608223914 -0.0132191502871366
Maximizing likelihood @ n=4096×1308=5357568
 SD[log(ℓ)] = 0.15211276366608
 Δlog(ℓ) = 0.0270867725587678
 Δβ/SD[β] = -0.0017732469028132 0.00255446044240264 -0.00613985488537272 0.00779469412918519 0.0041498969141899 0.00280245871810501
Maximizing likelihood @ n=8192×1308=10715136
 SD[log(ℓ)] = 0.107751339309448
 Δlog(ℓ) = 0.151196674326613
 Δβ/SD[β] = 0.00597690831259832 -0.00792688175475471 -0.00884677653424983 -0.021586741331897 -0.00181333227085101 0.0128024797622765
Maximizing likelihood @ n=16384×1308=21430272
 SD[log(ℓ)] = 0.0758222099744399
 Δlog(ℓ) = -0.0537539081044258
 Δβ/SD[β] = -0.00293140335505389 0.0126823163894939 -0.00550198197417512 0.0148735526296116 0.00222086827516606 0.003557208519055
Calculating Hessian
Maximizing likelihood @ n=1×1308=1308
 SD[log(ℓ)] = 5.12508830683641
 Δlog(ℓ) = Inf
 Δβ/SD[β] = 2.7510479335322 -2.95656637453082 0.616634975146051 -32.9911191286893 -10.022874946203 4.93771515767588
Maximizing likelihood @ n=2×1308=2616
 SD[log(ℓ)] = 4.48247434863081
 Δlog(ℓ) = 9.76605577414566
 Δβ/SD[β] = -0.379755001897105 -0.348114091676595 1.01522702247295 -0.224575580252407 0.178221857082104 0.144932762306433
Maximizing likelihood @ n=4×1308=5232
 SD[log(ℓ)] = 3.40717287597877
 Δlog(ℓ) = -3.03783615683513
 Δβ/SD[β] = -0.0976404979073288 0.56255514542948 -0.415085426041744 1.59340724469013 0.318727643918104 0.581829818845439
Maximizing likelihood @ n=8×1308=10464
 SD[log(ℓ)] = 2.77642635632747
 Δlog(ℓ) = 6.61641514002155
 Δβ/SD[β] = -0.0282368024488641 -0.154014240959476 0.440768343764494 -1.06349345675101 0.206184529430804 0.0317304592174818
Maximizing likelihood @ n=16×1308=20928
 SD[log(ℓ)] = 2.16052999911055
 Δlog(ℓ) = 2.80022588408058
 Δβ/SD[β] = 0.0636271516036188 0.0655449588664329 0.000726201089771373 -0.812992420895743 -0.0241084735029096 0.0555132897509205
Maximizing likelihood @ n=32×1308=41856
 SD[log(ℓ)] = 1.53378440761851
 Δlog(ℓ) = -1.32081398117082
 Δβ/SD[β] = -0.0212671729749031 0.243454548507813 -0.0178209338184413 -0.147796536556551 0.181503044200392 0.0432445482281378
Maximizing likelihood @ n=64×1308=83712
 SD[log(ℓ)] = 1.12627361035742
 Δlog(ℓ) = -0.779514387942619
 Δβ/SD[β] = -0.0948156754794936 -0.0701158062442536 0.116967458644886 0.271765389241441 0.0394181542184004 -0.0153999195305014
Maximizing likelihood @ n=128×1308=167424
 SD[log(ℓ)] = 0.796177571760789
 Δlog(ℓ) = 0.55987778255404
 Δβ/SD[β] = -0.00372834821489025 -0.0414576359171983 0.011655108075499 -0.070995869265069 0.0302290424773525 0.0493514924859747
Maximizing likelihood @ n=256×1308=334848
 SD[log(ℓ)] = 0.572042840860358
 Δlog(ℓ) = 0.337659954041648
 Δβ/SD[β] = -0.0848213528001362 -0.0779764511448831 0.115411160425693 0.0810609641695116 0.0138232447731795 0.0511969417355192
Maximizing likelihood @ n=512×1308=669696
 SD[log(ℓ)] = 0.420345776730585
 Δlog(ℓ) = 1.06070505250506
 Δβ/SD[β] = 0.00422145472370759 -0.00486984873138591 0.0538201195530421 -0.0820465386363576 0.0765661295041462 0.041984522948517
Maximizing likelihood @ n=1024×1308=1339392
 SD[log(ℓ)] = 0.297412619903061
 Δlog(ℓ) = -0.0545967920485708
 Δβ/SD[β] = 0.0104583520032779 -0.00179779376028906 0.0232320679749398 -0.012337115585285 -0.022745829660174 0.0378065346417405
Maximizing likelihood @ n=2048×1308=2678784
 SD[log(ℓ)] = 0.21045420535549
 Δlog(ℓ) = -0.158765376409875
 Δβ/SD[β] = -0.00388937527706043 0.0202716311894394 0.0170591752117993 0.0217800519345051 0.00893110628297532 -0.0231792595118711
Maximizing likelihood @ n=4096×1308=5357568
 SD[log(ℓ)] = 0.151423917263606
 Δlog(ℓ) = 0.300982641096695
 Δβ/SD[β] = -0.0116020607986657 0.017457139229088 0.0164731694898201 -0.028476861262952 0.00581386850933268 0.0209093125956936
Maximizing likelihood @ n=8192×1308=10715136
 SD[log(ℓ)] = 0.10672123518834
 Δlog(ℓ) = 0.122006532545662
 Δβ/SD[β] = -0.00168435636267323 0.0295345157723659 0.0321624616746944 -0.0357336593022351 0.00122004747533378 -0.0131349478430012
Maximizing likelihood @ n=16384×1308=21430272
 SD[log(ℓ)] = 0.0747828438141804
 Δlog(ℓ) = 0.0432798240634682
 Δβ/SD[β] = -0.00945860530343541 0.0245656639504404 0.0225609464225035 0.0228929494134108 -0.0128885611595865 0.00640282985289043
Calculating Hessian
Maximizing likelihood @ n=1×1308=1308
 SD[log(ℓ)] = 4.38107558191446
 Δlog(ℓ) = Inf
 Δβ/SD[β] = 2.67758895192493 -1.40982989004779 1.4603749346663 -31.79951509315 -12.2040902365319 4.18146826778591
Maximizing likelihood @ n=2×1308=2616
 SD[log(ℓ)] = 4.17631175947837
 Δlog(ℓ) = 15.8802167427735
 Δβ/SD[β] = 0.177993756811132 -0.817091083187083 0.532947099502047 -1.70250372135913 0.388477172457503 0.860291674621343
Maximizing likelihood @ n=4×1308=5232
 SD[log(ℓ)] = 3.23482718847179
 Δlog(ℓ) = -0.73197704843713
 Δβ/SD[β] = -0.0549888608667208 0.0285566900848124 -0.593557492341751 0.670510920409384 0.627649303954005 0.307342670604939
Maximizing likelihood @ n=8×1308=10464
 SD[log(ℓ)] = 2.65828014915128
 Δlog(ℓ) = 7.6195230821457
 Δβ/SD[β] = -0.0253588099813967 -0.258763039748919 -0.0224856715306532 -0.158809382758519 0.0630142259890002 0.127345611937419
Maximizing likelihood @ n=16×1308=20928
 SD[log(ℓ)] = 2.07098114979159
 Δlog(ℓ) = 2.33923862010318
 Δβ/SD[β] = -0.0156685082408525 0.055913154716369 -0.0307766317375859 -0.127567624881911 0.0574026001149246 0.23973203002182
Maximizing likelihood @ n=32×1308=41856
 SD[log(ℓ)] = 1.51576892843672
 Δlog(ℓ) = 1.13770241848616
 Δβ/SD[β] = -0.0598224481411682 -0.0980024375938546 -0.0602501844233161 -0.484161421986753 0.0380735263762546 -0.0475095340318945
Maximizing likelihood @ n=64×1308=83712
 SD[log(ℓ)] = 1.11015404550282
 Δlog(ℓ) = 2.22245941370016
 Δβ/SD[β] = -0.0421805649120002 -0.190684549862259 -0.0210726067123233 -0.228797577540645 0.00168361433078964 0.214828949746622
Maximizing likelihood @ n=128×1308=167424
 SD[log(ℓ)] = 0.808908632173606
 Δlog(ℓ) = 0.386783018628442
 Δβ/SD[β] = -0.0106993940051156 -0.0118682238845586 0.0189362009133911 -0.1128506140021 -0.0105391995084628 -0.00244616157194995
Maximizing likelihood @ n=256×1308=334848
 SD[log(ℓ)] = 0.582023391419116
 Δlog(ℓ) = 0.973048216266882
 Δβ/SD[β] = 0.0212358273763345 -0.0479172682711972 -0.0015318118966097 -0.147709652419231 0.0661639928344884 -0.0183678655030124
Maximizing likelihood @ n=512×1308=669696
 SD[log(ℓ)] = 0.416369555448378
 Δlog(ℓ) = 0.0265707397579362
 Δβ/SD[β] = 0.00668202251838032 -0.0196518080202404 0.0118882093153125 0.0286190744084487 0.0270373632320093 -0.00320474934909242
Maximizing likelihood @ n=1024×1308=1339392
 SD[log(ℓ)] = 0.294467015066152
 Δlog(ℓ) = 0.0596696223440176
 Δβ/SD[β] = 0.00703006726150067 -0.0172620101869195 -0.00718283865825715 0.0293281857320844 0.0176065148171844 0.0403052564370079
Maximizing likelihood @ n=2048×1308=2678784
 SD[log(ℓ)] = 0.212000660486807
 Δlog(ℓ) = -0.269283825849975
 Δβ/SD[β] = 0.029815414455304 0.0164994603345003 -0.00550316008099169 0.0340214896181821 0.0289780109117437 -0.0242519601957964
Maximizing likelihood @ n=4096×1308=5357568
 SD[log(ℓ)] = 0.149526080008667
 Δlog(ℓ) = 0.154102655045776
 Δβ/SD[β] = -0.0060643665655276 -0.00186031470392755 0.0113296356766183 -0.00282921710402085 -0.007970583072551 0.0115551081412259
Maximizing likelihood @ n=8192×1308=10715136
 SD[log(ℓ)] = 0.105652856631924
 Δlog(ℓ) = -0.151026565525044
 Δβ/SD[β] = 0.00522180664535521 0.00895518391970571 0.00993384591288999 0.0235062981414816 0.00709348313080545 -0.0124406748230945
Maximizing likelihood @ n=16384×1308=21430272
 SD[log(ℓ)] = 0.0783599711075753
 Δlog(ℓ) = -0.0148748946074946
 Δβ/SD[β] = 0.00172869969634866 0.00533859174075784 0.00777905853819677 0.0174087512597033 0.00226055261199641 -0.00282926801211064
Calculating Hessian
Maximizing likelihood @ n=1×1308=1308
 SD[log(ℓ)] = 6.06709965745625
 Δlog(ℓ) = Inf
 Δβ/SD[β] = 9.41423053436937 3.76296317379602 2.52785371269854 -31.0591664333698 -10.6564970846254 5.96868963962694
Maximizing likelihood @ n=2×1308=2616
 SD[log(ℓ)] = 5.07491065148096
 Δlog(ℓ) = 9.92007942668463
 Δβ/SD[β] = 1.64826675618495 0.419306430317353 0.498823601754357 0.201708729448908 -0.0109511547844075 0.730867497889713
Maximizing likelihood @ n=4×1308=5232
 SD[log(ℓ)] = 4.12893496034962
 Δlog(ℓ) = 11.2327805226671
 Δβ/SD[β] = 0.771541555396024 0.211587882262107 0.239322859859452 -0.435361720496446 0.0383496230432281 1.12969129883314
Maximizing likelihood @ n=8×1308=10464
 SD[log(ℓ)] = 3.04240286777691
 Δlog(ℓ) = -0.239616495968932
 Δβ/SD[β] = -0.278682481558395 -0.645163045030608 0.371202937968913 -0.26931972541493 0.207118842586809 -0.0680917899995181
Maximizing likelihood @ n=16×1308=20928
 SD[log(ℓ)] = 2.26057243176268
 Δlog(ℓ) = -0.479070098032679
 Δβ/SD[β] = 0.0372393486794503 -0.0598475775743235 0.129912607927245 -0.103946315635301 -0.0567504813965552 -0.390823197445369
Maximizing likelihood @ n=32×1308=41856
 SD[log(ℓ)] = 1.62149617599847
 Δlog(ℓ) = 1.63667628166213
 Δβ/SD[β] = 0.0932871325953725 0.0454467948536809 0.0934946072770117 0.000909142356427721 -0.0341675056971323 0.42849613342859
Maximizing likelihood @ n=64×1308=83712
 SD[log(ℓ)] = 1.1767162989464
 Δlog(ℓ) = 0.369038565070241
 Δβ/SD[β] = 0.0795497882226297 -0.102915196187139 0.134524001151865 0.0724802475467302 -0.0434758731067636 0.0506914282589631
Maximizing likelihood @ n=128×1308=167424
 SD[log(ℓ)] = 0.837638447046143
 Δlog(ℓ) = 1.31517923274357
 Δβ/SD[β] = 9.13833256150292e-05 0.0121835447259908 0.0392698189306457 -0.113628160542519 -0.0355416231464748 0.124215409256816
Maximizing likelihood @ n=256×1308=334848
 SD[log(ℓ)] = 0.592736613486235
 Δlog(ℓ) = -0.309859208625625
 Δβ/SD[β] = 0.00577181631194518 0.0674031112599285 -0.0314262218843365 -0.088248213831953 -0.0219700455752187 0.0274551411883844
Maximizing likelihood @ n=512×1308=669696
 SD[log(ℓ)] = 0.417310618708829
 Δlog(ℓ) = 0.0416455232595467
 Δβ/SD[β] = -0.017649921366358 0.0407900450144782 0.0201195888252671 0.00900607186625961 0.0125282362146881 -0.0483058620666434
Maximizing likelihood @ n=1024×1308=1339392
 SD[log(ℓ)] = 0.298235136392545
 Δlog(ℓ) = 0.099861369794553
 Δβ/SD[β] = 0.0249769220740123 0.0090338915568004 0.0559862598277042 -0.0546955088041702 0.0275302207639219 0.0269549032844494
Maximizing likelihood @ n=2048×1308=2678784
 SD[log(ℓ)] = 0.211314478190349
 Δlog(ℓ) = 0.221806332544702
 Δβ/SD[β] = 0.000596454699480549 0.0622069053909583 0.0280565478845563 -0.0111683365420772 0.0427978104437517 -0.0399728278536556
Maximizing likelihood @ n=4096×1308=5357568
 SD[log(ℓ)] = 0.159204154021333
 Δlog(ℓ) = -0.262428892483442
 Δβ/SD[β] = 0.0480197976174736 0.0241976785303919 -0.0219322911966594 0.0733200079109924 0.0245382289317474 -0.00375848908451967
Maximizing likelihood @ n=8192×1308=10715136
 SD[log(ℓ)] = 0.117090863880078
 Δlog(ℓ) = 0.0850026846934355
 Δβ/SD[β] = -0.0221926254003457 0.00112149171850809 0.00511564434736429 -0.000496507393178371 0.0128417841614621 0.0108376886193908
Maximizing likelihood @ n=16384×1308=21430272
 SD[log(ℓ)] = 0.0793994598476113
 Δlog(ℓ) = -0.0569063823480604
 Δβ/SD[β] = 0.00909787052649888 0.0104106906835918 0.0109406395401132 0.0168374908465643 0.0243846467182355 -0.0192319524133249
Calculating Hessian
Starting buffer 1500 
Maximizing likelihood @ n=1×1308=1308
 SD[log(ℓ)] = 5.39218063723024
 Δlog(ℓ) = Inf
 Δβ/SD[β] = 1.35706782698194 -2.65532531627036 1.31553966323139 -29.9938561205649 -11.1375678104806 4.88101954512025
Maximizing likelihood @ n=2×1308=2616
 SD[log(ℓ)] = 4.03147594666159
 Δlog(ℓ) = -4.29478223695461
 Δβ/SD[β] = -0.24856014803863 -0.31580192569711 -0.748753171134583 1.31151871252011 0.746410152181142 -0.118279889788025
Maximizing likelihood @ n=4×1308=5232
 SD[log(ℓ)] = 3.46640885134902
 Δlog(ℓ) = 7.9672828475958
 Δβ/SD[β] = 0.0163873897968204 0.120963984988913 0.0448282758732563 -1.15015889609244 0.178763630346235 0.738519308883757
Maximizing likelihood @ n=8×1308=10464
 SD[log(ℓ)] = 2.6762131070082
 Δlog(ℓ) = 2.2487851126408
 Δβ/SD[β] = 0.0311304651921176 0.0816534422669401 0.441981134698147 -0.173408350283742 0.0105502179128945 0.0695282671272798
Maximizing likelihood @ n=16×1308=20928
 SD[log(ℓ)] = 2.17757229425348
 Δlog(ℓ) = 3.43590094578071
 Δβ/SD[β] = 0.159070877611499 -0.0969674827797906 0.0652105729910378 -0.132718378165034 -0.0378008701578862 0.123738472516429
Maximizing likelihood @ n=32×1308=41856
 SD[log(ℓ)] = 1.59527218091375
 Δlog(ℓ) = -0.43894763488121
 Δβ/SD[β] = -0.0418958414133913 -0.0469935325791524 0.075705737016053 -0.0359828450523237 -0.237369698691243 -0.0573270403277524
Maximizing likelihood @ n=64×1308=83712
 SD[log(ℓ)] = 1.18832717643658
 Δlog(ℓ) = 1.67575671221634
 Δβ/SD[β] = -0.0301327706247619 -0.193626962203331 0.112984075574117 -0.363906071454969 0.0281980615657558 0.133008186429881
Maximizing likelihood @ n=128×1308=167424
 SD[log(ℓ)] = 0.837244082805949
 Δlog(ℓ) = 0.263140114220676
 Δβ/SD[β] = 0.0106029546467965 -0.0696046261164712 0.112337526548151 -0.00794810314257031 0.153080480326033 0.0332244180735208
Maximizing likelihood @ n=256×1308=334848
 SD[log(ℓ)] = 0.590073096723615
 Δlog(ℓ) = -0.226422778989559
 Δβ/SD[β] = -0.0300506105000792 0.00733029350278687 0.0536986522839986 -0.00279096545621253 -0.0720451672117614 0.0456586880092941
Maximizing likelihood @ n=512×1308=669696
 SD[log(ℓ)] = 0.422218210897841
 Δlog(ℓ) = 0.295463887043745
 Δβ/SD[β] = -0.107011834724164 -0.00303313856606039 0.191055162329816 -0.0469726556904433 0.0909022504922268 -0.0126551264774188
Maximizing likelihood @ n=1024×1308=1339392
 SD[log(ℓ)] = 0.304880902626826
 Δlog(ℓ) = 0.0725175658723387
 Δβ/SD[β] = 0.00476539784016883 0.00473947656620694 0.0308710316371505 -0.000215231478321914 -0.0151474060313558 0.0218563433630066
Maximizing likelihood @ n=2048×1308=2678784
 SD[log(ℓ)] = 0.212391944563261
 Δlog(ℓ) = 0.439095825518642
 Δβ/SD[β] = 0.000168998572817619 0.00850259888384374 0.00778639666333011 -0.0478012377172579 -0.0283606316458021 0.018776133887353
Maximizing likelihood @ n=4096×1308=5357568
 SD[log(ℓ)] = 0.154917254115173
 Δlog(ℓ) = -0.0623474823818313
 Δβ/SD[β] = 0.00276766703636653 -0.00118140988462545 0.00665296132778121 -0.00966832289385625 0.0329798999882605 -0.0385884433159391
Maximizing likelihood @ n=8192×1308=10715136
 SD[log(ℓ)] = 0.108593199946737
 Δlog(ℓ) = 0.24109721235024
 Δβ/SD[β] = 0.00215593720064208 0.000692457468339419 0.0280019813383684 -0.0560667777421724 -0.00934518934783153 0.0124896900232642
Maximizing likelihood @ n=16384×1308=21430272
 SD[log(ℓ)] = 0.0755186189357204
 Δlog(ℓ) = -0.0869865626636894
 Δβ/SD[β] = -0.0017267163061314 0.00805331429817215 0.0280685512597293 0.00918813616013789 0.0181676046292812 -0.00906649689327142
Calculating Hessian
Maximizing likelihood @ n=1×1308=1308
 SD[log(ℓ)] = 4.8728129744202
 Δlog(ℓ) = Inf
 Δβ/SD[β] = 3.11008856111923 -2.63684045855741 0.769770152948617 -33.0075441507971 -9.11445911469535 4.59174722292139
Maximizing likelihood @ n=2×1308=2616
 SD[log(ℓ)] = 4.01530940338748
 Δlog(ℓ) = 3.03472564809702
 Δβ/SD[β] = -0.0257060555068345 -0.265311526718014 0.118068529545715 -0.234944170708674 0.438551793616921 0.0952222820476317
Maximizing likelihood @ n=4×1308=5232
 SD[log(ℓ)] = 3.31911998445197
 Δlog(ℓ) = 5.4700785387794
 Δβ/SD[β] = 0.0565325387987549 0.627705378361694 0.259247413958548 -0.37908122998302 0.473653760223668 0.990332857950792
Maximizing likelihood @ n=8×1308=10464
 SD[log(ℓ)] = 2.6832336237194
 Δlog(ℓ) = 6.56499925218873
 Δβ/SD[β] = -0.149315318705284 -0.287121540812604 0.449481219250694 -0.819019478901535 0.236473745198199 0.546126269964788
Maximizing likelihood @ n=16×1308=20928
 SD[log(ℓ)] = 2.04324354163239
 Δlog(ℓ) = 2.79313558582419
 Δβ/SD[β] = -0.132305127291223 -0.103327510448152 -0.165961054913299 -0.509311163844352 0.277400399058885 -0.0657264317760083
Maximizing likelihood @ n=32×1308=41856
 SD[log(ℓ)] = 1.53132584107973
 Δlog(ℓ) = 1.7794221354061
 Δβ/SD[β] = -0.00833523652234913 -0.329231764516738 0.0493815995135372 -0.15556493446722 0.0889559951422874 0.0405074876749175
Maximizing likelihood @ n=64×1308=83712
 SD[log(ℓ)] = 1.1082779382674
 Δlog(ℓ) = 0.291505181727182
 Δβ/SD[β] = 0.0143287622517986 0.015891735425599 0.0421636042445801 0.215029519289814 -0.0272115254431303 0.252085303059729
Maximizing likelihood @ n=128×1308=167424
 SD[log(ℓ)] = 0.80228898199055
 Δlog(ℓ) = 0.245988264901477
 Δβ/SD[β] = 0.0139760405300403 -0.0089071684430276 0.0263484578612277 0.0254684049284454 -0.00563795536986301 0.0733892483110315
Maximizing likelihood @ n=256×1308=334848
 SD[log(ℓ)] = 0.581015868453224
 Δlog(ℓ) = 0.561631462904018
 Δβ/SD[β] = 0.0071134951684086 0.0237697458320579 -0.00228045323256612 -0.0461114482812284 0.0151781710186072 -0.00668649524642129
Maximizing likelihood @ n=512×1308=669696
 SD[log(ℓ)] = 0.427845113390068
 Δlog(ℓ) = -0.124709594198606
 Δβ/SD[β] = 0.00411223334933324 0.0204129333379684 0.0193552549804343 0.0175385264724076 -0.00365052964408706 -0.0200955967580797
Maximizing likelihood @ n=1024×1308=1339392
 SD[log(ℓ)] = 0.307703550316433
 Δlog(ℓ) = 0.0408606805431688
 Δβ/SD[β] = -0.0174556374094876 0.0114457435876523 -0.00670294817543358 0.00905131978812711 -0.0322689676056549 0.0276957680624485
Maximizing likelihood @ n=2048×1308=2678784
 SD[log(ℓ)] = 0.216961211824234
 Δlog(ℓ) = 0.181973319651654
 Δβ/SD[β] = 0.00466016132206396 -0.0109838164158569 2.83873972744459e-05 -0.0273047132700003 0.00602110093856512 0.011958955912758
Maximizing likelihood @ n=4096×1308=5357568
 SD[log(ℓ)] = 0.15143935051636
 Δlog(ℓ) = 0.094211993860803
 Δβ/SD[β] = -1.54966008101285e-05 -0.00897843418405567 0.00799685933901677 -0.0206008108868425 0.0072977614765528 0.00939342985536782
Maximizing likelihood @ n=8192×1308=10715136
 SD[log(ℓ)] = 0.106438881262044
 Δlog(ℓ) = 0.0314403026164598
 Δβ/SD[β] = 0.00802105366315347 -0.00720812492833389 0.0172503916944618 0.00207717720414474 0.0129943296907662 0.01164371757854
Maximizing likelihood @ n=16384×1308=21430272
 SD[log(ℓ)] = 0.0756829750041867
 Δlog(ℓ) = -0.0722980138866305
 Δβ/SD[β] = -0.00386472848233014 -0.00725297930312371 0.00784881265093239 0.0206341842993546 -0.00241884854333252 -0.000620779332297992
Calculating Hessian
Maximizing likelihood @ n=1×1308=1308
 SD[log(ℓ)] = 5.12853845498982
 Δlog(ℓ) = Inf
 Δβ/SD[β] = 5.52459186405401 -1.75702321132598 0.452131371434728 -29.1127813335669 -9.71098841836602 6.03513286578811
Maximizing likelihood @ n=2×1308=2616
 SD[log(ℓ)] = 4.37514735772619
 Δlog(ℓ) = 7.06305015797739
 Δβ/SD[β] = 0.364983238892683 -0.882817215171128 0.250083992517816 -0.422804688648281 0.643900502080165 0.39677438687045
Maximizing likelihood @ n=4×1308=5232
 SD[log(ℓ)] = 3.49650888780163
 Δlog(ℓ) = 2.43087397291331
 Δβ/SD[β] = -0.297645523981126 -0.423060105796566 1.1792927829742 -0.491990847817147 0.405540854376351 0.201982502124255
Maximizing likelihood @ n=8×1308=10464
 SD[log(ℓ)] = 2.81639121210994
 Δlog(ℓ) = 5.60654042701847
 Δβ/SD[β] = -0.15343874586577 -0.924205305314806 0.525883368250553 0.221704751920901 0.571466756398508 0.050156511006278
Maximizing likelihood @ n=16×1308=20928
 SD[log(ℓ)] = 2.09290834725517
 Δlog(ℓ) = -2.38220394608118
 Δβ/SD[β] = 0.0128984628647653 0.552550491397637 -0.0205995698224603 -0.0616542688520314 -0.00029107253419816 0.0170899610700411
Maximizing likelihood @ n=32×1308=41856
 SD[log(ℓ)] = 1.56394910158067
 Δlog(ℓ) = 1.35725592096865
 Δβ/SD[β] = 0.145506273939068 -0.0230255283973401 0.00920348481388661 -0.313692449221582 0.0262241727501962 0.174075803668385
Maximizing likelihood @ n=64×1308=83712
 SD[log(ℓ)] = 1.11481696895229
 Δlog(ℓ) = 0.268186114926174
 Δβ/SD[β] = -0.0538182152375378 -0.0860006034794455 -0.00196140863300647 -0.169419273701059 -0.197722498096054 0.051839373409078
Maximizing likelihood @ n=128×1308=167424
 SD[log(ℓ)] = 0.810505724324787
 Δlog(ℓ) = 0.910533896271403
 Δβ/SD[β] = 0.0208221212776223 0.0476369090689634 -0.0093414063606052 -0.222564365887382 0.0235765824597399 0.0485938687000512
Maximizing likelihood @ n=256×1308=334848
 SD[log(ℓ)] = 0.585598983052474
 Δlog(ℓ) = 0.431203098464565
 Δβ/SD[β] = 0.00273091939314268 0.039719047497751 0.00268199449896651 0.00814402251817963 0.029537180242216 0.0638358932803973
Maximizing likelihood @ n=512×1308=669696
 SD[log(ℓ)] = 0.414033905853225
 Δlog(ℓ) = 0.807637306750948
 Δβ/SD[β] = -0.0239321938647802 0.00460008748556669 0.0137073840671302 -0.036045900806033 -0.0448770067806175 0.0610007812835864
Maximizing likelihood @ n=1024×1308=1339392
 SD[log(ℓ)] = 0.327910889460263
 Δlog(ℓ) = 0.0443216180564789
 Δβ/SD[β] = -0.000442835214620604 0.0183723819742616 0.033565007128001 -0.00733420450211337 0.0391261648324211 -0.0206651961071008
Maximizing likelihood @ n=2048×1308=2678784
 SD[log(ℓ)] = 0.225903943166717
 Δlog(ℓ) = -0.276741969921929
 Δβ/SD[β] = -0.00210496078698295 0.00127872811949946 0.0195215077584604 -0.0114378676240345 0.000473039863010108 0.0130073293478285
Maximizing likelihood @ n=4096×1308=5357568
 SD[log(ℓ)] = 0.154391074156747
 Δlog(ℓ) = 0.133914610869404
 Δβ/SD[β] = -0.0028882504661832 -0.00868910922171415 0.0269638036830183 -0.0363030026063748 0.00236420343604707 -0.00275459289953434
Maximizing likelihood @ n=8192×1308=10715136
 SD[log(ℓ)] = 0.107248295692202
 Δlog(ℓ) = -0.00706939453848321
 Δβ/SD[β] = 0.00611754540058484 -0.0207337271676543 0.043447090995015 -0.0174283914509268 -0.00119704438922373 -0.0254775996956662
Maximizing likelihood @ n=16384×1308=21430272
 SD[log(ℓ)] = 0.0760920678945004
 Δlog(ℓ) = -0.0634897243060095
 Δβ/SD[β] = -0.00468898327770214 0.00712028622919045 0.015732858392996 0.0191045404929409 0.00445707317516001 0.0218139923957508
Calculating Hessian
Maximizing likelihood @ n=1×1308=1308
 SD[log(ℓ)] = 5.42154014584544
 Δlog(ℓ) = Inf
 Δβ/SD[β] = 2.4614273205081 -1.51505602793707 1.46787060827822 -30.8811006286057 -8.53667270786687 4.92209611739676
Maximizing likelihood @ n=2×1308=2616
 SD[log(ℓ)] = 4.4825542809655
 Δlog(ℓ) = 4.07462317749128
 Δβ/SD[β] = 0.127623267761038 -0.285088911689388 0.0674917774271308 -0.0515455402189411 0.101437508738279 1.37964394763039
Maximizing likelihood @ n=4×1308=5232
 SD[log(ℓ)] = 3.45335097392073
 Δlog(ℓ) = -0.410397503312637
 Δβ/SD[β] = 0.323185454976983 -0.261690159774272 -0.0522290571950091 0.710382907691037 0.109254082467618 0.0031304053003088
Maximizing likelihood @ n=8×1308=10464
 SD[log(ℓ)] = 2.69498123791744
 Δlog(ℓ) = 3.67474635715421
 Δβ/SD[β] = 1.00742989784432 1.208772984133 0.937040765476047 -0.229483498254782 0.018949337107874 0.927806292256179
Maximizing likelihood @ n=16×1308=20928
 SD[log(ℓ)] = 2.08239955718846
 Δlog(ℓ) = 4.47980749317009
 Δβ/SD[β] = -0.0339862983622462 -0.237502882733625 -0.238377179765065 -0.649826487021064 0.327042542274869 0.167847287912458
Maximizing likelihood @ n=32×1308=41856
 SD[log(ℓ)] = 1.49419733421232
 Δlog(ℓ) = -0.607963806579654
 Δβ/SD[β] = -0.030821279133716 0.0357274177135188 0.08348658791443 -0.0569540088139395 0.114087856384013 0.00451592153028627
Maximizing likelihood @ n=64×1308=83712
 SD[log(ℓ)] = 1.09501957262866
 Δlog(ℓ) = 2.11208663352593
 Δβ/SD[β] = 0.0346493257366373 -0.126817593398037 0.304349126074685 -0.200544673329983 0.0368155414577542 0.267620998629095
Maximizing likelihood @ n=128×1308=167424
 SD[log(ℓ)] = 0.796597473835907
 Δlog(ℓ) = -0.73614078821717
 Δβ/SD[β] = 0.0303641939063321 -0.0166817727361197 -0.00439361116266944 -0.0223424419760912 0.0226596294773619 -0.108208120640714
Maximizing likelihood @ n=256×1308=334848
 SD[log(ℓ)] = 0.562356535119151
 Δlog(ℓ) = -0.524317734837894
 Δβ/SD[β] = -0.0176668387678526 0.00261765534756317 0.000732609856840777 -0.0135847709759975 -0.0115604457296619 0.0283113278723482
Maximizing likelihood @ n=512×1308=669696
 SD[log(ℓ)] = 0.395332897147921
 Δlog(ℓ) = -0.175154569999378
 Δβ/SD[β] = 0.0038882187864577 0.00734144440546245 0.0103923197466926 0.0490576745036453 -0.0257836197034764 -0.00649365406984533
Maximizing likelihood @ n=1024×1308=1339392
 SD[log(ℓ)] = 0.283566331732638
 Δlog(ℓ) = -0.186948708794304
 Δβ/SD[β] = 0.00775926691914325 0.00297943863383848 0.000506080017847239 0.0405449859763985 -0.0234239093568254 -0.0106958403165878
Maximizing likelihood @ n=2048×1308=2678784
 SD[log(ℓ)] = 0.200124008627781
 Δlog(ℓ) = 0.378749205221609
 Δβ/SD[β] = 0.0064726552403993 -0.0033949449686609 0.00196286467384152 -0.0405015001738252 0.00577396749551594 0.0391623065626769
Maximizing likelihood @ n=4096×1308=5357568
 SD[log(ℓ)] = 0.141799767868633
 Δlog(ℓ) = 0.0970404634450404
 Δβ/SD[β] = -0.00740127023925664 -0.00692224117113191 0.00422102965239906 -0.0186214194602455 -0.0031127195535782 0.00582187760465573
Maximizing likelihood @ n=8192×1308=10715136
 SD[log(ℓ)] = 0.101130438554705
 Δlog(ℓ) = -0.077235093905486
 Δβ/SD[β] = 0.00163613018058631 -0.00412520808242672 -0.00220809871988922 -0.0034193541078778 0.00157509373683921 -0.0232675757246824
Maximizing likelihood @ n=16384×1308=21430272
 SD[log(ℓ)] = 0.0713374715351253
 Δlog(ℓ) = 0.0345972244436581
 Δβ/SD[β] = -0.00739897941263974 0.00146860695842905 -0.00628712503495685 -0.00156512659726154 0.0178287228611343 -0.00498893899392183
Calculating Hessian
There were 12 warnings (use warnings() to see them)
Script complete
Sat Nov 16 12:22:34 MST 2024
