Wed Nov 20 18:46:52 MST 2024
Initiating script
── Attaching core tidyverse packages ──────────────────────── tidyverse 2.0.0 ──
✔ dplyr     1.1.4     ✔ readr     2.1.5
✔ forcats   1.0.0     ✔ stringr   1.5.1
✔ ggplot2   3.5.1     ✔ tibble    3.2.1
✔ lubridate 1.9.3     ✔ tidyr     1.3.1
✔ purrr     1.0.2     
── Conflicts ────────────────────────────────────────── tidyverse_conflicts() ──
✖ ggplot2::annotate() masks ctmm::annotate()
✖ dplyr::filter()     masks stats::filter()
✖ dplyr::lag()        masks stats::lag()
ℹ Use the conflicted package (<http://conflicted.r-lib.org/>) to force all conflicts to become errors
Linking to GEOS 3.9.5, GDAL 3.8.5, PROJ 9.4.0; sf_use_s2() is TRUE
Loading required package: sp

Attaching package: ‘raster’

The following object is masked from ‘package:dplyr’:

    select

The following objects are masked from ‘package:ctmm’:

    projection, projection<-

terra 1.7.78

Attaching package: ‘terra’

The following object is masked from ‘package:tidyr’:

    extract

The following objects are masked from ‘package:ctmm’:

    distance, meta

[1] "/home/u15/mmercer3/proj/habitat_analysis_class/Final/Model_Fit_Results/roads_30/Ben_rr.Rda"
     [,1]                                
[1,] "Data loaded at 2024-11-20 18:47:07"
Some rasters are not loaded in RAM and may be slow to process. See help("raster::readAll").
Maximizing likelihood @ n=1×951=951
 SD[log(ℓ)] = 3.5818522016702
 Δlog(ℓ) = Inf
 Δβ/SD[β] = -1.14431954603825 -0.0223171807728953 -0.125585702561623 -0.0403719924810637 0.0301623576943983 -0.68153401770958 -1.11071686754388 0.17220252353287
Maximizing likelihood @ n=2×951=1902
 SD[log(ℓ)] = 3.35684435950097
 Δlog(ℓ) = 9.50568003473965
 Δβ/SD[β] = -5.15668815635937 -0.867559112420208 -0.229263779651774 0.727713811587274 0.286187173714651 0.29888058136616 -0.219683824246173 0.0260642850321031
Maximizing likelihood @ n=4×951=3804
 SD[log(ℓ)] = 2.59692053098642
 Δlog(ℓ) = 2.42160116124803
 Δβ/SD[β] = -0.0840366350279641 0.253104603661153 0.383536153738303 -0.152189993187532 0.560010946894996 0.284890340507533 -0.645897473309525 0.260184000553938
Maximizing likelihood @ n=8×951=7608
 SD[log(ℓ)] = 1.9507425081373
 Δlog(ℓ) = 0.0338059824202475
 Δβ/SD[β] = 0.508222854331787 0.327308807645596 -0.418791459605569 -0.134043387104727 -0.305819207127504 0.45331368655161 1.09677172001421 0.0782873879473035
Maximizing likelihood @ n=16×951=15216
 SD[log(ℓ)] = 1.51229465506504
 Δlog(ℓ) = 1.76902269048766
 Δβ/SD[β] = -0.324480437341813 -0.0340750965920262 -0.716515485196209 -0.418372617121536 0.923453247013048 -0.264110628196922 -0.358403802673889 0.173636793663209
Maximizing likelihood @ n=32×951=30432
 SD[log(ℓ)] = 1.16041029983685
 Δlog(ℓ) = 2.49457637802409
 Δβ/SD[β] = -0.0716325380496209 0.0318098250089311 0.0766496489240558 0.0150442028661974 -0.0843505922660413 0.143278549786298 -0.324643058478957 0.303133384594501
Maximizing likelihood @ n=64×951=60864
 SD[log(ℓ)] = 0.791938886266296
 Δlog(ℓ) = 0.455639470204716
 Δβ/SD[β] = -0.171185323910939 -0.0715003247256326 0.0428859411317412 0.0194949455041803 0.0218827721156953 0.120257676809418 -0.073073605046245 0.0459170846210938
Maximizing likelihood @ n=128×951=121728
 SD[log(ℓ)] = 0.565942767931868
 Δlog(ℓ) = 0.710045215063374
 Δβ/SD[β] = -0.0145540315321844 0.0115368264265564 0.00879008687352013 -0.0173450561812022 0.058566966824928 0.0488980249890491 -0.234980724817665 0.0912230208231075
Maximizing likelihood @ n=256×951=243456
 SD[log(ℓ)] = 0.3917745197982
 Δlog(ℓ) = 0.0359957248298244
 Δβ/SD[β] = -0.020067544363123 -0.00184371803820062 -0.0181772721950699 -0.000679303610984351 0.00905695422404764 -0.000902276962421345 -0.0517890821113631 0.0275891739090781
Maximizing likelihood @ n=512×951=486912
 SD[log(ℓ)] = 0.273298647140328
 Δlog(ℓ) = -0.269081656721418
 Δβ/SD[β] = 0.000429326191530034 0.00124509110847002 0.000189026611096419 0.047046182687723 -0.0211396307419958 -0.0110331040680437 -0.152270377699743 -0.0698366126451874
Maximizing likelihood @ n=1024×951=973824
 SD[log(ℓ)] = 0.192832365257385
 Δlog(ℓ) = 0.12190506344924
 Δβ/SD[β] = 0.0152229688334992 0.00407769932613426 -0.00647274025077994 0.0023754802466987 -0.01094973292915 0.00491187919004152 -0.0169967980485342 0.0189953314914103
Maximizing likelihood @ n=2048×951=1947648
 SD[log(ℓ)] = 0.13557275572507
 Δlog(ℓ) = -0.0194693698483093
 Δβ/SD[β] = -0.00806221479277121 -0.00339014069214275 0.00504660911340344 -0.00159325373586175 -0.00221564206229659 -0.0117462587615448 -0.00834745726587278 -0.000291014142190734
Maximizing likelihood @ n=4096×951=3895296
 SD[log(ℓ)] = 0.0954274508973104
 Δlog(ℓ) = -0.0815915545160806
 Δβ/SD[β] = -0.0182999578250042 -0.00361996574236675 0.00310610624950826 -0.0128627847613081 -0.016254816014168 -0.0175307495744749 0.000978592091554258 -0.00275608845310004
Maximizing likelihood @ n=8192×951=7790592
 SD[log(ℓ)] = 0.0672951485818727
 Δlog(ℓ) = -0.111909845980264
 Δβ/SD[β] = 0.0149326561621428 -0.00113283800156831 0.00654290745120444 -0.00498479133303588 -0.000789062859428758 0.00281619022007481 -0.0024340599247418 -0.00758343064482876
Maximizing likelihood @ n=16384×951=15581184
 SD[log(ℓ)] = 0.0475072159231875
 Δlog(ℓ) = -0.00381151673640545
 Δβ/SD[β] = -0.00211101882552427 -0.00919530502120721 0.00517444257148845 -0.00257017996338671 -0.00798305286222967 0.00424918441453511 0.0162656084525822 0.00970710038210856
Maximizing likelihood @ n=32768×951=31162368
 SD[log(ℓ)] = 0.0336145731432453
 Δlog(ℓ) = 0.0356757190472621
 Δβ/SD[β] = 0.000819550928948109 -0.00494288181974632 0.00991640826560802 -0.00890473266360503 -0.00981825592630654 0.0102096125830687 -0.0149478545119989 0.00262330273412945
Calculating Hessian
Warning message:
In rsf.fit(individual, individual_akde, R = R, max.mem = "2 Gb") :
  Calculation stopped before 3.7 Gb allocation.
Script complete
Wed Nov 20 19:54:41 MST 2024
