Fri Nov 15 15:54:54 MST 2024
Initiating script
── Attaching core tidyverse packages ──────────────────────── tidyverse 2.0.0 ──
✔ dplyr     1.1.4     ✔ readr     2.1.5
✔ forcats   1.0.0     ✔ stringr   1.5.1
✔ ggplot2   3.5.1     ✔ tibble    3.2.1
✔ lubridate 1.9.3     ✔ tidyr     1.3.1
✔ purrr     1.0.2     
── Conflicts ────────────────────────────────────────── tidyverse_conflicts() ──
✖ ggplot2::annotate() masks ctmm::annotate()
✖ dplyr::filter()     masks stats::filter()
✖ dplyr::lag()        masks stats::lag()
ℹ Use the conflicted package (<http://conflicted.r-lib.org/>) to force all conflicts to become errors
Linking to GEOS 3.9.5, GDAL 3.8.5, PROJ 9.4.0; sf_use_s2() is TRUE
Loading required package: sp

Attaching package: ‘raster’

The following object is masked from ‘package:dplyr’:

    select

The following objects are masked from ‘package:ctmm’:

    projection, projection<-

terra 1.7.78

Attaching package: ‘terra’

The following object is masked from ‘package:tidyr’:

    extract

The following objects are masked from ‘package:ctmm’:

    distance, meta

[1] "/home/u15/mmercer3/proj/habitat_analysis_class/Final/Model_Fit_Results/Charlie_rr.Rda"
     [,1]                                
[1,] "Data loaded at 2024-11-15 15:55:06"
Reading layer `major' from data source 
  `/home/u15/mmercer3/proj/habitat_analysis_class/Final/Major_Roads' 
  using driver `ESRI Shapefile'
Simple feature collection with 411 features and 7 fields
Geometry type: LINESTRING
Dimension:     XY
Bounding box:  xmin: 477946 ymin: 3545735 xmax: 511807.9 ymax: 3592212
Projected CRS: WGS 84 / UTM zone 12N
     [,1]                                 
[1,] "Roads loaded at 2024-11-15 15:55:06"
Default grid size of 1.00013888888889 hours chosen for bandwidth(...,fast=TRUE).
|---------|---------|---------|---------|=========================================                                          [1] 1681968
[1] 1681968
Starting buffer 30 
Maximizing likelihood @ n=1×1471=1471
 SD[log(ℓ)] = 7.25492882124066
 Δlog(ℓ) = Inf
 Δβ/SD[β] = 2.23086475136242 0.0188606185109176 -0.0807336911630453 -1.28031642802148 5.14906744339359 -0.557352577915408
Maximizing likelihood @ n=2×1471=2942
 SD[log(ℓ)] = 7.27964671869941
 Δlog(ℓ) = 46.5834688350789
 Δβ/SD[β] = 4.47608763672755 -3.93152776400911 2.74625850637784 0.785073362869874 2.52867534468977 1.23379562366937
Maximizing likelihood @ n=4×1471=5884
 SD[log(ℓ)] = 5.49109788750371
 Δlog(ℓ) = 15.4226507838014
 Δβ/SD[β] = 0.427138561928389 0.0848815578057841 0.189235997439043 -0.766543830605148 0.352547940433874 0.00373134750150125
Maximizing likelihood @ n=8×1471=11768
 SD[log(ℓ)] = 4.03496011202461
 Δlog(ℓ) = 7.09134089850619
 Δβ/SD[β] = 0.0159689178805249 -0.378548816003164 0.168080479522603 -0.970602025948761 0.204289155894492 -0.122307374733585
Maximizing likelihood @ n=16×1471=23536
 SD[log(ℓ)] = 3.00413185005884
 Δlog(ℓ) = 7.12375786804859
 Δβ/SD[β] = -0.0559799633502947 -0.069190919029859 0.146044851599026 -0.791441347724673 0.300612381807415 -0.113877292990051
Maximizing likelihood @ n=32×1471=47072
 SD[log(ℓ)] = 2.14275414829119
 Δlog(ℓ) = -1.59864813646044
 Δβ/SD[β] = -0.0548741541622885 -0.0822334067000674 0.056454962438171 0.172102710569904 -0.0360173512317917 -0.66368150413593
Maximizing likelihood @ n=64×1471=94144
 SD[log(ℓ)] = 1.54123942876709
 Δlog(ℓ) = 1.0708898942118
 Δβ/SD[β] = -0.0529223137228484 -0.0618425456452624 0.0158985920883355 -0.0541583168181363 0.113692143678011 0.105494239800645
Maximizing likelihood @ n=128×1471=188288
 SD[log(ℓ)] = 1.09841563251331
 Δlog(ℓ) = -0.360873265251882
 Δβ/SD[β] = -0.0714800201913764 0.0180120604002722 0.00544555054488519 -0.216662194279465 -0.00547373783828293 -0.0594842466868571
Maximizing likelihood @ n=256×1471=376576
 SD[log(ℓ)] = 0.774923086379961
 Δlog(ℓ) = -0.446247437707711
 Δβ/SD[β] = 0.00480601083937601 -0.0166394610742313 0.00804182127638435 -0.0422905081588384 -0.0334972347298857 -0.0255538452515953
Maximizing likelihood @ n=512×1471=753152
 SD[log(ℓ)] = 0.552419218771535
 Δlog(ℓ) = 0.749248665820801
 Δβ/SD[β] = 0.0130411726891693 0.0248885491629199 0.0542173396715212 -0.0927583164044245 0.028283636105717 -0.101185342921982
Maximizing likelihood @ n=1024×1471=1506304
 SD[log(ℓ)] = 0.393768533738639
 Δlog(ℓ) = 0.82657519792582
 Δβ/SD[β] = 0.0334763682886689 0.0152222074247996 0.013866510490445 -0.0255115518071146 0.0253457416584504 -0.0172325971270921
Maximizing likelihood @ n=2048×1471=3012608
 SD[log(ℓ)] = 0.280170078153182
 Δlog(ℓ) = -0.102361250433148
 Δβ/SD[β] = 0.0357543526665533 -0.0111342627165784 0.0137773835805668 0.0416312951644576 -0.0197024612972446 -0.0159925420226534
Maximizing likelihood @ n=4096×1471=6025216
 SD[log(ℓ)] = 0.200139869412767
 Δlog(ℓ) = -0.0951649015152043
 Δβ/SD[β] = 0.00727737223275076 -0.00228884046975128 0.0114436490687111 -0.0192998345923635 0.0158945689774921 -0.0129832030789758
Maximizing likelihood @ n=8192×1471=12050432
 SD[log(ℓ)] = 0.140698703665815
 Δlog(ℓ) = -0.209553615663822
 Δβ/SD[β] = -0.000828727579832054 -0.000923043261963853 0.00386779441046386 -0.00661947904852934 -0.01942213903899 -0.0140058094711483
Calculating Hessian
Maximizing likelihood @ n=1×1471=1471
 SD[log(ℓ)] = 8.28013231535353
 Δlog(ℓ) = Inf
 Δβ/SD[β] = -0.229715321154654 0.0591350223377014 0.036772418393155 -1.33032390523641 8.17789144077291 -0.151710415231465
Maximizing likelihood @ n=2×1471=2942
 SD[log(ℓ)] = 7.18226531876519
 Δlog(ℓ) = 34.2285921820112
 Δβ/SD[β] = -0.671552245663901 0.0959640345765054 -0.054874233969089 0.0844980441604978 0.727058941350591 -1.98884110872512
Maximizing likelihood @ n=4×1471=5884
 SD[log(ℓ)] = 5.32975050174814
 Δlog(ℓ) = 8.97345038318264
 Δβ/SD[β] = -0.09830286393897 -0.698322316080198 0.0533442107471054 -0.18338907520239 0.066314608348769 0.0197492626825925
Maximizing likelihood @ n=8×1471=11768
 SD[log(ℓ)] = 3.87944613097169
 Δlog(ℓ) = 0.0364338794594801
 Δβ/SD[β] = -0.384160175677483 -0.135560879776839 -0.276445071549035 -0.0616874077974066 0.0272303104452856 -0.210950733301096
Maximizing likelihood @ n=16×1471=23536
 SD[log(ℓ)] = 2.81715543933005
 Δlog(ℓ) = 4.49535978473398
 Δβ/SD[β] = -0.501094534998394 -0.160939224773147 -0.111547728995359 -0.0771656561447662 0.054828334611035 0.0281739451943091
Maximizing likelihood @ n=32×1471=47072
 SD[log(ℓ)] = 2.07764983314837
 Δlog(ℓ) = 5.03476828199609
 Δβ/SD[β] = -2.27765737828631 0.141344564558654 0.470169644378633 -0.0494352149124835 0.0032088868264374 -0.115866135501753
Maximizing likelihood @ n=64×1471=94144
 SD[log(ℓ)] = 1.52277605123828
 Δlog(ℓ) = 5.95774534416654
 Δβ/SD[β] = -2.43286932964729 -1.08189153533442 -0.450512369395392 0.0744228281807907 -0.0122134135901394 -0.0177859790534907
Maximizing likelihood @ n=128×1471=188288
 SD[log(ℓ)] = 1.09879151008596
 Δlog(ℓ) = 0.574618695649576
 Δβ/SD[β] = -0.12463952377388 -0.0744328870373222 -0.1188864930931 -0.12572802544237 -0.1046678453299 0.241229604799548
Maximizing likelihood @ n=256×1471=376576
 SD[log(ℓ)] = 0.783015102581622
 Δlog(ℓ) = 1.03196547655244
 Δβ/SD[β] = -0.0190504559623919 0.0125471982375759 -0.00738296529898869 -0.176976604275574 0.0163396428565494 -0.0227288786220909
Maximizing likelihood @ n=512×1471=753152
 SD[log(ℓ)] = 0.55117674420541
 Δlog(ℓ) = -0.166321649791826
 Δβ/SD[β] = 0.0021551048547447 -0.000683932609703364 -0.00933231218110502 -0.0254102724611208 0.0179625025608452 0.00895340136587575
Maximizing likelihood @ n=1024×1471=1506304
 SD[log(ℓ)] = 0.396488993674789
 Δlog(ℓ) = -0.138890475963024
 Δβ/SD[β] = -0.0228839821084741 0.00122911847752205 0.00598484510382205 0.0741591006009568 0.0117892793752825 0.00736271975855025
Maximizing likelihood @ n=2048×1471=3012608
 SD[log(ℓ)] = 0.281484115326724
 Δlog(ℓ) = 0.0330833607669092
 Δβ/SD[β] = -0.0187277772574058 0.0202444501023984 0.0363485850475045 -0.046048744525868 -0.00403965352708412 0.0438767900943887
Maximizing likelihood @ n=4096×1471=6025216
 SD[log(ℓ)] = 0.198545408393309
 Δlog(ℓ) = 0.0152171982471714
 Δβ/SD[β] = 0.0197997166536912 -0.0285699851192255 -0.0192737556306208 0.021082708207265 -0.023508284433009 0.0487274197775063
Maximizing likelihood @ n=8192×1471=12050432
 SD[log(ℓ)] = 0.140466051424294
 Δlog(ℓ) = -0.216041797838898
 Δβ/SD[β] = -0.0188374094540439 -0.00501490390604112 0.00345084512343868 -0.0236214891962443 0.00884185898361244 0.00150730995397377
Calculating Hessian
Maximizing likelihood @ n=1×1471=1471
 SD[log(ℓ)] = 6.54617885809433
 Δlog(ℓ) = Inf
 Δβ/SD[β] = -0.0809836197144262 0.0564850704717132 -0.0825084341161678 -1.27376790678691 4.33962049663054 -0.389030399943985
Maximizing likelihood @ n=2×1471=2942
 SD[log(ℓ)] = 7.08334522094298
 Δlog(ℓ) = 49.8044901917506
 Δβ/SD[β] = 1.4109556687371 -0.779831694971607 -0.608639348117108 -0.506995781897385 1.82966767245227 -0.509646908382694
Maximizing likelihood @ n=4×1471=5884
 SD[log(ℓ)] = 5.31068211692189
 Δlog(ℓ) = 14.4451008682309
 Δβ/SD[β] = -0.253772483809882 0.253351032001548 0.280133155217419 0.276597388443172 0.992924386918183 -0.214088688322743
Maximizing likelihood @ n=8×1471=11768
 SD[log(ℓ)] = 3.95220452279477
 Δlog(ℓ) = 5.56877043549929
 Δβ/SD[β] = 0.0899740001460595 -0.530722546909768 0.315544030537845 0.222416075131251 0.404054921335567 0.521321713593461
Maximizing likelihood @ n=16×1471=23536
 SD[log(ℓ)] = 2.91710458518901
 Δlog(ℓ) = 2.54969533278734
 Δβ/SD[β] = -0.0130134696016863 -0.0338464592532447 -0.11606403222737 -0.105952335179449 -0.000850489738539766 -0.0190173540584774
Maximizing likelihood @ n=32×1471=47072
 SD[log(ℓ)] = 2.16178492172054
 Δlog(ℓ) = 2.29005794223866
 Δβ/SD[β] = -0.138498934684868 -0.173264512641496 0.0205307710597872 0.458955478331475 0.00934938747742364 -0.515349957797478
Maximizing likelihood @ n=64×1471=94144
 SD[log(ℓ)] = 1.55781411839365
 Δlog(ℓ) = 1.16749633734725
 Δβ/SD[β] = 0.0121186365267682 0.0782822351516766 -0.149632943805055 -0.0762149061318442 0.0153267312270448 -0.0494939337353799
Maximizing likelihood @ n=128×1471=188288
 SD[log(ℓ)] = 1.08955638099714
 Δlog(ℓ) = -0.272839015882482
 Δβ/SD[β] = -0.0598268869625933 -0.0426186458001655 0.057143289220957 0.0185605781819248 0.0128044430025665 -0.119933173371426
Maximizing likelihood @ n=256×1471=376576
 SD[log(ℓ)] = 0.780551950723194
 Δlog(ℓ) = 0.145059366471401
 Δβ/SD[β] = -0.0164439871341174 -0.0206095995444903 0.018642203882272 0.0148872261157553 -0.0195778282542315 -0.0334529784033781
Maximizing likelihood @ n=512×1471=753152
 SD[log(ℓ)] = 0.549969467339437
 Δlog(ℓ) = 0.0281056945210025
 Δβ/SD[β] = -0.0313695188153704 -0.0220305475423194 0.0125308311563525 0.00269317472349219 0.077399659867952 0.0385745151443712
Maximizing likelihood @ n=1024×1471=1506304
 SD[log(ℓ)] = 0.391441824653834
 Δlog(ℓ) = 0.447800079902095
 Δβ/SD[β] = -0.00109296188062625 -0.030151172713095 -0.0294011337437141 -0.0717911504744677 -0.0370952260463745 0.017776255548017
Maximizing likelihood @ n=2048×1471=3012608
 SD[log(ℓ)] = 0.279688708548861
 Δlog(ℓ) = 0.551307841500375
 Δβ/SD[β] = -0.0122766617055396 0.00554347056068549 -0.00186182806245189 -0.0457858399174394 0.0421970461564268 0.0104110808828724
Maximizing likelihood @ n=4096×1471=6025216
 SD[log(ℓ)] = 0.19941864159407
 Δlog(ℓ) = 0.361944215302401
 Δβ/SD[β] = -0.0186111857162631 -0.0219646854297495 0.0150181913848632 -0.0325907465393858 0.0127248069235005 0.0172117549736822
Maximizing likelihood @ n=8192×1471=12050432
 SD[log(ℓ)] = 0.142290606363068
 Δlog(ℓ) = 0.103771920439101
 Δβ/SD[β] = 0.00387232967054569 -0.0158098020442053 0.000211395494675963 0.024956425180371 -0.0102828415540709 0.0105795777104125
Calculating Hessian
Maximizing likelihood @ n=1×1471=1471
 SD[log(ℓ)] = 7.94125214706558
 Δlog(ℓ) = Inf
 Δβ/SD[β] = 2.65905743400732 0.0550396004926656 0.459311978574598 -1.41810877892006 4.99944700245066 0.158159996128943
Maximizing likelihood @ n=2×1471=2942
 SD[log(ℓ)] = 7.53590600928612
 Δlog(ℓ) = 44.3084297322053
 Δβ/SD[β] = 1.11407788690596 -0.241749080223537 -0.370580315942818 -1.66259371311527 4.37851743243236 0.0968274574540987
Maximizing likelihood @ n=4×1471=5884
 SD[log(ℓ)] = 5.69650782143884
 Δlog(ℓ) = 13.5604563401857
 Δβ/SD[β] = -0.00776811060932938 0.664945822358861 -0.235667918675434 -0.0964602702330346 0.0535284286451742 -0.801604467038014
Maximizing likelihood @ n=8×1471=11768
 SD[log(ℓ)] = 4.21942614219765
 Δlog(ℓ) = 1.45649336978039
 Δβ/SD[β] = 0.373803386680467 0.0289553834986503 -0.0243165078211035 -0.114796073063041 -0.00760076165551402 -0.00980771299564556
Maximizing likelihood @ n=16×1471=23536
 SD[log(ℓ)] = 3.10755868914351
 Δlog(ℓ) = 4.03276829363631
 Δβ/SD[β] = -0.0400188864167223 -0.387893094886658 -0.0461795891738097 0.644744217811006 0.54137494798923 0.0813873168379926
Maximizing likelihood @ n=32×1471=47072
 SD[log(ℓ)] = 2.30507525628782
 Δlog(ℓ) = 5.3863389876305
 Δβ/SD[β] = 0.299654374641008 -0.467570642607412 0.880904084058244 0.126353351201689 0.00935152631854753 -0.531678375898273
Maximizing likelihood @ n=64×1471=94144
 SD[log(ℓ)] = 1.64616062229557
 Δlog(ℓ) = -1.28468982255168
 Δβ/SD[β] = -0.0107204303013619 0.027701603170704 0.0425650631223826 0.0531595036047172 0.0704596078122041 -0.0324493471689355
Maximizing likelihood @ n=128×1471=188288
 SD[log(ℓ)] = 1.29770993070724
 Δlog(ℓ) = 0.195956762376056
 Δβ/SD[β] = -0.0297770439715015 -0.0768557346105285 0.0770538716869616 0.174921984878242 0.0390052143286225 0.00180395853409764
Maximizing likelihood @ n=256×1471=376576
 SD[log(ℓ)] = 0.887968298977711
 Δlog(ℓ) = 0.161801735208996
 Δβ/SD[β] = -0.0355675299266252 0.0160471690126241 0.00197497377463004 -0.0559245450725032 0.0147624172602474 -0.012364990767258
Maximizing likelihood @ n=512×1471=753152
 SD[log(ℓ)] = 0.610317870958374
 Δlog(ℓ) = -0.746366663726519
 Δβ/SD[β] = -0.0614855662819885 -0.0385839032153421 -0.0215433853633156 0.033551996877331 0.0465570253081767 0.0237329648725766
Maximizing likelihood @ n=1024×1471=1506304
 SD[log(ℓ)] = 0.435154511819613
 Δlog(ℓ) = 0.497284647264337
 Δβ/SD[β] = 0.00520704595559618 -0.0106334732588842 -0.00559496341950892 -0.0492751712701253 -0.00917645241030511 -0.00137427890279169
Maximizing likelihood @ n=2048×1471=3012608
 SD[log(ℓ)] = 0.307818018889145
 Δlog(ℓ) = 0.186971353251124
 Δβ/SD[β] = -0.0199160761022213 -0.00197447203137424 -0.0238678286293338 -0.0317869398496865 0.0299971555789201 -0.0200839936031948
Maximizing likelihood @ n=4096×1471=6025216
 SD[log(ℓ)] = 0.218896559629984
 Δlog(ℓ) = -0.21526906537315
 Δβ/SD[β] = 0.00646768198837731 0.0157042930715644 0.00294806451043644 0.0640205548668942 0.015689645732904 -0.0108859719583509
Maximizing likelihood @ n=8192×1471=12050432
 SD[log(ℓ)] = 0.156798382739873
 Δlog(ℓ) = 0.0173877196000376
 Δβ/SD[β] = -0.00739967538639959 -0.0027665097980294 0.00162728363115384 -0.0113011895334522 0.00578298882337695 -0.00813184909257071
Calculating Hessian
Starting buffer 750 
Maximizing likelihood @ n=1×1471=1471
 SD[log(ℓ)] = 8.10912963521037
 Δlog(ℓ) = Inf
 Δβ/SD[β] = 4.39870734090423 0.0080792025924676 -0.147148698771742 -1.43352000795974 7.77655538625811 -0.547511141904732
Maximizing likelihood @ n=2×1471=2942
 SD[log(ℓ)] = 7.46113830431779
 Δlog(ℓ) = 30.1693885515143
 Δβ/SD[β] = 0.202259832229052 0.0383822124616297 0.360298563180342 -0.252124198292968 3.30434364468591 -0.0657806249109274
Maximizing likelihood @ n=4×1471=5884
 SD[log(ℓ)] = 5.53290146653976
 Δlog(ℓ) = 8.88891255752213
 Δβ/SD[β] = -0.0183116815355573 -0.0441398237065165 0.11699082348808 -0.0895837673033341 0.0762496861561246 -0.181370010106201
Maximizing likelihood @ n=8×1471=11768
 SD[log(ℓ)] = 4.1077874133039
 Δlog(ℓ) = 5.93784786413295
 Δβ/SD[β] = -0.00426907139022236 -0.0164595533094804 -0.0610987476557565 -0.0839053322318745 0.361470258063512 0.087033694792325
Maximizing likelihood @ n=16×1471=23536
 SD[log(ℓ)] = 2.92523513747409
 Δlog(ℓ) = -4.89695802561278
 Δβ/SD[β] = -0.0424956604214265 0.016938138377946 0.000466859353078516 0.0923087837219352 0.00283828246932965 0.00335209325489902
Maximizing likelihood @ n=32×1471=47072
 SD[log(ℓ)] = 2.16026988275506
 Δlog(ℓ) = -0.421461456248664
 Δβ/SD[β] = -0.0759475226692541 -0.035221878105415 -0.0543145472999809 0.399456472774928 0.0488155896554791 0.0654332867862069
Maximizing likelihood @ n=64×1471=94144
 SD[log(ℓ)] = 1.55282057111168
 Δlog(ℓ) = 1.44128138432291
 Δβ/SD[β] = 0.0422816044556886 -0.0281997435711687 0.0238044353500915 0.0644739648708043 0.0295170393996736 0.0286436752076276
Maximizing likelihood @ n=128×1471=188288
 SD[log(ℓ)] = 1.1105883965848
 Δlog(ℓ) = 1.55479366931934
 Δβ/SD[β] = 0.00330354909901802 -0.0158326568880429 -0.0296151096092882 -0.0711793077516985 0.00579500797537313 0.0286174981173709
Maximizing likelihood @ n=256×1471=376576
 SD[log(ℓ)] = 0.790797249006951
 Δlog(ℓ) = 0.405935714598513
 Δβ/SD[β] = -0.0148947083433345 -0.00149529820594621 -0.0120067674148202 0.00372552624198618 0.0448956467773039 -0.00969406695677278
Maximizing likelihood @ n=512×1471=753152
 SD[log(ℓ)] = 0.557210824898641
 Δlog(ℓ) = -0.0836318604661983
 Δβ/SD[β] = 0.0264147003318748 -0.0358308765004103 -0.03123418695407 0.0193685851430486 -0.0238909221055266 -0.061457827816729
Maximizing likelihood @ n=1024×1471=1506304
 SD[log(ℓ)] = 0.39494153467809
 Δlog(ℓ) = -0.575380281559603
 Δβ/SD[β] = 0.00586006572191985 -0.00688883911269939 0.0105081560603165 0.036194812718432 0.0275580186263199 0.0164512944344476
Maximizing likelihood @ n=2048×1471=3012608
 SD[log(ℓ)] = 0.28182111651763
 Δlog(ℓ) = 0.218497248454867
 Δβ/SD[β] = 0.0368752713190445 -0.0353467733023066 0.0116966091515272 -0.0856162848399085 0.021686575584425 -0.0105026967990359
Maximizing likelihood @ n=4096×1471=6025216
 SD[log(ℓ)] = 0.199166042618999
 Δlog(ℓ) = 0.0557601578033768
 Δβ/SD[β] = 0.0200864833740122 -0.0137646489659807 -0.00638955770013968 -0.0200008362437579 -0.0323895846453879 -0.0245347004397717
Maximizing likelihood @ n=8192×1471=12050432
 SD[log(ℓ)] = 0.143843341235711
 Δlog(ℓ) = -0.008435188802423
 Δβ/SD[β] = -0.0056859300531512 0.00167069474400914 -0.0236324106366729 0.0274557860198152 0.000493615677968649 -0.036792487552179
Calculating Hessian
Maximizing likelihood @ n=1×1471=1471
 SD[log(ℓ)] = 7.59884841577916
 Δlog(ℓ) = Inf
 Δβ/SD[β] = -1.76351872189337 0.0198938829540674 0.188181718437882 -1.30867783284908 6.84537022367408 -0.219146339764212
Maximizing likelihood @ n=2×1471=2942
 SD[log(ℓ)] = 6.95164399040752
 Δlog(ℓ) = 36.4322939763349
 Δβ/SD[β] = -0.471574779400125 -1.79990149217657 -1.23339872646984 -0.142383098950026 3.64165830014438 -1.10612474017397
Maximizing likelihood @ n=4×1471=5884
 SD[log(ℓ)] = 5.36472695693407
 Δlog(ℓ) = 22.2529753607373
 Δβ/SD[β] = -0.0744126051548291 0.0324849028071476 -0.0395144822456212 -0.861101919752343 0.412979886822363 -0.338471936162833
Maximizing likelihood @ n=8×1471=11768
 SD[log(ℓ)] = 3.92602503568855
 Δlog(ℓ) = 5.89755206150994
 Δβ/SD[β] = 0.030416871052019 0.0732791856459504 -0.0145006869138068 -0.123901006621911 0.0231839575553794 -0.0834000750864021
Maximizing likelihood @ n=16×1471=23536
 SD[log(ℓ)] = 2.83794347882132
 Δlog(ℓ) = 0.743588648506034
 Δβ/SD[β] = -0.0841067706024087 -0.0550462787908834 -0.0654515495154841 0.0154820149342308 0.0250315867496198 -0.102353833675233
Maximizing likelihood @ n=32×1471=47072
 SD[log(ℓ)] = 2.06730914843527
 Δlog(ℓ) = 1.01213870827212
 Δβ/SD[β] = -0.0496054971435723 0.126471957201295 -0.026764568454974 -0.435217427639207 0.0810631092418771 -0.112943375574454
Maximizing likelihood @ n=64×1471=94144
 SD[log(ℓ)] = 1.49021185029451
 Δlog(ℓ) = 1.71774704399871
 Δβ/SD[β] = 0.0597726960306493 0.108219662563067 -0.0398299605952391 -0.103938400967292 -0.00331541916489817 -0.199498177173588
Maximizing likelihood @ n=128×1471=188288
 SD[log(ℓ)] = 1.11098989093141
 Δlog(ℓ) = 0.848208396116149
 Δβ/SD[β] = 0.0333042772617793 0.0341472221756282 -0.00424400525791407 0.152204917347394 0.0286805988871484 0.068138710360801
Maximizing likelihood @ n=256×1471=376576
 SD[log(ℓ)] = 0.78157676354912
 Δlog(ℓ) = 0.0534984371654446
 Δβ/SD[β] = -3.75692010487264e-06 -0.00729382538876376 -0.00727362468345397 0.0280630059150048 -0.0151608500761983 -0.00916520285297076
Maximizing likelihood @ n=512×1471=753152
 SD[log(ℓ)] = 0.55478098805134
 Δlog(ℓ) = -0.0757270106178112
 Δβ/SD[β] = -0.0184836163959309 0.0198352194046379 -0.0417268059515999 -0.00267874393432382 0.0414416705427731 -0.0173333220294533
Maximizing likelihood @ n=1024×1471=1506304
 SD[log(ℓ)] = 0.397342636714927
 Δlog(ℓ) = -0.90938524929868
 Δβ/SD[β] = 0.0145737327665451 -0.0313118128900358 0.0254508514573257 0.142173457448992 -0.0346300920575099 -0.0485198590735207
Maximizing likelihood @ n=2048×1471=3012608
 SD[log(ℓ)] = 0.292794031284323
 Δlog(ℓ) = -0.382160059611863
 Δβ/SD[β] = 0.0100358376170817 0.01326234531424 -0.0244300298601875 0.0648334554069068 -0.0276464601156839 -0.00889022903542186
Maximizing likelihood @ n=4096×1471=6025216
 SD[log(ℓ)] = 0.202928190012131
 Δlog(ℓ) = -0.0489014282304652
 Δβ/SD[β] = 0.00463477023567567 0.00411064288682656 -0.00408232683289409 -0.0065370537344004 0.0269826587064909 -0.00860166472574601
Maximizing likelihood @ n=8192×1471=12050432
 SD[log(ℓ)] = 0.144020189846881
 Δlog(ℓ) = 0.31857089683723
 Δβ/SD[β] = 0.0182871747205232 -0.0109114690068589 -0.0321703474883579 -0.0233599604392688 0.0166165761342861 0.0171359933213129
Calculating Hessian
Maximizing likelihood @ n=1×1471=1471
 SD[log(ℓ)] = 6.77003249982016
 Δlog(ℓ) = Inf
 Δβ/SD[β] = -0.924692135648801 0.103562390184886 -0.719530466955099 -1.24891792258727 4.55669354067434 -0.28330792889327
Maximizing likelihood @ n=2×1471=2942
 SD[log(ℓ)] = 7.05429123429058
 Δlog(ℓ) = 63.508124290629
 Δβ/SD[β] = -0.744101688045177 -2.80953227538922 2.43282429009998 -0.859735309384284 5.60930707999119 -1.01104809771945
Maximizing likelihood @ n=4×1471=5884
 SD[log(ℓ)] = 5.38417723878208
 Δlog(ℓ) = 16.9327906892744
 Δβ/SD[β] = -0.0397293330528585 -0.413448075417833 -0.271359837728062 -1.34192543229111 0.551397810982777 -0.180249792030076
Maximizing likelihood @ n=8×1471=11768
 SD[log(ℓ)] = 4.0012457205915
 Δlog(ℓ) = 10.2671864849683
 Δβ/SD[β] = 0.230877403591693 -0.236467610946053 0.0193512002891128 0.013002608919917 0.0629872066695401 -0.433930364623492
Maximizing likelihood @ n=16×1471=23536
 SD[log(ℓ)] = 2.8946175427644
 Δlog(ℓ) = -1.83114346312567
 Δβ/SD[β] = -0.0352655219999019 -0.186571892793187 0.0880577158286911 -0.381891340797312 -0.00928509869178844 0.26205252537511
Maximizing likelihood @ n=32×1471=47072
 SD[log(ℓ)] = 2.18853155777502
 Δlog(ℓ) = 4.94984294547766
 Δβ/SD[β] = 0.0109553723846888 0.114788573828606 0.0752990332044228 -0.670063709732393 0.0106973721635413 0.00608076271713202
Maximizing likelihood @ n=64×1471=94144
 SD[log(ℓ)] = 1.53686452831721
 Δlog(ℓ) = -1.66671033338883
 Δβ/SD[β] = 0.0149550568565178 0.0210995530110172 -0.00348721555234796 0.022663175787662 0.03828027636173 0.00785564958484261
Maximizing likelihood @ n=128×1471=188288
 SD[log(ℓ)] = 1.10642571508416
 Δlog(ℓ) = -1.14159522734275
 Δβ/SD[β] = -0.0134729668782762 0.0193876641813699 -0.0639153312102392 -0.147054266126155 -0.0569956672057246 -0.0806131493631437
Maximizing likelihood @ n=256×1471=376576
 SD[log(ℓ)] = 0.780682571908276
 Δlog(ℓ) = 0.599871955676974
 Δβ/SD[β] = 0.0020424387249856 0.0108316806048973 -0.012913732530488 -0.0265534543447074 0.00875034890834451 -0.0167493866389639
Maximizing likelihood @ n=512×1471=753152
 SD[log(ℓ)] = 0.558929308096942
 Δlog(ℓ) = -0.566791698179998
 Δβ/SD[β] = -0.00544288366596977 0.0200740419806971 -0.0175413517520117 0.0530637610786084 -0.032046304721505 0.0168037766349211
Maximizing likelihood @ n=1024×1471=1506304
 SD[log(ℓ)] = 0.39446203360145
 Δlog(ℓ) = -0.912919082981375
 Δβ/SD[β] = -0.00586773074305629 0.0103487524964267 -0.00982022409820871 -0.0113199805912212 -0.0183015021255522 0.00227062991579506
Maximizing likelihood @ n=2048×1471=3012608
 SD[log(ℓ)] = 0.285187738711322
 Δlog(ℓ) = -0.438887738976007
 Δβ/SD[β] = 0.019375858695933 0.00531322354747299 0.0181800757073774 0.0526222669323228 0.00611281208944588 -0.00950602283170067
Maximizing likelihood @ n=4096×1471=6025216
 SD[log(ℓ)] = 0.211084778103149
 Δlog(ℓ) = -0.0466990535132936
 Δβ/SD[β] = 0.00133315525587383 0.00464964008850102 0.00701962639665875 0.0577661918550259 0.00274293070032839 -0.0110084985234053
Maximizing likelihood @ n=8192×1471=12050432
 SD[log(ℓ)] = 0.148486576357907
 Δlog(ℓ) = -0.000235242420785653
 Δβ/SD[β] = 0.00362202305805654 0.120526643802953 -0.0619140140175384 0.00858236975619214 -0.00604208373998189 -0.132160054561512
Calculating Hessian
Maximizing likelihood @ n=1×1471=1471
 SD[log(ℓ)] = 6.37528766840911
 Δlog(ℓ) = Inf
 Δβ/SD[β] = 2.11728101626802 0.0222789721327048 0.186142246350353 -1.20715817676594 3.76426102647847 0.0516771233877455
Maximizing likelihood @ n=2×1471=2942
 SD[log(ℓ)] = 7.06899588551413
 Δlog(ℓ) = 54.7259380750367
 Δβ/SD[β] = -0.199584808970415 -0.270556754365201 -0.523679661801019 -0.463978417580172 2.14771401638811 -9.26259433023223
Maximizing likelihood @ n=4×1471=5884
 SD[log(ℓ)] = 5.40128928757715
 Δlog(ℓ) = 18.1332651292002
 Δβ/SD[β] = 0.284269525961567 -0.0616486685164878 0.0151020640397335 -0.177156129200335 0.123664180629584 -0.143715326812922
Maximizing likelihood @ n=8×1471=11768
 SD[log(ℓ)] = 3.94718024106055
 Δlog(ℓ) = 4.78652646929544
 Δβ/SD[β] = 0.115209613622906 0.103043620372002 -0.0603040150088488 -0.175791163153731 0.0864104821045701 0.0245783997187443
Maximizing likelihood @ n=16×1471=23536
 SD[log(ℓ)] = 2.88303183741567
 Δlog(ℓ) = 2.67436744040793
 Δβ/SD[β] = 0.22787074075458 0.308869229367853 0.0491684064022391 -0.0560913859621898 -0.000803186171813031 0.0676641972416334
Maximizing likelihood @ n=32×1471=47072
 SD[log(ℓ)] = 2.14242449756899
 Δlog(ℓ) = 4.43820545223548
 Δβ/SD[β] = 0.249307495442512 0.125129789920734 -0.0775769354562965 -0.776991157468728 0.116685161224037 -0.225093649455114
Maximizing likelihood @ n=64×1471=94144
 SD[log(ℓ)] = 1.59603001060911
 Δlog(ℓ) = -0.545476620126465
 Δβ/SD[β] = 0.423273914904225 0.124089425563249 0.050865575544519 0.279267104434637 -0.0958300074238352 0.0381679500642434
Maximizing likelihood @ n=128×1471=188288
 SD[log(ℓ)] = 1.17004994091307
 Δlog(ℓ) = 1.9055809389456
 Δβ/SD[β] = 0.197688829994511 -0.0168665413914004 0.0998979257056807 -0.206427691165249 0.0485793169357764 0.1559016157959
Maximizing likelihood @ n=256×1471=376576
 SD[log(ℓ)] = 0.832637544547287
 Δlog(ℓ) = 0.974795427605272
 Δβ/SD[β] = -0.119245392180715 0.0691498845717052 0.0829717330696619 -0.154235702803373 0.0159425038494742 0.0640922845296487
Maximizing likelihood @ n=512×1471=753152
 SD[log(ℓ)] = 0.641877346745263
 Δlog(ℓ) = 0.495622227966692
 Δβ/SD[β] = 0.0895743009799368 0.53296897852963 0.0900899221431942 -0.0154670613634471 -0.0159458837368366 0.0924659484363375
Maximizing likelihood @ n=1024×1471=1506304
 SD[log(ℓ)] = 0.44009149044146
 Δlog(ℓ) = 0.239572696913399
 Δβ/SD[β] = 0.00877653341359267 0.00849238928866658 -0.017965039444197 -0.050001568189557 -0.00594753102007808 -0.0326393188894544
Maximizing likelihood @ n=2048×1471=3012608
 SD[log(ℓ)] = 0.308428534359635
 Δlog(ℓ) = -0.106438582449812
 Δβ/SD[β] = 0.0166990462252586 0.0409033410149713 0.0241248508632443 0.0575114074599063 0.0275743872561329 0.00784153950915949
Maximizing likelihood @ n=4096×1471=6025216
 SD[log(ℓ)] = 0.217734001911331
 Δlog(ℓ) = -0.106398437688313
 Δβ/SD[β] = -0.00168906209936355 0.0233693701310339 0.00523243818010194 -0.0288845741713462 -0.0240152240998201 -0.00384468749336683
Maximizing likelihood @ n=8192×1471=12050432
 SD[log(ℓ)] = 0.151908119017913
 Δlog(ℓ) = -0.242935532137608
 Δβ/SD[β] = -0.0149840337266452 0.0640339906918761 0.0588727626481622 0.0151443374663348 0.0475931320477419 -0.0230359461823048
Calculating Hessian
Starting buffer 1500 
Maximizing likelihood @ n=1×1471=1471
 SD[log(ℓ)] = 7.67144455196838
 Δlog(ℓ) = Inf
 Δβ/SD[β] = -0.85817923806567 -0.00135571509468206 0.185588342443465 -1.22588687907027 7.30015145026361 -0.160428729828795
Maximizing likelihood @ n=2×1471=2942
 SD[log(ℓ)] = 7.24043786865179
 Δlog(ℓ) = 40.5101211510276
 Δβ/SD[β] = -0.679959899029928 0.732507531043966 -0.342662638809529 -0.40707444914231 0.951013401867887 -2.99965647986514
Maximizing likelihood @ n=4×1471=5884
 SD[log(ℓ)] = 5.36289738156523
 Δlog(ℓ) = 7.80634407123779
 Δβ/SD[β] = 0.0373499625984063 -0.0576486733532398 -0.0339509401894608 -0.106664242982045 0.0549296766247872 0.023777980104215
Maximizing likelihood @ n=8×1471=11768
 SD[log(ℓ)] = 3.89372411067418
 Δlog(ℓ) = 1.88488351922689
 Δβ/SD[β] = 0.114212384003157 0.057705658248373 -0.223661302534654 -0.431637883755688 0.187389914270232 -0.0443005855283325
Maximizing likelihood @ n=16×1471=23536
 SD[log(ℓ)] = 2.88650104424509
 Δlog(ℓ) = 7.99879584767518
 Δβ/SD[β] = -0.0281266687520129 -0.0106561375324597 -0.220197744433552 -0.133711420420595 0.0284284979079594 -0.0135916755429642
Maximizing likelihood @ n=32×1471=47072
 SD[log(ℓ)] = 2.18149108748936
 Δlog(ℓ) = 2.31620176932466
 Δβ/SD[β] = -0.0168780402031154 -0.00747375726784327 -0.0768171121327047 0.0423211026775147 0.00810562968283535 0.115183447241448
Maximizing likelihood @ n=64×1471=94144
 SD[log(ℓ)] = 1.56917575285697
 Δlog(ℓ) = 0.236223700388962
 Δβ/SD[β] = -0.0509264807459424 0.00246348299532932 -0.0136767998585886 -0.0334831674660717 0.00673048820809889 -0.0400184745623091
Maximizing likelihood @ n=128×1471=188288
 SD[log(ℓ)] = 1.103758650068
 Δlog(ℓ) = -0.373373952632107
 Δβ/SD[β] = 0.093689091570864 0.0350914595109413 -0.24410760188804 0.0748199162955679 -0.0186645687519173 -0.0398139513057276
Maximizing likelihood @ n=256×1471=376576
 SD[log(ℓ)] = 0.778438175607444
 Δlog(ℓ) = -0.6842977769615
 Δβ/SD[β] = 0.0176412584557962 -0.0189618259062362 0.015642950135963 0.057083876238163 0.0446258648528396 -0.0176055359030269
Maximizing likelihood @ n=512×1471=753152
 SD[log(ℓ)] = 0.564527539948542
 Δlog(ℓ) = -0.134231516037573
 Δβ/SD[β] = -0.0160856528672411 0.02181808355022 -0.00588985205778833 0.0665603600011825 0.0294438385086379 -0.0209047989915229
Maximizing likelihood @ n=1024×1471=1506304
 SD[log(ℓ)] = 0.402528126660942
 Δlog(ℓ) = -0.192357744580193
 Δβ/SD[β] = -0.00419466023091267 -0.0118110481246747 -0.0155132168626441 -0.0480742393118306 -0.00608213841953689 -0.018044857974416
Maximizing likelihood @ n=2048×1471=3012608
 SD[log(ℓ)] = 0.286930709480124
 Δlog(ℓ) = -0.519685247849566
 Δβ/SD[β] = 0.00226559477337555 -0.00468365494227626 -0.0199113564932512 0.0983834753885739 0.00976102167081437 0.0308912084415284
Maximizing likelihood @ n=4096×1471=6025216
 SD[log(ℓ)] = 0.201341414741458
 Δlog(ℓ) = 0.0111090347653544
 Δβ/SD[β] = 0.000677922000650759 -0.0090889695135613 -0.0218763660711507 -0.018814635655958 -0.0221988160326037 0.0141534166441502
Maximizing likelihood @ n=8192×1471=12050432
 SD[log(ℓ)] = 0.145997877109636
 Δlog(ℓ) = 0.335620085947824
 Δβ/SD[β] = -0.0050086237523102 0.00750783379897202 -0.0309742346748172 -0.0236989456973079 0.0296790770370731 0.0346153192090508
Calculating Hessian
Maximizing likelihood @ n=1×1471=1471
 SD[log(ℓ)] = 6.88952574399856
 Δlog(ℓ) = Inf
 Δβ/SD[β] = 0.728547836073444 -0.0835020844722925 0.167068787239071 -1.31682884237148 3.72115845271404 -0.325561529295449
Maximizing likelihood @ n=2×1471=2942
 SD[log(ℓ)] = 7.00161542221345
 Δlog(ℓ) = 58.8143338122716
 Δβ/SD[β] = -2.0471936973118 0.360800667956677 -4.30047339773447 0.50410139131466 7.17893703747145 -2.82455207668866
Maximizing likelihood @ n=4×1471=5884
 SD[log(ℓ)] = 5.32589450678086
 Δlog(ℓ) = 15.8401142757242
 Δβ/SD[β] = -0.139812558017165 -0.0903538733403745 0.3738902807819 -0.288009406026194 0.0875834148865722 -0.00813151143288722
Maximizing likelihood @ n=8×1471=11768
 SD[log(ℓ)] = 3.90910544917384
 Δlog(ℓ) = 2.40953424106795
 Δβ/SD[β] = 0.0699423329450991 0.157049540439339 0.257710916104996 -0.562873098827383 0.0910610108193639 -0.406657821474845
Maximizing likelihood @ n=16×1471=23536
 SD[log(ℓ)] = 2.88424828057564
 Δlog(ℓ) = 4.22172941277631
 Δβ/SD[β] = 0.0710687519520194 0.844909697460793 0.44859385224933 -0.364376457570032 0.257956887073269 0.23146788892947
Maximizing likelihood @ n=32×1471=47072
 SD[log(ℓ)] = 2.08145663172656
 Δlog(ℓ) = 0.677882875521959
 Δβ/SD[β] = 0.00649488379343469 0.0105095438526088 -0.00638624530274078 -0.0063723667867681 0.0206539812342625 0.0218179485962208
Maximizing likelihood @ n=64×1471=94144
 SD[log(ℓ)] = 1.51003347734777
 Δlog(ℓ) = 2.59973014949094
 Δβ/SD[β] = 0.0165530446263151 0.0434565098190358 -0.0218112233479538 -0.0419556107186604 0.0691452388880158 0.0191557454747461
Maximizing likelihood @ n=128×1471=188288
 SD[log(ℓ)] = 1.07704109043205
 Δlog(ℓ) = 1.57833483312902
 Δβ/SD[β] = 0.0240439530316966 0.0188066012730152 0.00308097996686402 -0.0748372317515431 0.0396305239848552 -0.027312713651413
Maximizing likelihood @ n=256×1471=376576
 SD[log(ℓ)] = 0.777316473174897
 Δlog(ℓ) = 1.62641697303263
 Δβ/SD[β] = -0.0243931028964163 0.0448280370658359 0.0106461884253271 -0.0291586576693036 0.0521397313432219 0.0205928000878807
Maximizing likelihood @ n=512×1471=753152
 SD[log(ℓ)] = 0.552202371734306
 Δlog(ℓ) = 0.108039841404093
 Δβ/SD[β] = -0.0263768648803462 0.037694977767074 0.026509453071595 0.068790477584553 -0.0353608164273556 -0.0248986541275874
Maximizing likelihood @ n=1024×1471=1506304
 SD[log(ℓ)] = 0.404865830721576
 Δlog(ℓ) = -0.340311094557762
 Δβ/SD[β] = -0.036118051855127 0.11053709239573 0.0579977641871535 0.0858371451675172 0.0694419547875296 -0.0291062121368376
Maximizing likelihood @ n=2048×1471=3012608
 SD[log(ℓ)] = 0.286403776911411
 Δlog(ℓ) = 0.203630032642479
 Δβ/SD[β] = 0.0113573646890476 0.0209542097816863 0.0181273370108518 0.0821457141991051 -0.0228301221318436 0.0251624699927183
Maximizing likelihood @ n=4096×1471=6025216
 SD[log(ℓ)] = 0.206062719183137
 Δlog(ℓ) = -0.089404763772734
 Δβ/SD[β] = 0.00444841132332294 0.0298026569171687 -0.00330852084907901 -0.00195278042431252 -0.0299921246831219 0.000116331692234977
Maximizing likelihood @ n=8192×1471=12050432
 SD[log(ℓ)] = 0.144187714779937
 Δlog(ℓ) = 0.0168318423451979
 Δβ/SD[β] = 0.0054174178608781 0.0387414437029847 0.0124526266904044 -0.0337920179961039 0.0353525717762266 0.010048257237253
Calculating Hessian
Maximizing likelihood @ n=1×1471=1471
 SD[log(ℓ)] = 6.19825777094793
 Δlog(ℓ) = Inf
 Δβ/SD[β] = 1.68932766586516 -0.0374193174552803 -0.0950703912527322 -1.47812380746886 2.3775298793872 -0.0948545860939937
Maximizing likelihood @ n=2×1471=2942
 SD[log(ℓ)] = 7.60969206035601
 Δlog(ℓ) = 91.7369132209398
 Δβ/SD[β] = -1.7395800688818 -1.98337191438938 0.430475448417466 -0.576800424131874 10.3247738258701 -8.61310781929034
Maximizing likelihood @ n=4×1471=5884
 SD[log(ℓ)] = 5.31552410568896
 Δlog(ℓ) = -6.16864369132634
 Δβ/SD[β] = 0.428491782155796 2.7466823110378 0.938335811985389 2.40921341518111 0.445046847754494 -6.29253840711775
Maximizing likelihood @ n=8×1471=11768
 SD[log(ℓ)] = 3.96148208521655
 Δlog(ℓ) = 9.06461656744364
 Δβ/SD[β] = 0.0664715130511486 0.216657694241489 -0.055199358674906 -0.0744027776030687 -0.0027874649457672 -0.0191551842452695
Maximizing likelihood @ n=16×1471=23536
 SD[log(ℓ)] = 2.9112628688795
 Δlog(ℓ) = 1.95309191985802
 Δβ/SD[β] = 0.105159437185119 0.190010446580728 0.0672204062958783 -0.0104347655258934 0.0124756740427408 0.0223327738777999
Maximizing likelihood @ n=32×1471=47072
 SD[log(ℓ)] = 2.10994467092704
 Δlog(ℓ) = 2.94259735391915
 Δβ/SD[β] = 0.116591220780677 0.134566405488603 0.0843301875701803 -0.363503993440559 0.129229842424187 0.172606339126105
Maximizing likelihood @ n=64×1471=94144
 SD[log(ℓ)] = 1.61826256724756
 Δlog(ℓ) = 0.0806452138011196
 Δβ/SD[β] = -0.0339479181873868 0.116697857370325 -0.086544395418291 0.294039469261303 0.0133415376074814 0.443651922401801
Maximizing likelihood @ n=128×1471=188288
 SD[log(ℓ)] = 1.13836742053196
 Δlog(ℓ) = -0.652552828645867
 Δβ/SD[β] = 0.0307917176486346 -0.0574966898460683 -0.0407026236294887 -0.37928284389073 -0.0579644012876423 0.0575558315425693
Maximizing likelihood @ n=256×1471=376576
 SD[log(ℓ)] = 0.818024344453999
 Δlog(ℓ) = 0.421139404781172
 Δβ/SD[β] = -0.00571099418698398 0.0160787235443447 0.0047347377897728 -0.234715092660748 0.0287423268818653 -0.0612533804004463
Maximizing likelihood @ n=512×1471=753152
 SD[log(ℓ)] = 0.570102576003839
 Δlog(ℓ) = -0.319405698110984
 Δβ/SD[β] = -0.0104671241922636 -0.0113121216617374 -0.0156718621675284 0.0134675424957246 -0.0363778774315924 -0.0312577255407754
Maximizing likelihood @ n=1024×1471=1506304
 SD[log(ℓ)] = 0.406746772773693
 Δlog(ℓ) = -0.284994745192591
 Δβ/SD[β] = -0.00136319440261073 0.0142820952200118 -0.0129790485804349 -0.0420683967757006 0.00854805251136789 -0.0792046606742413
Maximizing likelihood @ n=2048×1471=3012608
 SD[log(ℓ)] = 0.2830156424041
 Δlog(ℓ) = 0.538315611139183
 Δβ/SD[β] = -0.00358922254887457 -0.00460104356184275 -0.00185711434135336 -0.0361578017142974 0.0287256440329762 -0.0247682268949773
Maximizing likelihood @ n=4096×1471=6025216
 SD[log(ℓ)] = 0.201195343398852
 Δlog(ℓ) = -0.369230757291461
 Δβ/SD[β] = -0.00213392202892168 0.0128213135355927 -0.0111520954602705 0.0512923434652213 0.00489052215967025 0.00079369142114409
Maximizing likelihood @ n=8192×1471=12050432
 SD[log(ℓ)] = 0.143482861231259
 Δlog(ℓ) = 0.0619822399269196
 Δβ/SD[β] = -0.00467844286764408 0.00351899175844854 0.000415988422992381 -0.0112921907799788 -0.00471240007501413 -0.0174680985252597
Calculating Hessian
Maximizing likelihood @ n=1×1471=1471
 SD[log(ℓ)] = 8.10200781753153
 Δlog(ℓ) = Inf
 Δβ/SD[β] = 0.101118820481405 -0.0517598030660821 -0.143170894430315 -1.36145548985758 7.89443183925734 -0.18071741747575
Maximizing likelihood @ n=2×1471=2942
 SD[log(ℓ)] = 7.13736954049685
 Δlog(ℓ) = 25.4443197022129
 Δβ/SD[β] = 0.35137193530607 -0.114505317746071 0.347028779957062 -0.00496179710761008 0.785914226127344 -0.61770018933932
Maximizing likelihood @ n=4×1471=5884
 SD[log(ℓ)] = 5.29292147630086
 Δlog(ℓ) = 8.82590299053942
 Δβ/SD[β] = -0.165516741003983 0.372908464418273 0.481779724711017 -0.0483679876063059 0.0452569803701316 -0.774632318176385
Maximizing likelihood @ n=8×1471=11768
 SD[log(ℓ)] = 3.91398088120111
 Δlog(ℓ) = 1.63151776649704
 Δβ/SD[β] = -0.123609192779277 0.0751744834383434 -0.0606668744883729 0.158472557729129 0.0308657147542525 -0.354659453881294
Maximizing likelihood @ n=16×1471=23536
 SD[log(ℓ)] = 2.8994544308356
 Δlog(ℓ) = 7.53508997519782
 Δβ/SD[β] = -0.0398577331909728 0.205730925319694 0.0472098068240441 -0.137596657407375 0.0516466113310349 0.0279139323831236
Maximizing likelihood @ n=32×1471=47072
 SD[log(ℓ)] = 2.13637921927874
 Δlog(ℓ) = 1.60310288455491
 Δβ/SD[β] = 0.514512894353604 -0.0849797496138012 0.166045834954354 -0.780694555823181 -0.0148134913897658 0.229368842175978
Maximizing likelihood @ n=64×1471=94144
 SD[log(ℓ)] = 1.56317165912337
 Δlog(ℓ) = 4.00869154516698
 Δβ/SD[β] = 0.0913758129112449 0.0584331578159105 0.0682852288930582 -0.42408827900004 0.0985657728194483 -0.123713293951548
Maximizing likelihood @ n=128×1471=188288
 SD[log(ℓ)] = 1.11008330196072
 Δlog(ℓ) = 0.13969914013046
 Δβ/SD[β] = 0.0157119787986492 0.0594858016782016 -0.00817673856954544 -0.119363438995249 0.0627891028538385 0.0626615992588809
Maximizing likelihood @ n=256×1471=376576
 SD[log(ℓ)] = 0.78663074697626
 Δlog(ℓ) = 1.30996665347908
 Δβ/SD[β] = -0.0218871121350817 0.048409107353712 0.0057998485568665 -0.0610235368128272 -0.0468519548559138 -0.00620672604909562
Maximizing likelihood @ n=512×1471=753152
 SD[log(ℓ)] = 0.555607556489699
 Δlog(ℓ) = -1.17929755721673
 Δβ/SD[β] = -0.0534179911922466 0.0154550964078455 0.0026994021965179 0.141353560009239 0.0311891667758807 0.0405088596134566
Maximizing likelihood @ n=1024×1471=1506304
 SD[log(ℓ)] = 0.394542338685272
 Δlog(ℓ) = -0.350764264155202
 Δβ/SD[β] = 0.0288294612426203 0.0332251072645376 0.0143377811355374 0.0471422138268425 -0.0312221882698962 -0.0109967389650775
Maximizing likelihood @ n=2048×1471=3012608
 SD[log(ℓ)] = 0.280023615361279
 Δlog(ℓ) = -0.319186665031111
 Δβ/SD[β] = -0.00709490145846401 -0.000840135980911477 -0.00982457613714217 0.0425431216578635 0.0168850202908936 -0.00372854586683404
Maximizing likelihood @ n=4096×1471=6025216
 SD[log(ℓ)] = 0.209524947945004
 Δlog(ℓ) = -0.254868874228123
 Δβ/SD[β] = -0.0086964884488009 0.0138688393319991 0.00999223293643385 0.0524874231375599 -0.0278840992715943 -0.0247948047691025
Maximizing likelihood @ n=8192×1471=12050432
 SD[log(ℓ)] = 0.146662636054494
 Δlog(ℓ) = 0.0321707798167949
 Δβ/SD[β] = 0.00319972713656392 0.000301706458684175 -0.00629465113576344 0.0189502007502125 0.0243220446739261 -0.00658289913048504
Calculating Hessian
There were 12 warnings (use warnings() to see them)
Script complete
Fri Nov 15 20:35:41 MST 2024
