Wed Nov 20 19:39:34 MST 2024
Initiating script
── Attaching core tidyverse packages ──────────────────────── tidyverse 2.0.0 ──
✔ dplyr     1.1.4     ✔ readr     2.1.5
✔ forcats   1.0.0     ✔ stringr   1.5.1
✔ ggplot2   3.5.1     ✔ tibble    3.2.1
✔ lubridate 1.9.3     ✔ tidyr     1.3.1
✔ purrr     1.0.2     
── Conflicts ────────────────────────────────────────── tidyverse_conflicts() ──
✖ ggplot2::annotate() masks ctmm::annotate()
✖ dplyr::filter()     masks stats::filter()
✖ dplyr::lag()        masks stats::lag()
ℹ Use the conflicted package (<http://conflicted.r-lib.org/>) to force all conflicts to become errors
Linking to GEOS 3.9.5, GDAL 3.8.5, PROJ 9.4.0; sf_use_s2() is TRUE
Loading required package: sp

Attaching package: ‘raster’

The following object is masked from ‘package:dplyr’:

    select

The following objects are masked from ‘package:ctmm’:

    projection, projection<-

terra 1.7.78

Attaching package: ‘terra’

The following object is masked from ‘package:tidyr’:

    extract

The following objects are masked from ‘package:ctmm’:

    distance, meta

[1] "/home/u15/mmercer3/proj/habitat_analysis_class/Final/Model_Fit_Results/roads_750/Luna_rr.Rda"
     [,1]                                
[1,] "Data loaded at 2024-11-20 19:39:44"
Default grid size of 47.9866666666667 minutes chosen for bandwidth(...,fast=TRUE).
Some rasters are not loaded in RAM and may be slow to process. See help("raster::readAll").
Maximizing likelihood @ n=1×2435=2435
 SD[log(ℓ)] = 7.21956270570658
 Δlog(ℓ) = Inf
 Δβ/SD[β] = 0.053306663366545 0.52583776763687 -0.390193844619096 -0.0254117094812865 0.0322633736436278 -1.13384263669666 -0.618032349237047 0.022367790787367
Maximizing likelihood @ n=2×2435=4870
 SD[log(ℓ)] = 6.43218479077313
 Δlog(ℓ) = 31.0186845074428
 Δβ/SD[β] = 0.743256147608326 7.29997060659876 -4.1380688009855 0.187569705495461 3.7550880445332 -0.241005749157015 -0.181131453717735 -0.567264897159114
Maximizing likelihood @ n=4×2435=9740
 SD[log(ℓ)] = 5.59733802754984
 Δlog(ℓ) = 18.790650692366
 Δβ/SD[β] = 5.08417263244255 0.968204289168677 -0.991726916905131 0.165262553769092 0.880340807608931 -0.0476503747690741 -0.518293104326283 0.0429514635940938
Maximizing likelihood @ n=8×2435=19480
 SD[log(ℓ)] = 4.3393536946656
 Δlog(ℓ) = 12.9001504750924
 Δβ/SD[β] = 1.28101212155261 0.0665551429840465 -0.116368425480329 -0.0470539835371583 0.142537581754844 -0.131826598067305 -0.0346511358475435 0.17059716663796
Maximizing likelihood @ n=16×2435=38960
 SD[log(ℓ)] = 3.2198790871455
 Δlog(ℓ) = 4.47816015782902
 Δβ/SD[β] = 0.437236817535288 0.0427419949490102 -0.00722833963221083 0.0550811907751059 0.0236129400269835 -0.0794982392967283 0.0788111565475405 -0.00614490114810082
Maximizing likelihood @ n=32×2435=77920
 SD[log(ℓ)] = 2.32983442519862
 Δlog(ℓ) = 5.34738991504264
 Δβ/SD[β] = 0.0769158923331883 0.00579276183315848 -0.0285945337061863 0.0146975872771553 0.0517693111682169 -0.0421392844991805 0.0544264181442112 -0.0119673543262
Maximizing likelihood @ n=64×2435=155840
 SD[log(ℓ)] = 1.68719359437992
 Δlog(ℓ) = 2.91634563083142
 Δβ/SD[β] = 0.278652481499106 0.0313018470354505 -0.0252855598336138 0.137412300346737 0.0134719350601143 -0.0394570472197607 -0.0137878596533669 0.0252681711761202
Maximizing likelihood @ n=128×2435=311680
 SD[log(ℓ)] = 1.19518684944764
 Δlog(ℓ) = -1.12891223712867
 Δβ/SD[β] = 0.125132130286526 -0.00442097197474881 0.0249542504921561 0.032716015116181 0.0164633332139106 -0.0111777831814812 -0.0233408115310412 -0.014724247146252
Maximizing likelihood @ n=256×2435=623360
 SD[log(ℓ)] = 0.8448715834625
 Δlog(ℓ) = 0.0507636792770541
 Δβ/SD[β] = 0.0134910062413034 0.0374396594171131 0.0579983492118576 -0.00405865831787672 0.0320173440895976 -0.0376815671854903 -0.00699707658110254 0.0172526316780778
Maximizing likelihood @ n=512×2435=1246720
 SD[log(ℓ)] = 0.59793094392526
 Δlog(ℓ) = 0.907530169213715
 Δβ/SD[β] = 0.0209752716583363 0.028956262965401 0.00100410790719162 0.0224669795519019 -0.0488446391089824 -0.026020117642102 0.0135140461034328 -0.0163246196104071
Maximizing likelihood @ n=1024×2435=2493440
 SD[log(ℓ)] = 0.424204317324582
 Δlog(ℓ) = -0.0235828671264358
 Δβ/SD[β] = 0.0323214819299484 0.0209956441271406 0.0230092322592806 0.0226364208685136 0.0322102067360717 -0.0388251918300163 0.0102240834540508 0.00963645188978038
Maximizing likelihood @ n=2048×2435=4986880
 SD[log(ℓ)] = 0.299857815762131
 Δlog(ℓ) = -0.101002670588201
 Δβ/SD[β] = 0.0161054924665879 0.00900210045931753 -0.027762884581486 0.0187037364214446 -0.0208247610983319 -0.00626146004351356 -0.00263512703602844 0.00216026169622723
Maximizing likelihood @ n=4096×2435=9973760
 SD[log(ℓ)] = 0.211984717049366
 Δlog(ℓ) = 0.0420465234463165
 Δβ/SD[β] = 0.0716209700405345 0.0275425671489256 -0.00477041500024266 0.0188792177741955 -0.000187520218785187 0.0377822746243792 -0.0116452105067242 0.011599469666991
Maximizing likelihood @ n=8192×2435=19947520
 SD[log(ℓ)] = 0.150209202972626
 Δlog(ℓ) = 0.0889053373832098
 Δβ/SD[β] = 0.0135806396698832 -0.017831941438791 0.00876797629376656 -0.000702677126172414 0.0233458555906898 -0.0321864392786042 -0.0128123480292028 -0.000373147407422865
Calculating Hessian
Warning message:
In rsf.fit(individual, individual_akde, R = R, max.mem = "2 Gb") :
  Calculation stopped before 2.4 Gb allocation.
Script complete
Wed Nov 20 20:24:37 MST 2024
