Fri Nov 15 15:54:54 MST 2024
Initiating script
── Attaching core tidyverse packages ──────────────────────── tidyverse 2.0.0 ──
✔ dplyr     1.1.4     ✔ readr     2.1.5
✔ forcats   1.0.0     ✔ stringr   1.5.1
✔ ggplot2   3.5.1     ✔ tibble    3.2.1
✔ lubridate 1.9.3     ✔ tidyr     1.3.1
✔ purrr     1.0.2     
── Conflicts ────────────────────────────────────────── tidyverse_conflicts() ──
✖ ggplot2::annotate() masks ctmm::annotate()
✖ dplyr::filter()     masks stats::filter()
✖ dplyr::lag()        masks stats::lag()
ℹ Use the conflicted package (<http://conflicted.r-lib.org/>) to force all conflicts to become errors
Linking to GEOS 3.9.5, GDAL 3.8.5, PROJ 9.4.0; sf_use_s2() is TRUE
Loading required package: sp

Attaching package: ‘raster’

The following object is masked from ‘package:dplyr’:

    select

The following objects are masked from ‘package:ctmm’:

    projection, projection<-

terra 1.7.78

Attaching package: ‘terra’

The following object is masked from ‘package:tidyr’:

    extract

The following objects are masked from ‘package:ctmm’:

    distance, meta

[1] "/home/u15/mmercer3/proj/habitat_analysis_class/Final/Model_Fit_Results/Avery_rr.Rda"
     [,1]                                
[1,] "Data loaded at 2024-11-15 15:55:06"
Reading layer `major' from data source 
  `/home/u15/mmercer3/proj/habitat_analysis_class/Final/Major_Roads' 
  using driver `ESRI Shapefile'
Simple feature collection with 411 features and 7 fields
Geometry type: LINESTRING
Dimension:     XY
Bounding box:  xmin: 477946 ymin: 3545735 xmax: 511807.9 ymax: 3592212
Projected CRS: WGS 84 / UTM zone 12N
     [,1]                                 
[1,] "Roads loaded at 2024-11-15 15:55:07"
Default grid size of 40.0444444444444 minutes chosen for bandwidth(...,fast=TRUE).
|---------|---------|---------|---------|=========================================                                          [1] 1681968
[1] 1681968
Starting buffer 30 
Maximizing likelihood @ n=1×2555=2555
 SD[log(ℓ)] = 12.1903840789857
 Δlog(ℓ) = Inf
 Δβ/SD[β] = -2.68253293288386 -0.03328870717552 -0.00715350924280218 -0.318048624702993 -0.874103726008973 0.575378672407505
Maximizing likelihood @ n=2×2555=5110
 SD[log(ℓ)] = 11.7368315807632
 Δlog(ℓ) = 84.8737442921388
 Δβ/SD[β] = -1.51957374235415 -0.270382997376464 0.304177831366215 0.386877793374618 -0.163456080930235 0.221097207060179
Maximizing likelihood @ n=4×2555=10220
 SD[log(ℓ)] = 9.28776855660935
 Δlog(ℓ) = 39.6635254326239
 Δβ/SD[β] = -0.144919251994846 -0.0654899721840976 -0.0728814336965017 0.099237554728439 -0.0369640056694494 0.0997320458944121
Maximizing likelihood @ n=8×2555=20440
 SD[log(ℓ)] = 7.29735660261105
 Δlog(ℓ) = 39.4301313458917
 Δβ/SD[β] = -0.0621188259109917 -0.0193525540315975 -0.0569772025831068 0.0517111240763388 -0.0449645573086972 0.0852847251922655
Maximizing likelihood @ n=16×2555=40880
 SD[log(ℓ)] = 5.48950471689318
 Δlog(ℓ) = 16.3161510373254
 Δβ/SD[β] = -0.57744887713583 0.258241599203004 0.0632886854365341 0.0457671907727399 -0.604457938006572 0.468583904685988
Maximizing likelihood @ n=32×2555=81760
 SD[log(ℓ)] = 4.08199349200096
 Δlog(ℓ) = 9.71301892020199
 Δβ/SD[β] = -0.265469727466593 0.622475461549471 0.158838130480998 0.510228974299459 -0.0830943754311015 0.46221517554631
Maximizing likelihood @ n=64×2555=163520
 SD[log(ℓ)] = 3.02645161443486
 Δlog(ℓ) = 2.61314564223431
 Δβ/SD[β] = 0 0 0 0 0 0
Maximizing likelihood @ n=128×2555=327040
 SD[log(ℓ)] = 2.20177673818745
 Δlog(ℓ) = 4.40341158959166
 Δβ/SD[β] = -0.00838786553430756 0.0138074134818807 -0.0150587177165149 0.0123381118832407 0.00405993714157771 0.0268680303008047
Maximizing likelihood @ n=256×2555=654080
 SD[log(ℓ)] = 1.56333055906666
 Δlog(ℓ) = -0.132961743714418
 Δβ/SD[β] = 0.00752277536329953 -0.014505606991068 0.00708665814040121 0.0258097519847821 -0.0270594188066218 -0.0398862834271156
Maximizing likelihood @ n=512×2555=1308160
 SD[log(ℓ)] = 1.10761622100336
 Δlog(ℓ) = 2.40693610726231
 Δβ/SD[β] = -0.0982967377186948 0.0168743180606604 -0.0124631456881139 0.0918690073380578 -0.179424152529397 0.198083668938234
Maximizing likelihood @ n=1024×2555=2616320
 SD[log(ℓ)] = 0.782020344729583
 Δlog(ℓ) = -0.933650889396802
 Δβ/SD[β] = 0.0739960975468139 0.0100573398735063 0.00844329624429633 -0.0325967608978886 -0.033208740715981 -0.074252191223257
Maximizing likelihood @ n=2048×2555=5232640
 SD[log(ℓ)] = 0.562290548961835
 Δlog(ℓ) = -0.0858267770002499
 Δβ/SD[β] = -0.00643217736717744 0.0166365877747227 -0.00416345423552916 -0.0218600652937144 -0.0218321545036574 0.0195871747940058
Maximizing likelihood @ n=4096×2555=10465280
 SD[log(ℓ)] = 0.400655506561094
 Δlog(ℓ) = 0.25514406048876
 Δβ/SD[β] = 0.000252339942623495 0.0194971287433107 -0.00491597476722424 0.00320196651035152 -0.0228428968013225 -0.0201633976253599
Maximizing likelihood @ n=8192×2555=20930560
 SD[log(ℓ)] = 0.284484073529111
 Δlog(ℓ) = 0.519406591702875
 Δβ/SD[β] = -0.0152697495195342 0.0733021762902141 0.00821778615875413 0.0666920659142322 -0.0877813742493578 0.0376721113997642
Calculating Hessian
Maximizing likelihood @ n=1×2555=2555
 SD[log(ℓ)] = 13.4120019781848
 Δlog(ℓ) = Inf
 Δβ/SD[β] = -0.0814299081439474 -0.0295018630869884 -0.0137136664052358 -0.161083843730094 -0.860995483785891 0.663747026923526
Maximizing likelihood @ n=2×2555=5110
 SD[log(ℓ)] = 11.1525206884655
 Δlog(ℓ) = 53.0471758725376
 Δβ/SD[β] = 0.0597404094053863 0.0668774369445052 -0.085887112994162 0.210979323832271 0.358503532777764 0.213221174913762
Maximizing likelihood @ n=4×2555=10220
 SD[log(ℓ)] = 8.73736566913385
 Δlog(ℓ) = 26.1251608970551
 Δβ/SD[β] = -0.0278470267209662 0.000987018488112834 -0.00263213448674549 0.0675100209654804 0.0241726655786581 0.108214457001638
Maximizing likelihood @ n=8×2555=20440
 SD[log(ℓ)] = 6.79835110388015
 Δlog(ℓ) = 21.3804192433273
 Δβ/SD[β] = -0.0400713122174778 0.0386544186055413 0.0346733366898055 0.0354178725168331 0.0344390448274258 0.0785950940968316
Maximizing likelihood @ n=16×2555=40880
 SD[log(ℓ)] = 5.13697522673891
 Δlog(ℓ) = 8.57573293306598
 Δβ/SD[β] = 0.0261912188193347 0.0542692509899813 -0.0234263599915881 0.0632897408353425 0.0108169291972774 0.0498910759881326
Maximizing likelihood @ n=32×2555=81760
 SD[log(ℓ)] = 3.75430876577781
 Δlog(ℓ) = 0.783648999632703
 Δβ/SD[β] = 0 0 0 0 0 0
Maximizing likelihood @ n=64×2555=163520
 SD[log(ℓ)] = 2.75374570869722
 Δlog(ℓ) = -2.95225884630617
 Δβ/SD[β] = -0.00178125351632886 0.00588302327937198 -0.00649299336560483 0.000733290791992867 0.00501822312167749 -0.00532511709481736
Maximizing likelihood @ n=128×2555=327040
 SD[log(ℓ)] = 2.01004647935589
 Δlog(ℓ) = 0.721130899034108
 Δβ/SD[β] = -0.00116541963911149 -0.000270125484652502 -0.000677714102210345 0.00169575173874311 0.00429598738783207 0.00702869612347304
Maximizing likelihood @ n=256×2555=654080
 SD[log(ℓ)] = 1.46063435629732
 Δlog(ℓ) = -0.819245760349474
 Δβ/SD[β] = 0.0121747789656599 0.0186396891298047 -0.0295537234312366 -0.00200191370692455 0.0338599674817743 0.0024094857984046
Maximizing likelihood @ n=512×2555=1308160
 SD[log(ℓ)] = 1.06768225521553
 Δlog(ℓ) = -0.154053438321057
 Δβ/SD[β] = 0.0332420077515909 0.0276372595151905 -0.0565582526317334 0.0773814036522854 0.0364160140948785 0.0899510319920084
Maximizing likelihood @ n=1024×2555=2616320
 SD[log(ℓ)] = 0.76760256940614
 Δlog(ℓ) = 0.794407472861565
 Δβ/SD[β] = 0.00853419355458803 0.0483304180646783 -0.0545044057598668 0.0314902989740578 0.0248066415211487 0.0833892172802633
Maximizing likelihood @ n=2048×2555=5232640
 SD[log(ℓ)] = 0.535133378115512
 Δlog(ℓ) = 1.89682099653459
 Δβ/SD[β] = -0.00126096134157654 0.0381493308397675 -0.00227747249802014 -0.0169252782128024 0.0225386793385129 0.0401247015483182
Maximizing likelihood @ n=4096×2555=10465280
 SD[log(ℓ)] = 0.373524340717435
 Δlog(ℓ) = 0.0849629509399961
 Δβ/SD[β] = 0.0128303867211906 -0.0224406208596071 -0.0258852007446976 0.0625731172256303 0.0198710511760026 -0.00309774603997804
Maximizing likelihood @ n=8192×2555=20930560
 SD[log(ℓ)] = 0.26926929523879
 Δlog(ℓ) = -0.0261571549090149
 Δβ/SD[β] = 0.0110851171488685 0.00749078848695033 -0.00513805982085037 0.00214325497349237 0.015022194369872 0.00742675906216751
Calculating Hessian
Maximizing likelihood @ n=1×2555=2555
 SD[log(ℓ)] = 13.2227850654886
 Δlog(ℓ) = Inf
 Δβ/SD[β] = 0.244567188603021 -0.043334920386262 -0.0161099719421516 -0.125029945184271 -0.763532137460422 0.706909162178363
Maximizing likelihood @ n=2×2555=5110
 SD[log(ℓ)] = 10.3243459774109
 Δlog(ℓ) = 36.1293871907744
 Δβ/SD[β] = 0.392345488179387 0.345071040085343 0.0517201806725796 0.102679887033138 -0.132287492305389 0.0628668779730629
Maximizing likelihood @ n=4×2555=10220
 SD[log(ℓ)] = 8.14070275915052
 Δlog(ℓ) = 42.2547290317046
 Δβ/SD[β] = 18.1514182964113 4.12412800800603 1.13156379259843 1.35397101808827 0.392660883537092 2.08002779980055
Maximizing likelihood @ n=8×2555=20440
 SD[log(ℓ)] = 7.07229019415423
 Δlog(ℓ) = 91.7669637698031
 Δβ/SD[β] = 6.78578476959958 0.478628431403659 0.0605794723540009 -0.0407401538268472 -0.365616130606974 0.0350837100785104
Maximizing likelihood @ n=16×2555=40880
 SD[log(ℓ)] = 5.90926515670375
 Δlog(ℓ) = 42.0256612342428
 Δβ/SD[β] = 13.5303500108661 2.51716120949409 0.237088905275018 -0.744462067650757 -5.85604748766272 -0.394760341637192
Maximizing likelihood @ n=32×2555=81760
 SD[log(ℓ)] = 4.36655497447018
 Δlog(ℓ) = 9.1862975100475
 Δβ/SD[β] = 0.0308548330347139 -0.00172975135156857 -0.0167913898504093 0.00568668908932542 -0.00630854756416229 0.0174232081815655
Maximizing likelihood @ n=64×2555=163520
 SD[log(ℓ)] = 3.17623624893391
 Δlog(ℓ) = 8.09795065236966
 Δβ/SD[β] = 0.00140508862410667 0.0044336509127263 -0.00188985131811559 0.00389028284027686 -0.00249194465794219 0.0219551857133131
Maximizing likelihood @ n=128×2555=327040
 SD[log(ℓ)] = 2.38908930654587
 Δlog(ℓ) = 2.04156530848758
 Δβ/SD[β] = 0.0359233012176691 -0.0183282865557306 0.291872461106807 -0.00506857160899644 -0.232034535482676 -0.00851714980131607
Maximizing likelihood @ n=256×2555=654080
 SD[log(ℓ)] = 1.71075253640724
 Δlog(ℓ) = 1.5446302775884
 Δβ/SD[β] = 0.0154688838194358 -0.0517139643064563 0.0245011522786923 0.0243397760693603 -0.0601004211543555 0.0801439063694193
Maximizing likelihood @ n=512×2555=1308160
 SD[log(ℓ)] = 1.23725308978857
 Δlog(ℓ) = -2.13945048395306
 Δβ/SD[β] = -0.000129723744597044 -3.11404014805712e-05 6.05510245426635e-05 9.85566923779677e-05 -1.74274731447715e-05 -0.000281679013215781
Maximizing likelihood @ n=1024×2555=2616320
 SD[log(ℓ)] = 0.871536511965934
 Δlog(ℓ) = 1.50228602872102
 Δβ/SD[β] = -0.00575542039057262 -0.000151845506353377 0.00741104901925099 -0.0017877787480562 -0.0100321217808159 0.00187402288615562
Maximizing likelihood @ n=2048×2555=5232640
 SD[log(ℓ)] = 0.611565972956026
 Δlog(ℓ) = 0.496895230565372
 Δβ/SD[β] = 5.92282412333687e-05 -0.0165241208621433 0.0633086881566266 0.0776902611955378 -0.0404643433311729 0.0116663416271554
Maximizing likelihood @ n=4096×2555=10465280
 SD[log(ℓ)] = 0.437339304168709
 Δlog(ℓ) = 0.263320688948795
 Δβ/SD[β] = -0.00898121338433853 -0.0123654369179318 0.00556342868334424 -0.0121229724117193 -0.0178696965011341 0.0259616820486403
Maximizing likelihood @ n=8192×2555=20930560
 SD[log(ℓ)] = 0.317465380629114
 Δlog(ℓ) = -0.346697073371502
 Δβ/SD[β] = 0.0323176317319737 -0.0229520850701206 0.0282054836947869 -0.00392597779942234 0.00182318358536432 -0.0398627594507566
Calculating Hessian
Maximizing likelihood @ n=1×2555=2555
 SD[log(ℓ)] = 13.4177175353245
 Δlog(ℓ) = Inf
 Δβ/SD[β] = 1.28883898624326 0.0311634310927554 -0.00946895019052413 -0.184950766373311 -0.867269023939152 0.618138897420297
Maximizing likelihood @ n=2×2555=5110
 SD[log(ℓ)] = 11.4451497080241
 Δlog(ℓ) = 68.5047941193419
 Δβ/SD[β] = 0.153033258400086 -0.0621674342580176 0.01637306790255 0.256034642395296 0.00419069255186142 0.213285368639045
Maximizing likelihood @ n=4×2555=10220
 SD[log(ℓ)] = 9.27963627137778
 Δlog(ℓ) = 37.7183758385133
 Δβ/SD[β] = 0.182154775500071 -0.242180306310685 -0.130205805791935 0.160441485454437 0.0816680291466094 0.133631711901364
Maximizing likelihood @ n=8×2555=20440
 SD[log(ℓ)] = 7.20389537720147
 Δlog(ℓ) = 27.7507082099844
 Δβ/SD[β] = 0.150395238102602 -0.0711159529611647 0.0183837275738841 0.0578174813982602 0.0292144349971719 0.0753973987721928
Maximizing likelihood @ n=16×2555=40880
 SD[log(ℓ)] = 5.26789801716449
 Δlog(ℓ) = 8.32902983954853
 Δβ/SD[β] = 0.0216681351200192 -0.0239196734767852 -0.00352336993553218 -0.010458596560467 9.29509051770815e-05 0.00401578922801611
Maximizing likelihood @ n=32×2555=81760
 SD[log(ℓ)] = 3.91616745608345
 Δlog(ℓ) = 10.7723180602055
 Δβ/SD[β] = 0.0487592291474548 -0.0573738954702497 0.0300249301740767 0.00643828743766544 0.0227385502239981 0.0380524557465276
Maximizing likelihood @ n=64×2555=163520
 SD[log(ℓ)] = 2.80099026219891
 Δlog(ℓ) = -1.82413694126359
 Δβ/SD[β] = -0.00201493517077845 -0.0227582954334693 0.0206466925744729 0.0294252750526263 0.0278710453892239 -0.0320482666030565
Maximizing likelihood @ n=128×2555=327040
 SD[log(ℓ)] = 2.03646236780627
 Δlog(ℓ) = 3.43040251667566
 Δβ/SD[β] = -0.033336378438078 -0.130485832734146 0.0283727474010261 0.0336823170078162 -0.0419678495796749 0.147277897085225
Maximizing likelihood @ n=256×2555=654080
 SD[log(ℓ)] = 1.49023130864257
 Δlog(ℓ) = -1.70772805189091
 Δβ/SD[β] = 0.0594629993931285 -0.098685159746534 0.0752949843286132 -0.130538122245835 0.035387643952363 -0.0841608954147575
Maximizing likelihood @ n=512×2555=1308160
 SD[log(ℓ)] = 1.02556792304051
 Δlog(ℓ) = 1.28052002645046
 Δβ/SD[β] = 0 0 0 0 0 0
Maximizing likelihood @ n=1024×2555=2616320
 SD[log(ℓ)] = 0.73119366910089
 Δlog(ℓ) = 1.12324056424438
 Δβ/SD[β] = -0.00764841574466981 -0.0180499844460012 -0.00560339531932272 0.00654671273194076 -0.00974819357783459 0.012392576290702
Maximizing likelihood @ n=2048×2555=5232640
 SD[log(ℓ)] = 0.524835823546046
 Δlog(ℓ) = 0.138113526702341
 Δβ/SD[β] = -0.0127746395337651 -0.0450558572200869 0.00622711554109905 0.020892970368118 -0.0394984900284819 0.0357283415353736
Maximizing likelihood @ n=4096×2555=10465280
 SD[log(ℓ)] = 0.372229509077075
 Δlog(ℓ) = 0.0264435368550267
 Δβ/SD[β] = -0.000655809861011666 -0.0781281583788121 0.0667767010823432 -0.0830251860669381 -0.0384072983497543 -0.0706145981467407
Maximizing likelihood @ n=8192×2555=20930560
 SD[log(ℓ)] = 0.265720333820648
 Δlog(ℓ) = -0.107776360808145
 Δβ/SD[β] = -0.00754162432430874 -0.0144782949069102 -0.013115616361587 0.0360936143357188 -0.00835485461484475 -0.0169531254808796
Calculating Hessian
Starting buffer 750 
Maximizing likelihood @ n=1×2555=2555
 SD[log(ℓ)] = 13.0623856133531
 Δlog(ℓ) = Inf
 Δβ/SD[β] = -5.92872037593604 0.420339971257119 -1.24408057240299 -1.82015418204622 -21.9069303038438 18.3794043742884
Maximizing likelihood @ n=2×2555=5110
 SD[log(ℓ)] = 10.8607751419217
 Δlog(ℓ) = 50.0159129838867
 Δβ/SD[β] = -0.0753344563693178 -0.219432295929151 0.12663088236198 0.156830683044972 0.468806562100147 0.210736717895262
Maximizing likelihood @ n=4×2555=10220
 SD[log(ℓ)] = 8.55759944231255
 Δlog(ℓ) = 34.152283245823
 Δβ/SD[β] = -0.0320548878350704 0.0858577386901507 -0.00821605883034542 0.00736375996408012 -0.0162905018836054 0.0401922674664037
Maximizing likelihood @ n=8×2555=20440
 SD[log(ℓ)] = 6.7971526050246
 Δlog(ℓ) = 20.3410745342879
 Δβ/SD[β] = 0.0336510988030043 0.0632204913458502 0.131153226192085 0.0957211051031303 0.325657887615861 0.135241480045445
Maximizing likelihood @ n=16×2555=40880
 SD[log(ℓ)] = 5.08803356779069
 Δlog(ℓ) = 7.11481391546198
 Δβ/SD[β] = 0.0251590422476217 0.0354534500356276 -0.0211873589387504 0.00515609740380188 0.0611664219342111 0.0451823145316987
Maximizing likelihood @ n=32×2555=81760
 SD[log(ℓ)] = 3.85205059238491
 Δlog(ℓ) = -1.15404389269423
 Δβ/SD[β] = -0.00180985765429319 0.0102393982937444 -0.0141037074320432 0.0339966443887307 0.00426062540696702 0.000654724503857005
Maximizing likelihood @ n=64×2555=163520
 SD[log(ℓ)] = 2.79476493744959
 Δlog(ℓ) = 9.7958840904148
 Δβ/SD[β] = -0.0134678780728415 -0.0546724717125095 0.0262413085376335 0.0284988456316153 0.0127794805243035 0.0317838439047757
Maximizing likelihood @ n=128×2555=327040
 SD[log(ℓ)] = 2.00575046938257
 Δlog(ℓ) = 2.71416872348846
 Δβ/SD[β] = -0.00637233583651533 0.0311356398457821 -0.000701444301569817 0.00662929840988065 0.126893865908248 0.031390056073552
Maximizing likelihood @ n=256×2555=654080
 SD[log(ℓ)] = 1.43252018674106
 Δlog(ℓ) = 1.5161686889553
 Δβ/SD[β] = 0 0 0 0 0 0
Maximizing likelihood @ n=512×2555=1308160
 SD[log(ℓ)] = 1.02031937792961
 Δlog(ℓ) = 1.87093494248933
 Δβ/SD[β] = -0.0096636613493137 -0.0188654708448695 0.0672673539455003 0.0765354374842857 0.0759828177409481 0.144514444174654
Maximizing likelihood @ n=1024×2555=2616320
 SD[log(ℓ)] = 0.738041282804378
 Δlog(ℓ) = 0.0155526577490264
 Δβ/SD[β] = 0 0 0 0 0 0
Maximizing likelihood @ n=2048×2555=5232640
 SD[log(ℓ)] = 0.521693438660764
 Δlog(ℓ) = 0.256337243518317
 Δβ/SD[β] = -4.28657402575748e-06 6.81653664200873e-05 -1.99255990215859e-05 -0.000245224209220058 0.000204570425364783 0.00196499025137934
Maximizing likelihood @ n=4096×2555=10465280
 SD[log(ℓ)] = 0.368196014186606
 Δlog(ℓ) = -0.0897412485760469
 Δβ/SD[β] = 0.0151447460249651 -0.014441030453293 0.00206350245725665 0.0128550602043789 0.0364980421157322 0.0105939634010037
Maximizing likelihood @ n=8192×2555=20930560
 SD[log(ℓ)] = 0.266203996536659
 Δlog(ℓ) = -0.166276918502433
 Δβ/SD[β] = 0.00214573115046546 0.00672175925246855 0.0116446026263092 -0.0180566469764565 0.0188114652570564 -0.0379734632369632
Calculating Hessian
Maximizing likelihood @ n=1×2555=2555
 SD[log(ℓ)] = 12.8988261337911
 Δlog(ℓ) = Inf
 Δβ/SD[β] = 2.14735227801829 0.280702426972057 2.11102310911995 -3.23235652232626 -23.360529942481 16.51396242621
Maximizing likelihood @ n=2×2555=5110
 SD[log(ℓ)] = 11.001746081373
 Δlog(ℓ) = 52.1847238453161
 Δβ/SD[β] = -0.120199077785987 -0.0429809751024739 -0.0774645668114081 0.207203935953138 -0.0131340314879669 0.218598120528862
Maximizing likelihood @ n=4×2555=10220
 SD[log(ℓ)] = 8.70273116312397
 Δlog(ℓ) = 39.4086363308345
 Δβ/SD[β] = 0.0444991339234413 -0.0535616878565271 -0.390539142319028 0.090689009386127 0.334499157182965 0.125359496119489
Maximizing likelihood @ n=8×2555=20440
 SD[log(ℓ)] = 6.72321636049018
 Δlog(ℓ) = 21.1050194892875
 Δβ/SD[β] = 0.720978699696231 0.16628342049453 -2.57493121714623 1.19458451706354 1.63306076547532 1.66994515540987
Maximizing likelihood @ n=16×2555=40880
 SD[log(ℓ)] = 5.06091495866334
 Δlog(ℓ) = 4.11851071932546
 Δβ/SD[β] = -0.0415747418567091 -0.0354911738037686 -0.0497100178646683 -0.0183497924551815 0.0541543680350799 0.00378517952448923
Maximizing likelihood @ n=32×2555=81760
 SD[log(ℓ)] = 3.74713377270308
 Δlog(ℓ) = 4.29962775833098
 Δβ/SD[β] = 0.0257110063604849 -0.0147430458069462 -0.410299775139787 0.0421434524290824 0.134713372236465 0.0356458807812944
Maximizing likelihood @ n=64×2555=163520
 SD[log(ℓ)] = 2.7465097609791
 Δlog(ℓ) = 4.35530024776858
 Δβ/SD[β] = 0.010994028777628 -0.00753330422981104 -0.0083374892532892 0.00867531222215238 -0.0211109303120742 0.0112273497135436
Maximizing likelihood @ n=128×2555=327040
 SD[log(ℓ)] = 2.01956347839781
 Δlog(ℓ) = -0.359295048499177
 Δβ/SD[β] = 4.72753618406971e-10 2.59571562233677e-07 -6.97070758956717e-07 3.18620472499974e-06 1.06310094684259e-06 -6.7998825018639e-06
Maximizing likelihood @ n=256×2555=654080
 SD[log(ℓ)] = 1.42423934001272
 Δlog(ℓ) = 1.46708627753588
 Δβ/SD[β] = 0.0283450261574884 -0.00189479178693385 -0.0324850395587071 0.0291486759195037 0.00437548308481577 0.0517312326565259
Maximizing likelihood @ n=512×2555=1308160
 SD[log(ℓ)] = 1.02061873389084
 Δlog(ℓ) = -0.226686720336943
 Δβ/SD[β] = -0.00283603798380065 0.00123794848493138 -0.00718683203711699 0.00694102961247273 -0.00228326839997164 -0.000318514789962711
Maximizing likelihood @ n=1024×2555=2616320
 SD[log(ℓ)] = 0.731251603682579
 Δlog(ℓ) = 0.784887609799341
 Δβ/SD[β] = 2.68874982939093e-07 0.000152852297459666 -0.00041173703796987 -0.000750718680457947 -0.000272722940532243 0.00195995941815242
Maximizing likelihood @ n=2048×2555=5232640
 SD[log(ℓ)] = 0.517585407852068
 Δlog(ℓ) = 0.267403111482849
 Δβ/SD[β] = 0 0 0 0 0 0
Maximizing likelihood @ n=4096×2555=10465280
 SD[log(ℓ)] = 0.368791127238775
 Δlog(ℓ) = 0.0732818697741209
 Δβ/SD[β] = 0 0 0 0 0 0
Maximizing likelihood @ n=8192×2555=20930560
 SD[log(ℓ)] = 0.261062209755357
 Δlog(ℓ) = 0.254612314101962
 Δβ/SD[β] = 0.0188162200846491 0.0678821490116689 -0.136750796188832 0.120366898639297 -0.0186235459615974 0.0731895661078776
Calculating Hessian
Maximizing likelihood @ n=1×2555=2555
 SD[log(ℓ)] = 13.2819655442566
 Δlog(ℓ) = Inf
 Δβ/SD[β] = 0.271464628645035 0.692329008345457 -0.234785303902396 -3.91003174075284 -16.8198043734211 13.8650658192336
Maximizing likelihood @ n=2×2555=5110
 SD[log(ℓ)] = 10.7954441523467
 Δlog(ℓ) = 38.7989930669616
 Δβ/SD[β] = -0.0657605496839592 -0.0278099566264649 0.0540112748786335 0.241851808445797 0.0975984576311519 0.130375888381091
Maximizing likelihood @ n=4×2555=10220
 SD[log(ℓ)] = 8.64578120142747
 Δlog(ℓ) = 38.2949759432169
 Δβ/SD[β] = 0.0447589511422026 0.020787596448007 0.0205045962225931 0.125049573623244 -0.0316221085772397 0.115125857612056
Maximizing likelihood @ n=8×2555=20440
 SD[log(ℓ)] = 6.64651348309909
 Δlog(ℓ) = 11.6627716509153
 Δβ/SD[β] = 0.196738371309295 0.0305160413383347 -0.163237652977827 1.28749844995441 -0.223086791909849 0.602308336232506
Maximizing likelihood @ n=16×2555=40880
 SD[log(ℓ)] = 5.06338687600953
 Δlog(ℓ) = 8.03373876768762
 Δβ/SD[β] = 0.148104734961303 -0.127904309040328 0.038085417723193 0.742906292574918 -0.247035351280029 0.635281459411097
Maximizing likelihood @ n=32×2555=81760
 SD[log(ℓ)] = 3.81899569450954
 Δlog(ℓ) = 5.27462382755158
 Δβ/SD[β] = 0.000224582038448384 0.00713802793766538 -0.00359832311736461 0.0316743344487311 -0.0106055197183702 0.0113484423795041
Maximizing likelihood @ n=64×2555=163520
 SD[log(ℓ)] = 2.83103944163175
 Δlog(ℓ) = 6.91715036698952
 Δβ/SD[β] = 0.0211763558406737 0.0189275745515341 0.0048666905684448 -0.00219748531440855 -0.00219051573763024 0.0237021460351965
Maximizing likelihood @ n=128×2555=327040
 SD[log(ℓ)] = 2.03180307648612
 Δlog(ℓ) = 3.63576432105071
 Δβ/SD[β] = -0.0109346694241764 -0.00248567286991676 0.0206461844253103 0.0235846900103505 -0.0320368149479527 0.230403626754355
Maximizing likelihood @ n=256×2555=654080
 SD[log(ℓ)] = 1.54109446459453
 Δlog(ℓ) = 0.269120092891342
 Δβ/SD[β] = 0.00248840359355406 -0.0190550575547112 -0.0208474842550132 0.0520873129682742 0.0149243360305844 -0.0406393432213664
Maximizing likelihood @ n=512×2555=1308160
 SD[log(ℓ)] = 1.46737139249674
 Δlog(ℓ) = -0.730591356763966
 Δβ/SD[β] = 0.00809659015566362 0.0198380894580996 0.0131270446320156 -0.008944586692996 0.0409841840990457 -0.00950978436572063
Maximizing likelihood @ n=1024×2555=2616320
 SD[log(ℓ)] = 0.952217677064357
 Δlog(ℓ) = 1.95354772822986
 Δβ/SD[β] = 1.48857328335415e-07 0.000181062065089988 -6.43968572156326e-05 -0.00192864804629938 -0.00203152897045202 0.0102906828109566
Maximizing likelihood @ n=2048×2555=5232640
 SD[log(ℓ)] = 0.629654849052883
 Δlog(ℓ) = 1.48191840468979
 Δβ/SD[β] = -0.00368062935141464 -0.00855154147026824 -0.00853021421728851 0.0198369132843106 -0.00278230770526563 0.0143222091992006
Maximizing likelihood @ n=4096×2555=10465280
 SD[log(ℓ)] = 0.424925449747442
 Δlog(ℓ) = 0.894565029714386
 Δβ/SD[β] = -0.00075344327756845 0.00444968443772727 3.26433702942871e-05 0.00377604072755398 -0.00540878071206229 0.00459565643845067
Maximizing likelihood @ n=8192×2555=20930560
 SD[log(ℓ)] = 0.283222838980151
 Δlog(ℓ) = -0.15151436762261
 Δβ/SD[β] = 0.0385568378224794 -0.00639056818140324 -0.0718339822482495 0.0934613675466491 -0.0507134831077453 0.0204238109076277
Calculating Hessian
Maximizing likelihood @ n=1×2555=2555
 SD[log(ℓ)] = 14.1277373424163
 Δlog(ℓ) = Inf
 Δβ/SD[β] = 1.92233542293095 -0.00437845612110585 0.0432728008408214 -0.0555338679974429 -0.796442130029959 0.768163624938816
Maximizing likelihood @ n=2×2555=5110
 SD[log(ℓ)] = 11.5323489355147
 Δlog(ℓ) = 46.9170300712375
 Δβ/SD[β] = 0.75671733072578 -0.0443016633252823 -0.115003124917903 0.244123411476909 -0.184991800246131 0.124202224199929
Maximizing likelihood @ n=4×2555=10220
 SD[log(ℓ)] = 9.23802204512206
 Δlog(ℓ) = 38.0028954817815
 Δβ/SD[β] = 0.255728200329977 -0.0149790495204209 0.0591547663584574 0.142655010046635 -0.00393290748392499 0.103355556415577
Maximizing likelihood @ n=8×2555=20440
 SD[log(ℓ)] = 6.9482170736932
 Δlog(ℓ) = 17.1160437194258
 Δβ/SD[β] = 0.0891386667943816 -0.00194821092175186 -0.00478759485268665 0.0371580797580651 -0.0294624208925702 0.0231569763738841
Maximizing likelihood @ n=16×2555=40880
 SD[log(ℓ)] = 5.24663461870061
 Δlog(ℓ) = 15.8716324046028
 Δβ/SD[β] = -0.00415681974502938 0.0243950134803627 -0.0319548961615182 0.0229703375743098 -0.0278298566938366 0.049589465857396
Maximizing likelihood @ n=32×2555=81760
 SD[log(ℓ)] = 3.8814434991129
 Δlog(ℓ) = 3.42236708036205
 Δβ/SD[β] = 0.0525457340683941 -0.0423337776413814 0.0785903841511967 0.0324580571726794 -0.0907106613070303 0.0201681825190148
Maximizing likelihood @ n=64×2555=163520
 SD[log(ℓ)] = 2.74192121552737
 Δlog(ℓ) = -1.92004038754106
 Δβ/SD[β] = -0.0345152461239592 0.206024926669163 0.0694024129072767 -0.0915899613822452 -1.21328776470904 -0.0736910099081249
Maximizing likelihood @ n=128×2555=327040
 SD[log(ℓ)] = 2.1277574805547
 Δlog(ℓ) = -1.25381272362927
 Δβ/SD[β] = 0.0350189899056173 0.00136970018665002 0.0176231678313151 0.0144523239060809 0.00262739859220458 -0.0122712530507199
Maximizing likelihood @ n=256×2555=654080
 SD[log(ℓ)] = 1.47582480755948
 Δlog(ℓ) = 0.198638935304757
 Δβ/SD[β] = -0.00415556773961173 0.052812895461697 -0.0161168699138443 0.00348253805829815 -0.0312183908244973 0.00955421942997673
Maximizing likelihood @ n=512×2555=1308160
 SD[log(ℓ)] = 1.0478611157206
 Δlog(ℓ) = 0.957448899718202
 Δβ/SD[β] = 0.0125047987915646 -0.0441025095298209 -0.0341060633792135 -0.151424078375041 -0.0840818907946127 0.0145616749274023
Maximizing likelihood @ n=1024×2555=2616320
 SD[log(ℓ)] = 0.720954550184753
 Δlog(ℓ) = 0.140237256480759
 Δβ/SD[β] = 0 0 0 0 0 0
Maximizing likelihood @ n=2048×2555=5232640
 SD[log(ℓ)] = 0.512614791820556
 Δlog(ℓ) = 1.39930499758503
 Δβ/SD[β] = -0.00994196081520525 -0.00333219487760802 -0.0415709665461419 -0.0344597391587846 -0.151804722113607 0.0427912686623572
Maximizing likelihood @ n=4096×2555=10465280
 SD[log(ℓ)] = 0.358723939858388
 Δlog(ℓ) = 0.354480891920161
 Δβ/SD[β] = 0 0 0 0 0 0
Maximizing likelihood @ n=8192×2555=20930560
 SD[log(ℓ)] = 0.257453865517839
 Δlog(ℓ) = -0.192733494772597
 Δβ/SD[β] = -0.00634179407579388 0.00155186297554127 -0.00574720198189431 0.000750334064793292 -0.0584369811121441 0.0512332586311372
Calculating Hessian
Starting buffer 1500 
Maximizing likelihood @ n=1×2555=2555
 SD[log(ℓ)] = 12.2109257685965
 Δlog(ℓ) = Inf
 Δβ/SD[β] = 0.068892811069018 0.0339940200017148 1.04704610962577 -3.99069320509812 -23.1574541179554 21.0123280351262
Maximizing likelihood @ n=2×2555=5110
 SD[log(ℓ)] = 10.7373343507522
 Δlog(ℓ) = 69.0137288725508
 Δβ/SD[β] = -0.0313492563104418 -0.136613403044776 -0.0135366868434705 0.252154035550635 0.223282641740434 0.268929768285831
Maximizing likelihood @ n=4×2555=10220
 SD[log(ℓ)] = 8.33514723123954
 Δlog(ℓ) = 21.249685454148
 Δβ/SD[β] = 0.129579677700551 -0.0922525615042175 -0.0475072686261479 0.0984887366394984 0.210681481594543 0.0872161255037893
Maximizing likelihood @ n=8×2555=20440
 SD[log(ℓ)] = 6.53223485014664
 Δlog(ℓ) = 19.2982239553745
 Δβ/SD[β] = 0.0162136208924 0.0600067397294381 0.0410326858496073 0.051974468137796 0.0169909965655834 0.0710132831418787
Maximizing likelihood @ n=16×2555=40880
 SD[log(ℓ)] = 4.99967169293674
 Δlog(ℓ) = 18.2193952881615
 Δβ/SD[β] = 0.0803251778846725 0.026346703807101 -0.00737825424988627 0.0482200934725754 0.0580291286138035 0.0720593442472166
Maximizing likelihood @ n=32×2555=81760
 SD[log(ℓ)] = 3.81281389136047
 Δlog(ℓ) = 4.39140343897304
 Δβ/SD[β] = 0.0288983339651619 0.0166243209057873 -0.0936674343634318 0.0425320041853421 -0.048981591911507 0.016102439642762
Maximizing likelihood @ n=64×2555=163520
 SD[log(ℓ)] = 2.73768018944331
 Δlog(ℓ) = 6.442356882242
 Δβ/SD[β] = 0.0147753508151534 0.00875488349166345 -1.25353403319831 -0.0476996041079021 -0.0406673564173758 0.254735680954512
Maximizing likelihood @ n=128×2555=327040
 SD[log(ℓ)] = 1.99889037940918
 Δlog(ℓ) = 3.89488893534832
 Δβ/SD[β] = 5.09552440327417e-10 2.90301163028395e-05 -0.000887506192789457 -0.0045513565991483 -0.00146728594085755 0.012108727812557
Maximizing likelihood @ n=256×2555=654080
 SD[log(ℓ)] = 1.42387386158377
 Δlog(ℓ) = 2.69220602008846
 Δβ/SD[β] = 0.00286193511507532 0.00167575271002795 -0.00610222694565906 0.00290435364691067 -0.00246544169765608 0.00906020209713266
Maximizing likelihood @ n=512×2555=1308160
 SD[log(ℓ)] = 1.01468680730447
 Δlog(ℓ) = 1.98167195210658
 Δβ/SD[β] = -0.0018344997392808 -0.00755509503226422 -0.0127511012808 0.00876945860451544 -0.000533952935680788 0.00386834536680086
Maximizing likelihood @ n=1024×2555=2616320
 SD[log(ℓ)] = 0.75256047939954
 Δlog(ℓ) = -0.418870705350912
 Δβ/SD[β] = 0.00542201897139566 -0.00325952988259311 -0.0291505635549169 0.00877468196487152 0.0139800352423691 0.00593750044383809
Maximizing likelihood @ n=2048×2555=5232640
 SD[log(ℓ)] = 0.526835428636753
 Δlog(ℓ) = -0.717261022587309
 Δβ/SD[β] = -0.000948829037956284 0.00263322949651648 -0.00943161893118334 -0.000568819583718029 -0.000262511585257585 -0.00514193495046474
Maximizing likelihood @ n=4096×2555=10465280
 SD[log(ℓ)] = 0.399206602315091
 Δlog(ℓ) = 0.115436118549439
 Δβ/SD[β] = -0.0227404518952556 0.0115140105307812 -0.0700094449444211 -0.0175207900560122 0.042188263897676 -0.00309100825777845
Maximizing likelihood @ n=8192×2555=20930560
 SD[log(ℓ)] = 0.278958827277961
 Δlog(ℓ) = 0.260066705188478
 Δβ/SD[β] = 0.00555369213463594 0.0118515857555042 -0.0244668110639738 0.0245850511558949 -0.00574604869519609 0.0134336904555447
Calculating Hessian
Maximizing likelihood @ n=1×2555=2555
 SD[log(ℓ)] = 13.0202414134317
 Δlog(ℓ) = Inf
 Δβ/SD[β] = -4.25624963657111 0.202054466827424 -0.957993685328273 -3.19678199463934 -24.0933118565442 18.4612325662138
Maximizing likelihood @ n=2×2555=5110
 SD[log(ℓ)] = 10.6920927551792
 Δlog(ℓ) = 45.0653171722178
 Δβ/SD[β] = 0.00795062014537072 -0.0784611829506529 0.174110768513958 0.187776182383448 0.170861943884615 0.187896223339663
Maximizing likelihood @ n=4×2555=10220
 SD[log(ℓ)] = 8.45409896049342
 Δlog(ℓ) = 28.3261246853929
 Δβ/SD[β] = -0.102389204163613 0.0285243072290935 -0.0700803177885836 0.103813982361124 0.125914651687709 0.114935610021323
Maximizing likelihood @ n=8×2555=20440
 SD[log(ℓ)] = 6.60135677040303
 Δlog(ℓ) = 24.0960757999339
 Δβ/SD[β] = 0.0878370160843033 -0.0267887922569552 0.054802207980905 0.100092536426128 0.0850792259659756 0.0763448648177092
Maximizing likelihood @ n=16×2555=40880
 SD[log(ℓ)] = 5.01154609420789
 Δlog(ℓ) = 18.3569403814184
 Δβ/SD[β] = -0.0055846733157044 0.0312684460481122 -0.0247995059991451 0.000131975643280651 -0.0148289490248361 0.0393514558068893
Maximizing likelihood @ n=32×2555=81760
 SD[log(ℓ)] = 3.74293956895646
 Δlog(ℓ) = 7.11895962651266
 Δβ/SD[β] = 0.00447542051315568 -0.127569601111112 0.0120509723396311 0.322515088311779 0.432734884059486 0.531402750636404
Maximizing likelihood @ n=64×2555=163520
 SD[log(ℓ)] = 2.79574211806591
 Δlog(ℓ) = 0.571615773506664
 Δβ/SD[β] = -0.00213579262669887 0.00560312279365678 -0.00314016656424105 0.00682346707207076 -0.00445445701151546 -0.00399880414514424
Maximizing likelihood @ n=128×2555=327040
 SD[log(ℓ)] = 1.93744285123893
 Δlog(ℓ) = 0.748267715419558
 Δβ/SD[β] = 0 0 0 0 0 0
Maximizing likelihood @ n=256×2555=654080
 SD[log(ℓ)] = 1.40621045053012
 Δlog(ℓ) = 2.01746970322694
 Δβ/SD[β] = -0.017748279601691 0.029702699567284 0.00749122262781016 0.00829198151028125 -0.0216091591017278 0.0150186194060486
Maximizing likelihood @ n=512×2555=1308160
 SD[log(ℓ)] = 1.04405596228848
 Δlog(ℓ) = 0.0405775790762277
 Δβ/SD[β] = 0 0 0 0 0 0
Maximizing likelihood @ n=1024×2555=2616320
 SD[log(ℓ)] = 0.743387112294547
 Δlog(ℓ) = 0.183122303157631
 Δβ/SD[β] = 0.0371008530552603 0.0398907443554066 0.0268611010001139 0.0599958935793242 -0.00964327821673337 0.0308835366866734
Maximizing likelihood @ n=2048×2555=5232640
 SD[log(ℓ)] = 0.522100175362986
 Δlog(ℓ) = 0.230684643444249
 Δβ/SD[β] = -0.0040242521670434 -0.00805954564237499 -0.00350280891988422 0.0117505761172428 -0.00438334613437313 0.0290547263085265
Maximizing likelihood @ n=4096×2555=10465280
 SD[log(ℓ)] = 0.3669788123641
 Δlog(ℓ) = 0.595275578589622
 Δβ/SD[β] = 0 0 0 0 0 0
Maximizing likelihood @ n=8192×2555=20930560
 SD[log(ℓ)] = 0.262663955993537
 Δlog(ℓ) = 0.00442274781306651
 Δβ/SD[β] = 0 0 0 0 0 0
Calculating Hessian
Maximizing likelihood @ n=1×2555=2555
 SD[log(ℓ)] = 13.8009410495943
 Δlog(ℓ) = Inf
 Δβ/SD[β] = -3.82200547809247 0.931757608029332 -1.82263619889558 -2.73489857168153 -26.1385293622508 20.0726029006011
Maximizing likelihood @ n=2×2555=5110
 SD[log(ℓ)] = 11.2980579217805
 Δlog(ℓ) = 44.1882716573192
 Δβ/SD[β] = -0.0798025055279422 -0.0633361913739022 0.296253357437095 0.202103630584803 0.265363022281551 0.198866716653732
Maximizing likelihood @ n=4×2555=10220
 SD[log(ℓ)] = 8.74422347280515
 Δlog(ℓ) = 21.8692869979956
 Δβ/SD[β] = 0.0244784723832662 -0.0248008320179042 -0.0124232352399196 0.0101379343008912 -0.00444606628046191 0.0172518376171106
Maximizing likelihood @ n=8×2555=20440
 SD[log(ℓ)] = 6.7788890382583
 Δlog(ℓ) = 14.6686824332032
 Δβ/SD[β] = -0.0434751068612784 0.0404712475400024 0.0103064032143422 0.111866413664912 0.0456493126085257 0.0823376141141914
Maximizing likelihood @ n=16×2555=40880
 SD[log(ℓ)] = 5.17868323576389
 Δlog(ℓ) = 9.23590322958108
 Δβ/SD[β] = 0.0174683717273422 0.0269000885043735 0.0125682130853638 0.0466583812783812 0.0340159386138574 0.0287544488248614
Maximizing likelihood @ n=32×2555=81760
 SD[log(ℓ)] = 3.92077302620164
 Δlog(ℓ) = -2.23722263952646
 Δβ/SD[β] = -0.0480239596366796 -0.0126329831880771 -0.0241010589542063 0.00456552428643921 0.126173469515496 0.0212462566353673
Maximizing likelihood @ n=64×2555=163520
 SD[log(ℓ)] = 2.96972408530523
 Δlog(ℓ) = -2.47834228954986
 Δβ/SD[β] = 0.0155084498785836 -0.0155563628692279 -0.0859247245141429 -0.00509325632643158 0.282480687512309 0.00348597985995265
Maximizing likelihood @ n=128×2555=327040
 SD[log(ℓ)] = 2.12452472357853
 Δlog(ℓ) = 4.02780096074974
 Δβ/SD[β] = -0.0850692155006019 -0.0104281274838994 -0.00497257263459014 0.031504995981739 0.0464303207169025 0.0294614247514499
Maximizing likelihood @ n=256×2555=654080
 SD[log(ℓ)] = 1.54054681901446
 Δlog(ℓ) = 4.00439022981413
 Δβ/SD[β] = -0.0429534955889495 -0.116048840060456 0.103596169514504 -0.018080666737288 -0.0233962917482847 0.28826662828374
Maximizing likelihood @ n=512×2555=1308160
 SD[log(ℓ)] = 1.05589462917778
 Δlog(ℓ) = 0.948439832376437
 Δβ/SD[β] = -0.0142422037167452 -0.00824582607330505 0.0233339042926803 0.000440279755104603 0.00384929194239756 0.00351996910300063
Maximizing likelihood @ n=1024×2555=2616320
 SD[log(ℓ)] = 0.763081637995598
 Δlog(ℓ) = 0.335287487201072
 Δβ/SD[β] = 0.014327913026931 -0.0132811954313551 0.0254394722380114 0.00430812712367647 0.0290491272905598 0.0486486144203967
Maximizing likelihood @ n=2048×2555=5232640
 SD[log(ℓ)] = 0.526413012487873
 Δlog(ℓ) = 0.870078089482547
 Δβ/SD[β] = -0.00635425522942328 -0.014877945862159 0.0584116940242647 -0.000990422483996635 0.0477738867233415 0.00852649557049556
Maximizing likelihood @ n=4096×2555=10465280
 SD[log(ℓ)] = 0.3773579123507
 Δlog(ℓ) = 0.659691017359535
 Δβ/SD[β] = 0.00381060786429115 -0.0188485979421642 0.0249836636390382 0.00586458449152069 -0.025759538321465 0.00342824331661993
Maximizing likelihood @ n=8192×2555=20930560
 SD[log(ℓ)] = 0.277438643499333
 Δlog(ℓ) = -0.0572458392933299
 Δβ/SD[β] = 0.0787453747036828 -0.0920157079441596 0.0686703745328253 0.0992156169959601 0.0955627686787572 0.0181549893327432
Calculating Hessian
Maximizing likelihood @ n=1×2555=2555
 SD[log(ℓ)] = 12.7687223476561
 Δlog(ℓ) = Inf
 Δβ/SD[β] = -0.583504536686416 -0.0413039632863084 -0.0410932224206435 -0.23339351539378 -0.817132659224115 0.652796788127909
Maximizing likelihood @ n=2×2555=5110
 SD[log(ℓ)] = 10.8444512579616
 Δlog(ℓ) = 69.6157186042365
 Δβ/SD[β] = -1.58921811133927 0.0308105892274644 -0.564452147445788 0.172468909777723 0.0512473741257005 0.165747664921768
Maximizing likelihood @ n=4×2555=10220
 SD[log(ℓ)] = 9.27333492012915
 Δlog(ℓ) = 33.3984755658307
 Δβ/SD[β] = -0.467790523354068 0.347518994023388 -0.106676836163717 0.175098976642992 0.210793528944536 0.183793409158622
Maximizing likelihood @ n=8×2555=20440
 SD[log(ℓ)] = 6.79527300913668
 Δlog(ℓ) = 40.9897397477982
 Δβ/SD[β] = -1.9932629413259 -1.04425940544255 -1.37469729045155 -0.0445341599427113 0.192727584654833 -0.0777052517905965
Maximizing likelihood @ n=16×2555=40880
 SD[log(ℓ)] = 5.22728244604001
 Δlog(ℓ) = 28.7990653367198
 Δβ/SD[β] = -0.564174291899562 -3.3084045977038 -0.92415218267227 -0.0394146121733799 0.0663165807137454 -0.0432158867110157
Maximizing likelihood @ n=32×2555=81760
 SD[log(ℓ)] = 3.9535023308079
 Δlog(ℓ) = 44.3481421560899
 Δβ/SD[β] = -0.940516628191135 -2.25474342333542 -1.28282579400284 -0.272346160597626 0.123787723176916 -0.283485315258884
Maximizing likelihood @ n=64×2555=163520
 SD[log(ℓ)] = 2.869120572631
 Δlog(ℓ) = 9.6935071255034
 Δβ/SD[β] = -3.11133511053376 -3.06407738128298 -3.55691650592362 -2.4705342722384 -1.00670727262448 -4.0262056469164
Maximizing likelihood @ n=128×2555=327040
 SD[log(ℓ)] = 2.0498111425949
 Δlog(ℓ) = 4.62631848655434
 Δβ/SD[β] = -0.137724834364317 -0.106144089923852 -0.12365422727401 -0.0664191891341399 -0.0793974787178697 0.0473657602768916
Maximizing likelihood @ n=256×2555=654080
 SD[log(ℓ)] = 1.45667452992709
 Δlog(ℓ) = 1.69065160723397
 Δβ/SD[β] = -0.0668644284106426 -0.0142324768090141 -0.048042093478963 -0.0244869102077552 -0.00325744696556721 0.0506630289254878
Maximizing likelihood @ n=512×2555=1308160
 SD[log(ℓ)] = 1.03058200986142
 Δlog(ℓ) = -1.28281114813768
 Δβ/SD[β] = -0.0194821135988831 -0.0673566284750749 -0.0288485334045014 -0.0109923910277408 -0.0467422046769349 0.00209084138447925
Maximizing likelihood @ n=1024×2555=2616320
 SD[log(ℓ)] = 0.729868160801684
 Δlog(ℓ) = 0.392573358547736
 Δβ/SD[β] = -0.0230111502545533 -0.0050896693660396 -0.0263186551099903 0.0213569179017654 -0.0124324593809266 0.0139685508532461
Maximizing likelihood @ n=2048×2555=5232640
 SD[log(ℓ)] = 0.516541804837796
 Δlog(ℓ) = 0.139956369874483
 Δβ/SD[β] = -0.026043153187176 -0.0588245704007464 -0.0319437091419407 0.00813847925209339 -0.0405279541552244 -0.0122534694258089
Maximizing likelihood @ n=4096×2555=10465280
 SD[log(ℓ)] = 0.365000063869881
 Δlog(ℓ) = -0.346076954048158
 Δβ/SD[β] = -0.0250818270355375 -0.0274930643538891 -0.0076327170772575 0.0180799565808843 -0.0405799764255302 -0.0337815118584281
Maximizing likelihood @ n=8192×2555=20930560
 SD[log(ℓ)] = 0.258244193185113
 Δlog(ℓ) = -0.0493567546952249
 Δβ/SD[β] = -0.000744678847394394 -0.01563196058702 0.00799672067727794 -0.0167029495261842 -0.0329330747152536 -0.0323311508830424
Calculating Hessian
There were 14 warnings (use warnings() to see them)
Script complete
Sat Nov 16 00:01:59 MST 2024
