Fri Nov 15 15:54:54 MST 2024
Initiating script
── Attaching core tidyverse packages ──────────────────────── tidyverse 2.0.0 ──
✔ dplyr     1.1.4     ✔ readr     2.1.5
✔ forcats   1.0.0     ✔ stringr   1.5.1
✔ ggplot2   3.5.1     ✔ tibble    3.2.1
✔ lubridate 1.9.3     ✔ tidyr     1.3.1
✔ purrr     1.0.2     
── Conflicts ────────────────────────────────────────── tidyverse_conflicts() ──
✖ ggplot2::annotate() masks ctmm::annotate()
✖ dplyr::filter()     masks stats::filter()
✖ dplyr::lag()        masks stats::lag()
ℹ Use the conflicted package (<http://conflicted.r-lib.org/>) to force all conflicts to become errors
Linking to GEOS 3.9.5, GDAL 3.8.5, PROJ 9.4.0; sf_use_s2() is TRUE
Loading required package: sp

Attaching package: ‘raster’

The following object is masked from ‘package:dplyr’:

    select

The following objects are masked from ‘package:ctmm’:

    projection, projection<-

terra 1.7.78

Attaching package: ‘terra’

The following object is masked from ‘package:tidyr’:

    extract

The following objects are masked from ‘package:ctmm’:

    distance, meta

[1] "/home/u15/mmercer3/proj/habitat_analysis_class/Final/Model_Fit_Results/EmmaClaire_rr.Rda"
     [,1]                                
[1,] "Data loaded at 2024-11-15 15:55:06"
Reading layer `major' from data source 
  `/home/u15/mmercer3/proj/habitat_analysis_class/Final/Major_Roads' 
  using driver `ESRI Shapefile'
Simple feature collection with 411 features and 7 fields
Geometry type: LINESTRING
Dimension:     XY
Bounding box:  xmin: 477946 ymin: 3545735 xmax: 511807.9 ymax: 3592212
Projected CRS: WGS 84 / UTM zone 12N
     [,1]                                 
[1,] "Roads loaded at 2024-11-15 15:55:06"
Default grid size of 51.45 minutes chosen for bandwidth(...,fast=TRUE).
|---------|---------|---------|---------|=========================================                                          [1] 1681968
[1] 1681968
Starting buffer 30 
Maximizing likelihood @ n=1×1125=1125
 SD[log(ℓ)] = 7.47165231974603
 Δlog(ℓ) = Inf
 Δβ/SD[β] = 1.24319445806393 -2.32459585342187 0.0147722827844585 -35.5552340776738 -2.44935951706361 2.13371253179429
Maximizing likelihood @ n=2×1125=2250
 SD[log(ℓ)] = 6.46998635797504
 Δlog(ℓ) = 21.9799267608238
 Δβ/SD[β] = 0.689116567991248 0.723952347647231 -0.264477956301246 -1.52361884546175 1.54935325480574 0.920746127143273
Maximizing likelihood @ n=4×1125=4500
 SD[log(ℓ)] = 4.95105279134811
 Δlog(ℓ) = 6.44362890575695
 Δβ/SD[β] = 0.723030798660306 0.73758587104936 -0.323994411913694 -0.259498929116898 0.286137840936067 0.117508960720478
Maximizing likelihood @ n=8×1125=9000
 SD[log(ℓ)] = 3.94137948673299
 Δlog(ℓ) = 17.2051736939368
 Δβ/SD[β] = -0.49830783587815 0.115340681333852 0.445886411240457 -1.03894627860672 0.53677178077199 0.892608548888942
Maximizing likelihood @ n=16×1125=18000
 SD[log(ℓ)] = 2.88938971798864
 Δlog(ℓ) = 2.18396207577548
 Δβ/SD[β] = 0.0478766037354251 0.0986591370417105 -0.105671322892824 -0.00613473944167101 0.0436284296168183 0.163670901532728
Maximizing likelihood @ n=32×1125=36000
 SD[log(ℓ)] = 2.12367771161163
 Δlog(ℓ) = 3.15349929029689
 Δβ/SD[β] = 0.0166708166594928 0.101218436591252 -0.0285011416548827 -0.0552205287392122 0.0153717948953809 -0.0390144125109715
Maximizing likelihood @ n=64×1125=72000
 SD[log(ℓ)] = 1.53419851235649
 Δlog(ℓ) = 3.06710600179869
 Δβ/SD[β] = 0.310946450814467 0.164095028577908 -0.0460110625163642 -0.0302495981990653 0.0090878793824136 -0.0715382830943594
Maximizing likelihood @ n=128×1125=144000
 SD[log(ℓ)] = 1.11819197436401
 Δlog(ℓ) = 1.25180454583804
 Δβ/SD[β] = 0.231640483573876 0.19010691913244 -0.179059932944416 -0.0374834469746523 0.0225407430162307 0.0100014684910109
Maximizing likelihood @ n=256×1125=288000
 SD[log(ℓ)] = 0.800354739900558
 Δlog(ℓ) = 0.171504880280338
 Δβ/SD[β] = 1.16302672929983 0.645808718140686 0.207098591348188 0.0262144629707494 -0.00301348194934676 0.0530220364542151
Maximizing likelihood @ n=512×1125=576000
 SD[log(ℓ)] = 0.567844745425764
 Δlog(ℓ) = 1.42786362864396
 Δβ/SD[β] = 0.039683428749995 -0.0273324373231662 -0.0347995110594348 -0.186277028730143 0.000560876638653087 -0.0707080116803847
Maximizing likelihood @ n=1024×1125=1152000
 SD[log(ℓ)] = 0.399699949363498
 Δlog(ℓ) = -0.470721688221971
 Δβ/SD[β] = 0.00863331903450149 0.00315550031355991 -0.00382118906600641 0.0105850260661513 0.0305772564884214 -0.0294240416417545
Maximizing likelihood @ n=2048×1125=2304000
 SD[log(ℓ)] = 0.281362371335167
 Δlog(ℓ) = -0.262845413932055
 Δβ/SD[β] = 0.0485849155319029 0.00530180963276799 0.0116719959895364 0.00248605697246094 -0.0470839269077034 -0.0345464604308319
Maximizing likelihood @ n=4096×1125=4608000
 SD[log(ℓ)] = 0.200060593694196
 Δlog(ℓ) = -0.108336531821422
 Δβ/SD[β] = 0.062854300810755 -0.00362773763810476 -0.0512959411982957 0.0328398629249739 0.0490267819255099 -0.0420337671884147
Maximizing likelihood @ n=8192×1125=9216000
 SD[log(ℓ)] = 0.141546835445457
 Δlog(ℓ) = -0.221820705598006
 Δβ/SD[β] = 0.0234787892098351 0.000212682723722582 0.0105488015144176 0.0204675959359448 -0.0340957585996575 0.00191320886284369
Maximizing likelihood @ n=16384×1125=18432000
 SD[log(ℓ)] = 0.0999669492662733
 Δlog(ℓ) = -0.0235822781892239
 Δβ/SD[β] = 0.00787066863707887 0.00832573554893803 0.00183217224656454 -0.00630671750427795 0.0149682827250872 -0.0111916463345103
Calculating Hessian
Maximizing likelihood @ n=1×1125=1125
 SD[log(ℓ)] = 7.49113733610139
 Δlog(ℓ) = Inf
 Δβ/SD[β] = 0.797566773255292 0.0201397710862763 0.0111976643226362 -1.13019850016415 -0.0977516471007119 0.0913163896676223
Maximizing likelihood @ n=2×1125=2250
 SD[log(ℓ)] = 6.91440192425848
 Δlog(ℓ) = 33.7558013818722
 Δβ/SD[β] = 1.10765541806222 -2.75428618247647 -1.13381086185087 -0.856067181171268 0.261651684353226 0.213452741309196
Maximizing likelihood @ n=4×1125=4500
 SD[log(ℓ)] = 5.32014248546851
 Δlog(ℓ) = 8.02292532072741
 Δβ/SD[β] = 1.46596281819269 1.52302835548688 -0.36289446075749 -0.502495086023403 0.692299000028372 0.635686822069812
Maximizing likelihood @ n=8×1125=9000
 SD[log(ℓ)] = 4.00548719992851
 Δlog(ℓ) = 5.32852867046509
 Δβ/SD[β] = -0.161036388885287 -0.179894186334828 0.115852981219286 -0.119694782954804 0.400677282917435 0.311070411316968
Maximizing likelihood @ n=16×1125=18000
 SD[log(ℓ)] = 3.0327670529874
 Δlog(ℓ) = 7.03025057611673
 Δβ/SD[β] = -0.0906398024795294 -0.16121625103045 0.104934012791176 -0.494552579716861 0.182567243176339 0.0638916602892932
Maximizing likelihood @ n=32×1125=36000
 SD[log(ℓ)] = 2.24124035323886
 Δlog(ℓ) = 1.37811535709444
 Δβ/SD[β] = 0.0465231731876621 0.125214879666512 -0.1423762102647 -0.791357483387454 0.0182901371665858 0.304176796455143
Maximizing likelihood @ n=64×1125=72000
 SD[log(ℓ)] = 1.60279919021755
 Δlog(ℓ) = 2.68487442469772
 Δβ/SD[β] = -0.0625146015800509 -0.0131917681856497 0.0289573838966492 -0.233479046578469 0.0214832195979537 0.0696685418592851
Maximizing likelihood @ n=128×1125=144000
 SD[log(ℓ)] = 1.13375799565675
 Δlog(ℓ) = 0.195997545946739
 Δβ/SD[β] = 0.0252915425880586 0.0135357698209391 -0.0185320820764563 0.0439730482430825 0.0204251319609954 0.0318904447256311
Maximizing likelihood @ n=256×1125=288000
 SD[log(ℓ)] = 0.807683221669702
 Δlog(ℓ) = -2.37981641314067
 Δβ/SD[β] = 0.0240062530393765 -0.00753056072490653 0.0024394968391121 0.0406453301342587 -0.0619994883873399 -0.0214311208254025
Maximizing likelihood @ n=512×1125=576000
 SD[log(ℓ)] = 0.570838476995757
 Δlog(ℓ) = 0.289873559435307
 Δβ/SD[β] = 0.00332845171455616 -0.0109390575264127 0.0047508729834024 0.0237988378123656 0.0332793037359137 0.0082741704952368
Maximizing likelihood @ n=1024×1125=1152000
 SD[log(ℓ)] = 0.404233962793201
 Δlog(ℓ) = 0.287453270564541
 Δβ/SD[β] = 2.67074923861126e-05 0.0077003344986077 -0.00722078462967167 -0.0235331088852421 0.0136656545012647 0.00313453002094059
Maximizing likelihood @ n=2048×1125=2304000
 SD[log(ℓ)] = 0.28511398696149
 Δlog(ℓ) = -0.168739524334214
 Δβ/SD[β] = -0.0272702850906801 0.000271012744901115 0.0315825899744956 0.0609637353505844 -0.0132918885757087 0.0350273178471239
Maximizing likelihood @ n=4096×1125=4608000
 SD[log(ℓ)] = 0.20373042948779
 Δlog(ℓ) = -0.0948592309278524
 Δβ/SD[β] = 0.0164535388813628 -0.00466267677885131 0.00286161568414068 -0.0233538075229304 0.0109901879268794 0.0172135785376671
Maximizing likelihood @ n=8192×1125=9216000
 SD[log(ℓ)] = 0.14331965065473
 Δlog(ℓ) = 0.135735571285792
 Δβ/SD[β] = -0.00363001648685005 -0.00838604769193209 0.00433973850977001 -0.0137020895040499 -0.0165542713975061 0.0292461325910548
Maximizing likelihood @ n=16384×1125=18432000
 SD[log(ℓ)] = 0.101466322081881
 Δlog(ℓ) = -0.00438290524039076
 Δβ/SD[β] = 0.00937298204767105 -0.00452001107665726 0.00479776109520866 0.00236242243592104 0.0135579010555042 0.0151337140196573
Calculating Hessian
Maximizing likelihood @ n=1×1125=1125
 SD[log(ℓ)] = 7.5256009115567
 Δlog(ℓ) = Inf
 Δβ/SD[β] = -1.32373585501718 0.0324441841630895 -0.0197144748599436 -1.1797314398947 -0.228570026245737 0.134321487969841
Maximizing likelihood @ n=2×1125=2250
 SD[log(ℓ)] = 6.67811898870587
 Δlog(ℓ) = 23.2429030819657
 Δβ/SD[β] = -1.52948493534965 0.712201624939621 0.344644542079311 -0.303798962661549 0.279631297902692 0.0315176329211503
Maximizing likelihood @ n=4×1125=4500
 SD[log(ℓ)] = 5.41054622888574
 Δlog(ℓ) = 17.9256122027851
 Δβ/SD[β] = -1.04999840478233 0.0655340053634215 0.114062396312751 -0.566568889340837 1.21737154194894 0.154254739254132
Maximizing likelihood @ n=8×1125=9000
 SD[log(ℓ)] = 3.98570776018325
 Δlog(ℓ) = 0.726292158893543
 Δβ/SD[β] = -0.130673574419056 -1.12622967330493 0.704222677276896 0.0762911048453425 0.367126166892886 -0.127324476676591
Maximizing likelihood @ n=16×1125=18000
 SD[log(ℓ)] = 3.00236602816843
 Δlog(ℓ) = 8.10465933851822
 Δβ/SD[β] = 0.136454344002082 0.0665296885202202 -0.100220140463884 -0.595834489939397 0.556715797155483 0.123263192498287
Maximizing likelihood @ n=32×1125=36000
 SD[log(ℓ)] = 2.22157572775588
 Δlog(ℓ) = 6.5181383879134
 Δβ/SD[β] = -0.196760525480808 -0.014827004985549 0.0668942668421104 -0.200567552077201 0.20194650626595 0.25233914841504
Maximizing likelihood @ n=64×1125=72000
 SD[log(ℓ)] = 1.59329053634753
 Δlog(ℓ) = 0.202420110565896
 Δβ/SD[β] = 0.0202284022496013 -0.00792061953959804 -0.0184599927916904 -0.186398422879546 0.0231538825857409 0.00897315418689569
Maximizing likelihood @ n=128×1125=144000
 SD[log(ℓ)] = 1.12515012750656
 Δlog(ℓ) = -0.533771193602888
 Δβ/SD[β] = -0.0508400531594234 0.216490195287066 -0.0538155373979679 0.0288254297385376 0.00926491253732432 0.0354347451138697
Maximizing likelihood @ n=256×1125=288000
 SD[log(ℓ)] = 0.808074669053019
 Δlog(ℓ) = 1.12246412170464
 Δβ/SD[β] = 0.0383176979829883 0.150614920300472 0.159129561558172 -0.236970075673543 -0.0130884111986664 -0.147594654894984
Maximizing likelihood @ n=512×1125=576000
 SD[log(ℓ)] = 0.571038551193147
 Δlog(ℓ) = -0.0755038858634123
 Δβ/SD[β] = 0.0132362223038615 0.0381183824774671 0.00475068517491677 -0.0489503565495056 -0.0190849482151452 0.0172679262538845
Maximizing likelihood @ n=1024×1125=1152000
 SD[log(ℓ)] = 0.403052581729507
 Δlog(ℓ) = 0.0931845572918064
 Δβ/SD[β] = -0.00180925745401272 0.0709389322817992 0.0225477785644565 0.03771699462294 0.04824492187642 0.0418695297350352
Maximizing likelihood @ n=2048×1125=2304000
 SD[log(ℓ)] = 0.285604701907221
 Δlog(ℓ) = 0.0849862747379859
 Δβ/SD[β] = -0.0207904453549421 0.0321090597954731 0.0169866755576994 -0.0131118839154471 -0.0227871351417581 0.0188852549388771
Maximizing likelihood @ n=4096×1125=4608000
 SD[log(ℓ)] = 0.202244913774314
 Δlog(ℓ) = 0.405072387811543
 Δβ/SD[β] = 0.00310635572589571 0.0196151837355019 0.00270782653953807 -0.0171103445945443 0.0251406194356875 -0.0124641579055419
Maximizing likelihood @ n=8192×1125=9216000
 SD[log(ℓ)] = 0.143929127276569
 Δlog(ℓ) = 0.365562244941771
 Δβ/SD[β] = -0.0281521900511223 0.0335339035530318 0.0420753461382373 -0.0338461194823906 0.00915528673767337 0.0146062172481277
Maximizing likelihood @ n=16384×1125=18432000
 SD[log(ℓ)] = 0.101209771769863
 Δlog(ℓ) = 0.00570768916063003
 Δβ/SD[β] = -0.00903992307206787 0.0477783265056311 -0.00162766584715275 0.0494754605809939 -0.0215365136875195 0.00652201706904753
Calculating Hessian
Maximizing likelihood @ n=1×1125=1125
 SD[log(ℓ)] = 8.11448965553247
 Δlog(ℓ) = Inf
 Δβ/SD[β] = -3.26326132134994 -1.30383728911297 0.0213767817924001 -39.6742652390809 -1.52493510300807 3.30001292156193
Maximizing likelihood @ n=2×1125=2250
 SD[log(ℓ)] = 6.62974270002647
 Δlog(ℓ) = 15.3785215937813
 Δβ/SD[β] = -0.358679046988719 -1.04247648281904 0.712904806462633 -2.46717604820203 1.74604105119617 -0.383923358999749
Maximizing likelihood @ n=4×1125=4500
 SD[log(ℓ)] = 5.27566458292744
 Δlog(ℓ) = 13.7194458155109
 Δβ/SD[β] = 0.478712159989417 0.320983046437942 -0.0609520472434264 -1.33162534507354 0.773552203883857 0.431623810114537
Maximizing likelihood @ n=8×1125=9000
 SD[log(ℓ)] = 4.01139564524783
 Δlog(ℓ) = 7.66111732880806
 Δβ/SD[β] = -0.0615984959935975 0.0921800284193739 0.0927665694393807 -0.0910944774129407 0.0487970914023696 0.104685026627649
Maximizing likelihood @ n=16×1125=18000
 SD[log(ℓ)] = 3.00326618788118
 Δlog(ℓ) = 2.0044546415166
 Δβ/SD[β] = -0.102454820552118 0.0325765908685378 0.0760409111438512 0.00868277017193545 0.0271672002128479 0.116330694076222
Maximizing likelihood @ n=32×1125=36000
 SD[log(ℓ)] = 2.23536596816992
 Δlog(ℓ) = 4.46161582683447
 Δβ/SD[β] = -0.509026415085537 0.385401122329056 0.328439091212954 -0.470867395567861 0.222318694203123 0.261296845023077
Maximizing likelihood @ n=64×1125=72000
 SD[log(ℓ)] = 1.59621392703898
 Δlog(ℓ) = 0.33895413912353
 Δβ/SD[β] = -0.00399197011109838 0.246492022422446 -0.0128848164333218 -0.0364075567925057 -0.000705306567338613 0.0203744656142264
Maximizing likelihood @ n=128×1125=144000
 SD[log(ℓ)] = 1.12842772512764
 Δlog(ℓ) = -0.7331303287758
 Δβ/SD[β] = -0.149751601238388 0.445393783036014 -0.0613308787053391 0.158207749843097 0.0552368483510749 0.0762680233618662
Maximizing likelihood @ n=256×1125=288000
 SD[log(ℓ)] = 0.802184360582658
 Δlog(ℓ) = 0.666906560417345
 Δβ/SD[β] = 0.143038059229584 -0.00230958389078638 0.0393794573356215 -0.0726569336776245 0.0070668588652747 -0.0973565597505177
Maximizing likelihood @ n=512×1125=576000
 SD[log(ℓ)] = 0.571729837610892
 Δlog(ℓ) = 0.357184372172938
 Δβ/SD[β] = 0.017519301056893 -0.0041399531010714 0.0248023310877908 -0.056980990362769 0.0118155428746459 -0.0125059194841891
Maximizing likelihood @ n=1024×1125=1152000
 SD[log(ℓ)] = 0.402077728835003
 Δlog(ℓ) = -0.511678704341705
 Δβ/SD[β] = 0.0331764169509165 0.00635108507731016 -0.00600381464991768 -0.00423887113923166 -0.0484987746194646 -0.0115958371927881
Maximizing likelihood @ n=2048×1125=2304000
 SD[log(ℓ)] = 0.285622095983593
 Δlog(ℓ) = -0.230772039643085
 Δβ/SD[β] = 0.0988674223604598 0.0209356503330409 -0.0649421743128433 0.0633002514610358 0.0123488534055447 -0.0624805122307265
Maximizing likelihood @ n=4096×1125=4608000
 SD[log(ℓ)] = 0.202667685352245
 Δlog(ℓ) = 0.0832771385122442
 Δβ/SD[β] = 0.00494376724628817 0.0403709382228297 0.0270557778149392 -0.0317920470950753 -0.0380445456886937 0.0513240258957233
Maximizing likelihood @ n=8192×1125=9216000
 SD[log(ℓ)] = 0.143053040567378
 Δlog(ℓ) = 0.151454198324103
 Δβ/SD[β] = 0.00772456721488757 0.00253875496379131 0.0106724113522933 0.00934000049904768 0.0463874619105262 0.0253640129314889
Maximizing likelihood @ n=16384×1125=18432000
 SD[log(ℓ)] = 0.100632542772305
 Δlog(ℓ) = 0.107257614354495
 Δβ/SD[β] = 0.108627035247722 0.172836279348548 -0.032023400725131 0.0202384225369418 -0.0286512072798001 0.10716550100589
Calculating Hessian
Starting buffer 750 
Maximizing likelihood @ n=1×1125=1125
 SD[log(ℓ)] = 8.43401574555415
 Δlog(ℓ) = Inf
 Δβ/SD[β] = 2.94962892497777 -0.000873665242267459 0.335966344904378 -33.7485184471152 -1.46717069561349 2.65582305791401
Maximizing likelihood @ n=2×1125=2250
 SD[log(ℓ)] = 6.83470819885494
 Δlog(ℓ) = 13.721815333377
 Δβ/SD[β] = -0.154841371290822 -0.0151663844837555 -0.526829497630351 -0.621541493133515 1.68463754949892 0.199700281595877
Maximizing likelihood @ n=4×1125=4500
 SD[log(ℓ)] = 5.42830030390356
 Δlog(ℓ) = 14.6030179877883
 Δβ/SD[β] = -0.26760667227308 0.0364811223662692 0.082815043766612 -0.581834179551712 1.17881398023103 0.501454638960161
Maximizing likelihood @ n=8×1125=9000
 SD[log(ℓ)] = 4.13104836449019
 Δlog(ℓ) = 7.49248049447128
 Δβ/SD[β] = -0.102036704000406 -0.201946517644147 -0.224398936296776 -0.645959027344641 0.386410287617473 0.200646296236669
Maximizing likelihood @ n=16×1125=18000
 SD[log(ℓ)] = 2.99315400747391
 Δlog(ℓ) = 0.300498041838239
 Δβ/SD[β] = -0.0115702687648415 0.011190710675787 -0.0563014329818053 -0.0876874971752097 0.00828811066096365 0.209827695169606
Maximizing likelihood @ n=32×1125=36000
 SD[log(ℓ)] = 2.20762366229512
 Δlog(ℓ) = 2.71877970431308
 Δβ/SD[β] = 0.027383791691634 0.0384381397270321 -0.00904065475660326 -0.11490679302089 0.0940661380541242 0.0616031491867604
Maximizing likelihood @ n=64×1125=72000
 SD[log(ℓ)] = 1.58826610604744
 Δlog(ℓ) = -3.05172266449343
 Δβ/SD[β] = -0.00719169255016073 -0.0214020426394017 -0.0504886566652315 0.149691748100108 -0.0937934773681208 0.0305413868834179
Maximizing likelihood @ n=128×1125=144000
 SD[log(ℓ)] = 1.134867875361
 Δlog(ℓ) = 1.89206063574004
 Δβ/SD[β] = 0.0969956525805366 0.0670463097930271 -0.0952867388276047 -0.194222384215086 0.0131434816645612 0.177366991203965
Maximizing likelihood @ n=256×1125=288000
 SD[log(ℓ)] = 0.794724068859835
 Δlog(ℓ) = -1.65880707334863
 Δβ/SD[β] = -0.08686793510301 0.00216800590184717 0.00619319994414476 0.219801118401788 -0.0203569578605652 0.0693404091490224
Maximizing likelihood @ n=512×1125=576000
 SD[log(ℓ)] = 0.559878553161049
 Δlog(ℓ) = -0.255069719925999
 Δβ/SD[β] = 2.62287180041426e-05 -0.00623698980004329 -0.0029548423652025 -0.0494388726197758 0.000932854241217049 0.00268431861686013
Maximizing likelihood @ n=1024×1125=1152000
 SD[log(ℓ)] = 0.400651554311757
 Δlog(ℓ) = -0.0682210893432398
 Δβ/SD[β] = -0.0105517434490161 -0.00170678374027659 -0.00769610645371338 0.0344922488822237 -0.00301518825275529 -0.00473908073390201
Maximizing likelihood @ n=2048×1125=2304000
 SD[log(ℓ)] = 0.284601435470399
 Δlog(ℓ) = -0.100434368123047
 Δβ/SD[β] = -0.00909637004096674 -0.00839038594147941 0.00504080505326349 0.0364778213766201 0.00711406443196461 -0.0221896165860125
Maximizing likelihood @ n=4096×1125=4608000
 SD[log(ℓ)] = 0.200686857772385
 Δlog(ℓ) = 0.0900637048042512
 Δβ/SD[β] = -0.00933809089826931 -0.013221617518408 -0.0118261285145956 -0.0413843416246511 -0.00385861372552156 -0.00271035236041366
Maximizing likelihood @ n=8192×1125=9216000
 SD[log(ℓ)] = 0.142153883608841
 Δlog(ℓ) = 0.150057360552765
 Δβ/SD[β] = 0.000362246196644839 -0.00801688881020267 -0.00178319887522267 -0.0173800479930684 0.0018302718733574 -0.00562405509455412
Maximizing likelihood @ n=16384×1125=18432000
 SD[log(ℓ)] = 0.100440351818251
 Δlog(ℓ) = 0.122701234427282
 Δβ/SD[β] = 0.00193144077480915 0.000458777601065301 0.000170171072418839 -0.0125337673637955 0.000260103264439367 -0.00681332823725901
Calculating Hessian
Maximizing likelihood @ n=1×1125=1125
 SD[log(ℓ)] = 7.8405140034461
 Δlog(ℓ) = Inf
 Δβ/SD[β] = -0.314618505832577 1.67971237407686 0.561095158751701 -38.6744563127066 -2.05419236084972 2.36662839349176
Maximizing likelihood @ n=2×1125=2250
 SD[log(ℓ)] = 6.89809334280355
 Δlog(ℓ) = 27.2844954712602
 Δβ/SD[β] = -0.309769894924429 -0.372007895642969 0.948593029572037 -0.283391466852326 0.322669661113481 0.489785360913301
Maximizing likelihood @ n=4×1125=4500
 SD[log(ℓ)] = 5.29809920453921
 Δlog(ℓ) = 8.18554371689807
 Δβ/SD[β] = 0.326070222226912 -1.01968458261824 0.393488717181021 -0.72471490677942 0.809383155954894 0.46399170675823
Maximizing likelihood @ n=8×1125=9000
 SD[log(ℓ)] = 4.04677586736386
 Δlog(ℓ) = 7.69456034072851
 Δβ/SD[β] = 0.169598654992943 -0.181816119753202 -0.279627884828297 -1.1688718797462 0.542196161978265 -0.171281904582017
Maximizing likelihood @ n=16×1125=18000
 SD[log(ℓ)] = 2.98445332814824
 Δlog(ℓ) = 4.15057152456919
 Δβ/SD[β] = 0.577152721999443 -0.300293954369218 -0.431008281865583 -0.358503907485074 0.14684689201525 -0.126100593681189
Maximizing likelihood @ n=32×1125=36000
 SD[log(ℓ)] = 2.20290969470383
 Δlog(ℓ) = 0.135443664081578
 Δβ/SD[β] = -0.0147821620848678 0.00832522027168194 -0.13444576859465 0.0697503092729134 0.0236938241788458 0.0984542729215275
Maximizing likelihood @ n=64×1125=72000
 SD[log(ℓ)] = 1.55454126992917
 Δlog(ℓ) = -1.37854931462213
 Δβ/SD[β] = 0.0259855815518204 0.025245415464812 -0.0646963041812203 0.0172029038094479 -0.0822770345416382 0.235883905871969
Maximizing likelihood @ n=128×1125=144000
 SD[log(ℓ)] = 1.10760133405089
 Δlog(ℓ) = 2.41599114197507
 Δβ/SD[β] = -0.129231791147898 -0.132860488190405 -0.0826089712681205 -0.105866161737429 0.0539133923716092 0.148918757537702
Maximizing likelihood @ n=256×1125=288000
 SD[log(ℓ)] = 0.792849081995745
 Δlog(ℓ) = -0.706145271645681
 Δβ/SD[β] = 0.0055761208002451 -0.00879363491553637 0.00894989148721338 -0.0372547670483717 0.0314657118790421 0.0115117897400511
Maximizing likelihood @ n=512×1125=576000
 SD[log(ℓ)] = 0.560152508878054
 Δlog(ℓ) = 0.210235468000789
 Δβ/SD[β] = 0.014637127444064 0.0187177443249864 -0.0246130072486151 0.0433990720824835 0.0233433642886153 0.0108525189101423
Maximizing likelihood @ n=1024×1125=1152000
 SD[log(ℓ)] = 0.397732531523065
 Δlog(ℓ) = 0.0394899984405583
 Δβ/SD[β] = -0.00908373578809279 -0.00911528768357367 -0.0454584032610545 -0.0139197908356329 -0.0386490079349673 0.0214527665196398
Maximizing likelihood @ n=2048×1125=2304000
 SD[log(ℓ)] = 0.284582221243
 Δlog(ℓ) = -0.4439687549269
 Δβ/SD[β] = 0.00359120507905586 0.00521813277103427 -0.0345381303811002 0.0451647291331717 0.034555224154872 -0.0122855503238607
Maximizing likelihood @ n=4096×1125=4608000
 SD[log(ℓ)] = 0.20104267275045
 Δlog(ℓ) = 0.376002654337242
 Δβ/SD[β] = -0.00556975341257685 -0.00270844374110234 -0.00874551330573707 -0.0446998613286389 -0.0171402098699781 0.0242145068892375
Maximizing likelihood @ n=8192×1125=9216000
 SD[log(ℓ)] = 0.143060006342768
 Δlog(ℓ) = 0.169862806682019
 Δβ/SD[β] = 0.00539060810628831 0.0359473271718445 -0.056309574449347 -0.0284937391348599 -0.0189078826727996 0.00745719973877819
Maximizing likelihood @ n=16384×1125=18432000
 SD[log(ℓ)] = 0.10073548299536
 Δlog(ℓ) = -0.167829183916368
 Δβ/SD[β] = -0.00769801117097036 -0.00243158835590191 -0.0125657585892459 0.043683100117625 0.00998564936772209 -0.00623621961528306
Calculating Hessian
Maximizing likelihood @ n=1×1125=1125
 SD[log(ℓ)] = 8.27575650577048
 Δlog(ℓ) = Inf
 Δβ/SD[β] = -2.14114856358349 0.0252427382539851 0.0987842218046299 -38.7226432942471 -1.59543705226373 3.02790084878648
Maximizing likelihood @ n=2×1125=2250
 SD[log(ℓ)] = 6.59955785696891
 Δlog(ℓ) = 11.1365225130766
 Δβ/SD[β] = -0.0982731515377363 0.178349102529156 -0.0173671138232986 -0.877921344568284 1.0081220267596 0.349727146196988
Maximizing likelihood @ n=4×1125=4500
 SD[log(ℓ)] = 5.19764780520531
 Δlog(ℓ) = 11.1990693509063
 Δβ/SD[β] = 0.0336385319253037 0.0312899245270522 -0.0732536624114999 -0.0381735778015805 0.153736450155035 0.0779169233832371
Maximizing likelihood @ n=8×1125=9000
 SD[log(ℓ)] = 3.98367098173989
 Δlog(ℓ) = 10.4237022103318
 Δβ/SD[β] = -0.144833604625777 -0.0355564569530082 0.154002815225727 -0.769654011549582 0.399957003524481 0.161607545056982
Maximizing likelihood @ n=16×1125=18000
 SD[log(ℓ)] = 2.98419439549208
 Δlog(ℓ) = 6.61334198346657
 Δβ/SD[β] = 0.0700339300237015 0.0770396120994322 0.021117752998485 -0.442271218412774 0.38261971403222 0.380171752405994
Maximizing likelihood @ n=32×1125=36000
 SD[log(ℓ)] = 2.16999021237204
 Δlog(ℓ) = 1.59360426329646
 Δβ/SD[β] = 0.020257682318483 0.101186347291365 0.0775545874944089 -0.365537728523952 0.0519761667107061 0.088696669667415
Maximizing likelihood @ n=64×1125=72000
 SD[log(ℓ)] = 1.56146261126835
 Δlog(ℓ) = -0.393710562154496
 Δβ/SD[β] = 0.0257299775744018 0.0501786428761697 -0.0175637944870368 -0.00850223206599575 0.026737854835486 -0.11918773372766
Maximizing likelihood @ n=128×1125=144000
 SD[log(ℓ)] = 1.12911351907952
 Δlog(ℓ) = 0.280668463360385
 Δβ/SD[β] = -0.0262498845668389 0.0413978058380428 0.0194005535500557 -0.0715062532500854 0.0281915090225646 -0.0984803214904461
Maximizing likelihood @ n=256×1125=288000
 SD[log(ℓ)] = 0.797842551158876
 Δlog(ℓ) = -0.28265089357204
 Δβ/SD[β] = 0.0088895616993347 0.000188574145612058 -0.00951633843167641 0.0194758266235614 -0.0392259623321431 0.03681932874758
Maximizing likelihood @ n=512×1125=576000
 SD[log(ℓ)] = 0.56210518461415
 Δlog(ℓ) = -0.22587588914061
 Δβ/SD[β] = 0.00682338393694499 0.0144592383317753 0.00218473344642297 0.0213428110100517 -0.00433480796319419 0.020206010508809
Maximizing likelihood @ n=1024×1125=1152000
 SD[log(ℓ)] = 0.397631456301673
 Δlog(ℓ) = 0.423060118284781
 Δβ/SD[β] = -0.0103885299765868 0.00108633333823244 0.0286950876411119 -0.00335732627196695 0.00262520190197953 0.0373970307171563
Maximizing likelihood @ n=2048×1125=2304000
 SD[log(ℓ)] = 0.281981343964238
 Δlog(ℓ) = -0.0306661975170073
 Δβ/SD[β] = -0.000190363703305928 -0.000837393509020012 0.00108532682328078 -0.00685523137615339 -0.00256243295922275 0.00198078756523608
Maximizing likelihood @ n=4096×1125=4608000
 SD[log(ℓ)] = 0.199645857497698
 Δlog(ℓ) = -0.10605935833506
 Δβ/SD[β] = 0.00530330111628304 0.00486133433978916 -0.00232639759435594 0.0228518336233565 -0.00091480067747129 0.00600269239568494
Maximizing likelihood @ n=8192×1125=9216000
 SD[log(ℓ)] = 0.142756725383337
 Δlog(ℓ) = -0.0469424547593889
 Δβ/SD[β] = -0.00162430951359559 0.012003381653678 -0.00593877454339758 0.0113173015682984 0.00158196292387737 0.0172034147531428
Maximizing likelihood @ n=16384×1125=18432000
 SD[log(ℓ)] = 0.100441230306362
 Δlog(ℓ) = 0.0199949439598015
 Δβ/SD[β] = -0.00342086202319962 0.000914418919113645 -0.00069018894044309 -0.01047811508301 0.00158322746415656 0.0111607342727707
Calculating Hessian
Maximizing likelihood @ n=1×1125=1125
 SD[log(ℓ)] = 7.50804086310247
 Δlog(ℓ) = Inf
 Δβ/SD[β] = -0.489078043909695 -0.00938388205988883 -0.0183207862582257 -1.17122636698667 -0.232449968702341 0.160327403930178
Maximizing likelihood @ n=2×1125=2250
 SD[log(ℓ)] = 6.56656320374595
 Δlog(ℓ) = 19.0470586473851
 Δβ/SD[β] = -15.4426017642127 -10.755418538574 -1.74452888165694 -0.28889641885412 0.766411839033986 0.10746598179965
Maximizing likelihood @ n=4×1125=4500
 SD[log(ℓ)] = 5.32347378742198
 Δlog(ℓ) = 18.0548926844367
 Δβ/SD[β] = -2.38147148514617 -3.91029437984749 -4.53044910338393 -0.433344351538429 0.0304692454515068 -0.355278174898721
Maximizing likelihood @ n=8×1125=9000
 SD[log(ℓ)] = 4.24368629400087
 Δlog(ℓ) = 15.6655520642074
 Δβ/SD[β] = -0.970253685631737 -0.942917846626143 -0.401336952797913 -2.29461429445527 0.673502151151572 -0.205748227885526
Maximizing likelihood @ n=16×1125=18000
 SD[log(ℓ)] = 3.09243878876103
 Δlog(ℓ) = 0.526874300253127
 Δβ/SD[β] = -0.617043345768011 0.0555778468718739 -0.356255437725402 0.120358096905384 0.0261307154025325 -0.321070856496107
Maximizing likelihood @ n=32×1125=36000
 SD[log(ℓ)] = 2.32723443680455
 Δlog(ℓ) = 5.26854992136853
 Δβ/SD[β] = -0.330076882931499 -0.455120752709652 -0.198594746805921 -0.761586226586928 0.177513274419339 -0.109102831554634
Maximizing likelihood @ n=64×1125=72000
 SD[log(ℓ)] = 1.68086011265298
 Δlog(ℓ) = 4.41924379112896
 Δβ/SD[β] = -0.0635939331483294 0.00217598565307014 -0.223526385391681 -0.475449336330829 0.0629179347557143 0.168255589589758
Maximizing likelihood @ n=128×1125=144000
 SD[log(ℓ)] = 1.20996505701931
 Δlog(ℓ) = 1.81293127075733
 Δβ/SD[β] = -0.108765310396981 0.0474724256682397 -0.0404613111528576 -0.347399299932286 0.0968843865046907 -0.0235749493930767
Maximizing likelihood @ n=256×1125=288000
 SD[log(ℓ)] = 0.870798146270567
 Δlog(ℓ) = 0.449996432273508
 Δβ/SD[β] = -0.0282577343384341 0.00967983900517875 -0.00824185708480471 0.0254599881187571 -0.00186706170951363 0.0010952740756746
Maximizing likelihood @ n=512×1125=576000
 SD[log(ℓ)] = 0.863940038902663
 Δlog(ℓ) = -0.0614139938905112
 Δβ/SD[β] = 0.162420092255653 0.223877021338671 0.0027258070826503 0.476556823801766 0.0495461908202394 -0.0304178745353873
Maximizing likelihood @ n=1024×1125=1152000
 SD[log(ℓ)] = 0.562191591981701
 Δlog(ℓ) = 0.680776034677478
 Δβ/SD[β] = -0.0301451326734789 -0.0627178618417622 0.0450991264134982 -0.275221726749063 -0.0184166630163593 -0.00878538272523355
Maximizing likelihood @ n=2048×1125=2304000
 SD[log(ℓ)] = 0.374042491346569
 Δlog(ℓ) = 0.311606135765089
 Δβ/SD[β] = -0.0408004333703564 0.0123500256589088 0.00467182485643217 -0.0488589045425034 0.0101952188421162 0.00896913209093021
Maximizing likelihood @ n=4096×1125=4608000
 SD[log(ℓ)] = 0.245857006942868
 Δlog(ℓ) = 0.0443331689291426
 Δβ/SD[β] = -0.00767705850857811 -0.0630890602105717 -0.000537293360749373 -0.085092971678397 0.0108532076840274 0.0143012197717578
Maximizing likelihood @ n=8192×1125=9216000
 SD[log(ℓ)] = 0.167995336802045
 Δlog(ℓ) = -0.20584575730507
 Δβ/SD[β] = -0.059171656292289 -0.0271418720412453 -0.00753428541716299 -0.00041070392656532 0.00779827248653917 -0.0129869514192919
Maximizing likelihood @ n=16384×1125=18432000
 SD[log(ℓ)] = 0.123848830823915
 Δlog(ℓ) = -0.129990950437985
 Δβ/SD[β] = 0.00753625930004192 -0.012672465065582 -0.010489640208129 0.016733287342206 -0.0109960208468744 0.00860961466744099
Calculating Hessian
Starting buffer 1500 
Maximizing likelihood @ n=1×1125=1125
 SD[log(ℓ)] = 7.96183005316783
 Δlog(ℓ) = Inf
 Δβ/SD[β] = 0.474908880512773 -0.997840717759699 0.560074592421275 -40.4640733548133 -2.19347742289426 2.64981635140736
Maximizing likelihood @ n=2×1125=2250
 SD[log(ℓ)] = 6.98732846218696
 Δlog(ℓ) = 25.6252230592519
 Δβ/SD[β] = -0.0225347065654525 -0.179192922096018 0.527554773131751 -0.30719025574075 0.271814371005773 0.528370699345116
Maximizing likelihood @ n=4×1125=4500
 SD[log(ℓ)] = 5.46931625993558
 Δlog(ℓ) = 10.979666803359
 Δβ/SD[β] = -0.1476678187435 0.813965288284348 -0.211472760731469 -0.0104821202108351 1.2292853950428 0.613561699583651
Maximizing likelihood @ n=8×1125=9000
 SD[log(ℓ)] = 4.02862330842198
 Δlog(ℓ) = 0.938823765380278
 Δβ/SD[β] = 0.0565277349777797 0.0595713839618133 0.0923134715579845 -0.42058601747682 0.368509853428364 -0.362708118252444
Maximizing likelihood @ n=16×1125=18000
 SD[log(ℓ)] = 3.00080568750393
 Δlog(ℓ) = 4.47769286041287
 Δβ/SD[β] = -0.0473809436989818 0.14738091639223 -0.485267168783613 -0.0405950058581424 0.0318081883522131 0.190651179789249
Maximizing likelihood @ n=32×1125=36000
 SD[log(ℓ)] = 2.18127007630936
 Δlog(ℓ) = 0.53870548375167
 Δβ/SD[β] = 0.0299425416208875 -0.0200058249276771 0.0308565807281356 -0.119863139898173 0.0566764553257523 -0.175082481310568
Maximizing likelihood @ n=64×1125=72000
 SD[log(ℓ)] = 1.5679891618837
 Δlog(ℓ) = -0.0680636653469975
 Δβ/SD[β] = -7.26227700404325e-05 0.00470021168234216 0.0126800635064267 -0.0102586073227491 0.0262930085369053 0.013789433216285
Maximizing likelihood @ n=128×1125=144000
 SD[log(ℓ)] = 1.13442904363454
 Δlog(ℓ) = 1.56286541076551
 Δβ/SD[β] = -0.0670075958998422 0.049309699497944 0.0380837018192208 -0.231368994535274 -0.00581428495577044 0.0302788013535121
Maximizing likelihood @ n=256×1125=288000
 SD[log(ℓ)] = 0.8085315503533
 Δlog(ℓ) = -0.495501150695958
 Δβ/SD[β] = 0.00914668523494639 0.01920202150078 -0.00404327358205754 -0.0788925802153094 0.0394960643414735 -0.0438717287933934
Maximizing likelihood @ n=512×1125=576000
 SD[log(ℓ)] = 0.571954513029254
 Δlog(ℓ) = 0.170777936776702
 Δβ/SD[β] = -0.00834315265636524 0.0233564387656032 -0.00379616683455775 -0.0889301059946479 -0.0331168050557624 -0.0519474749809367
Maximizing likelihood @ n=1024×1125=1152000
 SD[log(ℓ)] = 0.401285327779456
 Δlog(ℓ) = -0.437844375359106
 Δβ/SD[β] = 0.0369404170584433 0.0820773306777949 -0.0789573812258844 0.00513739013424647 0.0177833710860992 -0.174766542798386
Maximizing likelihood @ n=2048×1125=2304000
 SD[log(ℓ)] = 0.281879804679663
 Δlog(ℓ) = -0.17245156422733
 Δβ/SD[β] = -0.0176926244251041 0.0239316965780304 -0.0104557792266193 0.0480901197870111 -0.00458616910336072 0.0155192026261805
Maximizing likelihood @ n=4096×1125=4608000
 SD[log(ℓ)] = 0.199940212239439
 Δlog(ℓ) = 0.137758119656539
 Δβ/SD[β] = 0.0136332549115026 0.0239318684903062 -0.0148036168671359 -0.0258786221402174 -0.00243456348434876 0.00224769506328712
Maximizing likelihood @ n=8192×1125=9216000
 SD[log(ℓ)] = 0.141090741503286
 Δlog(ℓ) = 0.0469970818577679
 Δβ/SD[β] = -0.00825525383028458 0.0118439015060516 -0.0104259451463631 0.010917374127532 0.0162938910377808 0.00900415619677758
Maximizing likelihood @ n=16384×1125=18432000
 SD[log(ℓ)] = 0.100091784093277
 Δlog(ℓ) = -0.0590251717617605
 Δβ/SD[β] = 0.0092447986450502 0.00504035608066922 -0.002949199092957 -0.0019479312096763 -0.0158596477534314 0.00707852783183425
Calculating Hessian
Maximizing likelihood @ n=1×1125=1125
 SD[log(ℓ)] = 7.85765823989589
 Δlog(ℓ) = Inf
 Δβ/SD[β] = -0.805778995420803 -0.352277988102493 0.519382082813427 -38.4588136045928 -2.08244439224311 3.5575633237518
Maximizing likelihood @ n=2×1125=2250
 SD[log(ℓ)] = 6.86064142292523
 Δlog(ℓ) = 27.1366685922675
 Δβ/SD[β] = 0.859313769070489 -0.597626807921472 -0.0807848292692925 -1.50296371486207 1.90571037464376 0.574792606459677
Maximizing likelihood @ n=4×1125=4500
 SD[log(ℓ)] = 5.4048478547562
 Δlog(ℓ) = 12.7761424144616
 Δβ/SD[β] = -0.512799218409378 0.161080163999185 -0.268068970161742 -1.09297643358762 1.07775466092617 -0.101898577334324
Maximizing likelihood @ n=8×1125=9000
 SD[log(ℓ)] = 4.06866861198539
 Δlog(ℓ) = 3.91028164958837
 Δβ/SD[β] = 0.147767649613059 0.245968877947732 0.0396346744826684 -0.83309441431797 0.261837372179323 0.0788322516993495
Maximizing likelihood @ n=16×1125=18000
 SD[log(ℓ)] = 3.0013644328113
 Δlog(ℓ) = 5.18503389001842
 Δβ/SD[β] = 0.0945095976677093 0.0927407639726107 0.101976597122458 -0.198178410667971 0.453205181943766 -0.0782771281410892
Maximizing likelihood @ n=32×1125=36000
 SD[log(ℓ)] = 2.191963652632
 Δlog(ℓ) = 2.28829416575307
 Δβ/SD[β] = 0.0155519730446981 0.00692940529208944 0.00990029032532936 -0.0501087304697065 0.0160830150877779 0.020113713625715
Maximizing likelihood @ n=64×1125=72000
 SD[log(ℓ)] = 1.55315503562474
 Δlog(ℓ) = -2.79772211130428
 Δβ/SD[β] = -0.0507571725217564 0.0749388404263239 0.112927858553208 0.342037648632257 -0.00782675814088384 -0.17690792249859
Maximizing likelihood @ n=128×1125=144000
 SD[log(ℓ)] = 1.13435764819213
 Δlog(ℓ) = 0.241362540767
 Δβ/SD[β] = 0.0158115866289047 0.0518102781139363 -0.0405776551910966 0.130737636217933 -0.0023497599380024 0.0362731236161619
Maximizing likelihood @ n=256×1125=288000
 SD[log(ℓ)] = 0.808570275573302
 Δlog(ℓ) = -1.43677373571121
 Δβ/SD[β] = 0.0246970208505696 0.0376729440924746 -0.0926282291014788 0.0775202882188287 -0.00517008852686403 -0.0254072483593063
Maximizing likelihood @ n=512×1125=576000
 SD[log(ℓ)] = 0.571405450949003
 Δlog(ℓ) = 0.614912063886834
 Δβ/SD[β] = -0.039946015776858 0.0636498313012319 -0.045730464278513 -0.08085647244169 -0.00225414855455857 0.0386129429938518
Maximizing likelihood @ n=1024×1125=1152000
 SD[log(ℓ)] = 0.403185144783522
 Δlog(ℓ) = 0.541440913108005
 Δβ/SD[β] = -0.0127242564588555 0.0481723864708524 -0.0119905763192981 0.0689515141746819 0.056441008603804 0.0354762567217688
Maximizing likelihood @ n=2048×1125=2304000
 SD[log(ℓ)] = 0.281075422008234
 Δlog(ℓ) = 0.345517824011594
 Δβ/SD[β] = 0 0 0 0 0 0
Maximizing likelihood @ n=4096×1125=4608000
 SD[log(ℓ)] = 0.200777053824027
 Δlog(ℓ) = 0.107846013213134
 Δβ/SD[β] = 0.0114885453919042 0.0142770902044177 -0.0201823108682643 -0.0472173464722594 -0.0261847367570064 0.00521514208519003
Maximizing likelihood @ n=8192×1125=9216000
 SD[log(ℓ)] = 0.142487274310471
 Δlog(ℓ) = -0.0498247602407957
 Δβ/SD[β] = 0.031184858278141 0.0406444785024028 -0.0363664893301898 -0.0254368902476445 0.0226783203274133 0.0473109613106295
Maximizing likelihood @ n=16384×1125=18432000
 SD[log(ℓ)] = 0.100321601834121
 Δlog(ℓ) = -0.0692562136865433
 Δβ/SD[β] = 0.000922539446357308 -0.00110602960379737 -0.00556999184374981 0.0279241594221735 -0.00758103519535167 -0.00612689000160391
Calculating Hessian
Maximizing likelihood @ n=1×1125=1125
 SD[log(ℓ)] = 8.45168860826909
 Δlog(ℓ) = Inf
 Δβ/SD[β] = -0.190767976670985 -0.0367744368798317 -0.272848243550944 -32.8992049466167 -1.5398234614473 2.81358563260149
Maximizing likelihood @ n=2×1125=2250
 SD[log(ℓ)] = 6.71016696705562
 Δlog(ℓ) = 9.094782285322
 Δβ/SD[β] = -0.161746467490318 -0.386749151683672 -0.151530403570582 0.36043411642662 1.38314609869144 0.174030098326261
Maximizing likelihood @ n=4×1125=4500
 SD[log(ℓ)] = 5.2374797877227
 Δlog(ℓ) = 11.4032512918727
 Δβ/SD[β] = -0.0684975344472688 0.165850985565254 0.115702363377683 -0.679613033429216 0.999738259086137 0.5099353701755
Maximizing likelihood @ n=8×1125=9000
 SD[log(ℓ)] = 3.99853239965105
 Δlog(ℓ) = 9.47034669324528
 Δβ/SD[β] = -0.076916556647279 -0.0830988496405935 -0.093273876500241 -0.185161023301716 0.0689296922669312 0.00382092232413561
Maximizing likelihood @ n=16×1125=18000
 SD[log(ℓ)] = 2.91464282363848
 Δlog(ℓ) = -0.951722092484431
 Δβ/SD[β] = 0.0282229451697711 0.0113133958025834 0.106161367513553 -0.154140641875405 -0.0814074575756325 0.25615802090306
Maximizing likelihood @ n=32×1125=36000
 SD[log(ℓ)] = 2.17283631656686
 Δlog(ℓ) = 4.49196622082972
 Δβ/SD[β] = -0.354045194975574 0.281953182601327 0.118582550883236 -0.651943274689939 0.11201100399103 0.160051786296034
Maximizing likelihood @ n=64×1125=72000
 SD[log(ℓ)] = 1.54024065692576
 Δlog(ℓ) = -0.649672872460599
 Δβ/SD[β] = -0.011424964477092 0.0167418750505186 0.0164682687554073 -0.0496004966259347 0.0620495596428009 -0.0633262229900462
Maximizing likelihood @ n=128×1125=144000
 SD[log(ℓ)] = 1.10643076514543
 Δlog(ℓ) = 2.14252344308126
 Δβ/SD[β] = 0.0597717355421573 -0.00875221206801619 0.0335743453700586 -0.016829832198865 0.175439510642317 0.0107386287552565
Maximizing likelihood @ n=256×1125=288000
 SD[log(ℓ)] = 0.793906914697095
 Δlog(ℓ) = 0.438073702816524
 Δβ/SD[β] = -0.0112888272603639 0.0236880869188418 0.0355047302887704 -0.088706827870107 0.024680093816548 0.0319516021119436
Maximizing likelihood @ n=512×1125=576000
 SD[log(ℓ)] = 0.559512018755573
 Δlog(ℓ) = -0.830041159280384
 Δβ/SD[β] = -0.0142551371244957 0.0178511297319552 -0.000453298526876262 0.0704020188842183 -0.0317365535916437 -0.0412302247833526
Maximizing likelihood @ n=1024×1125=1152000
 SD[log(ℓ)] = 0.398434225526167
 Δlog(ℓ) = 0.233455152586629
 Δβ/SD[β] = 0.00288499495073 -0.00469782165155817 0.0105358179618774 -0.0654662461812521 0.00575901531283517 0.016961753227186
Maximizing likelihood @ n=2048×1125=2304000
 SD[log(ℓ)] = 0.283181948515124
 Δlog(ℓ) = -0.226995783101344
 Δβ/SD[β] = 0.00025666501114831 -0.0104526382648056 0.00110236652434474 -0.000881174302272656 -0.0243434546054448 0.00844758507383539
Maximizing likelihood @ n=4096×1125=4608000
 SD[log(ℓ)] = 0.201350193275707
 Δlog(ℓ) = -0.157274612464164
 Δβ/SD[β] = -0.00520642724409732 -0.00684463946682261 0.0126660314904168 0.0251605887543488 0.00246811510451056 -0.0157376952127582
Maximizing likelihood @ n=8192×1125=9216000
 SD[log(ℓ)] = 0.141827141995899
 Δlog(ℓ) = 0.127065957708652
 Δβ/SD[β] = -0.00428259111113063 -0.00737861234816736 0.0155071830614306 -0.0439554560924199 0.00520744500315822 0.00422839941609925
Maximizing likelihood @ n=16384×1125=18432000
 SD[log(ℓ)] = 0.100382976808334
 Δlog(ℓ) = 0.096178533491738
 Δβ/SD[β] = -0.000458041299551973 0.00115306646545344 0.0158795822052218 -0.0191444793265971 -0.0078794766929126 -0.00210389994134981
Calculating Hessian
Maximizing likelihood @ n=1×1125=1125
 SD[log(ℓ)] = 8.23295035374885
 Δlog(ℓ) = Inf
 Δβ/SD[β] = -0.798053522822682 0.00254494436133059 0.0038742482190413 -1.1830000586205 -0.164423520573085 0.10714997691096
Maximizing likelihood @ n=2×1125=2250
 SD[log(ℓ)] = 7.18041138575526
 Δlog(ℓ) = 26.592142982407
 Δβ/SD[β] = -3.21130450120886 -0.549966131066195 -0.944505067027274 -0.396407018198143 0.298552275257417 0.486247887637949
Maximizing likelihood @ n=4×1125=4500
 SD[log(ℓ)] = 5.4480689153145
 Δlog(ℓ) = 4.93970659735241
 Δβ/SD[β] = 0.709201730503035 -0.188037068437342 -0.0159131035025072 -0.108480451766222 0.938181544964611 0.436280092634084
Maximizing likelihood @ n=8×1125=9000
 SD[log(ℓ)] = 4.09749146837362
 Δlog(ℓ) = 5.39777323693833
 Δβ/SD[β] = -0.278717786528005 0.0204695764670361 -0.131985534286771 -0.973716247370228 0.225383641605009 -0.0260539610433242
Maximizing likelihood @ n=16×1125=18000
 SD[log(ℓ)] = 3.04179332129663
 Δlog(ℓ) = 3.53061604830624
 Δβ/SD[β] = -0.35365793010769 -0.234039556494977 -0.134175540834253 -0.360595485469667 0.202889085002005 0.131700419544351
Maximizing likelihood @ n=32×1125=36000
 SD[log(ℓ)] = 2.40350416527878
 Δlog(ℓ) = -3.29977149164041
 Δβ/SD[β] = 0.150988400803803 -0.301916188159272 0.00742256303091306 0.125597982977258 -0.000658161223917424 -0.00774291908457725
Maximizing likelihood @ n=64×1125=72000
 SD[log(ℓ)] = 1.70729748113268
 Δlog(ℓ) = 2.17241264460516
 Δβ/SD[β] = 0.170031108959067 0.0231646720056545 -0.0775803810372269 -0.416513340710014 0.0963106530047934 -0.0636970622890619
Maximizing likelihood @ n=128×1125=144000
 SD[log(ℓ)] = 1.2134935947977
 Δlog(ℓ) = 1.37137581702584
 Δβ/SD[β] = -0.186103890948287 -0.219105237281368 0.00315068407284761 -0.48643776180101 0.014353023070063 -0.0313385847426662
Maximizing likelihood @ n=256×1125=288000
 SD[log(ℓ)] = 0.838428089894652
 Δlog(ℓ) = -0.106991603835169
 Δβ/SD[β] = -0.0125897011732161 -0.0183639765954233 -0.0128271512949696 -0.179577550035479 0.0209747496573193 -0.00429021807442919
Maximizing likelihood @ n=512×1125=576000
 SD[log(ℓ)] = 0.587833775944795
 Δlog(ℓ) = 0.725225673315478
 Δβ/SD[β] = -0.113054505142405 -0.0133396746323423 0.0303977648040544 -0.0677582610253187 0.0252864287975959 -0.0943714193561806
Maximizing likelihood @ n=1024×1125=1152000
 SD[log(ℓ)] = 0.411568653161174
 Δlog(ℓ) = 0.114795424389939
 Δβ/SD[β] = 0.000578907187927159 -0.00035309477712636 -1.50925959191825e-06 -0.00301563454860113 0.00297372811432007 -0.000496004233052848
Maximizing likelihood @ n=2048×1125=2304000
 SD[log(ℓ)] = 0.290528655069695
 Δlog(ℓ) = -0.597510275751958
 Δβ/SD[β] = -0.00309711796749299 -0.00453456740159685 -0.00634588146162686 0.0156214416916863 -0.0206126838454369 -0.0112278850349773
Maximizing likelihood @ n=4096×1125=4608000
 SD[log(ℓ)] = 0.205287680475958
 Δlog(ℓ) = -0.322588959334411
 Δβ/SD[β] = 0.0384085479801166 -0.0192575246296915 0.000686440101146011 0.0492515279282166 0.00564571942923815 -0.00462407101363974
Maximizing likelihood @ n=8192×1125=9216000
 SD[log(ℓ)] = 0.144673242180563
 Δlog(ℓ) = 0.0409924479547641
 Δβ/SD[β] = 0.0118158134937868 0.000388876597703107 0.000842046713252787 -0.0235613810781814 -0.000566528696239396 -0.0229856192150385
Maximizing likelihood @ n=16384×1125=18432000
 SD[log(ℓ)] = 0.101956361770838
 Δlog(ℓ) = 0.129915018400283
 Δβ/SD[β] = 0.00561129193658191 -0.0042684758961437 0.00346501459842472 -0.011479162514255 -0.00255197131589621 2.16658320966892e-05
Calculating Hessian
There were 13 warnings (use warnings() to see them)
Script complete
Fri Nov 15 23:05:11 MST 2024
