Wed Nov 20 20:55:08 MST 2024
Initiating script
── Attaching core tidyverse packages ──────────────────────── tidyverse 2.0.0 ──
✔ dplyr     1.1.4     ✔ readr     2.1.5
✔ forcats   1.0.0     ✔ stringr   1.5.1
✔ ggplot2   3.5.1     ✔ tibble    3.2.1
✔ lubridate 1.9.3     ✔ tidyr     1.3.1
✔ purrr     1.0.2     
── Conflicts ────────────────────────────────────────── tidyverse_conflicts() ──
✖ ggplot2::annotate() masks ctmm::annotate()
✖ dplyr::filter()     masks stats::filter()
✖ dplyr::lag()        masks stats::lag()
ℹ Use the conflicted package (<http://conflicted.r-lib.org/>) to force all conflicts to become errors
Linking to GEOS 3.9.5, GDAL 3.8.5, PROJ 9.4.0; sf_use_s2() is TRUE
Loading required package: sp

Attaching package: ‘raster’

The following object is masked from ‘package:dplyr’:

    select

The following objects are masked from ‘package:ctmm’:

    projection, projection<-

terra 1.7.78

Attaching package: ‘terra’

The following object is masked from ‘package:tidyr’:

    extract

The following objects are masked from ‘package:ctmm’:

    distance, meta

[1] "/home/u15/mmercer3/proj/habitat_analysis_class/Final/Model_Fit_Results/roads_1500/Margaret_rr.Rda"
     [,1]                                
[1,] "Data loaded at 2024-11-20 20:55:19"
Default grid size of 51.4309523809524 minutes chosen for bandwidth(...,fast=TRUE).
Some rasters are not loaded in RAM and may be slow to process. See help("raster::readAll").
Maximizing likelihood @ n=1×2890=2890
 SD[log(ℓ)] = 9.10816197283388
 Δlog(ℓ) = Inf
 Δβ/SD[β] = -0.0400909740632702 -0.103470492621361 -0.735307546957667 0.0194834187018092 -0.0373501320081272 -1.2023095976181 -0.298377034119366 0.0220244418982446
Maximizing likelihood @ n=2×2890=5780
 SD[log(ℓ)] = 7.03303040275726
 Δlog(ℓ) = 9.01842465132063
 Δβ/SD[β] = -0.317966895099794 -0.576831739100057 -0.935356407482493 0.370517380906387 0.544885425722826 -0.0450874762004489 0.109405991803229 0.053981195068579
Maximizing likelihood @ n=4×2890=11560
 SD[log(ℓ)] = 5.42584418828751
 Δlog(ℓ) = 7.75503175143649
 Δβ/SD[β] = 0.0550987304738453 -0.402783359909262 -0.135239464305865 -0.303899240894258 -0.237674657931172 0.022528296034351 0.133760867838355 -0.137323569764832
Maximizing likelihood @ n=8×2890=23120
 SD[log(ℓ)] = 3.91806552882533
 Δlog(ℓ) = 3.2990931996635
 Δβ/SD[β] = 0.375050361353107 -0.6657098360977 -0.267133204003324 -0.814396540770208 -0.191432842080249 0.028275917580081 0.0455165865771112 0.53185204360682
Maximizing likelihood @ n=16×2890=46240
 SD[log(ℓ)] = 2.81477486420776
 Δlog(ℓ) = 11.2911195568512
 Δβ/SD[β] = 0.0266722405752343 -4.53934896814676 -0.214753050569246 -0.369330540526142 -0.323789870610642 -0.0429651832433699 -0.0645834304849964 0.456349560328628
Maximizing likelihood @ n=32×2890=92480
 SD[log(ℓ)] = 2.26514773235016
 Δlog(ℓ) = 28.455664484808
 Δβ/SD[β] = -0.305586059233808 -4.24193072321013 -0.605017727499512 -0.851903565315753 0.230804974582985 -0.225850785955888 -0.236988078365861 -0.01245872231383
Maximizing likelihood @ n=64×2890=184960
 SD[log(ℓ)] = 1.6554411309683
 Δlog(ℓ) = 1.61671157840516
 Δβ/SD[β] = -0.262397456284182 -0.178227238481307 -0.0371674465020385 0.0983746454466215 0.592913785632765 -0.0127231462624887 -0.0386948477898732 -0.367324582520076
Maximizing likelihood @ n=128×2890=369920
 SD[log(ℓ)] = 1.17773699534412
 Δlog(ℓ) = 1.52549679122663
 Δβ/SD[β] = -0.0397943074364682 -0.0864330792823845 -0.065452117119286 -0.0248251168663679 0.00822026650504972 -0.0413345448203712 -0.00113078690973295 0.00114960453132195
Maximizing likelihood @ n=256×2890=739840
 SD[log(ℓ)] = 0.833842627522342
 Δlog(ℓ) = -0.32818829275999
 Δβ/SD[β] = -0.0157496966741737 -0.0303695231386199 0.0431399833809186 0.0127116508260776 -0.0143986778257282 0.00468353113629277 0.0101491296195592 -0.00803925032151528
Maximizing likelihood @ n=512×2890=1479680
 SD[log(ℓ)] = 0.588749750525982
 Δlog(ℓ) = -0.330773425987616
 Δβ/SD[β] = -0.0124666567597833 0.012207708354521 -0.0109226008729178 0.0127823185437095 0.0107195356473976 0.0434042481643216 -0.0015967463779587 0.0279836878774753
Maximizing likelihood @ n=1024×2890=2959360
 SD[log(ℓ)] = 0.416843993103597
 Δlog(ℓ) = -0.201276343645873
 Δβ/SD[β] = -0.0220337599911747 -0.00101655426908251 0.0159839476341286 0.00188862518449081 0.00138175701254845 -0.0297951326254173 -0.0153531286225639 -0.0192814415284342
Maximizing likelihood @ n=2048×2890=5918720
 SD[log(ℓ)] = 0.295029698455768
 Δlog(ℓ) = 0.289825911981808
 Δβ/SD[β] = -0.00856040175968828 -0.0206818959627828 0.00307616957910047 -0.00671111812231483 0.0081913404842668 -0.0147972868808852 0.0112208304035187 -0.0106494622266027
Maximizing likelihood @ n=4096×2890=11837440
 SD[log(ℓ)] = 0.208678323650026
 Δlog(ℓ) = -0.00522962174429153
 Δβ/SD[β] = -0.00629609947229868 0.00313512114551763 -0.0157541799705313 -0.0102117512403802 0.00741346143917933 0.00918616965287365 -0.014521200461485 -0.00886902117181318
Maximizing likelihood @ n=8192×2890=23674880
 SD[log(ℓ)] = 0.147588693524891
 Δlog(ℓ) = -0.0773603823338362
 Δβ/SD[β] = -0.00324265517585364 -0.0034013539212539 0.0088730716231177 -0.00592016174933058 0.0070151934913835 0.00904136125784725 0.00979083765142296 -0.0103873194971595
Calculating Hessian
Warning message:
In rsf.fit(individual, individual_akde, R = R, max.mem = "2 Gb") :
  Calculation stopped before 2.8 Gb allocation.
Script complete
Wed Nov 20 21:46:15 MST 2024
