Wed Nov 20 18:46:52 MST 2024
Initiating script
── Attaching core tidyverse packages ──────────────────────── tidyverse 2.0.0 ──
✔ dplyr     1.1.4     ✔ readr     2.1.5
✔ forcats   1.0.0     ✔ stringr   1.5.1
✔ ggplot2   3.5.1     ✔ tibble    3.2.1
✔ lubridate 1.9.3     ✔ tidyr     1.3.1
✔ purrr     1.0.2     
── Conflicts ────────────────────────────────────────── tidyverse_conflicts() ──
✖ ggplot2::annotate() masks ctmm::annotate()
✖ dplyr::filter()     masks stats::filter()
✖ dplyr::lag()        masks stats::lag()
ℹ Use the conflicted package (<http://conflicted.r-lib.org/>) to force all conflicts to become errors
Linking to GEOS 3.9.5, GDAL 3.8.5, PROJ 9.4.0; sf_use_s2() is TRUE
Loading required package: sp

Attaching package: ‘raster’

The following object is masked from ‘package:dplyr’:

    select

The following objects are masked from ‘package:ctmm’:

    projection, projection<-

terra 1.7.78

Attaching package: ‘terra’

The following object is masked from ‘package:tidyr’:

    extract

The following objects are masked from ‘package:ctmm’:

    distance, meta

[1] "/home/u15/mmercer3/proj/habitat_analysis_class/Final/Model_Fit_Results/roads_30/Charlie_rr.Rda"
     [,1]                                
[1,] "Data loaded at 2024-11-20 18:47:06"
Default grid size of 1.00013888888889 hours chosen for bandwidth(...,fast=TRUE).
Some rasters are not loaded in RAM and may be slow to process. See help("raster::readAll").
Maximizing likelihood @ n=1×1471=1471
 SD[log(ℓ)] = 6.0249009245463
 Δlog(ℓ) = Inf
 Δβ/SD[β] = -0.00829003131333194 0.242263007136118 1.59842129973398 -0.0512888577965892 -0.206876694474524 -1.29644721918625 2.28264474196079 -0.0776689264600861
Maximizing likelihood @ n=2×1471=2942
 SD[log(ℓ)] = 6.99538529700918
 Δlog(ℓ) = 85.2139180571066
 Δβ/SD[β] = 0.127823684759244 0.186326406212728 0.756331743509143 1.21229449106985 1.84392086080211 -0.378988858474329 2.6248536778634 0.545147189626847
Maximizing likelihood @ n=4×1471=5884
 SD[log(ℓ)] = 5.50496528892567
 Δlog(ℓ) = 18.6051784347551
 Δβ/SD[β] = -0.255321053384428 -1.29968754338724 0.142351186201195 1.21507877403635 1.70850521696795 -0.0789854949461338 0.1790746063943 -0.680786144531295
Maximizing likelihood @ n=8×1471=11768
 SD[log(ℓ)] = 4.13999406447112
 Δlog(ℓ) = 9.07613725021645
 Δβ/SD[β] = -0.0587838052220207 -0.06830768674011 0.10125908609706 0.0821544580540274 -0.029309796407933 -0.0700637233577825 0.0530083988385024 0.0234870763963873
Maximizing likelihood @ n=16×1471=23536
 SD[log(ℓ)] = 3.06638818810725
 Δlog(ℓ) = 3.47585939171489
 Δβ/SD[β] = -0.00443842445417346 -0.0442681710609625 -0.00460578627772973 -0.0623594934186886 -0.0053366755881575 0.354879299118019 -0.0475261117016645 -0.0300963144839579
Maximizing likelihood @ n=32×1471=47072
 SD[log(ℓ)] = 2.2445728023865
 Δlog(ℓ) = 1.71090167933858
 Δβ/SD[β] = 0.0803586775868531 -0.0687362695202556 -0.109872100647737 -0.035117148863763 0.0521345967236813 -0.210753753273816 0.0623440559017359 -0.0648152124737488
Maximizing likelihood @ n=64×1471=94144
 SD[log(ℓ)] = 1.64775981330548
 Δlog(ℓ) = 1.99806334196603
 Δβ/SD[β] = 0.00108564495552737 0.0750795927405274 -0.0546936572547985 -0.0808014212999844 -0.203651132438348 -0.312271538171452 0.0489552716036666 -0.144390142519037
Maximizing likelihood @ n=128×1471=188288
 SD[log(ℓ)] = 1.17010697396315
 Δlog(ℓ) = 0.561224067744888
 Δβ/SD[β] = 0.00905791936264308 -0.0107504649585921 -0.00609098109934161 0.000379663432411833 -0.00595522836967743 -0.0422655279327643 0.0145164632180001 -0.0055987946090345
Maximizing likelihood @ n=256×1471=376576
 SD[log(ℓ)] = 0.855909085877676
 Δlog(ℓ) = -0.838561487181607
 Δβ/SD[β] = -0.00675431419280217 -0.0431733248734956 0.0318125990208685 0.0181138838025536 -0.0715856554936706 0.156873724413174 -0.0251000899099506 0.00802671282823257
Maximizing likelihood @ n=512×1471=753152
 SD[log(ℓ)] = 0.609799734156615
 Δlog(ℓ) = 1.55766276940142
 Δβ/SD[β] = 0.0321375356233565 0.00390311172033329 0.0666692484855297 0.107180536474574 0.0306993147827575 -0.210173950439364 0.0875168412279259 -0.0839467826354478
Maximizing likelihood @ n=1024×1471=1506304
 SD[log(ℓ)] = 0.426605426275552
 Δlog(ℓ) = 0.526866022826141
 Δβ/SD[β] = 0.0193643227948093 -0.00777305734754338 -0.0247427517796813 -0.00871944882256967 -0.0301492180736666 -0.0518530702189213 -0.0100534096002174 -0.0191043698899693
Maximizing likelihood @ n=2048×1471=3012608
 SD[log(ℓ)] = 0.301939482597359
 Δlog(ℓ) = 0.149318416675044
 Δβ/SD[β] = -0.0209062612400659 0.00606396092529956 0.0172643748414662 0.0371082691556014 -0.0173002067171841 0.0629581940408377 0.00473724869943098 -0.0073444512649991
Maximizing likelihood @ n=4096×1471=6025216
 SD[log(ℓ)] = 0.214689609873915
 Δlog(ℓ) = 0.221309115372605
 Δβ/SD[β] = 0 0 0 0 0 0 0 0
Maximizing likelihood @ n=8192×1471=12050432
 SD[log(ℓ)] = 0.167604774817761
 Δlog(ℓ) = -0.111948302659471
 Δβ/SD[β] = -0.0107703611781405 0.00094831649655929 -0.0121469141220882 0.00272991930532576 -0.0120708573273194 0.034517067678211 0.00783637637346889 -0.0033043657294217
Maximizing likelihood @ n=16384×1471=24100864
 SD[log(ℓ)] = 0.121126425498847
 Δlog(ℓ) = 0.108635071816479
 Δβ/SD[β] = 0.0159560930875909 0.00524038486082388 -0.000209033376141772 0.0108636096076111 -0.0224719782887323 -0.0333874111852203 -0.00499437224095021 -0.00579774658133875
Calculating Hessian
Warning message:
In rsf.fit(individual, individual_akde, R = R, max.mem = "2 Gb") :
  Calculation stopped before 2.9 Gb allocation.
Script complete
Wed Nov 20 19:39:28 MST 2024
