Fri Nov 15 15:54:54 MST 2024
Initiating script
── Attaching core tidyverse packages ──────────────────────── tidyverse 2.0.0 ──
✔ dplyr     1.1.4     ✔ readr     2.1.5
✔ forcats   1.0.0     ✔ stringr   1.5.1
✔ ggplot2   3.5.1     ✔ tibble    3.2.1
✔ lubridate 1.9.3     ✔ tidyr     1.3.1
✔ purrr     1.0.2     
── Conflicts ────────────────────────────────────────── tidyverse_conflicts() ──
✖ ggplot2::annotate() masks ctmm::annotate()
✖ dplyr::filter()     masks stats::filter()
✖ dplyr::lag()        masks stats::lag()
ℹ Use the conflicted package (<http://conflicted.r-lib.org/>) to force all conflicts to become errors
Linking to GEOS 3.9.5, GDAL 3.8.5, PROJ 9.4.0; sf_use_s2() is TRUE
Loading required package: sp

Attaching package: ‘raster’

The following object is masked from ‘package:dplyr’:

    select

The following objects are masked from ‘package:ctmm’:

    projection, projection<-

terra 1.7.78

Attaching package: ‘terra’

The following object is masked from ‘package:tidyr’:

    extract

The following objects are masked from ‘package:ctmm’:

    distance, meta

[1] "/home/u15/mmercer3/proj/habitat_analysis_class/Final/Model_Fit_Results/Beverly_rr.Rda"
     [,1]                                
[1,] "Data loaded at 2024-11-15 15:55:06"
Reading layer `major' from data source 
  `/home/u15/mmercer3/proj/habitat_analysis_class/Final/Major_Roads' 
  using driver `ESRI Shapefile'
Simple feature collection with 411 features and 7 fields
Geometry type: LINESTRING
Dimension:     XY
Bounding box:  xmin: 477946 ymin: 3545735 xmax: 511807.9 ymax: 3592212
Projected CRS: WGS 84 / UTM zone 12N
     [,1]                                 
[1,] "Roads loaded at 2024-11-15 15:55:06"
Default grid size of 1.00152777777778 hours chosen for bandwidth(...,fast=TRUE).
|---------|---------|---------|---------|=========================================                                          [1] 1681968
[1] 1681968
Starting buffer 30 
Maximizing likelihood @ n=1×2203=2203
 SD[log(ℓ)] = 3.81374761561931
 Δlog(ℓ) = Inf
 Δβ/SD[β] = -1.46800602878846 0.0124304066094552 -0.0257880251560106 -0.973502062829857 -0.964597935223895 -0.132607868457203
Maximizing likelihood @ n=2×2203=4406
 SD[log(ℓ)] = 2.69017291559576
 Δlog(ℓ) = 3.5849594317372
 Δβ/SD[β] = 0 0 0 0 0 0
Maximizing likelihood @ n=4×2203=8812
 SD[log(ℓ)] = 2.77562588391757
 Δlog(ℓ) = 6.59106938932556
 Δβ/SD[β] = -0.940047311012356 -1.04979262873688 -0.256300231024153 -0.116347065740328 -0.379238704606427 -0.429871901227074
Maximizing likelihood @ n=8×2203=17624
 SD[log(ℓ)] = 2.0888634524867
 Δlog(ℓ) = -0.256372342880478
 Δβ/SD[β] = 0.0463937156128789 -0.0402919796513386 0.100080943947386 -0.183846118783213 0.155155314542044 -0.0805581698260271
Maximizing likelihood @ n=16×2203=35248
 SD[log(ℓ)] = 1.53682948922981
 Δlog(ℓ) = 2.54775688674832
 Δβ/SD[β] = -0.0242372546806435 0.0342470656858098 -0.012334800045068 0.0529921103676241 0.0547249116351585 -0.0302321199969897
Maximizing likelihood @ n=32×2203=70496
 SD[log(ℓ)] = 1.16020937017187
 Δlog(ℓ) = 2.65718057061408
 Δβ/SD[β] = -0.0605153999453822 0.0183832721461214 -0.424754142282609 0.154833405873919 0.293829806612844 -0.0722080496055009
Maximizing likelihood @ n=64×2203=140992
 SD[log(ℓ)] = 0.83056282234778
 Δlog(ℓ) = 0.202379779489561
 Δβ/SD[β] = 0.0285265221842103 0.00605322137874947 0.000730573034847113 0.0360772604265749 0.0309608749705598 -0.0580577563387938
Maximizing likelihood @ n=128×2203=281984
 SD[log(ℓ)] = 0.5919728715324
 Δlog(ℓ) = 0.765878320056451
 Δβ/SD[β] = 0.00235853173894782 0.0154820790469428 -0.0251530239342333 0.00133241639101035 0.00606690182810017 -0.0402912626228065
Maximizing likelihood @ n=256×2203=563968
 SD[log(ℓ)] = 0.425817855434356
 Δlog(ℓ) = 0.546622380490327
 Δβ/SD[β] = 0.0292449957056192 0.0103263351442612 0.00706379348791761 0.0316505472324056 -0.00254624013471486 -0.0625964758801827
Maximizing likelihood @ n=512×2203=1127936
 SD[log(ℓ)] = 0.302575944990378
 Δlog(ℓ) = 0.324563407172889
 Δβ/SD[β] = 0.0198251553603722 0.00938431525458155 0.00714084675497295 -0.00859133319816559 -0.0165835006467344 -0.0269429894305114
Maximizing likelihood @ n=1024×2203=2255872
 SD[log(ℓ)] = 0.214768788622096
 Δlog(ℓ) = -0.0303028738369733
 Δβ/SD[β] = 0.0649365158008155 0.124840944876007 0.108472051533816 -0.12368116155499 0.115610182931577 -0.0172091442005677
Maximizing likelihood @ n=2048×2203=4511744
 SD[log(ℓ)] = 0.151157295712198
 Δlog(ℓ) = 0.210277284366512
 Δβ/SD[β] = -0.00785329494815855 0.0172468866959781 -0.00640355321051729 0.0055551736372727 0.000539561484360585 0.0233193093263294
Maximizing likelihood @ n=4096×2203=9023488
 SD[log(ℓ)] = 0.107275477839572
 Δlog(ℓ) = 0.0158102292836375
 Δβ/SD[β] = -0.00148679540311929 0.000266335010513131 0.00333366369277178 0.0198979325301418 -0.0132679065971821 -0.0189962234221664
Maximizing likelihood @ n=8192×2203=18046976
 SD[log(ℓ)] = 0.075736902724444
 Δlog(ℓ) = 0.0634735004875679
 Δβ/SD[β] = -0.00249713746788695 0.00877288411318096 0.00330432190340536 0.00706775205031402 0.00235105694020479 0.00781713719035806
Calculating Hessian
Maximizing likelihood @ n=1×2203=2203
 SD[log(ℓ)] = 5.11459664787902
 Δlog(ℓ) = Inf
 Δβ/SD[β] = 3.06518208436778 0.000396087560163318 -0.0182189253670257 -0.963719673042536 -0.994945472244946 -0.148487762054713
Maximizing likelihood @ n=2×2203=4406
 SD[log(ℓ)] = 4.38355386517759
 Δlog(ℓ) = 6.07317441456949
 Δβ/SD[β] = 0.519708119579759 -0.0474481248061688 0.351859960045624 1.28752868288156 0.210854269984588 -1.29897726608632
Maximizing likelihood @ n=4×2203=8812
 SD[log(ℓ)] = 3.43111119527035
 Δlog(ℓ) = 3.32981902262716
 Δβ/SD[β] = 0.177890947296223 0.0985570267114946 -0.332094017023188 -0.0506905003435204 0.418292704406891 -0.0914094618403744
Maximizing likelihood @ n=8×2203=17624
 SD[log(ℓ)] = 2.57582238803796
 Δlog(ℓ) = 2.30987807746178
 Δβ/SD[β] = 0.0253680475768865 -0.00988532418057173 -0.0605418149555754 -0.047090817899507 -0.0382805603311965 -0.101956692495184
Maximizing likelihood @ n=16×2203=35248
 SD[log(ℓ)] = 1.90199812278449
 Δlog(ℓ) = 2.3335590719585
 Δβ/SD[β] = 0.20073842525484 0.0427306223765123 -0.106182129702965 -0.0290882091291873 0.0326303186246663 -0.114432691171919
Maximizing likelihood @ n=32×2203=70496
 SD[log(ℓ)] = 1.33932654669119
 Δlog(ℓ) = -1.85101467435111
 Δβ/SD[β] = -0.0724853623259512 -0.0577618701275488 -0.0486249022403577 -0.0787534419039144 0.0108345574512219 -0.0233422403033058
Maximizing likelihood @ n=64×2203=140992
 SD[log(ℓ)] = 0.950647467117564
 Δlog(ℓ) = 0.464888219607793
 Δβ/SD[β] = 0.0966861511144623 0.0540010783281226 -0.0555174287037176 0.0534065195664542 0.0779267762351894 0.0212074959744485
Maximizing likelihood @ n=128×2203=281984
 SD[log(ℓ)] = 0.675996570567823
 Δlog(ℓ) = -0.269717478902699
 Δβ/SD[β] = 0.0380101078087768 -0.0176257054923174 0.133985645673426 -0.15704508492232 0.139568593220658 0.0067611771790781
Maximizing likelihood @ n=256×2203=563968
 SD[log(ℓ)] = 0.474101284923561
 Δlog(ℓ) = -0.384197466065515
 Δβ/SD[β] = -0.0463756700647277 0.00993611825063919 -0.00959417956528498 -0.00566333325456982 0.0259657827736363 0.0330800284328646
Maximizing likelihood @ n=512×2203=1127936
 SD[log(ℓ)] = 0.338735961421812
 Δlog(ℓ) = -0.119828410986742
 Δβ/SD[β] = 0.0118357795974252 -0.0619961552379721 -0.0283590876841618 -0.027136681981732 0.108111616290698 -0.0554970210406636
Maximizing likelihood @ n=1024×2203=2255872
 SD[log(ℓ)] = 0.237758216987021
 Δlog(ℓ) = 0.207905371623184
 Δβ/SD[β] = -0.000349817019224803 0.0130026295201761 -0.00213775644249788 -0.000545637328804107 0.0289934381677919 0.0437758236685666
Maximizing likelihood @ n=2048×2203=4511744
 SD[log(ℓ)] = 0.168263448898575
 Δlog(ℓ) = -0.0986261326641156
 Δβ/SD[β] = 0.0720442863272723 -0.0631045877218522 -0.0578217650270638 -0.0119525909850378 0.143794782683914 0.0408315933183573
Maximizing likelihood @ n=4096×2203=9023488
 SD[log(ℓ)] = 0.119301002266063
 Δlog(ℓ) = -0.0519120634763865
 Δβ/SD[β] = -0.00931251022873642 -0.0162784933600333 -0.0210431606437731 -0.0835611714378519 0.133441790807748 -0.00585582225132634
Maximizing likelihood @ n=8192×2203=18046976
 SD[log(ℓ)] = 0.0833584309893176
 Δlog(ℓ) = -0.0242603932734866
 Δβ/SD[β] = -0.0278941359372903 0.129633035037849 0.0869094303570218 -0.0232202041124263 0.0524846945121274 0.00491228606285171
Calculating Hessian
Maximizing likelihood @ n=1×2203=2203
 SD[log(ℓ)] = 4.06609566568914
 Δlog(ℓ) = Inf
 Δβ/SD[β] = -8.33702527374865 0.26317766159766 0.397422320899804 -25.5827551146247 -26.3491296603052 -5.59722688761145
Maximizing likelihood @ n=2×2203=4406
 SD[log(ℓ)] = 3.82085064291162
 Δlog(ℓ) = 9.83384433260553
 Δβ/SD[β] = -0.585376529863779 0.487016216375316 0.514472585145079 0.405386448004047 0.844143092390451 -1.61389849701332
Maximizing likelihood @ n=4×2203=8812
 SD[log(ℓ)] = 3.06981829745463
 Δlog(ℓ) = 5.37900785039065
 Δβ/SD[β] = -0.222118234065265 0.413751290635509 1.16489134578013 0.0374425130158428 -0.101562772241013 -0.932563428522912
Maximizing likelihood @ n=8×2203=17624
 SD[log(ℓ)] = 2.37023391985169
 Δlog(ℓ) = 4.01757114378086
 Δβ/SD[β] = 0.0602383665209438 0.0821133113746556 -0.0575983233865591 -0.00306538905097622 0.233296987266702 -0.744981309659941
Maximizing likelihood @ n=16×2203=35248
 SD[log(ℓ)] = 1.71740194139201
 Δlog(ℓ) = 0.501378114351233
 Δβ/SD[β] = -0.143846752011595 0.0186289635571196 -0.028292029880615 -0.0230072662212829 -0.00926965182682366 -0.0193615644419687
Maximizing likelihood @ n=32×2203=70496
 SD[log(ℓ)] = 1.21733884597654
 Δlog(ℓ) = -0.628093820078618
 Δβ/SD[β] = -0.228258642107215 0.0143948716650463 -0.0627558215791588 0.105081813560124 0.0896909868223656 0.0690339621299895
Maximizing likelihood @ n=64×2203=140992
 SD[log(ℓ)] = 0.852109806549989
 Δlog(ℓ) = -0.80313719415868
 Δβ/SD[β] = 0.00943824406639649 -0.00877477300273524 0.0141015081526988 -0.00772333218412984 -0.00850549372916995 0.0644300953760938
Maximizing likelihood @ n=128×2203=281984
 SD[log(ℓ)] = 0.596555977427468
 Δlog(ℓ) = -0.266936818890528
 Δβ/SD[β] = 0.018615150392749 -0.00506449487320197 0.00824704138152557 0.0357543751866218 0.0119013245492226 0.0586445526284527
Maximizing likelihood @ n=256×2203=563968
 SD[log(ℓ)] = 0.426143985107353
 Δlog(ℓ) = 0.452940583136893
 Δβ/SD[β] = -0.0653254154625897 0.0792516289354692 0.0684427927884132 0.0126273124754115 -0.0321263661556965 -0.0321600014089808
Maximizing likelihood @ n=512×2203=1127936
 SD[log(ℓ)] = 0.304601411676133
 Δlog(ℓ) = 0.237820703408431
 Δβ/SD[β] = 0.0184732606550492 0.0455491836903631 -0.0168120268302554 -0.0064407075136278 0.0473835821126512 -0.07847254642047
Maximizing likelihood @ n=1024×2203=2255872
 SD[log(ℓ)] = 0.213840183738492
 Δlog(ℓ) = -0.0472328740882375
 Δβ/SD[β] = -0.0258533205956634 0.0334950160406372 0.00847531671678387 0.0203725011955387 0.0132841704853419 0.040706700939125
Maximizing likelihood @ n=2048×2203=4511744
 SD[log(ℓ)] = 0.150664452355276
 Δlog(ℓ) = -0.271297405864949
 Δβ/SD[β] = -0.0117705421264132 0.0147314744626358 -0.00366004670426199 0.00600234609137616 0.000199588603726145 0.0216005043983938
Maximizing likelihood @ n=4096×2203=9023488
 SD[log(ℓ)] = 0.107113683439989
 Δlog(ℓ) = 0.115834098586852
 Δβ/SD[β] = -0.0141641914471681 0.0187906235520234 -0.0155650480824783 -0.00100703569602247 -0.00706401742906736 -0.0264376709777747
Maximizing likelihood @ n=8192×2203=18046976
 SD[log(ℓ)] = 0.0753661506915701
 Δlog(ℓ) = -0.026604507041732
 Δβ/SD[β] = -0.0605899328917295 0.100294586052612 0.011968834328547 0.0159224865470588 0.0632180086748738 0.0264036248224895
Calculating Hessian
Maximizing likelihood @ n=1×2203=2203
 SD[log(ℓ)] = 4.18519866044328
 Δlog(ℓ) = Inf
 Δβ/SD[β] = 10.6459406211687 0.717707999680532 -0.579048757251756 -32.9039490560716 -27.0996886774732 -5.41474300193265
Maximizing likelihood @ n=2×2203=4406
 SD[log(ℓ)] = 3.62011965908608
 Δlog(ℓ) = 5.62423887575427
 Δβ/SD[β] = 0.0121145652472981 0.202691243386629 0.350684731848492 0.174843833691543 1.46276073341235 -0.312539264694356
Maximizing likelihood @ n=4×2203=8812
 SD[log(ℓ)] = 3.04984112342682
 Δlog(ℓ) = 8.36631423681489
 Δβ/SD[β] = 0.208844147108291 0.221508105549721 0.368237396218775 0.0523123004825142 0.311375388335139 -0.19605035596863
Maximizing likelihood @ n=8×2203=17624
 SD[log(ℓ)] = 2.39436809684126
 Δlog(ℓ) = 4.22598404692755
 Δβ/SD[β] = 0.249307981566861 -0.235144949397969 -0.0191739343622371 -0.450204454153965 0.00312827036854083 -0.689825796907992
Maximizing likelihood @ n=16×2203=35248
 SD[log(ℓ)] = 1.73065653526152
 Δlog(ℓ) = 0.311702109287154
 Δβ/SD[β] = 0.0760342050750211 0.0266710447239511 0.0378471504347157 -0.0227718644590158 -0.0321935127313072 -0.0177872429707234
Maximizing likelihood @ n=32×2203=70496
 SD[log(ℓ)] = 1.25987029789511
 Δlog(ℓ) = 2.07999370467728
 Δβ/SD[β] = 0.00254300992790112 -0.0502783069429324 0.00426700234454462 -0.031983110266141 0.103572818884303 -0.0308732127979237
Maximizing likelihood @ n=64×2203=140992
 SD[log(ℓ)] = 0.906086069350768
 Δlog(ℓ) = -0.0132520505508893
 Δβ/SD[β] = 0.108210732121153 0.119601684337046 0.105819808633206 -0.201284247282627 -0.00668084321375228 0.00720517124414476
Maximizing likelihood @ n=128×2203=281984
 SD[log(ℓ)] = 0.633147073207809
 Δlog(ℓ) = -0.328378701281942
 Δβ/SD[β] = 0.0237961373581149 0.00258079924080127 0.00660987873195019 0.028441286975215 0.0511776048507295 0.071027229718707
Maximizing likelihood @ n=256×2203=563968
 SD[log(ℓ)] = 0.446945685714807
 Δlog(ℓ) = -0.776477532044346
 Δβ/SD[β] = -0.0423268560765363 0.0540070001637403 -0.0251637410920068 0.0103291972961247 0.0369667418138282 -0.00577157577979365
Maximizing likelihood @ n=512×2203=1127936
 SD[log(ℓ)] = 0.312994053196282
 Δlog(ℓ) = -0.151658279884316
 Δβ/SD[β] = -0.0618271094042223 0.0538196655156379 0.041463905091491 -0.0237046104384502 0.0513398669257049 0.0460474817013016
Maximizing likelihood @ n=1024×2203=2255872
 SD[log(ℓ)] = 0.223564331454638
 Δlog(ℓ) = -0.278568785942419
 Δβ/SD[β] = 0.0636024556589015 -0.0133055772584976 0.0388331107390029 -0.0487476027914991 0.0993728391747246 -0.030851528886072
Maximizing likelihood @ n=2048×2203=4511744
 SD[log(ℓ)] = 0.15600666414996
 Δlog(ℓ) = -0.156662314199053
 Δβ/SD[β] = -0.0467502823186069 0.00272927940338064 0.0256805266874209 -0.0277462296687033 0.0185235207516234 0.0458924698654692
Maximizing likelihood @ n=4096×2203=9023488
 SD[log(ℓ)] = 0.111803810377724
 Δlog(ℓ) = 0.185170830358331
 Δβ/SD[β] = 0.022452689012593 -0.0429992791896937 -0.0441389675603162 -0.095970605614632 0.0468605800655577 -0.0630443118310502
Maximizing likelihood @ n=8192×2203=18046976
 SD[log(ℓ)] = 0.0790341930521347
 Δlog(ℓ) = -0.065452949643614
 Δβ/SD[β] = 0 0 0 0 0 0
Calculating Hessian
Starting buffer 750 
Maximizing likelihood @ n=1×2203=2203
 SD[log(ℓ)] = 4.21132140912473
 Δlog(ℓ) = Inf
 Δβ/SD[β] = 0.962743881163557 0.689755578270486 0.189642994172644 -27.3290600488862 -28.8103163023709 -6.17267294208842
Maximizing likelihood @ n=2×2203=4406
 SD[log(ℓ)] = 3.58236819059213
 Δlog(ℓ) = 5.40638769537073
 Δβ/SD[β] = 0.173964361920745 -0.423932787664955 0.0156453417100119 0.247704543659886 0.227355096327575 -0.222853378180007
Maximizing likelihood @ n=4×2203=8812
 SD[log(ℓ)] = 2.90785634723257
 Δlog(ℓ) = 4.5204096815957
 Δβ/SD[β] = -0.0118457107097214 0.0341699892018309 -0.0102549427736748 0.0527786432704616 0.429158401646667 -0.134160278322685
Maximizing likelihood @ n=8×2203=17624
 SD[log(ℓ)] = 2.12701663561338
 Δlog(ℓ) = 0.616927282428946
 Δβ/SD[β] = 6.00821650361859e-05 0.00511259241068192 -0.00590443544756679 0.0201370081317578 0.0548377364057027 -0.0468574746091286
Maximizing likelihood @ n=16×2203=35248
 SD[log(ℓ)] = 1.52332762361464
 Δlog(ℓ) = 0.0513639281347622
 Δβ/SD[β] = 0.0203092419349975 0.0586352624556842 -0.0994840512968366 0.262091904396064 -0.0453144838677063 -0.0224336877777093
Maximizing likelihood @ n=32×2203=70496
 SD[log(ℓ)] = 1.07471413404789
 Δlog(ℓ) = 1.08733262079497
 Δβ/SD[β] = 0 0 0 0 0 0
Maximizing likelihood @ n=64×2203=140992
 SD[log(ℓ)] = 0.805347700258314
 Δlog(ℓ) = 1.44250366045748
 Δβ/SD[β] = 0.0230301494570561 -0.024809695707722 -0.0432089836419378 0.041876409779452 -0.0568876948529766 -0.0574549431651832
Maximizing likelihood @ n=128×2203=281984
 SD[log(ℓ)] = 0.569156339032842
 Δlog(ℓ) = 0.125586359924327
 Δβ/SD[β] = 0 0 0 0 0 0
Maximizing likelihood @ n=256×2203=563968
 SD[log(ℓ)] = 0.402041732129694
 Δlog(ℓ) = -0.199866407235817
 Δβ/SD[β] = 0 0 0 0 0 0
Maximizing likelihood @ n=512×2203=1127936
 SD[log(ℓ)] = 0.284363381841298
 Δlog(ℓ) = -0.147622064618261
 Δβ/SD[β] = 0 0 0 0 0 0
Maximizing likelihood @ n=1024×2203=2255872
 SD[log(ℓ)] = 0.201016488927348
 Δlog(ℓ) = -0.00167281659395968
 Δβ/SD[β] = 0 0 0 0 0 0
Maximizing likelihood @ n=2048×2203=4511744
 SD[log(ℓ)] = 0.143396364319966
 Δlog(ℓ) = -0.179571618921585
 Δβ/SD[β] = 0.0176507169292415 -0.0153900248390729 0.00525979174832262 0.0154096228218433 -0.0235122093661846 -0.0364367119224776
Maximizing likelihood @ n=4096×2203=9023488
 SD[log(ℓ)] = 0.100576165318035
 Δlog(ℓ) = -0.0158281529904301
 Δβ/SD[β] = 0.00477141979434154 0.0518673023313339 0.0229446605860116 0.0366190816312089 -0.0108528296874863 0.0349823949763766
Maximizing likelihood @ n=8192×2203=18046976
 SD[log(ℓ)] = 0.0710794955523182
 Δlog(ℓ) = -0.199221032171351
 Δβ/SD[β] = 0 0 0 0 0 0
Calculating Hessian
Maximizing likelihood @ n=1×2203=2203
 SD[log(ℓ)] = 4.34806637108876
 Δlog(ℓ) = Inf
 Δβ/SD[β] = 1.96790007977435 0.00319838458841928 -0.522642790156637 -26.1573367287699 -30.7920233998793 -6.1220157250281
Maximizing likelihood @ n=2×2203=4406
 SD[log(ℓ)] = 3.69085267121717
 Δlog(ℓ) = 4.63069500750279
 Δβ/SD[β] = 0.0494745292439418 0.195866056469207 0.0600203848147509 0.16602627792531 0.131756539796729 -0.191444091294503
Maximizing likelihood @ n=4×2203=8812
 SD[log(ℓ)] = 2.84847212275379
 Δlog(ℓ) = -0.259505858841287
 Δβ/SD[β] = -0.00363396375182366 0.0323207139063574 0.0147721028978669 -0.00397230325523334 0.164949473310185 -0.0585060982045683
Maximizing likelihood @ n=8×2203=17624
 SD[log(ℓ)] = 2.12577805146597
 Δlog(ℓ) = 2.9348093666029
 Δβ/SD[β] = 0.0473510674311805 0.0782575965282903 0.38826813673015 0.251874477202426 0.860705889404355 -0.0996694210923958
Maximizing likelihood @ n=16×2203=35248
 SD[log(ℓ)] = 1.52286825138544
 Δlog(ℓ) = 1.28839626606614
 Δβ/SD[β] = -0.257698675524663 0.0802639266936239 0.511336454935568 0.0921768746921194 1.27795456541241 -0.132666998092751
Maximizing likelihood @ n=32×2203=70496
 SD[log(ℓ)] = 1.07727723254651
 Δlog(ℓ) = 0.652610328361511
 Δβ/SD[β] = 0 0 0 0 0 0
Maximizing likelihood @ n=64×2203=140992
 SD[log(ℓ)] = 0.798520213646047
 Δlog(ℓ) = 0.854941254075527
 Δβ/SD[β] = -0.00477599305426262 0.0337156982902178 0.0388117823351145 0.0150080842305125 -0.0227250344270396 -0.0464005395322207
Maximizing likelihood @ n=128×2203=281984
 SD[log(ℓ)] = 0.569831788742179
 Δlog(ℓ) = 0.139598664859435
 Δβ/SD[β] = -0.0109832128711449 0.040564114895822 0.0275760976367592 -0.0381349558233492 -0.0582332388753794 -0.0413739393857402
Maximizing likelihood @ n=256×2203=563968
 SD[log(ℓ)] = 0.398893355423874
 Δlog(ℓ) = -0.0525954162587539
 Δβ/SD[β] = -0.0170436005007657 0.0204966268240811 0.0352305716596629 0.0550171790155531 0.0309030672273204 0.0452169662418719
Maximizing likelihood @ n=512×2203=1127936
 SD[log(ℓ)] = 0.28595916627587
 Δlog(ℓ) = 0.420027096975254
 Δβ/SD[β] = 0.0184817661550577 -0.00550382661771826 0.00440306845693262 0.0274793013924479 -0.0225211571237205 -0.0574801047902078
Maximizing likelihood @ n=1024×2203=2255872
 SD[log(ℓ)] = 0.20271384032828
 Δlog(ℓ) = -0.0305119375980993
 Δβ/SD[β] = 0.00664665472447285 0.00880980955070205 0.0278399395236678 -0.0160586887593768 -0.0155008025625396 -0.0065913052964068
Maximizing likelihood @ n=2048×2203=4511744
 SD[log(ℓ)] = 0.142942501621529
 Δlog(ℓ) = 0.163959698055244
 Δβ/SD[β] = 0.0150571090853027 0.0157261638841174 0.017605009748841 0.0181220567018784 0.00691769711985477 0.0118166002036689
Maximizing likelihood @ n=4096×2203=9023488
 SD[log(ℓ)] = 0.100973118379424
 Δlog(ℓ) = -0.202097688228882
 Δβ/SD[β] = 0.000465877941232011 -0.00402203695243044 0.00445285628743083 0.00171608372692318 -0.00152556557582491 0.0070089749973632
Maximizing likelihood @ n=8192×2203=18046976
 SD[log(ℓ)] = 0.0715303318859292
 Δlog(ℓ) = -0.0439947895011059
 Δβ/SD[β] = 0.00431403493103004 -0.00486636263325661 0.0138209812988125 0.000622014267312798 -0.000301935609644139 -0.00968487178069953
Calculating Hessian
Maximizing likelihood @ n=1×2203=2203
 SD[log(ℓ)] = 4.34080203452883
 Δlog(ℓ) = Inf
 Δβ/SD[β] = 1.50561257658193 1.33996915327415 -0.0968281943803423 -27.0615650554486 -28.5940903968782 -6.12933587260011
Maximizing likelihood @ n=2×2203=4406
 SD[log(ℓ)] = 3.28805593814996
 Δlog(ℓ) = -1.47667721265307
 Δβ/SD[β] = 0.137734476414143 -0.317109299036445 -0.252819691541735 0.835636053845727 0.797724312185282 -0.0596027451101499
Maximizing likelihood @ n=4×2203=8812
 SD[log(ℓ)] = 2.69810530575913
 Δlog(ℓ) = 5.36014530081351
 Δβ/SD[β] = -0.0227009539323206 -0.182335687788195 0.307621121823747 1.54485053532138 -0.015201627002007 -0.225320799628264
Maximizing likelihood @ n=8×2203=17624
 SD[log(ℓ)] = 2.15103783549987
 Δlog(ℓ) = 5.28585854410729
 Δβ/SD[β] = -0.102373386533457 -0.117629904203053 -0.182912010629523 0.0736583941254574 0.131425803143897 -0.713180075453845
Maximizing likelihood @ n=16×2203=35248
 SD[log(ℓ)] = 1.54767361131212
 Δlog(ℓ) = -0.266593379622456
 Δβ/SD[β] = 0.0229026562589802 -0.030853915642098 -0.00630710191451909 -0.0487332603335994 -0.0634030370732054 -0.0219435064831515
Maximizing likelihood @ n=32×2203=70496
 SD[log(ℓ)] = 1.11744166620088
 Δlog(ℓ) = 0.56610920940912
 Δβ/SD[β] = 0.0124168125293584 -0.0165639868142589 0.0289461172062275 -0.0202093463127292 -0.0183812982990322 -0.0540908492837722
Maximizing likelihood @ n=64×2203=140992
 SD[log(ℓ)] = 0.793502715709523
 Δlog(ℓ) = 1.26968543658305
 Δβ/SD[β] = 0 0 0 0 0 0
Maximizing likelihood @ n=128×2203=281984
 SD[log(ℓ)] = 0.577416883218092
 Δlog(ℓ) = 0.529541870765485
 Δβ/SD[β] = 0.00123300069877101 0.00735404447701375 0.0254569763929907 0.0134329616227411 0.021973141604503 -0.0281852448422002
Maximizing likelihood @ n=256×2203=563968
 SD[log(ℓ)] = 0.40429212551599
 Δlog(ℓ) = -0.152443460565493
 Δβ/SD[β] = 0.0106307419786494 0.00399711308908116 0.00709450747330022 0.00538838385043116 0.00713799680072203 0.0406762115110142
Maximizing likelihood @ n=512×2203=1127936
 SD[log(ℓ)] = 0.285101696075997
 Δlog(ℓ) = 0.182075564560854
 Δβ/SD[β] = 0 0 0 0 0 0
Maximizing likelihood @ n=1024×2203=2255872
 SD[log(ℓ)] = 0.201880533761023
 Δlog(ℓ) = -0.20534352325388
 Δβ/SD[β] = 0 0 0 0 0 0
Maximizing likelihood @ n=2048×2203=4511744
 SD[log(ℓ)] = 0.143672937113694
 Δlog(ℓ) = -0.0392995866785171
 Δβ/SD[β] = 0.00481153657332619 -0.0117714132640402 0.0201135916377823 0.0112097937666645 0.0289929700301358 -0.028163629423733
Maximizing likelihood @ n=4096×2203=9023488
 SD[log(ℓ)] = 0.101037917639804
 Δlog(ℓ) = -0.0565176299450769
 Δβ/SD[β] = 0.00547151948574311 0.00997948349900215 -0.00140627022673938 0.0119316012028011 0.0100508014868712 0.0204352373686544
Maximizing likelihood @ n=8192×2203=18046976
 SD[log(ℓ)] = 0.0716587494658073
 Δlog(ℓ) = -0.0523791032396801
 Δβ/SD[β] = 0.0331048358351356 0.0531854782130439 0.0528655360648831 -0.0444866564904613 0.0728058598824474 -0.0145152472783227
Calculating Hessian
Maximizing likelihood @ n=1×2203=2203
 SD[log(ℓ)] = 4.40345706789425
 Δlog(ℓ) = Inf
 Δβ/SD[β] = 1.53806595875298 0.301785457334978 -0.432810395107857 -29.8688083538055 -23.3929343914496 -5.76430735741014
Maximizing likelihood @ n=2×2203=4406
 SD[log(ℓ)] = 3.70385162514352
 Δlog(ℓ) = 4.21641338829315
 Δβ/SD[β] = -0.0760927941844237 -0.101582476230441 0.096733327176155 0.0476575100414447 0.119768059768767 -0.194342738187147
Maximizing likelihood @ n=4×2203=8812
 SD[log(ℓ)] = 2.9650726121266
 Δlog(ℓ) = 5.8968041527542
 Δβ/SD[β] = 0.0537719944850011 -0.253679987262168 0.0705197454594801 0.391444182418347 -0.0171739977966162 -0.134864615170068
Maximizing likelihood @ n=8×2203=17624
 SD[log(ℓ)] = 2.26223796091859
 Δlog(ℓ) = 2.12231519805757
 Δβ/SD[β] = -0.0861367660556501 -0.105474689652026 -0.0325073608968067 0.290031006447363 -0.076874846024333 -0.564231466532226
Maximizing likelihood @ n=16×2203=35248
 SD[log(ℓ)] = 1.60153681163011
 Δlog(ℓ) = 0.494964056482445
 Δβ/SD[β] = 0 0 0 0 0 0
Maximizing likelihood @ n=32×2203=70496
 SD[log(ℓ)] = 1.17081595655251
 Δlog(ℓ) = -0.159701691720443
 Δβ/SD[β] = -0.251849474350332 0.0117653405950649 0.262645995484543 -0.1155456701562 0.137835506521848 -0.0292540002281501
Maximizing likelihood @ n=64×2203=140992
 SD[log(ℓ)] = 0.821207347336017
 Δlog(ℓ) = -1.92741164908624
 Δβ/SD[β] = 0 0 0 0 0 0
Maximizing likelihood @ n=128×2203=281984
 SD[log(ℓ)] = 0.576599270995237
 Δlog(ℓ) = -0.0372919058438299
 Δβ/SD[β] = -0.000131759428149042 0.000312606261338091 0.000397637700176983 0.000860928128837929 0.00147177024699766 0.00536591530226369
Maximizing likelihood @ n=256×2203=563968
 SD[log(ℓ)] = 0.40215209003471
 Δlog(ℓ) = -0.133916771013354
 Δβ/SD[β] = 0.00530576764404658 0.0257962063063546 0.00362435258147053 0.0215278283051957 0.0116966825438247 0.0401333850390183
Maximizing likelihood @ n=512×2203=1127936
 SD[log(ℓ)] = 0.287258010650588
 Δlog(ℓ) = 0.0741266940280099
 Δβ/SD[β] = -0.0294609036993181 0.0264809727939412 0.0230209645051268 -0.0197955022401307 0.0323502772500596 -0.0365602988086556
Maximizing likelihood @ n=1024×2203=2255872
 SD[log(ℓ)] = 0.200303838831134
 Δlog(ℓ) = -0.284375775505772
 Δβ/SD[β] = -0.0436731090291681 0.0443837789304119 0.0255369377247822 0.00851916224455581 -0.00215410797681213 0.0536703883702582
Maximizing likelihood @ n=2048×2203=4511744
 SD[log(ℓ)] = 0.141557912082532
 Δlog(ℓ) = -0.0726486839974214
 Δβ/SD[β] = 0 0 0 0 0 0
Maximizing likelihood @ n=4096×2203=9023488
 SD[log(ℓ)] = 0.100054378345077
 Δlog(ℓ) = 0.150860290145125
 Δβ/SD[β] = 0 0 0 0 0 0
Maximizing likelihood @ n=8192×2203=18046976
 SD[log(ℓ)] = 0.0715009574938761
 Δlog(ℓ) = 0.114841132064278
 Δβ/SD[β] = 0.000119347173197148 0.0195029486668095 0.0143464720777994 0.0198897717452764 0.00465335736755954 -0.0447069454207163
Calculating Hessian
Starting buffer 1500 
Maximizing likelihood @ n=1×2203=2203
 SD[log(ℓ)] = 4.36318684759059
 Δlog(ℓ) = Inf
 Δβ/SD[β] = -3.25611131413951 0.752906549826702 -0.00842890249983539 -31.9658388341978 -29.6043303698003 -6.37206978115977
Maximizing likelihood @ n=2×2203=4406
 SD[log(ℓ)] = 3.56472427003196
 Δlog(ℓ) = 3.29907481129344
 Δβ/SD[β] = -0.155982341487105 0.404285317178042 0.194804189991761 -0.0434732226949003 0.524276919855979 -0.12713724046289
Maximizing likelihood @ n=4×2203=8812
 SD[log(ℓ)] = 2.89659228039334
 Δlog(ℓ) = 4.09923593775186
 Δβ/SD[β] = -0.080948189442005 0.0875378402367144 -0.104084761709815 0.268826754932693 0.0687889203292261 -0.152264885635606
Maximizing likelihood @ n=8×2203=17624
 SD[log(ℓ)] = 2.21928570607667
 Δlog(ℓ) = 2.81301462375188
 Δβ/SD[β] = 0.0394370243667957 -0.239645594158094 0.195650159805314 -0.399812392175102 -0.303793625857291 -0.379016982503328
Maximizing likelihood @ n=16×2203=35248
 SD[log(ℓ)] = 1.6200369349371
 Δlog(ℓ) = 0.0307301858810476
 Δβ/SD[β] = 0.0512073842284432 -0.0722165776798082 0.00725915964403028 0.0940775287328335 -0.134249801028649 -0.0319355018420049
Maximizing likelihood @ n=32×2203=70496
 SD[log(ℓ)] = 1.09833804560121
 Δlog(ℓ) = -0.578418694075886
 Δβ/SD[β] = -0.136476588283536 -0.225362737825945 0.194124869548094 0.387667190389168 0.030441042074338 0.0310798697423041
Maximizing likelihood @ n=64×2203=140992
 SD[log(ℓ)] = 0.804053774234342
 Δlog(ℓ) = 0.95166006238032
 Δβ/SD[β] = -0.0608271343594941 -0.0276452733251744 -0.0428705383956629 -0.00678330260560118 0.00710312562983989 -0.0343113898903775
Maximizing likelihood @ n=128×2203=281984
 SD[log(ℓ)] = 0.570208078984736
 Δlog(ℓ) = 0.0482663199971967
 Δβ/SD[β] = -0.000206544734855566 0.0193070560728836 -0.0146566777016391 -0.0644533336650669 -0.0115576969027728 -0.0117838908580389
Maximizing likelihood @ n=256×2203=563968
 SD[log(ℓ)] = 0.401761998456644
 Δlog(ℓ) = -0.139598126931176
 Δβ/SD[β] = 0.00654560606225892 0.00555162718325963 0.0129066729997141 0.0159740937814228 -0.00476738066216333 0.01651060957424
Maximizing likelihood @ n=512×2203=1127936
 SD[log(ℓ)] = 0.286609927077658
 Δlog(ℓ) = 0.412625550425695
 Δβ/SD[β] = -0.0099513584040471 0.00159448052040155 0.0188880896905903 0.025455414536555 0.00247323031982939 -0.0298762120310087
Maximizing likelihood @ n=1024×2203=2255872
 SD[log(ℓ)] = 0.202383118918103
 Δlog(ℓ) = 0.0929672820613234
 Δβ/SD[β] = 0.00620333018683192 -0.00398590149905551 -0.00540958587366722 -0.000275863931630183 0.00611348092000028 0.00952277948218666
Maximizing likelihood @ n=2048×2203=4511744
 SD[log(ℓ)] = 0.143499277350147
 Δlog(ℓ) = 0.000209515844751706
 Δβ/SD[β] = 0.0305400741548217 -0.0447493320642744 -0.038080436038408 0.0479624835099534 0.0371111873363439 -0.0219801218133255
Maximizing likelihood @ n=4096×2203=9023488
 SD[log(ℓ)] = 0.101192895007731
 Δlog(ℓ) = -0.040430644851341
 Δβ/SD[β] = -0.00137467678709574 0.00174908384866319 0.00420970765655407 -0.00595370246813448 -0.00291473263611294 0.0104502291069972
Maximizing likelihood @ n=8192×2203=18046976
 SD[log(ℓ)] = 0.0716415840011526
 Δlog(ℓ) = -0.0252646418886755
 Δβ/SD[β] = 0.000168620963751003 -0.00595297475288611 -0.00557808578730476 6.22672669943702e-05 -0.00947218100615008 -0.00494773743451081
Calculating Hessian
Maximizing likelihood @ n=1×2203=2203
 SD[log(ℓ)] = 4.49089736826313
 Δlog(ℓ) = Inf
 Δβ/SD[β] = 0.929825497973892 0.250682753645202 0.783426370793016 -24.451043028765 -28.3568928334045 -6.10101066554142
Maximizing likelihood @ n=2×2203=4406
 SD[log(ℓ)] = 3.696675468133
 Δlog(ℓ) = 3.13985382191045
 Δβ/SD[β] = 0.0798431446495949 0.111382830072203 0.122704633516108 0.227130651410237 0.240847550350557 -0.18116538706611
Maximizing likelihood @ n=4×2203=8812
 SD[log(ℓ)] = 2.70559168201231
 Δlog(ℓ) = 0.485692020412383
 Δβ/SD[β] = -0.0831931147160951 -0.0234115338354143 -0.197025786880735 0.353252110952774 0.121236361659236 -0.196279539006917
Maximizing likelihood @ n=8×2203=17624
 SD[log(ℓ)] = 2.15814408856738
 Δlog(ℓ) = 4.71432135486966
 Δβ/SD[β] = -0.00318240602698476 0.0915148404838652 -0.384970559882992 0.160981199930257 0.0572523669642045 -0.13894943913009
Maximizing likelihood @ n=16×2203=35248
 SD[log(ℓ)] = 1.59700326571799
 Δlog(ℓ) = 1.38586991930932
 Δβ/SD[β] = -0.0292636220805639 0.0107152459323392 -0.0419891965824709 -0.0879229923445327 0.00789342966512871 -0.0536631699394166
Maximizing likelihood @ n=32×2203=70496
 SD[log(ℓ)] = 1.11482128658437
 Δlog(ℓ) = -1.11912490234027
 Δβ/SD[β] = -0.0206058969519473 0.0184000845118726 -0.0200187251111709 0.0136538789108116 -0.0303896623712882 0.056071629511382
Maximizing likelihood @ n=64×2203=140992
 SD[log(ℓ)] = 0.788155954645137
 Δlog(ℓ) = 1.40528157134672
 Δβ/SD[β] = 0 0 0 0 0 0
Maximizing likelihood @ n=128×2203=281984
 SD[log(ℓ)] = 0.576238275890436
 Δlog(ℓ) = -0.107309324032997
 Δβ/SD[β] = 0.0134334361264962 -0.0354401832099541 0.00304546314095771 0.016433660319988 -0.00641832249323271 -0.0320891072043008
Maximizing likelihood @ n=256×2203=563968
 SD[log(ℓ)] = 0.403516682049345
 Δlog(ℓ) = -0.201462243384036
 Δβ/SD[β] = -0.14298868052273 0.0685331935554347 -0.139072874093991 0.0633574117857879 -0.131462182263885 0.0388533452386369
Maximizing likelihood @ n=512×2203=1127936
 SD[log(ℓ)] = 0.289539586638057
 Δlog(ℓ) = -0.348771203867862
 Δβ/SD[β] = -0.0332121132348166 0.0461118414448959 -0.0372112724441785 -0.0703490661463222 -0.00150634793263629 -0.00995735073465979
Maximizing likelihood @ n=1024×2203=2255872
 SD[log(ℓ)] = 0.204507741897123
 Δlog(ℓ) = -0.0893038003251476
 Δβ/SD[β] = 0 0 0 0 0 0
Maximizing likelihood @ n=2048×2203=4511744
 SD[log(ℓ)] = 0.143243366208142
 Δlog(ℓ) = 0.0664351723743266
 Δβ/SD[β] = 0.0101060885061291 0.0782503281292064 0.00297394604452592 -0.021389828803011 0.0823923317093025 0.00626861635087912
Maximizing likelihood @ n=4096×2203=9023488
 SD[log(ℓ)] = 0.100789543587903
 Δlog(ℓ) = -0.023610209354068
 Δβ/SD[β] = -0.0446660167582418 0.0582714681485377 -0.0717895454606197 0.062939082267849 -0.0665691423539093 0.0208159720380964
Maximizing likelihood @ n=8192×2203=18046976
 SD[log(ℓ)] = 0.0717890369837146
 Δlog(ℓ) = -0.0247822654521599
 Δβ/SD[β] = 0.015823543228287 0.015174715543975 -0.0232893164796506 0.00630814539610759 -0.00214517734967223 -0.0238276911521417
Calculating Hessian
Maximizing likelihood @ n=1×2203=2203
 SD[log(ℓ)] = 4.77758517642084
 Δlog(ℓ) = Inf
 Δβ/SD[β] = -2.09023378952045 0.702009027506331 0.227130492147221 -23.7535783620688 -28.5963343173053 -7.16679484678957
Maximizing likelihood @ n=2×2203=4406
 SD[log(ℓ)] = 3.6745455551987
 Δlog(ℓ) = -0.806085365296163
 Δβ/SD[β] = 0.0511428625485916 -0.339904715655256 -0.113626606026851 -0.000863074625672104 0.143154912324899 -0.111415095318612
Maximizing likelihood @ n=4×2203=8812
 SD[log(ℓ)] = 2.89652339701367
 Δlog(ℓ) = 3.94877404648387
 Δβ/SD[β] = -0.361735378933006 0.801616529516919 -0.400931632033891 -0.182270020472225 -0.00801422472263422 -0.698880798618522
Maximizing likelihood @ n=8×2203=17624
 SD[log(ℓ)] = 2.0368229910442
 Δlog(ℓ) = -1.59162318499175
 Δβ/SD[β] = 0 0 0 0 0 0
Maximizing likelihood @ n=16×2203=35248
 SD[log(ℓ)] = 1.48517028443238
 Δlog(ℓ) = 1.46431894822106
 Δβ/SD[β] = 0.0209331843527133 -0.0143486676591131 0.0121445808099669 0.0431300424960263 0.0557015137973573 -0.0189577141831192
Maximizing likelihood @ n=32×2203=70496
 SD[log(ℓ)] = 1.11220180310491
 Δlog(ℓ) = 2.21228301249935
 Δβ/SD[β] = -0.00872739025630294 0.038869341323233 0.0247434218382903 0.039320554404132 0.052861267732834 -0.0693883639222317
Maximizing likelihood @ n=64×2203=140992
 SD[log(ℓ)] = 0.796700761748953
 Δlog(ℓ) = 0.784704100295791
 Δβ/SD[β] = -0.103061281531085 -0.111573789967492 -0.00163662873600865 0.00555111629210007 -0.130476341927799 -0.0497377065610203
Maximizing likelihood @ n=128×2203=281984
 SD[log(ℓ)] = 0.575510493202334
 Δlog(ℓ) = 0.549092273608615
 Δβ/SD[β] = 0.0684577204707947 -0.127578098500664 0.106375256081753 0.0823840930337757 -0.0314459131930392 -0.162422578161424
Maximizing likelihood @ n=256×2203=563968
 SD[log(ℓ)] = 0.404576748234524
 Δlog(ℓ) = -0.131329450569915
 Δβ/SD[β] = -0.0137961124746781 0.0186985210072884 0.00478845358182316 -0.0163791559770935 0.027326512363304 0.0403688298693122
Maximizing likelihood @ n=512×2203=1127936
 SD[log(ℓ)] = 0.286320898658234
 Δlog(ℓ) = 0.0776429472371873
 Δβ/SD[β] = 0 0 0 0 0 0
Maximizing likelihood @ n=1024×2203=2255872
 SD[log(ℓ)] = 0.202145510558565
 Δlog(ℓ) = -0.136725430898352
 Δβ/SD[β] = 1.42549009781972e-06 -0.000818026012371418 -0.000161601288820844 -0.00111002261541923 -0.00101553193795081 0.00201006688227276
Maximizing likelihood @ n=2048×2203=4511744
 SD[log(ℓ)] = 0.143167655903042
 Δlog(ℓ) = -0.0316147926264208
 Δβ/SD[β] = -0.00268263899937803 -0.0224494843457788 -0.0147901923879632 -0.0288831690668978 -0.0223979422121007 -0.000277776623373794
Maximizing likelihood @ n=4096×2203=9023488
 SD[log(ℓ)] = 0.101431963543986
 Δlog(ℓ) = 0.0690478826081673
 Δβ/SD[β] = 0.000776821685204958 -0.00769445297912788 -0.0102000608706524 -0.0134712621884768 0.0102801140502441 -0.0079097425199057
Maximizing likelihood @ n=8192×2203=18046976
 SD[log(ℓ)] = 0.0716814110629037
 Δlog(ℓ) = 0.0978663301264717
 Δβ/SD[β] = -0.000622017486501011 0.0017067680483201 -0.00061668640046708 -0.00612243122306334 -0.00038988737243636 0.00278382046029486
Calculating Hessian
Maximizing likelihood @ n=1×2203=2203
 SD[log(ℓ)] = 5.03235810635495
 Δlog(ℓ) = Inf
 Δβ/SD[β] = -0.0464212394296082 1.19682093231907 -1.3633837001015 -27.25043126845 -24.1041643894619 -6.9219066447341
Maximizing likelihood @ n=2×2203=4406
 SD[log(ℓ)] = 3.84160338204416
 Δlog(ℓ) = -0.232449236215604
 Δβ/SD[β] = -0.0705870787300984 -0.089873681197922 0.177169339654624 0.189174776385514 0.117909951570573 -0.136106122932746
Maximizing likelihood @ n=4×2203=8812
 SD[log(ℓ)] = 2.85861506508696
 Δlog(ℓ) = -0.24886719786053
 Δβ/SD[β] = 0.260349466483353 -0.111199801461989 0.405870719912989 -0.0286395530341111 0.247540496973775 -0.055854732508948
Maximizing likelihood @ n=8×2203=17624
 SD[log(ℓ)] = 2.12570191119574
 Δlog(ℓ) = 1.4154821227777
 Δβ/SD[β] = -0.054817289850535 -0.0981481622660114 0.0869664913420519 0.0413879028263992 0.0594024550146244 -0.0663017752526831
Maximizing likelihood @ n=16×2203=35248
 SD[log(ℓ)] = 1.51208127312295
 Δlog(ℓ) = -1.17639549548576
 Δβ/SD[β] = 0.0284102600462212 -0.0120288157285231 0.0361730657749957 0.009593082959439 -0.00795388841484055 -0.0520514668532533
Maximizing likelihood @ n=32×2203=70496
 SD[log(ℓ)] = 1.12632973170446
 Δlog(ℓ) = 3.03372299248517
 Δβ/SD[β] = 0.0480867509454682 -0.0123564147201374 -0.024420075596868 0.000307232438359337 -0.000917833646302205 -0.0633057923964799
Maximizing likelihood @ n=64×2203=140992
 SD[log(ℓ)] = 0.802024300343886
 Δlog(ℓ) = 0.166973145889415
 Δβ/SD[β] = -0.0702930326605631 -0.00471096761548637 0.35471769279042 -0.110006956828789 -0.201087580560275 0.0063073400012752
Maximizing likelihood @ n=128×2203=281984
 SD[log(ℓ)] = 0.574658655435508
 Δlog(ℓ) = 0.620533313082937
 Δβ/SD[β] = 0.126517545036784 0.0731418797226946 -0.0844215003655569 -0.053818770374898 0.2620390092122 -0.0568950346486115
Maximizing likelihood @ n=256×2203=563968
 SD[log(ℓ)] = 0.404327542050848
 Δlog(ℓ) = 0.039915430707083
 Δβ/SD[β] = -0.00335833555484307 0.00545319712366769 0.0144975096983173 0.00091807255315904 0.000594806418056742 0.0233129988603496
Maximizing likelihood @ n=512×2203=1127936
 SD[log(ℓ)] = 0.286796065849398
 Δlog(ℓ) = -0.098941154542139
 Δβ/SD[β] = -0.00139936233855033 -0.0750303659743357 0.0975176685456813 -0.0588130730133783 0.113682159142544 -0.01804250532993
Maximizing likelihood @ n=1024×2203=2255872
 SD[log(ℓ)] = 0.203818738666164
 Δlog(ℓ) = -0.0207405774214493
 Δβ/SD[β] = -0.0598022500956771 -0.0327272649978519 0.0869566183959194 0.0535345649024797 0.0386005627201664 -0.0331584639225482
Maximizing likelihood @ n=2048×2203=4511744
 SD[log(ℓ)] = 0.144135859361995
 Δlog(ℓ) = -0.160620769058106
 Δβ/SD[β] = 0 0 0 0 0 0
Maximizing likelihood @ n=4096×2203=9023488
 SD[log(ℓ)] = 0.101880667774077
 Δlog(ℓ) = 0.0956655975229879
 Δβ/SD[β] = 0 0 0 0 0 0
Maximizing likelihood @ n=8192×2203=18046976
 SD[log(ℓ)] = 0.071297494145323
 Δlog(ℓ) = -0.106222969131245
 Δβ/SD[β] = 0.0308358325745636 0.0256199726407827 0.0264305014872963 0.0143667350199222 -0.00876192848715325 0.0421404187277869
Calculating Hessian
There were 15 warnings (use warnings() to see them)
Script complete
Fri Nov 15 22:57:03 MST 2024
