Wed Nov 20 19:59:44 MST 2024
Initiating script
── Attaching core tidyverse packages ──────────────────────── tidyverse 2.0.0 ──
✔ dplyr     1.1.4     ✔ readr     2.1.5
✔ forcats   1.0.0     ✔ stringr   1.5.1
✔ ggplot2   3.5.1     ✔ tibble    3.2.1
✔ lubridate 1.9.3     ✔ tidyr     1.3.1
✔ purrr     1.0.2     
── Conflicts ────────────────────────────────────────── tidyverse_conflicts() ──
✖ ggplot2::annotate() masks ctmm::annotate()
✖ dplyr::filter()     masks stats::filter()
✖ dplyr::lag()        masks stats::lag()
ℹ Use the conflicted package (<http://conflicted.r-lib.org/>) to force all conflicts to become errors
Linking to GEOS 3.9.5, GDAL 3.8.5, PROJ 9.4.0; sf_use_s2() is TRUE
Loading required package: sp

Attaching package: ‘raster’

The following object is masked from ‘package:dplyr’:

    select

The following objects are masked from ‘package:ctmm’:

    projection, projection<-

terra 1.7.78

Attaching package: ‘terra’

The following object is masked from ‘package:tidyr’:

    extract

The following objects are masked from ‘package:ctmm’:

    distance, meta

[1] "/home/u15/mmercer3/proj/habitat_analysis_class/Final/Model_Fit_Results/roads_1500/Avery_rr.Rda"
     [,1]                                
[1,] "Data loaded at 2024-11-20 19:59:55"
Default grid size of 40.0444444444444 minutes chosen for bandwidth(...,fast=TRUE).
Some rasters are not loaded in RAM and may be slow to process. See help("raster::readAll").
Maximizing likelihood @ n=1×2555=2555
 SD[log(ℓ)] = 15.4370181685062
 Δlog(ℓ) = Inf
 Δβ/SD[β] = -0.388617822542084 0.687074363797747 -0.441870660378775 -0.130653620745184 -0.191706773705319 -0.0307071062184536 -0.750934816838329 0.830591063038653
Maximizing likelihood @ n=2×2555=5110
 SD[log(ℓ)] = 10.8836048067926
 Δlog(ℓ) = 66.8289970248751
 Δβ/SD[β] = -0.060147698421355 -0.0165590498755345 -0.129471363138123 -0.02069139730684 0.236828639495527 0.0026184156822215 0.0366361356219532 -0.0277601857363945
Maximizing likelihood @ n=4×2555=10220
 SD[log(ℓ)] = 8.94231210398511
 Δlog(ℓ) = 77.9410978409684
 Δβ/SD[β] = 0.132122048649289 3.58806511571242 -2.5829594062232 0.682631481638896 0.604903304217856 0.0335178432617417 -0.281549854238437 0.000782513834393972
Maximizing likelihood @ n=8×2555=20440
 SD[log(ℓ)] = 7.65607216375461
 Δlog(ℓ) = 70.6203135148552
 Δβ/SD[β] = 0.754386181569073 2.01811018899071 -1.22950033340131 -0.210437075860798 -0.170787100353014 -0.130991138908348 -0.330699443583892 -0.069734713550488
Maximizing likelihood @ n=16×2555=40880
 SD[log(ℓ)] = 5.94474126971227
 Δlog(ℓ) = 25.9036780255781
 Δβ/SD[β] = 0.0490734022892961 0.204972499867773 -0.598127293282137 -0.547226616345901 -0.259134215106454 -0.0614911071889445 -0.169985578335553 -0.0455966982947093
Maximizing likelihood @ n=32×2555=81760
 SD[log(ℓ)] = 4.38463584714814
 Δlog(ℓ) = 28.6199440864608
 Δβ/SD[β] = 0.539670768828987 0.0226441377055626 -0.391594616131276 -2.15434163075722 -1.4743541202634 -0.055111601261921 -0.0576063123246629 -0.0686663684295898
Maximizing likelihood @ n=64×2555=163520
 SD[log(ℓ)] = 3.21847379992659
 Δlog(ℓ) = 38.8106098165778
 Δβ/SD[β] = -0.693445697387013 -0.0209894854784352 -1.40510372241089 -2.42754402916447 -2.61104119617469 -0.437848053878777 -0.0772523041439025 -0.503497223121179
Maximizing likelihood @ n=128×2555=327040
 SD[log(ℓ)] = 2.30164431471775
 Δlog(ℓ) = 3.21499465753084
 Δβ/SD[β] = -0.0675423096239685 -0.0431766607637344 -0.274614026676242 -0.56705186163863 -0.30472446564575 0.177056191642175 0.131265525346493 0.0462308681850419
Maximizing likelihood @ n=256×2555=654080
 SD[log(ℓ)] = 1.64767548779329
 Δlog(ℓ) = 2.92279359871827
 Δβ/SD[β] = -0.0108572870073847 0.195797411325004 -0.201535890737958 -0.196635229790778 -0.163525609427226 -0.133027369088789 -0.0119115589078486 -0.106301954279081
Maximizing likelihood @ n=512×2555=1308160
 SD[log(ℓ)] = 1.16586153401972
 Δlog(ℓ) = 1.62863154260629
 Δβ/SD[β] = 0.00842042027954095 -0.00983503193129895 -0.0220750799501439 -0.0340402947213858 -0.00214320539034682 -0.0337555065533204 0.0140693706979131 -0.00867135054626727
Maximizing likelihood @ n=1024×2555=2616320
 SD[log(ℓ)] = 0.826531363916595
 Δlog(ℓ) = -0.246139182555453
 Δβ/SD[β] = 0.0188535645355993 0.0286236026975911 0.011255671799043 0.00571158419483259 -0.0305483333240199 -0.00499823206118537 -0.010490634579668 -0.0237638976664677
Maximizing likelihood @ n=2048×2555=5232640
 SD[log(ℓ)] = 0.584874677548226
 Δlog(ℓ) = 0.479490192213916
 Δβ/SD[β] = -0.00978118333148667 0.0336976013276529 -0.0224419553276749 -0.0361635140218548 0.0365927258510967 -0.0215756565836453 0.00808422051975831 0.00379262898918301
Maximizing likelihood @ n=4096×2555=10465280
 SD[log(ℓ)] = 0.413623247445326
 Δlog(ℓ) = 0.235633385957499
 Δβ/SD[β] = 0.0114905580496892 0.00788363214064364 0.00485775576088796 0.00690644944140254 -0.0254794897720467 -0.0124845169387912 0.00582493514404748 -0.00218928262900453
Maximizing likelihood @ n=8192×2555=20930560
 SD[log(ℓ)] = 0.292648301725432
 Δlog(ℓ) = 0.475550610037658
 Δβ/SD[β] = 0.00748216188738265 0.0103126351729094 -0.0312740201324762 -0.00559111899905618 0.00244181575015177 -0.0158117187484635 -0.0021677441064754 0.00969136588241299
Calculating Hessian
Warning message:
In rsf.fit(individual, individual_akde, R = R, max.mem = "2 Gb") :
  Calculation stopped before 2.5 Gb allocation.
Script complete
Wed Nov 20 20:45:37 MST 2024
