Wed Nov 20 19:27:54 MST 2024
Initiating script
── Attaching core tidyverse packages ──────────────────────── tidyverse 2.0.0 ──
✔ dplyr     1.1.4     ✔ readr     2.1.5
✔ forcats   1.0.0     ✔ stringr   1.5.1
✔ ggplot2   3.5.1     ✔ tibble    3.2.1
✔ lubridate 1.9.3     ✔ tidyr     1.3.1
✔ purrr     1.0.2     
── Conflicts ────────────────────────────────────────── tidyverse_conflicts() ──
✖ ggplot2::annotate() masks ctmm::annotate()
✖ dplyr::filter()     masks stats::filter()
✖ dplyr::lag()        masks stats::lag()
ℹ Use the conflicted package (<http://conflicted.r-lib.org/>) to force all conflicts to become errors
Linking to GEOS 3.9.5, GDAL 3.8.5, PROJ 9.4.0; sf_use_s2() is TRUE
Loading required package: sp

Attaching package: ‘raster’

The following object is masked from ‘package:dplyr’:

    select

The following objects are masked from ‘package:ctmm’:

    projection, projection<-

terra 1.7.78

Attaching package: ‘terra’

The following object is masked from ‘package:tidyr’:

    extract

The following objects are masked from ‘package:ctmm’:

    distance, meta

[1] "/home/u15/mmercer3/proj/habitat_analysis_class/Final/Model_Fit_Results/roads_750/EmmaClaire_rr.Rda"
     [,1]                                
[1,] "Data loaded at 2024-11-20 19:28:04"
Default grid size of 51.45 minutes chosen for bandwidth(...,fast=TRUE).
Some rasters are not loaded in RAM and may be slow to process. See help("raster::readAll").
Maximizing likelihood @ n=1×1125=1125
 SD[log(ℓ)] = 7.34423573023444
 Δlog(ℓ) = Inf
 Δβ/SD[β] = 0.349899594732049 -0.590097560533382 -0.0304491381344094 0.00689106458496417 -0.0285518977935685 -1.15472166756462 -0.202044149747624 0.0717802143071295
Maximizing likelihood @ n=2×1125=2250
 SD[log(ℓ)] = 6.5312955605424
 Δlog(ℓ) = 28.0613539136757
 Δβ/SD[β] = -0.565624533657093 -0.938139373763417 0.0145904253387501 0.267485551756717 0.169241064473317 -0.187890358035722 0.321686947466457 0.878620880964316
Maximizing likelihood @ n=4×1125=4500
 SD[log(ℓ)] = 5.10396225757775
 Δlog(ℓ) = 10.5397927821377
 Δβ/SD[β] = -0.557445128768914 -4.77572687447224 -0.44903899387824 -0.771995224522656 0.302963157264264 -0.279912710494046 0.245911349722948 -0.51790241562803
Maximizing likelihood @ n=8×1125=9000
 SD[log(ℓ)] = 3.90918294124069
 Δlog(ℓ) = 11.3985174739551
 Δβ/SD[β] = 0.0252932407167891 -0.113355945142707 0.151806793626561 0.25337239115465 0.0691118264347682 -0.127549075391038 0.0719248678188107 0.343301954226814
Maximizing likelihood @ n=16×1125=18000
 SD[log(ℓ)] = 2.9663334675067
 Δlog(ℓ) = 4.24874545794719
 Δβ/SD[β] = -0.103520054858042 -0.11450392158032 -0.0893867436594381 0.00869057085632107 0.0899487278048728 -0.70001285742677 0.279660617105701 0.139136980140174
Maximizing likelihood @ n=32×1125=36000
 SD[log(ℓ)] = 2.19787929007274
 Δlog(ℓ) = 6.44230796374796
 Δβ/SD[β] = 0.172236121544319 -0.380492145481576 0.0232412220062129 0.125357746674052 0.131576535222512 -0.302454680693539 0.143803537824703 0.104496958086967
Maximizing likelihood @ n=64×1125=72000
 SD[log(ℓ)] = 1.58511702882689
 Δlog(ℓ) = 1.22848230910242
 Δβ/SD[β] = 0.00800864033396315 0.0133280044301173 -0.00304549690292331 -0.0186294062337103 0.00441640408010465 -0.0344730673251365 0.0162109299764578 0.0184586266915946
Maximizing likelihood @ n=128×1125=144000
 SD[log(ℓ)] = 1.12026575519173
 Δlog(ℓ) = -0.814902851720262
 Δβ/SD[β] = 0.0413260429033598 0.126846204823263 0.0976875720155534 0.124747869920034 0.0861038392958859 -0.072697086377469 0.00718863647626707 0.0072234947379985
Maximizing likelihood @ n=256×1125=288000
 SD[log(ℓ)] = 0.798590022538919
 Δlog(ℓ) = 1.04642741337673
 Δβ/SD[β] = 0.0115999406293481 -0.128988534957774 -0.0490498185571451 0.0387669599019732 0.00211067949344249 -0.0406492216452766 0.0430293785384638 0.0666878203475436
Maximizing likelihood @ n=512×1125=576000
 SD[log(ℓ)] = 0.570783736092505
 Δlog(ℓ) = 0.576663544718997
 Δβ/SD[β] = 0.0364156758513932 -0.125898000564837 -0.0554307471068018 0.0799321095797579 0.047874399614396 -0.00996713506379857 0.0123475556951771 -0.0135189702379664
Maximizing likelihood @ n=1024×1125=1152000
 SD[log(ℓ)] = 0.402417831928881
 Δlog(ℓ) = 0.0967485712698135
 Δβ/SD[β] = -0.0160162879431857 -0.0183862742935722 -0.00832894241032315 0.0126659806099027 0.0118224277279086 0.0235808168711426 -0.0297059425324665 0.0211174506443943
Maximizing likelihood @ n=2048×1125=2304000
 SD[log(ℓ)] = 0.285624694264183
 Δlog(ℓ) = 0.157933301580442
 Δβ/SD[β] = 0.00288738003967845 -0.00373758102393407 -0.0134851690615987 0.0200611026685119 0.0250796174897152 -0.0227787044777171 0.0414689692644436 0.0211059481573985
Maximizing likelihood @ n=4096×1125=4608000
 SD[log(ℓ)] = 0.202280348081232
 Δlog(ℓ) = -0.0479782901197723
 Δβ/SD[β] = 0.0158944606276612 -0.000247545803386065 -0.000717878091488392 0.023222647047001 0.0144992330590533 0.0181736635713299 -0.0315975841818393 0.00734620360445131
Maximizing likelihood @ n=8192×1125=9216000
 SD[log(ℓ)] = 0.142927418876306
 Δlog(ℓ) = -0.208933910887708
 Δβ/SD[β] = 0.0430646830358708 -0.0124962981091774 -0.058459227787699 0.0918577001011372 0.0270187245358604 0.0489679242850183 0.035376392430556 0.0615466308568914
Maximizing likelihood @ n=16384×1125=18432000
 SD[log(ℓ)] = 0.101438637111327
 Δlog(ℓ) = 0.155478407267623
 Δβ/SD[β] = -0.00324300728588498 -0.0155706224733051 -0.0812160339751772 0.0738817316023694 -0.0251198261437603 -0.0615962071876028 -0.0449908860353865 -0.0368828556633198
Calculating Hessian
Warning message:
In rsf.fit(individual, individual_akde, R = R, max.mem = "2 Gb") :
  Calculation stopped before 2.2 Gb allocation.
Script complete
Wed Nov 20 20:09:38 MST 2024
