Wed Nov 20 19:48:17 MST 2024
Initiating script
── Attaching core tidyverse packages ──────────────────────── tidyverse 2.0.0 ──
✔ dplyr     1.1.4     ✔ readr     2.1.5
✔ forcats   1.0.0     ✔ stringr   1.5.1
✔ ggplot2   3.5.1     ✔ tibble    3.2.1
✔ lubridate 1.9.3     ✔ tidyr     1.3.1
✔ purrr     1.0.2     
── Conflicts ────────────────────────────────────────── tidyverse_conflicts() ──
✖ ggplot2::annotate() masks ctmm::annotate()
✖ dplyr::filter()     masks stats::filter()
✖ dplyr::lag()        masks stats::lag()
ℹ Use the conflicted package (<http://conflicted.r-lib.org/>) to force all conflicts to become errors
Linking to GEOS 3.9.5, GDAL 3.8.5, PROJ 9.4.0; sf_use_s2() is TRUE
Loading required package: sp

Attaching package: ‘raster’

The following object is masked from ‘package:dplyr’:

    select

The following objects are masked from ‘package:ctmm’:

    projection, projection<-

terra 1.7.78

Attaching package: ‘terra’

The following object is masked from ‘package:tidyr’:

    extract

The following objects are masked from ‘package:ctmm’:

    distance, meta

[1] "/home/u15/mmercer3/proj/habitat_analysis_class/Final/Model_Fit_Results/roads_750/Sadie_rr.Rda"
     [,1]                                
[1,] "Data loaded at 2024-11-20 19:48:28"
Default grid size of 1.00041666666667 hours chosen for bandwidth(...,fast=TRUE).
Some rasters are not loaded in RAM and may be slow to process. See help("raster::readAll").
Maximizing likelihood @ n=1×1548=1548
 SD[log(ℓ)] = 5.25528855113072
 Δlog(ℓ) = Inf
 Δβ/SD[β] = 1.22265082179529 0.285710691276038 -0.201534115368159 -0.0084009424032467 -0.0660548946655854 -0.558920520991443 -0.983836908040502 0.362466963864584
Maximizing likelihood @ n=2×1548=3096
 SD[log(ℓ)] = 4.70986632778236
 Δlog(ℓ) = 23.1862813580618
 Δβ/SD[β] = 3.21349956291226 0.491215281589501 -0.676412708215908 0.279638939013833 0.557594737279988 -0.0141731216179665 -0.0356481593466042 0.153505659498865
Maximizing likelihood @ n=4×1548=6192
 SD[log(ℓ)] = 3.95547530215852
 Δlog(ℓ) = 12.8497509037415
 Δβ/SD[β] = 0.178821187122073 -0.0163851146884144 0.0417749795871901 -0.0150135593419541 0.209919242317802 0.145921718939677 0.1157443719654 0.19097946500282
Maximizing likelihood @ n=8×1548=12384
 SD[log(ℓ)] = 2.9795761539127
 Δlog(ℓ) = 4.65696435786587
 Δβ/SD[β] = 0.151738291727205 0.0435608133163172 -0.0186460851291192 0.04926440540724 0.0380785468659302 -0.00318265166739837 -0.130661132499861 -0.0200667354106931
Maximizing likelihood @ n=16×1548=24768
 SD[log(ℓ)] = 2.1989595309287
 Δlog(ℓ) = 4.07695611430731
 Δβ/SD[β] = 0.0739987082263662 0.0160801163795142 -0.0279919589972644 -0.00588742878540518 0.00565770937877097 0.0407573474127464 -0.00166114289134866 0.0452538214723672
Maximizing likelihood @ n=32×1548=49536
 SD[log(ℓ)] = 1.60134144100892
 Δlog(ℓ) = 2.63838455233811
 Δβ/SD[β] = 0.0610004380323661 0.260371963747378 -0.273972788263432 -0.0902668197093678 0.024511155086769 0.0134976757960435 0.013861155170337 0.0106338320723943
Maximizing likelihood @ n=64×1548=99072
 SD[log(ℓ)] = 1.12689255577782
 Δlog(ℓ) = -0.468934791193263
 Δβ/SD[β] = -0.062463643873906 0.0219046811602752 -0.081256772115295 -0.00554412986823062 -0.0169126399133419 0.0262435491985671 -0.00947021484233096 0.0170422552993059
Maximizing likelihood @ n=128×1548=198144
 SD[log(ℓ)] = 0.792520098836841
 Δlog(ℓ) = 1.69668810406714
 Δβ/SD[β] = 0.042607068294098 0.125068554192929 -0.13095679994713 -0.0643884682589582 0.0215297512246593 0.039733853911119 0.0433651804483017 -0.0027732658709766
Maximizing likelihood @ n=256×1548=396288
 SD[log(ℓ)] = 0.573773159616529
 Δlog(ℓ) = 3.71181876187171
 Δβ/SD[β] = 0.0644901292487522 0.724220163695359 -1.43264009077799 -0.809940050333879 0.301091698038696 -0.0758746913972398 -0.155634734936663 -0.0198574610478821
Maximizing likelihood @ n=512×1548=792576
 SD[log(ℓ)] = 0.448022799610926
 Δlog(ℓ) = 8.16401372959817
 Δβ/SD[β] = 0.0867677627852319 0.989873835787102 -2.67696891141395 -0.646572263346206 0.883463473382766 0.107887827499437 -0.320306711800372 0.0489459760356106
Maximizing likelihood @ n=1024×1548=1585152
 SD[log(ℓ)] = 0.292092134869263
 Δlog(ℓ) = 1.24004483836457
 Δβ/SD[β] = 0.130698295190903 0.578192733860955 -0.94504856642801 -0.8563146737946 0.311783592810582 0.184030899356532 0.192000150466902 -0.652259804472266
Maximizing likelihood @ n=2048×1548=3170304
 SD[log(ℓ)] = 0.234913899760925
 Δlog(ℓ) = 5.16374857080851
 Δβ/SD[β] = 0.10369877739375 1.51011176036929 -0.455458228288811 0.0276003575316005 -0.517220789412581 -0.0454589108884848 0.762565547998794 0.0402821932208504
Maximizing likelihood @ n=4096×1548=6340608
 SD[log(ℓ)] = 0.169146987929978
 Δlog(ℓ) = 0.503206347359153
 Δβ/SD[β] = 0.00387709164708574 0.137438973817059 -0.0429941918174784 -0.166932603576681 0.0421305743044634 0.0344240080249866 0.0766174688905553 0.00970271959123157
Maximizing likelihood @ n=8192×1548=12681216
 SD[log(ℓ)] = 0.118620611499774
 Δlog(ℓ) = 0.0713790189246595
 Δβ/SD[β] = -0.0176801823218802 0.0669637483138598 0.00628076667264406 -0.0824881618719194 0.00238389964018938 -0.0306360000046567 0.0900872496080704 -0.0583744053456738
Maximizing likelihood @ n=16384×1548=25362432
 SD[log(ℓ)] = 0.0830202230007594
 Δlog(ℓ) = 0.606667724600641
 Δβ/SD[β] = 0.0384170737235241 0.0800613512308752 0.0115633665661274 -1.10239201193248 0.526343357285151 0.01108045465565 1.13374612812892 0.015980263391901
Calculating Hessian
Warning message:
In rsf.fit(individual, individual_akde, R = R, max.mem = "2 Gb") :
  Calculation stopped before 3 Gb allocation.
Script complete
Wed Nov 20 21:17:30 MST 2024
