Wed Nov 20 18:46:52 MST 2024
Initiating script
── Attaching core tidyverse packages ──────────────────────── tidyverse 2.0.0 ──
✔ dplyr     1.1.4     ✔ readr     2.1.5
✔ forcats   1.0.0     ✔ stringr   1.5.1
✔ ggplot2   3.5.1     ✔ tibble    3.2.1
✔ lubridate 1.9.3     ✔ tidyr     1.3.1
✔ purrr     1.0.2     
── Conflicts ────────────────────────────────────────── tidyverse_conflicts() ──
✖ ggplot2::annotate() masks ctmm::annotate()
✖ dplyr::filter()     masks stats::filter()
✖ dplyr::lag()        masks stats::lag()
ℹ Use the conflicted package (<http://conflicted.r-lib.org/>) to force all conflicts to become errors
Linking to GEOS 3.9.5, GDAL 3.8.5, PROJ 9.4.0; sf_use_s2() is TRUE
Loading required package: sp

Attaching package: ‘raster’

The following object is masked from ‘package:dplyr’:

    select

The following objects are masked from ‘package:ctmm’:

    projection, projection<-

terra 1.7.78

Attaching package: ‘terra’

The following object is masked from ‘package:tidyr’:

    extract

The following objects are masked from ‘package:ctmm’:

    distance, meta

[1] "/home/u15/mmercer3/proj/habitat_analysis_class/Final/Model_Fit_Results/roads_30/Carrie_rr.Rda"
     [,1]                                
[1,] "Data loaded at 2024-11-20 18:47:07"
Default grid size of 1.00208333333333 hours chosen for bandwidth(...,fast=TRUE).
Some rasters are not loaded in RAM and may be slow to process. See help("raster::readAll").
Maximizing likelihood @ n=1×2057=2057
 SD[log(ℓ)] = 7.95046564013029
 Δlog(ℓ) = Inf
 Δβ/SD[β] = -2.31858835006837 1.04892473244194 3.04051939552094 0.126926441136943 0.0983258982676705 -1.18890566862012 0.715191257865578 0.213551923310215
Maximizing likelihood @ n=2×2057=4114
 SD[log(ℓ)] = 6.9931154327236
 Δlog(ℓ) = 35.6133142933948
 Δβ/SD[β] = 3.05868684517673 10.8790698886327 0.390804729681988 0.0271621646436712 0.885941182152804 -0.225707484326967 -0.0220360860626538 0.429653525761045
Maximizing likelihood @ n=4×2057=8228
 SD[log(ℓ)] = 5.38390925191924
 Δlog(ℓ) = 11.0755151344462
 Δβ/SD[β] = 0.705687005813003 1.27683988600985 0.710354561919665 -0.344818575643758 -0.250374822126404 -0.192855547435143 0.930544344624783 0.709001967306017
Maximizing likelihood @ n=8×2057=16456
 SD[log(ℓ)] = 3.96677575736214
 Δlog(ℓ) = 1.62320105657705
 Δβ/SD[β] = -0.269008101772889 0.451844486502885 0.129103386190586 -0.286369800271172 -0.246003983832259 1.31005137431053 0.33300821567391 0.553543430387379
Maximizing likelihood @ n=16×2057=32912
 SD[log(ℓ)] = 2.92056943498284
 Δlog(ℓ) = 6.42593729132579
 Δβ/SD[β] = 0.365278748579416 0.197710878891318 0.19526674142203 0.034403903053803 -0.145678192805837 -1.11387525683658 0.132489826079503 0.158713005438663
Maximizing likelihood @ n=32×2057=65824
 SD[log(ℓ)] = 2.08896120190021
 Δlog(ℓ) = 1.73313892932043
 Δβ/SD[β] = 0.259491036708943 0.170644336929812 0.181441595746254 0.117176546775482 0.267905051862233 -0.312051192500817 0.0643280695710748 0.0757832243817497
Maximizing likelihood @ n=64×2057=131648
 SD[log(ℓ)] = 1.49611173831368
 Δlog(ℓ) = 2.81106196785009
 Δβ/SD[β] = 0.265200668359497 0.236170690647816 0.0107757957429508 0.062522030909607 0.0987938862217768 -0.340998930568913 0.0729460836536474 0.189584567896047
Maximizing likelihood @ n=128×2057=263296
 SD[log(ℓ)] = 1.05713054592673
 Δlog(ℓ) = -0.347820634728834
 Δβ/SD[β] = 0.170292970050567 0.0736263166560543 -0.064746850484409 0.0455893631841957 0.0551566303675235 -0.304565207649266 0.0395167849123174 -0.112433275294283
Maximizing likelihood @ n=256×2057=526592
 SD[log(ℓ)] = 0.745559996410569
 Δlog(ℓ) = -1.99282556536684
 Δβ/SD[β] = 0.007874183829418 0.0191032459522193 -0.0116755229758099 0.00168097371368039 0.025020361811653 -0.0320053169542604 -0.0947386319480519 -0.0726260980236235
Maximizing likelihood @ n=512×2057=1053184
 SD[log(ℓ)] = 0.527007614822693
 Δlog(ℓ) = -0.189438670185609
 Δβ/SD[β] = 0.0942541223091652 0.019845599040613 -0.012828636848596 0.0213423249749809 0.0300164757796866 -0.110384429755854 0.0219992671600972 -0.0188921466261165
Maximizing likelihood @ n=1024×2057=2106368
 SD[log(ℓ)] = 0.374526945639018
 Δlog(ℓ) = 0.359841633929165
 Δβ/SD[β] = 0.0213931665389834 0.0350078960227589 0.0260379224111695 -0.0011359759542007 -0.0138987513290598 -0.00109325482600409 0.0108649099948178 -0.0334426407172402
Maximizing likelihood @ n=2048×2057=4212736
 SD[log(ℓ)] = 0.263644597658298
 Δlog(ℓ) = -0.275097286304629
 Δβ/SD[β] = 0.0489201442777811 -0.0331721680881871 -0.0307557678269256 -0.00587758178944721 0.01364546797668 -0.0274621705409717 -0.00758238125509943 -0.013413802995938
Maximizing likelihood @ n=4096×2057=8425472
 SD[log(ℓ)] = 0.186931266074377
 Δlog(ℓ) = -0.04543361073803
 Δβ/SD[β] = 0.0222447494325162 0.036488002037615 0.00847941246116682 -0.00688563990584187 0.00274470606588002 0.00138165127319971 0.0112845452055066 -0.0212378751886713
Maximizing likelihood @ n=8192×2057=16850944
 SD[log(ℓ)] = 0.132571185304568
 Δlog(ℓ) = -0.00636180651000018
 Δβ/SD[β] = 0.0269624173969677 -0.0222195186228071 0.0123254575141033 -0.0301903566656099 0.00897214463699338 -0.00215010385084371 -0.0088408656285313 -0.00800256256032358
Calculating Hessian
Warning message:
In rsf.fit(individual, individual_akde, R = R, max.mem = "2 Gb") :
  Calculation stopped before 2 Gb allocation.
Script complete
Wed Nov 20 19:27:48 MST 2024
