Wed Nov 20 20:24:41 MST 2024
Initiating script
── Attaching core tidyverse packages ──────────────────────── tidyverse 2.0.0 ──
✔ dplyr     1.1.4     ✔ readr     2.1.5
✔ forcats   1.0.0     ✔ stringr   1.5.1
✔ ggplot2   3.5.1     ✔ tibble    3.2.1
✔ lubridate 1.9.3     ✔ tidyr     1.3.1
✔ purrr     1.0.2     
── Conflicts ────────────────────────────────────────── tidyverse_conflicts() ──
✖ ggplot2::annotate() masks ctmm::annotate()
✖ dplyr::filter()     masks stats::filter()
✖ dplyr::lag()        masks stats::lag()
ℹ Use the conflicted package (<http://conflicted.r-lib.org/>) to force all conflicts to become errors
Linking to GEOS 3.9.5, GDAL 3.8.5, PROJ 9.4.0; sf_use_s2() is TRUE
Loading required package: sp

Attaching package: ‘raster’

The following object is masked from ‘package:dplyr’:

    select

The following objects are masked from ‘package:ctmm’:

    projection, projection<-

terra 1.7.78

Attaching package: ‘terra’

The following object is masked from ‘package:tidyr’:

    extract

The following objects are masked from ‘package:ctmm’:

    distance, meta

[1] "/home/u15/mmercer3/proj/habitat_analysis_class/Final/Model_Fit_Results/roads_1500/Daphne_rr.Rda"
     [,1]                                
[1,] "Data loaded at 2024-11-20 20:24:51"
Default grid size of 1.00180555555556 hours chosen for bandwidth(...,fast=TRUE).
Some rasters are not loaded in RAM and may be slow to process. See help("raster::readAll").
Maximizing likelihood @ n=1×2011=2011
 SD[log(ℓ)] = 12.1265877577371
 Δlog(ℓ) = Inf
 Δβ/SD[β] = -0.141026400657627 1.05335879317654 1.16913830149688 0.0662899418588658 0.0996802645649208 -1.20752472873831 0.964732408372651 -0.0223007425883996
Maximizing likelihood @ n=2×2011=4022
 SD[log(ℓ)] = 11.5540950975687
 Δlog(ℓ) = 117.531306433557
 Δβ/SD[β] = 3.41504547521891 7.33127899396649 2.79856905504957 0.41058189722943 3.38619702228632 0.13016947257913 0.252417085488672 1.28915474953379
Maximizing likelihood @ n=4×2011=8044
 SD[log(ℓ)] = 9.46362382793516
 Δlog(ℓ) = 63.8508481362732
 Δβ/SD[β] = 5.17525749533988 0.168546785727941 0.626757942247967 0.981830653269918 1.01163004952304 0.0541485422051662 0.0927709402286758 1.1844867091458
Maximizing likelihood @ n=8×2011=16088
 SD[log(ℓ)] = 7.99210184490542
 Δlog(ℓ) = 88.1544415609491
 Δβ/SD[β] = 6.46704647004332 0.895215353625508 0.483519511132106 0.311656114140577 0.385441093301672 -0.254866539910801 -0.137765662764102 0.548547426346286
Maximizing likelihood @ n=16×2011=32176
 SD[log(ℓ)] = 6.14730693169043
 Δlog(ℓ) = 7.72019086859859
 Δβ/SD[β] = 0.529228000301813 0.922789865935795 -1.02724750397033 -1.29056288765205 -0.818694825396891 0.740493512882194 -0.373511299129119 0.341574093612634
Maximizing likelihood @ n=32×2011=64352
 SD[log(ℓ)] = 4.60452302036204
 Δlog(ℓ) = 10.2660459840612
 Δβ/SD[β] = 0.0345819829359436 0.0379549612613965 0.0310599149931787 0.0213001309754935 0.034390863315691 -0.0978709025383328 0.00772187079944921 0.0479082289216904
Maximizing likelihood @ n=64×2011=128704
 SD[log(ℓ)] = 3.47405905888295
 Δlog(ℓ) = 5.53115982520069
 Δβ/SD[β] = 0.00585193402705834 0.243300332718379 0.193031602772281 0.0457761780708823 0.0372120652403083 -0.288548723052202 0.105512635721283 0.231640112650347
Maximizing likelihood @ n=128×2011=257408
 SD[log(ℓ)] = 2.57668092314248
 Δlog(ℓ) = 1.52405136261314
 Δβ/SD[β] = -0.0491900211264272 0.0390970250798709 0.229300708500151 -0.149687419842588 0.282841055944931 -0.190350202984554 0.154736843120373 0.11165123501214
Maximizing likelihood @ n=256×2011=514816
 SD[log(ℓ)] = 1.92586531529547
 Δlog(ℓ) = 1.73214533925966
 Δβ/SD[β] = -0.0231248957468801 0.0220755046804481 0.228453021694983 0.160159370923475 0.164588833069918 -0.0505193605014668 0.135441688406474 0.112719693676488
Maximizing likelihood @ n=512×2011=1029632
 SD[log(ℓ)] = 1.40673776618233
 Δlog(ℓ) = 2.09241976313331
 Δβ/SD[β] = -0.0600804136634713 -0.0439431101445627 0.195858431176226 0.0886322311959887 0.137839581793867 -0.0969769343277608 0.21283409230539 0.00741790790379244
Maximizing likelihood @ n=1024×2011=2059264
 SD[log(ℓ)] = 1.00582742242423
 Δlog(ℓ) = 0.727448200028107
 Δβ/SD[β] = -0.00541805488909029 0.0172638341806063 0.0987101724620457 0.0451554717666078 0.0908498539587707 -0.00110401538366929 0.0295798079543895 0.0619048688069837
Maximizing likelihood @ n=2048×2011=4118528
 SD[log(ℓ)] = 0.709654569140707
 Δlog(ℓ) = 0.49586312639326
 Δβ/SD[β] = 0.0313674364662828 0.0100711541651521 0.0834590937650264 0.0828510279874024 0.146397557040476 -0.0738568627536424 -0.0427526885158707 0.0548641015359981
Maximizing likelihood @ n=4096×2011=8237056
 SD[log(ℓ)] = 0.509989932950363
 Δlog(ℓ) = 0.488455780345816
 Δβ/SD[β] = 0.00398317352670553 0.00361083615591592 0.00727365124516537 0.00575613524174987 0.00618280867829115 0.0134240329285198 -0.00235318700992924 0.0594588206041617
Maximizing likelihood @ n=8192×2011=16474112
 SD[log(ℓ)] = 0.365984481999949
 Δlog(ℓ) = -0.276469006886487
 Δβ/SD[β] = -0.02161369090375 -0.0852041455439056 0.0585052460789608 0.0606143535755579 0.123296829199306 -0.0317223788612349 0.0962556923837018 0.0530070255875895
Maximizing likelihood @ n=16384×2011=32948224
 SD[log(ℓ)] = 0.258232701806261
 Δlog(ℓ) = -0.290696977655898
 Δβ/SD[β] = -0.021250470127423 0.0153386211518569 -0.00865190264272367 0.0603899321677129 0.0185225794178418 0.00475138599599755 0.0317877087535376 0.019172689661289
Calculating Hessian
Warning message:
In rsf.fit(individual, individual_akde, R = R, max.mem = "2 Gb") :
  Calculation stopped before 3.9 Gb allocation.
Script complete
Wed Nov 20 21:39:04 MST 2024
