Wed Nov 20 19:43:11 MST 2024
Initiating script
── Attaching core tidyverse packages ──────────────────────── tidyverse 2.0.0 ──
✔ dplyr     1.1.4     ✔ readr     2.1.5
✔ forcats   1.0.0     ✔ stringr   1.5.1
✔ ggplot2   3.5.1     ✔ tibble    3.2.1
✔ lubridate 1.9.3     ✔ tidyr     1.3.1
✔ purrr     1.0.2     
── Conflicts ────────────────────────────────────────── tidyverse_conflicts() ──
✖ ggplot2::annotate() masks ctmm::annotate()
✖ dplyr::filter()     masks stats::filter()
✖ dplyr::lag()        masks stats::lag()
ℹ Use the conflicted package (<http://conflicted.r-lib.org/>) to force all conflicts to become errors
Linking to GEOS 3.9.5, GDAL 3.8.5, PROJ 9.4.0; sf_use_s2() is TRUE
Loading required package: sp

Attaching package: ‘raster’

The following object is masked from ‘package:dplyr’:

    select

The following objects are masked from ‘package:ctmm’:

    projection, projection<-

terra 1.7.78

Attaching package: ‘terra’

The following object is masked from ‘package:tidyr’:

    extract

The following objects are masked from ‘package:ctmm’:

    distance, meta

[1] "/home/u15/mmercer3/proj/habitat_analysis_class/Final/Model_Fit_Results/roads_750/Nala_rr.Rda"
     [,1]                                
[1,] "Data loaded at 2024-11-20 19:43:25"
Some rasters are not loaded in RAM and may be slow to process. See help("raster::readAll").
Maximizing likelihood @ n=1×577=577
 SD[log(ℓ)] = 1.02819076238867
 Δlog(ℓ) = Inf
 Δβ/SD[β] = -1.29728791808194 -2.28593877142346 -0.301009080269492 0.0184987002067277 0.0898369995592921 -5.05711085940265 4.83066222758462 0.540603651929623
Maximizing likelihood @ n=2×577=1154
 SD[log(ℓ)] = 1.44681890987437
 Δlog(ℓ) = 13.3686243884148
 Δβ/SD[β] = -2.09348513302734 -4.14157015991219 1.27178500861259 -2.72667602481139 -2.77606911573309 0.367152846103287 8.10764065283523 4.6080111826999
Maximizing likelihood @ n=4×577=2308
 SD[log(ℓ)] = 1.04919783515322
 Δlog(ℓ) = 0.802581859021259
 Δβ/SD[β] = -0.0871464232290244 -0.369404767836283 0.0578745923913818 -0.321353906373789 0.0314099289285912 0.709860450416916 0.0426596445109224 0.474304439544993
Maximizing likelihood @ n=8×577=4616
 SD[log(ℓ)] = 0.742917353578583
 Δlog(ℓ) = 0.438010537396714
 Δβ/SD[β] = 0 0 0 0 0 0 0 0
Maximizing likelihood @ n=16×577=9232
 SD[log(ℓ)] = 0.53228030131517
 Δlog(ℓ) = -0.132060512769087
 Δβ/SD[β] = -0.0555584131069881 -0.0457100937640018 -0.0613341214377076 -0.0365448113129183 0.0543266182836528 -0.100529788050033 -0.0224398891610829 0.10154850724484
Maximizing likelihood @ n=32×577=18464
 SD[log(ℓ)] = 0.370575590419977
 Δlog(ℓ) = -0.565428380911676
 Δβ/SD[β] = -0.0352805710315001 -0.0411136952405391 0.00567825960756399 0.0208642686533877 0.00509037268961747 -0.0580041251443086 -0.0132333007853945 0.0210403611790586
Maximizing likelihood @ n=64×577=36928
 SD[log(ℓ)] = 0.26728819509253
 Δlog(ℓ) = 0.035530373541043
 Δβ/SD[β] = -0.000920723080377875 0.113232691126725 -0.0355158283171739 -0.0356012313352135 -0.115707930899395 -0.351164523638554 0.0248854005505382 -0.0389356630023634
Maximizing likelihood @ n=128×577=73856
 SD[log(ℓ)] = 0.187620460933349
 Δlog(ℓ) = 0.0631692547490914
 Δβ/SD[β] = 0.0564756431179793 -0.00617362108081992 0.0202791738504262 -0.00404229850987643 0.048567083160782 0.00893188061465616 -0.0396650364977287 -0.064988596465718
Maximizing likelihood @ n=256×577=147712
 SD[log(ℓ)] = 0.133785679370106
 Δlog(ℓ) = 0.12060907221845
 Δβ/SD[β] = 0.0177734219915347 -0.0197731381727769 -0.0115773470427694 -0.00719829307360664 0.0097126915241231 -0.0360914777585197 0.0553633737792378 0.0380951593684742
Maximizing likelihood @ n=512×577=295424
 SD[log(ℓ)] = 0.0969531117494925
 Δlog(ℓ) = 0.0952802143352258
 Δβ/SD[β] = -0.0489927275388891 -0.00198378181241096 -0.00986531269406677 -0.016809615622806 0.0256753680534554 -0.0881474174914128 -0.0269089868178824 -0.0443642826596201
Maximizing likelihood @ n=1024×577=590848
 SD[log(ℓ)] = 0.0692595432231844
 Δlog(ℓ) = -0.115006319920454
 Δβ/SD[β] = 0 0 0 0 0 0 0 0
Maximizing likelihood @ n=2048×577=1181696
 SD[log(ℓ)] = 0.049005754673319
 Δlog(ℓ) = -0.0262888554718472
 Δβ/SD[β] = 0.00777446207015338 -0.00815423712231527 0.0108612015161202 -0.00771417964388421 0.0177112074138462 0.0189770314452211 0.0134802859335046 -0.0215851278297682
Maximizing likelihood @ n=4096×577=2363392
 SD[log(ℓ)] = 0.0347179700756843
 Δlog(ℓ) = -0.0177422432003453
 Δβ/SD[β] = -0.0864002344129928 0.00652604328998595 0.132187721283082 -0.165489413964298 0.116179494876258 0.0371475769535236 0.00470929317739348 0.0262789164922014
Maximizing likelihood @ n=8192×577=4726784
 SD[log(ℓ)] = 0.0242780699329979
 Δlog(ℓ) = 0.710314816832316
 Δβ/SD[β] = 0.198851351290612 0.00581169028792301 25.6618778266053 1.27715079665356 0.102073519935769 0.0770921526124519 -0.0592427846195294 0.00737459417140612
Maximizing likelihood @ n=16384×577=9453568
 SD[log(ℓ)] = 0.0180492048786051
 Δlog(ℓ) = 0.547932457756175
 Δβ/SD[β] = -0.307107965513306 0.0519786876417451 2.78652688974315 22.0450512715473 11.8004264360814 0.49651412936402 -0.0909948838683327 0.106235141757013
Maximizing likelihood @ n=32768×577=18907136
 SD[log(ℓ)] = 0.0127961219340557
 Δlog(ℓ) = 0.0976531520956954
 Δβ/SD[β] = -0.0436915683121686 0.0238003940857895 0.309618392736074 0.563005824913032 0.511733130710446 0.0813045464805932 -0.0131418758512083 0.0537697167602401
Calculating Hessian
Warning message:
In rsf.fit(individual, individual_akde, R = R, max.mem = "2 Gb") :
  Calculation stopped before 2.3 Gb allocation.
Script complete
Wed Nov 20 21:54:51 MST 2024
