Wed Nov 20 18:46:52 MST 2024
Initiating script
── Attaching core tidyverse packages ──────────────────────── tidyverse 2.0.0 ──
✔ dplyr     1.1.4     ✔ readr     2.1.5
✔ forcats   1.0.0     ✔ stringr   1.5.1
✔ ggplot2   3.5.1     ✔ tibble    3.2.1
✔ lubridate 1.9.3     ✔ tidyr     1.3.1
✔ purrr     1.0.2     
── Conflicts ────────────────────────────────────────── tidyverse_conflicts() ──
✖ ggplot2::annotate() masks ctmm::annotate()
✖ dplyr::filter()     masks stats::filter()
✖ dplyr::lag()        masks stats::lag()
ℹ Use the conflicted package (<http://conflicted.r-lib.org/>) to force all conflicts to become errors
Linking to GEOS 3.9.5, GDAL 3.8.5, PROJ 9.4.0; sf_use_s2() is TRUE
Loading required package: sp

Attaching package: ‘raster’

The following object is masked from ‘package:dplyr’:

    select

The following objects are masked from ‘package:ctmm’:

    projection, projection<-

terra 1.7.78

Attaching package: ‘terra’

The following object is masked from ‘package:tidyr’:

    extract

The following objects are masked from ‘package:ctmm’:

    distance, meta

[1] "/home/u15/mmercer3/proj/habitat_analysis_class/Final/Model_Fit_Results/roads_30/Morgan_rr.Rda"
     [,1]                                
[1,] "Data loaded at 2024-11-20 18:47:05"
Default grid size of 51.4166666666667 minutes chosen for bandwidth(...,fast=TRUE).
Some rasters are not loaded in RAM and may be slow to process. See help("raster::readAll").
Maximizing likelihood @ n=1×3390=3390
 SD[log(ℓ)] = 6.49099077425491
 Δlog(ℓ) = Inf
 Δβ/SD[β] = -0.0283669453047708 -0.424986735147687 0.827189663278556 0.043793226468779 0.0801682235972807 -1.09635815640239 -0.60283927756572 0.0167954868535957
Maximizing likelihood @ n=2×3390=6780
 SD[log(ℓ)] = 5.24704014292255
 Δlog(ℓ) = 6.14769883335691
 Δβ/SD[β] = 0.244768501383216 -0.609867626943191 0.190194601306586 0.45128759646379 -0.0878146919658013 -0.178776748242622 0.161379950975485 0.30998787714531
Maximizing likelihood @ n=4×3390=13560
 SD[log(ℓ)] = 3.85799536479868
 Δlog(ℓ) = -0.439902335882543
 Δβ/SD[β] = 0.0305231720595992 -1.03789060858302 -0.110127204351251 -0.162976800595437 -0.182245010612334 -0.257606296671598 -0.0261702630034925 0.336085721970349
Maximizing likelihood @ n=8×3390=27120
 SD[log(ℓ)] = 2.9276436386103
 Δlog(ℓ) = 6.28100431338847
 Δβ/SD[β] = 0.214543462845722 -0.894190271350489 0.088937051145525 0.213382392269042 0.118201981347184 -0.0256683626109662 0.0651503619323807 -0.129354137395353
Maximizing likelihood @ n=16×3390=54240
 SD[log(ℓ)] = 2.2674421278304
 Δlog(ℓ) = 6.24687879903891
 Δβ/SD[β] = 0.251941363929967 -0.390659911571819 0.196531776787507 0.171535250915956 0.228064297862681 -0.743103991156647 0.340933351492307 0.0894438216671648
Maximizing likelihood @ n=32×3390=108480
 SD[log(ℓ)] = 1.63548142977576
 Δlog(ℓ) = 0.821204198993939
 Δβ/SD[β] = -0.0643739279552436 0.0999508084193043 -0.0183965734111097 -0.079801195615313 0.0631945306346136 -0.18790935062733 0.0401770892790611 0.093715506991791
Maximizing likelihood @ n=64×3390=216960
 SD[log(ℓ)] = 1.16432233728924
 Δlog(ℓ) = -0.295351007705932
 Δβ/SD[β] = -0.0264122269311566 -0.0429910393105328 0.0285336192390038 0.00153962888541591 -0.0171659332232539 -0.116525847484063 0.0172361216270185 0.0620873340869814
Maximizing likelihood @ n=128×3390=433920
 SD[log(ℓ)] = 0.835677349982077
 Δlog(ℓ) = 1.1401424343687
 Δβ/SD[β] = 0.227323824413021 -0.0730129463838144 0.0687881005287962 -0.086955992468146 -0.0273728144845197 -0.143351886701158 0.0554742862197658 0.28140418890106
Maximizing likelihood @ n=256×3390=867840
 SD[log(ℓ)] = 0.59150306979694
 Δlog(ℓ) = 0.519197597647647
 Δβ/SD[β] = -0.00767255474436248 0.00400355129102057 0.0320726491504145 0.0123851288873855 0.023044466803358 -0.0544911957344668 -0.0238118858084981 0.0326569292178081
Maximizing likelihood @ n=512×3390=1735680
 SD[log(ℓ)] = 0.420550020589014
 Δlog(ℓ) = 0.329193297258044
 Δβ/SD[β] = 0.00499240837219122 -0.000211193841692961 -0.00496917915422325 0.0224494853858845 -0.00533015040827796 -0.0180461319736596 0.0426682624511205 0.0165262881236746
Maximizing likelihood @ n=1024×3390=3471360
 SD[log(ℓ)] = 0.296141606016516
 Δlog(ℓ) = -0.504210841066666
 Δβ/SD[β] = 0.0165666061934072 0.0245841520541891 -0.000352815389510412 0.0327686758610429 0.015256569919235 0.0467061511433283 -0.0371105519956628 0.0385054335432333
Maximizing likelihood @ n=2048×3390=6942720
 SD[log(ℓ)] = 0.210077734190823
 Δlog(ℓ) = 0.139086145660229
 Δβ/SD[β] = 0.0022311489575663 -0.000983912213842755 0.00119069533098616 0.0160882456192745 0.00112442710406311 -0.010514138989044 0.0332960284247093 0.00137330593113664
Maximizing likelihood @ n=4096×3390=13885440
 SD[log(ℓ)] = 0.148157305393043
 Δlog(ℓ) = -0.0288090997911468
 Δβ/SD[β] = -0.0345241132091252 0.0180598939141946 0.032603749591116 0.0402975651043924 -0.0301475798281868 0.0623621462812673 0.0156063695776686 0.0599827546516345
Maximizing likelihood @ n=8192×3390=27770880
 SD[log(ℓ)] = 0.105047944987737
 Δlog(ℓ) = -0.029164350402084
 Δβ/SD[β] = -0.022039916025622 0.0249382494663407 -0.0371045262667325 0.00446367077116708 0.0412599316546265 -0.0178829983920206 0.00384620526782633 0.0525716570517958
Calculating Hessian
Warning message:
In rsf.fit(individual, individual_akde, R = R, max.mem = "2 Gb") :
  Calculation stopped before 3.3 Gb allocation.
Script complete
Wed Nov 20 19:48:12 MST 2024
