Wed Nov 20 20:00:10 MST 2024
Initiating script
── Attaching core tidyverse packages ──────────────────────── tidyverse 2.0.0 ──
✔ dplyr     1.1.4     ✔ readr     2.1.5
✔ forcats   1.0.0     ✔ stringr   1.5.1
✔ ggplot2   3.5.1     ✔ tibble    3.2.1
✔ lubridate 1.9.3     ✔ tidyr     1.3.1
✔ purrr     1.0.2     
── Conflicts ────────────────────────────────────────── tidyverse_conflicts() ──
✖ ggplot2::annotate() masks ctmm::annotate()
✖ dplyr::filter()     masks stats::filter()
✖ dplyr::lag()        masks stats::lag()
ℹ Use the conflicted package (<http://conflicted.r-lib.org/>) to force all conflicts to become errors
Linking to GEOS 3.9.5, GDAL 3.8.5, PROJ 9.4.0; sf_use_s2() is TRUE
Loading required package: sp

Attaching package: ‘raster’

The following object is masked from ‘package:dplyr’:

    select

The following objects are masked from ‘package:ctmm’:

    projection, projection<-

terra 1.7.78

Attaching package: ‘terra’

The following object is masked from ‘package:tidyr’:

    extract

The following objects are masked from ‘package:ctmm’:

    distance, meta

[1] "/home/u15/mmercer3/proj/habitat_analysis_class/Final/Model_Fit_Results/roads_1500/Braeden_rr.Rda"
     [,1]                                
[1,] "Data loaded at 2024-11-20 20:00:22"
Default grid size of 47.9933333333333 minutes chosen for bandwidth(...,fast=TRUE).
Some rasters are not loaded in RAM and may be slow to process. See help("raster::readAll").
Maximizing likelihood @ n=1×1105=1105
 SD[log(ℓ)] = 7.52885763235285
 Δlog(ℓ) = Inf
 Δβ/SD[β] = 0.893962639380647 1.94085996615926 1.49694659761367 0.17359399559005 -0.356492767552534 -1.17626962680047 2.03573316897857 -0.118068635006522
Maximizing likelihood @ n=2×1105=2210
 SD[log(ℓ)] = 7.01597757447735
 Δlog(ℓ) = 39.8043371510984
 Δβ/SD[β] = 2.44309013762116 1.38871189217162 0.906412097854234 1.66965084658835 -0.699035935845068 0.98620483263636 0.818337350330396 -1.668605195684
Maximizing likelihood @ n=4×1105=4420
 SD[log(ℓ)] = 6.02654546555687
 Δlog(ℓ) = 37.2775196419613
 Δβ/SD[β] = 1.91007369717033 1.25981079971838 0.189265665828569 -0.0881344757337613 -0.424201722895534 -0.395891596726951 0.0301682544848799 -0.464847436864092
Maximizing likelihood @ n=8×1105=8840
 SD[log(ℓ)] = 4.95033386945569
 Δlog(ℓ) = 19.545632506695
 Δβ/SD[β] = 4.0403538695703 1.22247788540521 0.676607030350223 -1.27774684596068 -0.0682378994381663 0.239668803808385 0.116691640745587 -1.42610561029807
Maximizing likelihood @ n=16×1105=17680
 SD[log(ℓ)] = 3.60329904931128
 Δlog(ℓ) = 0.256085991419354
 Δβ/SD[β] = 0 0 0 0 0 0 0 0
Maximizing likelihood @ n=32×1105=35360
 SD[log(ℓ)] = 2.67876542396656
 Δlog(ℓ) = 7.41734880975321
 Δβ/SD[β] = 0.327647760750555 -0.0876876734583478 0.520648906433284 -0.108574358992608 -0.452452380749014 0.231010631643012 0.639192644958445 -0.403938138110835
Maximizing likelihood @ n=64×1105=70720
 SD[log(ℓ)] = 1.93105334888465
 Δlog(ℓ) = 4.24150816214961
 Δβ/SD[β] = 0.0219515183516137 0.0113375035284342 0.0197012222261936 -0.00499421893457526 -0.016294208076467 0.00671125680242341 0.0207617824664007 -0.00684254666733187
Maximizing likelihood @ n=128×1105=141440
 SD[log(ℓ)] = 1.36747735288025
 Δlog(ℓ) = -0.259702955121611
 Δβ/SD[β] = 0.0167290285491384 0.0229504538207 0.011004581535363 -0.00638755973281129 -0.000189562991767887 0.00598051503151191 -0.00268113037519373 -0.0245259444498462
Maximizing likelihood @ n=256×1105=282880
 SD[log(ℓ)] = 0.977392330274504
 Δlog(ℓ) = 1.60828019255626
 Δβ/SD[β] = 0.164782868511084 -0.0847526304437826 0.166327120688009 0.146140464042431 -0.117190987496249 0.0735206271235211 0.121082917413931 -0.25985831126118
Maximizing likelihood @ n=512×1105=565760
 SD[log(ℓ)] = 0.69317612481413
 Δlog(ℓ) = 0.794101406786353
 Δβ/SD[β] = 0.0439081218245588 0.0795126082356613 0.196177523752877 0.0666480564131449 -0.097484909576855 0.0182653262452274 -0.00750597224337728 -0.0364381873299959
Maximizing likelihood @ n=1024×1105=1131520
 SD[log(ℓ)] = 0.492123861924647
 Δlog(ℓ) = -0.623178867077627
 Δβ/SD[β] = -0.0187858237204854 -0.00324744514650975 0.044140887515745 -0.00905857142242492 -0.0123375363816049 -0.0114256890600153 0.0261859399218488 -0.0114812871554408
Maximizing likelihood @ n=2048×1105=2263040
 SD[log(ℓ)] = 0.347835209426204
 Δlog(ℓ) = 0.121267971526834
 Δβ/SD[β] = -0.0182577246529429 -0.00258015701363578 -0.037026325154622 0.0195848527684985 -0.012234205547013 0.0112457838836761 0.020738069896631 0.0112863051448178
Maximizing likelihood @ n=4096×1105=4526080
 SD[log(ℓ)] = 0.247200439950312
 Δlog(ℓ) = 0.256765192104069
 Δβ/SD[β] = -0.0516297569640151 0.0369435520165163 0.0753429732035416 0.0762847002570043 0.00173475355415163 -0.0254497034108898 -0.0157737046794979 -0.0040192724432407
Maximizing likelihood @ n=8192×1105=9052160
 SD[log(ℓ)] = 0.174013573360646
 Δlog(ℓ) = 0.179988642656838
 Δβ/SD[β] = -0.00715787329107439 0.00200869279267858 -0.0202516664402885 0.0204689929779706 -0.0245705189585591 -0.00737763317724704 0.0192807703773298 -0.00627155727345974
Maximizing likelihood @ n=16384×1105=18104320
 SD[log(ℓ)] = 0.123409862361375
 Δlog(ℓ) = 0.00310343825526616
 Δβ/SD[β] = 0.0113541219032327 -0.000946882833619211 0.0304916315929268 0.021890067459717 -0.0139094231767714 -0.0025884007110257 -0.00432162811020094 0.000690607221736065
Calculating Hessian
Warning message:
In rsf.fit(individual, individual_akde, R = R, max.mem = "2 Gb") :
  Calculation stopped before 2.2 Gb allocation.
Script complete
Wed Nov 20 20:45:29 MST 2024
