Wed Nov 20 18:46:52 MST 2024
Initiating script
── Attaching core tidyverse packages ──────────────────────── tidyverse 2.0.0 ──
✔ dplyr     1.1.4     ✔ readr     2.1.5
✔ forcats   1.0.0     ✔ stringr   1.5.1
✔ ggplot2   3.5.1     ✔ tibble    3.2.1
✔ lubridate 1.9.3     ✔ tidyr     1.3.1
✔ purrr     1.0.2     
── Conflicts ────────────────────────────────────────── tidyverse_conflicts() ──
✖ ggplot2::annotate() masks ctmm::annotate()
✖ dplyr::filter()     masks stats::filter()
✖ dplyr::lag()        masks stats::lag()
ℹ Use the conflicted package (<http://conflicted.r-lib.org/>) to force all conflicts to become errors
Linking to GEOS 3.9.5, GDAL 3.8.5, PROJ 9.4.0; sf_use_s2() is TRUE
Loading required package: sp

Attaching package: ‘raster’

The following object is masked from ‘package:dplyr’:

    select

The following objects are masked from ‘package:ctmm’:

    projection, projection<-

terra 1.7.78

Attaching package: ‘terra’

The following object is masked from ‘package:tidyr’:

    extract

The following objects are masked from ‘package:ctmm’:

    distance, meta

[1] "/home/u15/mmercer3/proj/habitat_analysis_class/Final/Model_Fit_Results/roads_30/Wyatt_rr.Rda"
     [,1]                                
[1,] "Data loaded at 2024-11-20 18:47:06"
Default grid size of 40.0333333333333 minutes chosen for bandwidth(...,fast=TRUE).
Some rasters are not loaded in RAM and may be slow to process. See help("raster::readAll").
Maximizing likelihood @ n=1×3261=3261
 SD[log(ℓ)] = 12.3467014508821
 Δlog(ℓ) = Inf
 Δβ/SD[β] = -0.121391389955053 -1.87017442096879 2.10648156054322 -0.0131437187966729 -0.0362156497635742 -1.29784418696388 -0.134623896925134 -0.138237503066597
Maximizing likelihood @ n=2×3261=6522
 SD[log(ℓ)] = 10.2842678471478
 Δlog(ℓ) = 40.397014587708
 Δβ/SD[β] = -0.925594876540081 -1.84944110462504 0.14924939284502 -1.44323735417886 0.778095978940285 -0.175941984156509 0.0552212669957802 -0.0754086110781076
Maximizing likelihood @ n=4×3261=13044
 SD[log(ℓ)] = 7.92197630922812
 Δlog(ℓ) = 16.1771953092702
 Δβ/SD[β] = -4.3352951385206 -1.15617335223002 0.407380760329038 0.621807980255899 2.47910590484175 -0.495733018866351 0.783113303914165 -0.0483300750371563
Maximizing likelihood @ n=8×3261=26088
 SD[log(ℓ)] = 5.98100938316997
 Δlog(ℓ) = 8.0149217335333
 Δβ/SD[β] = -2.52962601869391 -0.00562135645556121 0.0183077586635347 0.563089776281756 -0.406673921501628 -0.0448752539951976 0.0443491948535925 -0.00115796080646888
Maximizing likelihood @ n=16×3261=52176
 SD[log(ℓ)] = 4.48973425017657
 Δlog(ℓ) = 11.7987444126119
 Δβ/SD[β] = -0.351989992116882 -0.0543687420110157 0.0342999421601413 0.255444119596102 0.265407580439416 -0.0882101167040368 0.0158716302435172 0.0295995651480056
Maximizing likelihood @ n=32×3261=104352
 SD[log(ℓ)] = 3.27621772125685
 Δlog(ℓ) = -1.85565743979845
 Δβ/SD[β] = -0.182530264976164 -0.198710851421936 0.0976220785383363 0.0451435521837733 -0.00730537769399703 0.0687898505078877 0.0197540974423038 0.0917257311283826
Maximizing likelihood @ n=64×3261=208704
 SD[log(ℓ)] = 2.41862896859103
 Δlog(ℓ) = -1.48386473890412
 Δβ/SD[β] = -0.0915737948320854 -0.0760670069142371 0.189514578445151 0.0460653716186074 -0.0996296300988809 0.166368764059142 -0.0319868211533989 0.0235030519668469
Maximizing likelihood @ n=128×3261=417408
 SD[log(ℓ)] = 1.70196440485197
 Δlog(ℓ) = 0.0393993028575892
 Δβ/SD[β] = -0.0986901838842949 -0.13180379025704 0.227173813690057 0.135365434217956 0.0999321929224704 0.0324482815171362 0.00655336268609779 -0.0843843358046006
Maximizing likelihood @ n=256×3261=834816
 SD[log(ℓ)] = 1.2188978349376
 Δlog(ℓ) = 3.96474853226499
 Δβ/SD[β] = -0.111192087454446 -0.0238231817581021 -0.00462443889837161 0.0625915076066751 0.0154809323154121 -0.33459962245969 0.11138666648305 0.101874655186842
Maximizing likelihood @ n=512×3261=1669632
 SD[log(ℓ)] = 0.865899234298784
 Δlog(ℓ) = -0.777295993846963
 Δβ/SD[β] = -0.0279657271610193 -0.015948663178303 0.0908679803850415 -0.00790443820250532 0.0307674723445653 0.0462212943986708 0.00579007551725884 -0.0148385640937469
Maximizing likelihood @ n=1024×3261=3339264
 SD[log(ℓ)] = 0.614060978997203
 Δlog(ℓ) = 0.626049679109371
 Δβ/SD[β] = 0.00885591933938933 -0.00115367082517281 0.0145998778420835 0.0108002129037162 0.0058821834985508 0.0294579694646436 0.0291054677513284 -0.00670345867489441
Maximizing likelihood @ n=2048×3261=6678528
 SD[log(ℓ)] = 0.438388350138887
 Δlog(ℓ) = 0.914178428118362
 Δβ/SD[β] = 0.00569924722259128 -0.000943467125392 0.0153243485947908 0.0108759122747725 0.0078480012062753 -0.0435616417539601 0.00727835381296434 -0.017124484797306
Maximizing likelihood @ n=4096×3261=13357056
 SD[log(ℓ)] = 0.317876180473532
 Δlog(ℓ) = -0.0987395902020012
 Δβ/SD[β] = 0.0249048532185355 0.023197447919205 0.00642145925598535 0.0301165185367245 -0.000606371870829027 0.0374967946655148 0.0260820266885582 -0.0272849578274111
Maximizing likelihood @ n=8192×3261=26714112
 SD[log(ℓ)] = 0.225523846059167
 Δlog(ℓ) = -0.137800931700724
 Δβ/SD[β] = -0.00276650133999355 0.00818640064007401 0.0190840005144731 0.0187738467263229 0.0106611172123094 -0.0187581138260382 -0.0137512516530087 0.0103544170898557
Calculating Hessian
Warning message:
In rsf.fit(individual, individual_akde, R = R, max.mem = "2 Gb") :
  Calculation stopped before 3.2 Gb allocation.
Script complete
Wed Nov 20 19:43:06 MST 2024
