Fri Nov 15 15:54:54 MST 2024
Initiating script
── Attaching core tidyverse packages ──────────────────────── tidyverse 2.0.0 ──
✔ dplyr     1.1.4     ✔ readr     2.1.5
✔ forcats   1.0.0     ✔ stringr   1.5.1
✔ ggplot2   3.5.1     ✔ tibble    3.2.1
✔ lubridate 1.9.3     ✔ tidyr     1.3.1
✔ purrr     1.0.2     
── Conflicts ────────────────────────────────────────── tidyverse_conflicts() ──
✖ ggplot2::annotate() masks ctmm::annotate()
✖ dplyr::filter()     masks stats::filter()
✖ dplyr::lag()        masks stats::lag()
ℹ Use the conflicted package (<http://conflicted.r-lib.org/>) to force all conflicts to become errors
Linking to GEOS 3.9.5, GDAL 3.8.5, PROJ 9.4.0; sf_use_s2() is TRUE
Loading required package: sp

Attaching package: ‘raster’

The following object is masked from ‘package:dplyr’:

    select

The following objects are masked from ‘package:ctmm’:

    projection, projection<-

terra 1.7.78

Attaching package: ‘terra’

The following object is masked from ‘package:tidyr’:

    extract

The following objects are masked from ‘package:ctmm’:

    distance, meta

[1] "/home/u15/mmercer3/proj/habitat_analysis_class/Final/Model_Fit_Results/Cynthia_rr.Rda"
     [,1]                                
[1,] "Data loaded at 2024-11-15 15:55:06"
Reading layer `major' from data source 
  `/home/u15/mmercer3/proj/habitat_analysis_class/Final/Major_Roads' 
  using driver `ESRI Shapefile'
Simple feature collection with 411 features and 7 fields
Geometry type: LINESTRING
Dimension:     XY
Bounding box:  xmin: 477946 ymin: 3545735 xmax: 511807.9 ymax: 3592212
Projected CRS: WGS 84 / UTM zone 12N
     [,1]                                 
[1,] "Roads loaded at 2024-11-15 15:55:06"
Default grid size of 47.9666666666667 minutes chosen for bandwidth(...,fast=TRUE).
|---------|---------|---------|---------|=========================================                                          [1] 1681968
[1] 1681968
Starting buffer 30 
Maximizing likelihood @ n=1×1886=1886
 SD[log(ℓ)] = 11.6043466841904
 Δlog(ℓ) = Inf
 Δβ/SD[β] = -1.20954584153814 -0.03067419856881 -0.0672471063645397 -1.19814732558941 0.789124474264121 0.0623580994374527
Maximizing likelihood @ n=2×1886=3772
 SD[log(ℓ)] = 9.29605904460971
 Δlog(ℓ) = 41.3142268157521
 Δβ/SD[β] = -0.84458729954717 -0.681628553608474 0.270766358367248 -0.207305129466314 0.237654079367498 -0.473001018401246
Maximizing likelihood @ n=4×1886=7544
 SD[log(ℓ)] = 7.22224171601305
 Δlog(ℓ) = 25.7000823608965
 Δβ/SD[β] = -0.477353126709258 -0.517788718183381 -0.175344131625674 -0.163785242899155 0.10087728796671 -0.316984269957566
Maximizing likelihood @ n=8×1886=15088
 SD[log(ℓ)] = 5.56157120909402
 Δlog(ℓ) = 21.8999180247073
 Δβ/SD[β] = -0.817275789182323 -0.77090728239226 -0.811111423988086 -1.17346256963397 0.850229118040017 -0.0759212528631055
Maximizing likelihood @ n=16×1886=30176
 SD[log(ℓ)] = 4.1310305870122
 Δlog(ℓ) = 7.00665285858139
 Δβ/SD[β] = -0.288922666359567 -0.285874577405541 -0.171189308827599 -0.166634814713233 0.220018703351348 -0.128331719992118
Maximizing likelihood @ n=32×1886=60352
 SD[log(ℓ)] = 2.98914831429059
 Δlog(ℓ) = 3.94875058726694
 Δβ/SD[β] = -0.00528539990955095 0.171624553724619 -0.173991102451998 -0.0688141239682771 0.265021259047163 -0.112799230213104
Maximizing likelihood @ n=64×1886=120704
 SD[log(ℓ)] = 2.1308356842369
 Δlog(ℓ) = -0.31883244411739
 Δβ/SD[β] = 0.00796481892197214 0.0255818226281602 -0.341105423607048 -0.0298262172624469 0.00863566219516622 -0.631778367977802
Maximizing likelihood @ n=128×1886=241408
 SD[log(ℓ)] = 1.52966040325399
 Δlog(ℓ) = 0.621385063881689
 Δβ/SD[β] = 0.0116070500740324 -0.119063189892938 0.0384574447476117 -0.198229407174478 0.0338900231305249 -0.0686131032098187
Maximizing likelihood @ n=256×1886=482816
 SD[log(ℓ)] = 1.08259733016155
 Δlog(ℓ) = 1.43134682118875
 Δβ/SD[β] = -0.0185708643152196 -0.0350765666958774 0.0399371458004027 -0.0922255021900487 -0.0368174005795299 -0.0296828076116142
Maximizing likelihood @ n=512×1886=965632
 SD[log(ℓ)] = 0.77470628837888
 Δlog(ℓ) = -0.200431783227316
 Δβ/SD[β] = -0.0116785834450315 -0.00105480879609796 0.0185486332513844 0.0165905989812731 0.0392683591480607 -0.00966249258393008
Maximizing likelihood @ n=1024×1886=1931264
 SD[log(ℓ)] = 0.545830377085663
 Δlog(ℓ) = 0.0972459800991601
 Δβ/SD[β] = 0.00619828421190427 0.0223284968333865 -0.0104355721881596 0.0635169985004276 0.0113511618507815 0.000347540830875515
Maximizing likelihood @ n=2048×1886=3862528
 SD[log(ℓ)] = 0.386496380429283
 Δlog(ℓ) = -0.232075135505625
 Δβ/SD[β] = 0.0576182669930756 -0.0137806101121272 0.00586515862785914 -0.0760857285810987 0.0056891853761415 -0.0213887872524803
Maximizing likelihood @ n=4096×1886=7725056
 SD[log(ℓ)] = 0.274286200230362
 Δlog(ℓ) = -0.0982054382279216
 Δβ/SD[β] = 0.00918870114348791 -0.0145777055996198 0.0198514150027306 0.0399104709956029 -0.0175789815007637 0.0102375539456162
Maximizing likelihood @ n=8192×1886=15450112
 SD[log(ℓ)] = 0.194356186240945
 Δlog(ℓ) = 0.103020000934066
 Δβ/SD[β] = 0.0549268435626113 0.000955127136525311 0.0270514571383842 -0.0322235073850718 0.0245138839420603 -0.0395202113973359
Calculating Hessian
Maximizing likelihood @ n=1×1886=1886
 SD[log(ℓ)] = 11.6153593300084
 Δlog(ℓ) = Inf
 Δβ/SD[β] = 2.30947150928826 -0.0863118819387415 -0.07077017164624 -1.20258279049595 0.849966626248629 -0.0463031529668033
Maximizing likelihood @ n=2×1886=3772
 SD[log(ℓ)] = 9.68705330944932
 Δlog(ℓ) = 51.5275503857887
 Δβ/SD[β] = 1.03288279284091 0.160158814429448 -0.481004580140843 -2.29570715345745 2.55223220076496 0.284316345795024
Maximizing likelihood @ n=4×1886=7544
 SD[log(ℓ)] = 7.1962030042489
 Δlog(ℓ) = 10.6253636801463
 Δβ/SD[β] = -0.077099637570756 -0.183513383076992 0.111531724260933 -0.0719356918843089 0.0653478576340949 -0.279200561412477
Maximizing likelihood @ n=8×1886=15088
 SD[log(ℓ)] = 5.44730952137765
 Δlog(ℓ) = 16.2818495939311
 Δβ/SD[β] = 0.0256211754503077 0.0818697561500953 0.15158791872247 -0.0915688901267296 0.0644019566167338 0.302199960803292
Maximizing likelihood @ n=16×1886=30176
 SD[log(ℓ)] = 3.94013523756357
 Δlog(ℓ) = 3.30288401854085
 Δβ/SD[β] = 0.0857525176019784 -0.296656859736203 -0.140180682962441 -0.205459940090219 0.129571615385356 0.0168322378657454
Maximizing likelihood @ n=32×1886=60352
 SD[log(ℓ)] = 2.87705365583554
 Δlog(ℓ) = 6.48328833040983
 Δβ/SD[β] = 0.495855937355228 0.208462339827826 0.0244089822785381 -0.49316658010835 0.190761326891076 0.0385124863266034
Maximizing likelihood @ n=64×1886=120704
 SD[log(ℓ)] = 2.06922214099444
 Δlog(ℓ) = 1.21026089642874
 Δβ/SD[β] = 0.153524080994028 -0.288534557827466 -0.131812964685789 -0.0684482627427165 0.0463049875140743 -0.0620995783812389
Maximizing likelihood @ n=128×1886=241408
 SD[log(ℓ)] = 1.49957624333867
 Δlog(ℓ) = 2.88653795424034
 Δβ/SD[β] = -0.0568699413453338 -0.0900724424486974 -0.0664600888996344 0.0791653357520216 0.0544286353219625 0.0239496359719789
Maximizing likelihood @ n=256×1886=482816
 SD[log(ℓ)] = 1.0697668924527
 Δlog(ℓ) = 1.50460589536033
 Δβ/SD[β] = -0.0358650886551212 -0.0266052939868526 -0.0258712031855875 -0.244891799597533 0.0196743387239872 0.00439896773267196
Maximizing likelihood @ n=512×1886=965632
 SD[log(ℓ)] = 0.759804740047605
 Δlog(ℓ) = 0.113887590489583
 Δβ/SD[β] = -0.0169453937728885 -0.0225103771496386 -0.0424513331353637 -0.0466694328433067 0.0524766375368016 0.00388132550129681
Maximizing likelihood @ n=1024×1886=1931264
 SD[log(ℓ)] = 0.538229050564558
 Δlog(ℓ) = 0.588222550117223
 Δβ/SD[β] = -0.00941001799849356 0.00562703556898784 -0.015349081295278 -0.0572602950069839 -0.0201010548970904 -0.0116823399189133
Maximizing likelihood @ n=2048×1886=3862528
 SD[log(ℓ)] = 0.381208542360458
 Δlog(ℓ) = -0.0177357053393621
 Δβ/SD[β] = -0.0284672067103896 -0.0536632348092348 -0.0174699270127973 -0.0584324813230341 0.00926325996763822 0.0247037733299292
Maximizing likelihood @ n=4096×1886=7725056
 SD[log(ℓ)] = 0.268926489000249
 Δlog(ℓ) = 0.143664082752082
 Δβ/SD[β] = 0.0121748830061102 -0.0925826782089623 -0.0902572542447676 0.039556254440726 -0.034819307640787 0.0717589896752967
Maximizing likelihood @ n=8192×1886=15450112
 SD[log(ℓ)] = 0.192562998105309
 Δlog(ℓ) = -0.322398123655489
 Δβ/SD[β] = 0.00990484501751034 0.00299046424555118 -0.0126736367000575 -0.0164345442211524 0.0342972281388747 -0.00734464362132695
Calculating Hessian
Maximizing likelihood @ n=1×1886=1886
 SD[log(ℓ)] = 11.93307345202
 Δlog(ℓ) = Inf
 Δβ/SD[β] = 8.13090518660556 -1.54351690438542 -1.55975154436087 -42.0143752427214 7.96140222926447 -0.381476998668004
Maximizing likelihood @ n=2×1886=3772
 SD[log(ℓ)] = 9.4491943352715
 Δlog(ℓ) = 37.1370793809663
 Δβ/SD[β] = 1.32514623680004 -0.0460912513027408 0.0682400690229618 -0.29723051620083 0.176407425623912 -0.304212194133781
Maximizing likelihood @ n=4×1886=7544
 SD[log(ℓ)] = 7.29498128340167
 Δlog(ℓ) = 23.2186990326118
 Δβ/SD[β] = 0.585758845199243 0.137589490932988 0.0490732693392262 -0.0876221217304097 0.11542626052682 0.171020435502175
Maximizing likelihood @ n=8×1886=15088
 SD[log(ℓ)] = 5.3773824449117
 Δlog(ℓ) = 14.6683026528187
 Δβ/SD[β] = 0.229220746990807 -0.111958185187998 -0.101552420562543 -0.0418808037939267 0.026734277248888 -0.136219168935622
Maximizing likelihood @ n=16×1886=30176
 SD[log(ℓ)] = 4.05799183760766
 Δlog(ℓ) = 8.29167661845804
 Δβ/SD[β] = 0.268262230156033 -0.746479603105944 -0.410651029100851 -0.0406696866861349 0.0554370142788852 -0.4134638026754
Maximizing likelihood @ n=32×1886=60352
 SD[log(ℓ)] = 2.87253070001364
 Δlog(ℓ) = -0.511691215349572
 Δβ/SD[β] = 0.0169957009737615 -0.00233196991772068 -0.0699579217882942 8.89288204938499e-06 0.00373332820213795 0.0473559794763865
Maximizing likelihood @ n=64×1886=120704
 SD[log(ℓ)] = 2.08797104614344
 Δlog(ℓ) = 1.74669157697247
 Δβ/SD[β] = 0.0157223848121555 -0.0375586967830415 -0.00212908117926136 -0.00297334945551225 0.0126448492608711 0.00644906211900382
Maximizing likelihood @ n=128×1886=241408
 SD[log(ℓ)] = 1.49122334942648
 Δlog(ℓ) = -0.28408329019959
 Δβ/SD[β] = 0.0167116900811391 -0.0130366478338816 -0.0346459895528639 0.0124995407357304 0.00934637790800827 0.0312074001379585
Maximizing likelihood @ n=256×1886=482816
 SD[log(ℓ)] = 1.05929376404458
 Δlog(ℓ) = 0.812455260430966
 Δβ/SD[β] = 0.0393147593257997 0.0553625935614615 -0.0414682122317965 -0.111859692578307 0.0171096487878733 0.013470000601124
Maximizing likelihood @ n=512×1886=965632
 SD[log(ℓ)] = 0.754343200690252
 Δlog(ℓ) = 1.32832695144509
 Δβ/SD[β] = 0.0494271052959143 -0.0168252443846851 -0.0326552707429184 -0.14886263745402 -0.000284084954832332 -0.0349259186384301
Maximizing likelihood @ n=1024×1886=1931264
 SD[log(ℓ)] = 0.537782957209489
 Δlog(ℓ) = 0.393500095075353
 Δβ/SD[β] = -0.0217815700859065 -0.0192690683365413 -0.00463896734705543 0.0629042765096656 0.0325601847503519 0.0387457750029158
Maximizing likelihood @ n=2048×1886=3862528
 SD[log(ℓ)] = 0.379871624214051
 Δlog(ℓ) = 0.468213804764616
 Δβ/SD[β] = -0.0163696821557268 -0.0271785238111455 -0.0267012466797712 0.00274435872721896 -0.0338665616486407 0.0132659399062608
Maximizing likelihood @ n=4096×1886=7725056
 SD[log(ℓ)] = 0.269237103717904
 Δlog(ℓ) = 0.0253856324198978
 Δβ/SD[β] = -0.0109582115876477 -0.0302271041010585 -0.020080693821804 -0.0443264714359573 0.0355407634249202 0.0181149632761967
Maximizing likelihood @ n=8192×1886=15450112
 SD[log(ℓ)] = 0.190093937708171
 Δlog(ℓ) = -0.0350313579827457
 Δβ/SD[β] = -0.0400120719028038 -0.11949437111252 -0.0317998264542632 0.0179650821609676 -0.0233351215870834 0.0440596596715686
Calculating Hessian
Maximizing likelihood @ n=1×1886=1886
 SD[log(ℓ)] = 11.7961466031803
 Δlog(ℓ) = Inf
 Δβ/SD[β] = -10.5711385099025 -0.441848014164893 -0.297008394446578 -40.8676264463983 5.91873624044384 -0.342218893583492
Maximizing likelihood @ n=2×1886=3772
 SD[log(ℓ)] = 9.50710305144686
 Δlog(ℓ) = 37.6356981469974
 Δβ/SD[β] = -0.978528499599677 0.197538502516687 -0.181091910454671 -0.427728533123086 0.556121511190937 0.107323403713859
Maximizing likelihood @ n=4×1886=7544
 SD[log(ℓ)] = 7.57383443070665
 Δlog(ℓ) = 42.1960423730712
 Δβ/SD[β] = -0.223212763027008 0.0823783261185814 -0.0326260293993579 -0.216462187731972 0.111779075596764 0.0148307486825626
Maximizing likelihood @ n=8×1886=15088
 SD[log(ℓ)] = 5.73181725815196
 Δlog(ℓ) = 16.9856224700688
 Δβ/SD[β] = -0.108770236933953 -0.194054292900092 -0.00635757945808339 -0.132891761037345 0.0567496714841777 -0.0154276208536133
Maximizing likelihood @ n=16×1886=30176
 SD[log(ℓ)] = 4.1226870842325
 Δlog(ℓ) = 3.9865862762868
 Δβ/SD[β] = -0.0498433292414267 -0.37885693161697 -0.12380675481132 0.0423730764371761 0.0177828024580276 0.124659809715721
Maximizing likelihood @ n=32×1886=60352
 SD[log(ℓ)] = 2.97895270503574
 Δlog(ℓ) = 7.18494246072322
 Δβ/SD[β] = -0.00574829514266216 -0.707638531507042 0.303014022292912 -0.0572650873531508 0.00950568245313834 0.0785184381241565
Maximizing likelihood @ n=64×1886=120704
 SD[log(ℓ)] = 2.13919739318398
 Δlog(ℓ) = 1.53419635172992
 Δβ/SD[β] = 0.0395938606215065 -1.34869189374338 -0.107766522205248 -0.0485509897035572 0.0068111726459786 -0.292996750760815
Maximizing likelihood @ n=128×1886=241408
 SD[log(ℓ)] = 1.51516977625742
 Δlog(ℓ) = -0.0803359630409091
 Δβ/SD[β] = -0.151038895229622 -0.213133307618428 -0.077644615707254 0.155541331723392 0.0157923352619975 -0.0668926365474826
Maximizing likelihood @ n=256×1886=482816
 SD[log(ℓ)] = 1.07253353748469
 Δlog(ℓ) = 0.388502567843204
 Δβ/SD[β] = 0.0371829883681248 -0.0302443940489221 -0.0155224083186188 0.0655366446020405 0.0639597816451403 0.0570928303428531
Maximizing likelihood @ n=512×1886=965632
 SD[log(ℓ)] = 0.759877030208891
 Δlog(ℓ) = 0.700301289825063
 Δβ/SD[β] = 0.00722145929499092 -0.204687655205654 -0.000559276134447977 -0.0668613532841822 -0.0168392942912255 0.043592451900355
Maximizing likelihood @ n=1024×1886=1931264
 SD[log(ℓ)] = 0.538226025094303
 Δlog(ℓ) = 0.495967601653035
 Δβ/SD[β] = 0.00547105373761031 -0.0278518716562232 -0.000617539818233273 0.0456308457291872 0.0451802858091969 -0.0066248423431971
Maximizing likelihood @ n=2048×1886=3862528
 SD[log(ℓ)] = 0.38037182690507
 Δlog(ℓ) = 0.0911813501043639
 Δβ/SD[β] = -0.0259755701347468 -0.156215516986957 0.0095957961851053 0.072176614519221 -0.0448347403166788 -0.0412782525847683
Maximizing likelihood @ n=4096×1886=7725056
 SD[log(ℓ)] = 0.269583385369629
 Δlog(ℓ) = 0.606489752042933
 Δβ/SD[β] = 0.000741290511025553 -0.233198982658617 0.0184268507836667 0.00358598516584675 0.0049782146535638 0.0547570019191852
Maximizing likelihood @ n=8192×1886=15450112
 SD[log(ℓ)] = 0.190716807929937
 Δlog(ℓ) = -0.162718521883562
 Δβ/SD[β] = -0.00991670763338512 -0.0525955548570736 -0.0323589396944606 0.0673858140797493 0.0143045405225224 0.020378019206662
Calculating Hessian
Starting buffer 750 
Maximizing likelihood @ n=1×1886=1886
 SD[log(ℓ)] = 11.6698510544552
 Δlog(ℓ) = Inf
 Δβ/SD[β] = 1.22692625927554 -1.09525917232243 -0.324288508579955 -45.8620005532292 8.74274980392486 -0.315163472769088
Maximizing likelihood @ n=2×1886=3772
 SD[log(ℓ)] = 9.49741306988306
 Δlog(ℓ) = 45.1049229376825
 Δβ/SD[β] = 0.126529411319963 0.203583659795157 0.12657847063093 -0.251964786494826 0.238370782110026 0.0301315944816606
Maximizing likelihood @ n=4×1886=7544
 SD[log(ℓ)] = 7.29245402394314
 Δlog(ℓ) = 23.4490006642056
 Δβ/SD[β] = -0.155499307348951 -0.154158115004283 0.0644142837324855 -0.153250971295805 0.115467259263267 -0.0640315098026991
Maximizing likelihood @ n=8×1886=15088
 SD[log(ℓ)] = 5.31902411929208
 Δlog(ℓ) = 3.40236249799955
 Δβ/SD[β] = -9.72952064896541e-06 -0.0133425487628526 -0.004890486483812 -0.0903341199675756 0.0265118792199888 -0.00496746516469791
Maximizing likelihood @ n=16×1886=30176
 SD[log(ℓ)] = 3.87134290918983
 Δlog(ℓ) = 5.21591712500214
 Δβ/SD[β] = -0.00688619677341479 -0.19177877845093 -0.0467665020073989 0.0317718449577917 0.0266237382363071 -0.126761634665544
Maximizing likelihood @ n=32×1886=60352
 SD[log(ℓ)] = 2.78571840062567
 Δlog(ℓ) = 2.41563863996589
 Δβ/SD[β] = 0.00347591195372484 -0.0329320162731621 -0.0184854168980166 -0.0208474161270492 0.00318551196828557 0.0105178242269092
Maximizing likelihood @ n=64×1886=120704
 SD[log(ℓ)] = 1.99189747537501
 Δlog(ℓ) = 5.66557648058523
 Δβ/SD[β] = 0.0539511394131371 -0.822347576244721 -0.0864386084203806 -0.0191661600559143 -0.000323739596995121 0.162077441717593
Maximizing likelihood @ n=128×1886=241408
 SD[log(ℓ)] = 1.45534787226777
 Δlog(ℓ) = 1.88682260627746
 Δβ/SD[β] = 0.00468486917529233 -0.23248642472325 0.0223150976920142 -0.0288273608778 0.0124359713508189 -0.0682250669410331
Maximizing likelihood @ n=256×1886=482816
 SD[log(ℓ)] = 1.03339376056716
 Δlog(ℓ) = 0.712499434142103
 Δβ/SD[β] = -0.0619285357581798 -0.0823515511938152 -0.127398232445991 -0.167028894659281 -0.0491866230374118 -0.0968624489812726
Maximizing likelihood @ n=512×1886=965632
 SD[log(ℓ)] = 0.736753724827483
 Δlog(ℓ) = 0.00156451902228127
 Δβ/SD[β] = 0.0173647869612857 -0.0172621072551564 -0.0302000286190047 -0.000631596631070742 0.0698015897379095 0.0224479016090869
Maximizing likelihood @ n=1024×1886=1931264
 SD[log(ℓ)] = 0.52750225886112
 Δlog(ℓ) = -0.148206053899912
 Δβ/SD[β] = -0.154419828741079 -0.0692377861983007 -0.113135897113082 0.136297352116033 0.0153899125600584 0.0272156177117198
Maximizing likelihood @ n=2048×1886=3862528
 SD[log(ℓ)] = 0.370741603237379
 Δlog(ℓ) = 0.611965063974822
 Δβ/SD[β] = -5.77266391709729e-06 -0.00165323179602685 -0.00338440677271806 -0.0096102232558621 -0.00138712079298028 -0.000233376327855407
Maximizing likelihood @ n=4096×1886=7725056
 SD[log(ℓ)] = 0.261962062289623
 Δlog(ℓ) = 0.293561121715754
 Δβ/SD[β] = -0.000701277860834293 -0.162480904987432 -0.326070302226063 0.0475485684865819 -0.00307457206920125 -0.0462119668919782
Maximizing likelihood @ n=8192×1886=15450112
 SD[log(ℓ)] = 0.186606929832062
 Δlog(ℓ) = 0.059777673471558
 Δβ/SD[β] = -0.0136168258326123 -0.00384475055099904 -0.0300354113166245 -0.0338596824878412 0.0280474789526961 -0.0208233298579074
Calculating Hessian
Maximizing likelihood @ n=1×1886=1886
 SD[log(ℓ)] = 11.4533721548261
 Δlog(ℓ) = Inf
 Δβ/SD[β] = 0.533002060485564 -3.2598295037705 -1.19780716178644 -48.5760446510551 6.63171818863221 -1.46444830794679
Maximizing likelihood @ n=2×1886=3772
 SD[log(ℓ)] = 9.15430846201975
 Δlog(ℓ) = 36.0453689740572
 Δβ/SD[β] = -0.102181912136557 0.0736670132321034 0.227288132171033 -0.0654980390072171 0.221648367473056 0.679276911737184
Maximizing likelihood @ n=4×1886=7544
 SD[log(ℓ)] = 7.15698466466212
 Δlog(ℓ) = 29.5778336655262
 Δβ/SD[β] = -0.051269854083206 0.0122968422118192 -0.0871654290339152 -0.208522952418017 0.134830443277349 0.0266404141696536
Maximizing likelihood @ n=8×1886=15088
 SD[log(ℓ)] = 5.3876925756658
 Δlog(ℓ) = 16.5388388780702
 Δβ/SD[β] = 0.0348990774611827 0.0823543296359937 -0.207971114882217 -0.115601068906301 0.0760026038401491 0.0142162458353046
Maximizing likelihood @ n=16×1886=30176
 SD[log(ℓ)] = 3.94853382389814
 Δlog(ℓ) = 6.11259579769734
 Δβ/SD[β] = 0.0475695224894278 -0.077023642829503 -0.205592506506553 -0.0441317066751215 0.0401010280333306 0.0931276557516992
Maximizing likelihood @ n=32×1886=60352
 SD[log(ℓ)] = 2.83927693880188
 Δlog(ℓ) = 3.8613856319696
 Δβ/SD[β] = 0.0801194320787588 -0.0374891333936303 -0.408534207133491 -0.0267967682398074 0.0025176917024589 0.064983094435297
Maximizing likelihood @ n=64×1886=120704
 SD[log(ℓ)] = 2.05893811505168
 Δlog(ℓ) = 1.87694910348586
 Δβ/SD[β] = 0.22243367774409 0.137852032644311 -0.0863019017935305 -0.424343252993582 0.076631885364401 0.0715206978839965
Maximizing likelihood @ n=128×1886=241408
 SD[log(ℓ)] = 1.47069602723424
 Δlog(ℓ) = 2.01654797115066
 Δβ/SD[β] = -0.0150548811106478 -0.0151645158449173 -0.0152031336597145 -0.00105421011094075 0.052208811255068 -0.0100164411637876
Maximizing likelihood @ n=256×1886=482816
 SD[log(ℓ)] = 1.04529493268117
 Δlog(ℓ) = -2.09606617371861
 Δβ/SD[β] = -0.0282586995665382 -0.00242045377555697 0.0124724917719162 0.087852641338152 -0.0198419402415357 0.00620443015283338
Maximizing likelihood @ n=512×1886=965632
 SD[log(ℓ)] = 0.740930259130258
 Δlog(ℓ) = 0.992450451213813
 Δβ/SD[β] = -0.0378975261442332 -0.00281678129377079 -0.00726462807113814 -0.146871905913135 0.0156698959175333 0.0138282434374147
Maximizing likelihood @ n=1024×1886=1931264
 SD[log(ℓ)] = 0.52514009500077
 Δlog(ℓ) = 0.344105163647953
 Δβ/SD[β] = -0.00829089295798017 -0.0058767408917725 -0.00374187891761804 -0.0177159620350227 0.00802661179400153 -0.0103341894454417
Maximizing likelihood @ n=2048×1886=3862528
 SD[log(ℓ)] = 0.370931278139715
 Δlog(ℓ) = -0.36050013164089
 Δβ/SD[β] = -0.0044162502731116 -0.000297642909644762 -0.0125984833926266 0.0246110836759104 -0.00156201066658937 0.014716394399422
Maximizing likelihood @ n=4096×1886=7725056
 SD[log(ℓ)] = 0.262745135932576
 Δlog(ℓ) = 0.0281707646398104
 Δβ/SD[β] = 0.0109742942997544 -0.0162976467941417 -0.000562912987176712 -0.00972435924199612 -0.0123455333607226 0.0102145439887718
Maximizing likelihood @ n=8192×1886=15450112
 SD[log(ℓ)] = 0.185964968424337
 Δlog(ℓ) = 0.329057055657927
 Δβ/SD[β] = 0.00404314797196926 -0.0059740620993429 0.00364418871080464 -0.00566849125351113 0.0180396535371906 -0.00453820555964638
Calculating Hessian
Maximizing likelihood @ n=1×1886=1886
 SD[log(ℓ)] = 11.6675251844158
 Δlog(ℓ) = Inf
 Δβ/SD[β] = 2.68111265559591 -1.08762798061781 -2.04324969878611 -44.4713087204883 7.17755729196881 0.60371642613703
Maximizing likelihood @ n=2×1886=3772
 SD[log(ℓ)] = 9.21568154463452
 Δlog(ℓ) = 32.8564885443839
 Δβ/SD[β] = -0.0410854437787645 -1.57855434598759 -0.103135185630684 -2.41025414527582 1.64975629179979 -0.969249849735558
Maximizing likelihood @ n=4×1886=7544
 SD[log(ℓ)] = 7.10368012184363
 Δlog(ℓ) = 24.3069927551242
 Δβ/SD[β] = 0.214123298452934 -0.122673799572726 0.13590053482358 -0.158356616218614 0.110000860313066 -0.0501236973766816
Maximizing likelihood @ n=8×1886=15088
 SD[log(ℓ)] = 5.27748612056497
 Δlog(ℓ) = 12.5160242367763
 Δβ/SD[β] = 0.0111625619597652 -0.0226339576778323 -0.00264124781061323 0.0118282065044517 0.0609124718737908 -0.0335064048220011
Maximizing likelihood @ n=16×1886=30176
 SD[log(ℓ)] = 3.90802931412861
 Δlog(ℓ) = 9.0141388332205
 Δβ/SD[β] = 0.0111824809557949 -0.0306640118100629 0.0391922092946528 -0.0386002228001674 0.0323260411672827 -0.0207072608238608
Maximizing likelihood @ n=32×1886=60352
 SD[log(ℓ)] = 2.85363640090756
 Δlog(ℓ) = 7.00224564475781
 Δβ/SD[β] = 0.0440497881667831 0.0681609297893408 -0.0667342197724341 -0.0912549040715896 0.0247603636871476 -0.131235988359613
Maximizing likelihood @ n=64×1886=120704
 SD[log(ℓ)] = 2.0570925596633
 Δlog(ℓ) = 3.24552942341222
 Δβ/SD[β] = 0.0633520391917447 -0.258325413316629 -0.113557332824995 -0.0319616184018186 -0.0063497513453225 -0.0621987386448302
Maximizing likelihood @ n=128×1886=241408
 SD[log(ℓ)] = 1.4910335624924
 Δlog(ℓ) = 1.51082671370875
 Δβ/SD[β] = 0.0557339458592922 -0.0553447443659933 0.0140447973106939 -0.148325367764268 0.0586056330733772 -0.0130693724653162
Maximizing likelihood @ n=256×1886=482816
 SD[log(ℓ)] = 1.06554959691464
 Δlog(ℓ) = 0.00392573292515408
 Δβ/SD[β] = 0.010177751671573 -0.0455416838257807 0.00908564841411997 0.0106562402855344 0.00629858514801833 -0.00471190716348099
Maximizing likelihood @ n=512×1886=965632
 SD[log(ℓ)] = 0.75285665863719
 Δlog(ℓ) = 0.597813068259086
 Δβ/SD[β] = 0.016847786600794 0.00318548884083432 0.0151805218129368 -0.0560280268884584 -0.0151159970945452 0.0139981211512877
Maximizing likelihood @ n=1024×1886=1931264
 SD[log(ℓ)] = 0.534366418416351
 Δlog(ℓ) = -0.298165202266944
 Δβ/SD[β] = 0.0133641805769519 -0.0127825955124158 0.00575674503169456 -0.0391216757210492 0.00958485245569252 -0.000159058046598103
Maximizing likelihood @ n=2048×1886=3862528
 SD[log(ℓ)] = 0.376135383722313
 Δlog(ℓ) = -0.0323322420975956
 Δβ/SD[β] = -0.0152605023733364 -0.0217056172814023 0.0196198536595366 0.0519309350061242 -0.0100306773060341 0.00341682379598388
Maximizing likelihood @ n=4096×1886=7725056
 SD[log(ℓ)] = 0.264494989933986
 Δlog(ℓ) = -0.210564215438353
 Δβ/SD[β] = -0.00938685223240757 -0.0259565701552883 0.0171808483007722 -0.0251810684146797 -0.00545046645196545 -0.0164131301108701
Maximizing likelihood @ n=8192×1886=15450112
 SD[log(ℓ)] = 0.186086000644291
 Δlog(ℓ) = -0.138378581938071
 Δβ/SD[β] = -0.000803813186059944 -0.0147169516030982 0.00405247517721295 0.0373460386401325 -0.00530566925924322 -0.00775326223847229
Calculating Hessian
Maximizing likelihood @ n=1×1886=1886
 SD[log(ℓ)] = 12.088155001748
 Δlog(ℓ) = Inf
 Δβ/SD[β] = -2.37957267258695 -0.0242292718520606 -0.0106605891317728 -1.1497012690982 0.917569977895556 0.0409417113843524
Maximizing likelihood @ n=2×1886=3772
 SD[log(ℓ)] = 10.2847840976998
 Δlog(ℓ) = 57.7469816166731
 Δβ/SD[β] = -1.6848536919516 0.0407401011094541 2.14946643259104 0.367426424692798 0.129167483313239 -2.42064605043387
Maximizing likelihood @ n=4×1886=7544
 SD[log(ℓ)] = 7.93052686423593
 Δlog(ℓ) = 29.3603817399351
 Δβ/SD[β] = -0.114947470813219 -0.0460648341110358 0.584112397857495 -0.183789643208115 0.109132137618204 -0.562374803793829
Maximizing likelihood @ n=8×1886=15088
 SD[log(ℓ)] = 5.90384840263695
 Δlog(ℓ) = 17.9369661252887
 Δβ/SD[β] = -0.0940172405170827 -0.0235849372978376 -0.111004303279838 -0.0677944811700293 0.0491032276671474 -0.0116003850575978
Maximizing likelihood @ n=16×1886=30176
 SD[log(ℓ)] = 4.34691738623236
 Δlog(ℓ) = 9.35364227411566
 Δβ/SD[β] = 0.000951802796245722 -0.79576808913133 0.316995389587852 -0.321439894936181 0.035604906947897 -0.00168853623534784
Maximizing likelihood @ n=32×1886=60352
 SD[log(ℓ)] = 3.11376162217101
 Δlog(ℓ) = 4.20837230411928
 Δβ/SD[β] = -0.010238104600903 0.0802558895207441 0.465937533455402 -0.014975038441369 0.00947070251040283 0.113336960545142
Maximizing likelihood @ n=64×1886=120704
 SD[log(ℓ)] = 2.22568057666406
 Δlog(ℓ) = 4.00554918428611
 Δβ/SD[β] = -0.0501925023743487 -0.0584180093673303 0.936786622779048 0.125794843996122 0.0104764134779979 -0.263714985629593
Maximizing likelihood @ n=128×1886=241408
 SD[log(ℓ)] = 1.58323045230374
 Δlog(ℓ) = -0.978465590056828
 Δβ/SD[β] = 0.00949838408733509 -0.223262539301802 0.830738993737473 -0.0904195170208741 -0.0153189692994219 0.17093643485723
Maximizing likelihood @ n=256×1886=482816
 SD[log(ℓ)] = 1.1343781067623
 Δlog(ℓ) = 4.22784327798576
 Δβ/SD[β] = -0.492898809733354 0.49222012292581 1.16352305920508 0.180604978172974 0.109143712818373 -0.545686759233298
Maximizing likelihood @ n=512×1886=965632
 SD[log(ℓ)] = 0.805562722136498
 Δlog(ℓ) = 1.07876561548483
 Δβ/SD[β] = -0.0491663226185038 -0.0335668770287694 0.0418569596718007 0.00074806808692332 0.0211278395450557 -0.0305567225640689
Maximizing likelihood @ n=1024×1886=1931264
 SD[log(ℓ)] = 0.570240375256173
 Δlog(ℓ) = 1.28807265573653
 Δβ/SD[β] = 0.00468255494567941 -0.0256037750807807 -0.00261232681497411 0.0211009013958809 0.0298422363165551 0.0308876315880545
Maximizing likelihood @ n=2048×1886=3862528
 SD[log(ℓ)] = 0.404455965133491
 Δlog(ℓ) = 0.685154832358819
 Δβ/SD[β] = -0.0220234150249421 -0.0588166197533978 0.0893320381224954 -0.0033736950805367 0.0364056683800673 0.0405130182476736
Maximizing likelihood @ n=4096×1886=7725056
 SD[log(ℓ)] = 0.285680479863758
 Δlog(ℓ) = 0.0437372064193937
 Δβ/SD[β] = -0.0339761259628744 -0.0576762810944291 0.0488298399800493 0.0171224920008243 -0.0584876733217215 -0.0161844543217198
Maximizing likelihood @ n=8192×1886=15450112
 SD[log(ℓ)] = 0.202287868294582
 Δlog(ℓ) = 0.433307842956538
 Δβ/SD[β] = 0.00101170264023477 -0.0185077479133442 0.0208357547594414 -0.00750311669538806 0.0341151089681426 0.00776244746626677
Calculating Hessian
Starting buffer 1500 
Maximizing likelihood @ n=1×1886=1886
 SD[log(ℓ)] = 11.6596003295059
 Δlog(ℓ) = Inf
 Δβ/SD[β] = 4.69859894234376 -2.38921547996858 -0.797048991573778 -48.3496713496056 7.24669473634193 -0.786371401844129
Maximizing likelihood @ n=2×1886=3772
 SD[log(ℓ)] = 9.33466087465095
 Δlog(ℓ) = 37.5858328722378
 Δβ/SD[β] = -0.701809720121447 0.268506113514912 -0.574539223131077 -0.157732610952985 0.211872208468445 0.832066026421727
Maximizing likelihood @ n=4×1886=7544
 SD[log(ℓ)] = 7.08420064594624
 Δlog(ℓ) = 20.4917264070176
 Δβ/SD[β] = 0.326794811313442 -0.348816977345429 -0.159074397634389 -0.10510597636552 0.0986012650809997 0.0491783264754489
Maximizing likelihood @ n=8×1886=15088
 SD[log(ℓ)] = 5.27093152100649
 Δlog(ℓ) = 16.3571525751007
 Δβ/SD[β] = 0.0466933927582998 0.0795654135937501 -0.0286967433591965 -0.165408483705342 0.0591797413404417 -0.0466968597962014
Maximizing likelihood @ n=16×1886=30176
 SD[log(ℓ)] = 3.89582350273839
 Δlog(ℓ) = 7.74229365552065
 Δβ/SD[β] = -0.0144225072581534 -0.0973086989263403 0.069670683237509 -0.118847568573174 0.0232920540450468 0.028171460890711
Maximizing likelihood @ n=32×1886=60352
 SD[log(ℓ)] = 2.82700711208774
 Δlog(ℓ) = 4.1400009335452
 Δβ/SD[β] = -0.0425427563953036 -0.158686000444547 -0.0328552256628665 -0.0482457723596616 0.00992457324298231 0.00793719267234299
Maximizing likelihood @ n=64×1886=120704
 SD[log(ℓ)] = 2.07088790631716
 Δlog(ℓ) = 1.79414750183656
 Δβ/SD[β] = 0.00103450682876879 -0.0197602553576156 -0.00147743861735544 0.0028779332695111 0.0134069473550977 -0.015413840453779
Maximizing likelihood @ n=128×1886=241408
 SD[log(ℓ)] = 1.50631470123618
 Δlog(ℓ) = 0.601884005383852
 Δβ/SD[β] = -0.0105153776059774 -0.0496624970612102 -0.0373272144065418 0.0631996056153394 -0.0314741015725686 0.0136356711348826
Maximizing likelihood @ n=256×1886=482816
 SD[log(ℓ)] = 1.05682811082089
 Δlog(ℓ) = 0.300019406793069
 Δβ/SD[β] = 0.00657009478415813 0.0366837854254598 -0.0243428336353571 -0.17573480125369 0.0127094719271461 0.0244426255569284
Maximizing likelihood @ n=512×1886=965632
 SD[log(ℓ)] = 0.747628824645574
 Δlog(ℓ) = 1.07655628942626
 Δβ/SD[β] = 0.0571175488507583 -0.0383211924284122 -0.0641066944834356 -0.113853229151449 0.000125504932057023 -0.0232489666522462
Maximizing likelihood @ n=1024×1886=1931264
 SD[log(ℓ)] = 0.527265958560134
 Δlog(ℓ) = 0.241272304769382
 Δβ/SD[β] = -0.00438151344859644 -0.0120276166328986 0.01013975496444 -0.0173596901951924 0.0407416433875737 -0.00740184165778435
Maximizing likelihood @ n=2048×1886=3862528
 SD[log(ℓ)] = 0.370556258244586
 Δlog(ℓ) = 0.0747688660583776
 Δβ/SD[β] = 0.0257984089010677 -0.0881511620234599 -0.0480968063183311 0.045593364991095 -0.0172757064795568 0.0209300363436317
Maximizing likelihood @ n=4096×1886=7725056
 SD[log(ℓ)] = 0.264901405350252
 Δlog(ℓ) = -0.1247519053872
 Δβ/SD[β] = -0.0792663876399505 -0.0825821872914245 -0.0732271804054645 -0.0591893267258205 0.0298046579879803 -0.0616480498289944
Maximizing likelihood @ n=8192×1886=15450112
 SD[log(ℓ)] = 0.186725294866708
 Δlog(ℓ) = -0.0423558095610588
 Δβ/SD[β] = 0.00518673613451798 -0.00235440809427244 -0.00869245719975114 0.0324049776829652 -0.0257610138423633 -0.00971331517409959
Calculating Hessian
Maximizing likelihood @ n=1×1886=1886
 SD[log(ℓ)] = 11.0527113692139
 Δlog(ℓ) = Inf
 Δβ/SD[β] = 0.35515213007278 -0.0489442150575401 -0.0448326730755958 -1.20928430887217 0.546329206540165 0.0285932752724326
Maximizing likelihood @ n=2×1886=3772
 SD[log(ℓ)] = 9.37550486846613
 Δlog(ℓ) = 43.2537077324388
 Δβ/SD[β] = -0.231344424063911 -0.267395515362205 -0.413165489425514 -0.140093460563443 0.405618196614374 0.00189543942739551
Maximizing likelihood @ n=4×1886=7544
 SD[log(ℓ)] = 7.01835984345809
 Δlog(ℓ) = 11.7043696299226
 Δβ/SD[β] = -0.290560564089212 -0.111613270795618 -0.22754253992325 -0.156098000354497 0.0849026490125214 -0.149884409491846
Maximizing likelihood @ n=8×1886=15088
 SD[log(ℓ)] = 5.27039235607553
 Δlog(ℓ) = 14.6713660631972
 Δβ/SD[β] = 0.00773333755224256 -0.0153206881740529 -0.0469630774360767 -0.0772001920248424 0.0742174483751954 -0.0723037270968945
Maximizing likelihood @ n=16×1886=30176
 SD[log(ℓ)] = 3.88889825459882
 Δlog(ℓ) = 11.1272956827945
 Δβ/SD[β] = 0.0311075181431233 -0.00861656393439596 -0.0878671180459401 -0.0738711194995952 0.0490153070325687 0.0246554006736483
Maximizing likelihood @ n=32×1886=60352
 SD[log(ℓ)] = 2.84462968233351
 Δlog(ℓ) = 5.24026634223026
 Δβ/SD[β] = -0.110713940575127 -0.102566548773601 -0.102891067872679 -0.0349902008105683 0.0925259837786073 -0.0284213240678942
Maximizing likelihood @ n=64×1886=120704
 SD[log(ℓ)] = 2.0818212532284
 Δlog(ℓ) = 2.41416088764691
 Δβ/SD[β] = -0.0411350437472978 0.0407876110079312 -0.0859121046621491 -0.0466651636895077 0.0153161431516905 0.0129357457650816
Maximizing likelihood @ n=128×1886=241408
 SD[log(ℓ)] = 1.46528047026138
 Δlog(ℓ) = 1.21011911014051
 Δβ/SD[β] = -0.0017587176516598 0.0197475706382233 -0.0773842842547892 -0.0714719125802104 0.0346828015312663 -0.101390986615187
Maximizing likelihood @ n=256×1886=482816
 SD[log(ℓ)] = 1.03491103026095
 Δlog(ℓ) = 0.780756614809945
 Δβ/SD[β] = 0.0233472944964118 0.0234031705493285 0.000735815340509932 -0.219903146110081 -0.0613148502444406 -0.0832953764544242
Maximizing likelihood @ n=512×1886=965632
 SD[log(ℓ)] = 0.738849769525117
 Δlog(ℓ) = 0.353147754031795
 Δβ/SD[β] = -0.0246102089396123 0.0357784277977278 -0.0369451166906691 0.00669757319585791 0.0108307537223214 -0.16428318818266
Maximizing likelihood @ n=1024×1886=1931264
 SD[log(ℓ)] = 0.546458966305246
 Δlog(ℓ) = 0.304747263333127
 Δβ/SD[β] = 0 0 0 0 0 0
Maximizing likelihood @ n=2048×1886=3862528
 SD[log(ℓ)] = 0.381860135558277
 Δlog(ℓ) = 0.651353155071092
 Δβ/SD[β] = 0.0102894057968845 -0.0131940083293577 -0.0136181041529193 -0.0474866127303057 -0.00928808181016808 0.00364315971684144
Maximizing likelihood @ n=4096×1886=7725056
 SD[log(ℓ)] = 0.267962901764762
 Δlog(ℓ) = -0.102918768481743
 Δβ/SD[β] = 0.0257328088627114 -0.0132249923842457 -0.017930593818932 -0.0321387585169316 -0.0185392467681216 -0.0206856254735697
Maximizing likelihood @ n=8192×1886=15450112
 SD[log(ℓ)] = 0.190707914512902
 Δlog(ℓ) = 0.362639917248146
 Δβ/SD[β] = -0.0117326052784128 -0.0415689831726826 -0.107198955809281 -0.0591956765683521 0.0215527331724817 -0.0673565517620744
Calculating Hessian
Maximizing likelihood @ n=1×1886=1886
 SD[log(ℓ)] = 11.894990956763
 Δlog(ℓ) = Inf
 Δβ/SD[β] = -2.72730530494974 -2.21774629346528 -2.00116942835529 -41.2564434011623 5.80693432075035 0.566321610682635
Maximizing likelihood @ n=2×1886=3772
 SD[log(ℓ)] = 9.26611818300005
 Δlog(ℓ) = 24.6319650570683
 Δβ/SD[β] = -0.00353400299090382 0.229488149405872 0.0491660481052513 0.0219493132483528 0.202277121262224 -0.161245761648499
Maximizing likelihood @ n=4×1886=7544
 SD[log(ℓ)] = 7.14149715062078
 Δlog(ℓ) = 23.4719171638792
 Δβ/SD[β] = 0.128833236200924 0.013358736252524 -0.139987068103869 -0.16092983389708 0.0945230544877999 -0.04267035072887
Maximizing likelihood @ n=8×1886=15088
 SD[log(ℓ)] = 5.34939652075061
 Δlog(ℓ) = 18.2209830977555
 Δβ/SD[β] = 0.00217283004140349 -0.0254951973702302 -0.0080112456465735 -0.0396623298377126 0.0450794205270425 0.0163813176486404
Maximizing likelihood @ n=16×1886=30176
 SD[log(ℓ)] = 3.90374614705033
 Δlog(ℓ) = 7.44866706493741
 Δβ/SD[β] = -0.0674522325735917 -0.222031792947068 -0.119477679604955 -0.0430324993963927 0.0304145520453259 0.0541361863093151
Maximizing likelihood @ n=32×1886=60352
 SD[log(ℓ)] = 2.83957744981989
 Δlog(ℓ) = 4.48551054448558
 Δβ/SD[β] = 3.68164421428748e-07 -0.0290380838194002 0.00827755085333456 -0.0851702485607375 0.0164910963900434 -0.00847977173880418
Maximizing likelihood @ n=64×1886=120704
 SD[log(ℓ)] = 2.1204893760517
 Δlog(ℓ) = 0.989690476738133
 Δβ/SD[β] = 0.092124886359605 -0.331658062230326 0.126394094448076 0.0346971944176773 0.000787676432059592 -0.0422321215862166
Maximizing likelihood @ n=128×1886=241408
 SD[log(ℓ)] = 1.48829117682005
 Δlog(ℓ) = 0.916568478098043
 Δβ/SD[β] = -0.0130937862051734 -0.161103250221685 0.146495022554369 -0.0114285578105211 -0.0317355901795198 -0.195587188678579
Maximizing likelihood @ n=256×1886=482816
 SD[log(ℓ)] = 1.05597403019405
 Δlog(ℓ) = 0.4152030022492
 Δβ/SD[β] = -0.00137632427842067 -0.00404662890154961 -0.0406075225709426 -0.0442405140073643 0.0287214451684133 -0.0920880836384667
Maximizing likelihood @ n=512×1886=965632
 SD[log(ℓ)] = 0.749260800488706
 Δlog(ℓ) = 0.878493651213375
 Δβ/SD[β] = 0.0840195447379705 -0.0255177427705001 -0.079604881904169 -0.0228271737238008 -0.00457968067238931 -0.314275426893597
Maximizing likelihood @ n=1024×1886=1931264
 SD[log(ℓ)] = 0.526245286104806
 Δlog(ℓ) = -1.38075625020741
 Δβ/SD[β] = 0.0512386753792869 -0.0367899014476548 0.0371054405045392 0.0575842534453262 0.0237442788797427 -0.00738340042221707
Maximizing likelihood @ n=2048×1886=3862528
 SD[log(ℓ)] = 0.387698983709369
 Δlog(ℓ) = 0.0622997392232492
 Δβ/SD[β] = -0.0199210954944176 0.0249552474585076 0.0104280075590559 0.0837136632033149 -0.00597046299069391 -0.0361683418045371
Maximizing likelihood @ n=4096×1886=7725056
 SD[log(ℓ)] = 0.268836447915314
 Δlog(ℓ) = 0.325504176576146
 Δβ/SD[β] = 0.00524476283824863 -0.00480573728946277 -0.005255724566408 -0.038771018392106 0.00397404656338714 -0.00634803169611161
Maximizing likelihood @ n=8192×1886=15450112
 SD[log(ℓ)] = 0.187962250722828
 Δlog(ℓ) = 0.0328618956507967
 Δβ/SD[β] = 0.00344657864339514 -0.0205818395474282 -0.00741763787376185 -0.0258765878400543 -0.0155667339827821 -0.0050363485780501
Calculating Hessian
Maximizing likelihood @ n=1×1886=1886
 SD[log(ℓ)] = 11.3185012674589
 Δlog(ℓ) = Inf
 Δβ/SD[β] = 0.145776946418295 -0.0648881132761303 -0.0553888103064158 -1.23990661321763 0.736490142412591 -0.03187877422585
Maximizing likelihood @ n=2×1886=3772
 SD[log(ℓ)] = 9.33361857473
 Δlog(ℓ) = 38.458881055025
 Δβ/SD[β] = -0.386440504217757 0.035389035082973 -0.634007615555848 -0.983581138154534 2.77810115962111 0.30051270700897
Maximizing likelihood @ n=4×1886=7544
 SD[log(ℓ)] = 7.17628989328235
 Δlog(ℓ) = 25.2866842603316
 Δβ/SD[β] = 0.00658616460191559 0.0817847828949761 0.263401791897487 -0.0439285074498743 0.133724235606074 0.00608608642843436
Maximizing likelihood @ n=8×1886=15088
 SD[log(ℓ)] = 5.42186588731171
 Δlog(ℓ) = 19.9256759684666
 Δβ/SD[β] = -0.0424550186593429 -0.0425160382384845 -0.20052684080862 -0.133858934871675 0.0547680771869761 -0.071148152381487
Maximizing likelihood @ n=16×1886=30176
 SD[log(ℓ)] = 3.93850285696191
 Δlog(ℓ) = 1.70502388700828
 Δβ/SD[β] = 0.0412228365769285 0.0261209147935336 0.0365084333668139 -0.0777729295032071 0.00141399815343605 0.0285333160115847
Maximizing likelihood @ n=32×1886=60352
 SD[log(ℓ)] = 2.84552487065175
 Δlog(ℓ) = 2.82624746279947
 Δβ/SD[β] = 0.0313234360805633 -0.0475973918109351 -0.228938917386198 0.00772048511440218 0.015947670721683 -0.0550601222515796
Maximizing likelihood @ n=64×1886=120704
 SD[log(ℓ)] = 2.08086939622609
 Δlog(ℓ) = 0.460010206104926
 Δβ/SD[β] = 0.0025812029202796 0.0997608256918897 -0.38779557467952 -3.09105547034072e-05 0.0121716537297711 0.0291997558489692
Maximizing likelihood @ n=128×1886=241408
 SD[log(ℓ)] = 1.47048181942904
 Δlog(ℓ) = 2.12132096227703
 Δβ/SD[β] = 0.0323777458521507 -0.0522574312491378 0.00795051065890443 -0.0549118363865118 0.0604804341928529 -0.0207197261867442
Maximizing likelihood @ n=256×1886=482816
 SD[log(ℓ)] = 1.05071958387892
 Δlog(ℓ) = 1.35713950021153
 Δβ/SD[β] = -0.0526793679629835 -0.308705652519196 -0.174827575251358 -0.100160386120518 -0.00444142620552939 0.119835396460019
Maximizing likelihood @ n=512×1886=965632
 SD[log(ℓ)] = 0.741181583992596
 Δlog(ℓ) = 0.275249524980268
 Δβ/SD[β] = -0.0102705957924364 -0.0042168588949806 -0.020316454889337 -0.0422781177959976 -0.0558543822854329 0.00759449264365193
Maximizing likelihood @ n=1024×1886=1931264
 SD[log(ℓ)] = 0.522897020346854
 Δlog(ℓ) = -0.00346656681102786
 Δβ/SD[β] = -0.00861874465109759 -0.01479815989934 -0.00962180814348565 0.0410880979341015 0.0144616983817107 0.0327949285690977
Maximizing likelihood @ n=2048×1886=3862528
 SD[log(ℓ)] = 0.372086992340315
 Δlog(ℓ) = -0.00722672919806655
 Δβ/SD[β] = 0.0174330319750371 -0.0822697350709934 -0.0366506230067439 -0.00663639588299204 -0.0481413032468417 0.0630953667263017
Maximizing likelihood @ n=4096×1886=7725056
 SD[log(ℓ)] = 0.263983351017381
 Δlog(ℓ) = -0.0155795665224332
 Δβ/SD[β] = -0.0213750987474516 0.00546930993265344 -0.0122006867839184 0.0229461428343997 0.0457462704986542 0.0044028387174887
Maximizing likelihood @ n=8192×1886=15450112
 SD[log(ℓ)] = 0.186225905752997
 Δlog(ℓ) = -0.274066991681025
 Δβ/SD[β] = 0.0279387530835439 -0.0560089905519919 -0.0600670884489685 0.0399384345727976 -0.0382662342369476 0.0468177050855414
Calculating Hessian
There were 13 warnings (use warnings() to see them)
Script complete
Fri Nov 15 21:55:42 MST 2024
