Fri Nov 15 15:54:54 MST 2024
Initiating script
── Attaching core tidyverse packages ──────────────────────── tidyverse 2.0.0 ──
✔ dplyr     1.1.4     ✔ readr     2.1.5
✔ forcats   1.0.0     ✔ stringr   1.5.1
✔ ggplot2   3.5.1     ✔ tibble    3.2.1
✔ lubridate 1.9.3     ✔ tidyr     1.3.1
✔ purrr     1.0.2     
── Conflicts ────────────────────────────────────────── tidyverse_conflicts() ──
✖ ggplot2::annotate() masks ctmm::annotate()
✖ dplyr::filter()     masks stats::filter()
✖ dplyr::lag()        masks stats::lag()
ℹ Use the conflicted package (<http://conflicted.r-lib.org/>) to force all conflicts to become errors
Linking to GEOS 3.9.5, GDAL 3.8.5, PROJ 9.4.0; sf_use_s2() is TRUE
Loading required package: sp

Attaching package: ‘raster’

The following object is masked from ‘package:dplyr’:

    select

The following objects are masked from ‘package:ctmm’:

    projection, projection<-

terra 1.7.78

Attaching package: ‘terra’

The following object is masked from ‘package:tidyr’:

    extract

The following objects are masked from ‘package:ctmm’:

    distance, meta

[1] "/home/u15/mmercer3/proj/habitat_analysis_class/Final/Model_Fit_Results/Ben_rr.Rda"
     [,1]                                
[1,] "Data loaded at 2024-11-15 15:55:06"
Reading layer `major' from data source 
  `/home/u15/mmercer3/proj/habitat_analysis_class/Final/Major_Roads' 
  using driver `ESRI Shapefile'
Simple feature collection with 411 features and 7 fields
Geometry type: LINESTRING
Dimension:     XY
Bounding box:  xmin: 477946 ymin: 3545735 xmax: 511807.9 ymax: 3592212
Projected CRS: WGS 84 / UTM zone 12N
     [,1]                                 
[1,] "Roads loaded at 2024-11-15 15:55:06"
|---------|---------|---------|---------|=========================================                                          [1] 1681968
[1] 1681968
Starting buffer 30 
Maximizing likelihood @ n=1×951=951
 SD[log(ℓ)] = 3.76170703338838
 Δlog(ℓ) = Inf
 Δβ/SD[β] = 2.35943799662125 0.0580081278373033 0.00789415707665077 -0.61492666835082 -1.07504085967044 0.180134809128547
Maximizing likelihood @ n=2×951=1902
 SD[log(ℓ)] = 3.28921680574099
 Δlog(ℓ) = 5.56146172377656
 Δβ/SD[β] = 1.65622961541531 0.156483092085341 -0.497802994414743 0.282683585871407 -1.37682662112515 0.365377429833382
Maximizing likelihood @ n=4×951=3804
 SD[log(ℓ)] = 2.7038812979074
 Δlog(ℓ) = 5.49735249958171
 Δβ/SD[β] = 0.670741889564214 -0.241765062063111 -0.0702856343199655 0.579622599830645 -0.794389020942591 0.0554604908294137
Maximizing likelihood @ n=8×951=7608
 SD[log(ℓ)] = 2.00488046007972
 Δlog(ℓ) = 1.53899509255423
 Δβ/SD[β] = -0.0778386188339343 0.0875275157937626 0.202337508801216 0.394583364410884 -0.161015890282286 0.272923235525716
Maximizing likelihood @ n=16×951=15216
 SD[log(ℓ)] = 1.41406550340518
 Δlog(ℓ) = -1.14291279091278
 Δβ/SD[β] = 0.153469916954348 -0.101680237906836 0.0728499393991336 -0.084134820210896 -0.0583852112482233 0.0647183926303269
Maximizing likelihood @ n=32×951=30432
 SD[log(ℓ)] = 1.0256307168551
 Δlog(ℓ) = 0.98194880222384
 Δβ/SD[β] = 0.153259310165267 0.00256066343477615 0.0497834102207405 0.0890602025316537 -0.042025611419231 0.150249237607773
Maximizing likelihood @ n=64×951=60864
 SD[log(ℓ)] = 0.745114171291824
 Δlog(ℓ) = 0.848949835578658
 Δβ/SD[β] = 0.0778113174078324 -0.098362209474468 0.0257049954726892 0.0525197639672311 -0.0226544646457961 0.067540463062939
Maximizing likelihood @ n=128×951=121728
 SD[log(ℓ)] = 0.529365933077833
 Δlog(ℓ) = -0.00893589697970043
 Δβ/SD[β] = 0.0977511269213629 -0.147131784589096 0.0826493901810282 -0.0461709576487072 0.0865199563324287 0.0381102550543926
Maximizing likelihood @ n=256×951=243456
 SD[log(ℓ)] = 0.376066350827696
 Δlog(ℓ) = 0.374275719496744
 Δβ/SD[β] = 0.0431501843717017 -0.081924652132116 0.0785767359083848 0.0521299240148585 -0.0797133473308629 -0.0403830512734375
Maximizing likelihood @ n=512×951=486912
 SD[log(ℓ)] = 0.269118584392241
 Δlog(ℓ) = 0.953522930020803
 Δβ/SD[β] = 0.0683550614959724 -0.104342594911717 0.129543669965182 0.0434014211153411 -0.0429382103219494 0.0548182958660725
Maximizing likelihood @ n=1024×951=973824
 SD[log(ℓ)] = 0.190963422310507
 Δlog(ℓ) = 0.230774052355784
 Δβ/SD[β] = 0.0360165024672479 -0.0383140426091002 0.0643680154920799 -0.0287752577679754 -0.0658629338040943 -0.0806317697664137
Maximizing likelihood @ n=2048×951=1947648
 SD[log(ℓ)] = 0.13629307337201
 Δlog(ℓ) = -0.127859519139456
 Δβ/SD[β] = -0.00363390756717168 -0.00861678808971526 0.0374555075135778 -0.00783445453151894 -0.0254776528605593 0.0479629611683227
Maximizing likelihood @ n=4096×951=3895296
 SD[log(ℓ)] = 0.0955880902792274
 Δlog(ℓ) = 0.0327729104624908
 Δβ/SD[β] = -0.00829038957031966 -0.120407251222865 0.143878390657237 0.0422777260314038 0.0728998312443219 0.0427947103686062
Maximizing likelihood @ n=8192×951=7790592
 SD[log(ℓ)] = 0.067636777758867
 Δlog(ℓ) = -0.00623947392407587
 Δβ/SD[β] = 0.0189866079303113 -0.020441191817852 0.052418335721986 -0.0132154813242719 -0.0643844432637159 -0.0531818455728691
Maximizing likelihood @ n=16384×951=15581184
 SD[log(ℓ)] = 0.0484865091342018
 Δlog(ℓ) = 0.689295821868804
 Δβ/SD[β] = 0.0919157407135293 0.275003880609836 3.08504052786478 0.00358058903579068 -0.0868957414808855 -0.0355998743346709
Calculating Hessian
Maximizing likelihood @ n=1×951=951
 SD[log(ℓ)] = 4.08674459363202
 Δlog(ℓ) = Inf
 Δβ/SD[β] = -0.971013697851853 -0.0194888220009566 0.0742616483518585 -0.547638101639875 -1.06816201577901 0.164883583363575
Maximizing likelihood @ n=2×951=1902
 SD[log(ℓ)] = 3.39021662550615
 Δlog(ℓ) = 5.33988579218389
 Δβ/SD[β] = -4.60485494952809 1.96340988579065 -0.0836258873001861 0.128819067090996 -0.712680727959609 0.0864242137187569
Maximizing likelihood @ n=4×951=3804
 SD[log(ℓ)] = 2.52372534493135
 Δlog(ℓ) = -0.255382490424413
 Δβ/SD[β] = -0.345335380242297 0.0506134519756389 -0.548835794218297 -0.0516859895962686 -1.18398287049228 0.134295704161959
Maximizing likelihood @ n=8×951=7608
 SD[log(ℓ)] = 2.03831518056487
 Δlog(ℓ) = 5.79602497654244
 Δβ/SD[β] = -0.436008867836738 0.147122817077908 0.180352845814948 0.349457386525206 -0.858951394131931 0.44334738817873
Maximizing likelihood @ n=16×951=15216
 SD[log(ℓ)] = 1.4285481345324
 Δlog(ℓ) = -2.00445396925084
 Δβ/SD[β] = 0.141314696078527 -0.0060070584835623 0.0511620359333007 -0.132154189679037 -0.0300133176846573 0.104794849101793
Maximizing likelihood @ n=32×951=30432
 SD[log(ℓ)] = 1.03260803351885
 Δlog(ℓ) = 1.05590301676766
 Δβ/SD[β] = -0.13822472553239 -0.0393235084639203 0.0740120643861142 0.0711299203758183 0.175297701477097 0.190313355771915
Maximizing likelihood @ n=64×951=60864
 SD[log(ℓ)] = 0.730583660046465
 Δlog(ℓ) = 0.542244311060401
 Δβ/SD[β] = -0.067769592192643 0.0125500445789677 -0.00802164561153384 0.0553152434501257 0.00309912343274487 0.0439751094147551
Maximizing likelihood @ n=128×951=121728
 SD[log(ℓ)] = 0.521851823969164
 Δlog(ℓ) = 0.262346024125293
 Δβ/SD[β] = 0.00031837634797088 -0.00549416578767438 0.0168766738708462 -0.0360144830650237 0.00667497340361153 0.0756050917154646
Maximizing likelihood @ n=256×951=243456
 SD[log(ℓ)] = 0.375490744802752
 Δlog(ℓ) = 0.59034483635844
 Δβ/SD[β] = -0.0416210377769216 0.0229028372487402 -0.00690634548119829 0.0426824684102082 0.025684252385339 0.0931363177099349
Maximizing likelihood @ n=512×951=486912
 SD[log(ℓ)] = 0.265143652052298
 Δlog(ℓ) = -0.0547635650527525
 Δβ/SD[β] = -0.0319013265806413 0.0152830180104974 0.00333132951696032 0.00180364837735391 0.057174237058155 -0.00440474914148472
Maximizing likelihood @ n=1024×951=973824
 SD[log(ℓ)] = 0.187611763559844
 Δlog(ℓ) = 0.0990020119452666
 Δβ/SD[β] = -0.0233002649445761 0.00486191129234298 -0.00443989958174977 0.0243494068142796 0.00347691915420248 -0.026317593764676
Maximizing likelihood @ n=2048×951=1947648
 SD[log(ℓ)] = 0.13288115022966
 Δlog(ℓ) = 0.221759593784761
 Δβ/SD[β] = -0.0255109616607552 0.00613480558463758 -0.0140794571012038 -0.0291518815760063 -0.0140120605065436 0.0132452190470558
Maximizing likelihood @ n=4096×951=3895296
 SD[log(ℓ)] = 0.0947883782925838
 Δlog(ℓ) = 0.03025445223372
 Δβ/SD[β] = -0.00726953432086169 0.00424563111011533 -0.00708795396368977 0.0256002245996491 -0.0136873924286359 -0.0193830493389037
Maximizing likelihood @ n=8192×951=7790592
 SD[log(ℓ)] = 0.0667482216847213
 Δlog(ℓ) = 0.0418305465355218
 Δβ/SD[β] = 0.00422243553362237 0.0144909784777541 0.0127018124114997 -0.0138164037545153 -0.0114383954713315 0.0159930147823667
Maximizing likelihood @ n=16384×951=15581184
 SD[log(ℓ)] = 0.0473219583492717
 Δlog(ℓ) = 0.0618008527237421
 Δβ/SD[β] = -0.0438832469615796 0.106045833153557 -0.0120639126775631 0.0239409585482815 -0.0360969492617503 -0.0103034626470296
Calculating Hessian
Maximizing likelihood @ n=1×951=951
 SD[log(ℓ)] = 3.41248788931998
 Δlog(ℓ) = Inf
 Δβ/SD[β] = -2.4625150757929 0.00965375310244269 0.0130091061200593 -0.609619803068419 -1.11683281959726 0.144192124953226
Maximizing likelihood @ n=2×951=1902
 SD[log(ℓ)] = 3.00848985534882
 Δlog(ℓ) = 7.17918958307329
 Δβ/SD[β] = -1.71792497208614 0.36361302132074 0.651445407354571 0.131621726817374 -0.326050202948842 0.166308660860976
Maximizing likelihood @ n=4×951=3804
 SD[log(ℓ)] = 2.46122535843116
 Δlog(ℓ) = 3.69692965558865
 Δβ/SD[β] = -0.368508833428697 -0.553118456213694 0.688706715189131 0.362843287843123 -0.649384476320951 0.451162793714197
Maximizing likelihood @ n=8×951=7608
 SD[log(ℓ)] = 1.82866083663705
 Δlog(ℓ) = -0.128059253275907
 Δβ/SD[β] = 0.351487681113957 -0.369242846057848 -0.0126039172034641 0.179537319997284 1.14764982628517 0.408688461253722
Maximizing likelihood @ n=16×951=15216
 SD[log(ℓ)] = 1.34561107593423
 Δlog(ℓ) = 0.945420412990099
 Δβ/SD[β] = -0.0943449933546073 0.0688587713389575 -0.144372839758589 0.00314403118158341 -0.461845503617929 0.144515426388947
Maximizing likelihood @ n=32×951=30432
 SD[log(ℓ)] = 0.97676059959003
 Δlog(ℓ) = 1.12345553869064
 Δβ/SD[β] = -0.0153047806927369 0.0520113980096249 0.0601888585608949 0.0962491029712974 -0.22639127736393 0.178701478601139
Maximizing likelihood @ n=64×951=60864
 SD[log(ℓ)] = 0.70238527386478
 Δlog(ℓ) = 1.22541346646847
 Δβ/SD[β] = -0.14286438413176 0.0503009844709351 -0.0776776455231537 0.0354171077753606 -0.102858448407402 0.120573528649447
Maximizing likelihood @ n=128×951=121728
 SD[log(ℓ)] = 0.490263233752981
 Δlog(ℓ) = -0.103854505828323
 Δβ/SD[β] = 0.00432061008742782 0.00927048818943882 -0.0193333486536816 0.047807350382614 0.0582569963816798 0.0127369267842177
Maximizing likelihood @ n=256×951=243456
 SD[log(ℓ)] = 0.348185748845727
 Δlog(ℓ) = 0.36845926064229
 Δβ/SD[β] = -9.15913341112199e-05 -0.0363584075791413 -0.0584517156970415 0.000504187962248245 -0.00581631426248141 0.0690630010499058
Maximizing likelihood @ n=512×951=486912
 SD[log(ℓ)] = 0.244801602332231
 Δlog(ℓ) = -0.672400991508802
 Δβ/SD[β] = 0.00705910495373573 -0.00849339819069782 -0.00218026058708068 0.0171564401137043 0.0198964629806394 -0.071766152752256
Maximizing likelihood @ n=1024×951=973824
 SD[log(ℓ)] = 0.173134802673846
 Δlog(ℓ) = 0.24637243962551
 Δβ/SD[β] = 0.0141128431984264 0.0163999222383085 -0.0575765633303196 -0.022609171856617 -0.0611914118467231 -0.0238218703176095
Maximizing likelihood @ n=2048×951=1947648
 SD[log(ℓ)] = 0.121746548931163
 Δlog(ℓ) = 0.0173515801641244
 Δβ/SD[β] = -0.0195168392268973 -0.0192621883170593 -0.0162685761394167 0.0262889675101135 0.045813648166321 -0.00871749874453651
Maximizing likelihood @ n=4096×951=3895296
 SD[log(ℓ)] = 0.0863117725032737
 Δlog(ℓ) = 0.0467897787048486
 Δβ/SD[β] = -0.0114655156508599 -0.008994004719126 -0.0179795083860899 -0.00923449864148641 -0.00770932356887686 0.0265416524465147
Maximizing likelihood @ n=8192×951=7790592
 SD[log(ℓ)] = 0.0608808477505826
 Δlog(ℓ) = -0.104086656043954
 Δβ/SD[β] = -0.0114073425146006 0.000485058085656419 -0.0146696829721725 -0.00747764052113929 0.0241209856070056 0.00292746500637536
Maximizing likelihood @ n=16384×951=15581184
 SD[log(ℓ)] = 0.043209421969987
 Δlog(ℓ) = 0.00980423804054453
 Δβ/SD[β] = -0.00707965554141993 -0.00500746006701139 -0.0189002491093616 0.0122111640612483 -0.0232293012525201 -0.00785628773494806
Calculating Hessian
Maximizing likelihood @ n=1×951=951
 SD[log(ℓ)] = 4.39322585712651
 Δlog(ℓ) = Inf
 Δβ/SD[β] = -1.23021725688004 -1.33102841146846 1.07456060742226 -6.01011401316196 -22.0125444554719 3.68368710028257
Maximizing likelihood @ n=2×951=1902
 SD[log(ℓ)] = 3.12943875831444
 Δlog(ℓ) = -4.24658280548851
 Δβ/SD[β] = 0.254213028016988 0.132629439320057 -0.699988656130592 0.638827460982952 0.30851639581483 0.0707518593414587
Maximizing likelihood @ n=4×951=3804
 SD[log(ℓ)] = 2.36981395894626
 Δlog(ℓ) = 0.999406450601288
 Δβ/SD[β] = 0.0245645131738951 0.041232485388722 0.51061301314545 0.223327806832982 0.0987071220352133 0.490750030209054
Maximizing likelihood @ n=8×951=7608
 SD[log(ℓ)] = 1.78532777990955
 Δlog(ℓ) = 1.8098634288545
 Δβ/SD[β] = -0.0468793506720303 -0.0035242729272748 -0.0122026800042955 0.0650572082883629 0.306489386164679 0.556886603900839
Maximizing likelihood @ n=16×951=15216
 SD[log(ℓ)] = 1.26603232834598
 Δlog(ℓ) = -0.820152623367605
 Δβ/SD[β] = -0.161172884415828 0.072903894584636 0.0355272958536312 -0.053858456051706 -0.182141415051733 -0.110687383539285
Maximizing likelihood @ n=32×951=30432
 SD[log(ℓ)] = 0.911299887274334
 Δlog(ℓ) = 0.689237482512706
 Δβ/SD[β] = -0.0147142293736611 -0.0363083963747149 -0.0423217878315044 0.0977619206029984 -0.0357938841860063 0.139668426915238
Maximizing likelihood @ n=64×951=60864
 SD[log(ℓ)] = 0.652432406121927
 Δlog(ℓ) = 0.701008949701535
 Δβ/SD[β] = -0.0358611966809642 -0.0839556118756596 -0.0204110317708643 -0.00544682390226455 0.0338013394769886 0.19328585455054
Maximizing likelihood @ n=128×951=121728
 SD[log(ℓ)] = 0.467775371957608
 Δlog(ℓ) = 0.543732394383969
 Δβ/SD[β] = -0.078428828090629 0.0328649268637158 -0.0389986523530387 0.0344092307430417 -0.00968503126489196 0.101440475735399
Maximizing likelihood @ n=256×951=243456
 SD[log(ℓ)] = 0.329407725410915
 Δlog(ℓ) = -0.175796627103892
 Δβ/SD[β] = 0.0058850603921734 -0.00843216037137417 0.00565124700500456 -0.0120757178465679 0.0168471803824049 -0.0325313898467314
Maximizing likelihood @ n=512×951=486912
 SD[log(ℓ)] = 0.232675249599267
 Δlog(ℓ) = -0.107012948331768
 Δβ/SD[β] = -0.0104973210055267 -0.014038483030037 0.00417607790411712 -0.0292899320552457 -0.00431256751235932 0.0276486446353757
Maximizing likelihood @ n=1024×951=973824
 SD[log(ℓ)] = 0.16475399984122
 Δlog(ℓ) = 0.00111764706194606
 Δβ/SD[β] = -0.0115383528094433 0.000906480163157312 -0.000528280018718895 0.013981956021022 0.00535553964468747 -0.012357614141489
Maximizing likelihood @ n=2048×951=1947648
 SD[log(ℓ)] = 0.116454314236285
 Δlog(ℓ) = -0.0662674608939575
 Δβ/SD[β] = 0.00269367034496996 -0.00232714748562916 -0.00248822090437197 -0.0149055665387892 0.0162997892353749 -0.000341972175492593
Maximizing likelihood @ n=4096×951=3895296
 SD[log(ℓ)] = 0.082395685727645
 Δlog(ℓ) = 0.047337130115821
 Δβ/SD[β] = -0.000137339207664876 0.00138030661088045 0.00084539009506752 0.000578724170222685 -0.00242183286646748 0.00840933702293561
Maximizing likelihood @ n=8192×951=7790592
 SD[log(ℓ)] = 0.0583255029519573
 Δlog(ℓ) = -0.0237998809054751
 Δβ/SD[β] = 0.00550997716468392 -0.00584254754790969 -0.000422204115885702 0.00429403899640847 -0.0143200808621316 -0.00395974731710956
Maximizing likelihood @ n=16384×951=15581184
 SD[log(ℓ)] = 0.041220823269925
 Δlog(ℓ) = 0.0213207572913099
 Δβ/SD[β] = -0.00217471880213652 -0.00272300682876224 -0.000945903900001847 -0.00450407560406705 -0.000893131183995086 0.000911321494345696
Calculating Hessian
Starting buffer 750 
Maximizing likelihood @ n=1×951=951
 SD[log(ℓ)] = 3.40481977883764
 Δlog(ℓ) = Inf
 Δβ/SD[β] = -1.76652368212235 -0.152248458255723 1.06123617667676 -8.16025463746886 -20.1564953937589 2.97746021706923
Maximizing likelihood @ n=2×951=1902
 SD[log(ℓ)] = 3.29019769944252
 Δlog(ℓ) = 11.6269485209609
 Δβ/SD[β] = -0.454838568103063 0.142614309814114 -0.266159758052426 1.27385546911957 -0.71506297283476 0.932364030403877
Maximizing likelihood @ n=4×951=3804
 SD[log(ℓ)] = 2.41209001718278
 Δlog(ℓ) = -0.970075487541969
 Δβ/SD[β] = 0.0443661094083657 -0.116531436500669 -0.171274433120478 0.111270924475598 0.283277375717118 0.188350374150939
Maximizing likelihood @ n=8×951=7608
 SD[log(ℓ)] = 1.76525901777086
 Δlog(ℓ) = 0.405933434430814
 Δβ/SD[β] = 0.00499564446579074 -0.197164926337058 -0.103850700254266 0.30071201691724 0.276564149193489 0.0792283115361227
Maximizing likelihood @ n=16×951=15216
 SD[log(ℓ)] = 1.26298661494021
 Δlog(ℓ) = 0.719691320476613
 Δβ/SD[β] = -0.127158803464994 -0.0587120479682403 0.183939784341772 0.0339465592891253 0.00674069673660868 0.199493732383686
Maximizing likelihood @ n=32×951=30432
 SD[log(ℓ)] = 0.913889804548545
 Δlog(ℓ) = 0.946154591209915
 Δβ/SD[β] = 0.0769664691143657 -0.137311865705709 0.173993454663927 0.140825414287925 -0.285886718017892 -0.0146131111876326
Maximizing likelihood @ n=64×951=60864
 SD[log(ℓ)] = 0.654758539247218
 Δlog(ℓ) = -0.182448457209397
 Δβ/SD[β] = 0.0065194083528644 -0.0146941185943557 0.0260499339705435 -0.028913169789407 0.00574326432010834 0.0967199588261522
Maximizing likelihood @ n=128×951=121728
 SD[log(ℓ)] = 0.462860279452289
 Δlog(ℓ) = -0.491241082884887
 Δβ/SD[β] = -0.0109001293352158 -0.0415639411119114 0.0522764537304877 -0.0330110647148993 -0.0320996923887463 0.0569444516066663
Maximizing likelihood @ n=256×951=243456
 SD[log(ℓ)] = 0.325344754103132
 Δlog(ℓ) = -0.150214580945839
 Δβ/SD[β] = 0.00933399292684068 -0.0162057168802656 0.0233422597633987 0.042128653825167 0.047433544856467 -0.0377980692753838
Maximizing likelihood @ n=512×951=486912
 SD[log(ℓ)] = 0.229388518568441
 Δlog(ℓ) = -0.31857097815745
 Δβ/SD[β] = -0.00254611589321091 0.00446622747850599 0.0190173119397059 -0.0309464056435788 0.0214888235772341 0.0305784099031701
Maximizing likelihood @ n=1024×951=973824
 SD[log(ℓ)] = 0.162723323237769
 Δlog(ℓ) = 0.322515247291918
 Δβ/SD[β] = 0.00265716802391292 -0.0159139983373363 0.00205111795109129 -0.00162817723557989 -0.00531419046077144 0.0331081462714518
Maximizing likelihood @ n=2048×951=1947648
 SD[log(ℓ)] = 0.115083387792467
 Δlog(ℓ) = -0.0169864576342711
 Δβ/SD[β] = -0.00560844056337156 0.00214817697842518 -0.00519730887615567 0.0179469049412566 0.00386357977639659 0.00110302948918056
Maximizing likelihood @ n=4096×951=3895296
 SD[log(ℓ)] = 0.0815625178383741
 Δlog(ℓ) = 0.124663040256927
 Δβ/SD[β] = -0.0052735371991157 -0.00512199794932187 -0.00473894816699427 0.011845961195093 -0.00199227380737178 0.0152032137859336
Maximizing likelihood @ n=8192×951=7790592
 SD[log(ℓ)] = 0.0575703736148064
 Δlog(ℓ) = -0.0590965927215414
 Δβ/SD[β] = -0.00291567803422625 -0.0179182360523802 -0.0032173058189447 -0.0154990969816 0.0266167324561333 -0.00423950676892898
Maximizing likelihood @ n=16384×951=15581184
 SD[log(ℓ)] = 0.0407673221256339
 Δlog(ℓ) = 0.0700461116499014
 Δβ/SD[β] = -0.00653387585965347 0.00242164646835326 0.00736510457037081 0.0152356098495098 0.0040276989115566 0.00610964536928123
Calculating Hessian
Maximizing likelihood @ n=1×951=951
 SD[log(ℓ)] = 4.11618892666372
 Δlog(ℓ) = Inf
 Δβ/SD[β] = 1.27570622578265 -0.518453266144208 1.25330897063014 -7.96270910740415 -22.3714608241829 4.14330417309107
Maximizing likelihood @ n=2×951=1902
 SD[log(ℓ)] = 3.19219654276471
 Δlog(ℓ) = 1.83789546348627
 Δβ/SD[β] = 0.0978915162376606 0.0999155397439105 0.137148847605704 0.253272177954955 -0.052731296184795 0.847392165812638
Maximizing likelihood @ n=4×951=3804
 SD[log(ℓ)] = 2.3247519557445
 Δlog(ℓ) = -0.347358005759386
 Δβ/SD[β] = -0.0660868389299325 0.0706565907904237 -0.239694575523347 0.219288226456516 0.348671134660875 0.18053957035458
Maximizing likelihood @ n=8×951=7608
 SD[log(ℓ)] = 1.69684889579984
 Δlog(ℓ) = 0.840404364494056
 Δβ/SD[β] = 4.71381578312779e-05 -0.0335882245363058 0.00808246944281705 0.0704422629280281 -0.0657060098995965 -0.011621414689411
Maximizing likelihood @ n=16×951=15216
 SD[log(ℓ)] = 1.2834726858768
 Δlog(ℓ) = 1.99337422770246
 Δβ/SD[β] = 0.0155550799557855 -0.205185247076754 -0.360145283735012 -0.0542058621627604 -0.474914958833303 0.371073679722213
Maximizing likelihood @ n=32×951=30432
 SD[log(ℓ)] = 0.923538715090952
 Δlog(ℓ) = 0.785500022726385
 Δβ/SD[β] = -0.0242456556763348 0.0934348360969988 0.0570022276411024 0.040572897549267 -0.147958957319236 0.00160929922738495
Maximizing likelihood @ n=64×951=60864
 SD[log(ℓ)] = 0.657201578402507
 Δlog(ℓ) = -0.790535773331072
 Δβ/SD[β] = -0.021358570670205 0.0163142788776631 -0.0387223669869481 0.0348038232297872 0.0253937562351175 -0.0462621710449287
Maximizing likelihood @ n=128×951=121728
 SD[log(ℓ)] = 0.460197826696104
 Δlog(ℓ) = -0.0891395595869575
 Δβ/SD[β] = -0.0371304245376261 0.0114994860753678 -0.048444044637252 -0.0482088376058888 0.0868561863461822 -0.0396673084365215
Maximizing likelihood @ n=256×951=243456
 SD[log(ℓ)] = 0.327110811230635
 Δlog(ℓ) = -0.0616902324859829
 Δβ/SD[β] = 0.0061097653452939 0.00228478702128715 -0.0394341645551195 0.0463566043710424 -0.0118279910377318 0.00297689724519763
Maximizing likelihood @ n=512×951=486912
 SD[log(ℓ)] = 0.232531292366697
 Δlog(ℓ) = 0.137218823149912
 Δβ/SD[β] = -0.0188866502582712 -0.0174527083007254 -0.0518411311117684 0.00535717045817736 -0.0863792916109188 0.00486714150892711
Maximizing likelihood @ n=1024×951=973824
 SD[log(ℓ)] = 0.164684333508265
 Δlog(ℓ) = -0.0213349609871294
 Δβ/SD[β] = 0.00205843503868114 0.00697499261851847 -0.025715446237867 -0.0172714329575583 0.00942457627087371 0.0156171854119324
Maximizing likelihood @ n=2048×951=1947648
 SD[log(ℓ)] = 0.11602410549198
 Δlog(ℓ) = -0.183991161016962
 Δβ/SD[β] = -0.00481720664217667 0.0010808616034809 -0.00808464270045401 0.0043509812063241 0.0121972157119253 -0.0238799892602024
Maximizing likelihood @ n=4096×951=3895296
 SD[log(ℓ)] = 0.081583838098696
 Δlog(ℓ) = -0.121189331491333
 Δβ/SD[β] = -0.00718949159972038 0.00369184402950374 -0.0105111527999757 -0.0126885458443715 0.0197789140080178 -0.0153080520910396
Maximizing likelihood @ n=8192×951=7790592
 SD[log(ℓ)] = 0.057812367768653
 Δlog(ℓ) = 0.0482987404550563
 Δβ/SD[β] = 0.00665916511035321 0.00791312428465355 -0.0161604262860573 -0.00419747556365305 0.00292092400564173 0.0178945607486258
Maximizing likelihood @ n=16384×951=15581184
 SD[log(ℓ)] = 0.0408479767148229
 Δlog(ℓ) = -0.0368661432609692
 Δβ/SD[β] = 0.00817947231571491 0.00215100471306025 -0.0137926128325103 0.00819715202950459 0.00864076149924801 -0.0114942576342517
Calculating Hessian
Maximizing likelihood @ n=1×951=951
 SD[log(ℓ)] = 3.54396577248682
 Δlog(ℓ) = Inf
 Δβ/SD[β] = 0.631468432522024 -0.751343804145565 1.44587018554737 -6.05885626272608 -22.3567453269998 3.04471293070662
Maximizing likelihood @ n=2×951=1902
 SD[log(ℓ)] = 2.77195803970266
 Δlog(ℓ) = 1.73767357074005
 Δβ/SD[β] = -0.32991776530949 0.550913115569472 -0.183684513370149 0.559624315600538 -0.397569675062807 0.494337228756306
Maximizing likelihood @ n=4×951=3804
 SD[log(ℓ)] = 2.16538555821309
 Δlog(ℓ) = 3.45657780282566
 Δβ/SD[β] = 0.0654037674661848 0.072029120095481 -0.0859330322700713 0.417186681177386 0.472343945345966 0.61399383586966
Maximizing likelihood @ n=8×951=7608
 SD[log(ℓ)] = 1.64597334261899
 Δlog(ℓ) = 2.20067441108339
 Δβ/SD[β] = -0.0303214437126816 0.00685741003890372 0.0676157863062831 0.156285254721222 -0.717770581203538 0.383143345578383
Maximizing likelihood @ n=16×951=15216
 SD[log(ℓ)] = 1.18334836222055
 Δlog(ℓ) = 0.185256041493414
 Δβ/SD[β] = -0.00376453265615833 -0.136233554291366 -0.174621263065194 -0.0341911053741857 -0.239476970693462 -0.012121884103929
Maximizing likelihood @ n=32×951=30432
 SD[log(ℓ)] = 0.877133066154745
 Δlog(ℓ) = 1.39587246603849
 Δβ/SD[β] = -0.0288238644232025 -0.00767659304069523 0.0301208249266563 0.0531621267959701 -0.322739189558983 0.0446839100579902
Maximizing likelihood @ n=64×951=60864
 SD[log(ℓ)] = 0.633806602145174
 Δlog(ℓ) = 1.06233544951639
 Δβ/SD[β] = 0.0221505963035036 -0.0524001474423145 0.0561932228166554 0.0562379427689605 -0.0339231652106621 0.144302425546159
Maximizing likelihood @ n=128×951=121728
 SD[log(ℓ)] = 0.459762769551888
 Δlog(ℓ) = 0.817788195370785
 Δβ/SD[β] = -0.00454920813689043 -0.0204809923946718 -0.0124130680914142 0.0339073789201932 -0.0382698058368498 0.118055566015472
Maximizing likelihood @ n=256×951=243456
 SD[log(ℓ)] = 0.322322910635933
 Δlog(ℓ) = -0.380004934774817
 Δβ/SD[β] = -0.0151632484278885 0.00508110551605516 -0.0385168380208539 0.0232910365031218 -0.0137352646620819 -0.0589403061794256
Maximizing likelihood @ n=512×951=486912
 SD[log(ℓ)] = 0.229143452576062
 Δlog(ℓ) = 0.413083578710417
 Δβ/SD[β] = 0.0199548063262052 -0.00453176165601427 -3.9195044234289e-05 -0.0259965216340147 -0.0120564388656614 0.0388134215032365
Maximizing likelihood @ n=1024×951=973824
 SD[log(ℓ)] = 0.162868587823022
 Δlog(ℓ) = 0.166887172743216
 Δβ/SD[β] = 0.00598073346175942 0.00279259873290459 0.00633527870847133 0.0346572991431678 -0.0160385506790896 -0.016758085292652
Maximizing likelihood @ n=2048×951=1947648
 SD[log(ℓ)] = 0.115320042795564
 Δlog(ℓ) = -0.172627317185242
 Δβ/SD[β] = 0.0187657649969937 0.00329146865082352 -0.0442977672154985 -0.0279733868952614 -0.0233044495710664 0.00463922199067626
Maximizing likelihood @ n=4096×951=3895296
 SD[log(ℓ)] = 0.0815068652093534
 Δlog(ℓ) = -0.0872731405647116
 Δβ/SD[β] = -0.00397953868045762 -0.00527882374295755 -0.00619697400777805 0.0194328691549695 0.00140644758631192 -0.0101942562306951
Maximizing likelihood @ n=8192×951=7790592
 SD[log(ℓ)] = 0.0577683327266043
 Δlog(ℓ) = 0.0318783492621506
 Δβ/SD[β] = -0.00261338957412276 0.00184546815725096 -0.0140382305311077 -0.00385846634757497 -0.0112499236917443 0.0150716462438968
Maximizing likelihood @ n=16384×951=15581184
 SD[log(ℓ)] = 0.0408375415776702
 Δlog(ℓ) = -0.0173905140890227
 Δβ/SD[β] = -0.00883975551727002 -0.00533075659957175 -0.0204462334963968 0.0144067879754101 0.000580877550751 -0.00560286090600904
Calculating Hessian
Maximizing likelihood @ n=1×951=951
 SD[log(ℓ)] = 4.03773789025791
 Δlog(ℓ) = Inf
 Δβ/SD[β] = -1.5229674635848 -1.26680096158293 1.11888545865641 -8.31445273955233 -27.6462639793857 4.90333724925286
Maximizing likelihood @ n=2×951=1902
 SD[log(ℓ)] = 3.31694351349434
 Δlog(ℓ) = 4.47261695214141
 Δβ/SD[β] = -0.210435678739895 -0.0425905397748413 0.172437558718548 0.53462680385757 -1.14779842462952 0.136860384858471
Maximizing likelihood @ n=4×951=3804
 SD[log(ℓ)] = 2.52886714815874
 Δlog(ℓ) = 1.6000014739378
 Δβ/SD[β] = -0.10403995847166 -0.21815979674535 -0.257071042700442 0.430772710136298 -0.353963103875739 -0.0123782554412219
Maximizing likelihood @ n=8×951=7608
 SD[log(ℓ)] = 1.81589550904133
 Δlog(ℓ) = -0.273505699380738
 Δβ/SD[β] = 0.797729294459629 0.775714784065172 -1.23966997021223 0.541186139302629 -0.198180855822671 -0.0217365658430928
Maximizing likelihood @ n=16×951=15216
 SD[log(ℓ)] = 1.28395225194984
 Δlog(ℓ) = -0.839836388862441
 Δβ/SD[β] = -0.00590851759767122 0.031164565117307 0.0404012575100709 0.0171077810346441 -0.0611351002970997 0.0645026004827958
Maximizing likelihood @ n=32×951=30432
 SD[log(ℓ)] = 0.905260257106283
 Δlog(ℓ) = -0.662224624935654
 Δβ/SD[β] = -0.0672760994373199 0.000129104566544277 0.168188846151205 -0.0668391616534751 -0.42490184667767 -0.289418266275393
Maximizing likelihood @ n=64×951=60864
 SD[log(ℓ)] = 0.641183481512467
 Δlog(ℓ) = -0.0283888629443609
 Δβ/SD[β] = 0.034602574197328 -0.0933503784276365 0.0283681346051158 0.0263247837768118 -0.107345200896058 -0.04321902465814
Maximizing likelihood @ n=128×951=121728
 SD[log(ℓ)] = 0.457911016247307
 Δlog(ℓ) = 0.740524525158236
 Δβ/SD[β] = 0.110727519159182 -0.0633906884654802 0.0547282857745256 0.0494791034237808 -0.079162000792064 0.0197606834478725
Maximizing likelihood @ n=256×951=243456
 SD[log(ℓ)] = 0.325601449010477
 Δlog(ℓ) = -0.328018697976251
 Δβ/SD[β] = 0.0953928958254353 -0.0987845945033515 0.0642135195408995 0.0761974430385518 0.0192832849194677 0.0209354002311003
Maximizing likelihood @ n=512×951=486912
 SD[log(ℓ)] = 0.229576247305656
 Δlog(ℓ) = 0.0951039329308863
 Δβ/SD[β] = 0.046461387758991 -0.041594239500767 0.0803470458444278 -0.0708269366196344 -0.0528296924670819 -0.038239995603346
Maximizing likelihood @ n=1024×951=973824
 SD[log(ℓ)] = 0.162836793290182
 Δlog(ℓ) = 0.0991711799643333
 Δβ/SD[β] = 0.00639488590121371 -0.0209500096730343 0.0114647703393133 0.0383078533718362 -0.011615045425777 -0.00225684555461058
Maximizing likelihood @ n=2048×951=1947648
 SD[log(ℓ)] = 0.115379632816816
 Δlog(ℓ) = -0.274318119620293
 Δβ/SD[β] = 0.00382692590976488 -0.00389336263883485 0.0446546512766614 -0.0331031206251708 -0.0189040906710925 -0.00204226731789801
Maximizing likelihood @ n=4096×951=3895296
 SD[log(ℓ)] = 0.0811353236614116
 Δlog(ℓ) = -0.0105740569927057
 Δβ/SD[β] = -0.00526602882472146 -0.00375346664441677 0.0258897388307108 0.0240264223837406 0.0231945516955306 -0.0126861903945053
Maximizing likelihood @ n=8192×951=7790592
 SD[log(ℓ)] = 0.0573892527235432
 Δlog(ℓ) = -0.0163927964977937
 Δβ/SD[β] = 0.0166151132906289 0.0262555938121 0.0508284234445738 -0.0256509466699177 0.024685674868167 0.0172938135159339
Maximizing likelihood @ n=16384×951=15581184
 SD[log(ℓ)] = 0.0405020020179276
 Δlog(ℓ) = -0.00482960885104688
 Δβ/SD[β] = 0.0294069245154355 0.00677728253044762 0.0982904769304508 0.0337426526104753 0.00512606921871869 -0.00648152093221497
Calculating Hessian
Starting buffer 1500 
Maximizing likelihood @ n=1×951=951
 SD[log(ℓ)] = 3.72889950826055
 Δlog(ℓ) = Inf
 Δβ/SD[β] = 0.166415954424689 -0.35684642492791 1.47491107921827 -8.11061451135142 -22.1705801790176 3.14632752341093
Maximizing likelihood @ n=2×951=1902
 SD[log(ℓ)] = 3.21940065034755
 Δlog(ℓ) = 7.01930755546923
 Δβ/SD[β] = 0.00784821667495655 -0.00795767082800507 0.130054412385682 0.389648933611453 -0.547611080323976 1.0157987367755
Maximizing likelihood @ n=4×951=3804
 SD[log(ℓ)] = 2.25853114196486
 Δlog(ℓ) = -2.77738097072656
 Δβ/SD[β] = -0.136198018085463 -0.119564236353067 -0.984589847294852 0.399062663084791 0.517807921285732 0.124236681035977
Maximizing likelihood @ n=8×951=7608
 SD[log(ℓ)] = 1.70755668949903
 Δlog(ℓ) = 2.27481598680651
 Δβ/SD[β] = -0.0991575594214633 -0.0689903364158255 0.0789318361742822 0.281797090152826 -0.230597688634328 0.422625762333182
Maximizing likelihood @ n=16×951=15216
 SD[log(ℓ)] = 1.26521332210547
 Δlog(ℓ) = 1.51791488408675
 Δβ/SD[β] = 0.17129266782389 -0.0348341533906298 0.143864489238184 0.141334866053784 -0.238309317474666 0.0818669366493494
Maximizing likelihood @ n=32×951=30432
 SD[log(ℓ)] = 0.911931684334626
 Δlog(ℓ) = 0.694417198885436
 Δβ/SD[β] = -0.0169944739782641 -0.0612646976222561 -0.0843916544146666 -0.0627079246584828 -0.147491010959449 0.106725924559316
Maximizing likelihood @ n=64×951=60864
 SD[log(ℓ)] = 0.647622466495867
 Δlog(ℓ) = -0.696772687152439
 Δβ/SD[β] = 0.0179069227804451 0.0145548815004188 -0.000156441025981483 -0.0405700421091612 -0.0130750063011262 0.0388744596315693
Maximizing likelihood @ n=128×951=121728
 SD[log(ℓ)] = 0.463893838668672
 Δlog(ℓ) = 0.531450716919416
 Δβ/SD[β] = 0.013901249809918 0.00767237147037068 -0.0370294838413086 -0.00649578489634395 -0.0198554842458824 0.0538786722935469
Maximizing likelihood @ n=256×951=243456
 SD[log(ℓ)] = 0.327439753170698
 Δlog(ℓ) = -0.023228188450954
 Δβ/SD[β] = 0.00639661757823798 -0.013394059796165 -0.0194687467081157 -0.0377637715133539 -0.0125503604824871 -0.0179075580795723
Maximizing likelihood @ n=512×951=486912
 SD[log(ℓ)] = 0.23072354678515
 Δlog(ℓ) = -0.106826716324605
 Δβ/SD[β] = 0.00455102505775571 0.00299418988311745 -0.0261213688576578 0.00546002016186357 0.0863240337369231 -0.00888334885853796
Maximizing likelihood @ n=1024×951=973824
 SD[log(ℓ)] = 0.164186678735571
 Δlog(ℓ) = 0.138993868914543
 Δβ/SD[β] = -0.000757537190438222 -0.0053850730958978 -0.00929953737278671 -0.00420045732708523 -0.0037631071783055 0.0275975960331176
Maximizing likelihood @ n=2048×951=1947648
 SD[log(ℓ)] = 0.115839153226674
 Δlog(ℓ) = -0.124517419360668
 Δβ/SD[β] = 0.00279138060685045 0.00732129903358821 -0.00691558536313472 0.0129913349137925 0.0290072875044645 -0.0107101147494943
Maximizing likelihood @ n=4096×951=3895296
 SD[log(ℓ)] = 0.0819488516492682
 Δlog(ℓ) = -0.0748614414757007
 Δβ/SD[β] = -0.00420911164396786 -0.0036921236075695 0.00367902006490807 -0.0186654580176077 -0.0107456122807969 0.0140020503427394
Maximizing likelihood @ n=8192×951=7790592
 SD[log(ℓ)] = 0.0579520587582369
 Δlog(ℓ) = -0.0111354705496538
 Δβ/SD[β] = 0.0129185588858744 0.0508512349290656 -0.0565746203372289 -0.00164186248816519 0.0194853711698264 0.025969819735661
Maximizing likelihood @ n=16384×951=15581184
 SD[log(ℓ)] = 0.0408419203480998
 Δlog(ℓ) = -0.0183143714369258
 Δβ/SD[β] = 0.00185619368285609 0.00395353934655061 -0.0108070212366366 0.00123818683287682 -0.00816097590508183 -0.0242069162110851
Calculating Hessian
Maximizing likelihood @ n=1×951=951
 SD[log(ℓ)] = 3.12924668007065
 Δlog(ℓ) = Inf
 Δβ/SD[β] = -1.11551891237247 0.0808457400643291 1.56756453649607 -7.4251371990915 -21.0381640097894 3.3849875801953
Maximizing likelihood @ n=2×951=1902
 SD[log(ℓ)] = 2.96625588631002
 Δlog(ℓ) = 8.36960345605195
 Δβ/SD[β] = 0.101759315792186 -0.298018979990248 0.225657775010591 0.876171484233793 -1.73494260547097 0.380278137060945
Maximizing likelihood @ n=4×951=3804
 SD[log(ℓ)] = 2.4156909884124
 Δlog(ℓ) = 5.00363166267976
 Δβ/SD[β] = 0.0240770173585095 -0.2642374216204 -0.943273845194957 0.559299433365878 -0.326672825161895 0.695686925983694
Maximizing likelihood @ n=8×951=7608
 SD[log(ℓ)] = 1.74543219679729
 Δlog(ℓ) = 0.0928325873388083
 Δβ/SD[β] = -0.0984793280371877 0.132088770399941 -0.034107094193289 0.361226007557149 0.311917854911633 0.0182939067803032
Maximizing likelihood @ n=16×951=15216
 SD[log(ℓ)] = 1.28253371128015
 Δlog(ℓ) = 1.43819605669692
 Δβ/SD[β] = -0.0210741328661005 -0.110729230827535 0.067738998268773 0.100111489675169 0.0294376012063631 0.319130255922714
Maximizing likelihood @ n=32×951=30432
 SD[log(ℓ)] = 0.915457661737419
 Δlog(ℓ) = 0.143470442825414
 Δβ/SD[β] = 0.0209592830606739 -0.018982077047419 0.00704172915192394 0.00735686719915339 -0.147766829645978 0.0516547488403729
Maximizing likelihood @ n=64×951=60864
 SD[log(ℓ)] = 0.652464041512537
 Δlog(ℓ) = -0.103266965034791
 Δβ/SD[β] = 0.0112558371978779 -0.0265120963664539 -0.0183596775152981 0.0562110555424282 0.0159244150529627 -0.00350292072006886
Maximizing likelihood @ n=128×951=121728
 SD[log(ℓ)] = 0.456698219515795
 Δlog(ℓ) = -0.413536588845307
 Δβ/SD[β] = 0.00116016162491208 -0.00892166728130834 -0.0117889631277892 -0.0524702912460413 0.0707721866582493 -0.0447993066479688
Maximizing likelihood @ n=256×951=243456
 SD[log(ℓ)] = 0.32316651497001
 Δlog(ℓ) = -0.265113687485496
 Δβ/SD[β] = -0.00826253155942443 -0.0183365356890239 -0.00943136351179893 -0.00683477436893588 0.0676546272031634 0.0521210619226823
Maximizing likelihood @ n=512×951=486912
 SD[log(ℓ)] = 0.229382191959479
 Δlog(ℓ) = 0.339616543719131
 Δβ/SD[β] = -0.0197692383858817 0.0238710654207976 -0.0204327056276357 0.0196755844738842 0.0191585417582249 0.0328555549427108
Maximizing likelihood @ n=1024×951=973824
 SD[log(ℓ)] = 0.162176616544598
 Δlog(ℓ) = 0.172412866709291
 Δβ/SD[β] = -0.00064545140254688 -0.00175295196857331 -0.00575329941868207 -0.00290351409823627 -0.00847583656479134 0.00943344653391335
Maximizing likelihood @ n=2048×951=1947648
 SD[log(ℓ)] = 0.11497119576499
 Δlog(ℓ) = 0.0921551373398479
 Δβ/SD[β] = 0.00362650668237569 -0.0111198990916927 -0.00247784511058448 0.0156302039683623 -0.0168409375962161 -0.0025885747181896
Maximizing likelihood @ n=4096×951=3895296
 SD[log(ℓ)] = 0.0813419659529812
 Δlog(ℓ) = 0.0648564803963509
 Δβ/SD[β] = 0.00265412480740753 9.99023233262514e-05 0.00411046776990785 0.00273782772649628 -0.00769420342898068 -0.00960286751212434
Maximizing likelihood @ n=8192×951=7790592
 SD[log(ℓ)] = 0.0575218242008024
 Δlog(ℓ) = -0.0143611962370045
 Δβ/SD[β] = 0.00228483399023544 -0.00375406077952799 0.00134677324685635 -0.00474459990067954 0.000913837988757835 -0.00132346461591793
Maximizing likelihood @ n=16384×951=15581184
 SD[log(ℓ)] = 0.0406977301797122
 Δlog(ℓ) = -0.0465738375821694
 Δβ/SD[β] = -0.00409130462521971 -0.00523392121091688 0.00105814046926442 -0.00368927703547606 -0.0134487698900707 -0.00626766925548866
Calculating Hessian
Maximizing likelihood @ n=1×951=951
 SD[log(ℓ)] = 3.63867833652882
 Δlog(ℓ) = Inf
 Δβ/SD[β] = 0.0530895616656795 0.106124911908156 0.292200719835703 -7.14992469549531 -19.7290185817573 3.26961371555183
Maximizing likelihood @ n=2×951=1902
 SD[log(ℓ)] = 2.98230619778734
 Δlog(ℓ) = 3.96176513733919
 Δβ/SD[β] = -0.0718420866340757 0.0736372639428487 -0.134479293085074 1.02849073354147 0.0975287484658822 0.841043443039889
Maximizing likelihood @ n=4×951=3804
 SD[log(ℓ)] = 2.28533379346379
 Δlog(ℓ) = 2.84645611582463
 Δβ/SD[β] = 0.0407212836091919 -0.0612808434273619 0.101636645261082 0.321014271644755 0.0261430535020288 0.25717335631843
Maximizing likelihood @ n=8×951=7608
 SD[log(ℓ)] = 1.68889258770599
 Δlog(ℓ) = -0.0362622557654078
 Δβ/SD[β] = -0.0316868139868614 -0.0636697356965101 0.193228112085613 0.0607859462958498 0.0163775901247883 0.00447591574160429
Maximizing likelihood @ n=16×951=15216
 SD[log(ℓ)] = 1.20969837698038
 Δlog(ℓ) = 0.542382188117262
 Δβ/SD[β] = -0.0453876726817979 0.0219968473361553 0.148767333234585 -0.00729734234958882 -0.273322607238144 0.0348425293993222
Maximizing likelihood @ n=32×951=30432
 SD[log(ℓ)] = 0.872422756205418
 Δlog(ℓ) = 0.636909822097127
 Δβ/SD[β] = -0.00873218865409878 0.0396793354260209 0.0335555864114485 -0.0026089821698005 -0.0355154530513834 0.0564883388207914
Maximizing likelihood @ n=64×951=60864
 SD[log(ℓ)] = 0.626033188356392
 Δlog(ℓ) = 0.45816051834802
 Δβ/SD[β] = 0.0509460397293808 0.00202902697347879 0.072807536912049 0.0231379535765295 -0.0637251678161505 0.156874995721004
Maximizing likelihood @ n=128×951=121728
 SD[log(ℓ)] = 0.45090324735919
 Δlog(ℓ) = 0.349007266337772
 Δβ/SD[β] = 0.0243012965231421 -0.0252685346045458 0.0745648422616635 0.0389174583276297 -0.0292011814361903 0.145039799170577
Maximizing likelihood @ n=256×951=243456
 SD[log(ℓ)] = 0.321365843864866
 Δlog(ℓ) = 0.256701118429934
 Δβ/SD[β] = 0.0332275376236957 -0.0354758301513768 0.035847515600336 -0.0712699073203852 -0.0760366646988676 0.0105569690438874
Maximizing likelihood @ n=512×951=486912
 SD[log(ℓ)] = 0.225650929604383
 Δlog(ℓ) = -0.132762670142817
 Δβ/SD[β] = -0.0162505395668044 -0.0543890857069472 0.0633893283911758 -0.0501135155799593 -0.0261091174158036 -0.0553728842445491
Maximizing likelihood @ n=1024×951=973824
 SD[log(ℓ)] = 0.160670144917032
 Δlog(ℓ) = 0.231063244201529
 Δβ/SD[β] = -0.136385048710298 0.0778905182339923 0.365219221293279 0.0445431263502622 0.0433342888049526 0.0743635676874549
Maximizing likelihood @ n=2048×951=1947648
 SD[log(ℓ)] = 0.113975713815347
 Δlog(ℓ) = 0.160691366622721
 Δβ/SD[β] = 0.0202524976856474 0.00464592726402179 0.0927342446155461 -0.00184323140292599 -0.0823419053589898 -0.0505117854743123
Maximizing likelihood @ n=4096×951=3895296
 SD[log(ℓ)] = 0.081210101834498
 Δlog(ℓ) = 0.118021954079666
 Δβ/SD[β] = -0.00990206748163232 0.0178464681609788 0.0492613894029394 0.00351695644769177 0.0221430669826095 0.0623616627709532
Maximizing likelihood @ n=8192×951=7790592
 SD[log(ℓ)] = 0.0571477565650779
 Δlog(ℓ) = -0.0065924934446997
 Δβ/SD[β] = -0.0015574446581138 0.0118107676640597 0.0433697028567842 0.00610136157376137 -0.0016365721634279 -0.0430629215915158
Maximizing likelihood @ n=16384×951=15581184
 SD[log(ℓ)] = 0.0405064911256613
 Δlog(ℓ) = 0.045692776014512
 Δβ/SD[β] = 0.0082780039672656 -0.00706261052814469 0.0225658185263842 -0.0146961342848262 0.00768363555996761 0.0266851879651574
Calculating Hessian
Maximizing likelihood @ n=1×951=951
 SD[log(ℓ)] = 3.28519997970451
 Δlog(ℓ) = Inf
 Δβ/SD[β] = 1.85856130706549 1.40938793037494 0.025971638582353 -6.71762661282493 -20.6158145813737 4.03098722265373
Maximizing likelihood @ n=2×951=1902
 SD[log(ℓ)] = 2.83874330947869
 Δlog(ℓ) = 5.91615867568791
 Δβ/SD[β] = 0.808967756187132 0.166894268976699 -1.09166230543197 0.978382782203765 -1.63161967735206 0.550688660070682
Maximizing likelihood @ n=4×951=3804
 SD[log(ℓ)] = 2.30399999958089
 Δlog(ℓ) = 4.52997242819574
 Δβ/SD[β] = -0.234427743341164 -0.085475172163881 -0.139763877217649 0.654975722170262 1.11234246043736 0.171840537397586
Maximizing likelihood @ n=8×951=7608
 SD[log(ℓ)] = 1.83017081383692
 Δlog(ℓ) = 4.64352607430654
 Δβ/SD[β] = -0.868968526128375 -0.930027635038309 0.0451194789671136 -0.00954121102887906 -0.262494657111328 0.477693483871163
Maximizing likelihood @ n=16×951=15216
 SD[log(ℓ)] = 1.34803978756276
 Δlog(ℓ) = 1.08182264915222
 Δβ/SD[β] = -0.0909969776123706 0.0250400032778498 -0.147554909266721 0.117544432716687 -0.569983289103647 0.0849664474306473
Maximizing likelihood @ n=32×951=30432
 SD[log(ℓ)] = 0.958750339280713
 Δlog(ℓ) = -0.628115673698161
 Δβ/SD[β] = -0.0527950624637415 -0.0689467567514146 0.0509527956157442 -0.124696453030938 -0.377216944030749 0.039222724549474
Maximizing likelihood @ n=64×951=60864
 SD[log(ℓ)] = 0.666148267069849
 Δlog(ℓ) = -1.26580362355902
 Δβ/SD[β] = 0.0129477510571281 0.0195920142793175 0.00681772395429541 -0.0563385591655137 -0.0326136033936214 -0.023048288353028
Maximizing likelihood @ n=128×951=121728
 SD[log(ℓ)] = 0.465935715109506
 Δlog(ℓ) = -0.243324000658134
 Δβ/SD[β] = -0.010595743837764 -0.00148299249509046 -0.00623890445176731 0.0126475062555187 -0.00804047000761414 -0.0214162033846672
Maximizing likelihood @ n=256×951=243456
 SD[log(ℓ)] = 0.328503245557933
 Δlog(ℓ) = -0.203023112365322
 Δβ/SD[β] = -0.0551451712736742 -0.000433444491310231 -0.00588022247764114 0.0154115008408622 -0.0183813298171212 -0.0273978812546217
Maximizing likelihood @ n=512×951=486912
 SD[log(ℓ)] = 0.232017502043228
 Δlog(ℓ) = -0.103685314817454
 Δβ/SD[β] = 0.000599684452971932 0.00832705330067949 0.000474252535828079 -0.0336118223093272 -0.0112736033633257 0.0114213877425733
Maximizing likelihood @ n=1024×951=973824
 SD[log(ℓ)] = 0.163197432082445
 Δlog(ℓ) = -0.245210678233686
 Δβ/SD[β] = -0.0235066386876547 0.0169990459291383 0.00738400965961921 -0.0303229303166748 0.000970013893009589 -0.0192785444668317
Maximizing likelihood @ n=2048×951=1947648
 SD[log(ℓ)] = 0.115619798898521
 Δlog(ℓ) = -0.0604356337141034
 Δβ/SD[β] = -0.0183534451299027 0.00415343438849931 0.00323324661008638 0.0114381512468714 0.00290587402487021 0.0207585137131494
Maximizing likelihood @ n=4096×951=3895296
 SD[log(ℓ)] = 0.0812367116051177
 Δlog(ℓ) = 0.0106499006935721
 Δβ/SD[β] = -0.0272764277360005 0.00723773379907977 0.0173644044990524 -0.0140132245056566 0.0134199364788347 -0.0111281069956395
Maximizing likelihood @ n=8192×951=7790592
 SD[log(ℓ)] = 0.0576074881328698
 Δlog(ℓ) = 0.00694070416600567
 Δβ/SD[β] = -0.0236887886982411 0.0188541634006504 -0.0170637697386099 0.0172622307759153 -0.0189813664190274 -0.0103076278221511
Maximizing likelihood @ n=16384×951=15581184
 SD[log(ℓ)] = 0.0408109763004534
 Δlog(ℓ) = -0.0310532723040389
 Δβ/SD[β] = -0.0189200178870651 0.0105861488967994 -0.00223037176956508 -0.00733397955296069 -0.00761566181468843 0.0135475975893747
Calculating Hessian
There were 13 warnings (use warnings() to see them)
Script complete
Fri Nov 15 22:25:17 MST 2024
