Fri Nov 15 23:11:11 MST 2024
Initiating script
── Attaching core tidyverse packages ──────────────────────── tidyverse 2.0.0 ──
✔ dplyr     1.1.4     ✔ readr     2.1.5
✔ forcats   1.0.0     ✔ stringr   1.5.1
✔ ggplot2   3.5.1     ✔ tibble    3.2.1
✔ lubridate 1.9.3     ✔ tidyr     1.3.1
✔ purrr     1.0.2     
── Conflicts ────────────────────────────────────────── tidyverse_conflicts() ──
✖ ggplot2::annotate() masks ctmm::annotate()
✖ dplyr::filter()     masks stats::filter()
✖ dplyr::lag()        masks stats::lag()
ℹ Use the conflicted package (<http://conflicted.r-lib.org/>) to force all conflicts to become errors
Linking to GEOS 3.9.5, GDAL 3.8.5, PROJ 9.4.0; sf_use_s2() is TRUE
Loading required package: sp

Attaching package: ‘raster’

The following object is masked from ‘package:dplyr’:

    select

The following objects are masked from ‘package:ctmm’:

    projection, projection<-

terra 1.7.78

Attaching package: ‘terra’

The following object is masked from ‘package:tidyr’:

    extract

The following objects are masked from ‘package:ctmm’:

    distance, meta

[1] "/home/u15/mmercer3/proj/habitat_analysis_class/Final/Model_Fit_Results/Minnie_rr.Rda"
     [,1]                                
[1,] "Data loaded at 2024-11-15 23:11:21"
Reading layer `major' from data source 
  `/home/u15/mmercer3/proj/habitat_analysis_class/Final/Major_Roads' 
  using driver `ESRI Shapefile'
Simple feature collection with 411 features and 7 fields
Geometry type: LINESTRING
Dimension:     XY
Bounding box:  xmin: 477946 ymin: 3545735 xmax: 511807.9 ymax: 3592212
Projected CRS: WGS 84 / UTM zone 12N
     [,1]                                 
[1,] "Roads loaded at 2024-11-15 23:11:21"
|---------|---------|---------|---------|=========================================                                          [1] 1681968
[1] 1681968
Starting buffer 30 
Maximizing likelihood @ n=1×775=775
 SD[log(ℓ)] = 12.0571487026015
 Δlog(ℓ) = Inf
 Δβ/SD[β] = -0.333786615863578 0.872861507828644 -1.08676635074564 -44.916499193181 4.40515390650382 1.69535977815781
Maximizing likelihood @ n=2×775=1550
 SD[log(ℓ)] = 10.3289127510151
 Δlog(ℓ) = 42.0405467612765
 Δβ/SD[β] = -0.342999812814827 0.29651151666103 0.23292148830589 -0.238219072417641 0.378447638292251 0.846281020773381
Maximizing likelihood @ n=4×775=3100
 SD[log(ℓ)] = 8.28246245050066
 Δlog(ℓ) = 28.9717025279406
 Δβ/SD[β] = -0.528804410753399 -0.259837896973862 -0.40732194279007 0.023250309386769 1.97133064486373 0.58866667912119
Maximizing likelihood @ n=8×775=6200
 SD[log(ℓ)] = 6.33737921785176
 Δlog(ℓ) = 9.83355245446802
 Δβ/SD[β] = -0.035060645776601 0.303560067960771 0.534978799052921 -0.0640168837011935 0.0779887129625876 0.0933424459355708
Maximizing likelihood @ n=16×775=12400
 SD[log(ℓ)] = 4.82537268524544
 Δlog(ℓ) = 11.9855058829685
 Δβ/SD[β] = 0.142173952896069 0.0229609430526078 0.586670213100815 -1.02593730400283 0.472742680468926 0.310513331621174
Maximizing likelihood @ n=32×775=24800
 SD[log(ℓ)] = 3.63082741510491
 Δlog(ℓ) = 6.3775206334152
 Δβ/SD[β] = 0.0991332970496125 -0.0209417242801489 0.0529159796993721 -0.933976975606786 0.180743085606428 -0.173538713761875
Maximizing likelihood @ n=64×775=49600
 SD[log(ℓ)] = 2.64873843063514
 Δlog(ℓ) = 2.11948372787114
 Δβ/SD[β] = 0.0635843033882757 -0.0153409868054712 0.0987983628305105 -0.0428218012995516 0.0137185082492701 -0.0356145237304931
Maximizing likelihood @ n=128×775=99200
 SD[log(ℓ)] = 2.04948102719866
 Δlog(ℓ) = 0.699323004985871
 Δβ/SD[β] = 0.0187044400455012 -0.248042743630077 0.181474682668873 0.512049345061882 0.0332706608571809 0.219424315264255
Maximizing likelihood @ n=256×775=198400
 SD[log(ℓ)] = 1.46021314210214
 Δlog(ℓ) = 0.910355384894444
 Δβ/SD[β] = 0.0882950919231834 -0.154639539545597 0.0113904596343896 -0.435887247100388 0.0749722789598207 0.0186025918659398
Maximizing likelihood @ n=512×775=396800
 SD[log(ℓ)] = 1.02038846201337
 Δlog(ℓ) = 1.58559755831604
 Δβ/SD[β] = 0.0192369021084672 0.0302148991639486 0.0418148817820989 -0.219107901827589 0.0238416504160671 0.0217723378654379
Maximizing likelihood @ n=1024×775=793600
 SD[log(ℓ)] = 0.728111000000416
 Δlog(ℓ) = 0.151965446031312
 Δβ/SD[β] = 0.0154425260168187 0.0220509751131946 -0.00230689553306592 0.0113896873981694 0.043218437032056 -0.0325460396612684
Maximizing likelihood @ n=2048×775=1587200
 SD[log(ℓ)] = 0.514209584588021
 Δlog(ℓ) = 0.553057720300586
 Δβ/SD[β] = -0.0312554841200361 0.0130978963489095 0.0230217797441359 -0.0336548510863388 0.0156715838549406 -0.0427091261040495
Maximizing likelihood @ n=4096×775=3174400
 SD[log(ℓ)] = 0.360126093960549
 Δlog(ℓ) = 0.159799192369064
 Δβ/SD[β] = -0.00389858050916602 0.0638029840813836 0.0665655939104463 0.0195542127599998 0.0452258690305604 0.0332805319021522
Maximizing likelihood @ n=8192×775=6348800
 SD[log(ℓ)] = 0.258051370011231
 Δlog(ℓ) = -0.0941186097229831
 Δβ/SD[β] = 0.00754147973789598 -0.00750731731633478 0.0155605100229364 0.0443718068807773 -0.0224581002758905 -0.0203916776092567
Maximizing likelihood @ n=16384×775=12697600
 SD[log(ℓ)] = 0.182796535744216
 Δlog(ℓ) = 0.0725655145108988
 Δβ/SD[β] = -0.0144026890625553 0.0223770955335418 0.0169567905406898 -0.0319566308561342 -0.00832761653286251 0.0173801715929287
Calculating Hessian
Maximizing likelihood @ n=1×775=775
 SD[log(ℓ)] = 11.495406558361
 Δlog(ℓ) = Inf
 Δβ/SD[β] = 0.162699029773618 0.0481781860806698 6.2410513884744e-05 -1.23064561494899 0.554667634394725 0.130916115225343
Maximizing likelihood @ n=2×775=1550
 SD[log(ℓ)] = 9.99624134968441
 Δlog(ℓ) = 43.9617389612806
 Δβ/SD[β] = -0.285433540884464 0.0435240139145557 0.492974407469272 -0.943063562341722 3.23002207546757 0.714276610601917
Maximizing likelihood @ n=4×775=3100
 SD[log(ℓ)] = 8.08427085814185
 Δlog(ℓ) = 30.676720029928
 Δβ/SD[β] = 0.127670793086489 0.391437542418664 -0.073069191629127 -1.11635893658289 1.49366720098049 0.237392839159955
Maximizing likelihood @ n=8×775=6200
 SD[log(ℓ)] = 6.25945441531813
 Δlog(ℓ) = 21.3218690187636
 Δβ/SD[β] = 0.13778910893478 -0.928545191552429 0.153663192435331 0.0562939523443215 1.23863008066101 -0.210603361461295
Maximizing likelihood @ n=16×775=12400
 SD[log(ℓ)] = 4.73922055269746
 Δlog(ℓ) = 8.36434817709198
 Δβ/SD[β] = 0.235876053324775 0.0441707613165686 0.0334789845470961 -1.69368650685984 0.0422175120237194 0.386023004557382
Maximizing likelihood @ n=32×775=24800
 SD[log(ℓ)] = 3.63844576538906
 Δlog(ℓ) = 6.05335778513202
 Δβ/SD[β] = 0.190663712087775 -0.548841673585219 -0.177872250861404 -0.0609403521053617 0.0335034988197882 -0.149878382793525
Maximizing likelihood @ n=64×775=49600
 SD[log(ℓ)] = 2.71747654576082
 Δlog(ℓ) = 7.0515164607443
 Δβ/SD[β] = 0.37995210710867 0.179093147613331 -0.0804542169182056 -0.916634688275773 0.110199238652824 0.653310640898569
Maximizing likelihood @ n=128×775=99200
 SD[log(ℓ)] = 1.94696695053455
 Δlog(ℓ) = 2.31218026590147
 Δβ/SD[β] = 0.0773039054223526 -0.0393389396422581 0.0439434228630286 -0.377824896357755 0.0322309226308256 0.139636414614213
Maximizing likelihood @ n=256×775=198400
 SD[log(ℓ)] = 1.50663229945564
 Δlog(ℓ) = 0.73581864893066
 Δβ/SD[β] = 0.0804660636873235 -0.0992665547311511 0.0605348567403996 0.236215382415859 0.0349058445275573 0.150872530124039
Maximizing likelihood @ n=512×775=396800
 SD[log(ℓ)] = 1.08410608427256
 Δlog(ℓ) = -1.18106592732238
 Δβ/SD[β] = 0.00472617887055768 -0.0021003904945151 -0.00369015544878714 -0.0114246571770121 0.00688898303839831 0.0141691793971907
Maximizing likelihood @ n=1024×775=793600
 SD[log(ℓ)] = 0.738015789649391
 Δlog(ℓ) = -0.165275107171624
 Δβ/SD[β] = 0.0689983765310715 -0.0314762734270314 0.0316397855180344 -0.083111738137604 -0.0260367995366893 0.0479711101627021
Maximizing likelihood @ n=2048×775=1587200
 SD[log(ℓ)] = 0.541878735522956
 Δlog(ℓ) = -0.229213352290628
 Δβ/SD[β] = 0.0273079766582968 0.0493986533829559 -0.0324569633524519 0.0322413433454166 0.0604069756891615 0.0329981621520289
Maximizing likelihood @ n=4096×775=3174400
 SD[log(ℓ)] = 0.373891916974228
 Δlog(ℓ) = 0.720696267490979
 Δβ/SD[β] = 0.217314884150774 0.142153102837682 0.00468738416318158 -0.0106255366038078 -0.00937453825167342 -0.00475401436437824
Maximizing likelihood @ n=8192×775=6348800
 SD[log(ℓ)] = 0.267679637823566
 Δlog(ℓ) = 0.00976158003004457
 Δβ/SD[β] = 0.0526022362729869 -0.0338687445851163 -0.0291350076485086 -0.0352369131287818 0.0625582819539703 0.0397894179245818
Maximizing likelihood @ n=16384×775=12697600
 SD[log(ℓ)] = 0.186389508964214
 Δlog(ℓ) = 0.272841994567813
 Δβ/SD[β] = 0.0418986495401237 0.0277113596229976 -0.0028872819500694 -0.00980601156795126 -0.0406438531417985 0.0294037480954193
Calculating Hessian
Maximizing likelihood @ n=1×775=775
 SD[log(ℓ)] = 12.1093253118936
 Δlog(ℓ) = Inf
 Δβ/SD[β] = 0.394393100452812 3.69005075148686 0.260555281408974 -43.948784644458 4.72659785892683 2.76337798947287
Maximizing likelihood @ n=2×775=1550
 SD[log(ℓ)] = 9.86820100004551
 Δlog(ℓ) = 19.4703796635461
 Δβ/SD[β] = -1.07642185142352 -2.28995899317016 0.554645085661022 0.313201351164163 1.48429960840835 0.311379069376113
Maximizing likelihood @ n=4×775=3100
 SD[log(ℓ)] = 8.07852167979234
 Δlog(ℓ) = 35.0438144193054
 Δβ/SD[β] = 0.00667919342856732 0.20755191836476 -0.111631348685523 -0.195315384984614 0.22569715642562 0.54505804665033
Maximizing likelihood @ n=8×775=6200
 SD[log(ℓ)] = 6.20553354329523
 Δlog(ℓ) = 15.4893737549328
 Δβ/SD[β] = 0.0793804762154027 0.150964642089781 -0.0686648317809063 0.0286439788981171 0.125197084193476 -0.116386267391875
Maximizing likelihood @ n=16×775=12400
 SD[log(ℓ)] = 4.69057371491124
 Δlog(ℓ) = 7.99302741138234
 Δβ/SD[β] = -0.0266962284777929 0.0545269326424429 -0.0102673728304331 0.0318979604362969 0.28387765549344 -0.0273816838246725
Maximizing likelihood @ n=32×775=24800
 SD[log(ℓ)] = 3.56459479339618
 Δlog(ℓ) = 10.2166265801151
 Δβ/SD[β] = 0.413356846704332 -0.474211641454883 0.371155433921736 -1.30617793036906 0.379967209009158 0.572787392129853
Maximizing likelihood @ n=64×775=49600
 SD[log(ℓ)] = 2.66977058618959
 Δlog(ℓ) = 5.8446357253294
 Δβ/SD[β] = 0.0384695262646437 0.255206333395271 0.138204385608522 -0.44961055938499 0.185286637690014 0.104374336270507
Maximizing likelihood @ n=128×775=99200
 SD[log(ℓ)] = 1.91331392243078
 Δlog(ℓ) = 0.590343928745739
 Δβ/SD[β] = 0.0255054971765275 0.0331030917718928 0.0272456319666484 -0.0964451188819078 0.043126576734003 -0.138534360782818
Maximizing likelihood @ n=256×775=198400
 SD[log(ℓ)] = 1.37704858557331
 Δlog(ℓ) = 1.97086269172627
 Δβ/SD[β] = -0.136610958298653 0.284678654129467 0.0450366018914144 -0.0629308619584337 0.000653456040149476 -0.158517400347168
Maximizing likelihood @ n=512×775=396800
 SD[log(ℓ)] = 0.986914748895372
 Δlog(ℓ) = 1.23319701104646
 Δβ/SD[β] = -0.00562603896445041 0.0110410597389287 -0.00644491818612314 -0.0647598378104177 0.0459100729766978 0.131252728204706
Maximizing likelihood @ n=1024×775=793600
 SD[log(ℓ)] = 0.717600447331598
 Δlog(ℓ) = 0.61826686955709
 Δβ/SD[β] = -0.00129337023148008 0.012630905331376 -0.0209617157222919 -0.0382279000480018 0.0371511908204033 0.0510097498613362
Maximizing likelihood @ n=2048×775=1587200
 SD[log(ℓ)] = 0.513815570947241
 Δlog(ℓ) = 0.570410343606341
 Δβ/SD[β] = -0.00429391997584575 -0.00013360008296058 0.00316157603965574 -0.0903539799124076 -0.0223243309802613 0.0555048297720354
Maximizing likelihood @ n=4096×775=3174400
 SD[log(ℓ)] = 0.404594146699953
 Δlog(ℓ) = -0.225503800626711
 Δβ/SD[β] = 0.00373835469815933 0.0116281974681783 -0.0200952087197462 0.0713702786934374 0.00850168889692181 0.0127784092889425
Maximizing likelihood @ n=8192×775=6348800
 SD[log(ℓ)] = 0.270996207064687
 Δlog(ℓ) = -0.173174394553939
 Δβ/SD[β] = 0.00166128552770281 -0.00488229106115937 -0.00353454865298547 -0.0392582991471464 0.00110608390514803 0.0201375303345445
Maximizing likelihood @ n=16384×775=12697600
 SD[log(ℓ)] = 0.185977790989638
 Δlog(ℓ) = -0.00322975585825702
 Δβ/SD[β] = -0.00102990708851216 0.00480878966300573 -0.00137803524272564 -0.0139010851814763 0.0124346100311889 0.00549334576766399
Calculating Hessian
Maximizing likelihood @ n=1×775=775
 SD[log(ℓ)] = 11.5680969352411
 Δlog(ℓ) = Inf
 Δβ/SD[β] = -1.90977362416342 -0.160631043024806 -0.100122339669727 -27.6785706912862 4.45660478748776 1.67455733373323
Maximizing likelihood @ n=2×775=1550
 SD[log(ℓ)] = 10.2493642882939
 Δlog(ℓ) = 52.6584307939233
 Δβ/SD[β] = -1.6738124422563 -0.986051905753402 0.513281491860006 -2.63327350393181 2.09166329905818 0.416458541083872
Maximizing likelihood @ n=4×775=3100
 SD[log(ℓ)] = 8.02845976552678
 Δlog(ℓ) = 18.6007472488864
 Δβ/SD[β] = -0.162772809368479 0.229009999352131 -0.182698735213328 -0.908842709021805 0.857053770026443 0.0372098425719084
Maximizing likelihood @ n=8×775=6200
 SD[log(ℓ)] = 6.2781546805515
 Δlog(ℓ) = 17.1414603765674
 Δβ/SD[β] = 0.231310100252692 0.0682767645308496 0.219411271021807 -0.0184795151146943 0.100119349087269 0.526005610439421
Maximizing likelihood @ n=16×775=12400
 SD[log(ℓ)] = 4.7292152539293
 Δlog(ℓ) = 9.74502511580289
 Δβ/SD[β] = 0.292574940991765 -0.00693672507594306 -0.151493301871418 0.0642225480189836 0.101916105841023 0.0513390130891224
Maximizing likelihood @ n=32×775=24800
 SD[log(ℓ)] = 3.52283693405834
 Δlog(ℓ) = 10.5874230943419
 Δβ/SD[β] = 0.176855494853367 0.159251561082663 0.283591288845754 -0.315395695242012 0.364204975119245 0.239310962314475
Maximizing likelihood @ n=64×775=49600
 SD[log(ℓ)] = 2.58868736774991
 Δlog(ℓ) = 3.64620609543812
 Δβ/SD[β] = 0.27150782870182 0.0905205697293041 0.304384109975437 -0.49245058918617 0.117647477640907 0.150285458456774
Maximizing likelihood @ n=128×775=99200
 SD[log(ℓ)] = 1.96228583301988
 Δlog(ℓ) = 3.36970852471595
 Δβ/SD[β] = -0.124976174957515 0.193336111126335 0.0926065678272653 -0.172837313666279 0.0328792094127907 0.0812111414017844
Maximizing likelihood @ n=256×775=198400
 SD[log(ℓ)] = 1.42589314438763
 Δlog(ℓ) = -0.325806418959814
 Δβ/SD[β] = 0.201165868678592 0.104558956741796 0.0666707770477568 0.382379369653401 0.120285481055387 0.313068020803791
Maximizing likelihood @ n=512×775=396800
 SD[log(ℓ)] = 1.00578882347793
 Δlog(ℓ) = 1.71799925228248
 Δβ/SD[β] = 0.0307082803107599 -0.0332797364632778 -0.0173618568363711 -0.250125121556998 -0.0172121226928255 -0.0503989468713005
Maximizing likelihood @ n=1024×775=793600
 SD[log(ℓ)] = 0.715251915980484
 Δlog(ℓ) = -0.14103166820388
 Δβ/SD[β] = -0.0175288275348034 0.0317810001900126 -0.0229298234243955 0.00918261093172395 -0.023986634019996 -0.0262613378035509
Maximizing likelihood @ n=2048×775=1587200
 SD[log(ℓ)] = 0.611323920752792
 Δlog(ℓ) = 0.0838703470739972
 Δβ/SD[β] = 0.0200738476795458 0.0173400111273434 -0.00602988665834314 0.0343160594958256 -0.000729076337937655 -0.025487525625062
Maximizing likelihood @ n=4096×775=3174400
 SD[log(ℓ)] = 0.41046410990227
 Δlog(ℓ) = 0.225364684709092
 Δβ/SD[β] = -0.0111427424904399 0.0343491904277178 -0.0180632806882328 -0.0796237083579031 0.00149090028215194 -0.0175768237197338
Maximizing likelihood @ n=8192×775=6348800
 SD[log(ℓ)] = 0.27997338367906
 Δlog(ℓ) = 0.266870677856616
 Δβ/SD[β] = -0.0123663551504931 -0.0160248702977291 0.000503540755314843 -0.0557471756008265 0.000696418942367532 -0.0153415813253272
Maximizing likelihood @ n=16384×775=12697600
 SD[log(ℓ)] = 0.196379242894281
 Δlog(ℓ) = -0.0421706578009946
 Δβ/SD[β] = 0.0203646312853533 0.00887794920225621 -0.00962820112802482 0.00687304065115789 0.0198761544806162 -0.0368619719943348
Calculating Hessian
Starting buffer 750 
Maximizing likelihood @ n=1×775=775
 SD[log(ℓ)] = 11.8598264371935
 Δlog(ℓ) = Inf
 Δβ/SD[β] = -0.679014894980501 1.90703962883768 0.693020292006851 -45.8460134208838 4.04356510811787 3.36683918548993
Maximizing likelihood @ n=2×775=1550
 SD[log(ℓ)] = 10.4114924054906
 Δlog(ℓ) = 45.5300779176409
 Δβ/SD[β] = 0.0127939478326657 -0.544615934483413 -0.449175939490238 -0.220612049275551 0.401509910205989 0.294942655864932
Maximizing likelihood @ n=4×775=3100
 SD[log(ℓ)] = 8.38648307169582
 Δlog(ℓ) = 29.6352322450453
 Δβ/SD[β] = -0.00726722741951715 -0.299574583625761 0.193879016357583 -0.0510881644916732 0.192611984048321 -0.0937256078309559
Maximizing likelihood @ n=8×775=6200
 SD[log(ℓ)] = 6.48310555380333
 Δlog(ℓ) = 18.040182680891
 Δβ/SD[β] = -0.041539871604393 0.0661734651875929 -0.0417150114303375 -0.0405791546000323 0.12498912293664 0.33303625078538
Maximizing likelihood @ n=16×775=12400
 SD[log(ℓ)] = 4.8004880816519
 Δlog(ℓ) = 5.51644078162025
 Δβ/SD[β] = 0.0871108479785898 0.143493281543254 -0.203996064991518 -0.113968954640067 0.389223567119017 -0.00317514198216447
Maximizing likelihood @ n=32×775=24800
 SD[log(ℓ)] = 3.57673930035096
 Δlog(ℓ) = 5.26256446294903
 Δβ/SD[β] = 0.16524365549395 0.504601510334147 -0.0719486959245076 -0.335791357661164 0.311574655403676 -0.300803570546175
Maximizing likelihood @ n=64×775=49600
 SD[log(ℓ)] = 2.62965153188482
 Δlog(ℓ) = 4.6355767718951
 Δβ/SD[β] = -0.207207305873238 0.218608890897914 -0.00126083191098224 -0.534952226483389 0.179282353352526 0.213198051167858
Maximizing likelihood @ n=128×775=99200
 SD[log(ℓ)] = 1.89735745495285
 Δlog(ℓ) = -1.27843599396965
 Δβ/SD[β] = 0.0369283430991911 0.00259208647530157 -0.00343064774587352 0.0661578971057242 0.025953392772794 -0.0159722086902748
Maximizing likelihood @ n=256×775=198400
 SD[log(ℓ)] = 1.41918491477824
 Δlog(ℓ) = -2.56319172699941
 Δβ/SD[β] = 0 0 0 0 0 0
Maximizing likelihood @ n=512×775=396800
 SD[log(ℓ)] = 0.990776567184447
 Δlog(ℓ) = 1.93238590192527
 Δβ/SD[β] = -0.0036231980610783 0.00319648610873819 0.0153564454320598 0.0504480616949545 -0.0209890381557696 0.0288599504651368
Maximizing likelihood @ n=1024×775=793600
 SD[log(ℓ)] = 0.730141469053406
 Δlog(ℓ) = 0.133175981033531
 Δβ/SD[β] = -0.0258116921813531 0.0527222242970051 -0.00549013991936842 0.0392938398963479 0.0373578865317927 0.0504268995571111
Maximizing likelihood @ n=2048×775=1587200
 SD[log(ℓ)] = 0.508152064514855
 Δlog(ℓ) = -0.28283127357372
 Δβ/SD[β] = 0.0415858100744015 0.0448034747585636 -0.00599858142113385 -0.0758527129059228 -0.0394658587357334 -0.0282189972046749
Maximizing likelihood @ n=4096×775=3174400
 SD[log(ℓ)] = 0.368228403664479
 Δlog(ℓ) = 0.052606632936687
 Δβ/SD[β] = -0.0129309750208618 0.0325247214553301 0.0207199745151621 0.018829925714721 0.0351894473044509 0.0142040491635331
Maximizing likelihood @ n=8192×775=6348800
 SD[log(ℓ)] = 0.25610781841453
 Δlog(ℓ) = 0.215482364184339
 Δβ/SD[β] = -0.00833020880874862 0.00369181684123448 -0.0178362407999035 -0.0556133437146489 -0.00819230432883741 0.0031321694558938
Maximizing likelihood @ n=16384×775=12697600
 SD[log(ℓ)] = 0.180386465588388
 Δlog(ℓ) = -0.104744056441774
 Δβ/SD[β] = 0 0 0 0 0 0
Calculating Hessian
Maximizing likelihood @ n=1×775=775
 SD[log(ℓ)] = 11.8735349631257
 Δlog(ℓ) = Inf
 Δβ/SD[β] = 1.43871000917666 1.37099217377694 1.03819167625551 -33.5563081327344 4.90147628231488 1.59923426079724
Maximizing likelihood @ n=2×775=1550
 SD[log(ℓ)] = 10.5095409632682
 Δlog(ℓ) = 54.1035208324005
 Δβ/SD[β] = 0.0572112869109789 1.3814309230747 -0.880609306760541 -1.12023265912856 2.45323973514798 2.22669021212418
Maximizing likelihood @ n=4×775=3100
 SD[log(ℓ)] = 8.41054571668297
 Δlog(ℓ) = 29.7537242750099
 Δβ/SD[β] = 0.013789012605737 -0.138922659329321 -0.175607275934331 -2.11615790040502 1.62415336928613 1.38168244022316
Maximizing likelihood @ n=8×775=6200
 SD[log(ℓ)] = 6.4399682036041
 Δlog(ℓ) = 15.8565135975466
 Δβ/SD[β] = -0.0390346746019716 -0.0589584445687325 -0.170605240563062 -0.148081367421992 0.0730609414059312 -0.0434208769032897
Maximizing likelihood @ n=16×775=12400
 SD[log(ℓ)] = 4.81758871730866
 Δlog(ℓ) = 7.45452747742473
 Δβ/SD[β] = 0.213456454602116 0.202755678009402 0.013495067297927 -0.3208107298331 0.325602350477682 0.0592997209360762
Maximizing likelihood @ n=32×775=24800
 SD[log(ℓ)] = 3.53924569880406
 Δlog(ℓ) = 0.670309129078106
 Δβ/SD[β] = 0.058925356825353 -0.0650978344820396 -0.017993865294282 -0.0145886181662872 0.0707024620926607 -0.164782638609581
Maximizing likelihood @ n=64×775=49600
 SD[log(ℓ)] = 2.60618282658359
 Δlog(ℓ) = 0.445261051133969
 Δβ/SD[β] = -0.279233324205454 -0.861030080295721 0.0187281404005462 -0.150808016331097 0.00823538622382316 0.360431665055165
Maximizing likelihood @ n=128×775=99200
 SD[log(ℓ)] = 1.88412315514568
 Δlog(ℓ) = 2.33382616506364
 Δβ/SD[β] = 0.00512747492871211 0.0383906437539073 -5.9911428086702e-05 -0.17178890740584 0.0764689986137091 -0.0428661896849105
Maximizing likelihood @ n=256×775=198400
 SD[log(ℓ)] = 1.35247861785863
 Δlog(ℓ) = 1.21868643578424
 Δβ/SD[β] = -0.0401877843017149 0.0386794626815454 -0.00703462438883691 -0.203529278864277 0.0600127522081528 -0.0120512058813534
Maximizing likelihood @ n=512×775=396800
 SD[log(ℓ)] = 0.9986149933566
 Δlog(ℓ) = 0.399676177344901
 Δβ/SD[β] = 0.0259893501742308 -0.0251868436256867 -0.0032328589719969 -0.0295211204304118 0.0394323376419186 -0.0138073060995027
Maximizing likelihood @ n=1024×775=793600
 SD[log(ℓ)] = 0.74603844176817
 Δlog(ℓ) = 0.474362324248091
 Δβ/SD[β] = -0.000588691181102809 -0.0114189195260464 -0.0111374065776322 0.0384963293120787 0.0119907069164414 -0.0222294206523444
Maximizing likelihood @ n=2048×775=1587200
 SD[log(ℓ)] = 0.572369955118181
 Δlog(ℓ) = 0.668564570848758
 Δβ/SD[β] = -0.0361286174853894 -0.0850606255707875 0.0244541100798124 -0.0614672539091071 -0.00234478287375174 0.0163215493529702
Maximizing likelihood @ n=4096×775=3174400
 SD[log(ℓ)] = 0.38168965802791
 Δlog(ℓ) = 0.217590444389003
 Δβ/SD[β] = 0.0392971909734091 0.0314255369772741 0.0308194289534021 0.00637414068742289 0.0292808359903178 -0.0806700202408653
Maximizing likelihood @ n=8192×775=6348800
 SD[log(ℓ)] = 0.261988079220203
 Δlog(ℓ) = -0.00696252941196462
 Δβ/SD[β] = -0.0107555729114422 -0.00804367028185006 -0.0116821870414785 -0.060307762522245 -0.0135496452178853 -0.0269011099612511
Maximizing likelihood @ n=16384×775=12697600
 SD[log(ℓ)] = 0.182947872378541
 Δlog(ℓ) = -0.0607154236583085
 Δβ/SD[β] = -0.0908731263677538 -0.136200889182 0.0158815089168498 0.00825097934553093 -0.044565818466087 0.0717648787651947
Calculating Hessian
Maximizing likelihood @ n=1×775=775
 SD[log(ℓ)] = 11.725169118549
 Δlog(ℓ) = Inf
 Δβ/SD[β] = 0.294887485792052 -0.00319804067919272 0.105259292071712 -1.2198046360849 0.514207045716311 0.152662028728371
Maximizing likelihood @ n=2×775=1550
 SD[log(ℓ)] = 10.2955848966278
 Δlog(ℓ) = 43.8103089212383
 Δβ/SD[β] = -0.950478821144872 2.37754281767881 -1.32309541853505 -2.09148628789186 3.1911826113183 0.216756781541028
Maximizing likelihood @ n=4×775=3100
 SD[log(ℓ)] = 8.35424083563388
 Δlog(ℓ) = 33.2191504137001
 Δβ/SD[β] = 0.0179246510371167 0.0306228002038642 0.0580761559590279 -0.201608581916189 0.240146356640939 0.350060020781578
Maximizing likelihood @ n=8×775=6200
 SD[log(ℓ)] = 6.32672664587616
 Δlog(ℓ) = 10.2035437662633
 Δβ/SD[β] = -0.379115305422253 0.294633693773034 0.011061080454271 0.998312346089156 0.610387460666333 -0.440043704934287
Maximizing likelihood @ n=16×775=12400
 SD[log(ℓ)] = 4.78800099387962
 Δlog(ℓ) = 8.50578320122958
 Δβ/SD[β] = -0.399399472331995 -0.175062059263787 -0.337245561934722 -1.00922885308261 0.462630271569229 0.509897284381247
Maximizing likelihood @ n=32×775=24800
 SD[log(ℓ)] = 3.66930433494363
 Δlog(ℓ) = 11.9011210622587
 Δβ/SD[β] = 0.139076900751075 0.0572770764499023 -0.0482462588059326 -1.08597414518432 0.314278598796331 -0.0923126440930299
Maximizing likelihood @ n=64×775=49600
 SD[log(ℓ)] = 2.6388665570497
 Δlog(ℓ) = 0.199532373470447
 Δβ/SD[β] = -0.0185900407645595 0.0551502615620126 -0.0204361360035974 0.0300311104855737 0.0444910139565882 -0.160850422910101
Maximizing likelihood @ n=128×775=99200
 SD[log(ℓ)] = 1.88970529639277
 Δlog(ℓ) = 1.03166255063005
 Δβ/SD[β] = 0.027762890949948 0.0652009523570259 -0.00304243764137653 -0.26754368017223 0.10870921322802 -0.12499337877273
Maximizing likelihood @ n=256×775=198400
 SD[log(ℓ)] = 1.34208748394986
 Δlog(ℓ) = -0.741459623216372
 Δβ/SD[β] = -0.00470342391364749 -0.00873901088064899 0.010550397335257 0.0214162758363401 0.0123189662803775 -0.00630925911862667
Maximizing likelihood @ n=512×775=396800
 SD[log(ℓ)] = 0.978471479668645
 Δlog(ℓ) = -0.0583079975993144
 Δβ/SD[β] = -0.0229448972129572 0.00103212861883513 -0.0213711964834606 0.150360709861932 0.0112997146951997 0.0127546741354663
Maximizing likelihood @ n=1024×775=793600
 SD[log(ℓ)] = 0.709905087279174
 Δlog(ℓ) = 0.783755395833111
 Δβ/SD[β] = -0.0256901974470224 0.0238797651859265 -0.00805786344128913 -0.0207750693171627 0.0353339761136185 -0.0198720466303276
Maximizing likelihood @ n=2048×775=1587200
 SD[log(ℓ)] = 0.499223930565705
 Δlog(ℓ) = 0.214140867255821
 Δβ/SD[β] = -0.00949197305208266 -0.0362282191663734 -0.00776386129286559 -0.114874999787237 -0.0104141712879503 0.0429269867530262
Maximizing likelihood @ n=4096×775=3174400
 SD[log(ℓ)] = 0.356063904701073
 Δlog(ℓ) = 0.197574301106386
 Δβ/SD[β] = 0.000224041524143305 -0.00928219918672202 -0.00483751116452353 0.0203660684571343 0.00519011490095074 -6.47619080589338e-05
Maximizing likelihood @ n=8192×775=6348800
 SD[log(ℓ)] = 0.25236555272478
 Δlog(ℓ) = 0.294772345380437
 Δβ/SD[β] = 0.00791913923420457 0.0103651113707307 -0.00950281197784352 -0.0330730159204737 -0.008087021936488 0.0225748987566107
Maximizing likelihood @ n=16384×775=12697600
 SD[log(ℓ)] = 0.178481892655943
 Δlog(ℓ) = 0.207316532211109
 Δβ/SD[β] = 0.00314986381352833 0.00291422554298514 -0.00910767664696648 0.000878709866879977 0.0160551010290902 0.0129990376516571
Calculating Hessian
Maximizing likelihood @ n=1×775=775
 SD[log(ℓ)] = 12.4532500672555
 Δlog(ℓ) = Inf
 Δβ/SD[β] = 0.675398362130739 0.683992077547175 0.567493882215471 -33.6186844263485 4.74115977441871 0.648987926058357
Maximizing likelihood @ n=2×775=1550
 SD[log(ℓ)] = 10.5387276008895
 Δlog(ℓ) = 43.1477545621244
 Δβ/SD[β] = 0.206940685235601 -0.646427079036997 -0.473137695017358 -0.175248518179042 0.380643023171958 1.40091768731596
Maximizing likelihood @ n=4×775=3100
 SD[log(ℓ)] = 8.11015048287224
 Δlog(ℓ) = 17.1750634071577
 Δβ/SD[β] = 0.55872996875504 -0.493732085323636 0.60706663630991 -0.189582066253378 0.162094312242982 1.03763341261049
Maximizing likelihood @ n=8×775=6200
 SD[log(ℓ)] = 6.23247169112975
 Δlog(ℓ) = 15.2587400906086
 Δβ/SD[β] = -0.245783950482794 -0.100664789490212 -0.0403030355590601 -0.105562609290721 0.113525587382116 -0.036386919462651
Maximizing likelihood @ n=16×775=12400
 SD[log(ℓ)] = 4.821644256437
 Δlog(ℓ) = 18.4992265939865
 Δβ/SD[β] = -0.111487539567688 0.031620974565433 0.0459055110004926 -0.0964949450900406 0.0511327987437782 0.0161410620079649
Maximizing likelihood @ n=32×775=24800
 SD[log(ℓ)] = 3.55927871618474
 Δlog(ℓ) = 2.22661845245094
 Δβ/SD[β] = -0.162175495027195 0.0965206200902694 0.122854065918675 0.00395739978544049 0.0306001348737765 0.360837466225433
Maximizing likelihood @ n=64×775=49600
 SD[log(ℓ)] = 2.60296229033989
 Δlog(ℓ) = 4.0613084713259
 Δβ/SD[β] = 0.068818558933163 -0.0176761730262765 0.0448390507812664 -0.273952339214237 0.0617010043990392 0.0229171474396172
Maximizing likelihood @ n=128×775=99200
 SD[log(ℓ)] = 1.87815963591017
 Δlog(ℓ) = 1.65549486773139
 Δβ/SD[β] = -0.0166753558930371 -0.0138784554322099 -0.0433930617372374 -0.366275340190811 0.0159787701123177 0.183421491575132
Maximizing likelihood @ n=256×775=198400
 SD[log(ℓ)] = 1.35325411154777
 Δlog(ℓ) = -0.599149205403307
 Δβ/SD[β] = -0.0647426854120504 0.0133793860432469 0.0384642878856377 0.121422945567819 0.0624953661000507 0.0554021038974164
Maximizing likelihood @ n=512×775=396800
 SD[log(ℓ)] = 0.978184078617177
 Δlog(ℓ) = -1.58951886926641
 Δβ/SD[β] = 0.0129950683922475 0.0027192622274979 0.000323041343670091 0.0198692650421843 2.93484413971536e-05 -0.00353217958424785
Maximizing likelihood @ n=1024×775=793600
 SD[log(ℓ)] = 0.878867002109975
 Δlog(ℓ) = 0.549819084138619
 Δβ/SD[β] = -0.0253551533625145 -0.0682035896380911 0.0347710645488008 0.229573582236454 0.0128484685209088 0.0179538014302527
Maximizing likelihood @ n=2048×775=1587200
 SD[log(ℓ)] = 0.584054333709461
 Δlog(ℓ) = 0.700195963834915
 Δβ/SD[β] = 0.0170749515129098 0.00693867609468657 0.0363611481920623 -0.182948520995742 0.0375581380414195 0.0013442698582488
Maximizing likelihood @ n=4096×775=3174400
 SD[log(ℓ)] = 0.392212153666695
 Δlog(ℓ) = 0.946450967617153
 Δβ/SD[β] = 0.0350016678954307 0.0619173893956911 0.0281442288696017 -0.192665019092104 0.0339553283758065 -0.0627475122955725
Maximizing likelihood @ n=8192×775=6348800
 SD[log(ℓ)] = 0.264664086939262
 Δlog(ℓ) = 0.124284664470963
 Δβ/SD[β] = 0 0 0 0 0 0
Maximizing likelihood @ n=16384×775=12697600
 SD[log(ℓ)] = 0.183950693070548
 Δlog(ℓ) = 0.279555830003687
 Δβ/SD[β] = -0.0101396747973685 0.0157435697308987 0.00831072666387114 -0.0443314881526395 -0.0240643129702278 -0.00265411395918794
Calculating Hessian
Starting buffer 1500 
Maximizing likelihood @ n=1×775=775
 SD[log(ℓ)] = 12.0351055630919
 Δlog(ℓ) = Inf
 Δβ/SD[β] = 1.43164241918061 0.0695019537277727 0.0671085728109884 -1.29490597139056 0.71155985233144 0.117370940047475
Maximizing likelihood @ n=2×775=1550
 SD[log(ℓ)] = 10.2354528176128
 Δlog(ℓ) = 34.7197185774251
 Δβ/SD[β] = 0.359250362385019 -0.469024051046619 -0.222442429507783 0.000928477644873211 0.345968354702966 0.34582421084912
Maximizing likelihood @ n=4×775=3100
 SD[log(ℓ)] = 8.1610611733111
 Δlog(ℓ) = 28.3366697871277
 Δβ/SD[β] = -0.123798524967251 -0.718632508516553 0.031321163986834 -1.54387563751079 1.45768394064645 -0.0516226161001256
Maximizing likelihood @ n=8×775=6200
 SD[log(ℓ)] = 6.27719407137485
 Δlog(ℓ) = 17.1285415300768
 Δβ/SD[β] = 0.0789383794588136 0.0741479034696692 0.0203195999649403 0.243473940927064 0.765639175202749 0.121388276529502
Maximizing likelihood @ n=16×775=12400
 SD[log(ℓ)] = 4.70256973695103
 Δlog(ℓ) = 2.60201920136757
 Δβ/SD[β] = 0.0949762110865772 -0.105407607058162 -0.0560989292434173 0.0805311264681754 0.0337249756101239 0.185177820885142
Maximizing likelihood @ n=32×775=24800
 SD[log(ℓ)] = 3.55120029029103
 Δlog(ℓ) = 8.79710335370018
 Δβ/SD[β] = 0.506267360382871 0.454460592585628 -0.272992775489734 -0.875537502562238 0.272772993433734 0.0328130606759745
Maximizing likelihood @ n=64×775=49600
 SD[log(ℓ)] = 2.72232397200315
 Δlog(ℓ) = 5.06139455649097
 Δβ/SD[β] = -0.0218809658164429 -0.0381019013596779 -0.00906131464033394 -0.0221970489009351 0.0150494906542709 0.162544930540212
Maximizing likelihood @ n=128×775=99200
 SD[log(ℓ)] = 2.03744873523501
 Δlog(ℓ) = 2.13350408627051
 Δβ/SD[β] = -0.000987941944221907 0.113489793617999 -0.00940070441644468 -0.288131871378769 -0.00798599324225648 0.0311995272795279
Maximizing likelihood @ n=256×775=198400
 SD[log(ℓ)] = 1.44547948797922
 Δlog(ℓ) = 3.5018122592237
 Δβ/SD[β] = -0.114146061858298 0.0791882756985162 -0.0425381521881137 -0.250136839962395 0.161247501453655 0.0115737541229777
Maximizing likelihood @ n=512×775=396800
 SD[log(ℓ)] = 1.01334422172281
 Δlog(ℓ) = -0.112375451123057
 Δβ/SD[β] = 0.0366545951603908 -0.0504675877566533 -0.0027271371235625 -0.253476524126632 -0.0107734660274204 0.0359224478165336
Maximizing likelihood @ n=1024×775=793600
 SD[log(ℓ)] = 0.7087343736803
 Δlog(ℓ) = 1.54304528468856
 Δβ/SD[β] = -0.0585323086760002 0.0499642007170217 0.0244204685738959 -0.253389644346307 0.0228799975277942 0.062790536499399
Maximizing likelihood @ n=2048×775=1587200
 SD[log(ℓ)] = 0.508607185561011
 Δlog(ℓ) = 0.278689193014372
 Δβ/SD[β] = 0.015946313135429 -0.0152292897507293 -0.0181620132412333 -0.0439087441999861 0.0268989036566806 -0.0399366350545239
Maximizing likelihood @ n=4096×775=3174400
 SD[log(ℓ)] = 0.358821381487016
 Δlog(ℓ) = 0.341622745915146
 Δβ/SD[β] = 0.0345970488980869 0.0312656619171958 0.0238758085545615 0.0553617354772452 0.01304578886311 -0.00769569601633718
Maximizing likelihood @ n=8192×775=6348800
 SD[log(ℓ)] = 0.260179799363055
 Δlog(ℓ) = 0.249795787114181
 Δβ/SD[β] = 0.00106884413300636 0.0285205344589988 -0.0275109937689498 0.0169229735184723 0.0147978907802046 -0.0303395024651752
Maximizing likelihood @ n=16384×775=12697600
 SD[log(ℓ)] = 0.230999225504807
 Δlog(ℓ) = 0.136050395852095
 Δβ/SD[β] = -0.00266995778674474 0.0316125221192228 -0.0183102611660347 -0.0234899085643286 -0.0283553988271694 -0.0293017711120997
Calculating Hessian
Maximizing likelihood @ n=1×775=775
 SD[log(ℓ)] = 12.5672929288927
 Δlog(ℓ) = Inf
 Δβ/SD[β] = 0.291997551275157 0.0372010948505969 0.0290452900248911 -1.30019639917731 0.682650087305951 0.116808819607847
Maximizing likelihood @ n=2×775=1550
 SD[log(ℓ)] = 10.4320181639697
 Δlog(ℓ) = 29.0551313944457
 Δβ/SD[β] = -0.220085872268455 -0.0964271649310666 -0.333770324128118 -0.0226406102029133 1.51267126325649 1.56547824543754
Maximizing likelihood @ n=4×775=3100
 SD[log(ℓ)] = 8.42145911508877
 Δlog(ℓ) = 29.1169854536448
 Δβ/SD[β] = 0.0206370463997025 0.0422314086784584 -0.30657653785262 -0.185969063958949 0.153372275302862 0.159637025381946
Maximizing likelihood @ n=8×775=6200
 SD[log(ℓ)] = 6.45805587516789
 Δlog(ℓ) = 15.1840983997127
 Δβ/SD[β] = -0.0490797211120927 0.162671166537663 0.0191480407204942 -0.113328157094326 1.01065453238297 0.374535027378523
Maximizing likelihood @ n=16×775=12400
 SD[log(ℓ)] = 4.83265135074499
 Δlog(ℓ) = 7.5468049183572
 Δβ/SD[β] = -0.0426257433818562 0.039031846073634 -0.0307525580809944 -0.0545657844800895 0.0526245787426147 -0.0122577379522954
Maximizing likelihood @ n=32×775=24800
 SD[log(ℓ)] = 3.63253320009467
 Δlog(ℓ) = 6.68537103889636
 Δβ/SD[β] = -0.0611796986173231 0.0772307428574995 -0.134122361123827 -0.628734324226088 0.233965996018333 -0.0209949230515183
Maximizing likelihood @ n=64×775=49600
 SD[log(ℓ)] = 2.62295596094528
 Δlog(ℓ) = -1.78243065929129
 Δβ/SD[β] = 0.0215728453823315 -0.0246205252555531 -0.030874129914193 0.0344715656705778 0.00790248796500509 -0.061806630330868
Maximizing likelihood @ n=128×775=99200
 SD[log(ℓ)] = 1.90213232211519
 Δlog(ℓ) = 3.31018278203223
 Δβ/SD[β] = 0.0168924377598872 -0.188632178695606 0.0313670609069323 -0.470899543582033 0.115172978695083 -0.314929446206588
Maximizing likelihood @ n=256×775=198400
 SD[log(ℓ)] = 1.45406832243476
 Δlog(ℓ) = -2.00119650346417
 Δβ/SD[β] = -0.0529451654473464 -0.059245948787488 0.081030264423463 0.287816501048819 -0.0326567615361709 0.0157882626894354
Maximizing likelihood @ n=512×775=396800
 SD[log(ℓ)] = 1.14404498956197
 Δlog(ℓ) = 0.606302318181093
 Δβ/SD[β] = -0.194328144611053 -0.235235935902178 0.00898339776927611 0.108298975752236 -0.0138817597672479 0.153464163854698
Maximizing likelihood @ n=1024×775=793600
 SD[log(ℓ)] = 0.78629898796006
 Δlog(ℓ) = 1.02901020011839
 Δβ/SD[β] = -0.0318573373366696 5.41146153095251e-05 0.00817702157149446 -0.236514573549171 0.0559725816804786 0.0407423758324815
Maximizing likelihood @ n=2048×775=1587200
 SD[log(ℓ)] = 0.542939345945923
 Δlog(ℓ) = -0.196062046534337
 Δβ/SD[β] = 0.00263275085688686 -0.0367971165760114 0.00102036343694109 -0.0770145430878385 -0.0095436038537348 0.00905933955134465
Maximizing likelihood @ n=4096×775=3174400
 SD[log(ℓ)] = 0.372036997465177
 Δlog(ℓ) = -0.171995301775354
 Δβ/SD[β] = 0.00653858492786091 -0.0106708598902831 0.0020557691038321 -0.0353038892027324 0.00568259676453298 0.00699618663807801
Maximizing likelihood @ n=8192×775=6348800
 SD[log(ℓ)] = 0.274608973235321
 Δlog(ℓ) = -0.148130607712943
 Δβ/SD[β] = -0.00730892299049403 -0.0349562260117073 0.0294263992120212 0.0328693079947422 -0.00879047831133719 -0.0366162635611895
Maximizing likelihood @ n=16384×775=12697600
 SD[log(ℓ)] = 0.194213095366352
 Δlog(ℓ) = 0.0554562165174843
 Δβ/SD[β] = -0.0114507593459275 -0.00917852600712118 -0.00216686421585266 -0.0380106739561402 0.00160256061825893 -0.00256145312120593
Calculating Hessian
Maximizing likelihood @ n=1×775=775
 SD[log(ℓ)] = 11.8517863049555
 Δlog(ℓ) = Inf
 Δβ/SD[β] = -2.21079168958361 -1.08302566434635 1.77332037958471 -49.1665053800029 3.54105306131529 2.69332125646942
Maximizing likelihood @ n=2×775=1550
 SD[log(ℓ)] = 10.1817032629246
 Δlog(ℓ) = 39.5153085251059
 Δβ/SD[β] = 0.0407259711121218 0.320412023982045 -0.791658079714675 -1.15419476656678 3.45981593675595 0.284482782062382
Maximizing likelihood @ n=4×775=3100
 SD[log(ℓ)] = 8.12077186189616
 Δlog(ℓ) = 27.2558860208822
 Δβ/SD[β] = 0.100333891612867 0.15136467809801 -0.167689400063501 -0.142735068931316 0.208854379840382 0.230230822098023
Maximizing likelihood @ n=8×775=6200
 SD[log(ℓ)] = 6.01659100317987
 Δlog(ℓ) = 11.9703257942274
 Δβ/SD[β] = 0.156386105162299 0.577873585185304 0.104814491967396 0.13632337158526 0.0807252285837702 0.101409377439377
Maximizing likelihood @ n=16×775=12400
 SD[log(ℓ)] = 4.65067945942769
 Δlog(ℓ) = 10.9016689886839
 Δβ/SD[β] = 0.103384219924429 0.0946880816954217 -0.418435675711382 -1.37641429157277 0.361214942002703 0.314498122611403
Maximizing likelihood @ n=32×775=24800
 SD[log(ℓ)] = 3.55578175527116
 Δlog(ℓ) = 8.44811547608046
 Δβ/SD[β] = 0.414701382963483 -0.0374852385881213 0.166117739071703 -1.03822303277605 0.346840392053608 -0.146638556163195
Maximizing likelihood @ n=64×775=49600
 SD[log(ℓ)] = 2.62893935014643
 Δlog(ℓ) = -0.784595939227302
 Δβ/SD[β] = -0.0191993688819038 0.0841185202063424 0.188051785649403 -0.711072246704719 -0.018912338751621 -0.11763412390083
Maximizing likelihood @ n=128×775=99200
 SD[log(ℓ)] = 1.9329202675798
 Δlog(ℓ) = 7.01179876840811
 Δβ/SD[β] = -0.00718829691491661 0.00984804097530109 -0.0650844068895571 -0.0804298046591402 0.017224740087147 -0.00763078001891903
Maximizing likelihood @ n=256×775=198400
 SD[log(ℓ)] = 1.38311103602036
 Δlog(ℓ) = 1.82247601809493
 Δβ/SD[β] = 0.0217624633321074 0.064741760576266 -0.107876702749245 -0.371469304013998 0.0238310589115253 0.0396393612278443
Maximizing likelihood @ n=512×775=396800
 SD[log(ℓ)] = 0.982560814091273
 Δlog(ℓ) = 2.37285151459949
 Δβ/SD[β] = 0.0312837169334543 0.0226473291403557 -0.00175058611729943 -0.144233817078407 0.0274839733110504 0.0120798632343915
Maximizing likelihood @ n=1024×775=793600
 SD[log(ℓ)] = 0.714367685342737
 Δlog(ℓ) = 0.788333658294704
 Δβ/SD[β] = -0.0256660992058866 0.0356519216462998 -0.0312264769977779 -0.0599554800448769 0.0120730876532096 -0.0534984435466139
Maximizing likelihood @ n=2048×775=1587200
 SD[log(ℓ)] = 0.508909173306182
 Δlog(ℓ) = 0.267623620606173
 Δβ/SD[β] = -0.00896371137857941 0.0256085058653397 -0.0377500072572293 -0.055041680828388 0.0072506785535675 -0.00849637689968749
Maximizing likelihood @ n=4096×775=3174400
 SD[log(ℓ)] = 0.358749852696045
 Δlog(ℓ) = -0.187028909041288
 Δβ/SD[β] = 0.0071517555748235 0.00512198888726441 -0.00186046221146425 0.0356139152763048 -0.00249846068832706 0.000479784692527936
Maximizing likelihood @ n=8192×775=6348800
 SD[log(ℓ)] = 0.257980834596938
 Δlog(ℓ) = 0.344034278492387
 Δβ/SD[β] = 0.00447660713323876 0.0391120068574515 -0.0226442411031364 -0.0381244764095287 0.0244584320172838 -0.0186974621843149
Maximizing likelihood @ n=16384×775=12697600
 SD[log(ℓ)] = 0.185165358030894
 Δlog(ℓ) = 0.134262127259319
 Δβ/SD[β] = 0.0109931684981221 0.0845703740049563 -0.00322058773252505 0.00802594999057241 0.0014767009839709 -0.0313944676094835
Calculating Hessian
Maximizing likelihood @ n=1×775=775
 SD[log(ℓ)] = 11.6848761360122
 Δlog(ℓ) = Inf
 Δβ/SD[β] = 0.357741962283135 0.0111774538649537 0.0364577121078213 -1.23106568665932 0.598211780256823 0.116671788830108
Maximizing likelihood @ n=2×775=1550
 SD[log(ℓ)] = 10.4436488519263
 Δlog(ℓ) = 45.2936252948338
 Δβ/SD[β] = 1.91287604277614 3.80647295018892 2.1792758096839 -0.229987903903972 0.498495158830781 -0.0243416797190994
Maximizing likelihood @ n=4×775=3100
 SD[log(ℓ)] = 8.24752379918701
 Δlog(ℓ) = 27.8026738700264
 Δβ/SD[β] = 1.18534793383095 1.16288848271757 1.73849315706048 0.0915128313354942 0.137758135003735 0.775597185152844
Maximizing likelihood @ n=8×775=6200
 SD[log(ℓ)] = 6.57719047210021
 Δlog(ℓ) = 25.2210374652221
 Δβ/SD[β] = 15.5633323906922 13.22973668417 14.7488410952904 10.4919770704826 3.0988935160412 1.95550222686024
Maximizing likelihood @ n=16×775=12400
 SD[log(ℓ)] = 4.99846667193014
 Δlog(ℓ) = 15.6771005600417
 Δβ/SD[β] = 0.156487311022758 0.154829159630549 0.158921642744295 0.25118589714506 0.0694272124701396 0.109803227272838
Maximizing likelihood @ n=32×775=24800
 SD[log(ℓ)] = 3.69415035654425
 Δlog(ℓ) = 10.1126102501088
 Δβ/SD[β] = 0.558758912278033 1.0152291472256 0.748249207278166 -0.215397186061332 0.443511363820242 0.10434270549113
Maximizing likelihood @ n=64×775=49600
 SD[log(ℓ)] = 2.68475987281523
 Δlog(ℓ) = 2.36599342349444
 Δβ/SD[β] = 0.142754181677502 0.236235838382579 0.0643562662510972 -0.415666783121825 0.249850949456067 0.513967206109734
Maximizing likelihood @ n=128×775=99200
 SD[log(ℓ)] = 1.92696461192981
 Δlog(ℓ) = 3.59131949084463
 Δβ/SD[β] = 0.107243589305066 0.169467759798899 0.149365635887837 -0.0333219562559204 0.258606188362968 0.00575431747532662
Maximizing likelihood @ n=256×775=198400
 SD[log(ℓ)] = 1.36497845480604
 Δlog(ℓ) = -0.0473256059714799
 Δβ/SD[β] = 0.00217468132688439 -0.00149244468354232 -0.000167444878372998 -0.000386971118017561 0.000891200983733164 0.000352508700528076
Maximizing likelihood @ n=512×775=396800
 SD[log(ℓ)] = 0.969905904798573
 Δlog(ℓ) = -0.436409305378447
 Δβ/SD[β] = 0.0386670704841182 -0.114160833324239 0.0451333941081417 -0.0344011048292299 0.0760208164850986 0.0126663033670558
Maximizing likelihood @ n=1024×775=793600
 SD[log(ℓ)] = 0.685014715373778
 Δlog(ℓ) = 0.332094255943844
 Δβ/SD[β] = -0.00345074290015655 -0.0729027788365247 0.0546989812912803 0.000941110426679551 0.0339850712657986 0.0496934543858063
Maximizing likelihood @ n=2048×775=1587200
 SD[log(ℓ)] = 0.485446722607328
 Δlog(ℓ) = 0.342954744015231
 Δβ/SD[β] = 0.025946755530359 0.00392134490149466 0.00018640041180549 -0.0253433887447592 0.000880055875815644 0.00605750344181629
Maximizing likelihood @ n=4096×775=3174400
 SD[log(ℓ)] = 0.343513706982967
 Δlog(ℓ) = 0.567254085650575
 Δβ/SD[β] = -0.0285673459173924 -0.0225789918489843 0.04003967667278 -0.044978496384984 0.0220452501612537 0.0205047628236149
Maximizing likelihood @ n=8192×775=6348800
 SD[log(ℓ)] = 0.243198176736698
 Δlog(ℓ) = 0.0823044077709483
 Δβ/SD[β] = 0.0157385201067572 0.00960889185337446 -0.0206721022351202 -0.01655593378781 0.00756898929276999 0.00028152862747568
Maximizing likelihood @ n=16384×775=12697600
 SD[log(ℓ)] = 0.172511078268055
 Δlog(ℓ) = 0.0459429425443432
 Δβ/SD[β] = 0.0233566060037297 0.0384912886043296 0.0203134042117922 -0.0705764576131554 0.0283762826077626 0.0612292459763045
Calculating Hessian
There were 16 warnings (use warnings() to see them)
Script complete
Sat Nov 16 04:11:12 MST 2024
