Sat Nov 16 00:23:10 MST 2024
Initiating script
── Attaching core tidyverse packages ──────────────────────── tidyverse 2.0.0 ──
✔ dplyr     1.1.4     ✔ readr     2.1.5
✔ forcats   1.0.0     ✔ stringr   1.5.1
✔ ggplot2   3.5.1     ✔ tibble    3.2.1
✔ lubridate 1.9.3     ✔ tidyr     1.3.1
✔ purrr     1.0.2     
── Conflicts ────────────────────────────────────────── tidyverse_conflicts() ──
✖ ggplot2::annotate() masks ctmm::annotate()
✖ dplyr::filter()     masks stats::filter()
✖ dplyr::lag()        masks stats::lag()
ℹ Use the conflicted package (<http://conflicted.r-lib.org/>) to force all conflicts to become errors
Linking to GEOS 3.9.5, GDAL 3.8.5, PROJ 9.4.0; sf_use_s2() is TRUE
Loading required package: sp

Attaching package: ‘raster’

The following object is masked from ‘package:dplyr’:

    select

The following objects are masked from ‘package:ctmm’:

    projection, projection<-

terra 1.7.78

Attaching package: ‘terra’

The following object is masked from ‘package:tidyr’:

    extract

The following objects are masked from ‘package:ctmm’:

    distance, meta

[1] "/home/u15/mmercer3/proj/habitat_analysis_class/Final/Model_Fit_Results/Rocky_rr.Rda"
     [,1]                                
[1,] "Data loaded at 2024-11-16 00:23:20"
Reading layer `major' from data source 
  `/home/u15/mmercer3/proj/habitat_analysis_class/Final/Major_Roads' 
  using driver `ESRI Shapefile'
Simple feature collection with 411 features and 7 fields
Geometry type: LINESTRING
Dimension:     XY
Bounding box:  xmin: 477946 ymin: 3545735 xmax: 511807.9 ymax: 3592212
Projected CRS: WGS 84 / UTM zone 12N
     [,1]                                 
[1,] "Roads loaded at 2024-11-16 00:23:20"
Default grid size of 59.9916666666667 minutes chosen for bandwidth(...,fast=TRUE).
|---------|---------|---------|---------|=========================================                                          [1] 1681968
[1] 1681968
Starting buffer 30 
Maximizing likelihood @ n=1×1258=1258
 SD[log(ℓ)] = 10.4194447870233
 Δlog(ℓ) = Inf
 Δβ/SD[β] = 2.84078416287467 -0.785883776867867 -0.397637268436573 -42.117828147425 3.57230887373678 6.30982644748808
Maximizing likelihood @ n=2×1258=2516
 SD[log(ℓ)] = 8.46372962359797
 Δlog(ℓ) = 28.4225829561184
 Δβ/SD[β] = -0.258760707878924 0.143876798098689 -0.116800255966172 -0.338019521587211 0.281257647799837 0.107533999971455
Maximizing likelihood @ n=4×1258=5032
 SD[log(ℓ)] = 6.61725186138662
 Δlog(ℓ) = 20.9098941552242
 Δβ/SD[β] = -0.0595153126715485 0.307856019085523 -0.13568329395971 -0.69293939190574 0.819944049519776 0.581909997414947
Maximizing likelihood @ n=8×1258=10064
 SD[log(ℓ)] = 4.93668531674332
 Δlog(ℓ) = 8.50922760768947
 Δβ/SD[β] = 0.0708140809269665 0.00237711882388858 0.0489659623669905 -0.0861934283604588 0.0774309107312603 0.0745974078663835
Maximizing likelihood @ n=16×1258=20128
 SD[log(ℓ)] = 3.66468621027478
 Δlog(ℓ) = 4.43986261870751
 Δβ/SD[β] = -0.0194103718468517 0.201719576268483 0.231762124774092 -0.109147918235944 0.00935200373505657 0.41480906485103
Maximizing likelihood @ n=32×1258=40256
 SD[log(ℓ)] = 2.64947576752675
 Δlog(ℓ) = -1.79861642380385
 Δβ/SD[β] = -0.00692814999664691 -0.0958536001437616 0.0729748038885539 -0.0413506744743888 0.00556328094230231 0.0173399876919613
Maximizing likelihood @ n=64×1258=80512
 SD[log(ℓ)] = 1.89402468137866
 Δlog(ℓ) = 1.86178371111404
 Δβ/SD[β] = -0.00778996765770973 -0.00139737261495282 -0.00421153392139635 -0.0316280830769975 0.0109640944334974 -0.0126322038260671
Maximizing likelihood @ n=128×1258=161024
 SD[log(ℓ)] = 1.3670946363733
 Δlog(ℓ) = 1.1574200288579
 Δβ/SD[β] = -0.0965181165706196 -0.176322811728501 0.279258557453045 0.00943671408775885 0.0887864014865287 0.122435668735671
Maximizing likelihood @ n=256×1258=322048
 SD[log(ℓ)] = 0.968452605536484
 Δlog(ℓ) = 0.727643473013217
 Δβ/SD[β] = -0.0282806749275599 -0.0447020521847908 0.0542093902994747 -0.00510161897875983 -0.0370468418282157 0.0160792813789417
Maximizing likelihood @ n=512×1258=644096
 SD[log(ℓ)] = 0.692392635219994
 Δlog(ℓ) = -0.233040573263935
 Δβ/SD[β] = -0.0296818235558385 0.0170091742373207 0.0432160144914717 0.00335586834516148 0.022546512723326 -0.0398632539579254
Maximizing likelihood @ n=1024×1258=1288192
 SD[log(ℓ)] = 0.493005210481334
 Δlog(ℓ) = 0.105876016102627
 Δβ/SD[β] = 0.0173838540679017 0.00110747455735979 0.0430510782702797 -0.00563212042870518 -0.0196254610965426 0.0526887872522665
Maximizing likelihood @ n=2048×1258=2576384
 SD[log(ℓ)] = 0.346576618014952
 Δlog(ℓ) = -0.645823488560836
 Δβ/SD[β] = -0.0326690192762861 -0.706452304109922 1.28583884021603 0.0394637670812897 0.00200429143905971 -0.0304254714909908
Maximizing likelihood @ n=4096×1258=5152768
 SD[log(ℓ)] = 0.246425008034973
 Δlog(ℓ) = -0.135187195877478
 Δβ/SD[β] = -0.00431615176678579 -0.00558235626146367 0.030208113544836 0.00852753041553798 0.0164889546428882 0.00093120119631441
Maximizing likelihood @ n=8192×1258=10305536
 SD[log(ℓ)] = 0.17407347516422
 Δlog(ℓ) = -0.0991487214350002
 Δβ/SD[β] = -0.00532516294147018 -0.0106654731919786 0.00483847119549292 -0.0204874531760761 -0.0245406432503808 0.00891990479423373
Maximizing likelihood @ n=16384×1258=20611072
 SD[log(ℓ)] = 0.124212038574236
 Δlog(ℓ) = 0.0638701179570944
 Δβ/SD[β] = -0.0178840520732025 -0.000849176021218869 0.0186765988525203 -0.0136253455963442 0.0138968744931414 0.0141545431887494
Calculating Hessian
Maximizing likelihood @ n=1×1258=1258
 SD[log(ℓ)] = 10.5574624754255
 Δlog(ℓ) = Inf
 Δβ/SD[β] = -0.289576580370227 0.024094403012584 0.0142686226764558 -1.13147037550551 0.448559137926732 0.320807924006899
Maximizing likelihood @ n=2×1258=2516
 SD[log(ℓ)] = 8.63792044805657
 Δlog(ℓ) = 34.5646729540904
 Δβ/SD[β] = 0.605055681135588 -0.287920216764936 0.0697862913252001 -0.63992237594427 0.251406173285817 0.236665602419879
Maximizing likelihood @ n=4×1258=5032
 SD[log(ℓ)] = 6.46203658564599
 Δlog(ℓ) = 8.05378341899694
 Δβ/SD[β] = -0.0151978001079604 0.161837825006296 -0.0677194624535032 -0.0294455705799534 0.0809451743601079 0.0419373158824703
Maximizing likelihood @ n=8×1258=10064
 SD[log(ℓ)] = 5.01030472258805
 Δlog(ℓ) = 15.1183728868646
 Δβ/SD[β] = 0.256140962129872 0.261060980643416 0.278295498409312 -1.17997935783232 0.617321487318718 0.243915617439903
Maximizing likelihood @ n=16×1258=20128
 SD[log(ℓ)] = 3.68516318025049
 Δlog(ℓ) = 0.943005854727261
 Δβ/SD[β] = 0.0274244152696697 -0.117628148037306 -0.0935249091618099 -0.0117041260996387 0.0373234228847668 0.0144579887039231
Maximizing likelihood @ n=32×1258=40256
 SD[log(ℓ)] = 2.69029849528034
 Δlog(ℓ) = 2.84471020215759
 Δβ/SD[β] = 0.0462302106377534 -0.532578846327464 0.153492183228216 -0.0588888883124803 0.00911443536846255 -0.0244145987390901
Maximizing likelihood @ n=64×1258=80512
 SD[log(ℓ)] = 1.93787510512483
 Δlog(ℓ) = 1.87829904523201
 Δβ/SD[β] = -0.00124864651636149 -0.416185261279049 -0.00891512966424226 -0.377592557700867 0.0762310808064166 0.334849464869999
Maximizing likelihood @ n=128×1258=161024
 SD[log(ℓ)] = 1.37701024346211
 Δlog(ℓ) = -0.689796344719582
 Δβ/SD[β] = 0.00425283142031191 -0.0292640710780865 0.0185625320111122 0.011224191573328 -0.0387808473571253 -0.00663685817699636
Maximizing likelihood @ n=256×1258=322048
 SD[log(ℓ)] = 0.973587122023211
 Δlog(ℓ) = 0.313466150031104
 Δβ/SD[β] = 0.0119521292656174 -0.0454491481406826 0.0426530745160331 0.00845731136821911 0.0683984613370344 0.0380954572974136
Maximizing likelihood @ n=512×1258=644096
 SD[log(ℓ)] = 0.694717428189759
 Δlog(ℓ) = -0.503817889624202
 Δβ/SD[β] = -0.0333445730280035 -0.0529569608226493 0.0525377066693294 -0.0207807099209724 -0.0797799797607418 -0.0144643491593363
Maximizing likelihood @ n=1024×1258=1288192
 SD[log(ℓ)] = 0.502163323094743
 Δlog(ℓ) = -0.0925810298011527
 Δβ/SD[β] = -0.0137329154206687 -0.0121503145096482 0.0532732712035374 0.0378015314601182 0.0332888146762619 -0.0187418296162064
Maximizing likelihood @ n=2048×1258=2576384
 SD[log(ℓ)] = 0.351534118565771
 Δlog(ℓ) = -0.23759736293411
 Δβ/SD[β] = 0.00117996899783383 -0.0106457924764113 0.101435207254495 0.00775112770684604 0.00154846071119503 0.00631212002771384
Maximizing likelihood @ n=4096×1258=5152768
 SD[log(ℓ)] = 0.249470834653672
 Δlog(ℓ) = -0.414674620524011
 Δβ/SD[β] = 0.199250035316235 -0.314950766748925 0.266172910843381 0.0220736243560052 -0.0321055421660925 0.0452285800791919
Maximizing likelihood @ n=8192×1258=10305536
 SD[log(ℓ)] = 0.175568568660583
 Δlog(ℓ) = -0.123035432730376
 Δβ/SD[β] = 0.0298337627556118 -0.0169441762013331 0.0427349910270321 0.00970875471056484 0.0345529424494264 -0.0587106966023223
Maximizing likelihood @ n=16384×1258=20611072
 SD[log(ℓ)] = 0.124067636762738
 Δlog(ℓ) = 0.115350398914046
 Δβ/SD[β] = -0.00124333288580973 -0.0107885089849738 0.0181785146954275 -9.81334076888675e-05 -0.0211179981745696 0.00317739307180534
Calculating Hessian
Maximizing likelihood @ n=1×1258=1258
 SD[log(ℓ)] = 10.1349030730848
 Δlog(ℓ) = Inf
 Δβ/SD[β] = 1.54444401937925 -1.08949449313809 1.72370425549098 -33.459924506492 3.54724144812643 5.62852265817818
Maximizing likelihood @ n=2×1258=2516
 SD[log(ℓ)] = 8.15229569991782
 Δlog(ℓ) = 26.3003753449883
 Δβ/SD[β] = 0.56526066767455 1.09111177485956 -0.256825534974116 -0.343809154682364 1.97211228387215 0.648613806122987
Maximizing likelihood @ n=4×1258=5032
 SD[log(ℓ)] = 6.49361709333387
 Δlog(ℓ) = 25.6730091467565
 Δβ/SD[β] = -0.0514204651808569 -0.171186800781793 -0.508240603118646 -1.06306559906698 0.890660640949025 0.927835467534024
Maximizing likelihood @ n=8×1258=10064
 SD[log(ℓ)] = 4.9801679782224
 Δlog(ℓ) = 10.1556569942889
 Δβ/SD[β] = 0.236468675349924 0.102614431915303 0.194442865382777 -0.224062449560978 0.0661812105370658 0.065728136022625
Maximizing likelihood @ n=16×1258=20128
 SD[log(ℓ)] = 3.64877300674279
 Δlog(ℓ) = 4.74616540689982
 Δβ/SD[β] = 0.0828025419632916 -0.016311639195862 -0.00885276137130208 -0.496619036359747 0.201448201154831 0.318054617054761
Maximizing likelihood @ n=32×1258=40256
 SD[log(ℓ)] = 2.65491044406967
 Δlog(ℓ) = 0.23629459072572
 Δβ/SD[β] = -0.000201870337510693 0.0878352701514945 -0.00710075952631565 -0.213491017479616 -0.0543439877178561 0.0133891478675108
Maximizing likelihood @ n=64×1258=80512
 SD[log(ℓ)] = 1.91172004373947
 Δlog(ℓ) = 1.90466200062966
 Δβ/SD[β] = -0.0614804176530531 0.0962041291413353 -0.111287073338508 -0.429750570973048 -0.000959551867183103 0.0302745958660427
Maximizing likelihood @ n=128×1258=161024
 SD[log(ℓ)] = 1.36848259404412
 Δlog(ℓ) = 1.31863235295091
 Δβ/SD[β] = -0.019280273100067 0.0178828138894154 -0.0106631328328139 -0.020803972284268 0.0870401248459536 0.000909276402202225
Maximizing likelihood @ n=256×1258=322048
 SD[log(ℓ)] = 0.981432272415718
 Δlog(ℓ) = 1.02880739102778
 Δβ/SD[β] = 0.0278306802878208 -0.0220660580026763 -0.0593675264177758 -0.077848089014092 -0.00145053930763177 0.0365424961465326
Maximizing likelihood @ n=512×1258=644096
 SD[log(ℓ)] = 0.692944331744456
 Δlog(ℓ) = 0.589984885406921
 Δβ/SD[β] = -0.146130082777652 -0.0458821128857041 -0.124677617118599 -0.0452652199722081 0.0729923583108996 0.0804879717865994
Maximizing likelihood @ n=1024×1258=1288192
 SD[log(ℓ)] = 0.494971990515457
 Δlog(ℓ) = 0.277027522501612
 Δβ/SD[β] = -0.0100372449334391 0.00392667119556341 -0.0255328803277705 -0.000300334448629269 0.0291724085612147 -0.0328065775935488
Maximizing likelihood @ n=2048×1258=2576384
 SD[log(ℓ)] = 0.34969621340648
 Δlog(ℓ) = -0.332548861372203
 Δβ/SD[β] = 0.00159566209745034 0.031168565535295 -0.0032703738829019 -0.0506562615992455 -0.0519285715100335 -0.0546646613678267
Maximizing likelihood @ n=4096×1258=5152768
 SD[log(ℓ)] = 0.249153975158064
 Δlog(ℓ) = -0.0592440065449011
 Δβ/SD[β] = -0.0104860273320795 0.000286746877143866 -0.0155894057017382 0.000852504747204787 0.0195116918217121 -0.0215565510351754
Maximizing likelihood @ n=8192×1258=10305536
 SD[log(ℓ)] = 0.175105842461352
 Δlog(ℓ) = -0.321922150611584
 Δβ/SD[β] = -0.0121225207200833 -0.0141555726408113 -0.0125128070878178 0.0182524327083444 0.00184842578751184 -0.0183886758885255
Maximizing likelihood @ n=16384×1258=20611072
 SD[log(ℓ)] = 0.124603328304104
 Δlog(ℓ) = -0.160395165200725
 Δβ/SD[β] = 0.00111633892578551 0.000290451096534766 -0.00890450863101361 0.0271633575573781 -0.00207497020942538 -0.00545301810012375
Calculating Hessian
Maximizing likelihood @ n=1×1258=1258
 SD[log(ℓ)] = 10.1837567511482
 Δlog(ℓ) = Inf
 Δβ/SD[β] = 6.83767591096418 3.21545986379347 -4.7640471372852 -32.8001671844409 4.57952443466414 2.47789962983385
Maximizing likelihood @ n=2×1258=2516
 SD[log(ℓ)] = 8.50981096849537
 Δlog(ℓ) = 36.4114489253246
 Δβ/SD[β] = 1.90086157545155 2.31995036557441 -1.00601262950721 -0.444457081376956 2.53424863988672 0.407120423082256
Maximizing likelihood @ n=4×1258=5032
 SD[log(ℓ)] = 6.64089508241784
 Δlog(ℓ) = 19.5151825553631
 Δβ/SD[β] = 1.09420177024184 0.675576000128826 -0.536318311437808 -1.37577035848346 0.983548193393013 0.23606515222435
Maximizing likelihood @ n=8×1258=10064
 SD[log(ℓ)] = 5.05821590556843
 Δlog(ℓ) = 15.9699857857462
 Δβ/SD[β] = 0.690099320403603 0.0775801737013276 -0.54839041626683 -0.259897711242542 0.975458205945486 0.705332980602005
Maximizing likelihood @ n=16×1258=20128
 SD[log(ℓ)] = 3.74665307932866
 Δlog(ℓ) = 7.71920268366713
 Δβ/SD[β] = 0.26555298949495 0.452152747156276 -0.00174422852686766 -0.759081547843243 0.268288745061764 0.455277944229142
Maximizing likelihood @ n=32×1258=40256
 SD[log(ℓ)] = 2.70647527811272
 Δlog(ℓ) = 2.99408744902846
 Δβ/SD[β] = 0.0278734303020615 -0.0516988040360325 0.0795767068524829 -0.266651465639928 0.223675845559653 -0.0530117500228948
Maximizing likelihood @ n=64×1258=80512
 SD[log(ℓ)] = 1.93736435582012
 Δlog(ℓ) = 0.106615648616526
 Δβ/SD[β] = 0.0557638168769892 -0.124075043006674 -0.152979087429602 -0.170142087676086 -0.00928764248992141 -0.0810102116385087
Maximizing likelihood @ n=128×1258=161024
 SD[log(ℓ)] = 1.3800643237909
 Δlog(ℓ) = 1.05041434873274
 Δβ/SD[β] = -0.123724569655888 0.0243362863644748 0.0624135123092687 -0.464164409929926 -0.0570599738279044 -0.00640026490367679
Maximizing likelihood @ n=256×1258=322048
 SD[log(ℓ)] = 0.973857542920172
 Δlog(ℓ) = 0.489846973881583
 Δβ/SD[β] = -0.126556525352038 -0.138519148273782 0.148677035566439 -0.00404792622365428 -0.0139044837202069 0.077505636034253
Maximizing likelihood @ n=512×1258=644096
 SD[log(ℓ)] = 0.693376212890215
 Δlog(ℓ) = 0.870993006069369
 Δβ/SD[β] = 0.000955555857440186 0.0232330828637839 0.0845075478216658 -0.0582501771746661 0.0557808230684957 0.0351254617488719
Maximizing likelihood @ n=1024×1258=1288192
 SD[log(ℓ)] = 0.489730237042829
 Δlog(ℓ) = 0.358714722237409
 Δβ/SD[β] = -0.014555361400911 -0.0286991444573992 0.0305302502516613 -0.0448695014515071 -0.0722878186194323 0.0759882098796223
Maximizing likelihood @ n=2048×1258=2576384
 SD[log(ℓ)] = 0.348173224029022
 Δlog(ℓ) = -0.689005485551831
 Δβ/SD[β] = -0.0828618411004544 0.0245233808465568 0.0414288489504661 -0.0117018643645497 0.0415858397203939 0.141283978399072
Maximizing likelihood @ n=4096×1258=5152768
 SD[log(ℓ)] = 0.245956078945956
 Δlog(ℓ) = 0.277875060930455
 Δβ/SD[β] = -0.0288959537872825 -0.0169063307691159 0.0143230586420827 -0.00673464589429564 0.0233590011110952 0.00849375716722186
Maximizing likelihood @ n=8192×1258=10305536
 SD[log(ℓ)] = 0.174287932526523
 Δlog(ℓ) = -0.0412601771215861
 Δβ/SD[β] = 0.00793616776440441 -0.0220386896430484 0.0172243369297625 0.00312052231671498 -0.0133478144975624 0.00989972089703193
Maximizing likelihood @ n=16384×1258=20611072
 SD[log(ℓ)] = 0.123335736996153
 Δlog(ℓ) = 0.272921178523347
 Δβ/SD[β] = -0.0157180865821777 -0.0179815001017166 0.000583494029804314 -0.0121154864730604 0.0205780427030105 0.00366830048959456
Calculating Hessian
Starting buffer 750 
Maximizing likelihood @ n=1×1258=1258
 SD[log(ℓ)] = 9.5710969134231
 Δlog(ℓ) = Inf
 Δβ/SD[β] = 3.75951360270468 0.893324343208069 0.318973820384308 -31.7001843557801 3.22077563517836 4.34214711119343
Maximizing likelihood @ n=2×1258=2516
 SD[log(ℓ)] = 8.28176250105782
 Δlog(ℓ) = 42.2708603570935
 Δβ/SD[β] = 0.804465345049435 -0.809469329226299 -0.0333831038667496 -0.181000263692916 0.331194166231084 0.363693939890797
Maximizing likelihood @ n=4×1258=5032
 SD[log(ℓ)] = 6.46054498187866
 Δlog(ℓ) = 16.5311079984102
 Δβ/SD[β] = 0.3350969672853 0.279133621587176 -0.000470562529134222 -0.0410979704263483 1.06914053456158 0.944955687796826
Maximizing likelihood @ n=8×1258=10064
 SD[log(ℓ)] = 4.81013922524345
 Δlog(ℓ) = 7.35019418455585
 Δβ/SD[β] = 0.0667283328032737 -0.184945686809334 0.177219944069193 -0.00276152463918837 0.0461601788745699 0.0685375635879933
Maximizing likelihood @ n=16×1258=20128
 SD[log(ℓ)] = 3.58191339713659
 Δlog(ℓ) = 7.01198168596343
 Δβ/SD[β] = 0.052903958623844 0.0505616573041267 -0.0248327440546353 -0.192393859598139 0.0277597206336079 -0.00582696324288384
Maximizing likelihood @ n=32×1258=40256
 SD[log(ℓ)] = 2.64021261486643
 Δlog(ℓ) = 3.24349722703499
 Δβ/SD[β] = 0.0892238189341628 -0.00124626342592991 0.0213914522827356 -0.229098397459045 0.199077176830655 0.0122908586905333
Maximizing likelihood @ n=64×1258=80512
 SD[log(ℓ)] = 1.9241359048812
 Δlog(ℓ) = 3.42428425959065
 Δβ/SD[β] = -0.103915895774142 -0.0828857378026727 0.102823554720126 -0.302790633350381 0.097488474431621 0.194713475288642
Maximizing likelihood @ n=128×1258=161024
 SD[log(ℓ)] = 1.37503124619513
 Δlog(ℓ) = 0.771501151358706
 Δβ/SD[β] = -0.0493629456175068 -0.077657070097168 0.115600915040397 -0.242923401457616 -0.0184657631947855 -0.0649622859476821
Maximizing likelihood @ n=256×1258=322048
 SD[log(ℓ)] = 0.98125357496718
 Δlog(ℓ) = 0.837747165956046
 Δβ/SD[β] = -0.00579206790729564 -0.00191596383436793 0.0577852735736171 0.109382176816979 0.0526508551285761 0.0112822255952684
Maximizing likelihood @ n=512×1258=644096
 SD[log(ℓ)] = 0.698575809828254
 Δlog(ℓ) = -0.376157261742634
 Δβ/SD[β] = -0.00382743191544278 -0.0190473877881618 0.0265570079554689 -0.0534776942242806 0.015759604012711 -0.0245607978306402
Maximizing likelihood @ n=1024×1258=1288192
 SD[log(ℓ)] = 0.493472825384643
 Δlog(ℓ) = -0.13420353857623
 Δβ/SD[β] = -0.0219733489709822 -0.0538928862999374 0.0195786655160309 0.0534114263505332 -0.0192730069446452 -0.0525934991637658
Maximizing likelihood @ n=2048×1258=2576384
 SD[log(ℓ)] = 0.350178368902137
 Δlog(ℓ) = 0.724080795549384
 Δβ/SD[β] = -0.00874024341540625 -0.0025697871704272 0.0460847063505018 -0.0474608308568195 0.0213839350555203 0.0385372806431424
Maximizing likelihood @ n=4096×1258=5152768
 SD[log(ℓ)] = 0.246492533355404
 Δlog(ℓ) = -0.295705879707157
 Δβ/SD[β] = -0.0133021353726489 0.00765254118773985 0.00681766313151063 0.0429283528105077 0.00608609548808821 -0.00355890236579184
Maximizing likelihood @ n=8192×1258=10305536
 SD[log(ℓ)] = 0.174238891307503
 Δlog(ℓ) = 0.294401236710854
 Δβ/SD[β] = 0.0388550881880662 -0.0804116571344096 0.0844680457683302 0.0436346888253722 -0.0160928403912015 -0.0360920184135927
Maximizing likelihood @ n=16384×1258=20611072
 SD[log(ℓ)] = 0.123876734764498
 Δlog(ℓ) = 0.14926951307794
 Δβ/SD[β] = 0.0259773528251631 -0.00630072882687904 0.00869207709766589 -0.0287483424050567 0.00038572141536602 0.0342464058635605
Calculating Hessian
Maximizing likelihood @ n=1×1258=1258
 SD[log(ℓ)] = 9.71590449051787
 Δlog(ℓ) = Inf
 Δβ/SD[β] = -0.832588662244284 -2.02059772516492 -0.194445598668055 -35.9513077843942 2.52765592727767 4.50154904582734
Maximizing likelihood @ n=2×1258=2516
 SD[log(ℓ)] = 7.99595955294234
 Δlog(ℓ) = 27.2169002520242
 Δβ/SD[β] = 0.0357010856804184 0.846044778246871 0.33805273939796 0.400665775226961 2.34555198356011 1.0192409581436
Maximizing likelihood @ n=4×1258=5032
 SD[log(ℓ)] = 6.39567780860621
 Δlog(ℓ) = 26.0713020002069
 Δβ/SD[β] = 0.0660163121281422 0.471722810755452 0.703986719566057 -0.206533085063688 0.177990567599079 0.254503378678588
Maximizing likelihood @ n=8×1258=10064
 SD[log(ℓ)] = 4.77425723443458
 Δlog(ℓ) = 8.9493572287254
 Δβ/SD[β] = -0.047545417960766 0.0536439128938821 -0.111297596647581 -0.568724421315165 0.292853519668431 0.412047710527673
Maximizing likelihood @ n=16×1258=20128
 SD[log(ℓ)] = 3.56813218747512
 Δlog(ℓ) = 5.63779049105173
 Δβ/SD[β] = -0.153503172602493 -0.042498365421275 0.190902243288624 -0.397791518387272 0.289471416733649 0.497538956590317
Maximizing likelihood @ n=32×1258=40256
 SD[log(ℓ)] = 2.61867641370873
 Δlog(ℓ) = 5.09150379281922
 Δβ/SD[β] = -0.0409718471669448 -0.181606740082299 -0.040115948478284 -0.132725883436042 0.0878805786142121 0.265995270801064
Maximizing likelihood @ n=64×1258=80512
 SD[log(ℓ)] = 1.88407743845027
 Δlog(ℓ) = 3.09900485842491
 Δβ/SD[β] = 0.0114458007226017 -0.0893558604529838 0.0295150662279377 0.044430054700821 0.125153896239669 0.16986363560326
Maximizing likelihood @ n=128×1258=161024
 SD[log(ℓ)] = 1.34965763636889
 Δlog(ℓ) = 0.384144295879139
 Δβ/SD[β] = 0.000370959674412425 -0.00678348158691455 -0.00820013190949033 0.0139249961266494 0.0544240545850342 0.073774745845841
Maximizing likelihood @ n=256×1258=322048
 SD[log(ℓ)] = 0.983831050233872
 Δlog(ℓ) = 0.701488056384335
 Δβ/SD[β] = 0.00446271149328405 0.0037289969594773 0.0149456828992291 0.0216864194579782 -0.0259779332839959 0.0338472881529393
Maximizing likelihood @ n=512×1258=644096
 SD[log(ℓ)] = 0.693381844651182
 Δlog(ℓ) = 0.625607941441416
 Δβ/SD[β] = -0.021951217248812 -0.0172952665586349 -0.00326721561873957 -0.0608847003349439 -0.00405539125149599 0.0443284082097269
Maximizing likelihood @ n=1024×1258=1288192
 SD[log(ℓ)] = 0.491238699130152
 Δlog(ℓ) = -0.166370229892749
 Δβ/SD[β] = -0.00866153040240427 -0.0118805841475528 -0.00665976824545477 0.0351769414501725 0.0422608834640277 0.0266603831235365
Maximizing likelihood @ n=2048×1258=2576384
 SD[log(ℓ)] = 0.349025953513989
 Δlog(ℓ) = 0.0247381117244458
 Δβ/SD[β] = 0.00779645237888538 -0.0255223680181912 0.011509455843501 0.0528833663520415 0.0101730522495325 0.0419215576782011
Maximizing likelihood @ n=4096×1258=5152768
 SD[log(ℓ)] = 0.247027512200744
 Δlog(ℓ) = 0.376417788293594
 Δβ/SD[β] = -0.00780351789429464 -0.00211209572509057 -0.0265797050457215 -0.0564404666613503 0.0041396246348611 0.0415855447412453
Maximizing likelihood @ n=8192×1258=10305536
 SD[log(ℓ)] = 0.174975949716833
 Δlog(ℓ) = 0.585962520853741
 Δβ/SD[β] = 0.00708744468981466 -0.0304280648528199 0.00329746068412897 -0.0520126561091939 0.0134608130678488 -0.00929535012537068
Maximizing likelihood @ n=16384×1258=20611072
 SD[log(ℓ)] = 0.124679575101578
 Δlog(ℓ) = 0.00897994975159122
 Δβ/SD[β] = 0.00120777474026686 -0.00912858000464694 0.00460032959103565 -0.00268748181783287 -0.010127766351504 -0.00957123866969311
Calculating Hessian
Maximizing likelihood @ n=1×1258=1258
 SD[log(ℓ)] = 9.44600234628488
 Δlog(ℓ) = Inf
 Δβ/SD[β] = 1.2000798215316 -0.514611108473331 0.79483633118662 -38.4198068670663 3.69307765323237 4.93311818639232
Maximizing likelihood @ n=2×1258=2516
 SD[log(ℓ)] = 7.74524982246634
 Δlog(ℓ) = 29.6934867587049
 Δβ/SD[β] = -0.0653136964618477 -0.0711496774260182 0.0683326073081254 -0.146909495854904 0.254735600560543 0.0960904233295991
Maximizing likelihood @ n=4×1258=5032
 SD[log(ℓ)] = 6.19234457253826
 Δlog(ℓ) = 21.5407227969841
 Δβ/SD[β] = 0.773779424020251 0.653226525614963 -0.15904011283659 -1.07212658940548 1.07399879245567 1.11931952062336
Maximizing likelihood @ n=8×1258=10064
 SD[log(ℓ)] = 4.77677037910706
 Δlog(ℓ) = 17.0234818522928
 Δβ/SD[β] = 0.0906989280951865 0.0528273929092311 -0.115858459888327 -1.2604800133744 0.613553930461439 0.398897191683242
Maximizing likelihood @ n=16×1258=20128
 SD[log(ℓ)] = 3.55846068307376
 Δlog(ℓ) = 4.58718268552121
 Δβ/SD[β] = -0.00157731799372944 -0.011909006751753 0.060160719744256 -0.191479043710603 0.276939273859002 0.381258590886121
Maximizing likelihood @ n=32×1258=40256
 SD[log(ℓ)] = 2.6108488234768
 Δlog(ℓ) = 5.89055581817919
 Δβ/SD[β] = 0.111378546798873 0.218825853579124 -0.105449961661632 -0.418362766085399 0.158039756860729 0.335949322954308
Maximizing likelihood @ n=64×1258=80512
 SD[log(ℓ)] = 1.91195486415421
 Δlog(ℓ) = 3.96944400378197
 Δβ/SD[β] = 0.0280939680627327 -0.0310278939093954 0.0548921247459081 -0.155884666835415 0.177350998925326 0.0853543763989042
Maximizing likelihood @ n=128×1258=161024
 SD[log(ℓ)] = 1.36374353132194
 Δlog(ℓ) = 2.09178048882254
 Δβ/SD[β] = -0.0793397562024231 -0.0284239892548031 0.0867843786361278 -0.278851796409494 0.000721799452853956 -0.0484539162538944
Maximizing likelihood @ n=256×1258=322048
 SD[log(ℓ)] = 0.976149790496772
 Δlog(ℓ) = 1.35117819696072
 Δβ/SD[β] = -0.0223897514763092 0.0298622075677624 0.0203080898279632 0.0470888657224777 0.13432491130276 0.00637734731514571
Maximizing likelihood @ n=512×1258=644096
 SD[log(ℓ)] = 0.708356928426586
 Δlog(ℓ) = -0.174081124463441
 Δβ/SD[β] = -0.0158004561402986 0.0345485351400261 0.0547568596617966 0.157803600076731 0.00969476577544668 0.0178676359478798
Maximizing likelihood @ n=1024×1258=1288192
 SD[log(ℓ)] = 0.496631025498605
 Δlog(ℓ) = 0.455829150533646
 Δβ/SD[β] = -0.00381006351078374 -0.00855155749756979 0.0162391426134375 -0.0493607629474065 0.0429257783031701 0.0385438785209862
Maximizing likelihood @ n=2048×1258=2576384
 SD[log(ℓ)] = 0.356605373616424
 Δlog(ℓ) = 0.624854571079112
 Δβ/SD[β] = -0.0036403527155191 -0.0118357861879408 0.00736005354262568 -0.039350365941114 0.0137746456226907 -0.0113847232968926
Maximizing likelihood @ n=4096×1258=5152768
 SD[log(ℓ)] = 0.248654640121923
 Δlog(ℓ) = -0.0971996481709709
 Δβ/SD[β] = 0 0 0 0 0 0
Maximizing likelihood @ n=8192×1258=10305536
 SD[log(ℓ)] = 0.17510715385825
 Δlog(ℓ) = 0.0236540794892903
 Δβ/SD[β] = 0.00360804670249318 -0.00664225470635348 0.000111414328385069 -0.0145730930882289 -0.0133158607251962 0.00417187253494731
Maximizing likelihood @ n=16384×1258=20611072
 SD[log(ℓ)] = 0.123876320185948
 Δlog(ℓ) = 0.109623400049003
 Δβ/SD[β] = -0.00583234856888312 0.00219592818870393 0.0117355992527503 -0.0240830049806059 0.0153564296784812 -0.00587085521952062
Calculating Hessian
Maximizing likelihood @ n=1×1258=1258
 SD[log(ℓ)] = 10.2278581894182
 Δlog(ℓ) = Inf
 Δβ/SD[β] = 11.0504027572577 8.37296879284545 -7.56288766229998 -30.5635518631574 4.60435157684252 -0.391865817835102
Maximizing likelihood @ n=2×1258=2516
 SD[log(ℓ)] = 8.46545520356747
 Δlog(ℓ) = 28.6484408734074
 Δβ/SD[β] = 2.63911805532346 1.61047678713351 -2.06800993125523 0.248242480465577 2.21223396150793 -0.436054439424778
Maximizing likelihood @ n=4×1258=5032
 SD[log(ℓ)] = 6.84863834413009
 Δlog(ℓ) = 31.6296230068976
 Δβ/SD[β] = 1.44682051926689 1.25654491611765 -0.941770387679393 -0.86598529261122 1.62701518660563 -0.564704552981649
Maximizing likelihood @ n=8×1258=10064
 SD[log(ℓ)] = 5.17913350844778
 Δlog(ℓ) = 14.8069124641792
 Δβ/SD[β] = 0.825005767857192 0.354933365549605 -0.606151371887869 -0.637895288305708 0.911936657435264 -0.204556193134469
Maximizing likelihood @ n=16×1258=20128
 SD[log(ℓ)] = 3.76971261435886
 Δlog(ℓ) = 1.72882068441419
 Δβ/SD[β] = 0.197964404734663 -0.0354855275602191 -0.17381064794276 -0.0484096900284789 0.254450047535567 -0.024380013817847
Maximizing likelihood @ n=32×1258=40256
 SD[log(ℓ)] = 2.76711180853774
 Δlog(ℓ) = 8.42403405301044
 Δβ/SD[β] = 0.618138137836509 0.445567657536185 -0.580321983775516 -0.750405951097031 0.42376445343435 -0.250608940671851
Maximizing likelihood @ n=64×1258=80512
 SD[log(ℓ)] = 2.02007357740188
 Δlog(ℓ) = 3.24184744794115
 Δβ/SD[β] = 0.208566282802832 0.122140958412276 -0.140512952247893 -0.191013303005238 0.181624461219523 0.060149601598159
Maximizing likelihood @ n=128×1258=161024
 SD[log(ℓ)] = 1.42306162963552
 Δlog(ℓ) = 1.22418932412367
 Δβ/SD[β] = 0.0587100429712722 -0.0719417039216168 -0.0431137981332558 0.0248450397079319 0.0476504399163502 0.0109331270721593
Maximizing likelihood @ n=256×1258=322048
 SD[log(ℓ)] = 1.01176656633907
 Δlog(ℓ) = 0.868908805096595
 Δβ/SD[β] = 0.0729032166295697 -0.0053962308891159 -0.0180904241641016 -0.00980096765886973 0.0471196815143857 0.0278096561964468
Maximizing likelihood @ n=512×1258=644096
 SD[log(ℓ)] = 0.720900642877844
 Δlog(ℓ) = 1.0861197256005
 Δβ/SD[β] = 0.0222231131799748 -0.000856889505469767 -0.00659352193628301 -0.00952938230273959 0.0326812724225252 0.0130665568859251
Maximizing likelihood @ n=1024×1258=1288192
 SD[log(ℓ)] = 0.508834858274107
 Δlog(ℓ) = 0.413680592089662
 Δβ/SD[β] = 7.50356191347885e-05 0.0244883115284412 -0.0562076052109191 -0.0684358428770687 0.0134198614752194 0.0339758230908143
Maximizing likelihood @ n=2048×1258=2576384
 SD[log(ℓ)] = 0.360402444467431
 Δlog(ℓ) = 0.180933614265115
 Δβ/SD[β] = 0.0451036996931816 0.00380305375645625 0.0220239391467063 -0.033645889534263 0.00127397742059647 -0.0099728522381663
Maximizing likelihood @ n=4096×1258=5152768
 SD[log(ℓ)] = 0.255041312799532
 Δlog(ℓ) = -0.476339488283287
 Δβ/SD[β] = 0.0085979855704943 -0.00710372073008102 -0.0189509401814264 -0.0157607271121726 -0.0234453085214666 0.0036591290477644
Maximizing likelihood @ n=8192×1258=10305536
 SD[log(ℓ)] = 0.18037313295575
 Δlog(ℓ) = 0.0103159400839559
 Δβ/SD[β] = -0.0131580790674063 -0.0106017914025624 -0.0028101277352552 -0.0119854917492628 0.0174368224614554 0.00389135661213967
Maximizing likelihood @ n=16384×1258=20611072
 SD[log(ℓ)] = 0.12764355136564
 Δlog(ℓ) = -0.0889227116348081
 Δβ/SD[β] = -0.00814146346216763 0.00969273035207679 -0.00461142570628982 -0.0240663447025445 -0.0125063899984655 0.0501248996477273
Calculating Hessian
Starting buffer 1500 
Maximizing likelihood @ n=1×1258=1258
 SD[log(ℓ)] = 9.66644148556378
 Δlog(ℓ) = Inf
 Δβ/SD[β] = 4.52188320670525 -1.57454050719832 0.0442864869443481 -33.361286338308 3.54101647104495 5.93093994444682
Maximizing likelihood @ n=2×1258=2516
 SD[log(ℓ)] = 8.10220658593597
 Δlog(ℓ) = 36.6798894384708
 Δβ/SD[β] = -0.0508594830955791 -0.0244002592188377 0.152641769174377 -0.439589629341479 0.2253664171452 0.207937802321233
Maximizing likelihood @ n=4×1258=5032
 SD[log(ℓ)] = 6.45521013326772
 Δlog(ℓ) = 22.5816049362132
 Δβ/SD[β] = 0.269892854632263 0.573933749865357 -0.913436428052195 -1.46354096541538 1.22475817575442 0.417159092162856
Maximizing likelihood @ n=8×1258=10064
 SD[log(ℓ)] = 4.94164358609175
 Δlog(ℓ) = 15.0037978570948
 Δβ/SD[β] = -0.159666149488861 0.33016280123875 0.18307075677023 -0.136395995620075 0.0813944146904317 0.0822063106544046
Maximizing likelihood @ n=16×1258=20128
 SD[log(ℓ)] = 3.65519416174827
 Δlog(ℓ) = 4.81606578219859
 Δβ/SD[β] = -0.0684979010044145 -0.0281010896889823 -0.0995367577984289 -0.03886372339128 0.0387150727840857 0.0338171973269621
Maximizing likelihood @ n=32×1258=40256
 SD[log(ℓ)] = 2.68245630065241
 Δlog(ℓ) = 0.382758788322974
 Δβ/SD[β] = -0.0113077462133211 -0.00462941316073523 0.0238488206168082 0.0230431656454404 0.0462334668036495 0.139931261046367
Maximizing likelihood @ n=64×1258=80512
 SD[log(ℓ)] = 1.90099350550981
 Δlog(ℓ) = -1.71475596857761
 Δβ/SD[β] = 0.0100566070508304 0.0141962881563421 0.0238040409420018 0.0301253214254957 -0.0058879820755508 0.00562904290513091
Maximizing likelihood @ n=128×1258=161024
 SD[log(ℓ)] = 1.36638731628442
 Δlog(ℓ) = 1.99649477918499
 Δβ/SD[β] = 0.0334322132974215 -0.0344015834241913 -0.0477807490776874 -0.249916968723145 0.125572754701856 0.107948381929226
Maximizing likelihood @ n=256×1258=322048
 SD[log(ℓ)] = 0.98543341188411
 Δlog(ℓ) = 1.36154697722139
 Δβ/SD[β] = 0.0235469002207646 0.017494950418389 0.0194522159007341 -0.129085560876128 0.0307456019975378 0.0342518205016893
Maximizing likelihood @ n=512×1258=644096
 SD[log(ℓ)] = 0.692154128307346
 Δlog(ℓ) = 0.299726761282898
 Δβ/SD[β] = 0.00935693198692801 0.00768739820388964 0.0155300273749971 0.0142799898958427 0.0361035109263614 0.0593210778303081
Maximizing likelihood @ n=1024×1258=1288192
 SD[log(ℓ)] = 0.491503298887374
 Δlog(ℓ) = 0.442178036533875
 Δβ/SD[β] = -0.0151725158472708 0.0107130823810938 0.015097067253936 0.0328434642337688 -0.0196195275577975 0.0427989255080769
Maximizing likelihood @ n=2048×1258=2576384
 SD[log(ℓ)] = 0.352186413834849
 Δlog(ℓ) = 0.710598411887759
 Δβ/SD[β] = 0.00105698617349464 -0.0055845284911294 -0.0207554432630778 -0.00768987692541382 0.0350734680111754 0.0201994725415923
Maximizing likelihood @ n=4096×1258=5152768
 SD[log(ℓ)] = 0.248064807633648
 Δlog(ℓ) = 0.0301608882351161
 Δβ/SD[β] = -0.0089911093906496 -0.00147735819732253 -0.00666208342422503 -0.00372616838800456 -0.00319405088338983 0.0204087065681732
Maximizing likelihood @ n=8192×1258=10305536
 SD[log(ℓ)] = 0.174709968703215
 Δlog(ℓ) = -0.1179623696666
 Δβ/SD[β] = -0.00591823163862759 -0.00406882466104638 0.0042140291463594 0.0197538593011407 0.00208834556730142 -0.000349860685431563
Maximizing likelihood @ n=16384×1258=20611072
 SD[log(ℓ)] = 0.123632621741128
 Δlog(ℓ) = -0.130898257134277
 Δβ/SD[β] = -0.00192164690851984 0.00473380316148231 0.00675143041826369 0.0142872359333543 -0.00344735262754775 0.0035897432244235
Calculating Hessian
Maximizing likelihood @ n=1×1258=1258
 SD[log(ℓ)] = 10.4175112757541
 Δlog(ℓ) = Inf
 Δβ/SD[β] = -2.80307014290179 -1.85757589378495 0.133941241043704 -35.6735361077355 4.66669749290389 5.12570397631824
Maximizing likelihood @ n=2×1258=2516
 SD[log(ℓ)] = 8.51696328630407
 Δlog(ℓ) = 30.0055574952116
 Δβ/SD[β] = -0.376026995146905 -0.153823761444351 0.00384955015658785 -1.47325727950041 1.5080656398953 1.18952350080703
Maximizing likelihood @ n=4×1258=5032
 SD[log(ℓ)] = 6.44110065605947
 Δlog(ℓ) = 9.52169541204844
 Δβ/SD[β] = 0.332410187907019 0.525254014688071 -0.305972061457298 0.757815522404607 1.06517212132609 1.46444514189858
Maximizing likelihood @ n=8×1258=10064
 SD[log(ℓ)] = 4.79060329273054
 Δlog(ℓ) = 7.86096967613997
 Δβ/SD[β] = 0.109239584807283 1.10588901954312 -0.335122854212954 -0.168190586521698 0.476644727463854 0.564863338844468
Maximizing likelihood @ n=16×1258=20128
 SD[log(ℓ)] = 3.6215881930529
 Δlog(ℓ) = 1.35903056820911
 Δβ/SD[β] = -0.0202649871572358 -0.00959482631535067 0.0362918221901554 0.0578958099067825 0.00361474856932043 -0.0417196179877449
Maximizing likelihood @ n=32×1258=40256
 SD[log(ℓ)] = 2.73354121136895
 Δlog(ℓ) = 6.92962565126558
 Δβ/SD[β] = 0.0117567505113761 -0.0284699028112121 0.0389747722194384 -0.135369250315862 0.0116232011664851 0.0611476185741311
Maximizing likelihood @ n=64×1258=80512
 SD[log(ℓ)] = 1.99693061124855
 Δlog(ℓ) = 4.35686910310989
 Δβ/SD[β] = 0.171656576210591 -0.0156733077353025 0.0146346401486833 -0.645528621751621 0.166905268687868 0.182735419573465
Maximizing likelihood @ n=128×1258=161024
 SD[log(ℓ)] = 1.41060662095725
 Δlog(ℓ) = 2.65225344223617
 Δβ/SD[β] = 0.0533797009668458 0.288007398715192 -0.224747843237817 -0.329236672717515 0.0761688880668624 -0.0216008507604694
Maximizing likelihood @ n=256×1258=322048
 SD[log(ℓ)] = 0.991189355229353
 Δlog(ℓ) = 0.676327009542547
 Δβ/SD[β] = -0.0388128099208352 0.0412339479166901 0.0189146348360819 -0.243336887718311 0.0222200476066801 -0.0399579946666309
Maximizing likelihood @ n=512×1258=644096
 SD[log(ℓ)] = 0.851511195258328
 Δlog(ℓ) = -1.30443213818845
 Δβ/SD[β] = 0.158906195938441 -0.00640361761847244 0.0388542353851162 0.40150773711282 -0.0115094085144506 -0.0553747610668683
Maximizing likelihood @ n=1024×1258=1288192
 SD[log(ℓ)] = 0.558612218162661
 Δlog(ℓ) = 0.161516613121904
 Δβ/SD[β] = 0.000831636469184187 0.00127116619546392 -0.00446532843411997 -0.00719374979462663 0.000363276380624536 0.0160939207428119
Maximizing likelihood @ n=2048×1258=2576384
 SD[log(ℓ)] = 0.37966841313628
 Δlog(ℓ) = 0.434545836585528
 Δβ/SD[β] = -0.0193280490109296 -0.0181506288844549 -0.00323197217292274 -0.159775327830082 0.0218485474548249 0.0130731436124406
Maximizing likelihood @ n=4096×1258=5152768
 SD[log(ℓ)] = 0.258074795330943
 Δlog(ℓ) = 0.175553945400736
 Δβ/SD[β] = 0.0121246797952376 0.0100163122867546 -0.00196338654665606 -0.0326977366978312 -0.0221176011659245 0.023574914735864
Maximizing likelihood @ n=8192×1258=10305536
 SD[log(ℓ)] = 0.179791841143429
 Δlog(ℓ) = 0.249701055023252
 Δβ/SD[β] = 0.00734343359251315 -0.00965112347610722 0.0290513477007266 -0.0608049678261387 0.0233239550987895 0.0106417181828597
Maximizing likelihood @ n=16384×1258=20611072
 SD[log(ℓ)] = 0.125966610956145
 Δlog(ℓ) = 0.128579726455484
 Δβ/SD[β] = 0.0130311892461508 -0.0312435196152006 0.00746118007272031 -0.0135866316934545 -0.0107955016472753 -0.0329399212602938
Calculating Hessian
Maximizing likelihood @ n=1×1258=1258
 SD[log(ℓ)] = 10.1872134893307
 Δlog(ℓ) = Inf
 Δβ/SD[β] = 3.21315787411466 -1.63749469489192 0.336501106233408 -39.2490856951399 3.7604033253589 5.39514536638502
Maximizing likelihood @ n=2×1258=2516
 SD[log(ℓ)] = 8.19251737072937
 Δlog(ℓ) = 24.9207234460482
 Δβ/SD[β] = 0.188922348730474 0.747720421919156 0.00314709051051167 -0.715885178035979 1.65030532897568 1.76525423801307
Maximizing likelihood @ n=4×1258=5032
 SD[log(ℓ)] = 6.27402288672002
 Δlog(ℓ) = 12.6031855319789
 Δβ/SD[β] = 0.140938770697131 0.898394685143371 -0.0854424097042597 -0.247823242197421 0.0771432884562633 0.0739734316518479
Maximizing likelihood @ n=8×1258=10064
 SD[log(ℓ)] = 4.73473160759053
 Δlog(ℓ) = 12.8044869210244
 Δβ/SD[β] = -0.127200923160878 -0.520879675494342 0.0644768591027432 -0.706015492164703 0.672040825087029 0.264787749036816
Maximizing likelihood @ n=16×1258=20128
 SD[log(ℓ)] = 3.5753148564577
 Δlog(ℓ) = 12.4719087923442
 Δβ/SD[β] = -0.0224839215841253 -2.3459713314441e-05 -0.0385996077070555 -0.334521612652628 0.363996052932798 0.445904235669338
Maximizing likelihood @ n=32×1258=40256
 SD[log(ℓ)] = 2.62811418568903
 Δlog(ℓ) = 3.68521731528153
 Δβ/SD[β] = 0.0361739727229634 -0.0850668928890079 -0.0325829118421383 -0.508817420980249 0.082827494986051 -0.0720040575895639
Maximizing likelihood @ n=64×1258=80512
 SD[log(ℓ)] = 1.91283070516381
 Δlog(ℓ) = 3.35322348359233
 Δβ/SD[β] = 0.119269642229686 -0.0386455768595888 0.0443326542395217 -0.538551203417437 0.0818356878089852 0.145382855440385
Maximizing likelihood @ n=128×1258=161024
 SD[log(ℓ)] = 1.35642191788528
 Δlog(ℓ) = -0.197521969582823
 Δβ/SD[β] = -0.0222950361457113 -0.0181716966145786 -0.000206782523888727 -0.0430963271364711 -0.0182283681518065 -0.00753510918594334
Maximizing likelihood @ n=256×1258=322048
 SD[log(ℓ)] = 0.985623846943351
 Δlog(ℓ) = -0.121927482033527
 Δβ/SD[β] = 0.0375161642025213 -0.0199917396448475 0.0237548995138131 0.0502308632850238 0.0356200655959697 -0.0282905175026677
Maximizing likelihood @ n=512×1258=644096
 SD[log(ℓ)] = 0.698864692946615
 Δlog(ℓ) = 0.252832640167725
 Δβ/SD[β] = 0.00861005160173963 0.000187432035800478 0.0125278004709868 0.0364370283861649 -0.00109958738740718 -0.0226190580621024
Maximizing likelihood @ n=1024×1258=1288192
 SD[log(ℓ)] = 0.494950245220884
 Δlog(ℓ) = -0.0503277295593421
 Δβ/SD[β] = -0.0285399361252756 -0.0212862903704281 0.0522030500807412 -0.0205564334208484 -0.0143644377748523 -0.0447999889326873
Maximizing likelihood @ n=2048×1258=2576384
 SD[log(ℓ)] = 0.352817083190797
 Δlog(ℓ) = -0.00732270379961619
 Δβ/SD[β] = 0.00550148745470164 -0.00140090758519417 0.0143968856184678 -0.00805698643364446 0.009765206340601 0.0405849591473511
Maximizing likelihood @ n=4096×1258=5152768
 SD[log(ℓ)] = 0.247739840009855
 Δlog(ℓ) = -0.14916333097122
 Δβ/SD[β] = 0.00719678112463993 -0.00763056800209225 0.0456631577974485 -0.00490034813285034 0.0278835267651815 0.00886173415195412
Maximizing likelihood @ n=8192×1258=10305536
 SD[log(ℓ)] = 0.175258185353869
 Δlog(ℓ) = 0.203368500295653
 Δβ/SD[β] = 0.00256117574810256 -0.000803077088719233 0.00323791237823028 -0.0194433084999519 -0.0196156500087112 0.00051191129511585
Maximizing likelihood @ n=16384×1258=20611072
 SD[log(ℓ)] = 0.124667209180842
 Δlog(ℓ) = 0.230047675892735
 Δβ/SD[β] = 0.000642975809073842 -0.00169744540660921 0.016122226924857 -0.0113285366821995 0.0193423705972367 -0.0111272205052611
Calculating Hessian
Maximizing likelihood @ n=1×1258=1258
 SD[log(ℓ)] = 11.1057703652381
 Δlog(ℓ) = Inf
 Δβ/SD[β] = 1.34117900052278 0.243525583129039 -0.481156475767657 -1.17448788676062 0.714912717303815 0.0888352469186396
Maximizing likelihood @ n=2×1258=2516
 SD[log(ℓ)] = 9.59499066050879
 Δlog(ℓ) = 54.8050970415785
 Δβ/SD[β] = 2.79798065948252 2.7642451264678 -2.71964056724949 0.217833915105921 0.504990109469985 -6.23695353642287
Maximizing likelihood @ n=4×1258=5032
 SD[log(ℓ)] = 7.58496999882372
 Δlog(ℓ) = 19.4337535912143
 Δβ/SD[β] = 0.223187839726026 0.175146729359988 -0.242851882405546 -0.178853841242568 0.124152830062287 -0.23990129210407
Maximizing likelihood @ n=8×1258=10064
 SD[log(ℓ)] = 5.73916673267556
 Δlog(ℓ) = 1.10506188183285
 Δβ/SD[β] = 0.0115903337330112 -0.00813024978696579 -0.0168058299037304 0.0209426667579095 0.074528280638459 -0.0260117518232106
Maximizing likelihood @ n=16×1258=20128
 SD[log(ℓ)] = 4.15069643439467
 Δlog(ℓ) = 1.67717852769192
 Δβ/SD[β] = 0.399561099110852 0.327930426213456 -0.260887410819277 0.0836042116361369 0.413048212818835 -0.0435870134241907
Maximizing likelihood @ n=32×1258=40256
 SD[log(ℓ)] = 3.02650623883277
 Δlog(ℓ) = 7.95251661848275
 Δβ/SD[β] = 0.0762854684513825 0.0950378355298214 -0.0806865395934667 -0.0368239491399524 0.0445609781341632 -0.0979531250980387
Maximizing likelihood @ n=64×1258=80512
 SD[log(ℓ)] = 2.15867746485222
 Δlog(ℓ) = -0.597627598499258
 Δβ/SD[β] = 0.00756840699210757 -0.00375606804286829 -0.00419260909662173 -0.0136651613498129 -0.00295092095593428 -0.0142232066510346
Maximizing likelihood @ n=128×1258=161024
 SD[log(ℓ)] = 1.5937918375345
 Δlog(ℓ) = 0.351344235130597
 Δβ/SD[β] = 0.0449742176769525 0.0581767242685944 -0.0388428148036841 0.0327075132476419 0.0148883356076918 0.0240254341824852
Maximizing likelihood @ n=256×1258=322048
 SD[log(ℓ)] = 1.11040973860762
 Δlog(ℓ) = 2.09306751608895
 Δβ/SD[β] = 0.173827471205798 0.172177386453549 -0.158614427448102 -0.08888974377343 0.156365142427823 -0.0171433878206617
Maximizing likelihood @ n=512×1258=644096
 SD[log(ℓ)] = 0.77526256766176
 Δlog(ℓ) = 0.97159182246213
 Δβ/SD[β] = 0.0102390163058699 0.0379847715874985 -0.0835986247933208 -0.0735452147496359 0.0821280650536915 0.034584912568329
Maximizing likelihood @ n=1024×1258=1288192
 SD[log(ℓ)] = 0.557172687328425
 Δlog(ℓ) = -0.218804197581846
 Δβ/SD[β] = 0.0454129189292542 0.006020784045423 -0.00204135168373082 -0.0160110291145696 -0.00362341186542369 -0.00134827490555752
Maximizing likelihood @ n=2048×1258=2576384
 SD[log(ℓ)] = 0.392443647129406
 Δlog(ℓ) = 0.48797013251351
 Δβ/SD[β] = 0.0514884927673082 0.022643101569083 -0.0250478925760756 -0.0110662420714767 0.0114110388329629 0.0107668794636104
Maximizing likelihood @ n=4096×1258=5152768
 SD[log(ℓ)] = 0.286696520554132
 Δlog(ℓ) = 0.055830168968555
 Δβ/SD[β] = 0.0170302951906644 0.0861817788646347 -0.0115378917980727 -0.000553309789521543 0.125097365263581 0.0774816743427563
Maximizing likelihood @ n=8192×1258=10305536
 SD[log(ℓ)] = 0.205669326813861
 Δlog(ℓ) = -0.316064935850477
 Δβ/SD[β] = 0.0683622915972787 -0.0256178827993702 -0.0484845877230318 -0.0241474713927319 -0.0445366311184703 0.0214135147356674
Maximizing likelihood @ n=16384×1258=20611072
 SD[log(ℓ)] = 0.148632144617022
 Δlog(ℓ) = -0.0579566814156465
 Δβ/SD[β] = -0.00444035316631314 0.0188329883295545 -0.0402003682123012 -0.0344039664875586 0.0210514632350726 -0.0101057150553629
Calculating Hessian
There were 13 warnings (use warnings() to see them)
Script complete
Sat Nov 16 08:21:15 MST 2024
