Sat Nov 16 06:26:46 MST 2024
Initiating script
── Attaching core tidyverse packages ──────────────────────── tidyverse 2.0.0 ──
✔ dplyr     1.1.4     ✔ readr     2.1.5
✔ forcats   1.0.0     ✔ stringr   1.5.1
✔ ggplot2   3.5.1     ✔ tibble    3.2.1
✔ lubridate 1.9.3     ✔ tidyr     1.3.1
✔ purrr     1.0.2     
── Conflicts ────────────────────────────────────────── tidyverse_conflicts() ──
✖ ggplot2::annotate() masks ctmm::annotate()
✖ dplyr::filter()     masks stats::filter()
✖ dplyr::lag()        masks stats::lag()
ℹ Use the conflicted package (<http://conflicted.r-lib.org/>) to force all conflicts to become errors
Linking to GEOS 3.9.5, GDAL 3.8.5, PROJ 9.4.0; sf_use_s2() is TRUE
Loading required package: sp

Attaching package: ‘raster’

The following object is masked from ‘package:dplyr’:

    select

The following objects are masked from ‘package:ctmm’:

    projection, projection<-

terra 1.7.78

Attaching package: ‘terra’

The following object is masked from ‘package:tidyr’:

    extract

The following objects are masked from ‘package:ctmm’:

    distance, meta

character(0)
Error in gzfile(file) : invalid 'description' argument
Calls: load -> gzfile
Execution halted
Script complete
Sat Nov 16 06:26:57 MST 2024
