Wed Nov 20 19:48:34 MST 2024
Initiating script
── Attaching core tidyverse packages ──────────────────────── tidyverse 2.0.0 ──
✔ dplyr     1.1.4     ✔ readr     2.1.5
✔ forcats   1.0.0     ✔ stringr   1.5.1
✔ ggplot2   3.5.1     ✔ tibble    3.2.1
✔ lubridate 1.9.3     ✔ tidyr     1.3.1
✔ purrr     1.0.2     
── Conflicts ────────────────────────────────────────── tidyverse_conflicts() ──
✖ ggplot2::annotate() masks ctmm::annotate()
✖ dplyr::filter()     masks stats::filter()
✖ dplyr::lag()        masks stats::lag()
ℹ Use the conflicted package (<http://conflicted.r-lib.org/>) to force all conflicts to become errors
Linking to GEOS 3.9.5, GDAL 3.8.5, PROJ 9.4.0; sf_use_s2() is TRUE
Loading required package: sp

Attaching package: ‘raster’

The following object is masked from ‘package:dplyr’:

    select

The following objects are masked from ‘package:ctmm’:

    projection, projection<-

terra 1.7.78

Attaching package: ‘terra’

The following object is masked from ‘package:tidyr’:

    extract

The following objects are masked from ‘package:ctmm’:

    distance, meta

[1] "/home/u15/mmercer3/proj/habitat_analysis_class/Final/Model_Fit_Results/roads_750/Sylvia_rr.Rda"
     [,1]                                
[1,] "Data loaded at 2024-11-20 19:48:46"
Default grid size of 48.06 minutes chosen for bandwidth(...,fast=TRUE).
Some rasters are not loaded in RAM and may be slow to process. See help("raster::readAll").
Maximizing likelihood @ n=1×1785=1785
 SD[log(ℓ)] = 10.7737498591045
 Δlog(ℓ) = Inf
 Δβ/SD[β] = -0.0166471969751589 0.422297486643361 -0.537156703020904 -0.0910301854142561 0.0653238631063774 -1.19636240898171 0.59581157755292 0.0730739448295817
Maximizing likelihood @ n=2×1785=3570
 SD[log(ℓ)] = 10.1676116164715
 Δlog(ℓ) = 65.5752544644527
 Δβ/SD[β] = -1.98934243022824 8.50995062368974 -2.92635808368318 -1.94620304348832 10.2962514910809 0.377631592589957 0.654334431344258 2.5453663836502
Maximizing likelihood @ n=4×1785=7140
 SD[log(ℓ)] = 8.53062689407257
 Δlog(ℓ) = 46.740014832982
 Δβ/SD[β] = -0.695617953333715 1.78353831442402 -0.805478905014467 -0.814442128994363 1.13011666643802 1.06467150328782 0.14075263510119 0.673525466049277
Maximizing likelihood @ n=8×1785=14280
 SD[log(ℓ)] = 6.51538395655669
 Δlog(ℓ) = 18.4068450460782
 Δβ/SD[β] = -0.22836079913482 0.139428672398246 -1.37823480875011 -0.851447030790828 0.580206375290744 -0.0703852947525929 0.730865092652117 0.299380590167977
Maximizing likelihood @ n=16×1785=28560
 SD[log(ℓ)] = 4.98047746058617
 Δlog(ℓ) = 8.27422172606481
 Δβ/SD[β] = 1.10757515766563 1.48763240743404 -0.894919535273833 -0.460981450004642 0.76543794663132 0.282662042904914 0.193056054235313 -0.234526791371427
Maximizing likelihood @ n=32×1785=57120
 SD[log(ℓ)] = 3.62635839634576
 Δlog(ℓ) = 0.390480753863585
 Δβ/SD[β] = 0.0562788184071727 0.095419597448946 -0.309772614997269 -0.27734678244307 0.20688744390076 -0.0336005341721153 0.0849279159079637 0.0700779984113251
Maximizing likelihood @ n=64×1785=114240
 SD[log(ℓ)] = 2.6616706029388
 Δlog(ℓ) = 4.34899589028589
 Δβ/SD[β] = 0.154559169634707 0.391022061000486 -0.33451415266348 -0.229454418790969 0.281065524232912 0.0070616864439081 0.115733688085158 0.299783189635199
Maximizing likelihood @ n=128×1785=228480
 SD[log(ℓ)] = 2.11118642706633
 Δlog(ℓ) = -3.20107312191749
 Δβ/SD[β] = 0.274509144275704 -0.0142743044531378 0.63787116116392 0.431865309831321 -0.661007123365992 -0.0070444676694567 -0.0252750931167555 -0.555461441274081
Maximizing likelihood @ n=256×1785=456960
 SD[log(ℓ)] = 1.63045430888496
 Δlog(ℓ) = 2.13171469004538
 Δβ/SD[β] = -0.0534039706542716 0.0561849221133436 0.248987889006446 0.143543342040753 -0.20219310841956 -0.0796410419028512 0.117270753083426 -0.490227928557098
Maximizing likelihood @ n=512×1785=913920
 SD[log(ℓ)] = 1.15055795716383
 Δlog(ℓ) = 1.92264484998645
 Δβ/SD[β] = -0.00326068786320447 0.00274966065537206 -0.0295061824280389 -0.0247749079669745 0.0300161053367025 0.019179886190409 -0.00299973197330356 0.0506064032455656
Maximizing likelihood @ n=1024×1785=1827840
 SD[log(ℓ)] = 0.807661291291522
 Δlog(ℓ) = -0.359051707256697
 Δβ/SD[β] = 0.0292821495106426 0.0395860695880269 -0.203426225454877 -0.153386328065865 0.241208775600557 -0.0123312420911144 -0.0423882369828022 0.337497451592502
Maximizing likelihood @ n=2048×1785=3655680
 SD[log(ℓ)] = 0.552032180227486
 Δlog(ℓ) = -0.101445550087931
 Δβ/SD[β] = -0.0067154371049887 0.0103736544384167 0.0287834967084664 0.0189016065118283 0.0153573445030517 -0.00361366498244056 -0.0119887412057467 0.0413208001219511
Maximizing likelihood @ n=4096×1785=7311360
 SD[log(ℓ)] = 0.397026741325468
 Δlog(ℓ) = -0.108226246349261
 Δβ/SD[β] = -0.00561768714569599 -0.00369982603133397 -0.03012070615458 0.00974400427977788 -0.0199011494249603 -0.00249776943204221 -0.0196130708990512 0.00912873548002941
Maximizing likelihood @ n=8192×1785=14622720
 SD[log(ℓ)] = 0.275654904239326
 Δlog(ℓ) = 0.175071269678256
 Δβ/SD[β] = 0.0834015543557939 -0.0537119089402413 -0.0590262607996161 -0.0604955985232753 0.0856888434523344 0.0334979287474422 -0.0263748621125774 0.113113348603902
Maximizing likelihood @ n=16384×1785=29245440
 SD[log(ℓ)] = 0.203201869337623
 Δlog(ℓ) = 0.110159356961105
 Δβ/SD[β] = 0.00550510585722658 0.00758213115160469 -0.0267988132787024 0.00225120909125123 -0.0278095188076239 0.00762150848651831 0.0228080705941671 0.0214087228572739
Calculating Hessian
Warning message:
In rsf.fit(individual, individual_akde, R = R, max.mem = "2 Gb") :
  Calculation stopped before 3.5 Gb allocation.
Script complete
Wed Nov 20 20:55:03 MST 2024
