Wed Nov 20 18:46:52 MST 2024
Initiating script
── Attaching core tidyverse packages ──────────────────────── tidyverse 2.0.0 ──
✔ dplyr     1.1.4     ✔ readr     2.1.5
✔ forcats   1.0.0     ✔ stringr   1.5.1
✔ ggplot2   3.5.1     ✔ tibble    3.2.1
✔ lubridate 1.9.3     ✔ tidyr     1.3.1
✔ purrr     1.0.2     
── Conflicts ────────────────────────────────────────── tidyverse_conflicts() ──
✖ ggplot2::annotate() masks ctmm::annotate()
✖ dplyr::filter()     masks stats::filter()
✖ dplyr::lag()        masks stats::lag()
ℹ Use the conflicted package (<http://conflicted.r-lib.org/>) to force all conflicts to become errors
Linking to GEOS 3.9.5, GDAL 3.8.5, PROJ 9.4.0; sf_use_s2() is TRUE
Loading required package: sp

Attaching package: ‘raster’

The following object is masked from ‘package:dplyr’:

    select

The following objects are masked from ‘package:ctmm’:

    projection, projection<-

terra 1.7.78

Attaching package: ‘terra’

The following object is masked from ‘package:tidyr’:

    extract

The following objects are masked from ‘package:ctmm’:

    distance, meta

[1] "/home/u15/mmercer3/proj/habitat_analysis_class/Final/Model_Fit_Results/roads_30/Dave_rr.Rda"
     [,1]                                
[1,] "Data loaded at 2024-11-20 18:47:05"
Some rasters are not loaded in RAM and may be slow to process. See help("raster::readAll").
Maximizing likelihood @ n=1×145=145
 SD[log(ℓ)] = 6.356681420294
 Δlog(ℓ) = Inf
 Δβ/SD[β] = -0.000997153627774214 -0.273905914447111 0.288785142092722 -0.00344733792192825 -0.12968404925908 -1.42844330811255 0.50157302718364 -0.0602302688005691
Maximizing likelihood @ n=2×145=290
 SD[log(ℓ)] = 5.54474201862085
 Δlog(ℓ) = 11.9171626405058
 Δβ/SD[β] = 0.112929289436328 -0.0317545645716199 -0.215408053714624 -0.270305139248245 0.142239242010644 0.100195882319999 0.484759855929489 -0.44844328868115
Maximizing likelihood @ n=4×145=580
 SD[log(ℓ)] = 4.59837879294666
 Δlog(ℓ) = 8.1237375641064
 Δβ/SD[β] = -0.336013716635919 -0.445004216438128 -0.437611477956433 -0.417059895665748 0.971279257257206 0.0600088904208762 0.399998961677889 -1.19153452598828
Maximizing likelihood @ n=8×145=1160
 SD[log(ℓ)] = 3.4280936545978
 Δlog(ℓ) = 3.41465239629579
 Δβ/SD[β] = -0.461594752167721 -0.700620346775172 -0.0917190290162235 -0.101731044542198 -0.496795871824625 -0.152256542341922 0.232404405695635 0.747424962363007
Maximizing likelihood @ n=16×145=2320
 SD[log(ℓ)] = 2.61960378258232
 Δlog(ℓ) = 2.16156843630958
 Δβ/SD[β] = -0.352645971079995 -2.72528919552182 -0.691267308653975 0.404633956324393 -0.557881443536851 -0.0400167942040966 0.0522000237580713 -0.0118925791186177
Maximizing likelihood @ n=32×145=4640
 SD[log(ℓ)] = 2.0345725445699
 Δlog(ℓ) = 3.94025091064469
 Δβ/SD[β] = -0.536483398342794 -2.29878802015951 -0.246252929748368 0.0765504552863958 -0.297290487923639 -0.209924270737152 -0.0701473550407245 -0.628866763431235
Maximizing likelihood @ n=64×145=9280
 SD[log(ℓ)] = 1.54492137731679
 Δlog(ℓ) = 1.87251382291086
 Δβ/SD[β] = -0.0305062211380651 -0.517802218129908 -0.0603693510193626 -0.273356357374649 0.126653504922809 0.058449087772882 0.0534866075621751 -0.208978952207288
Maximizing likelihood @ n=128×145=18560
 SD[log(ℓ)] = 1.12965328603363
 Δlog(ℓ) = -0.525023423058173
 Δβ/SD[β] = 0.00224530764203128 0.284427199456291 -0.0461916123744996 0.00626952331375697 0.13591918716483 0.0226900376341639 0.0628745837652217 -0.106635883015699
Maximizing likelihood @ n=256×145=37120
 SD[log(ℓ)] = 0.799358679556466
 Δlog(ℓ) = 0.188641123288761
 Δβ/SD[β] = 0.00583534542659437 0.0282635470082619 -0.0160565005357877 -0.00454728814520473 -6.49378881695049e-06 -0.0585856320825143 -0.000694875032275762 0.0127134265601541
Maximizing likelihood @ n=512×145=74240
 SD[log(ℓ)] = 0.56330459733156
 Δlog(ℓ) = 0.198730965539738
 Δβ/SD[β] = -0.0450909419529283 0.00477188228240873 -0.0256024425708286 0.0211709598601706 0.0266967235092439 -0.0597319552379211 0.0468588435027131 -0.032068649873963
Maximizing likelihood @ n=1024×145=148480
 SD[log(ℓ)] = 0.431841730319452
 Δlog(ℓ) = 0.0294598430432416
 Δβ/SD[β] = 0.0193809867266334 -0.00986619466594872 -0.0117338508176118 -0.00734690926417123 -0.0123384589140158 0.0741240208735746 0.00638384536466577 -0.00417826450605284
Maximizing likelihood @ n=2048×145=296960
 SD[log(ℓ)] = 0.305685050953804
 Δlog(ℓ) = 0.00736241096079482
 Δβ/SD[β] = 0.00840275434261326 0.0197318147277515 -0.017466625281011 -0.00176145346114463 0.00747986646911905 -0.0231307322470002 -0.0145229973019017 -0.00387743739642135
Maximizing likelihood @ n=4096×145=593920
 SD[log(ℓ)] = 0.213995418202681
 Δlog(ℓ) = 0.278650489853433
 Δβ/SD[β] = 0.059194335015812 -0.0886759858886354 -0.0983599762022455 0.0873965597230254 0.0829049897658684 -0.0037824849937077 0.0346068745018833 -0.0595732898620803
Maximizing likelihood @ n=8192×145=1187840
 SD[log(ℓ)] = 0.153723182073698
 Δlog(ℓ) = 0.0890582477073423
 Δβ/SD[β] = 0.000142080696712874 0.00663963806836882 -0.0031385177788889 0.00149195560732011 0.000818365970218411 -0.00582681316836722 -0.00974313461460868 -0.00319470764748493
Maximizing likelihood @ n=16384×145=2375680
 SD[log(ℓ)] = 0.117546735991572
 Δlog(ℓ) = -0.0202361905644324
 Δβ/SD[β] = 0 0 0 0 0 0 0 0
Maximizing likelihood @ n=32768×145=4751360
 SD[log(ℓ)] = 0.0809596422281269
 Δlog(ℓ) = 0.0458893222561159
 Δβ/SD[β] = -0.00427281447492443 0.0128182733346446 -0.0443357990946079 0.00197390682601953 0.0364316649494414 0.0487866499775981 0.0127513773088087 -0.0448394296688005
Maximizing likelihood @ n=65536×145=9502720
 SD[log(ℓ)] = 0.0641079415103064
 Δlog(ℓ) = -0.0264710453621575
 Δβ/SD[β] = 0.0262892160120935 0.00053035126523921 -0.0153827434446842 -0.012086186449931 -0.000556900176538777 -0.0296138842624261 -0.0239327766400782 -0.0192222973727513
Maximizing likelihood @ n=131072×145=19005440
 SD[log(ℓ)] = 0.0523606035328415
 Δlog(ℓ) = 0.440180337439443
 Δβ/SD[β] = -0.732408289118179 -0.0651743184301798 -5.38010747269503 0.370683378516105 3.02996774496497 1.90326130145277e-05 0.00324608949967992 -1.21451658485486
Calculating Hessian
Warning message:
In rsf.fit(individual, individual_akde, R = R, max.mem = "2 Gb") :
  Calculation stopped before 2.3 Gb allocation.
Script complete
Wed Nov 20 20:00:03 MST 2024
