Wed Nov 20 20:19:54 MST 2024
Initiating script
── Attaching core tidyverse packages ──────────────────────── tidyverse 2.0.0 ──
✔ dplyr     1.1.4     ✔ readr     2.1.5
✔ forcats   1.0.0     ✔ stringr   1.5.1
✔ ggplot2   3.5.1     ✔ tibble    3.2.1
✔ lubridate 1.9.3     ✔ tidyr     1.3.1
✔ purrr     1.0.2     
── Conflicts ────────────────────────────────────────── tidyverse_conflicts() ──
✖ ggplot2::annotate() masks ctmm::annotate()
✖ dplyr::filter()     masks stats::filter()
✖ dplyr::lag()        masks stats::lag()
ℹ Use the conflicted package (<http://conflicted.r-lib.org/>) to force all conflicts to become errors
Linking to GEOS 3.9.5, GDAL 3.8.5, PROJ 9.4.0; sf_use_s2() is TRUE
Loading required package: sp

Attaching package: ‘raster’

The following object is masked from ‘package:dplyr’:

    select

The following objects are masked from ‘package:ctmm’:

    projection, projection<-

terra 1.7.78

Attaching package: ‘terra’

The following object is masked from ‘package:tidyr’:

    extract

The following objects are masked from ‘package:ctmm’:

    distance, meta

[1] "/home/u15/mmercer3/proj/habitat_analysis_class/Final/Model_Fit_Results/roads_1500/Cassidy_rr.Rda"
     [,1]                                
[1,] "Data loaded at 2024-11-20 20:20:06"
Some rasters are not loaded in RAM and may be slow to process. See help("raster::readAll").
Maximizing likelihood @ n=1×255=255
 SD[log(ℓ)] = 3.30156756083187
 Δlog(ℓ) = Inf
 Δβ/SD[β] = -0.681047650838387 -0.599914260361054 -0.355179748482316 -0.161136538590718 0.0527958358148974 -1.45249971262047 1.25916033697496 -0.539573778629801
Maximizing likelihood @ n=2×255=510
 SD[log(ℓ)] = 2.95308668537289
 Δlog(ℓ) = 9.95092624750341
 Δβ/SD[β] = -7.90127854567514 -8.19528128666688 2.60937756492241 0.187218831683209 2.38272585880395 -0.259452641324288 0.622146410204179 0.0685126962938386
Maximizing likelihood @ n=4×255=1020
 SD[log(ℓ)] = 2.37129204579138
 Δlog(ℓ) = 0.703028728087538
 Δβ/SD[β] = -0.208201614319446 -2.6584312594234 1.48302553420789 0.0890285816757369 1.54680171810501 0.188670472989249 -0.0276235688607702 0.174991550836117
Maximizing likelihood @ n=8×255=2040
 SD[log(ℓ)] = 1.72983046422613
 Δlog(ℓ) = 1.71360891999922
 Δβ/SD[β] = 0.043990087849478 0.0178697018509834 7.10998575675606 -0.462212067086642 -0.166102751305545 -0.119581648636142 -0.0322915227947059 -0.0692037072540319
Maximizing likelihood @ n=16×255=4080
 SD[log(ℓ)] = 1.63227653262742
 Δlog(ℓ) = 9.06523708950974
 Δβ/SD[β] = 0.435754874491868 0.06756079740702 8.28409368411971 -3.15289476230475 -1.46169836293851 -0.428815722788138 0.369050811658598 -0.0418238085877854
Maximizing likelihood @ n=32×255=8160
 SD[log(ℓ)] = 1.43767702857594
 Δlog(ℓ) = -4.4563810240004
 Δβ/SD[β] = 0.128535813790448 0.104904846007313 -0.131023829542768 0.282820917068719 -0.116540801847288 0.532963258732001 -0.186743542206706 0.216192848498446
Maximizing likelihood @ n=64×255=16320
 SD[log(ℓ)] = 1.15011310467275
 Δlog(ℓ) = 1.52288137391903
 Δβ/SD[β] = 0.282015926619585 -0.0711913091182676 -0.0187130140513598 -0.041007270850954 0.332850673667853 -0.0401886983925024 0.0128931068196754 -0.199433273388645
Maximizing likelihood @ n=128×255=32640
 SD[log(ℓ)] = 0.895318591181991
 Δlog(ℓ) = -0.31424745233204
 Δβ/SD[β] = 0.00408995397542792 0.0230369402624465 0.0101419442782292 -0.0223588226539826 -0.00368878702914792 0.26899801335187 0.0267966771590114 0.093476528040149
Maximizing likelihood @ n=256×255=65280
 SD[log(ℓ)] = 0.764227516760183
 Δlog(ℓ) = 0.0611963863414218
 Δβ/SD[β] = 0.126882149708464 0.0581818775311366 0.141258735683348 -0.171528068974018 0.0665912148994028 -0.0871591719126773 0.0274476695330093 0.388870114556418
Maximizing likelihood @ n=512×255=130560
 SD[log(ℓ)] = 0.608805601711843
 Δlog(ℓ) = 0.227164215960372
 Δβ/SD[β] = -0.0289726572739477 -0.0256000551629682 -0.0523175914941067 0.0600325228391524 0.0142026074523286 0.0639199498536966 0.0503355897827838 0.0146202462122536
Maximizing likelihood @ n=1024×255=261120
 SD[log(ℓ)] = 0.441806171552433
 Δlog(ℓ) = 0.251706217574757
 Δβ/SD[β] = 0.00945581377518111 -0.0868923497163584 -0.00539476878096374 0.0101108841732151 0.0330324758318736 -0.0600033595089618 -0.0537061598768626 -0.0695905816700864
Maximizing likelihood @ n=2048×255=522240
 SD[log(ℓ)] = 0.332763923149885
 Δlog(ℓ) = 0.0130695195963284
 Δβ/SD[β] = 0 0 0 0 0 0 0 0
Maximizing likelihood @ n=4096×255=1044480
 SD[log(ℓ)] = 0.456826354457657
 Δlog(ℓ) = -0.751767137309187
 Δβ/SD[β] = -0.148722528973341 -0.0106530442374278 -0.0878488100782595 0.0814315895011199 0.302457015815452 0.182768510646687 -0.0181132394596158 -0.12109480376243
Maximizing likelihood @ n=8192×255=2088960
 SD[log(ℓ)] = 0.287905796172509
 Δlog(ℓ) = -0.0979911357302328
 Δβ/SD[β] = -0.00811510749357789 -0.0113372893006399 -0.00814442581304867 -0.0255704082456425 -0.00129706328741459 -0.053169596108871 0.0289714835060394 0.011563376609782
Maximizing likelihood @ n=16384×255=4177920
 SD[log(ℓ)] = 0.198153437238415
 Δlog(ℓ) = 0.255235495209995
 Δβ/SD[β] = -0.0680705224142105 -0.0129946543551872 0.0795741249793744 -0.0221935558165733 0.0140229295938867 -0.109699137030063 0.00816983742667403 0.0569191743458805
Maximizing likelihood @ n=32768×255=8355840
 SD[log(ℓ)] = 0.197889926202516
 Δlog(ℓ) = -0.0354947213444063
 Δβ/SD[β] = -0.0536613206998522 -0.00546174216042631 -0.0184778249886725 -0.00348802343656542 0.0230190469726233 -0.0110954818265132 0.0408941115500422 0.0316117869736518
Maximizing likelihood @ n=65536×255=16711680
 SD[log(ℓ)] = 0.120683363921506
 Δlog(ℓ) = 0.101538097543852
 Δβ/SD[β] = -0.000693300017351143 -0.00386420295824618 0.0384389798247451 -0.0165298336833724 -0.0096350376905393 -0.0810927157389799 -0.0182459114296984 -0.000523077873292975
Maximizing likelihood @ n=131072×255=33423360
 SD[log(ℓ)] = 0.0772594298362169
 Δlog(ℓ) = 0.117195969267605
 Δβ/SD[β] = -0.0586831877979747 -0.000146479498618521 0.0808783602324953 -0.0532821605510366 0.0861653791835649 -0.0511062409859796 0.0234713922547953 0.0435604693579934
Calculating Hessian
Warning message:
In rsf.fit(individual, individual_akde, R = R, max.mem = "2 Gb") :
  Calculation stopped before 4 Gb allocation.
Script complete
Wed Nov 20 21:42:34 MST 2024
