Fri Nov 15 23:53:20 MST 2024
Initiating script
── Attaching core tidyverse packages ──────────────────────── tidyverse 2.0.0 ──
✔ dplyr     1.1.4     ✔ readr     2.1.5
✔ forcats   1.0.0     ✔ stringr   1.5.1
✔ ggplot2   3.5.1     ✔ tibble    3.2.1
✔ lubridate 1.9.3     ✔ tidyr     1.3.1
✔ purrr     1.0.2     
── Conflicts ────────────────────────────────────────── tidyverse_conflicts() ──
✖ ggplot2::annotate() masks ctmm::annotate()
✖ dplyr::filter()     masks stats::filter()
✖ dplyr::lag()        masks stats::lag()
ℹ Use the conflicted package (<http://conflicted.r-lib.org/>) to force all conflicts to become errors
Linking to GEOS 3.9.5, GDAL 3.8.5, PROJ 9.4.0; sf_use_s2() is TRUE
Loading required package: sp

Attaching package: ‘raster’

The following object is masked from ‘package:dplyr’:

    select

The following objects are masked from ‘package:ctmm’:

    projection, projection<-

terra 1.7.78

Attaching package: ‘terra’

The following object is masked from ‘package:tidyr’:

    extract

The following objects are masked from ‘package:ctmm’:

    distance, meta

[1] "/home/u15/mmercer3/proj/habitat_analysis_class/Final/Model_Fit_Results/Nala_rr.Rda"
     [,1]                                
[1,] "Data loaded at 2024-11-15 23:53:32"
Reading layer `major' from data source 
  `/home/u15/mmercer3/proj/habitat_analysis_class/Final/Major_Roads' 
  using driver `ESRI Shapefile'
Simple feature collection with 411 features and 7 fields
Geometry type: LINESTRING
Dimension:     XY
Bounding box:  xmin: 477946 ymin: 3545735 xmax: 511807.9 ymax: 3592212
Projected CRS: WGS 84 / UTM zone 12N
     [,1]                                 
[1,] "Roads loaded at 2024-11-15 23:53:32"
|---------|---------|---------|---------|=========================================                                          [1] 1681968
[1] 1681968
Starting buffer 30 
Maximizing likelihood @ n=1×577=577
 SD[log(ℓ)] = 0.846647349488118
 Δlog(ℓ) = Inf
 Δβ/SD[β] = 0.701223862214313 -0.201925585144083 0.0700162339149534 -1.2019123534537 3.46336220290288 0.22292013068674
Maximizing likelihood @ n=2×577=1154
 SD[log(ℓ)] = 1.59109765674092
 Δlog(ℓ) = 16.6493648418798
 Δβ/SD[β] = 1.84588663749467 0.625562359695972 1.10554772123346 -0.375710418974859 6.50511832982569 7.47708422739117
Maximizing likelihood @ n=4×577=2308
 SD[log(ℓ)] = 1.16368377328408
 Δlog(ℓ) = -0.452943381514615
 Δβ/SD[β] = -0.381118113629143 0.00516613775779803 -0.117492548709457 -0.250754324457749 -0.0241727082377853 0.123214549330644
Maximizing likelihood @ n=8×577=4616
 SD[log(ℓ)] = 0.765874020394564
 Δlog(ℓ) = -1.39977237460896
 Δβ/SD[β] = 0.127710252318956 -0.0957872879238845 0.192719314641033 0.261695881625219 0.0988682897723274 -0.29108556821225
Maximizing likelihood @ n=16×577=9232
 SD[log(ℓ)] = 0.540265517472577
 Δlog(ℓ) = -0.392046375502858
 Δβ/SD[β] = 0.533586414577829 -0.112932360277495 0.0285484235875464 0.155730975765408 -0.0338839412231231 0.0098869466054479
Maximizing likelihood @ n=32×577=18464
 SD[log(ℓ)] = 0.373780428069409
 Δlog(ℓ) = -0.244944029271664
 Δβ/SD[β] = 0.164918847610997 -0.104631515797823 0.12216494783034 0.0417334193790704 -0.0267302995069343 -0.104284460616929
Maximizing likelihood @ n=64×577=36928
 SD[log(ℓ)] = 0.269992792760237
 Δlog(ℓ) = 0.0327798596231048
 Δβ/SD[β] = 0.0533767904430069 -0.0708993164071163 0.0183021528412749 -0.0555300674038782 0.0349083523033313 0.0909493625110129
Maximizing likelihood @ n=128×577=73856
 SD[log(ℓ)] = 0.189305579014833
 Δlog(ℓ) = -0.0404444373974968
 Δβ/SD[β] = 0.0169169013856668 0.00746142519323561 -0.0157074976359166 -0.0245312340888882 -0.00975706371227555 0.0688444224742166
Maximizing likelihood @ n=256×577=147712
 SD[log(ℓ)] = 0.139564669527077
 Δlog(ℓ) = -0.171997717590962
 Δβ/SD[β] = 0.0765418470356814 -0.00734888527361662 0.0285638278097762 0.145558107052418 0.0107770562836426 0.00905326078287322
Maximizing likelihood @ n=512×577=295424
 SD[log(ℓ)] = 0.098636499031639
 Δlog(ℓ) = 0.0804179731656092
 Δβ/SD[β] = 0.0261268030686753 -0.0126746615908715 -0.058132705915095 0.0603202687100263 0.0278901231360018 -0.018685724755726
Maximizing likelihood @ n=1024×577=590848
 SD[log(ℓ)] = 0.0694082176777384
 Δlog(ℓ) = -0.103203821004413
 Δβ/SD[β] = 0 0 0 0 0 0
Maximizing likelihood @ n=2048×577=1181696
 SD[log(ℓ)] = 0.0496085494313492
 Δlog(ℓ) = 0.0856498484044295
 Δβ/SD[β] = 0.0271220187244084 0.0282968635855215 0.000390248069283124 0.0499771703555346 0.0032382601333485 0.0329469822599239
Maximizing likelihood @ n=4096×577=2363392
 SD[log(ℓ)] = 0.035109219501643
 Δlog(ℓ) = -0.00328244810825851
 Δβ/SD[β] = -0.0195001596977257 0.0382193671872363 -0.0296015427064885 0.0195103221182491 0.00436495768153166 0.0418695542527421
Maximizing likelihood @ n=8192×577=4726784
 SD[log(ℓ)] = 0.0245516489370182
 Δlog(ℓ) = -0.0244447955691385
 Δβ/SD[β] = -0.0110508978434361 0.0968339502663253 -0.250391698588847 0.0153413958482823 -0.00536249543364174 0.0117657149469622
Maximizing likelihood @ n=16384×577=9453568
 SD[log(ℓ)] = 0.0173550871519782
 Δlog(ℓ) = 0.0127446304670045
 Δβ/SD[β] = 0.0109303262740457 0.00562524681845316 -0.000109937360142308 -0.00939139622880109 0.00704783668913664 0.0123645622522526
Maximizing likelihood @ n=32768×577=18907136
 SD[log(ℓ)] = 0.0122032823452711
 Δlog(ℓ) = 0.000115018536746447
 Δβ/SD[β] = 0.0109853649696238 0.00778779607635016 -0.00218655210559753 0.00716732083324828 -0.000362267575291544 -0.00487910706445226
Calculating Hessian
Maximizing likelihood @ n=1×577=577
 SD[log(ℓ)] = 0.817051613195488
 Δlog(ℓ) = Inf
 Δβ/SD[β] = -1.90119669807434 0.202927785971665 -0.576908618347555 -3.35897442541436 5.83499050180642 0.282495753264717
Maximizing likelihood @ n=2×577=1154
 SD[log(ℓ)] = 1.40516775568083
 Δlog(ℓ) = 14.9192252817459
 Δβ/SD[β] = -0.686731227988892 -0.489552434552931 0.439149313600863 -0.43139309248546 6.42188909043683 10.7232564388085
Maximizing likelihood @ n=4×577=2308
 SD[log(ℓ)] = 1.02214971688146
 Δlog(ℓ) = 0.33887531719558
 Δβ/SD[β] = -0.0268217765777213 -0.47163050647286 -0.57335782094057 0.744013695969462 0.385262300257597 0.989812492048634
Maximizing likelihood @ n=8×577=4616
 SD[log(ℓ)] = 0.738949713853627
 Δlog(ℓ) = -0.378872340321799
 Δβ/SD[β] = 0.0330795677331904 -0.0738075747756248 0.0606396934455839 0.214281055882705 0.0159894182689384 0.0924611026409742
Maximizing likelihood @ n=16×577=9232
 SD[log(ℓ)] = 0.510492404562282
 Δlog(ℓ) = 0.493299803811716
 Δβ/SD[β] = 0.00114998199564884 -0.00317360695841429 0.0184832345698253 -0.000301632955083523 0.0430378109998898 -0.0174009266048014
Maximizing likelihood @ n=32×577=18464
 SD[log(ℓ)] = 0.370885093475856
 Δlog(ℓ) = 0.184456841286249
 Δβ/SD[β] = -0.0617268382947597 -0.0623625594255449 0.0476387492593284 -0.057131241542701 0.025550916326884 -0.0358153062886673
Maximizing likelihood @ n=64×577=36928
 SD[log(ℓ)] = 0.275633934203906
 Δlog(ℓ) = -0.0447082651610202
 Δβ/SD[β] = -0.0227405663664344 -0.000706728629140371 0.00880175716822787 0.0774951041532745 -0.0595974016735002 -0.0261505432862729
Maximizing likelihood @ n=128×577=73856
 SD[log(ℓ)] = 0.190887762347262
 Δlog(ℓ) = 0.166041969095559
 Δβ/SD[β] = 0.010079777423955 -0.0330889279193934 -0.00457212833927712 -0.00436382913581572 0.0408173582061521 -0.0155532475087467
Maximizing likelihood @ n=256×577=147712
 SD[log(ℓ)] = 0.134333914211445
 Δlog(ℓ) = 0.154488387003347
 Δβ/SD[β] = 0.00991277818552867 -0.0221024501330912 0.0215512919075101 -0.0147792723395988 -0.0131778893428899 0.0276055729098963
Maximizing likelihood @ n=512×577=295424
 SD[log(ℓ)] = 0.0956441068835566
 Δlog(ℓ) = 0.0251045027117556
 Δβ/SD[β] = 0 0 0 0 0 0
Maximizing likelihood @ n=1024×577=590848
 SD[log(ℓ)] = 0.0672590746580526
 Δlog(ℓ) = 0.0121090351395878
 Δβ/SD[β] = -0.0020776806988179 -0.00739480121491724 0.0125058425764999 0.00651481066724882 0.0276551987309577 -0.00882570774629301
Maximizing likelihood @ n=2048×577=1181696
 SD[log(ℓ)] = 0.0483984278789313
 Δlog(ℓ) = 0.022238654887019
 Δβ/SD[β] = -0.000592195873527109 -0.0593005191380918 0.0104680483113327 -0.0317636507661206 0.0442740792006443 0.0310248431912477
Maximizing likelihood @ n=4096×577=2363392
 SD[log(ℓ)] = 0.0341377598768711
 Δlog(ℓ) = 0.0320262200967605
 Δβ/SD[β] = -0.0150716024173767 -0.0196300675193138 -0.00743913125183895 -0.00773203211555918 -0.0246970218781931 -0.0313223082742152
Maximizing likelihood @ n=8192×577=4726784
 SD[log(ℓ)] = 0.024389764500148
 Δlog(ℓ) = 0.0741583984691161
 Δβ/SD[β] = -0.0893304609074128 -0.79670262701692 0.0682524557549324 0.032802106625438 -0.0107790081319642 -0.0116865671097153
Maximizing likelihood @ n=16384×577=9453568
 SD[log(ℓ)] = 0.0174064460659291
 Δlog(ℓ) = -0.00982138241151631
 Δβ/SD[β] = 0.000375255060140061 -0.00158796960240007 0.00116256068656405 0.00285012408037582 -0.0018943796304168 0.00467089752861781
Maximizing likelihood @ n=32768×577=18907136
 SD[log(ℓ)] = 0.0123700132599324
 Δlog(ℓ) = -0.00341139065478302
 Δβ/SD[β] = 0.000552415518813797 -0.00932976326507139 -0.00178232314553376 -0.0033956939291916 0.00538745476265513 0.00600200831732601
Calculating Hessian
Maximizing likelihood @ n=1×577=577
 SD[log(ℓ)] = 1.7276418059672
 Δlog(ℓ) = Inf
 Δβ/SD[β] = -13.0338382777423 0.0555035436718034 0.12310367643624 -1.33351844781362 20.6670779665826 1.83315383556023
Maximizing likelihood @ n=2×577=1154
 SD[log(ℓ)] = 1.51368140361475
 Δlog(ℓ) = 1.03177551661187
 Δβ/SD[β] = -0.186459828017521 -0.48570139431183 0.430259477402238 0.236116480630117 1.58110800718641 0.879515507817159
Maximizing likelihood @ n=4×577=2308
 SD[log(ℓ)] = 1.06182876159089
 Δlog(ℓ) = -0.480056787327385
 Δβ/SD[β] = 0.152164878626775 -0.153695922116431 0.136582996763817 0.160012720773428 -0.0293550886366392 -0.0403392770051472
Maximizing likelihood @ n=8×577=4616
 SD[log(ℓ)] = 0.735502701073663
 Δlog(ℓ) = -0.478104817907173
 Δβ/SD[β] = 0.069907743303643 -0.0306469086451618 -0.0125217407201926 -0.108636824104642 0.0828710548338555 -0.122337049232599
Maximizing likelihood @ n=16×577=9232
 SD[log(ℓ)] = 0.530177792066395
 Δlog(ℓ) = 0.0636261999951557
 Δβ/SD[β] = 0.0829181093959019 0.0292460171763534 -0.0480421444884147 -0.108031319826231 -0.00912213597862537 0.0295340500724754
Maximizing likelihood @ n=32×577=18464
 SD[log(ℓ)] = 0.374993721014234
 Δlog(ℓ) = -0.393227760401317
 Δβ/SD[β] = 0.0224268336843107 -0.108538793693309 -0.0677402595922564 0.204483682620993 -0.0400759840797883 -0.174885307306711
Maximizing likelihood @ n=64×577=36928
 SD[log(ℓ)] = 0.268314159953043
 Δlog(ℓ) = 0.419647098794101
 Δβ/SD[β] = -0.0419833911050881 -0.021480610720423 -0.0110146938984932 -0.054716626184441 -0.00294313286730223 0.0544714166916659
Maximizing likelihood @ n=128×577=73856
 SD[log(ℓ)] = 0.191058027610496
 Δlog(ℓ) = 0.353608537929325
 Δβ/SD[β] = -0.0392755168190118 -0.0545381052486757 0.0858618958817934 -0.0763097361327789 0.0559066459279236 0.0711781054930026
Maximizing likelihood @ n=256×577=147712
 SD[log(ℓ)] = 0.135092996552996
 Δlog(ℓ) = -0.0705670036158494
 Δβ/SD[β] = 0.0246456211373273 -0.00642691548234684 0.0121880610957461 0.00400802003780019 0.0291674952534991 0.000302587450979419
Maximizing likelihood @ n=512×577=295424
 SD[log(ℓ)] = 0.0964389102762126
 Δlog(ℓ) = -0.0465940454149205
 Δβ/SD[β] = 0.00580825524855704 0.0153727390652561 0.00869590231895469 0.014257189272707 -0.0188497138615588 -0.0285273969542432
Maximizing likelihood @ n=1024×577=590848
 SD[log(ℓ)] = 0.0680294958600152
 Δlog(ℓ) = 0.032634044639579
 Δβ/SD[β] = 0.00602701954208773 -0.00881997474615267 0.00294840324423693 -4.31843673774461e-05 -0.00957409287885454 0.0104132939246337
Maximizing likelihood @ n=2048×577=1181696
 SD[log(ℓ)] = 0.0485689081827148
 Δlog(ℓ) = -0.0659340046173753
 Δβ/SD[β] = -0.0100507282016434 -0.02559088842098 0.0150321305555187 0.0224081347767842 0.0194396493640308 0.0132295099944138
Maximizing likelihood @ n=4096×577=2363392
 SD[log(ℓ)] = 0.0340369742504987
 Δlog(ℓ) = 0.0451075209640734
 Δβ/SD[β] = 0.00234410676123113 -0.000201645099600032 0.00830546452105891 -0.00497762943756013 -0.0108014000501197 0.00767285065022919
Maximizing likelihood @ n=8192×577=4726784
 SD[log(ℓ)] = 0.0240730275090394
 Δlog(ℓ) = -0.0143381921214782
 Δβ/SD[β] = 0.0103434871012745 -0.0099525873576516 0.00647260103764372 0.00865755096109017 -0.0045931519295926 -0.0120050840488479
Maximizing likelihood @ n=16384×577=9453568
 SD[log(ℓ)] = 0.0174564879781279
 Δlog(ℓ) = 0.0119600481471309
 Δβ/SD[β] = -0.00289644017781121 -0.0101652255029032 0.00559083906970608 -0.0035269213385732 0.00973231616981813 0.00310491515153138
Maximizing likelihood @ n=32768×577=18907136
 SD[log(ℓ)] = 0.0125173776835937
 Δlog(ℓ) = 0.00696253816562376
 Δβ/SD[β] = 0.000591053232507213 -0.00213193997713123 0.00152018614789477 -0.00247981671472954 -0.00531070070977189 0.00158784417341757
Calculating Hessian
Maximizing likelihood @ n=1×577=577
 SD[log(ℓ)] = 1.33761497600064
 Δlog(ℓ) = Inf
 Δβ/SD[β] = 3.16146474637982 0.246591285221668 0.404553441522052 -1.20057224088926 9.55246493788323 1.13296015621278
Maximizing likelihood @ n=2×577=1154
 SD[log(ℓ)] = 1.50394040381996
 Δlog(ℓ) = 7.1315559942651
 Δβ/SD[β] = -0.224393339342101 -0.163356821816376 0.226830780504063 0.228104133505091 3.11364926994077 1.76558323032198
Maximizing likelihood @ n=4×577=2308
 SD[log(ℓ)] = 1.06520305674721
 Δlog(ℓ) = 0.7904577409235
 Δβ/SD[β] = 0.0328523767787949 -0.0446000791418052 0.106009005625077 -0.0221956237916364 0.0261474640596879 -0.0453034394744974
Maximizing likelihood @ n=8×577=4616
 SD[log(ℓ)] = 0.778339054366721
 Δlog(ℓ) = 0.093881186910032
 Δβ/SD[β] = 0.170832102516005 -0.0796432225039534 0.0134868116921583 0.0183111899797568 -0.162684143164576 0.164439226043237
Maximizing likelihood @ n=16×577=9232
 SD[log(ℓ)] = 0.547211248267686
 Δlog(ℓ) = -0.23004201363868
 Δβ/SD[β] = 0.0955856865574247 -0.10095132912803 -0.10886213647749 -0.0184960506095631 -0.00369273819466814 0.0214442281449866
Maximizing likelihood @ n=32×577=18464
 SD[log(ℓ)] = 0.386739419853844
 Δlog(ℓ) = -0.00984645328548339
 Δβ/SD[β] = 0.00490963994353705 -0.0482726986333887 0.0193140337981551 -0.0406026557466452 0.0272860250472214 -0.0341257806709565
Maximizing likelihood @ n=64×577=36928
 SD[log(ℓ)] = 0.274486632769023
 Δlog(ℓ) = -0.307006040702909
 Δβ/SD[β] = 0.0737179168177471 -0.125146912179668 -0.0199315004435451 0.0248954972857582 -0.0800706945079318 -0.0418195854029148
Maximizing likelihood @ n=128×577=73856
 SD[log(ℓ)] = 0.191526210793819
 Δlog(ℓ) = -0.0769005791979467
 Δβ/SD[β] = -0.0824172923982387 -0.179974322848627 -0.0853993231700248 0.111629967750239 0.064081196676895 0.0322484750466418
Maximizing likelihood @ n=256×577=147712
 SD[log(ℓ)] = 0.13895298437171
 Δlog(ℓ) = -0.0345717355996911
 Δβ/SD[β] = -0.116845000273971 -0.0781600783021504 0.0154021909823601 -0.123415924129284 0.0633176321387142 0.0161174657120167
Maximizing likelihood @ n=512×577=295424
 SD[log(ℓ)] = 0.0987677426679436
 Δlog(ℓ) = 0.066038879629339
 Δβ/SD[β] = 0.00780540165214698 -0.0495737416669706 -0.0745542814932286 -0.0778282378830992 -0.0967989316818975 -0.0755904904320114
Maximizing likelihood @ n=1024×577=590848
 SD[log(ℓ)] = 0.0698825796683477
 Δlog(ℓ) = -0.017644265550139
 Δβ/SD[β] = -0.0162760129796187 -0.0798739484865719 -0.0180400612916644 -0.0733936165967747 0.022870001107084 0.00746005942689369
Maximizing likelihood @ n=2048×577=1181696
 SD[log(ℓ)] = 0.0506047153060263
 Δlog(ℓ) = 0.0552023791468841
 Δβ/SD[β] = 0.0224160170548959 -0.0160293626600757 -0.0114427541514805 0.00267968008478024 0.0261395058690465 -0.0145523962501586
Maximizing likelihood @ n=4096×577=2363392
 SD[log(ℓ)] = 0.0361140868845402
 Δlog(ℓ) = 0.0841328363258071
 Δβ/SD[β] = -0.0479966423268138 -0.259328143572085 -0.407825546633785 -0.0287557373165022 0.0305793661254612 0.0284432717698279
Maximizing likelihood @ n=8192×577=4726784
 SD[log(ℓ)] = 0.0255356578542073
 Δlog(ℓ) = 0.00521106099843394
 Δβ/SD[β] = -0.0202604820998772 -0.119797349509714 -0.192078247619032 -0.110283180534129 -0.0628698850511399 -0.113827615147016
Maximizing likelihood @ n=16384×577=9453568
 SD[log(ℓ)] = 0.0187318906309979
 Δlog(ℓ) = -0.00190263694258164
 Δβ/SD[β] = -0.00294983141163525 5.84176146799885e-05 0.00140280069736526 0.000784139602537062 -0.00547853098155244 -0.00442557513429102
Maximizing likelihood @ n=32768×577=18907136
 SD[log(ℓ)] = 0.0132814433196707
 Δlog(ℓ) = -0.0071821034443218
 Δβ/SD[β] = -0.000417446010340284 0.000138915336058023 0.0026991209802456 0.00352375082188178 0.00219081334253441 -0.00309406522994656
Calculating Hessian
Starting buffer 750 
Maximizing likelihood @ n=1×577=577
 SD[log(ℓ)] = 1.27053282396738
 Δlog(ℓ) = Inf
 Δβ/SD[β] = -1.31809792585153 0.0274190991309236 -0.417844277277397 -1.39368085130316 10.3573264335444 0.735771635198373
Maximizing likelihood @ n=2×577=1154
 SD[log(ℓ)] = 1.40877098449177
 Δlog(ℓ) = 7.311426101465
 Δβ/SD[β] = 0.230361563627135 -0.76653072004706 0.340112874976745 0.412538904043057 2.14070055926015 1.43818256235026
Maximizing likelihood @ n=4×577=2308
 SD[log(ℓ)] = 1.02155002784127
 Δlog(ℓ) = 0.780980640255692
 Δβ/SD[β] = -0.0261315398256008 0.0666763617824131 -0.0162980908937338 0.096211978434973 0.0440846636883971 -0.00346168883910981
Maximizing likelihood @ n=8×577=4616
 SD[log(ℓ)] = 0.728502350736871
 Δlog(ℓ) = -0.0224623002651825
 Δβ/SD[β] = 0.100332408608866 -0.0982926955793856 -0.00690906247162625 0.0751704513909172 0.118230874782498 0.402920252346321
Maximizing likelihood @ n=16×577=9232
 SD[log(ℓ)] = 0.523369509682456
 Δlog(ℓ) = 0.47805544828519
 Δβ/SD[β] = 0.0526732697736216 -0.037039489148619 -0.0321643720854925 0.000449094108735778 0.0213787163078109 0.068278345950739
Maximizing likelihood @ n=32×577=18464
 SD[log(ℓ)] = 0.380233257822468
 Δlog(ℓ) = -0.0188074945418819
 Δβ/SD[β] = -0.00425595458051307 0.00602960177778629 -0.0272815153903684 -0.089435509715308 -0.00206261269647646 -0.0790948815963044
Maximizing likelihood @ n=64×577=36928
 SD[log(ℓ)] = 0.270628389262026
 Δlog(ℓ) = -0.0815825058501858
 Δβ/SD[β] = -0.0729918234520739 0.0149535290872471 -0.0583682467898496 -0.119230423834425 -0.015219542148312 -0.0427616369290879
Maximizing likelihood @ n=128×577=73856
 SD[log(ℓ)] = 0.19117679023057
 Δlog(ℓ) = -0.327382441679973
 Δβ/SD[β] = -0.00450337282554048 0.0148011319689732 -0.0108202709162453 0.0468723765449362 -0.0582655306889273 -0.0652530783107718
Maximizing likelihood @ n=256×577=147712
 SD[log(ℓ)] = 0.135147495815547
 Δlog(ℓ) = -0.0444716549209048
 Δβ/SD[β] = -1.65084315316227e-07 -0.00014634776602392 5.78698830697157e-05 0.000642117209889133 0.00162875721224046 -0.00194015514076706
Maximizing likelihood @ n=512×577=295424
 SD[log(ℓ)] = 0.095322053882305
 Δlog(ℓ) = -0.0170930556910989
 Δβ/SD[β] = -0.0116549181371878 -0.014206981722253 0.0133255887447813 0.0204838031102563 0.0145298713267467 -0.0151041430358598
Maximizing likelihood @ n=1024×577=590848
 SD[log(ℓ)] = 0.0681381420123506
 Δlog(ℓ) = 0.0751911354719041
 Δβ/SD[β] = 0.000254175035743896 -0.000492910592253448 0.00139440526779821 -0.00295875431503097 -0.00242080878575263 0.00316783847277353
Maximizing likelihood @ n=2048×577=1181696
 SD[log(ℓ)] = 0.0490715674944689
 Δlog(ℓ) = 0.0208497917386765
 Δβ/SD[β] = -0.00202025192666681 -0.00431720010415278 0.00307936216763679 0.00801835078775441 0.00465807202829882 -0.0150800815870542
Maximizing likelihood @ n=4096×577=2363392
 SD[log(ℓ)] = 0.0345139507026207
 Δlog(ℓ) = 0.0190581716078881
 Δβ/SD[β] = 0.00213920825197113 -0.00544162697461339 0.00332145308936045 0.0082865180093584 -0.0142021259613942 -0.0100304951853163
Maximizing likelihood @ n=8192×577=4726784
 SD[log(ℓ)] = 0.0244801498705664
 Δlog(ℓ) = 0.00421940855789416
 Δβ/SD[β] = -0.0195626322799013 0.0116282143889788 -0.0150470518314475 0.0278111097899339 -0.00353229380837821 0.0174492528346554
Maximizing likelihood @ n=16384×577=9453568
 SD[log(ℓ)] = 0.0174256731425762
 Δlog(ℓ) = 0.0067095648743134
 Δβ/SD[β] = 0 0 0 0 0 0
Maximizing likelihood @ n=32768×577=18907136
 SD[log(ℓ)] = 0.0122530890154535
 Δlog(ℓ) = -0.00499210934081162
 Δβ/SD[β] = -0.00045715470898303 -0.00436150954542053 0.00193904941399099 0.000875965674535712 0.00648065326722923 -0.00288645260705302
Calculating Hessian
Maximizing likelihood @ n=1×577=577
 SD[log(ℓ)] = 1.09683962335234
 Δlog(ℓ) = Inf
 Δβ/SD[β] = 0.99899221928567 -0.125703768180401 0.183466644726396 -1.45325905090564 3.64988820728219 0.83338488933178
Maximizing likelihood @ n=2×577=1154
 SD[log(ℓ)] = 1.43548071112188
 Δlog(ℓ) = 13.632592821265
 Δβ/SD[β] = 1.07380573813995 0.417294131381683 -0.490422917915587 0.915855660659892 4.53760627381341 2.17405073547358
Maximizing likelihood @ n=4×577=2308
 SD[log(ℓ)] = 1.03756369413309
 Δlog(ℓ) = -0.620324878299414
 Δβ/SD[β] = 0.0596511421242435 0.311417491078404 0.0161024483005308 0.0860085764185609 -0.053494160768459 -0.112252402085974
Maximizing likelihood @ n=8×577=4616
 SD[log(ℓ)] = 0.714864077761796
 Δlog(ℓ) = -0.111908485738319
 Δβ/SD[β] = -0.00431926719901582 0.0240016148987871 0.0340152080696152 -0.0523700377276691 -0.0493296138115705 -0.0536260795437402
Maximizing likelihood @ n=16×577=9232
 SD[log(ℓ)] = 0.507380603210364
 Δlog(ℓ) = -0.259493354308923
 Δβ/SD[β] = -0.0138313690039093 0.0150690315954305 0.00729604706359033 0.00574408675706191 -0.0317361372351237 -0.016564355272812
Maximizing likelihood @ n=32×577=18464
 SD[log(ℓ)] = 0.365926732145384
 Δlog(ℓ) = 0.413678992982746
 Δβ/SD[β] = 3.07567693592087e-05 -0.000772598527425817 -6.2626891619818e-05 -0.00343495683695029 -0.0193188637609047 0.020316201211855
Maximizing likelihood @ n=64×577=36928
 SD[log(ℓ)] = 0.264246818334127
 Δlog(ℓ) = 0.203612680348655
 Δβ/SD[β] = 6.24685395313625e-05 0.0293334377472271 0.0194293665444403 -0.00385737866315369 0.0579563508843523 0.0585868919235175
Maximizing likelihood @ n=128×577=73856
 SD[log(ℓ)] = 0.191740154573613
 Δlog(ℓ) = 0.256801157253037
 Δβ/SD[β] = -0.000245403917109713 -0.017612958329165 0.0211800290803453 -0.0297676258543814 -0.0129432626282212 0.0408190887287943
Maximizing likelihood @ n=256×577=147712
 SD[log(ℓ)] = 0.137006276539392
 Δlog(ℓ) = -0.100055375927369
 Δβ/SD[β] = -0.00658087749239582 -0.00841090580099584 0.0120634597452204 0.0115649348087224 0.018254846253942 -0.0178427782227368
Maximizing likelihood @ n=512×577=295424
 SD[log(ℓ)] = 0.0985265181122467
 Δlog(ℓ) = -0.000584611553470893
 Δβ/SD[β] = 0.00181051315367036 -0.0343859514114092 -0.0279450393515046 0.0151175678308706 -0.0125440793441038 0.0328696376272987
Maximizing likelihood @ n=1024×577=590848
 SD[log(ℓ)] = 0.0690702884292338
 Δlog(ℓ) = 0.0516643193541455
 Δβ/SD[β] = 0.00615124804528222 -0.00337654012027648 0.00262850980320008 0.00557384173465146 0.0120193993905666 -0.00207994659720632
Maximizing likelihood @ n=2048×577=1181696
 SD[log(ℓ)] = 0.0488356691154571
 Δlog(ℓ) = 0.0208805627919588
 Δβ/SD[β] = -0.015365872704613 0.00527067054653238 0.0164374937237132 0.0348710718329451 0.00138865894891183 -0.0195570699053694
Maximizing likelihood @ n=4096×577=2363392
 SD[log(ℓ)] = 0.0345787938119491
 Δlog(ℓ) = 0.0348648656370898
 Δβ/SD[β] = -0.0120221957989421 -0.0116152766446397 -0.00855758846140749 0.0245418050481538 0.016071920204078 0.0410391125329739
Maximizing likelihood @ n=8192×577=4726784
 SD[log(ℓ)] = 0.0247158218844316
 Δlog(ℓ) = -0.0107533328735769
 Δβ/SD[β] = -0.00448210951789653 -0.000858081302624099 -0.000250867926211789 0.00962924285739859 -0.0108629383183986 -0.00601826940899577
Maximizing likelihood @ n=16384×577=9453568
 SD[log(ℓ)] = 0.0175735781543352
 Δlog(ℓ) = 0.0058088816968862
 Δβ/SD[β] = 0.0121481441955686 -0.0112447424614221 -0.0107477176860503 -0.00570509196453554 0.00870612792879774 0.0104883816358625
Maximizing likelihood @ n=32768×577=18907136
 SD[log(ℓ)] = 0.0125328891187215
 Δlog(ℓ) = 0.0239384985683628
 Δβ/SD[β] = 0.00275338338361739 0.00178822620026437 -0.00344436450092838 0.00289275742615129 0.000590579311920547 -0.00499105438510917
Calculating Hessian
Maximizing likelihood @ n=1×577=577
 SD[log(ℓ)] = 1.55964730556631
 Δlog(ℓ) = Inf
 Δβ/SD[β] = 1.7285622417536 -0.116170703354297 0.0610945430728395 -1.54521754282513 10.3205346963095 0.934621807712593
Maximizing likelihood @ n=2×577=1154
 SD[log(ℓ)] = 1.37342422312912
 Δlog(ℓ) = 6.24061882918843
 Δβ/SD[β] = -3.82729961862518 0.554837041213731 -1.59780507394658 0.392132847828427 2.9755671367129 1.71032925942579
Maximizing likelihood @ n=4×577=2308
 SD[log(ℓ)] = 0.998582629328228
 Δlog(ℓ) = 0.125109560368884
 Δβ/SD[β] = -0.0500780096350028 -0.0616535222779459 0.0605846910399934 0.398440282623566 0.179622781751456 -0.0160159755234197
Maximizing likelihood @ n=8×577=4616
 SD[log(ℓ)] = 0.715480771512761
 Δlog(ℓ) = 0.243818563078428
 Δβ/SD[β] = -0.0466600708183283 -0.0972453476271119 0.00933848940590602 0.487861270947678 0.102779876989272 0.106494713776715
Maximizing likelihood @ n=16×577=9232
 SD[log(ℓ)] = 0.516808682076679
 Δlog(ℓ) = 0.545241695152477
 Δβ/SD[β] = 0.00726890696496019 -0.027655380419262 -0.0348796305208121 -0.102919015849366 0.077922827831976 0.173319476835103
Maximizing likelihood @ n=32×577=18464
 SD[log(ℓ)] = 0.370105431107038
 Δlog(ℓ) = -0.0809743725868159
 Δβ/SD[β] = 0.039974664018414 0.0648273878654079 -0.0147288532304455 0.00188972962344367 0.0521405990911001 0.0167946933494193
Maximizing likelihood @ n=64×577=36928
 SD[log(ℓ)] = 0.267391498786354
 Δlog(ℓ) = 0.428975523675476
 Δβ/SD[β] = -0.00485293395920534 0.0155261608186279 0.073116027441267 -0.00347155147639422 0.00338619079859734 0.117817537639977
Maximizing likelihood @ n=128×577=73856
 SD[log(ℓ)] = 0.193640150303449
 Δlog(ℓ) = -0.246470997491201
 Δβ/SD[β] = 0.0154975383579999 0.0086673707210439 -0.0436204036374563 0.084392313923988 -0.0641695919579599 -0.00787413416291219
Maximizing likelihood @ n=256×577=147712
 SD[log(ℓ)] = 0.13778519441866
 Δlog(ℓ) = 0.311816959141794
 Δβ/SD[β] = -0.0267338234390224 0.022298039821561 0.0190369420808655 0.0140267207135654 0.0607714410968997 0.0333508529029354
Maximizing likelihood @ n=512×577=295424
 SD[log(ℓ)] = 0.100092276496765
 Δlog(ℓ) = 0.0124009223689328
 Δβ/SD[β] = -0.00787692760070241 0.0131489202805046 -0.00929499994487618 -0.00770692120170793 -0.0201699007271336 -0.00774415282122635
Maximizing likelihood @ n=1024×577=590848
 SD[log(ℓ)] = 0.0700332274671877
 Δlog(ℓ) = -0.0299940735972157
 Δβ/SD[β] = 0.00139204998483604 0.0381352541247287 0.0137001817462724 0.0292304331818962 0.00867887949890857 -0.022718123485343
Maximizing likelihood @ n=2048×577=1181696
 SD[log(ℓ)] = 0.0489333287230153
 Δlog(ℓ) = -0.00831533385063921
 Δβ/SD[β] = -0.000459144637539666 0.00720783297691764 0.00506576227814055 -0.00887109281711649 0.000142308939518105 0.0239882169649556
Maximizing likelihood @ n=4096×577=2363392
 SD[log(ℓ)] = 0.0346085176349665
 Δlog(ℓ) = 0.0454111773132837
 Δβ/SD[β] = -0.00113991228110776 0.0360595008150342 0.0176268554926327 -0.0198459629328234 0.0186382756310253 0.0218148361543043
Maximizing likelihood @ n=8192×577=4726784
 SD[log(ℓ)] = 0.0243585007170766
 Δlog(ℓ) = 0.0216414479030149
 Δβ/SD[β] = 0.000185004487245432 0.00290002206822366 -0.00132463919325004 -0.00616825517349425 -0.00604195062624661 0.00254646123367097
Maximizing likelihood @ n=16384×577=9453568
 SD[log(ℓ)] = 0.0172484206933414
 Δlog(ℓ) = 0.0101488776965226
 Δβ/SD[β] = -0.00390187485735202 0.00562876505875952 0.00241746444325048 -0.00544144152228376 -0.00158936052746342 0.00545147830323564
Maximizing likelihood @ n=32768×577=18907136
 SD[log(ℓ)] = 0.0123568970693422
 Δlog(ℓ) = 0.00269385842639025
 Δβ/SD[β] = 0.00021614623539692 0.000270779417407738 0.000638038614155727 -0.00222945083429205 0.00382611430201221 -0.00377199349895386
Calculating Hessian
Maximizing likelihood @ n=1×577=577
 SD[log(ℓ)] = 1.40951779346689
 Δlog(ℓ) = Inf
 Δβ/SD[β] = 1.76341088809471 0.235008695847607 1.01070352316641 -1.5463714091338 12.1834621040744 0.800460839812461
Maximizing likelihood @ n=2×577=1154
 SD[log(ℓ)] = 1.66375681429078
 Δlog(ℓ) = 8.04841247585928
 Δβ/SD[β] = 1.42101705773529 -1.15443539392316 -0.590323418745676 0.343982244184419 3.4525613444834 2.17393329517186
Maximizing likelihood @ n=4×577=2308
 SD[log(ℓ)] = 1.10926978051877
 Δlog(ℓ) = -2.86416527879464
 Δβ/SD[β] = -0.459755978729339 0.900363273376139 -0.0697998583267591 0.334257164686216 -0.137714192280368 -0.0677557738811004
Maximizing likelihood @ n=8×577=4616
 SD[log(ℓ)] = 0.789487151984423
 Δlog(ℓ) = -1.46865789607939
 Δβ/SD[β] = 0.561627300491936 0.293107940666466 -0.567230403772064 0.202053960433804 -0.0572022606051269 -0.0194527892699921
Maximizing likelihood @ n=16×577=9232
 SD[log(ℓ)] = 0.564649742351007
 Δlog(ℓ) = 1.04064951022736
 Δβ/SD[β] = 0.105403390466438 0.367770526677803 -0.162904480040975 0.105527613443812 0.0692113413590959 0.113190604971774
Maximizing likelihood @ n=32×577=18464
 SD[log(ℓ)] = 0.404233236971885
 Δlog(ℓ) = 0.285948830142644
 Δβ/SD[β] = 0.0425475595488433 0.131522574891887 -0.0170802049131202 0.261552218235514 0.0853584004979357 0.207211098461971
Maximizing likelihood @ n=64×577=36928
 SD[log(ℓ)] = 0.29196996693636
 Δlog(ℓ) = -0.132656761674042
 Δβ/SD[β] = 0.047126841907426 -0.0225907346577537 0.00572218075265604 0.06884392129909 -0.0647337344962761 0.00812234806564827
Maximizing likelihood @ n=128×577=73856
 SD[log(ℓ)] = 0.212720133371758
 Δlog(ℓ) = 0.0067427315929578
 Δβ/SD[β] = 0.0255189916965157 -0.0243199494753269 -0.0038656849576914 0.0155750567962686 0.0359689517101524 -0.0262225602384724
Maximizing likelihood @ n=256×577=147712
 SD[log(ℓ)] = 0.148536703249903
 Δlog(ℓ) = -0.037667747900116
 Δβ/SD[β] = -0.00140667898137031 -0.024829969784137 -0.00124751572952137 0.0288133516777538 -0.0481836536651586 0.0164580390282466
Maximizing likelihood @ n=512×577=295424
 SD[log(ℓ)] = 0.106215951720904
 Δlog(ℓ) = 0.0389034661172403
 Δβ/SD[β] = 0.107316662131857 -0.0928429838808017 0.0914218071922749 0.190133106399368 -0.0279271807514143 0.00741793868385544
Maximizing likelihood @ n=1024×577=590848
 SD[log(ℓ)] = 0.0741308205529168
 Δlog(ℓ) = 0.0193752355570922
 Δβ/SD[β] = -0.0436240106827974 0.026383372108484 -0.0225515360072276 0.00865564178576125 0.0384585610526136 -0.00742246108893558
Maximizing likelihood @ n=2048×577=1181696
 SD[log(ℓ)] = 0.0516764223731008
 Δlog(ℓ) = 0.0415937522590824
 Δβ/SD[β] = -0.0409907369813178 -0.0271236821975586 -0.0133267078107805 0.0607675977238305 0.0104178101929251 0.0642050638750527
Maximizing likelihood @ n=4096×577=2363392
 SD[log(ℓ)] = 0.0368306454086703
 Δlog(ℓ) = 0.0268390825529821
 Δβ/SD[β] = 0.0232512903621014 -0.00116652248403082 -0.00652336891302065 0.0032129977924527 0.0133323760073211 0.0097025039790415
Maximizing likelihood @ n=8192×577=4726784
 SD[log(ℓ)] = 0.0260335329767758
 Δlog(ℓ) = -0.0255134554893459
 Δβ/SD[β] = -0.00405659792067917 -0.00365829250116141 0.00386713922061783 0.0260291295273663 -0.0088873162591359 0.0100771137197926
Maximizing likelihood @ n=16384×577=9453568
 SD[log(ℓ)] = 0.0183871910962758
 Δlog(ℓ) = 0.0058787714227293
 Δβ/SD[β] = 0.00202039490788633 0.000602219670906031 -0.00233066409257343 0.00521758383199156 0.00952835600782215 -0.00136880673094541
Maximizing likelihood @ n=32768×577=18907136
 SD[log(ℓ)] = 0.0129252266474377
 Δlog(ℓ) = -0.0224312373859661
 Δβ/SD[β] = 0.00153982992904878 -0.0222896151226188 0.058579544247153 0.0612202271027554 0.00350377804921787 0.0352679788135599
Calculating Hessian
Starting buffer 1500 
Maximizing likelihood @ n=1×577=577
 SD[log(ℓ)] = 1.0267279190994
 Δlog(ℓ) = Inf
 Δβ/SD[β] = -0.830937296866744 -0.0382229449063537 -0.0917922906072412 -1.20026699100874 7.11845686007225 0.210562418104552
Maximizing likelihood @ n=2×577=1154
 SD[log(ℓ)] = 1.33858601822749
 Δlog(ℓ) = 9.25956745067218
 Δβ/SD[β] = -4.0806032625412 1.10184477362136 3.1375718839027 -0.741472924081033 5.45050530696043 9.28325101727217
Maximizing likelihood @ n=4×577=2308
 SD[log(ℓ)] = 1.04866789584331
 Δlog(ℓ) = 1.95435396194075
 Δβ/SD[β] = -0.0843422026053192 0.0728693691761131 0.0123779392006577 0.0148029576613882 0.0795815560251207 0.227340938962881
Maximizing likelihood @ n=8×577=4616
 SD[log(ℓ)] = 0.720637020343083
 Δlog(ℓ) = -0.497858375109757
 Δβ/SD[β] = 0 0 0 0 0 0
Maximizing likelihood @ n=16×577=9232
 SD[log(ℓ)] = 0.552751827412132
 Δlog(ℓ) = 0.740373250058738
 Δβ/SD[β] = 0.0258300205628163 0.0805141595001483 0.0202516774193999 -0.0368067952662057 -0.123198435891508 0.197169270629587
Maximizing likelihood @ n=32×577=18464
 SD[log(ℓ)] = 0.397430403576665
 Δlog(ℓ) = -0.500623188352456
 Δβ/SD[β] = -0.0795397585100944 -0.0771882903476535 -0.0967170483498332 0.488595068981578 -0.0422365968533687 -0.0999165985842219
Maximizing likelihood @ n=64×577=36928
 SD[log(ℓ)] = 0.283905934034885
 Δlog(ℓ) = 0.194832838972488
 Δβ/SD[β] = -0.0131086057526251 -0.00456211951014301 0.0202782567920492 0.102143363880272 -0.000539286142868699 0.107572971992976
Maximizing likelihood @ n=128×577=73856
 SD[log(ℓ)] = 0.197270655109001
 Δlog(ℓ) = -0.190668098181263
 Δβ/SD[β] = 0.0382433353927567 0.0237414340380442 -0.0390449729177261 -0.0425867309325877 0.0267230905010191 0.0451598261384075
Maximizing likelihood @ n=256×577=147712
 SD[log(ℓ)] = 0.138599759834765
 Δlog(ℓ) = 0.0930227639320336
 Δβ/SD[β] = -0.0134978489567375 0.00684389256022313 0.00614851682036351 -0.00627154428165189 0.0302612875726761 0.000191147217721811
Maximizing likelihood @ n=512×577=295424
 SD[log(ℓ)] = 0.0984394150975862
 Δlog(ℓ) = 0.0653056439940372
 Δβ/SD[β] = -0.0110108424730832 -0.00825689043498468 0.00592005754354443 -0.0106945519198891 0.00312106642381979 0.017429463651733
Maximizing likelihood @ n=1024×577=590848
 SD[log(ℓ)] = 0.0706205609253333
 Δlog(ℓ) = -0.253889902907353
 Δβ/SD[β] = -0.0182137119755336 -0.0212284210760419 0.00311555624998856 0.0565592467067848 -0.0106952419099306 -0.00790660775635543
Maximizing likelihood @ n=2048×577=1181696
 SD[log(ℓ)] = 0.0496176408812138
 Δlog(ℓ) = 0.0489314918955586
 Δβ/SD[β] = -0.00328028238145679 -0.00184145561079808 -0.000316423309139833 0.0166763679157412 0.0106764829157242 -0.00998907401238611
Maximizing likelihood @ n=4096×577=2363392
 SD[log(ℓ)] = 0.0357943269913039
 Δlog(ℓ) = 0.0117799437642532
 Δβ/SD[β] = 0.000460005592136964 -0.00676767199718513 -0.00110119830134814 0.0240198283827936 -0.00754825723982936 -0.0194765956851044
Maximizing likelihood @ n=8192×577=4726784
 SD[log(ℓ)] = 0.0251912604999482
 Δlog(ℓ) = 0.042177410532112
 Δβ/SD[β] = 0.00603304166566667 0.00489452747716006 -0.012721460731862 0.0145067921393698 -0.000758430679441069 0.0192089012862524
Maximizing likelihood @ n=16384×577=9453568
 SD[log(ℓ)] = 0.0175745153244061
 Δlog(ℓ) = -0.00798324519256965
 Δβ/SD[β] = 0.000844737016833922 0.00281453894244668 -0.000961832955678574 0.00337971314269205 0.00704894226958546 0.00181757937701211
Maximizing likelihood @ n=32768×577=18907136
 SD[log(ℓ)] = 0.0123843666551752
 Δlog(ℓ) = -0.0246874646502988
 Δβ/SD[β] = 0.00150086140663108 -0.00175959641910664 -0.00888253057588228 0.00793741024210519 -0.0069292058826462 -0.00331249814736523
Calculating Hessian
Maximizing likelihood @ n=1×577=577
 SD[log(ℓ)] = 1.45324814306943
 Δlog(ℓ) = Inf
 Δβ/SD[β] = -0.801177054366292 -0.0984252145085227 -0.107645965896816 -1.35102502590261 15.1912859128642 0.916192718036516
Maximizing likelihood @ n=2×577=1154
 SD[log(ℓ)] = 1.4568229327217
 Δlog(ℓ) = 5.67695987425252
 Δβ/SD[β] = 0.82755063194603 0.326254561427955 0.5238081187957 0.3068105673276 2.38570275713057 2.06739082288081
Maximizing likelihood @ n=4×577=2308
 SD[log(ℓ)] = 1.09919742008852
 Δlog(ℓ) = 0.640126630636239
 Δβ/SD[β] = -0.198906003660852 0.0556485499365787 -0.114553167156132 -0.424581573116317 0.0181056203277899 0.0507141344957767
Maximizing likelihood @ n=8×577=4616
 SD[log(ℓ)] = 0.811898005275675
 Δlog(ℓ) = 0.9029754519389
 Δβ/SD[β] = 0.0148907977951905 0.15827720921456 -0.0328587104322691 -0.0086471279896258 0.064895844586219 0.103200987481268
Maximizing likelihood @ n=16×577=9232
 SD[log(ℓ)] = 0.547287920915301
 Δlog(ℓ) = -1.39506862246058
 Δβ/SD[β] = 0.0138033568907898 0.089717758878064 -0.00922067795095333 0.0956995135316993 -0.143389830871168 -0.0652756260389329
Maximizing likelihood @ n=32×577=18464
 SD[log(ℓ)] = 0.388450847425091
 Δlog(ℓ) = -0.0209577976608344
 Δβ/SD[β] = -0.0611240847892112 -0.0176991015663286 -0.0313363830059763 -0.0668579507091182 -0.00474283050827484 0.105765270680022
Maximizing likelihood @ n=64×577=36928
 SD[log(ℓ)] = 0.279240706405898
 Δlog(ℓ) = -0.614811123230524
 Δβ/SD[β] = 0.0364916861665426 0.0568407784593259 -0.0322711417985707 0.179386000739766 -0.0724696262554132 -0.0548654494882644
Maximizing likelihood @ n=128×577=73856
 SD[log(ℓ)] = 0.197960978477086
 Δlog(ℓ) = -0.21340742271741
 Δβ/SD[β] = 0.0336777581137308 0.0122887892956704 0.00761977443132315 0.0860142860895954 -0.0419392618690499 0.0507415064756879
Maximizing likelihood @ n=256×577=147712
 SD[log(ℓ)] = 0.137824472560722
 Δlog(ℓ) = -0.00947225188630796
 Δβ/SD[β] = -0.0165827276833731 0.0259852494275958 0.00948223449835544 0.0413980571611687 0.0184821673847777 -0.0259960638192232
Maximizing likelihood @ n=512×577=295424
 SD[log(ℓ)] = 0.10621528108921
 Δlog(ℓ) = -0.189273608458642
 Δβ/SD[β] = 0.024066831687738 0.0423359665151131 -0.204523488152556 0.266724606585701 -0.0012464172409923 0.0754258890895272
Maximizing likelihood @ n=1024×577=590848
 SD[log(ℓ)] = 0.0722112640038718
 Δlog(ℓ) = 0.0558159390617661
 Δβ/SD[β] = 0 0 0 0 0 0
Maximizing likelihood @ n=2048×577=1181696
 SD[log(ℓ)] = 0.0504302982482848
 Δlog(ℓ) = 0.0494363383399588
 Δβ/SD[β] = -0.00160502033007031 -0.00570138729243063 0.00398368175064084 -0.000902958908130465 0.0190712394704983 -0.00620621958645485
Maximizing likelihood @ n=4096×577=2363392
 SD[log(ℓ)] = 0.0369755346211302
 Δlog(ℓ) = -0.0275499653528968
 Δβ/SD[β] = -0.000889457368284092 0.000899180399466665 -0.000717465229568451 4.99063841685032e-06 0.00307035016249081 -0.00102904164582975
Maximizing likelihood @ n=8192×577=4726784
 SD[log(ℓ)] = 0.0254084514942303
 Δlog(ℓ) = 0.0201109464873568
 Δβ/SD[β] = -0.000670819990424645 0.000926293028254697 -0.00338265586088483 -0.00443637930996582 0.00438109198614713 0.00749901878851242
Maximizing likelihood @ n=16384×577=9453568
 SD[log(ℓ)] = 0.0180073096831564
 Δlog(ℓ) = 0.0173167420821017
 Δβ/SD[β] = 0.00145698959032195 0.0070175314301845 -0.00299551489971939 -0.00958022805597493 -0.000145428600007733 0.00104744588345622
Maximizing likelihood @ n=32768×577=18907136
 SD[log(ℓ)] = 0.0124621463480708
 Δlog(ℓ) = -0.0128025880345746
 Δβ/SD[β] = -0.0020781568735827 -0.00233454406773482 -0.0019261523559575 -0.00899693489784006 -0.000392842641213972 -0.00713866938530785
Calculating Hessian
Maximizing likelihood @ n=1×577=577
 SD[log(ℓ)] = 1.11718419082406
 Δlog(ℓ) = Inf
 Δβ/SD[β] = 1.50553843917816 -0.213976728192794 0.384314666187357 -1.30387645478587 6.60302047510184 0.237242304491134
Maximizing likelihood @ n=2×577=1154
 SD[log(ℓ)] = 1.38391303294712
 Δlog(ℓ) = 10.7749984769173
 Δβ/SD[β] = 1.40704395397546 0.0940755779972692 -1.14600025578208 0.697845273897476 4.39524267850361 10.1519264554287
Maximizing likelihood @ n=4×577=2308
 SD[log(ℓ)] = 0.977992701651398
 Δlog(ℓ) = -0.866382656788559
 Δβ/SD[β] = 0.0276528986632388 0.355096814219512 0.0724358533093314 0.0696239607258004 0.283308740817467 0.258719348666899
Maximizing likelihood @ n=8×577=4616
 SD[log(ℓ)] = 0.696020492655093
 Δlog(ℓ) = 0.24045836398551
 Δβ/SD[β] = -0.0606939098396742 0.559907567629148 -0.0721841233679679 0.0216130809599168 0.0242571261516073 -0.137647745130509
Maximizing likelihood @ n=16×577=9232
 SD[log(ℓ)] = 0.514050344265563
 Δlog(ℓ) = 1.15491348070431
 Δβ/SD[β] = -0.0651553754435323 0.0388574624866031 0.0604607579431031 -0.0543927074696166 0.0345723737935965 0.141849516344778
Maximizing likelihood @ n=32×577=18464
 SD[log(ℓ)] = 0.389679030484549
 Δlog(ℓ) = 0.181425077187292
 Δβ/SD[β] = -0.00955611341967428 -0.0106630760572583 0.0023190501919749 -0.041871196402765 -0.0499747417417935 0.0129043434715949
Maximizing likelihood @ n=64×577=36928
 SD[log(ℓ)] = 0.276563104473508
 Δlog(ℓ) = 0.111893341142142
 Δβ/SD[β] = -0.00484815690859686 -0.0349350520395315 -0.00676480740852255 -0.0662742376254421 0.0038494671230074 0.0432910612811445
Maximizing likelihood @ n=128×577=73856
 SD[log(ℓ)] = 0.188927723547687
 Δlog(ℓ) = -0.0768668402476038
 Δβ/SD[β] = 0.00963189694430641 0.0232519741204009 -0.0178468481002665 0.00977745279333936 0.0740540625293488 -0.00141453423413964
Maximizing likelihood @ n=256×577=147712
 SD[log(ℓ)] = 0.134578701618336
 Δlog(ℓ) = -0.0537495286951781
 Δβ/SD[β] = -0.0160122267744665 -0.000152422241771911 0.0201672079556876 -0.036796506930532 0.00866671846235652 -0.0384124455660337
Maximizing likelihood @ n=512×577=295424
 SD[log(ℓ)] = 0.0945211832457649
 Δlog(ℓ) = 0.0133446828180155
 Δβ/SD[β] = 0.0640033969943933 0.00996149273358569 -0.0981441438253246 -0.150290305612985 0.00773453414465832 -0.013752567099891
Maximizing likelihood @ n=1024×577=590848
 SD[log(ℓ)] = 0.06886176836018
 Δlog(ℓ) = 0.014755796136761
 Δβ/SD[β] = 0.0612849530822124 0.0294115809592175 -0.0287006191333342 -0.172170166666535 -0.00144971476711556 -0.00630322227127735
Maximizing likelihood @ n=2048×577=1181696
 SD[log(ℓ)] = 0.0487371186580802
 Δlog(ℓ) = -0.00350650353082926
 Δβ/SD[β] = -0.0277978337476905 -0.0177436613313944 -0.0325918712354969 -0.0528546191758438 -0.0436174501976197 -0.0328704694823339
Maximizing likelihood @ n=4096×577=2363392
 SD[log(ℓ)] = 0.034217997232822
 Δlog(ℓ) = 0.110665530699492
 Δβ/SD[β] = 0.00518847240069877 0.00495683935028517 0.000414074947700161 -0.00318756184991754 0.0153993712736651 -0.00390808362210177
Maximizing likelihood @ n=8192×577=4726784
 SD[log(ℓ)] = 0.0245740795901186
 Δlog(ℓ) = -0.0183697998516834
 Δβ/SD[β] = 0.00711471041286114 0.0132162446652098 -0.00325385410841282 -0.0179906575305909 -0.00736399076908392 -0.0195169834447985
Maximizing likelihood @ n=16384×577=9453568
 SD[log(ℓ)] = 0.0179182085552497
 Δlog(ℓ) = 0.0112554980106623
 Δβ/SD[β] = 0.00575359910746999 0.00194145490278458 0.00954537552489493 -0.018121410742094 0.00589075844484573 0.00900840029643243
Maximizing likelihood @ n=32768×577=18907136
 SD[log(ℓ)] = 0.0126966916888869
 Δlog(ℓ) = -0.000176623402282416
 Δβ/SD[β] = -0.00139842776289102 0.00501889451844367 0.00179452287736039 -0.00578062432208078 0.00341782462234665 -0.00644065013923101
Calculating Hessian
Maximizing likelihood @ n=1×577=577
 SD[log(ℓ)] = 1.11198982705528
 Δlog(ℓ) = Inf
 Δβ/SD[β] = -1.1219148164857 0.0039977392342238 0.331493752631096 -1.52722317801064 7.28806391656097 0.71678898551368
Maximizing likelihood @ n=2×577=1154
 SD[log(ℓ)] = 1.3343219064775
 Δlog(ℓ) = 9.53718267686444
 Δβ/SD[β] = 3.64864573532016 0.115287397824224 0.965406961441863 0.478226364501122 4.71728231970973 2.82741530475653
Maximizing likelihood @ n=4×577=2308
 SD[log(ℓ)] = 1.01988580547739
 Δlog(ℓ) = 1.37032203729017
 Δβ/SD[β] = 0.225093362319346 0.00916998367053798 -0.113594937872941 -0.00890989562843409 0.0520359930685301 0.070402259489846
Maximizing likelihood @ n=8×577=4616
 SD[log(ℓ)] = 0.750567989948908
 Δlog(ℓ) = 1.60576807682249
 Δβ/SD[β] = 1.20365486007347 -0.671297210155756 -0.678847919474912 0.391117952387997 0.182437730234426 -0.0289958663508802
Maximizing likelihood @ n=16×577=9232
 SD[log(ℓ)] = 0.552965373226627
 Δlog(ℓ) = 0.0761882553862563
 Δβ/SD[β] = 0.035127977699125 -0.216803745910511 0.0596182862192198 0.297151086073537 -0.062422700956764 -0.0604774144288289
Maximizing likelihood @ n=32×577=18464
 SD[log(ℓ)] = 0.389209128444987
 Δlog(ℓ) = -0.0323454197366644
 Δβ/SD[β] = 0.126297460135704 -0.0130208568093634 -0.0695494244289008 0.114887839323929 0.0522191008496228 -0.0168036734541977
Maximizing likelihood @ n=64×577=36928
 SD[log(ℓ)] = 0.276780958200829
 Δlog(ℓ) = 0.225940898625097
 Δβ/SD[β] = -0.0209033383836584 -0.116664507635061 -0.0119367955900837 0.361571341155232 0.06896050060858 0.122027216811184
Maximizing likelihood @ n=128×577=73856
 SD[log(ℓ)] = 0.198083568324307
 Δlog(ℓ) = 0.0940186068882412
 Δβ/SD[β] = 0.00834167245717342 -0.0133976245451985 -0.0112143660390803 0.0515943974313175 0.0621552765360916 0.0556817724394266
Maximizing likelihood @ n=256×577=147712
 SD[log(ℓ)] = 0.141406611185168
 Δlog(ℓ) = -0.00768357158938926
 Δβ/SD[β] = 0.0913945931681711 -0.0535587741928208 -0.103990414337761 -0.0211635361704686 0.062661913913617 -0.0141773233357892
Maximizing likelihood @ n=512×577=295424
 SD[log(ℓ)] = 0.100379193565909
 Δlog(ℓ) = 0.0227738287450023
 Δβ/SD[β] = 0.0139665032634479 -0.0298642288917191 0.00287059283656967 0.00748205277569161 -0.00210076630664649 -0.0580847526663259
Maximizing likelihood @ n=1024×577=590848
 SD[log(ℓ)] = 0.0708559025970233
 Δlog(ℓ) = -0.0292076996114972
 Δβ/SD[β] = 0.0297149332837843 -0.00716709277234928 -0.0238179477238071 0.0297362537786825 -0.0329424657411006 0.00587412476457263
Maximizing likelihood @ n=2048×577=1181696
 SD[log(ℓ)] = 0.0496893186825846
 Δlog(ℓ) = 0.0597543227193569
 Δβ/SD[β] = -0.00680235136467166 0.0176700148315626 -0.00852334553491041 0.0191782615276789 0.00377219532377267 -0.0162696146058557
Maximizing likelihood @ n=4096×577=2363392
 SD[log(ℓ)] = 0.0347228141381854
 Δlog(ℓ) = -0.00423302146904092
 Δβ/SD[β] = 0.084825360162603 -0.0659537162026708 -0.343853577369741 0.41788343450012 0.00789924911689916 0.0330385903444088
Maximizing likelihood @ n=8192×577=4726784
 SD[log(ℓ)] = 0.0245704934463761
 Δlog(ℓ) = 0.00749865633535052
 Δβ/SD[β] = -0.00759603764250673 -0.00475308619648839 -0.00419286896322652 0.00568458693381858 0.00867294090546132 -0.00213537146939271
Maximizing likelihood @ n=16384×577=9453568
 SD[log(ℓ)] = 0.017375515326725
 Δlog(ℓ) = -0.041699135034186
 Δβ/SD[β] = -0.00138169524085671 0.00231846675700607 -0.00497986975487857 -0.0032565899280281 -0.0046888815831051 0.00574793109341926
Maximizing likelihood @ n=32768×577=18907136
 SD[log(ℓ)] = 0.0122803386575715
 Δlog(ℓ) = 0.0065169122935913
 Δβ/SD[β] = -0.00295559789407019 -0.000567800483037263 -0.00327811957071059 0.000388983317821319 0.00340989907024417 -0.00174810169127168
Calculating Hessian
There were 13 warnings (use warnings() to see them)
Script complete
Sat Nov 16 08:04:29 MST 2024
