Fri Nov 15 15:54:55 MST 2024
Initiating script
── Attaching core tidyverse packages ──────────────────────── tidyverse 2.0.0 ──
✔ dplyr     1.1.4     ✔ readr     2.1.5
✔ forcats   1.0.0     ✔ stringr   1.5.1
✔ ggplot2   3.5.1     ✔ tibble    3.2.1
✔ lubridate 1.9.3     ✔ tidyr     1.3.1
✔ purrr     1.0.2     
── Conflicts ────────────────────────────────────────── tidyverse_conflicts() ──
✖ ggplot2::annotate() masks ctmm::annotate()
✖ dplyr::filter()     masks stats::filter()
✖ dplyr::lag()        masks stats::lag()
ℹ Use the conflicted package (<http://conflicted.r-lib.org/>) to force all conflicts to become errors
Linking to GEOS 3.9.5, GDAL 3.8.5, PROJ 9.4.0; sf_use_s2() is TRUE
Loading required package: sp

Attaching package: ‘raster’

The following object is masked from ‘package:dplyr’:

    select

The following objects are masked from ‘package:ctmm’:

    projection, projection<-

terra 1.7.78

Attaching package: ‘terra’

The following object is masked from ‘package:tidyr’:

    extract

The following objects are masked from ‘package:ctmm’:

    distance, meta

[1] "/home/u15/mmercer3/proj/habitat_analysis_class/Final/Model_Fit_Results/Daphne_rr.Rda"
     [,1]                                
[1,] "Data loaded at 2024-11-15 15:55:06"
Reading layer `major' from data source 
  `/home/u15/mmercer3/proj/habitat_analysis_class/Final/Major_Roads' 
  using driver `ESRI Shapefile'
Simple feature collection with 411 features and 7 fields
Geometry type: LINESTRING
Dimension:     XY
Bounding box:  xmin: 477946 ymin: 3545735 xmax: 511807.9 ymax: 3592212
Projected CRS: WGS 84 / UTM zone 12N
     [,1]                                 
[1,] "Roads loaded at 2024-11-15 15:55:06"
Default grid size of 1.00180555555556 hours chosen for bandwidth(...,fast=TRUE).
|---------|---------|---------|---------|=========================================                                          [1] 1681968
[1] 1681968
Starting buffer 30 
Maximizing likelihood @ n=1×2011=2011
 SD[log(ℓ)] = 14.5370625493196
 Δlog(ℓ) = Inf
 Δβ/SD[β] = -2.22747512784928 0.00971638586467616 -0.145214164217736 -1.35496070216185 1.33336357914168 -0.0907409279223586
Maximizing likelihood @ n=2×2011=4022
 SD[log(ℓ)] = 12.1504700994409
 Δlog(ℓ) = 79.750999082726
 Δβ/SD[β] = -4.05348016312639 -1.51340156719167 -1.57740431213483 0.0186752066963502 -0.238998156821792 -0.842534503640595
Maximizing likelihood @ n=4×2011=8044
 SD[log(ℓ)] = 9.21073106756202
 Δlog(ℓ) = 25.2291973743754
 Δβ/SD[β] = -1.58217862715686 -12.4246136409266 -0.950335169423753 -0.670323098691962 0.58858205742164 -0.197547631092042
Maximizing likelihood @ n=8×2011=16088
 SD[log(ℓ)] = 6.90060865290388
 Δlog(ℓ) = 20.4870435254242
 Δβ/SD[β] = -1.04770593034525 -6.68849379147416 -0.380790195630423 -1.12780265580852 0.37282228315664 0.206673060385903
Maximizing likelihood @ n=16×2011=32176
 SD[log(ℓ)] = 5.08639865085957
 Δlog(ℓ) = 13.9198645243061
 Δβ/SD[β] = -0.317725839057562 -0.70720501761867 -0.197952073653778 -0.54702306788355 0.227917129246383 -0.150981156377137
Maximizing likelihood @ n=32×2011=64352
 SD[log(ℓ)] = 3.67971644077589
 Δlog(ℓ) = 8.35023331995995
 Δβ/SD[β] = -0.142111839956668 -0.480765801852342 0.0281598902880588 -0.240267675887528 0.259680334659272 -0.635168415800005
Maximizing likelihood @ n=64×2011=128704
 SD[log(ℓ)] = 2.64770201933436
 Δlog(ℓ) = 6.8274905445416
 Δβ/SD[β] = -0.280485177889867 -0.151522990529693 -0.12498646582017 -0.398735025215942 -0.0212742359473402 -0.222235707740369
Maximizing likelihood @ n=128×2011=257408
 SD[log(ℓ)] = 1.87234657590027
 Δlog(ℓ) = -0.405295493423694
 Δβ/SD[β] = -0.0774218878557598 0.000516114462482878 -0.0314338509871107 -0.0660829137906374 -0.0408021887734152 0.0126431297935898
Maximizing likelihood @ n=256×2011=514816
 SD[log(ℓ)] = 1.34507272268257
 Δlog(ℓ) = 0.178942490826103
 Δβ/SD[β] = -0.0663910636234861 -0.0905683569383427 -0.0628240003612789 0.000815428703255688 -0.0192937417305512 0.0854296619787147
Maximizing likelihood @ n=512×2011=1029632
 SD[log(ℓ)] = 0.953526744842993
 Δlog(ℓ) = 1.24989573822171
 Δβ/SD[β] = -0.0111215429832444 -0.0340432356679777 0.0564780569706151 -0.0724000830536168 0.0240962674758065 -0.000481603186826859
Maximizing likelihood @ n=1024×2011=2059264
 SD[log(ℓ)] = 0.675584861880353
 Δlog(ℓ) = 0.433356360414678
 Δβ/SD[β] = 0.000841286085455599 -0.0219524643976735 0.0342869350467766 -0.029941159800578 -0.0220688297705685 0.0263161513470773
Maximizing likelihood @ n=2048×2011=4118528
 SD[log(ℓ)] = 0.486079860170624
 Δlog(ℓ) = -0.124675610840939
 Δβ/SD[β] = 0.00823263862465325 -0.0170037043375214 -0.0200572643271535 0.0932739352230281 0.0253476945396946 -0.01985432393783
Maximizing likelihood @ n=4096×2011=8237056
 SD[log(ℓ)] = 0.345755231119789
 Δlog(ℓ) = 0.0742017178425272
 Δβ/SD[β] = -0.00902108129698002 -0.00705214719715913 0.040316567284089 0.0375869898725908 0.0079224102634537 -0.0148885613381901
Maximizing likelihood @ n=8192×2011=16474112
 SD[log(ℓ)] = 0.244167581416822
 Δlog(ℓ) = -0.0982416065814391
 Δβ/SD[β] = 0.00349079239980868 0.00443829333177802 -0.00136191260387405 -0.0178484099211264 -0.0270860093874888 -0.00911693801291603
Calculating Hessian
Maximizing likelihood @ n=1×2011=2011
 SD[log(ℓ)] = 13.016111393232
 Δlog(ℓ) = Inf
 Δβ/SD[β] = 0.833021264907886 -0.0190267001632627 -0.0336397722725664 -1.25112986741135 1.2216302339135 -0.0901679194112126
Maximizing likelihood @ n=2×2011=4022
 SD[log(ℓ)] = 10.4494456567851
 Δlog(ℓ) = 47.9611787988009
 Δβ/SD[β] = 0.961998605147555 0.286689659271786 -0.504460437657702 -0.0601816630434927 0.189473690879424 -0.672564774912728
Maximizing likelihood @ n=4×2011=8044
 SD[log(ℓ)] = 7.83236157638291
 Δlog(ℓ) = 14.6029913976171
 Δβ/SD[β] = 0.403953293420445 0.598581367207528 -0.846059472084574 -0.105340988576575 0.0493340936151392 0.252392863159703
Maximizing likelihood @ n=8×2011=16088
 SD[log(ℓ)] = 6.00054865131285
 Δlog(ℓ) = 23.1249077609993
 Δβ/SD[β] = 0.866325969163912 -0.084068644037123 -0.227746025462107 -1.65433595017174 0.770637135527979 -0.291183701544417
Maximizing likelihood @ n=16×2011=32176
 SD[log(ℓ)] = 4.44988187128256
 Δlog(ℓ) = 11.6085443544966
 Δβ/SD[β] = -0.0664268910153145 -0.114544879616912 0.10539237488019 -0.884768065046357 0.183574624338379 -0.0203379943118132
Maximizing likelihood @ n=32×2011=64352
 SD[log(ℓ)] = 3.27606026627026
 Δlog(ℓ) = 9.52923901864244
 Δβ/SD[β] = 0.341191947514937 -0.0351868680823032 0.0636740475984782 -0.715099736132708 0.146555314632055 -0.143813214336183
Maximizing likelihood @ n=64×2011=128704
 SD[log(ℓ)] = 2.3598030028679
 Δlog(ℓ) = 1.50336482972034
 Δβ/SD[β] = 0.0332872175708008 0.00299893387982281 -0.060861961925358 0.0410597991221782 0.0678546008320153 -0.0107806658975346
Maximizing likelihood @ n=128×2011=257408
 SD[log(ℓ)] = 1.70788368513979
 Δlog(ℓ) = 2.32585061974527
 Δβ/SD[β] = 0.0498215209376199 0.00227785491331433 -0.0294389107392805 -0.0304160550662761 0.0453566247858975 -0.0244092526091099
Maximizing likelihood @ n=256×2011=514816
 SD[log(ℓ)] = 1.20089911075286
 Δlog(ℓ) = 0.906756210669869
 Δβ/SD[β] = 0.0622552439782569 0.0292467781099411 -0.128932378826541 -0.0645854230368005 -0.0335087020307772 -0.00253383223605735
Maximizing likelihood @ n=512×2011=1029632
 SD[log(ℓ)] = 0.862759623612384
 Δlog(ℓ) = -0.671185486761772
 Δβ/SD[β] = 0.0349070511765151 0.100337319763947 -0.19767528577678 0.00308412837661553 0.00329556369720587 -0.0502995589053195
Maximizing likelihood @ n=1024×2011=2059264
 SD[log(ℓ)] = 0.614731735580337
 Δlog(ℓ) = 0.384157091522809
 Δβ/SD[β] = -0.195536487246829 0.104537808254639 -0.0554026858939218 -0.108947558063927 0.0435459841854756 0.231210508798041
Maximizing likelihood @ n=2048×2011=4118528
 SD[log(ℓ)] = 0.436316524103015
 Δlog(ℓ) = 0.0154115144165416
 Δβ/SD[β] = 0.00998502893770398 -0.000815321780554287 -0.00878539114135174 -0.0164255778560091 -0.0254272212881764 0.0150406904393928
Maximizing likelihood @ n=4096×2011=8237056
 SD[log(ℓ)] = 0.317948404086769
 Δlog(ℓ) = -0.158636826890302
 Δβ/SD[β] = -0.00711449039449023 0.00978126360339469 -0.00533283140984463 0.0572089602040851 0.0225512093241903 0.0431500206038501
Maximizing likelihood @ n=8192×2011=16474112
 SD[log(ℓ)] = 0.222424414369451
 Δlog(ℓ) = 0.423775241088549
 Δβ/SD[β] = -0.009515030004456 0.0195660675207385 -0.00610500676416004 -0.0311152029697809 -0.0201067335435915 0.0127772745554593
Calculating Hessian
Maximizing likelihood @ n=1×2011=2011
 SD[log(ℓ)] = 12.6649440379456
 Δlog(ℓ) = Inf
 Δβ/SD[β] = 1.56315278334919 0.024299213332283 -0.117261789911249 -1.2129816866258 1.14846463645484 -0.00963739072585792
Maximizing likelihood @ n=2×2011=4022
 SD[log(ℓ)] = 11.4053890828971
 Δlog(ℓ) = 92.3654861059583
 Δβ/SD[β] = 5.0094218330386 -2.01581241498884 -1.01353311971917 -0.317414747573397 0.0922534237096951 3.37039774565587
Maximizing likelihood @ n=4×2011=8044
 SD[log(ℓ)] = 8.96857789326795
 Δlog(ℓ) = 37.5885964092026
 Δβ/SD[β] = 0.159557463695086 -0.868378598357905 -0.214518314235994 -0.163239124115003 0.120416278883443 -1.62804217553297
Maximizing likelihood @ n=8×2011=16088
 SD[log(ℓ)] = 6.82117874607417
 Δlog(ℓ) = 16.6847601842229
 Δβ/SD[β] = 0.758698052588756 -2.25881482213711 -0.324579460277232 -1.04644277160346 0.410163932645912 -0.542304072902671
Maximizing likelihood @ n=16×2011=32176
 SD[log(ℓ)] = 5.15809876082892
 Δlog(ℓ) = 18.7564815729967
 Δβ/SD[β] = 0.0582263984383658 -0.400563328699584 -0.0834549701124172 -0.0949738687118505 0.0450531796463904 -2.12324077929381
Maximizing likelihood @ n=32×2011=64352
 SD[log(ℓ)] = 3.73577293003428
 Δlog(ℓ) = 1.70019851754216
 Δβ/SD[β] = 0.0572115838525747 0.0152708491414397 0.0822170062719951 -0.787691324773342 0.171375708677741 -1.42886855824932
Maximizing likelihood @ n=64×2011=128704
 SD[log(ℓ)] = 2.71679502755807
 Δlog(ℓ) = 6.68050012648138
 Δβ/SD[β] = 0.284573170969042 -0.539780943823558 0.0684220231189247 -0.32351360638618 0.17846552185857 -1.24951613997429
Maximizing likelihood @ n=128×2011=257408
 SD[log(ℓ)] = 1.98177554416644
 Δlog(ℓ) = 3.52395065514747
 Δβ/SD[β] = 0.0390303612171925 -0.123106651868557 -0.197070083856153 -0.0820525580544152 0.169603016058955 -0.194250810940388
Maximizing likelihood @ n=256×2011=514816
 SD[log(ℓ)] = 1.41142085175329
 Δlog(ℓ) = 0.424047350638943
 Δβ/SD[β] = -0.0335197368213322 -0.00733819841460694 -0.10097078026205 -0.085225497435567 0.0506085941773969 -0.0285965781895382
Maximizing likelihood @ n=512×2011=1029632
 SD[log(ℓ)] = 0.988135140578148
 Δlog(ℓ) = -0.635215049582541
 Δβ/SD[β] = 0.0541447025175505 0.0290427480132243 -0.0569270213277367 -0.0410533746002061 -0.0101184120788652 -0.0114881779620126
Maximizing likelihood @ n=1024×2011=2059264
 SD[log(ℓ)] = 0.704469036564848
 Δlog(ℓ) = 0.828382717493355
 Δβ/SD[β] = 0.041026966272335 0.00212673005104903 -0.0285606561851466 -0.0388442076396674 0.0173452159149987 -0.0138853008768662
Maximizing likelihood @ n=2048×2011=4118528
 SD[log(ℓ)] = 0.543815180920874
 Δlog(ℓ) = -1.25338304505328
 Δβ/SD[β] = -0.00241871919099884 0.0103696113751545 0.0161256104598874 0.210055147691722 -0.0219466633591516 -0.0252981787878861
Maximizing likelihood @ n=4096×2011=8237056
 SD[log(ℓ)] = 0.372036467514605
 Δlog(ℓ) = 0.374020119772524
 Δβ/SD[β] = -0.0306339347981503 0.0271601865290449 -0.000307689154333214 -0.0400251784035235 0.0087237281048169 -0.0061757864251511
Maximizing likelihood @ n=8192×2011=16474112
 SD[log(ℓ)] = 0.258897196311491
 Δlog(ℓ) = 0.430008615036741
 Δβ/SD[β] = 0.0282194835583651 0.0223559344171435 -0.0258046985685328 -0.0525862122730775 -0.0027923336722837 -0.00972665125379892
Calculating Hessian
Maximizing likelihood @ n=1×2011=2011
 SD[log(ℓ)] = 13.3609695190813
 Δlog(ℓ) = Inf
 Δβ/SD[β] = 1.31947680371021 -0.0179745534360326 0.27749294678012 -1.30297905969014 1.49693913775373 -0.0752058395993006
Maximizing likelihood @ n=2×2011=4022
 SD[log(ℓ)] = 10.4949238369875
 Δlog(ℓ) = 38.6878064157325
 Δβ/SD[β] = -0.0207629457523583 0.137632933186274 -0.341274995712703 0.389051255277489 0.194440380879225 -1.05067751020859
Maximizing likelihood @ n=4×2011=8044
 SD[log(ℓ)] = 8.29424095819143
 Δlog(ℓ) = 36.0540084029935
 Δβ/SD[β] = 0.153076659708051 -0.018830396772683 -0.0472638743150623 -0.216538282867691 0.134680655870368 -0.350024159141428
Maximizing likelihood @ n=8×2011=16088
 SD[log(ℓ)] = 6.34912056107876
 Δlog(ℓ) = 14.0652974096244
 Δβ/SD[β] = 0.054929524593494 -0.209815499431812 0.129742685729005 -0.175800673320384 0.0496479015133382 -0.0636071767481499
Maximizing likelihood @ n=16×2011=32176
 SD[log(ℓ)] = 4.91762765012685
 Δlog(ℓ) = 19.6675868348448
 Δβ/SD[β] = 0.320803891974718 -0.654486473273656 0.586398718945578 -0.0309258012445268 0.0710928839022308 -0.0275680516001509
Maximizing likelihood @ n=32×2011=64352
 SD[log(ℓ)] = 3.77062163282783
 Δlog(ℓ) = -2.95713519534763
 Δβ/SD[β] = 0.91585601144127 -2.69959717332003 0.828735544907858 0.677180472469724 0.266883866436144 0.0154563770751475
Maximizing likelihood @ n=64×2011=128704
 SD[log(ℓ)] = 2.78950341968636
 Δlog(ℓ) = 3.95430864301932
 Δβ/SD[β] = 0.55871700121478 -0.696816793736475 0.380438867400026 -0.515575563574004 0.284682070565247 0.225054408804887
Maximizing likelihood @ n=128×2011=257408
 SD[log(ℓ)] = 2.02817978064739
 Δlog(ℓ) = 2.21089657624901
 Δβ/SD[β] = 0.0111650652095923 -0.14740386168288 0.110238556374981 -0.207806326117501 -0.00732199613470183 0.0639156100858869
Maximizing likelihood @ n=256×2011=514816
 SD[log(ℓ)] = 1.46742893950639
 Δlog(ℓ) = 1.82912291975896
 Δβ/SD[β] = 0.0410291767938838 -0.0884622911362786 0.0533049154697254 -0.0205900095085815 0.00953255796179735 0.0378074665039195
Maximizing likelihood @ n=512×2011=1029632
 SD[log(ℓ)] = 1.06161882265754
 Δlog(ℓ) = 0.385199494534504
 Δβ/SD[β] = 0.022523100279449 -0.142126193704856 -0.0788788687963311 0.0622936819319922 0.0319688413589198 -0.0627403227385693
Maximizing likelihood @ n=1024×2011=2059264
 SD[log(ℓ)] = 0.779722172328746
 Δlog(ℓ) = -0.894817564942173
 Δβ/SD[β] = 0.00496874109340197 -0.051962137029542 0.00229252435594425 0.161911115987522 0.0132561143842512 -0.0240093778950204
Maximizing likelihood @ n=2048×2011=4118528
 SD[log(ℓ)] = 0.548328578860843
 Δlog(ℓ) = 0.569950314930338
 Δβ/SD[β] = -0.0262415344396343 0.0277998855192043 -0.00350769796500573 -0.093273659165668 0.0206008618354401 -0.0764758796965106
Maximizing likelihood @ n=4096×2011=8237056
 SD[log(ℓ)] = 0.395207875601008
 Δlog(ℓ) = 0.0178324738067204
 Δβ/SD[β] = 0.0117538766841047 -0.00880590166713377 -0.00220236544518844 0.0207191883869311 -0.0292412739123885 -0.013045545629144
Maximizing likelihood @ n=8192×2011=16474112
 SD[log(ℓ)] = 0.277405839337642
 Δlog(ℓ) = -0.371207320445535
 Δβ/SD[β] = -0.000192456757814691 -0.000137155983119522 8.55926097238957e-05 0.000707572458326875 0.000568804428128721 -0.000170458036575784
Calculating Hessian
Starting buffer 750 
Maximizing likelihood @ n=1×2011=2011
 SD[log(ℓ)] = 13.1060756264985
 Δlog(ℓ) = Inf
 Δβ/SD[β] = -0.442680340323996 0.0239403131082969 -0.058574752363537 -1.28895428301602 1.33630702500473 -0.116310154338533
Maximizing likelihood @ n=2×2011=4022
 SD[log(ℓ)] = 10.180500883442
 Δlog(ℓ) = 29.9246058145969
 Δβ/SD[β] = -0.216127820127164 0.1353763307574 0.0601937943629759 -0.0172048578612244 0.14905000393058 0.000811204853188809
Maximizing likelihood @ n=4×2011=8044
 SD[log(ℓ)] = 8.03646399028897
 Δlog(ℓ) = 39.981571236681
 Δβ/SD[β] = 0.0389933573980475 -1.23765947457301 -0.108845869680454 -0.200158599556676 0.121538027546229 -0.0641510904529276
Maximizing likelihood @ n=8×2011=16088
 SD[log(ℓ)] = 6.08409597974116
 Δlog(ℓ) = 17.0867795468024
 Δβ/SD[β] = -0.0207142358222319 0.00203385180772204 -0.0464728815479504 -0.057793142600434 0.0620229377260162 0.0031928083361056
Maximizing likelihood @ n=16×2011=32176
 SD[log(ℓ)] = 4.53539991315578
 Δlog(ℓ) = 6.17344518232721
 Δβ/SD[β] = 0.0446031017470357 0.030522074098778 0.0173091635401245 -0.207148523552633 0.210985309877698 0.03324817222534
Maximizing likelihood @ n=32×2011=64352
 SD[log(ℓ)] = 3.34016987679766
 Δlog(ℓ) = 0.344304564716765
 Δβ/SD[β] = -0.0845528593159194 0.0725139192582789 -0.081794179453798 -0.207169193411279 0.0945282318591402 0.153348474685931
Maximizing likelihood @ n=64×2011=128704
 SD[log(ℓ)] = 2.4087798093253
 Δlog(ℓ) = 3.12760228286021
 Δβ/SD[β] = -0.00263139125478809 -0.0551774405103667 -0.0442311465144524 -0.17365112925504 0.125385555703031 0.0702373107045784
Maximizing likelihood @ n=128×2011=257408
 SD[log(ℓ)] = 1.7212569248149
 Δlog(ℓ) = 0.79814805761805
 Δβ/SD[β] = 0.0104943030765614 0.00904678186511239 -0.00528544109139022 -0.041352775167915 0.00238065303959843 0.00261763133359207
Maximizing likelihood @ n=256×2011=514816
 SD[log(ℓ)] = 1.23570684696767
 Δlog(ℓ) = 0.368542513577097
 Δβ/SD[β] = 0.0145168470681798 -0.00256172306785701 -0.00603368772247352 0.048652430130798 0.00613468394709255 -0.00319885172606248
Maximizing likelihood @ n=512×2011=1029632
 SD[log(ℓ)] = 0.867399640735123
 Δlog(ℓ) = 2.52761348850566
 Δβ/SD[β] = 0.0123628644788265 0.00804958535297691 -0.062983881797689 -0.139148058290939 0.0368754315344324 -0.0509573259719689
Maximizing likelihood @ n=1024×2011=2059264
 SD[log(ℓ)] = 0.616555685201236
 Δlog(ℓ) = -0.763314440605598
 Δβ/SD[β] = -0.00946807481029768 0.0104231748631067 -0.00222597410319297 0.0766452002453454 0.0177193455935159 -0.00482401222408805
Maximizing likelihood @ n=2048×2011=4118528
 SD[log(ℓ)] = 0.44094555416722
 Δlog(ℓ) = 0.155381192098673
 Δβ/SD[β] = -0.00807747057777225 0.0849913036450242 -0.0582543020178132 -0.0428909565521419 -0.0342699582443736 0.073522323975302
Maximizing likelihood @ n=4096×2011=8237056
 SD[log(ℓ)] = 0.309912167951513
 Δlog(ℓ) = 0.550871731767984
 Δβ/SD[β] = -0.00172494753911674 0.0186104753971502 -0.0111215851560602 0.00432767918283992 0.0395738332530594 0.0194138474027584
Maximizing likelihood @ n=8192×2011=16474112
 SD[log(ℓ)] = 0.220168804254494
 Δlog(ℓ) = 0.234053840080719
 Δβ/SD[β] = 0.051768270402932 0.095619071612955 -0.0980918667434116 -0.00127077496602483 -0.000594491970542702 0.00350072738285289
Calculating Hessian
Maximizing likelihood @ n=1×2011=2011
 SD[log(ℓ)] = 12.8276208136723
 Δlog(ℓ) = Inf
 Δβ/SD[β] = -2.05492273405772 -1.26798183146777 -0.681721930556152 -57.2818199577754 12.1363270004691 -1.78329165238144
Maximizing likelihood @ n=2×2011=4022
 SD[log(ℓ)] = 10.1115398398858
 Δlog(ℓ) = 48.7315857925392
 Δβ/SD[β] = 0.232279937737518 0.461620251747581 0.44265279305158 -0.307627040387656 0.180673145986466 -0.0884053300533401
Maximizing likelihood @ n=4×2011=8044
 SD[log(ℓ)] = 8.04217708632283
 Δlog(ℓ) = 31.0396826053486
 Δβ/SD[β] = -0.11089282867356 0.0138141598956408 0.0275988512555512 -0.21151413222788 0.12533817931883 -0.0697616088808839
Maximizing likelihood @ n=8×2011=16088
 SD[log(ℓ)] = 6.14190182782948
 Δlog(ℓ) = 21.7598736926765
 Δβ/SD[β] = 0.0619077273848926 0.192078202862466 -0.0408498999505147 0.0022561091124679 0.0787036197626709 -0.0610560736431327
Maximizing likelihood @ n=16×2011=32176
 SD[log(ℓ)] = 4.58514624497508
 Δlog(ℓ) = 8.93212809392458
 Δβ/SD[β] = 0.0341150306608129 -0.00502289925696655 0.0288416779215181 -0.0990319572827376 0.0163042204309334 0.00915163184363752
Maximizing likelihood @ n=32×2011=64352
 SD[log(ℓ)] = 3.35521876062707
 Δlog(ℓ) = 2.94823498193801
 Δβ/SD[β] = -0.0569416265050942 0.100631642157534 -0.0363671565829566 0.0207941642208892 0.0134352072740134 -0.0811907396603108
Maximizing likelihood @ n=64×2011=128704
 SD[log(ℓ)] = 2.46958160631416
 Δlog(ℓ) = -2.99561574694343
 Δβ/SD[β] = 0.017279487423931 0.00197889928080247 -0.00432220523040178 0.0145050122931843 -0.00254015809714031 -0.00188963851575361
Maximizing likelihood @ n=128×2011=257408
 SD[log(ℓ)] = 1.75819631146939
 Δlog(ℓ) = 0.820989113446785
 Δβ/SD[β] = 0.0458439076229753 0.0536076538301742 -0.122213275518903 -0.402277123293358 -0.0706476848367104 -0.103691832905845
Maximizing likelihood @ n=256×2011=514816
 SD[log(ℓ)] = 1.25148202333144
 Δlog(ℓ) = -0.0894555297454076
 Δβ/SD[β] = -0.0257361724869786 0.0222941544678426 -0.041877645582053 -0.170686320116324 -0.0206322770368597 0.028573247521372
Maximizing likelihood @ n=512×2011=1029632
 SD[log(ℓ)] = 0.880447397346665
 Δlog(ℓ) = -0.109964214746526
 Δβ/SD[β] = -0.130288934417158 0.143991352905905 -0.174393973360575 -0.110732928577753 0.0260761642544871 0.170028072805849
Maximizing likelihood @ n=1024×2011=2059264
 SD[log(ℓ)] = 0.614563128279527
 Δlog(ℓ) = 0.0984971306195348
 Δβ/SD[β] = 0.00466015933633323 0.00516696067404629 -0.00416346960458298 -0.0744899700578431 -0.0227452558495574 0.0173772639928597
Maximizing likelihood @ n=2048×2011=4118528
 SD[log(ℓ)] = 0.439258548363337
 Δlog(ℓ) = 0.464180476719037
 Δβ/SD[β] = 0.00201816076260718 0.144627253146113 -0.0667528498852199 -0.00999565682022576 0.00277285976831615 0.0211768321405452
Maximizing likelihood @ n=4096×2011=8237056
 SD[log(ℓ)] = 0.309704158980824
 Δlog(ℓ) = -0.19530254862633
 Δβ/SD[β] = 0.010883242356504 -0.00467209674236725 -0.0294587508431398 0.0275098802905925 -0.0352404857726955 -0.0212800898912571
Maximizing likelihood @ n=8192×2011=16474112
 SD[log(ℓ)] = 0.218922471881454
 Δlog(ℓ) = -0.17313318072155
 Δβ/SD[β] = -0.00236312508584632 0.0268617252682816 -0.0587211500346011 -0.00337821292664476 0.0406689854045329 -0.00942349413063209
Calculating Hessian
Maximizing likelihood @ n=1×2011=2011
 SD[log(ℓ)] = 12.1403405394351
 Δlog(ℓ) = Inf
 Δβ/SD[β] = -0.166475681222593 0.00042053348134211 -0.0504797984836002 -1.22551812482812 1.15523770251579 0.0367278756389763
Maximizing likelihood @ n=2×2011=4022
 SD[log(ℓ)] = 10.1779018155842
 Δlog(ℓ) = 61.1843365019961
 Δβ/SD[β] = 0.392546631274063 -0.480504140449913 -0.381689941651683 -0.241852967817055 0.241593567101376 -0.767373949075103
Maximizing likelihood @ n=4×2011=8044
 SD[log(ℓ)] = 7.92195840411739
 Δlog(ℓ) = 32.7397221499019
 Δβ/SD[β] = -0.0666673636468872 -0.0466953644820843 -0.56982259595272 -1.55239514896057 1.27497807903656 0.0700147077825736
Maximizing likelihood @ n=8×2011=16088
 SD[log(ℓ)] = 6.04512538525822
 Δlog(ℓ) = 16.9031055932007
 Δβ/SD[β] = -0.0475219555386669 -0.176456796184909 -0.0753677741345362 -0.433719826149272 0.519497823021429 -0.143975119538042
Maximizing likelihood @ n=16×2011=32176
 SD[log(ℓ)] = 4.4879998279381
 Δlog(ℓ) = 3.20463788840379
 Δβ/SD[β] = 0.169899513511236 -0.0734600662662304 0.189120062811869 0.37946408292857 0.194088442887096 -0.0113407187826268
Maximizing likelihood @ n=32×2011=64352
 SD[log(ℓ)] = 3.31515949402311
 Δlog(ℓ) = 10.6784702702641
 Δβ/SD[β] = -0.0578328181716032 -0.0375619098799759 -0.108098128152107 -0.0647147251725025 0.0236312311963549 -0.0800446040843707
Maximizing likelihood @ n=64×2011=128704
 SD[log(ℓ)] = 2.43291504733276
 Δlog(ℓ) = 6.43020571618251
 Δβ/SD[β] = 0.00889573414011734 0.0141615785466366 -0.0232933138863086 -0.0727495498892744 0.0191892022651918 -0.0821480925649988
Maximizing likelihood @ n=128×2011=257408
 SD[log(ℓ)] = 1.74698078203592
 Δlog(ℓ) = 2.12471280368459
 Δβ/SD[β] = 0.012597903665658 -0.000932058877610766 -0.0026793548120429 -0.0277033869257523 0.00288043356667875 -0.0150872371052178
Maximizing likelihood @ n=256×2011=514816
 SD[log(ℓ)] = 1.22522568903316
 Δlog(ℓ) = -0.768442168052047
 Δβ/SD[β] = -0.0817392789512705 0.0980272522966122 -0.00481242096924865 -0.0182002935545788 -0.013851667748592 -0.162489476763239
Maximizing likelihood @ n=512×2011=1029632
 SD[log(ℓ)] = 0.856703864208699
 Δlog(ℓ) = -0.183447020983863
 Δβ/SD[β] = -0.00316349302880271 -0.0343275926807421 -0.0204021351868215 0.0148860687152501 0.129496363708831 -0.0933270041981913
Maximizing likelihood @ n=1024×2011=2059264
 SD[log(ℓ)] = 0.607501525137717
 Δlog(ℓ) = -0.174598132728534
 Δβ/SD[β] = 0.000977738963256581 0.0131238475886452 -0.015898422688412 -0.0352650894425263 0.000159647401421945 -0.0138191689027682
Maximizing likelihood @ n=2048×2011=4118528
 SD[log(ℓ)] = 0.43801221365045
 Δlog(ℓ) = -0.0298866413340306
 Δβ/SD[β] = 0.00270916161226979 0.00143656761284827 0.00928313001557243 0.0347670912055938 0.0020613940641976 -0.00762180820009901
Maximizing likelihood @ n=4096×2011=8237056
 SD[log(ℓ)] = 0.30798239217324
 Δlog(ℓ) = -0.126871724908085
 Δβ/SD[β] = -0.0128408184975139 -0.0347322346142694 -0.0123760075580962 0.0170122550953962 0.033394110584216 -0.0425088913864637
Maximizing likelihood @ n=8192×2011=16474112
 SD[log(ℓ)] = 0.222721585030751
 Δlog(ℓ) = -0.157056389023353
 Δβ/SD[β] = 0.0118583669769997 0.00652643257740544 -0.00382385713102896 0.00415296553771144 -0.0189400994210881 -0.000874650831632684
Calculating Hessian
Maximizing likelihood @ n=1×2011=2011
 SD[log(ℓ)] = 13.3051284010454
 Δlog(ℓ) = Inf
 Δβ/SD[β] = 2.00419507977804 -0.0244822617629774 0.305988163989344 -1.15222413187467 1.64850579312871 -0.0468486854799246
Maximizing likelihood @ n=2×2011=4022
 SD[log(ℓ)] = 10.9311603939451
 Δlog(ℓ) = 51.5398739259093
 Δβ/SD[β] = 0.550030567186737 -0.661784180034839 0.795742773589461 0.0398046849004498 0.288382789844519 -1.30120408455733
Maximizing likelihood @ n=4×2011=8044
 SD[log(ℓ)] = 8.60334822700371
 Δlog(ℓ) = 36.2684015567091
 Δβ/SD[β] = 2.28752753881862 0.898813664591748 1.3499336338599 0.92338728188285 2.41773411866045 -3.20840149685448
Maximizing likelihood @ n=8×2011=16088
 SD[log(ℓ)] = 6.66121019520966
 Δlog(ℓ) = 14.4362715823307
 Δβ/SD[β] = 0.447637073297695 0.225278459718504 0.321249132256349 -0.33462254375461 0.471242408091284 -0.514782097788303
Maximizing likelihood @ n=16×2011=32176
 SD[log(ℓ)] = 5.19982724091278
 Δlog(ℓ) = 13.6656243802844
 Δβ/SD[β] = 0.115016367874638 -0.592499874754198 0.135926584619324 -0.209699559739817 0.0427737773416984 -0.0446410596599393
Maximizing likelihood @ n=32×2011=64352
 SD[log(ℓ)] = 4.06933151910641
 Δlog(ℓ) = 7.92648542085198
 Δβ/SD[β] = -0.166870554720775 -0.635363396648528 -0.0648782476600339 -0.412463205299268 -0.025446497274433 0.569291170649889
Maximizing likelihood @ n=64×2011=128704
 SD[log(ℓ)] = 3.19209015108305
 Δlog(ℓ) = 7.7684023507278
 Δβ/SD[β] = 0.306208161390101 -0.502735633603481 0.248641828302125 -0.138260755763692 0.182425276370558 0.0646673945003911
Maximizing likelihood @ n=128×2011=257408
 SD[log(ℓ)] = 2.37588843330782
 Δlog(ℓ) = 1.35227286317695
 Δβ/SD[β] = 0.276543359984785 -0.191570890051735 0.230830286378509 -0.281881775919872 0.0892813360667076 -0.0344056584185755
Maximizing likelihood @ n=256×2011=514816
 SD[log(ℓ)] = 1.78114129697203
 Δlog(ℓ) = -1.61215168077058
 Δβ/SD[β] = 0.0727175397549773 -0.121140859142874 0.124106150071998 0.164974651228585 0.00526406457405147 0.11371253753383
Maximizing likelihood @ n=512×2011=1029632
 SD[log(ℓ)] = 1.37012541650925
 Δlog(ℓ) = -0.869530409200536
 Δβ/SD[β] = -0.171583142409169 0.120023597329148 -0.0788192182471557 0.0147541510962417 0.0162605819637506 0.37872013486305
Maximizing likelihood @ n=1024×2011=2059264
 SD[log(ℓ)] = 0.990768035246825
 Δlog(ℓ) = 2.93567345389988
 Δβ/SD[β] = 0.322109860014428 -0.33682527911895 0.216624207694314 -0.0541251895202382 0.138531337521998 -0.132066768440757
Maximizing likelihood @ n=2048×2011=4118528
 SD[log(ℓ)] = 0.691985933263904
 Δlog(ℓ) = 0.962584720338668
 Δβ/SD[β] = 0.0868808037936277 -0.00835785325153654 -0.0107468453402037 -0.0263454151231041 -0.00572443861723776 0.00370387658165443
Maximizing likelihood @ n=4096×2011=8237056
 SD[log(ℓ)] = 0.500029703983613
 Δlog(ℓ) = 0.468927594563809
 Δβ/SD[β] = 0.103729128666343 -0.166624992640201 0.131015032460649 -0.0814896152288456 0.0634414280634446 -0.117914774171577
Maximizing likelihood @ n=8192×2011=16474112
 SD[log(ℓ)] = 0.357525865393658
 Δlog(ℓ) = 0.284789796708083
 Δβ/SD[β] = 0.0208779805392823 -0.0253655793413426 0.00506858481814682 -0.00635101943684102 -0.0134153575673002 -0.0181254083056615
Calculating Hessian
Starting buffer 1500 
Maximizing likelihood @ n=1×2011=2011
 SD[log(ℓ)] = 13.0572254658466
 Δlog(ℓ) = Inf
 Δβ/SD[β] = 0.96333157951951 0.343015229977521 -0.874004723427474 -54.1736186521365 8.58052064251394 -2.31910149234602
Maximizing likelihood @ n=2×2011=4022
 SD[log(ℓ)] = 10.3220357749764
 Δlog(ℓ) = 37.4828162678341
 Δβ/SD[β] = 0.00574989757548532 0.0419369152760947 0.129478823544886 -0.0964702972747969 0.182020581917687 0.0844617149472742
Maximizing likelihood @ n=4×2011=8044
 SD[log(ℓ)] = 8.04599367613163
 Δlog(ℓ) = 31.2344163631668
 Δβ/SD[β] = -0.0273491904066896 -0.0001088035343689 -0.141799541340177 -0.128611507228261 0.106929193149925 -0.00867628255938795
Maximizing likelihood @ n=8×2011=16088
 SD[log(ℓ)] = 5.9907339071205
 Δlog(ℓ) = 9.56460958520285
 Δβ/SD[β] = 0.173444991828703 0.0149798216346066 0.0790954399044596 0.0929691006264029 0.392832121822188 -1.59618994971032
Maximizing likelihood @ n=16×2011=32176
 SD[log(ℓ)] = 4.31615466607837
 Δlog(ℓ) = 8.71373384466381
 Δβ/SD[β] = 0 0 0 0 0 0
Maximizing likelihood @ n=32×2011=64352
 SD[log(ℓ)] = 3.23144093619389
 Δlog(ℓ) = 2.43893612829322
 Δβ/SD[β] = -0.0328140980473896 0.0183559960014534 0.197926267489664 -0.729882851702151 0.372600935526112 0.201927633884276
Maximizing likelihood @ n=64×2011=128704
 SD[log(ℓ)] = 2.38735319854399
 Δlog(ℓ) = 6.37701929072102
 Δβ/SD[β] = -0.0414439871257219 -0.00844870106332453 -0.0705070675309716 0.000226325658591625 0.0177910734385989 0.0217048646196969
Maximizing likelihood @ n=128×2011=257408
 SD[log(ℓ)] = 1.73560529818673
 Δlog(ℓ) = 4.47143428361056
 Δβ/SD[β] = -0.0226652822464374 0.0123607772935458 -0.0146087151132446 -0.344000578710058 0.0792449240128315 -0.0424286989117746
Maximizing likelihood @ n=256×2011=514816
 SD[log(ℓ)] = 1.26684629771145
 Δlog(ℓ) = 1.44541243716048
 Δβ/SD[β] = 0.00218003192071124 -0.0344972016113678 -0.00953006388410301 -0.0630175776753926 0.00477731956945531 -0.0280753236381463
Maximizing likelihood @ n=512×2011=1029632
 SD[log(ℓ)] = 0.896957005754602
 Δlog(ℓ) = 0.104605642244167
 Δβ/SD[β] = 0 0 0 0 0 0
Maximizing likelihood @ n=1024×2011=2059264
 SD[log(ℓ)] = 0.642267251095617
 Δlog(ℓ) = -0.241061499905641
 Δβ/SD[β] = -0.0264036690375367 -0.16760969684341 -0.433602858532136 -0.158321426412537 0.0188131969655957 0.0295355011090742
Maximizing likelihood @ n=2048×2011=4118528
 SD[log(ℓ)] = 0.443518437936845
 Δlog(ℓ) = 0.633969810921371
 Δβ/SD[β] = -0.00528596552679424 -0.00472383382379079 -0.035740374137772 0.022033470868447 -0.0377337989139812 -0.0149231043342725
Maximizing likelihood @ n=4096×2011=8237056
 SD[log(ℓ)] = 0.312294538817671
 Δlog(ℓ) = 0.00932002203654747
 Δβ/SD[β] = -0.0154571035602196 0.0125815699136762 -0.0235099406684237 -0.0118309370900161 0.0272709763265717 0.0195950426987411
Maximizing likelihood @ n=8192×2011=16474112
 SD[log(ℓ)] = 0.219813451957545
 Δlog(ℓ) = 0.206297063461932
 Δβ/SD[β] = -0.00786017237321363 0.0213166067615185 -0.0353017058382423 -0.0289798472408601 -0.0277309125940292 -0.000152857206252752
Calculating Hessian
Maximizing likelihood @ n=1×2011=2011
 SD[log(ℓ)] = 12.904666908489
 Δlog(ℓ) = Inf
 Δβ/SD[β] = 0.683312953395932 -0.312669417484136 -1.04096057147279 -54.1575318806892 8.94677110479828 -0.0555905564593847
Maximizing likelihood @ n=2×2011=4022
 SD[log(ℓ)] = 10.4764189063848
 Δlog(ℓ) = 50.3591855602551
 Δβ/SD[β] = 0.338411196721721 -0.0585653317371575 -0.382904791812064 -1.25514833248736 2.1167818629928 0.0479233584670895
Maximizing likelihood @ n=4×2011=8044
 SD[log(ℓ)] = 8.11637013224203
 Δlog(ℓ) = 30.6210833627754
 Δβ/SD[β] = 0.0942485875184271 0.104253911668388 -0.0436017449832516 -0.150967047161737 0.101687236469553 0.0405742137935897
Maximizing likelihood @ n=8×2011=16088
 SD[log(ℓ)] = 6.08597632076974
 Δlog(ℓ) = 11.961620882661
 Δβ/SD[β] = -1.91704329354169e-07 -0.000456868877741332 -0.000209752646701286 -0.00491395171535427 0.0427033382115454 -0.0002516208844037
Maximizing likelihood @ n=16×2011=32176
 SD[log(ℓ)] = 4.49955620907952
 Δlog(ℓ) = 6.19298217071662
 Δβ/SD[β] = 0.00579098597787002 0.0350448777841077 -0.0714321125394312 -0.0509972956706421 0.0226317965015057 0.0683676517927996
Maximizing likelihood @ n=32×2011=64352
 SD[log(ℓ)] = 3.31191478699983
 Δlog(ℓ) = 6.04629328499857
 Δβ/SD[β] = 0.0424860301260039 0.0171660556738555 0.149590096999753 -0.833283271692676 0.152016361541692 0.0604230115011221
Maximizing likelihood @ n=64×2011=128704
 SD[log(ℓ)] = 2.38220090812743
 Δlog(ℓ) = -1.24013471519118
 Δβ/SD[β] = 0.00864765224430467 0.0153846820950138 0.00238160709978684 0.027523898623319 0.0213125623500069 -0.00337598029109061
Maximizing likelihood @ n=128×2011=257408
 SD[log(ℓ)] = 1.71505525749817
 Δlog(ℓ) = -0.355059039365528
 Δβ/SD[β] = -0.0101747739370603 -0.00652475320825009 -0.0141005018492462 0.176612372717557 0.0141006164433469 -0.0200110334241126
Maximizing likelihood @ n=256×2011=514816
 SD[log(ℓ)] = 1.20816303642787
 Δlog(ℓ) = 0.377249041175162
 Δβ/SD[β] = 0.00226580275085537 0.0169453401132374 -0.0309332453559631 0.0447840703205701 0.0196247307739696 -0.0265191080638245
Maximizing likelihood @ n=512×2011=1029632
 SD[log(ℓ)] = 0.859199453208787
 Δlog(ℓ) = 1.09237452720151
 Δβ/SD[β] = 0.0203232487868829 0.00194167009453479 -0.006388311477778 -0.0379717126684652 0.0333651391142996 0.015291303685825
Maximizing likelihood @ n=1024×2011=2059264
 SD[log(ℓ)] = 0.608105017471249
 Δlog(ℓ) = 0.971630338808382
 Δβ/SD[β] = 0.00136524329446825 0.00888525677384213 0.0276737783853938 -0.067394751936816 -0.00142348543775052 -0.0368524615680152
Maximizing likelihood @ n=2048×2011=4118528
 SD[log(ℓ)] = 0.431014496525642
 Δlog(ℓ) = 0.583569780470782
 Δβ/SD[β] = 0.00587258836453068 -0.000361681457577219 -0.00512525347177907 -0.0186829231885725 0.00756598565316225 -0.000624345618927376
Maximizing likelihood @ n=4096×2011=8237056
 SD[log(ℓ)] = 0.305383676007268
 Δlog(ℓ) = -0.753918473143699
 Δβ/SD[β] = -0.0130510584184717 0.0213665064169085 0.00781656423546859 0.0878631367711381 0.000427610943733281 -0.0298597408702966
Maximizing likelihood @ n=8192×2011=16474112
 SD[log(ℓ)] = 0.21773785058375
 Δlog(ℓ) = 0.13016124918181
 Δβ/SD[β] = 0.00300198868819587 0.00244062509597341 -0.00327864595031066 0.0098533285431111 -0.0109637599008686 -0.00760535345432964
Calculating Hessian
Maximizing likelihood @ n=1×2011=2011
 SD[log(ℓ)] = 12.9082160827932
 Δlog(ℓ) = Inf
 Δβ/SD[β] = -1.32272936096504 -1.78822446514267 -0.951246516625337 -60.4944913985956 9.83904876286589 -2.81632010639719
Maximizing likelihood @ n=2×2011=4022
 SD[log(ℓ)] = 10.0751560658659
 Δlog(ℓ) = 31.7727073666132
 Δβ/SD[β] = 0.299060884921133 0.713874643817362 -0.0136090650581155 -2.04449292155765 1.88749726585693 0.741529178973009
Maximizing likelihood @ n=4×2011=8044
 SD[log(ℓ)] = 7.8109811505851
 Δlog(ℓ) = 27.8700099836555
 Δβ/SD[β] = -0.255094686885795 0.23143163258083 0.0410707567278673 -0.130519383385793 0.118937279633689 -0.213521630736363
Maximizing likelihood @ n=8×2011=16088
 SD[log(ℓ)] = 5.96427971433884
 Δlog(ℓ) = 22.707317472955
 Δβ/SD[β] = -0.335813921516511 0.773630237253149 0.270998141764229 -1.29538189313484 0.465430414408319 -0.14338155983669
Maximizing likelihood @ n=16×2011=32176
 SD[log(ℓ)] = 4.40005570879791
 Δlog(ℓ) = 6.26400471752737
 Δβ/SD[β] = -0.03375337363402 0.0497548719362887 0.0272738313790719 -0.047633826513412 0.193431413394429 0.0953204035968292
Maximizing likelihood @ n=32×2011=64352
 SD[log(ℓ)] = 3.25747576112897
 Δlog(ℓ) = 4.31393767381513
 Δβ/SD[β] = -0.0888922218620282 0.119755947837514 -0.179933548823114 -0.0457302648212475 0.0100378432525773 -0.00566104065524273
Maximizing likelihood @ n=64×2011=128704
 SD[log(ℓ)] = 2.38463915025471
 Δlog(ℓ) = 10.1882971070652
 Δβ/SD[β] = -0.00516276758813031 0.390067008005495 -0.0231079047915382 -0.0548059109855671 0.0230173022060582 0.0978077014614032
Maximizing likelihood @ n=128×2011=257408
 SD[log(ℓ)] = 1.68983615167136
 Δlog(ℓ) = 0.982841706493787
 Δβ/SD[β] = -0.0125666126605142 0.0964014710092458 -0.0159427090706526 -0.0894136970275018 0.010734620870577 0.0165163822846866
Maximizing likelihood @ n=256×2011=514816
 SD[log(ℓ)] = 1.23148850883686
 Δlog(ℓ) = 3.03675083679485
 Δβ/SD[β] = -0.00982104435467706 0.0185279882173963 0.013728779075292 -0.0332264398721005 0.0573624658257782 -0.0155023447277434
Maximizing likelihood @ n=512×2011=1029632
 SD[log(ℓ)] = 0.867317529871231
 Δlog(ℓ) = -0.986652141527429
 Δβ/SD[β] = -0.0119994048305796 0.0450771415334679 -0.0430884486294225 -0.0215982384355235 -0.0323073444866035 -0.00548502650401216
Maximizing likelihood @ n=1024×2011=2059264
 SD[log(ℓ)] = 0.611346411334967
 Δlog(ℓ) = 0.310009309147347
 Δβ/SD[β] = -2.05424752515893e-07 0.000332280374707712 -0.000329082511651984 -0.00115185178628181 0.00134976074992913 -0.000129229767323248
Maximizing likelihood @ n=2048×2011=4118528
 SD[log(ℓ)] = 0.435944075401957
 Δlog(ℓ) = 0.438878458767533
 Δβ/SD[β] = 0.00293273905460879 0.00866345061208755 -0.0231391288353325 -0.0232719325159619 0.0391389246552985 -0.00634908165657984
Maximizing likelihood @ n=4096×2011=8237056
 SD[log(ℓ)] = 0.311328091293817
 Δlog(ℓ) = -0.374825256239035
 Δβ/SD[β] = 0.00863322678542497 0.0286564809087926 -0.006010793680524 0.0212083684167182 -0.0262328222019179 -0.0024983494172713
Maximizing likelihood @ n=8192×2011=16474112
 SD[log(ℓ)] = 0.219847775454038
 Δlog(ℓ) = 0.142076672195572
 Δβ/SD[β] = 0.0198920317314566 0.020930079093973 0.00864396524942842 -0.00399691634082132 0.0265974815953987 0.0105850686350989
Calculating Hessian
Maximizing likelihood @ n=1×2011=2011
 SD[log(ℓ)] = 13.6772458112542
 Δlog(ℓ) = Inf
 Δβ/SD[β] = 1.89028754602534 0.110001733667671 0.202642391714856 -1.20282081876914 1.52207121917576 -0.030762291109672
Maximizing likelihood @ n=2×2011=4022
 SD[log(ℓ)] = 11.1040523460672
 Δlog(ℓ) = 45.0948887488694
 Δβ/SD[β] = 9.98693822589061 5.13069256179713 8.7188110080446 5.16076010516382 2.85242978829949 2.74477963174887
Maximizing likelihood @ n=4×2011=8044
 SD[log(ℓ)] = 8.47169802985803
 Δlog(ℓ) = 19.9717641601569
 Δβ/SD[β] = 0.0999341376271416 0.0680933724800624 0.130048765890512 -0.270732814751945 0.0967130754620385 0.00218129182777553
Maximizing likelihood @ n=8×2011=16088
 SD[log(ℓ)] = 6.6580566817751
 Δlog(ℓ) = 23.9880022866845
 Δβ/SD[β] = 0.146210398338908 0.123016459322089 0.187866861968763 -0.144787742045913 0.0607770233006635 0.138328245442654
Maximizing likelihood @ n=16×2011=32176
 SD[log(ℓ)] = 5.35933671123791
 Δlog(ℓ) = 19.1545937517049
 Δβ/SD[β] = 0.141471087325035 0.0543496013487732 0.132403448590758 -0.19872921395657 0.0346397966567307 0.11906726932901
Maximizing likelihood @ n=32×2011=64352
 SD[log(ℓ)] = 4.15997280796317
 Δlog(ℓ) = -0.303241983888199
 Δβ/SD[β] = -0.0295956079298007 0.0153363398257789 -0.0352792963742336 -0.153476093137888 -0.0119306532392985 0.0611807094263338
Maximizing likelihood @ n=64×2011=128704
 SD[log(ℓ)] = 3.19588658757745
 Δlog(ℓ) = 7.04161056838774
 Δβ/SD[β] = 0.0634199468611052 0.0335382758260929 0.0712442633372998 -0.0583226887750325 0.0216433511331199 -0.0134893157982333
Maximizing likelihood @ n=128×2011=257408
 SD[log(ℓ)] = 2.41064631288055
 Δlog(ℓ) = 8.04130515942671
 Δβ/SD[β] = 0.0333358772174423 0.0372599330400012 0.0358309557396884 -0.134686226967074 0.0150050073119848 0.0331544255189791
Maximizing likelihood @ n=256×2011=514816
 SD[log(ℓ)] = 1.76883570208821
 Δlog(ℓ) = 4.61813270983873
 Δβ/SD[β] = 0.531503295287598 0.331231917547902 0.402925860882043 -0.175138885284214 0.0770640754757123 0.296000039910796
Maximizing likelihood @ n=512×2011=1029632
 SD[log(ℓ)] = 1.28219070135348
 Δlog(ℓ) = 1.45037076738561
 Δβ/SD[β] = 0.00909645798880001 -0.170490414927755 0.0754820127189739 -0.10614266785 0.0477138729338194 0.0446939263042436
Maximizing likelihood @ n=1024×2011=2059264
 SD[log(ℓ)] = 0.937657674471774
 Δlog(ℓ) = 0.679355944254382
 Δβ/SD[β] = 0.105801875018773 0.0382252015213229 0.0188791165452835 -0.131651015018196 -0.000776913017911882 0.204781670137034
Maximizing likelihood @ n=2048×2011=4118528
 SD[log(ℓ)] = 0.666679502878902
 Δlog(ℓ) = 0.0378922071139982
 Δβ/SD[β] = 0.0333068193329345 -0.0530944249557342 0.0727546364635095 -0.052565307267833 0.0650961453637293 0.113091281517333
Maximizing likelihood @ n=4096×2011=8237056
 SD[log(ℓ)] = 0.475011009474715
 Δlog(ℓ) = 0.302268180764997
 Δβ/SD[β] = 0.0281821258530803 0.0126571423728526 -0.0317358762700534 -0.0213260022637676 -0.0400430044796938 0.0328516787646889
Maximizing likelihood @ n=8192×2011=16474112
 SD[log(ℓ)] = 0.332961141201366
 Δlog(ℓ) = 0.270554045559095
 Δβ/SD[β] = -0.0452569270521836 0.0374520709934595 0.0158696132414161 -0.0695307738926704 -0.032524882009004 0.0765844451903118
Calculating Hessian
There were 15 warnings (use warnings() to see them)
Script complete
Fri Nov 15 22:33:36 MST 2024
