Wed Nov 20 20:20:04 MST 2024
Initiating script
── Attaching core tidyverse packages ──────────────────────── tidyverse 2.0.0 ──
✔ dplyr     1.1.4     ✔ readr     2.1.5
✔ forcats   1.0.0     ✔ stringr   1.5.1
✔ ggplot2   3.5.1     ✔ tibble    3.2.1
✔ lubridate 1.9.3     ✔ tidyr     1.3.1
✔ purrr     1.0.2     
── Conflicts ────────────────────────────────────────── tidyverse_conflicts() ──
✖ ggplot2::annotate() masks ctmm::annotate()
✖ dplyr::filter()     masks stats::filter()
✖ dplyr::lag()        masks stats::lag()
ℹ Use the conflicted package (<http://conflicted.r-lib.org/>) to force all conflicts to become errors
Linking to GEOS 3.9.5, GDAL 3.8.5, PROJ 9.4.0; sf_use_s2() is TRUE
Loading required package: sp

Attaching package: ‘raster’

The following object is masked from ‘package:dplyr’:

    select

The following objects are masked from ‘package:ctmm’:

    projection, projection<-

terra 1.7.78

Attaching package: ‘terra’

The following object is masked from ‘package:tidyr’:

    extract

The following objects are masked from ‘package:ctmm’:

    distance, meta

[1] "/home/u15/mmercer3/proj/habitat_analysis_class/Final/Model_Fit_Results/roads_1500/Catherine_rr.Rda"
     [,1]                                
[1,] "Data loaded at 2024-11-20 20:20:15"
Some rasters are not loaded in RAM and may be slow to process. See help("raster::readAll").
Maximizing likelihood @ n=1×49=49
 SD[log(ℓ)] = 0.991913880580726
 Δlog(ℓ) = Inf
 Δβ/SD[β] = 0.201310662493176 -0.193747976367962 -0.0250578228856251 0.0643216764149238 0.0116214713405638 -1.26173170895446
Maximizing likelihood @ n=2×49=98
 SD[log(ℓ)] = 0.181163270425635
 Δlog(ℓ) = -1.3889821921408
 Δβ/SD[β] = -0.0161674433852709 -0.373955212682567 0.42200501686497 -1.63268036949146 0.151572246312474 0.976439029407982
Maximizing likelihood @ n=4×49=196
 SD[log(ℓ)] = 0.262184497787594
 Δlog(ℓ) = 0.308285799132589
 Δβ/SD[β] = -0.968459764397693 1.02886739533008 0.0756623767305124 0.00884165379984883 0.0415752816300563 0.0898660249240298
Maximizing likelihood @ n=8×49=392
 SD[log(ℓ)] = 0.32095467880477
 Δlog(ℓ) = 0.213831147449149
 Δβ/SD[β] = -0.247748263232916 0.298290008689424 -0.109815466027295 -0.0878664812198816 0.257936448517417 0.00960353654336413
Maximizing likelihood @ n=16×49=784
 SD[log(ℓ)] = 0.287862414964169
 Δlog(ℓ) = 0.307780691031082
 Δβ/SD[β] = -0.0257622096640922 0.211937743892328 -0.0235094760400314 0.0546979867832241 0.183972876925682 0.029274670914497
Maximizing likelihood @ n=32×49=1568
 SD[log(ℓ)] = 0.195692139599299
 Δlog(ℓ) = -0.18942802470484
 Δβ/SD[β] = 0.136364286301879 0.00920792775880215 -0.139973093611502 -0.0171018318818266 -0.206069580236525 0.0182275149641035
Maximizing likelihood @ n=64×49=3136
 SD[log(ℓ)] = 0.153078529999257
 Δlog(ℓ) = 0.121280595089794
 Δβ/SD[β] = -0.0605381643019289 0.0403094044818101 -0.00836863597813037 -0.041048839869894 0.0323670563033264 -0.00301248342491507
Maximizing likelihood @ n=128×49=6272
 SD[log(ℓ)] = 0.114673800595181
 Δlog(ℓ) = 0.0633995794773874
 Δβ/SD[β] = -0.0238156219099019 0.0515385859894425 0.00607425307563206 -0.000997177607410668 -0.0119484876815456 -0.00500459935776452
Maximizing likelihood @ n=256×49=12544
 SD[log(ℓ)] = 0.0827423885594162
 Δlog(ℓ) = 0.016526445927402
 Δβ/SD[β] = -0.0728150822750758 0.00711922799204989 -0.00963703084083203 -0.00255315176212864 0.00778145030479727 -0.00338880570149865
Maximizing likelihood @ n=512×49=25088
 SD[log(ℓ)] = 0.0599603756609998
 Δlog(ℓ) = -0.0332090723507437
 Δβ/SD[β] = 0.0290936760676127 0.0208914799967129 0.0154473268136195 0.0428621550849395 -0.0318822026065385 0.0111962819429063
Maximizing likelihood @ n=1024×49=50176
 SD[log(ℓ)] = 0.0401348143987001
 Δlog(ℓ) = 0.0265550650301629
 Δβ/SD[β] = -0.0313899501573036 -0.046155580171581 0.0236721150101797 0.101268925742575 -0.0492817247528358 -0.0188885695742396
Maximizing likelihood @ n=2048×49=100352
 SD[log(ℓ)] = 0.0292046664598458
 Δlog(ℓ) = 0.00775050450746095
 Δβ/SD[β] = -0.00334950072886349 0.0134671666697246 0.00386523270138244 0.000740902172354657 -0.00883233314614688 0.00251431840929464
Maximizing likelihood @ n=4096×49=200704
 SD[log(ℓ)] = 0.0203423482058167
 Δlog(ℓ) = -0.013288484332071
 Δβ/SD[β] = 0.0309002402429234 -0.00721230361871185 0.0058670874459263 -0.00587415424110595 -0.00840613711352856 -0.00151946776820108
Maximizing likelihood @ n=8192×49=401408
 SD[log(ℓ)] = 0.0143699415152014
 Δlog(ℓ) = 0.0114302944985526
 Δβ/SD[β] = 0.0076890162281608 0.00361762084194126 0.00842375645221542 -0.00901714689922292 0.00170205964162433 0.0138296148467835
Maximizing likelihood @ n=16384×49=802816
 SD[log(ℓ)] = 0.0103750131300455
 Δlog(ℓ) = 0.0547231553023129
 Δβ/SD[β] = -0.0257264348144921 0.0159582286718486 4.50054531860388 0.287168664409077 0.11491627506113 3.28480538070906
Maximizing likelihood @ n=32768×49=1605632
 SD[log(ℓ)] = 0.00743804247414148
 Δlog(ℓ) = 0.00498288642350408
 Δβ/SD[β] = 0.0213391582421947 0.0342686148221367 0.166115982175849 0.0240043766317808 0.0660476474049443 -0.00755925141299206
Maximizing likelihood @ n=65536×49=3211264
 SD[log(ℓ)] = 0.00529617061077819
 Δlog(ℓ) = 0.0105281598481777
 Δβ/SD[β] = -0.00348042048531428 0.00647699996577857 -0.00203185378235641 0.00174041288441824 0.00196129091389471 0.00309245839821577
Calculating Hessian
Script complete
Wed Nov 20 20:28:02 MST 2024
