Thu Nov 14 11:18:02 MST 2024
Initiating script
── Attaching core tidyverse packages ──────────────────────── tidyverse 2.0.0 ──
✔ dplyr     1.1.4     ✔ readr     2.1.5
✔ forcats   1.0.0     ✔ stringr   1.5.1
✔ ggplot2   3.5.1     ✔ tibble    3.2.1
✔ lubridate 1.9.3     ✔ tidyr     1.3.1
✔ purrr     1.0.2     
── Conflicts ────────────────────────────────────────── tidyverse_conflicts() ──
✖ ggplot2::annotate() masks ctmm::annotate()
✖ dplyr::filter()     masks stats::filter()
✖ dplyr::lag()        masks stats::lag()
ℹ Use the conflicted package (<http://conflicted.r-lib.org/>) to force all conflicts to become errors
Linking to GEOS 3.9.5, GDAL 3.8.5, PROJ 9.4.0; sf_use_s2() is TRUE
Loading required package: sp

Attaching package: ‘raster’

The following object is masked from ‘package:dplyr’:

    select

The following objects are masked from ‘package:ctmm’:

    projection, projection<-

terra 1.7.78

Attaching package: ‘terra’

The following object is masked from ‘package:tidyr’:

    extract

The following objects are masked from ‘package:ctmm’:

    distance, meta

[1] "/home/u15/mmercer3/proj/habitat_analysis_class/Final/Model_Fit_Results/Ben_rr.Rda"
     [,1]                                
[1,] "Data loaded at 2024-11-14 11:18:15"
Reading layer `major' from data source 
  `/home/u15/mmercer3/proj/habitat_analysis_class/Final/Major_Roads' 
  using driver `ESRI Shapefile'
Simple feature collection with 411 features and 7 fields
Geometry type: LINESTRING
Dimension:     XY
Bounding box:  xmin: 477946 ymin: 3545735 xmax: 511807.9 ymax: 3592212
Projected CRS: WGS 84 / UTM zone 12N
     [,1]                                 
[1,] "Roads loaded at 2024-11-14 11:18:16"
|---------|---------|---------|---------|=========================================                                          [1] 1681968
[1] 1681968
Starting buffer 30 
Maximizing likelihood @ n=1×951=951
 SD[log(ℓ)] = 3.90964004344119
 Δlog(ℓ) = Inf
 Δβ/SD[β] = 4.05621011034873 0.0588431988233236 0.0277566935302344 -0.634325416012753 -1.13671669929599 0.14173126836226
Maximizing likelihood @ n=2×951=1902
 SD[log(ℓ)] = 3.26025017571253
 Δlog(ℓ) = 1.11067130210107
 Δβ/SD[β] = 0.439718819798627 -0.297116819438392 -0.0981012274564793 0.776944236924559 -0.904796468246299 0.103556780422893
Maximizing likelihood @ n=4×951=3804
 SD[log(ℓ)] = 2.76360763617823
 Δlog(ℓ) = 9.21234181321802
 Δβ/SD[β] = 0.98120448032668 0.716501318180134 0.733775202513621 0.662870396898492 -0.347083440779191 0.876945385857504
Maximizing likelihood @ n=8×951=7608
 SD[log(ℓ)] = 2.0043378473714
 Δlog(ℓ) = -1.39839116085604
 Δβ/SD[β] = -0.0870142004018014 -0.50240747348604 0.268820912154941 0.0286963406551733 0.929332434915209 0.319461355637337
Maximizing likelihood @ n=16×951=15216
 SD[log(ℓ)] = 1.48317679586834
 Δlog(ℓ) = 1.64455789843024
 Δβ/SD[β] = 0.152060048388252 -0.0266383591495404 0.0358179110477039 0.126475779889478 -0.55951686980691 0.0970880842313288
Maximizing likelihood @ n=32×951=30432
 SD[log(ℓ)] = 1.07117123307384
 Δlog(ℓ) = 0.643172236658046
 Δβ/SD[β] = 0.0934062436664053 0.0291590379267058 0.0984455834791098 0.0151628403034951 -0.0606606314190187 0.100930464801753
Maximizing likelihood @ n=64×951=60864
 SD[log(ℓ)] = 0.774552990266439
 Δlog(ℓ) = 0.696753574513949
 Δβ/SD[β] = -0.0358514082349452 -0.0162953461065846 0.130237906589945 -0.0149321756009509 -0.0441903911772979 0.201591146591196
Maximizing likelihood @ n=128×951=121728
 SD[log(ℓ)] = 0.553224252010355
 Δlog(ℓ) = -0.207310647430234
 Δβ/SD[β] = 0.071289169247638 0.0515831616822141 0.0642241531423677 -0.0367775851759283 -0.0989123639393002 -0.104545023145038
Maximizing likelihood @ n=256×951=243456
 SD[log(ℓ)] = 0.38794205522842
 Δlog(ℓ) = -0.433211869172524
 Δβ/SD[β] = -0.0436792819090403 0.0295874928633449 -0.0105885235462218 -0.0421937576313258 -0.0446826565257055 0.06660094760379
Maximizing likelihood @ n=512×951=486912
 SD[log(ℓ)] = 0.274488546026876
 Δlog(ℓ) = 0.254052655234887
 Δβ/SD[β] = -0.00299135337556072 0.00316968712093959 0.00939018306694976 0.00213823178568262 -0.0192070956264508 0.067763259291878
Maximizing likelihood @ n=1024×951=973824
 SD[log(ℓ)] = 0.195328469230029
 Δlog(ℓ) = 0.164906593795699
 Δβ/SD[β] = 0.0128082984059707 0.00396528699102192 -0.0144772239176398 0.0548868108542288 0.0205108398546078 0.00580419903528077
Maximizing likelihood @ n=2048×951=1947648
 SD[log(ℓ)] = 0.138184947695531
 Δlog(ℓ) = 0.183545937002535
 Δβ/SD[β] = -0.0111116106092955 0.0193490080717052 -0.0132821848531853 -0.00137122395881329 -0.0315298343121912 0.0155655702694572
Maximizing likelihood @ n=4096×951=3895296
 SD[log(ℓ)] = 0.0974641149244164
 Δlog(ℓ) = 0.0706000478265949
 Δβ/SD[β] = 0.0145527066281835 0.0108266550823382 0.0069300169006593 0.0192826448543847 -0.00914069951627228 -0.0078690052573139
Maximizing likelihood @ n=8192×951=7790592
 SD[log(ℓ)] = 0.0688573356468878
 Δlog(ℓ) = -0.0509100970632943
 Δβ/SD[β] = 0.0022829920906602 -0.000506803614983909 0.00023124889239801 -0.00313779564969651 0.00778644750070789 -0.00437330003535366
Maximizing likelihood @ n=16384×951=15581184
 SD[log(ℓ)] = 0.0486530640565404
 Δlog(ℓ) = -0.0170787253910376
 Δβ/SD[β] = -0.000928221331263492 0.00265209872582293 0.000405907063632345 -0.00483588902719969 -0.00018170734686203 0.00518364002250749
Calculating Hessian
Maximizing likelihood @ n=1×951=951
 SD[log(ℓ)] = 3.75049213534
 Δlog(ℓ) = Inf
 Δβ/SD[β] = -1.79418710478376 0.0423700040764845 0.0661379097914057 -0.57253214542356 -1.03215817941259 0.17317842135704
Maximizing likelihood @ n=2×951=1902
 SD[log(ℓ)] = 3.47456966047334
 Δlog(ℓ) = 8.58237444048845
 Δβ/SD[β] = -2.92383834709505 0.67857561345199 0.139072211872417 0.742453303860911 -2.44980035979165 0.848188328352043
Maximizing likelihood @ n=4×951=3804
 SD[log(ℓ)] = 2.65382507848317
 Δlog(ℓ) = 2.08171119104065
 Δβ/SD[β] = -0.497533716435779 -0.180584800468474 -0.5802399603649 0.113658094802587 -0.761620000520263 0.259009464610934
Maximizing likelihood @ n=8×951=7608
 SD[log(ℓ)] = 1.92351345941904
 Δlog(ℓ) = -0.130945432282587
 Δβ/SD[β] = 0.381810350345522 -0.4490576825915 0.120043415534114 0.0955694052363676 -0.150671532563958 0.229576922312206
Maximizing likelihood @ n=16×951=15216
 SD[log(ℓ)] = 1.41975260505007
 Δlog(ℓ) = 0.629344370219236
 Δβ/SD[β] = -0.122494234825093 -0.0660458008496374 -0.138749229402554 -0.0412071737007817 -0.294286729431941 -0.0504843514005715
Maximizing likelihood @ n=32×951=30432
 SD[log(ℓ)] = 1.03828783789363
 Δlog(ℓ) = 1.53979917706555
 Δβ/SD[β] = -0.158033763185905 -0.0134999115308427 -0.00205729485782194 0.137144300223793 -0.248318653225637 0.0628304232696521
Maximizing likelihood @ n=64×951=60864
 SD[log(ℓ)] = 0.749734258285048
 Δlog(ℓ) = 0.576408718918557
 Δβ/SD[β] = -0.149719832587598 -0.00761810586972975 0.131937374012832 0.0351046270713122 -0.110307597599545 -0.0337805430450934
Maximizing likelihood @ n=128×951=121728
 SD[log(ℓ)] = 0.5379298503215
 Δlog(ℓ) = 0.532440659821582
 Δβ/SD[β] = -0.0522950835100457 0.0156540004335323 0.0128266887442733 0.0285471018778899 0.00790086052836902 -0.0179215080452019
Maximizing likelihood @ n=256×951=243456
 SD[log(ℓ)] = 0.383350205364595
 Δlog(ℓ) = 0.233055183558662
 Δβ/SD[β] = -0.05931652825689 -0.00874226705089333 0.0155336609198448 -0.00111365471420506 -0.0170190770362748 0.016385816301926
Maximizing likelihood @ n=512×951=486912
 SD[log(ℓ)] = 0.269686241027149
 Δlog(ℓ) = -0.0186801307044533
 Δβ/SD[β] = -0.00724487337677891 0.00378373192011062 0.0249988512382452 0.0287040720900391 0.0335940191051006 -0.00256768169624364
Maximizing likelihood @ n=1024×951=973824
 SD[log(ℓ)] = 0.189709090251035
 Δlog(ℓ) = -0.0931872175596595
 Δβ/SD[β] = 0.0110681218032627 0.00306227436529362 0.00927146643760617 0.015701249436587 -0.00964822443039456 0.01002994975439
Maximizing likelihood @ n=2048×951=1947648
 SD[log(ℓ)] = 0.133458597667985
 Δlog(ℓ) = -0.203315482704831
 Δβ/SD[β] = -0.0259371377245193 -0.000782598915376273 0.00210764760019753 -0.00343432227178526 0.0253893675224878 -0.0266252615715324
Maximizing likelihood @ n=4096×951=3895296
 SD[log(ℓ)] = 0.0944562162680393
 Δlog(ℓ) = 0.00698512899462855
 Δβ/SD[β] = -0.00583256724910851 0.00389011440869898 -0.0096333412427042 -0.0108203243644803 0.0184666518873907 -0.00516749154487043
Maximizing likelihood @ n=8192×951=7790592
 SD[log(ℓ)] = 0.0667858795223578
 Δlog(ℓ) = -0.00662481848587504
 Δβ/SD[β] = 0.00702217429444918 0.0051819034761488 0.0036118353383733 0.0051824150912123 0.0135474754698072 0.00247344462522538
Maximizing likelihood @ n=16384×951=15581184
 SD[log(ℓ)] = 0.0472076649872307
 Δlog(ℓ) = -0.114118827281771
 Δβ/SD[β] = 0.00845954446411508 4.48821179460822e-05 -0.00545363719285861 0.00251427594473938 0.0143127253935334 -0.00965016787387176
Calculating Hessian
Maximizing likelihood @ n=1×951=951
 SD[log(ℓ)] = 4.44975962681338
 Δlog(ℓ) = Inf
 Δβ/SD[β] = -0.279556863024595 -0.0405868424583665 0.018329218370524 -0.55217231861661 -1.14502983551185 0.240420293391512
Maximizing likelihood @ n=2×951=1902
 SD[log(ℓ)] = 3.42239688117459
 Δlog(ℓ) = 1.51044848709607
 Δβ/SD[β] = -0.407516045013383 0.534217697669695 -0.861173449349011 0.0784505103777251 -0.0382791332921214 0.100779458255548
Maximizing likelihood @ n=4×951=3804
 SD[log(ℓ)] = 2.49686616670752
 Δlog(ℓ) = -0.280607231627265
 Δβ/SD[β] = 0.0769894791558726 0.0250882953975703 0.0628857748659705 0.0706162891719175 0.0802874713820684 0.000930870876668822
Maximizing likelihood @ n=8×951=7608
 SD[log(ℓ)] = 1.73513258716607
 Δlog(ℓ) = -2.16763236301173
 Δβ/SD[β] = -0.217487847409693 0.0662052895603692 0.061087656834072 -0.0119115279778206 0.129599691430299 -0.0941760664320172
Maximizing likelihood @ n=16×951=15216
 SD[log(ℓ)] = 1.2687739553582
 Δlog(ℓ) = 0.704811105470672
 Δβ/SD[β] = -0.763718585014345 -0.117021386744006 0.17499640361967 0.0176810023777688 -0.0472138052560724 0.032948151096266
Maximizing likelihood @ n=32×951=30432
 SD[log(ℓ)] = 0.909523080946256
 Δlog(ℓ) = 0.31728663538285
 Δβ/SD[β] = -5.95951289093857 -1.58908331320465 0.21182815979254 0.0589156258438028 -0.134726702800292 -0.161445626595986
Maximizing likelihood @ n=64×951=60864
 SD[log(ℓ)] = 0.683424310573262
 Δlog(ℓ) = 1.61000143185013
 Δβ/SD[β] = -1.20936294311577 0.205785327924009 -0.208816428019885 -0.0869784025890222 -0.346045306624003 -0.00394120826816976
Maximizing likelihood @ n=128×951=121728
 SD[log(ℓ)] = 0.490210097941227
 Δlog(ℓ) = 1.04572341027897
 Δβ/SD[β] = -0.342748471417974 0.906757859357459 0.203554953128176 0.120741545220215 -0.0711735685455721 0.0781074853531371
Maximizing likelihood @ n=256×951=243456
 SD[log(ℓ)] = 0.34277935909348
 Δlog(ℓ) = -0.742927564030389
 Δβ/SD[β] = -0.0121016336059758 0.0350905420187057 0.0565623031436956 -0.032877995235837 0.132319176454241 0.0182911966941271
Maximizing likelihood @ n=512×951=486912
 SD[log(ℓ)] = 0.24311767690157
 Δlog(ℓ) = 0.289591156311481
 Δβ/SD[β] = 0.0357877002800764 -0.0303189028221835 0.0569288363811486 0.0537929898338855 0.0266862697361665 0.00883446083249788
Maximizing likelihood @ n=1024×951=973824
 SD[log(ℓ)] = 0.171774482681062
 Δlog(ℓ) = -0.151350559012585
 Δβ/SD[β] = -0.0123640351149519 0.00557854112579702 0.0146329207151055 -0.0376133861180785 -0.029984196704879 -0.0245758000789027
Maximizing likelihood @ n=2048×951=1947648
 SD[log(ℓ)] = 0.12128203657944
 Δlog(ℓ) = -0.138848065238413
 Δβ/SD[β] = -0.00881885568678278 0.0207914142422323 0.0181151791958391 0.0116626222132161 0.0224099727748202 -0.0220101671150711
Maximizing likelihood @ n=4096×951=3895296
 SD[log(ℓ)] = 0.0862411513724552
 Δlog(ℓ) = 0.083870005483945
 Δβ/SD[β] = -0.00440205674813238 -0.0118254053115169 0.0354217888563753 0.00480763917962642 -0.0162850996034505 0.0235017722633389
Maximizing likelihood @ n=8192×951=7790592
 SD[log(ℓ)] = 0.0607436369993
 Δlog(ℓ) = -0.0757963148224903
 Δβ/SD[β] = -0.00814180312460729 -0.000236569547689354 0.00502458491667684 0.00641784994230533 0.0263501210139681 -0.0193794966641
Maximizing likelihood @ n=16384×951=15581184
 SD[log(ℓ)] = 0.0429613693856587
 Δlog(ℓ) = -0.0750682051224487
 Δβ/SD[β] = 0.00798512028960763 0.000561869710706416 0.00705955062108876 -0.0172331666320025 0.00656190070711011 0.00557636299222144
Calculating Hessian
Maximizing likelihood @ n=1×951=951
 SD[log(ℓ)] = 4.10010465671111
 Δlog(ℓ) = Inf
 Δβ/SD[β] = 0.950569172305975 0.476591261058086 -0.703917956287854 -6.02759347024662 -22.2112203610145 5.10773854010578
Maximizing likelihood @ n=2×951=1902
 SD[log(ℓ)] = 3.0377054873007
 Δlog(ℓ) = -0.627597330911019
 Δβ/SD[β] = -0.0929186220749126 -0.142378045675296 0.630727827116924 0.11305191012436 0.0831393226462854 -0.0194654157059659
Maximizing likelihood @ n=4×951=3804
 SD[log(ℓ)] = 2.15191198770768
 Δlog(ℓ) = -1.4693627272319
 Δβ/SD[β] = -1.35999994834228 -2.36668574465612 0.903865860035962 -0.171622300234608 0.215325897301023 -0.40268570178095
Maximizing likelihood @ n=8×951=7608
 SD[log(ℓ)] = 1.69949715337302
 Δlog(ℓ) = 3.68137281826512
 Δβ/SD[β] = -0.428715413536146 -0.131323003359071 0.0648595815971113 0.0589727413939951 -0.230522636695994 0.144175719218275
Maximizing likelihood @ n=16×951=15216
 SD[log(ℓ)] = 1.2609396011347
 Δlog(ℓ) = 2.19017511652195
 Δβ/SD[β] = -0.184223154639096 -0.500933142805872 -0.0647225604563375 0.144767713508556 -0.462867198536782 0.0225249110459057
Maximizing likelihood @ n=32×951=30432
 SD[log(ℓ)] = 0.907089906782411
 Δlog(ℓ) = 0.216162393744305
 Δβ/SD[β] = -0.10041697568167 0.0312839864721641 0.101044837211238 -0.023504126674542 -0.176017040122173 -0.0269708029380751
Maximizing likelihood @ n=64×951=60864
 SD[log(ℓ)] = 0.647648479722787
 Δlog(ℓ) = 0.12374561884857
 Δβ/SD[β] = -0.0219091985509551 0.00421434435827698 0.00288135829112845 -0.0207366062209059 -0.0390749841737937 0.038195556153969
Maximizing likelihood @ n=128×951=121728
 SD[log(ℓ)] = 0.459249295314225
 Δlog(ℓ) = -0.52701186987364
 Δβ/SD[β] = 0.00273482785692053 0.00670920421866761 0.00775207023362161 -0.0602174146567244 0.0296869628099012 0.0427765813994818
Maximizing likelihood @ n=256×951=243456
 SD[log(ℓ)] = 0.324433028576624
 Δlog(ℓ) = 0.419562106843955
 Δβ/SD[β] = -0.045072246424163 0.0908189894067578 0.0105134407190509 0.0465778088139105 0.025288749973008 -0.000289323422397368
Maximizing likelihood @ n=512×951=486912
 SD[log(ℓ)] = 0.229302967317416
 Δlog(ℓ) = -0.227199825820364
 Δβ/SD[β] = -0.0199526732154617 0.0161900520731428 0.0136532111912304 -0.0125716519113678 0.0264432812342402 -0.0318766709103215
Maximizing likelihood @ n=1024×951=973824
 SD[log(ℓ)] = 0.162862314313952
 Δlog(ℓ) = 0.190359675728658
 Δβ/SD[β] = 0.0110634301297843 -0.00323237176825561 0.00589028673005623 0.00381640665079707 -0.0061614611092558 0.0262665851960749
Maximizing likelihood @ n=2048×951=1947648
 SD[log(ℓ)] = 0.114829090873743
 Δlog(ℓ) = -0.117842394610193
 Δβ/SD[β] = -0.0203394575938897 0.0216877828297638 0.0240172020062936 -0.00328399588791989 0.0182186193119761 -0.0187059233271568
Maximizing likelihood @ n=4096×951=3895296
 SD[log(ℓ)] = 0.0815831045724774
 Δlog(ℓ) = 0.0320941618928039
 Δβ/SD[β] = -0.00629278348563971 0.00701401814885588 0.0128890566186701 0.00435799846928514 -0.02177565458743 0.0248681228764711
Maximizing likelihood @ n=8192×951=7790592
 SD[log(ℓ)] = 0.0576760335053783
 Δlog(ℓ) = 0.0244332394705715
 Δβ/SD[β] = -0.0103183851163341 0.0297630495443843 0.0391521280419871 -0.0285417264878578 -0.0227504052496767 -0.0048767261191896
Maximizing likelihood @ n=16384×951=15581184
 SD[log(ℓ)] = 0.0406201462455507
 Δlog(ℓ) = -0.0296841934010565
 Δβ/SD[β] = -0.00540779399841603 -0.0060037056809894 0.0193572417064334 0.0125516619993487 0.0303621799289179 -0.0108790420939879
Calculating Hessian
Starting buffer 750 
Maximizing likelihood @ n=1×951=951
 SD[log(ℓ)] = 4.37043801932189
 Δlog(ℓ) = Inf
 Δβ/SD[β] = -1.67490558374794 -0.594471229314653 0.459740257777303 -5.74540219476545 -22.479209146928 4.90456529890016
Maximizing likelihood @ n=2×951=1902
 SD[log(ℓ)] = 3.0914380166481
 Δlog(ℓ) = -4.32193617071717
 Δβ/SD[β] = 0.13181311251823 0.0885385935623389 0.0571042528146792 0.20145729779837 0.855318611617114 -0.237312344112389
Maximizing likelihood @ n=4×951=3804
 SD[log(ℓ)] = 2.39481276185416
 Δlog(ℓ) = 2.99075327844006
 Δβ/SD[β] = -0.702393960565608 0.54137591046584 -0.724388961548211 0.18290974502823 0.0368232134056192 0.11733834066798
Maximizing likelihood @ n=8×951=7608
 SD[log(ℓ)] = 1.69805727676268
 Δlog(ℓ) = -1.2126683725784
 Δβ/SD[β] = 0.0119306424440839 0.0567318950156722 0.0847793759985043 0.0282317670921268 0.386350364378659 0.072975753842159
Maximizing likelihood @ n=16×951=15216
 SD[log(ℓ)] = 1.2539411189249
 Δlog(ℓ) = 1.24170480585082
 Δβ/SD[β] = -0.0973233206237897 -0.00747711442802971 -0.263861565715033 0.0329310803004009 -0.25393263908066 -0.00101631609552598
Maximizing likelihood @ n=32×951=30432
 SD[log(ℓ)] = 0.897534339178609
 Δlog(ℓ) = 0.0841329903339059
 Δβ/SD[β] = 0.00760739949882868 0.00704485538378878 0.0408523757362902 -0.0418659875682376 0.0411878793232692 0.108655153277632
Maximizing likelihood @ n=64×951=60864
 SD[log(ℓ)] = 0.6343494013797
 Δlog(ℓ) = -0.0230831324738006
 Δβ/SD[β] = 0.0149057160895928 -0.038897533082621 -0.00413549903392271 0.0194579511685458 0.0171349007374824 0.0427883191976264
Maximizing likelihood @ n=128×951=121728
 SD[log(ℓ)] = 0.447709014976493
 Δlog(ℓ) = -0.0156387940219389
 Δβ/SD[β] = 0.0172273386254899 -0.0196088582104133 0.0138977197971094 0.0125047767990354 0.0199515144477986 -0.0230701419162647
Maximizing likelihood @ n=256×951=243456
 SD[log(ℓ)] = 0.32051555703802
 Δlog(ℓ) = 1.04403530389571
 Δβ/SD[β] = -0.00103710766212134 -0.0821188936074494 0.0381386363827006 0.0515659422028419 -0.0607156707116541 0.109421023490357
Maximizing likelihood @ n=512×951=486912
 SD[log(ℓ)] = 0.228994700643567
 Δlog(ℓ) = 0.0803669416172994
 Δβ/SD[β] = 3.07225358705744e-05 -0.00253294493816967 0.0019020297424809 -0.00237833973246186 -0.0046285224300209 0.0157684118970837
Maximizing likelihood @ n=1024×951=973824
 SD[log(ℓ)] = 0.162359011905654
 Δlog(ℓ) = 0.0115264267409891
 Δβ/SD[β] = -0.0166391727955518 0.00266072562002705 0.0189375524116508 0.0314837177308935 -0.00889692368832198 0.0113611944348607
Maximizing likelihood @ n=2048×951=1947648
 SD[log(ℓ)] = 0.115289510496147
 Δlog(ℓ) = 0.0343723731679582
 Δβ/SD[β] = 0.000870350270592647 -0.0594808534789294 0.0456103237633539 0.0317430150348288 -0.0319610672022043 -4.71990887609283e-05
Maximizing likelihood @ n=4096×951=3895296
 SD[log(ℓ)] = 0.0810739465230407
 Δlog(ℓ) = -0.0930874268193911
 Δβ/SD[β] = 0.00456375054670328 0.0101895507672354 0.00750293213792313 -0.0258640896049526 0.0121922526754914 -0.0209045424713972
Maximizing likelihood @ n=8192×951=7790592
 SD[log(ℓ)] = 0.0576497216430511
 Δlog(ℓ) = -0.0785192647293229
 Δβ/SD[β] = -0.154802404805415 -0.13657628509765 0.182854819074605 0.0257215744089835 0.0600674700549537 0.0444758001436953
Maximizing likelihood @ n=16384×951=15581184
 SD[log(ℓ)] = 0.0405071161350486
 Δlog(ℓ) = -0.0455932830890156
 Δβ/SD[β] = 0.0212800761392854 -0.040667565262674 0.0235764610717639 -0.0625281417084394 -0.0445535987316225 -0.0557733721467689
Calculating Hessian
Maximizing likelihood @ n=1×951=951
 SD[log(ℓ)] = 4.16237249138003
 Δlog(ℓ) = Inf
 Δβ/SD[β] = -0.598924567797391 -0.226791172658484 0.33067707786836 -7.64078828909963 -22.4186987589467 4.65874904664216
Maximizing likelihood @ n=2×951=1902
 SD[log(ℓ)] = 3.23847937884194
 Δlog(ℓ) = 1.61029776699753
 Δβ/SD[β] = 0.102650239510118 -0.612495863626803 -1.1395957335849 0.183416772250497 -0.309322874436067 0.10373664815432
Maximizing likelihood @ n=4×951=3804
 SD[log(ℓ)] = 2.60747450647113
 Δlog(ℓ) = 5.12832483407797
 Δβ/SD[β] = -0.0187812276045811 -0.495588832890507 -0.0262693308345318 0.151112472337206 -0.159222568440942 0.113493609994921
Maximizing likelihood @ n=8×951=7608
 SD[log(ℓ)] = 1.91620158669942
 Δlog(ℓ) = 0.698058429328114
 Δβ/SD[β] = -0.0125889975663387 -0.0510713988109691 0.023089564548903 0.029027117626285 -0.138633481707105 0.0123989039861717
Maximizing likelihood @ n=16×951=15216
 SD[log(ℓ)] = 1.34101073811047
 Δlog(ℓ) = -1.8944391160559
 Δβ/SD[β] = 0.0113239306907157 -0.0187483138370252 0.0309233971661734 0.0116231654239865 0.106901585342951 0.00122365787720576
Maximizing likelihood @ n=32×951=30432
 SD[log(ℓ)] = 0.915711458149163
 Δlog(ℓ) = -1.79409344556471
 Δβ/SD[β] = -0.0480642551211325 0.178185698568707 0.114240102166193 -0.0519949783610119 0.317749664669003 -0.244114037008538
Maximizing likelihood @ n=64×951=60864
 SD[log(ℓ)] = 0.64552330310662
 Δlog(ℓ) = -0.381036963374463
 Δβ/SD[β] = 0.0184735784096688 -0.0270095547685824 0.0122558410202341 -0.0193882810876858 0.012849246878585 -0.0425652343718337
Maximizing likelihood @ n=128×951=121728
 SD[log(ℓ)] = 0.456275582513583
 Δlog(ℓ) = -0.354825629691209
 Δβ/SD[β] = 0.0159883591031092 -0.0217294293501964 0.0213988203923683 -0.0343818790659484 0.0150311959286478 -0.0273662854522536
Maximizing likelihood @ n=256×951=243456
 SD[log(ℓ)] = 0.327224375582105
 Δlog(ℓ) = 0.141091388786336
 Δβ/SD[β] = 0.0202842157335263 -0.0253028337616522 0.00369787120701715 0.05570433079663 -0.0169459240325725 0.0114573334908086
Maximizing likelihood @ n=512×951=486912
 SD[log(ℓ)] = 0.230049631862007
 Δlog(ℓ) = 0.126366222079159
 Δβ/SD[β] = 0.0105644241130524 -0.0266495280653509 0.0139093257816946 0.0108026032158791 0.00161431975871509 -0.0275648496670898
Maximizing likelihood @ n=1024×951=973824
 SD[log(ℓ)] = 0.162689201104838
 Δlog(ℓ) = -0.00606312512156393
 Δβ/SD[β] = 0.00224141945142086 0.00384464071072395 -0.00667976224709292 -0.0136140001146875 -0.0240424778496429 0.0194312930832968
Maximizing likelihood @ n=2048×951=1947648
 SD[log(ℓ)] = 0.11515739206816
 Δlog(ℓ) = -0.0623992709068659
 Δβ/SD[β] = -0.00151226212504705 -0.0088118010184801 -2.96119388523742e-05 -0.0124298181125606 -0.00471750791065975 -0.000874551555355062
Maximizing likelihood @ n=4096×951=3895296
 SD[log(ℓ)] = 0.0813949231988744
 Δlog(ℓ) = -0.052965788423446
 Δβ/SD[β] = -0.00210611084040109 -0.00779883911553368 0.0123462017166781 0.0106531091233048 -0.000542756996448186 -0.013156774053095
Maximizing likelihood @ n=8192×951=7790592
 SD[log(ℓ)] = 0.0573902630588734
 Δlog(ℓ) = -0.0662979479332293
 Δβ/SD[β] = -0.00526266796907294 -0.0105282531255885 0.00306094281790711 -0.000285306530338977 0.0170300298282567 -0.00768893150487867
Maximizing likelihood @ n=16384×951=15581184
 SD[log(ℓ)] = 0.0405258727108332
 Δlog(ℓ) = -0.0986084232653184
 Δβ/SD[β] = -0.00178699297358917 -0.00716579232032273 0.00396780590320523 0.00293940747445919 0.0100598042578465 -0.0078843040073217
Calculating Hessian
Maximizing likelihood @ n=1×951=951
 SD[log(ℓ)] = 3.68994963679292
 Δlog(ℓ) = Inf
 Δβ/SD[β] = 0.0893800457067743 -0.0728664075297589 0.325255099827126 -6.9927568322822 -22.5887660398149 4.14657676197097
Maximizing likelihood @ n=2×951=1902
 SD[log(ℓ)] = 2.92403365530254
 Δlog(ℓ) = 3.37004736919233
 Δβ/SD[β] = -0.279564841714833 0.890748124634521 1.29352936508219 0.240652103249025 0.108020708238598 -0.021449500456282
Maximizing likelihood @ n=4×951=3804
 SD[log(ℓ)] = 2.30866603307896
 Δlog(ℓ) = 2.9163599900904
 Δβ/SD[β] = -0.422681128021742 0.114158366103692 0.949947624051926 0.304914856451475 -0.693021267444962 0.11945051481039
Maximizing likelihood @ n=8×951=7608
 SD[log(ℓ)] = 1.7791394900479
 Δlog(ℓ) = 2.93082373975634
 Δβ/SD[β] = -0.0356548388868679 0.143524602257675 0.232352957112223 0.123191661902308 -0.266051916534172 0.586489439463403
Maximizing likelihood @ n=16×951=15216
 SD[log(ℓ)] = 1.26845240262124
 Δlog(ℓ) = -0.925094395004745
 Δβ/SD[β] = -0.109181024440762 -0.168209750079274 -0.412906725114366 1.83600665385751e-05 -0.127016960420276 0.1703642515581
Maximizing likelihood @ n=32×951=30432
 SD[log(ℓ)] = 0.910932797841649
 Δlog(ℓ) = 0.164730849477248
 Δβ/SD[β] = -0.0125270142105152 -0.0110492279570518 0.0115619608844733 -0.0357665070752728 0.00778657047695707 0.0661411529655243
Maximizing likelihood @ n=64×951=60864
 SD[log(ℓ)] = 0.641516183684442
 Δlog(ℓ) = -0.31387538131133
 Δβ/SD[β] = -0.0144284709043575 -0.031228531665478 -0.105792150605112 -0.0238100284937049 0.0883602898952711 0.083874578576933
Maximizing likelihood @ n=128×951=121728
 SD[log(ℓ)] = 0.456285921033135
 Δlog(ℓ) = 0.553157515731343
 Δβ/SD[β] = 0.019243467620873 0.0156509164006119 -0.00123165771414873 -0.0127432318823072 -0.0508867812032158 0.0446258428748014
Maximizing likelihood @ n=256×951=243456
 SD[log(ℓ)] = 0.323244225517666
 Δlog(ℓ) = 0.0314758243972442
 Δβ/SD[β] = 0.0364748754693573 0.0878471816310908 -0.201882496405931 -0.00803804356673763 -0.127087969694165 0.0143898223661335
Maximizing likelihood @ n=512×951=486912
 SD[log(ℓ)] = 0.229585283230003
 Δlog(ℓ) = 0.0142076062477301
 Δβ/SD[β] = -0.0021514950308621 0.00668588743691368 -0.0408613583764661 0.00187033797404623 0.0337974481281557 -0.0142457044106503
Maximizing likelihood @ n=1024×951=973824
 SD[log(ℓ)] = 0.163097121610505
 Δlog(ℓ) = 0.307833583115226
 Δβ/SD[β] = -0.0188861816054849 0.00576503425409589 -0.00857658969780866 0.0414932357729709 -0.00974101084927273 0.014668268754869
Maximizing likelihood @ n=2048×951=1947648
 SD[log(ℓ)] = 0.11558535176966
 Δlog(ℓ) = 0.0596259274819957
 Δβ/SD[β] = -0.00182374904720442 0.00671831036221795 -0.0249327863223887 -0.0124342021560995 -0.00849749772877422 0.0283418390679323
Maximizing likelihood @ n=4096×951=3895296
 SD[log(ℓ)] = 0.0814547938676252
 Δlog(ℓ) = 0.00540984172372205
 Δβ/SD[β] = -0.0532522598686354 -0.052513211063273 -0.0641100468818589 0.0269801813617564 0.0353841885982228 -0.0138505748311625
Maximizing likelihood @ n=8192×951=7790592
 SD[log(ℓ)] = 0.0578495045248563
 Δlog(ℓ) = 0.0823978758565431
 Δβ/SD[β] = 0.00769779763723135 0.0113435083797759 -0.0063743594039175 0.00552549178673585 -0.0247212639534525 0.0135090010956382
Maximizing likelihood @ n=16384×951=15581184
 SD[log(ℓ)] = 0.0408540806191412
 Δlog(ℓ) = 0.00309747992747589
 Δβ/SD[β] = 0.00585089256834484 0.00284085610535162 -0.00913000622769958 -0.0100328851315323 -0.00653777532694212 0.00899808462446562
Calculating Hessian
Maximizing likelihood @ n=1×951=951
 SD[log(ℓ)] = 3.67882290546647
 Δlog(ℓ) = Inf
 Δβ/SD[β] = 0.177675049655337 0.269818759783884 0.936148134667091 -8.76735805809994 -22.8253713566209 3.29030207471639
Maximizing likelihood @ n=2×951=1902
 SD[log(ℓ)] = 3.07582516002739
 Δlog(ℓ) = 4.54552344671442
 Δβ/SD[β] = -0.0286345230968205 0.108403720300661 -0.0979295681098496 0.661231863492051 -0.526158165540721 0.243039603050949
Maximizing likelihood @ n=4×951=3804
 SD[log(ℓ)] = 2.32901043084829
 Δlog(ℓ) = 1.05359039994481
 Δβ/SD[β] = 0.0508715106324999 0.0424806142811638 -0.201017292680763 0.103941681115179 -0.438679801188009 0.348459858981001
Maximizing likelihood @ n=8×951=7608
 SD[log(ℓ)] = 1.75031795447079
 Δlog(ℓ) = 2.18036740748211
 Δβ/SD[β] = -0.0313940076498471 -0.144156561135545 0.108844600414044 0.289894084469081 -0.204432259735596 0.12813293483872
Maximizing likelihood @ n=16×951=15216
 SD[log(ℓ)] = 1.24226162674754
 Δlog(ℓ) = -0.170421955634286
 Δβ/SD[β] = -0.0609274251889731 -0.0923755277365385 -0.0309497678010113 0.00627179697472574 0.146625980572111 0.0500568782098624
Maximizing likelihood @ n=32×951=30432
 SD[log(ℓ)] = 0.903786279961245
 Δlog(ℓ) = 0.823561189933415
 Δβ/SD[β] = 0.00850060680052772 -0.0268234276697854 0.0764282107554141 0.0675146920361725 -0.159799855934873 0.123593701982497
Maximizing likelihood @ n=64×951=60864
 SD[log(ℓ)] = 0.648311681928997
 Δlog(ℓ) = 1.05708476092138
 Δβ/SD[β] = -0.0840393070640542 -0.137108960266355 0.111378497346824 0.0846691236130002 -0.0861237327629756 -0.0147771536536026
Maximizing likelihood @ n=128×951=121728
 SD[log(ℓ)] = 0.458754088644715
 Δlog(ℓ) = -0.757424151617787
 Δβ/SD[β] = 0.0393981584271513 0.00414344208142533 -0.0293608911963434 -0.000587197085372043 0.052885356626445 0.0688840946234745
Maximizing likelihood @ n=256×951=243456
 SD[log(ℓ)] = 0.325735552251506
 Δlog(ℓ) = 0.223281055888641
 Δβ/SD[β] = -0.0199159836748036 -0.0409806511162758 0.0128647124139019 0.0448579968267077 0.0244573731545108 0.0352454558179697
Maximizing likelihood @ n=512×951=486912
 SD[log(ℓ)] = 0.229377189438125
 Δlog(ℓ) = -0.181691222216614
 Δβ/SD[β] = -0.00138243572813708 -0.0208328782045023 0.00982586959129377 -0.0135348952037644 -0.00504521424110459 -0.0340224920622852
Maximizing likelihood @ n=1024×951=973824
 SD[log(ℓ)] = 0.163032479897525
 Δlog(ℓ) = 0.140071224828823
 Δβ/SD[β] = 0.0249012489751542 -0.0166679592579016 -0.000561328754413336 -0.00253795606151429 -0.0166994463513202 0.0361267203321588
Maximizing likelihood @ n=2048×951=1947648
 SD[log(ℓ)] = 0.115181743568214
 Δlog(ℓ) = -0.0259027014483593
 Δβ/SD[β] = 0.000223474239147961 -0.0130409463344484 -0.00825877566025534 0.0184312645013856 0.0197770685195251 -0.0213715671377066
Maximizing likelihood @ n=4096×951=3895296
 SD[log(ℓ)] = 0.0814439230391517
 Δlog(ℓ) = 0.0520189042655339
 Δβ/SD[β] = 0.0177424628886471 -0.0205632115706474 0.0035150874662805 -0.01720050067452 0.0124315138935465 0.0180129566527247
Maximizing likelihood @ n=8192×951=7790592
 SD[log(ℓ)] = 0.0576439735470017
 Δlog(ℓ) = 0.0890044909404466
 Δβ/SD[β] = 0.00368389611057467 -0.0397230601533577 0.0127513927378242 0.0348116352368197 0.018624817304875 0.00750567057857354
Maximizing likelihood @ n=16384×951=15581184
 SD[log(ℓ)] = 0.0409208870802932
 Δlog(ℓ) = 0.305420289909133
 Δβ/SD[β] = -2.85232905394068 -2.09412874950434 -0.00250448797788094 -0.365241394120599 0.218032275810044 -0.0868948731121864
Calculating Hessian
Starting buffer 1500 
Maximizing likelihood @ n=1×951=951
 SD[log(ℓ)] = 4.08379387049982
 Δlog(ℓ) = Inf
 Δβ/SD[β] = 0.892406314076925 -0.414145496556222 0.325608377776255 -5.86784976059405 -21.5658824869007 3.70153726346378
Maximizing likelihood @ n=2×951=1902
 SD[log(ℓ)] = 3.12032687831064
 Δlog(ℓ) = 0.603741533525358
 Δβ/SD[β] = 0.0296923349135173 -0.0957858942564188 0.0989432172787713 0.262757614547182 0.0781763369644029 0.408983786084556
Maximizing likelihood @ n=4×951=3804
 SD[log(ℓ)] = 2.30542206401287
 Δlog(ℓ) = -0.0127129513788553
 Δβ/SD[β] = -0.123576370585319 0.427265156309245 0.415377646176173 0.0203009443765072 -0.434008265301083 0.0468824161061416
Maximizing likelihood @ n=8×951=7608
 SD[log(ℓ)] = 1.72027131649024
 Δlog(ℓ) = 1.23192526991552
 Δβ/SD[β] = 0.0544787550369753 0.0635835339394069 0.0353079768743655 0.119097858371235 -0.0443864559095142 0.293377120642459
Maximizing likelihood @ n=16×951=15216
 SD[log(ℓ)] = 1.30322808439554
 Δlog(ℓ) = 2.73097720606796
 Δβ/SD[β] = -0.0913105572257615 -0.066471186285618 0.139533903590646 0.178319133813954 -0.173724578562088 0.284375967769207
Maximizing likelihood @ n=32×951=30432
 SD[log(ℓ)] = 0.927616298980352
 Δlog(ℓ) = 0.356702174432545
 Δβ/SD[β] = 0.0271374670586638 -0.0150380794108131 -0.0174985241827298 0.0334461121793776 -0.102735975538162 -0.0770894908412107
Maximizing likelihood @ n=64×951=60864
 SD[log(ℓ)] = 0.653243566225146
 Δlog(ℓ) = -0.894454644158358
 Δβ/SD[β] = 0.0172333601942441 -0.00511442371865592 0.0220264512893339 0.0323658375068551 0.0097667697372442 -0.0763282449934777
Maximizing likelihood @ n=128×951=121728
 SD[log(ℓ)] = 0.462456607565299
 Δlog(ℓ) = 0.114822176263704
 Δβ/SD[β] = -0.00380363028709096 0.0147778775726938 0.0823486309396035 0.0178992731660506 0.153877409173783 0.026368596711803
Maximizing likelihood @ n=256×951=243456
 SD[log(ℓ)] = 0.326620512567487
 Δlog(ℓ) = 0.263601553562854
 Δβ/SD[β] = -0.0057101443123375 -0.00859845707355954 0.0203815066780841 0.00331541316854671 0.00457108452474368 -0.0236388959278951
Maximizing likelihood @ n=512×951=486912
 SD[log(ℓ)] = 0.22993351077188
 Δlog(ℓ) = -0.0588370579766746
 Δβ/SD[β] = 0.0903734412652618 -0.0129260858036958 0.119827555557258 0.0123785893404301 0.0512442139644322 -0.0355583852029921
Maximizing likelihood @ n=1024×951=973824
 SD[log(ℓ)] = 0.163206383781761
 Δlog(ℓ) = -0.218613237448039
 Δβ/SD[β] = 0.015541175986549 0.00738367267517112 0.0187844773522327 -0.0376570418957216 -0.0139320643321942 0.0319054573929174
Maximizing likelihood @ n=2048×951=1947648
 SD[log(ℓ)] = 0.114779459577927
 Δlog(ℓ) = -0.0226638024692072
 Δβ/SD[β] = -0.0741570497945367 0.0141187660090142 0.108603987159226 0.0245033764775376 0.0933243475146596 0.0219876186792634
Maximizing likelihood @ n=4096×951=3895296
 SD[log(ℓ)] = 0.0809906773557582
 Δlog(ℓ) = -0.0457078746590334
 Δβ/SD[β] = -0.0185896735924979 0.0122361870611213 0.0206245911455479 -0.0376337286808466 -0.044784688453651 -0.0342818509664669
Maximizing likelihood @ n=8192×951=7790592
 SD[log(ℓ)] = 0.0577433268006411
 Δlog(ℓ) = 0.0171838955378938
 Δβ/SD[β] = 0.0157777839584413 -0.023206176387623 0.0121138913791192 0.0268986042098236 -0.0264992834354215 0.0180219965705865
Maximizing likelihood @ n=16384×951=15581184
 SD[log(ℓ)] = 0.0406331215631038
 Δlog(ℓ) = -0.0700555119564434
 Δβ/SD[β] = -0.00555386018825393 -0.00468864943531953 0.0181387977909267 -0.00633298174765199 0.00617988639895988 -0.0223365876945712
Calculating Hessian
Maximizing likelihood @ n=1×951=951
 SD[log(ℓ)] = 3.60886264311262
 Δlog(ℓ) = Inf
 Δβ/SD[β] = 0.515677134500082 -0.149229081526154 0.314878144141933 -5.49575829932084 -24.526364926829 3.85389850463286
Maximizing likelihood @ n=2×951=1902
 SD[log(ℓ)] = 2.6650565080463
 Δlog(ℓ) = -1.00694296057124
 Δβ/SD[β] = -0.0111484313132026 -0.0345916578423566 -0.0204247713631035 0.176354261525853 0.0944182540817162 0.175905406197748
Maximizing likelihood @ n=4×951=3804
 SD[log(ℓ)] = 2.19414340643872
 Δlog(ℓ) = 5.04668311923806
 Δβ/SD[β] = -0.0551629543870957 -0.00941799803396382 0.0368219482854411 0.427806294214552 -0.408312629805004 0.562699814780833
Maximizing likelihood @ n=8×951=7608
 SD[log(ℓ)] = 1.75376830563254
 Δlog(ℓ) = 5.5379582199076
 Δβ/SD[β] = 0.00150959823936115 -0.19859521092174 0.374709741294222 0.151218443223205 -0.221407274288712 0.147779363257115
Maximizing likelihood @ n=16×951=15216
 SD[log(ℓ)] = 1.24762755171102
 Δlog(ℓ) = -0.552573378102185
 Δβ/SD[β] = -0.0271385734201887 0.0885427078954197 0.0851601124400463 0.0248897034669865 -0.182793283645821 -0.150991149167958
Maximizing likelihood @ n=32×951=30432
 SD[log(ℓ)] = 0.890052215933398
 Δlog(ℓ) = -0.540554527604915
 Δβ/SD[β] = -0.0541024054904242 -0.00575290612362674 0.0122705829212758 0.0846285178909973 0.266662883844889 0.00159709844993671
Maximizing likelihood @ n=64×951=60864
 SD[log(ℓ)] = 0.635758586724993
 Δlog(ℓ) = 0.379282377956201
 Δβ/SD[β] = -0.00679052241772335 -0.0134396419021321 0.00355948778395724 -0.0310007278697214 -0.0122596189910413 0.0453453489173284
Maximizing likelihood @ n=128×951=121728
 SD[log(ℓ)] = 0.448415239006338
 Δlog(ℓ) = -0.0229814382440097
 Δβ/SD[β] = -0.0130175871688215 0.0769664133362121 0.107249347410423 0.00598385435444659 -0.105625097972134 -0.0609472867284895
Maximizing likelihood @ n=256×951=243456
 SD[log(ℓ)] = 0.320790048254441
 Δlog(ℓ) = 0.494089379823944
 Δβ/SD[β] = -0.00259489888597142 0.00760975070258635 0.00495729057831591 -0.00527028130287669 -0.0110102168368535 0.0694367961637291
Maximizing likelihood @ n=512×951=486912
 SD[log(ℓ)] = 0.229161455015427
 Δlog(ℓ) = 0.347846189202397
 Δβ/SD[β] = 0.0130525784594497 -0.00972149757387674 0.00649418128116292 0.0523877513979381 0.0070998492208783 0.0177077469541945
Maximizing likelihood @ n=1024×951=973824
 SD[log(ℓ)] = 0.161148171480302
 Δlog(ℓ) = -0.0366665551105676
 Δβ/SD[β] = -0.00112630467792158 -0.00996153625629104 0.062173965805359 -0.0365910348675691 0.000724492098045631 -0.0353217345556418
Maximizing likelihood @ n=2048×951=1947648
 SD[log(ℓ)] = 0.114823242938037
 Δlog(ℓ) = 0.0238641956880308
 Δβ/SD[β] = 0.0148449016354588 -0.0288423289804234 0.046462323048145 0.0134511227638476 0.00450774465441198 0.0521992651484052
Maximizing likelihood @ n=4096×951=3895296
 SD[log(ℓ)] = 0.0810944456261938
 Δlog(ℓ) = -0.0320647639514675
 Δβ/SD[β] = 0.000679452598733278 -0.0120147511764334 0.00879705469033982 0.0162085550346197 0.0053252023326816 -0.0232584697513223
Maximizing likelihood @ n=8192×951=7790592
 SD[log(ℓ)] = 0.0576181225714734
 Δlog(ℓ) = 0.0679367109728375
 Δβ/SD[β] = -0.00966942605399067 -0.00737602577285825 0.0368636703671296 -0.00527784554257697 0.00139573544848011 0.0347542881657639
Maximizing likelihood @ n=16384×951=15581184
 SD[log(ℓ)] = 0.0407599893461775
 Δlog(ℓ) = 0.0197687688744885
 Δβ/SD[β] = -0.0906363177947718 -0.0857508995300701 0.0688667039785339 0.00396850837350098 -0.0236878060308496 -0.0422885521296189
Calculating Hessian
Maximizing likelihood @ n=1×951=951
 SD[log(ℓ)] = 3.62337377097589
 Δlog(ℓ) = Inf
 Δβ/SD[β] = -1.1511231578854 -0.0124355869199941 0.396280758795587 -8.30571960887233 -21.8521415867184 3.94391483495665
Maximizing likelihood @ n=2×951=1902
 SD[log(ℓ)] = 2.87618151610627
 Δlog(ℓ) = 2.32898417074998
 Δβ/SD[β] = 0.166633354011222 -0.131338640744664 0.301111719918304 0.248091366096732 -0.0134810660565284 0.17800536499194
Maximizing likelihood @ n=4×951=3804
 SD[log(ℓ)] = 2.32714082560666
 Δlog(ℓ) = 4.0487369009916
 Δβ/SD[β] = 0.737558049702076 0.0635659158983038 0.223452717091682 0.400350495274786 -0.544341750407885 0.227542335368699
Maximizing likelihood @ n=8×951=7608
 SD[log(ℓ)] = 1.71606473027401
 Δlog(ℓ) = 1.45140505218782
 Δβ/SD[β] = 0.0515905367906086 -0.0778438865624523 0.0664357591931612 0.19692504421266 -0.0167924773054748 0.0289969367349507
Maximizing likelihood @ n=16×951=15216
 SD[log(ℓ)] = 1.26124872149637
 Δlog(ℓ) = 1.44487919491646
 Δβ/SD[β] = 0.0630700325087767 -0.00830717257248538 -0.0123596222138063 0.0565745397360391 0.0122074231266314 0.304367523572938
Maximizing likelihood @ n=32×951=30432
 SD[log(ℓ)] = 0.91606065419847
 Δlog(ℓ) = 0.377425230072994
 Δβ/SD[β] = 0.00424795086699169 0.0256634073501898 -0.0233679115694596 -0.0080814023240015 -0.0714528869561818 0.126250393119333
Maximizing likelihood @ n=64×951=60864
 SD[log(ℓ)] = 0.648769340039932
 Δlog(ℓ) = -0.499248283906169
 Δβ/SD[β] = -0.0414113084054709 -0.00115721371377999 0.0113249520342654 -0.0141985238714112 0.133493706403619 0.04851080259096
Maximizing likelihood @ n=128×951=121728
 SD[log(ℓ)] = 0.458728448401787
 Δlog(ℓ) = 0.318337329087427
 Δβ/SD[β] = -0.00159894084023336 -0.000815384892108736 -0.00553039884406697 -0.0115346025417628 -0.00440192734738554 0.0173974671564601
Maximizing likelihood @ n=256×951=243456
 SD[log(ℓ)] = 0.324483619943932
 Δlog(ℓ) = -0.228766100223961
 Δβ/SD[β] = -0.00725232799092491 -0.00397483200684617 0.00113582628603586 -0.00956076615794747 0.0212561108422795 -0.0148860837345724
Maximizing likelihood @ n=512×951=486912
 SD[log(ℓ)] = 0.230371666783291
 Δlog(ℓ) = 0.221588663662438
 Δβ/SD[β] = -0.005568627467528 -0.0125430848319402 0.006217717278577 0.0335510265080612 0.0184914372567565 -0.00739650990363548
Maximizing likelihood @ n=1024×951=973824
 SD[log(ℓ)] = 0.162563059335156
 Δlog(ℓ) = 0.00379390618098441
 Δβ/SD[β] = -0.00838233276277071 0.0109035344098016 0.00925579394480316 0.0146936125679511 0.0338350343063893 -0.0237299461594708
Maximizing likelihood @ n=2048×951=1947648
 SD[log(ℓ)] = 0.114486783490992
 Δlog(ℓ) = 0.00724322401372746
 Δβ/SD[β] = -0.0439493205279872 -0.0824674982652116 0.299399498610898 -0.00439823339828121 0.0116160011526494 -0.0346749363335871
Maximizing likelihood @ n=4096×951=3895296
 SD[log(ℓ)] = 0.081287122445071
 Δlog(ℓ) = 0.0721029309018846
 Δβ/SD[β] = 0.0305653704045639 0.00285810676668449 0.0057929884716726 -0.0187933922506023 -0.0225007875979719 0.0436119407604928
Maximizing likelihood @ n=8192×951=7790592
 SD[log(ℓ)] = 0.0576045479963504
 Δlog(ℓ) = -0.0666861042915308
 Δβ/SD[β] = 0.000832233793820479 -0.00403506258369369 0.00669849825571005 0.0172603120901969 -0.00461558507513927 0.00986358444371941
Maximizing likelihood @ n=16384×951=15581184
 SD[log(ℓ)] = 0.0406229890674862
 Δlog(ℓ) = 0.00141538535356744
 Δβ/SD[β] = 0.000411035483416168 -0.0178177682159443 0.0778788380821912 -0.0137132090599235 0.00134867736688498 -0.00936709004370552
Calculating Hessian
Maximizing likelihood @ n=1×951=951
 SD[log(ℓ)] = 4.16332014348515
 Δlog(ℓ) = Inf
 Δβ/SD[β] = 2.20869685293043 0.726087368127606 0.623171495029571 -6.06491074603705 -22.809598369431 4.59857835814273
Maximizing likelihood @ n=2×951=1902
 SD[log(ℓ)] = 3.08726652226684
 Δlog(ℓ) = -0.581617133337559
 Δβ/SD[β] = 0.00684226905274105 0.373554816101659 -1.08324160885933 0.135043576097748 -0.123942183201023 0.0690791051155233
Maximizing likelihood @ n=4×951=3804
 SD[log(ℓ)] = 2.38232755085577
 Δlog(ℓ) = 1.64782742163111
 Δβ/SD[β] = -0.069149006214488 -0.0546370902036507 -0.0331945012970266 0.359711844071382 0.322480130451302 0.357074172332594
Maximizing likelihood @ n=8×951=7608
 SD[log(ℓ)] = 1.72505709036727
 Δlog(ℓ) = -0.566741616823197
 Δβ/SD[β] = -0.133073240470611 0.0435765007169831 0.00184007790868663 0.26436184299759 -0.0568461457477606 -0.0301880875956765
Maximizing likelihood @ n=16×951=15216
 SD[log(ℓ)] = 1.27162705326854
 Δlog(ℓ) = 0.439902999539129
 Δβ/SD[β] = -0.123496218959483 0.0984812740491534 -0.0291402201673787 0.0948584912640575 0.39459420093096 0.0644034062757012
Maximizing likelihood @ n=32×951=30432
 SD[log(ℓ)] = 0.904875128566044
 Δlog(ℓ) = 0.0252530375606526
 Δβ/SD[β] = 0.020085255659996 -0.0869763544889816 0.0300535314437574 0.0237345629000874 -0.324358575235407 0.0215164978991172
Maximizing likelihood @ n=64×951=60864
 SD[log(ℓ)] = 0.651832976660899
 Δlog(ℓ) = 0.797843728784848
 Δβ/SD[β] = -0.0501628444391241 -0.0860842550930015 -0.0270726775499642 0.0940856807804392 -0.177401965097006 -0.0421419608982865
Maximizing likelihood @ n=128×951=121728
 SD[log(ℓ)] = 0.459524102015229
 Δlog(ℓ) = 0.0800895626207208
 Δβ/SD[β] = -0.069939415776905 -0.00848735846263184 -0.0444667038140493 0.04525112553519 -0.0912456228951262 0.00101752961235147
Maximizing likelihood @ n=256×951=243456
 SD[log(ℓ)] = 0.325204357232841
 Δlog(ℓ) = -0.0371237483320215
 Δβ/SD[β] = -0.0696994662494281 -0.0132797737884847 -0.0294123728008448 -0.0680225540223326 -0.0579120895974494 -0.0283143297604686
Maximizing likelihood @ n=512×951=486912
 SD[log(ℓ)] = 0.229214854420064
 Δlog(ℓ) = 0.563677227827721
 Δβ/SD[β] = -0.0196984662992937 0.0387680141469283 -0.0012579634753241 0.080091084185255 0.0116786313789669 0.0329986740262243
Maximizing likelihood @ n=1024×951=973824
 SD[log(ℓ)] = 0.162798270767482
 Δlog(ℓ) = 0.236335087099786
 Δβ/SD[β] = -0.0072235911598029 0.0129562542397888 0.0211707270922576 -0.0163183657320644 -0.0258013483370065 0.0466899375073673
Maximizing likelihood @ n=2048×951=1947648
 SD[log(ℓ)] = 0.115408703136251
 Δlog(ℓ) = 0.104717689596949
 Δβ/SD[β] = 0.00285069395484333 0.00327046015269573 -0.000286498367185246 0.0177586483545477 -0.0242661214342847 0.00544241757004745
Maximizing likelihood @ n=4096×951=3895296
 SD[log(ℓ)] = 0.0816806416499034
 Δlog(ℓ) = 0.0757466351162499
 Δβ/SD[β] = 0.000226788437199561 0.00180112372223203 0.00582129009533414 -0.00636659566610128 -0.00698537596801171 0.011776792091862
Maximizing likelihood @ n=8192×951=7790592
 SD[log(ℓ)] = 0.0577100385852968
 Δlog(ℓ) = 0.00550077143887506
 Δβ/SD[β] = -0.00958237696240246 0.00894122598333297 -0.00338905092979753 0.0120797190154754 0.00884329792715041 -0.00302239693433769
Maximizing likelihood @ n=16384×951=15581184
 SD[log(ℓ)] = 0.0407811572577721
 Δlog(ℓ) = 0.0937192445913695
 Δβ/SD[β] = 0.000797380348604445 0.00540393318995899 0.00118305192999234 -0.0118704282264583 -0.00740105738415502 0.011418922611703
Calculating Hessian
There were 12 warnings (use warnings() to see them)
Script complete
Thu Nov 14 19:02:24 MST 2024
