Fri Nov 15 22:33:41 MST 2024
Initiating script
── Attaching core tidyverse packages ──────────────────────── tidyverse 2.0.0 ──
✔ dplyr     1.1.4     ✔ readr     2.1.5
✔ forcats   1.0.0     ✔ stringr   1.5.1
✔ ggplot2   3.5.1     ✔ tibble    3.2.1
✔ lubridate 1.9.3     ✔ tidyr     1.3.1
✔ purrr     1.0.2     
── Conflicts ────────────────────────────────────────── tidyverse_conflicts() ──
✖ ggplot2::annotate() masks ctmm::annotate()
✖ dplyr::filter()     masks stats::filter()
✖ dplyr::lag()        masks stats::lag()
ℹ Use the conflicted package (<http://conflicted.r-lib.org/>) to force all conflicts to become errors
Linking to GEOS 3.9.5, GDAL 3.8.5, PROJ 9.4.0; sf_use_s2() is TRUE
Loading required package: sp

Attaching package: ‘raster’

The following object is masked from ‘package:dplyr’:

    select

The following objects are masked from ‘package:ctmm’:

    projection, projection<-

terra 1.7.78

Attaching package: ‘terra’

The following object is masked from ‘package:tidyr’:

    extract

The following objects are masked from ‘package:ctmm’:

    distance, meta

[1] "/home/u15/mmercer3/proj/habitat_analysis_class/Final/Model_Fit_Results/Luna_rr.Rda"
     [,1]                                
[1,] "Data loaded at 2024-11-15 22:33:51"
Reading layer `major' from data source 
  `/home/u15/mmercer3/proj/habitat_analysis_class/Final/Major_Roads' 
  using driver `ESRI Shapefile'
Simple feature collection with 411 features and 7 fields
Geometry type: LINESTRING
Dimension:     XY
Bounding box:  xmin: 477946 ymin: 3545735 xmax: 511807.9 ymax: 3592212
Projected CRS: WGS 84 / UTM zone 12N
     [,1]                                 
[1,] "Roads loaded at 2024-11-15 22:33:51"
Default grid size of 47.9866666666667 minutes chosen for bandwidth(...,fast=TRUE).
|---------|---------|---------|---------|=========================================                                          [1] 1681968
[1] 1681968
Starting buffer 30 
Maximizing likelihood @ n=1×2435=2435
 SD[log(ℓ)] = 7.38607501936693
 Δlog(ℓ) = Inf
 Δβ/SD[β] = -2.8320809846511 0.0143313783649334 0.0408986562531879 -1.18305255922745 -0.690038958473069 0.0300073539605566
Maximizing likelihood @ n=2×2435=4870
 SD[log(ℓ)] = 7.03998399108457
 Δlog(ℓ) = 29.4480888403617
 Δβ/SD[β] = -2.44396771332732 1.54741081531532 0.489644084426467 -1.48406679440639 1.83060517854875 1.62340865655536
Maximizing likelihood @ n=4×2435=9740
 SD[log(ℓ)] = 5.31944828650577
 Δlog(ℓ) = 1.82159318532581
 Δβ/SD[β] = -0.545877148807218 0.370133108101664 0.953799333205013 -0.425349038360459 0.698674706431087 -0.306621746207485
Maximizing likelihood @ n=8×2435=19480
 SD[log(ℓ)] = 3.99511316950946
 Δlog(ℓ) = 6.00205302791926
 Δβ/SD[β] = -0.107968131888253 0.0183829996185628 0.170629964371766 -0.122429085636198 0.844764329154557 -0.0284737929364346
Maximizing likelihood @ n=16×2435=38960
 SD[log(ℓ)] = 2.91117302815856
 Δlog(ℓ) = 2.20589018325177
 Δβ/SD[β] = -0.133004273852202 -0.112728141536089 0.120425275981148 0.00536584064598037 0.23003132521781 -0.0148651688880652
Maximizing likelihood @ n=32×2435=77920
 SD[log(ℓ)] = 2.08220589033351
 Δlog(ℓ) = 0.058935542978503
 Δβ/SD[β] = 0.018098425002035 0.0924401696517337 0.153932846653169 -0.220463879665916 0.0872846083019846 0.134555600596504
Maximizing likelihood @ n=64×2435=155840
 SD[log(ℓ)] = 1.48161046893327
 Δlog(ℓ) = 0.560155586960562
 Δβ/SD[β] = -0.0383099353052615 -0.015088222589171 0.0504250532283529 -0.0707781928549018 0.00975380002376906 0.116278012931197
Maximizing likelihood @ n=128×2435=311680
 SD[log(ℓ)] = 1.06632305661471
 Δlog(ℓ) = 2.27396443131263
 Δβ/SD[β] = -0.197759224307725 0.0187296427849935 0.0583004176036212 -0.165261342797377 0.0587439888790574 0.260764258168393
Maximizing likelihood @ n=256×2435=623360
 SD[log(ℓ)] = 0.760097705213787
 Δlog(ℓ) = 0.309368568704684
 Δβ/SD[β] = -0.0984466641049321 -0.000754504749699489 0.0403707722351388 -0.0428009290554723 -0.0275832626738556 0.00327604567941087
Maximizing likelihood @ n=512×2435=1246720
 SD[log(ℓ)] = 0.538463695249648
 Δlog(ℓ) = 0.43948500087653
 Δβ/SD[β] = -0.054856186965032 -0.00933140602041849 -0.0224356226280007 -0.0420919039040167 -0.0476883295599371 -0.0161307525120484
Maximizing likelihood @ n=1024×2435=2493440
 SD[log(ℓ)] = 0.380489882518262
 Δlog(ℓ) = 0.0378440265092905
 Δβ/SD[β] = 0.005887772986485 -0.0214633642045927 0.019141862663908 0.0539854374524228 0.0371179273418512 0.00341973418701121
Maximizing likelihood @ n=2048×2435=4986880
 SD[log(ℓ)] = 0.268642577266497
 Δlog(ℓ) = -0.217282243953434
 Δβ/SD[β] = 0.00488542172102709 -0.00730257733135041 -0.000869274537821203 0.0122871143306708 -0.012854690098937 0.01258407628251
Maximizing likelihood @ n=4096×2435=9973760
 SD[log(ℓ)] = 0.190119111856638
 Δlog(ℓ) = -0.132982832109249
 Δβ/SD[β] = 0.00695121679319681 0.00142447352141778 -0.00761190544862056 -0.0142151505097716 -0.0123875548735457 0.0123223376605513
Maximizing likelihood @ n=8192×2435=19947520
 SD[log(ℓ)] = 0.134504298207385
 Δlog(ℓ) = 0.128839388690025
 Δβ/SD[β] = 0.0014539813639651 0.00666039265676317 -0.0165189332615528 -0.00879220944155485 0.0162604807596685 0.0147937258044994
Calculating Hessian
Maximizing likelihood @ n=1×2435=2435
 SD[log(ℓ)] = 7.27814998644423
 Δlog(ℓ) = Inf
 Δβ/SD[β] = 0.599634022995918 0.0010035486415118 0.0266516513856037 -1.14293867175901 -0.594869811875754 0.028193933563404
Maximizing likelihood @ n=2×2435=4870
 SD[log(ℓ)] = 6.21424884195167
 Δlog(ℓ) = 15.2270243609581
 Δβ/SD[β] = 0.661405758604236 -0.775928197187303 0.699175561040799 -1.65066929141938 0.888809972338527 0.740828303019518
Maximizing likelihood @ n=4×2435=9740
 SD[log(ℓ)] = 4.83286270321219
 Δlog(ℓ) = 7.39436071835718
 Δβ/SD[β] = 0.597508754700365 -0.047045181672385 0.141687638330153 -0.419949121869341 0.275436917896297 -0.382403817058547
Maximizing likelihood @ n=8×2435=19480
 SD[log(ℓ)] = 3.68697026157912
 Δlog(ℓ) = 9.16875966242637
 Δβ/SD[β] = 0.729670836589184 -0.0202547751629814 0.434971341066064 -0.111416181318482 0.0356202842425634 -0.342245724802825
Maximizing likelihood @ n=16×2435=38960
 SD[log(ℓ)] = 2.68950856213668
 Δlog(ℓ) = 1.36330171173876
 Δβ/SD[β] = 0.0684838826141458 0.0315821917328751 -0.00390230669975001 0.0707170812997265 0.362209297181644 0.0848826128633213
Maximizing likelihood @ n=32×2435=77920
 SD[log(ℓ)] = 1.91714089485521
 Δlog(ℓ) = 0.537343082375472
 Δβ/SD[β] = 0.0103373845713344 -0.0516651427988804 0.112614011960735 0.0157938259780946 0.0203339146946728 0.0889827094463395
Maximizing likelihood @ n=64×2435=155840
 SD[log(ℓ)] = 1.3586939080811
 Δlog(ℓ) = -1.54075737100129
 Δβ/SD[β] = 0.100627972010273 -0.00785026567854754 -0.0280929935963354 0.0185972766939323 -0.000819552096951466 0.826556098515972
Maximizing likelihood @ n=128×2435=311680
 SD[log(ℓ)] = 0.970741566958618
 Δlog(ℓ) = 0.762950747027602
 Δβ/SD[β] = 0.0670125442452572 0.0048975308988479 -0.0382499888399773 -0.00476776705021671 0.0484554829690017 0.0572666661410896
Maximizing likelihood @ n=256×2435=623360
 SD[log(ℓ)] = 0.681785264658556
 Δlog(ℓ) = 0.0025678361013064
 Δβ/SD[β] = -0.00302663955764114 -0.0187299079340016 -0.0107140320031034 -0.014293377342786 -0.0583742102358358 0.0231437490208737
Maximizing likelihood @ n=512×2435=1246720
 SD[log(ℓ)] = 0.484787365948509
 Δlog(ℓ) = 0.104006021006214
 Δβ/SD[β] = -0.0181478335019694 -0.0154910820718499 -0.0317396356142613 -0.0521899474725267 0.0186380375912339 0.0149821102719433
Maximizing likelihood @ n=1024×2435=2493440
 SD[log(ℓ)] = 0.342886363556953
 Δlog(ℓ) = 0.633566892067805
 Δβ/SD[β] = 0.0217136009243108 0.0534323726647732 -0.0515867889269932 0.0426470224214977 0.0624804371678357 0.0435039774053855
Maximizing likelihood @ n=2048×2435=4986880
 SD[log(ℓ)] = 0.243584486790455
 Δlog(ℓ) = 0.182456504188821
 Δβ/SD[β] = 0.0102796334804924 0.00825579442219034 -0.0246876647536208 -0.0530273433047064 -0.0420470679213406 0.025956905075296
Maximizing likelihood @ n=4096×2435=9973760
 SD[log(ℓ)] = 0.17212658494736
 Δlog(ℓ) = 0.165932975570371
 Δβ/SD[β] = 0.0343471155076047 -0.0112784177130232 -0.080293118108029 -0.021729018063373 -0.0407482314927047 0.0822361929262111
Maximizing likelihood @ n=8192×2435=19947520
 SD[log(ℓ)] = 0.121672589536573
 Δlog(ℓ) = -0.0561145713386964
 Δβ/SD[β] = 0.00401815226920387 0.0133155093285819 -0.0254528051259992 0.0345699987716909 0.0510137087596891 0.017804265432925
Calculating Hessian
Maximizing likelihood @ n=1×2435=2435
 SD[log(ℓ)] = 7.572659579846
 Δlog(ℓ) = Inf
 Δβ/SD[β] = 4.66007373043162 -0.00437049034120408 0.041045040569859 -1.14966868532433 -0.634222138236303 0.0232626828446378
Maximizing likelihood @ n=2×2435=4870
 SD[log(ℓ)] = 6.6614484309633
 Δlog(ℓ) = 13.6401074173446
 Δβ/SD[β] = 0.421416568207799 0.133454850749078 0.542616842959673 0.0386599938799839 0.202297370739117 0.930053287252336
Maximizing likelihood @ n=4×2435=9740
 SD[log(ℓ)] = 5.36898775969842
 Δlog(ℓ) = 15.9176938268992
 Δβ/SD[β] = 0.297881075891193 9.09314231652439 -0.109782500736805 -0.30946570455731 0.0357341169658028 0.392638042824851
Maximizing likelihood @ n=8×2435=19480
 SD[log(ℓ)] = 4.07962646793873
 Δlog(ℓ) = 7.1887937149727
 Δβ/SD[β] = 0.0144569189079396 0.135002846531984 0.227244556281696 -0.556037006721365 0.920661583607795 -0.159330070133779
Maximizing likelihood @ n=16×2435=38960
 SD[log(ℓ)] = 2.98212812869712
 Δlog(ℓ) = 0.552785983818168
 Δβ/SD[β] = 0.192521871263788 -0.145175722223752 0.126320804639282 -0.649351326803739 0.122775473695328 0.370656780146591
Maximizing likelihood @ n=32×2435=77920
 SD[log(ℓ)] = 2.1391753628042
 Δlog(ℓ) = 1.12242998479256
 Δβ/SD[β] = -0.0764608797289395 -0.205414563131283 0.129328833939294 -0.398417562989963 0.105987822425818 0.0246826422690633
Maximizing likelihood @ n=64×2435=155840
 SD[log(ℓ)] = 1.55366871158364
 Δlog(ℓ) = 4.14027670699771
 Δβ/SD[β] = 0.26743791130343 -0.0858594879362683 0.0923980890829118 -0.388062940527767 0.0562481351983756 0.119527913850336
Maximizing likelihood @ n=128×2435=311680
 SD[log(ℓ)] = 1.09968952171294
 Δlog(ℓ) = 0.646903429709866
 Δβ/SD[β] = 0.0459466606025951 0.0345604408183594 0.0437019224183576 -0.23868871416262 -0.0382084476370884 0.0888717897796621
Maximizing likelihood @ n=256×2435=623360
 SD[log(ℓ)] = 0.779175719803112
 Δlog(ℓ) = -0.664753269083135
 Δβ/SD[β] = -0.073734402180168 -0.0174273298501887 0.0232045683811851 -0.036182707548721 -0.0105812136836025 0.0344921689801097
Maximizing likelihood @ n=512×2435=1246720
 SD[log(ℓ)] = 0.552227033786996
 Δlog(ℓ) = 0.468741246205539
 Δβ/SD[β] = 0.0454737216315116 -0.020002584113489 0.0343540622352154 -0.0493975648072463 0.0531590910188165 0.0144138067146448
Maximizing likelihood @ n=1024×2435=2493440
 SD[log(ℓ)] = 0.390039829354834
 Δlog(ℓ) = -0.174218373198386
 Δβ/SD[β] = -0.0113462689849222 -0.00476563811433182 0.00929135869731062 -0.000443324652753051 -0.0102980182244873 -0.00320603375767473
Maximizing likelihood @ n=2048×2435=4986880
 SD[log(ℓ)] = 0.276009528873182
 Δlog(ℓ) = 0.344886545330496
 Δβ/SD[β] = 0.00838757834719651 -0.00812571230644627 -0.00132684047810285 0.00121202651642513 0.0150937082199405 0.00520451038241216
Maximizing likelihood @ n=4096×2435=9973760
 SD[log(ℓ)] = 0.195477851906079
 Δlog(ℓ) = 0.333948724141777
 Δβ/SD[β] = -0.00844960629954667 -0.00357274085883706 -0.00683323541412274 -0.029866709168158 0.00937122802777542 0.00872304859702255
Maximizing likelihood @ n=8192×2435=19947520
 SD[log(ℓ)] = 0.13821189548203
 Δlog(ℓ) = -0.0154546075472979
 Δβ/SD[β] = 0.0146922781112819 -0.0134971071943123 0.0030658776922763 -0.00426584264052369 0.00262893178572064 0.00543355065255581
Calculating Hessian
Maximizing likelihood @ n=1×2435=2435
 SD[log(ℓ)] = 7.47857835788571
 Δlog(ℓ) = Inf
 Δβ/SD[β] = -2.25814839169715 0.354007280695312 1.58236999401731 -49.5808311370472 -11.3697548428905 0.96798708794704
Maximizing likelihood @ n=2×2435=4870
 SD[log(ℓ)] = 6.15567157412868
 Δlog(ℓ) = 8.54610816638619
 Δβ/SD[β] = -0.119557472256262 0.0085036426461673 0.0307908907295436 0.020641276182735 0.254623906574067 0.0686368474382398
Maximizing likelihood @ n=4×2435=9740
 SD[log(ℓ)] = 4.82658592965088
 Δlog(ℓ) = 14.4808413447473
 Δβ/SD[β] = -1.40964844161925 0.597058219750903 0.742232551877572 -0.0130917346484663 0.0309643880132568 0.0244780836426803
Maximizing likelihood @ n=8×2435=19480
 SD[log(ℓ)] = 3.71702930624725
 Δlog(ℓ) = 8.60552098963637
 Δβ/SD[β] = -0.882689065971931 -1.1989298150897 0.889914249761468 -0.281542467818543 0.178591833960405 0.495469589454832
Maximizing likelihood @ n=16×2435=38960
 SD[log(ℓ)] = 2.7004456571301
 Δlog(ℓ) = 2.22261259821384
 Δβ/SD[β] = -0.312615781956294 -0.14592169954323 0.478893485382396 -0.230697945231048 0.00899760642591527 -0.0579624076479061
Maximizing likelihood @ n=32×2435=77920
 SD[log(ℓ)] = 1.93662319243402
 Δlog(ℓ) = -0.112283913203541
 Δβ/SD[β] = 0.0341100439425562 -0.0377145565240964 0.00806226455999072 -0.0622589001095807 0.0757065875841784 -0.0345480112059132
Maximizing likelihood @ n=64×2435=155840
 SD[log(ℓ)] = 1.35622712898358
 Δlog(ℓ) = -0.837200421012341
 Δβ/SD[β] = 0.257802859624219 -0.0340534546652597 -0.228715564166745 0.0155443479072398 0.154946947276458 -0.215041611088138
Maximizing likelihood @ n=128×2435=311680
 SD[log(ℓ)] = 0.967536594223912
 Δlog(ℓ) = 0.901271724266167
 Δβ/SD[β] = -0.0809826278112439 -0.0483786952006186 0.00634795225152017 -0.151350736376504 -0.0169965853943318 -0.00209470148898471
Maximizing likelihood @ n=256×2435=623360
 SD[log(ℓ)] = 0.68764746103407
 Δlog(ℓ) = 0.415070521108547
 Δβ/SD[β] = 0.0306737653826779 -0.0147269951913684 0.0192345129713008 -0.0851862795644495 -0.0297585872194438 0.0164076759839289
Maximizing likelihood @ n=512×2435=1246720
 SD[log(ℓ)] = 0.48401509051793
 Δlog(ℓ) = -0.581334344183617
 Δβ/SD[β] = 0.0156644105889107 -0.0436198122692306 -0.0238885645593618 0.0623949304521553 0.0139311134705062 0.0800592820504942
Maximizing likelihood @ n=1024×2435=2493440
 SD[log(ℓ)] = 0.343730769280966
 Δlog(ℓ) = 0.234588355119456
 Δβ/SD[β] = -0.0104768530460433 -0.0407204145063968 0.0264981683525051 -0.0647014532463984 -0.00793599345397091 -0.0167335488347136
Maximizing likelihood @ n=2048×2435=4986880
 SD[log(ℓ)] = 0.242520997911494
 Δlog(ℓ) = -0.166525335697457
 Δβ/SD[β] = -0.0238059946075101 -0.00710519896607238 0.0173395393738086 0.0502971154078053 -0.00308500111730527 0.0153491390858776
Maximizing likelihood @ n=4096×2435=9973760
 SD[log(ℓ)] = 0.172184638510916
 Δlog(ℓ) = 0.397449740749167
 Δβ/SD[β] = -0.0360992616506016 -0.0152301450517162 0.00915202061996079 -0.0426403196390491 -0.000349426358978672 0.00708291105359576
Maximizing likelihood @ n=8192×2435=19947520
 SD[log(ℓ)] = 0.12173623265419
 Δlog(ℓ) = 0.160946930804926
 Δβ/SD[β] = -0.0178875638259632 -0.0131625003859733 0.00595264824192505 0.0222670142662748 0.0177530337662195 0.0218538571250846
Calculating Hessian
Starting buffer 750 
Maximizing likelihood @ n=1×2435=2435
 SD[log(ℓ)] = 6.62001969312891
 Δlog(ℓ) = Inf
 Δβ/SD[β] = 3.99267503602019 -1.62052824863081 0.923037069374494 -49.4510226638333 -11.4744958118075 0.756852654127402
Maximizing likelihood @ n=2×2435=4870
 SD[log(ℓ)] = 5.59021426257283
 Δlog(ℓ) = 14.1726976850905
 Δβ/SD[β] = 0.0350756466224789 0.247413683885383 -0.237592996007822 -0.416411277508113 0.197319860186661 -0.887195533373618
Maximizing likelihood @ n=4×2435=9740
 SD[log(ℓ)] = 4.63397177789112
 Δlog(ℓ) = 18.953436331496
 Δβ/SD[β] = -0.0330884841792805 0.10754169287308 -0.0993403911230712 -0.246146268527325 0.173702220680506 0.105304590833416
Maximizing likelihood @ n=8×2435=19480
 SD[log(ℓ)] = 3.53652394395821
 Δlog(ℓ) = 6.84293509993442
 Δβ/SD[β] = -0.386629221538965 0.65437463532534 0.372437027756346 -0.248506603489417 0.0272854208368374 0.401188841287347
Maximizing likelihood @ n=16×2435=38960
 SD[log(ℓ)] = 2.5773818791899
 Δlog(ℓ) = 0.841723583904809
 Δβ/SD[β] = 0.04497026331221 -0.00236878279213855 0.116840509303631 -0.200156878733262 0.232475740007924 -0.0540713773977788
Maximizing likelihood @ n=32×2435=77920
 SD[log(ℓ)] = 1.88242269394922
 Δlog(ℓ) = 3.43778902683118
 Δβ/SD[β] = 0.0132280222606396 -0.0257377143648603 0.00410172561160687 -0.0995204762831352 0.0167001615551764 0.0405628140938878
Maximizing likelihood @ n=64×2435=155840
 SD[log(ℓ)] = 1.34464143947207
 Δlog(ℓ) = 0.907947819630465
 Δβ/SD[β] = -0.02727627418291 -0.0337331175969915 0.0248002074562656 -0.081918950737878 -0.007725299427719 0.0416720111107496
Maximizing likelihood @ n=128×2435=311680
 SD[log(ℓ)] = 0.951855450423443
 Δlog(ℓ) = 0.31710604715758
 Δβ/SD[β] = 0.00913976876026919 -0.0237977836999525 0.0210734116494215 -0.0270546662981175 0.0304107973634871 0.00404662363347071
Maximizing likelihood @ n=256×2435=623360
 SD[log(ℓ)] = 0.672030380188488
 Δlog(ℓ) = -0.258442102686999
 Δβ/SD[β] = -0.00151425894257472 -0.0199214525497172 0.0133213470163618 0.00578566158684811 -0.024019121592106 0.0213224228243616
Maximizing likelihood @ n=512×2435=1246720
 SD[log(ℓ)] = 0.476701057294321
 Δlog(ℓ) = -0.155564943434996
 Δβ/SD[β] = 0.00682186898442504 -0.024113352859429 0.0229685032100765 0.046801496051229 0.0582855981342878 0.0368786344744833
Maximizing likelihood @ n=1024×2435=2493440
 SD[log(ℓ)] = 0.335625340130073
 Δlog(ℓ) = 0.471709895823565
 Δβ/SD[β] = 0.0312966322372917 -0.0503718115866143 0.0663410968481996 0.00750192305384928 -0.00248170758112742 0.0273535293548335
Maximizing likelihood @ n=2048×2435=4986880
 SD[log(ℓ)] = 0.23834897573033
 Δlog(ℓ) = 0.226815299460796
 Δβ/SD[β] = 0.0195996140981114 0.00401881928686524 0.0195265265916533 -0.0144627409098658 0.0271450036071212 0.0135758752029558
Maximizing likelihood @ n=4096×2435=9973760
 SD[log(ℓ)] = 0.168858831917894
 Δlog(ℓ) = -0.0735876465034551
 Δβ/SD[β] = 0.0066118609868188 -0.00367873815779721 0.0170560650079657 -0.0268413536412084 -0.0236942135324522 0.0303261911818572
Maximizing likelihood @ n=8192×2435=19947520
 SD[log(ℓ)] = 0.118751287216534
 Δlog(ℓ) = -0.00692422819466287
 Δβ/SD[β] = -2.1798988691516e-05 -0.00752992149415491 0.00693838297148218 0.00903674783410298 0.000110342537152655 0.00870314573168034
Calculating Hessian
Maximizing likelihood @ n=1×2435=2435
 SD[log(ℓ)] = 7.65450262930472
 Δlog(ℓ) = Inf
 Δβ/SD[β] = -3.45774421188489 -0.0641146523454222 0.295429272690015 -49.158464193839 -11.4216492519318 0.895547590345722
Maximizing likelihood @ n=2×2435=4870
 SD[log(ℓ)] = 6.06526499821764
 Δlog(ℓ) = 4.91731829013858
 Δβ/SD[β] = -0.0933797960398288 -0.00337144139424808 -0.11168819562159 0.0297937833108757 1.22318143205205 -0.0742959701521678
Maximizing likelihood @ n=4×2435=9740
 SD[log(ℓ)] = 4.69961970100314
 Δlog(ℓ) = 7.86454153659366
 Δβ/SD[β] = -0.16806391113602 -0.156077750066432 -0.316703884551897 -0.377624725934842 1.06641866807851 1.29931652375377
Maximizing likelihood @ n=8×2435=19480
 SD[log(ℓ)] = 3.56482122502664
 Δlog(ℓ) = 6.75528667925448
 Δβ/SD[β] = -0.388788909169613 -0.0251879208464315 0.258737647615025 -0.726427658868215 0.526268307237968 -0.232052656902373
Maximizing likelihood @ n=16×2435=38960
 SD[log(ℓ)] = 2.59378187554821
 Δlog(ℓ) = 2.83929355822271
 Δβ/SD[β] = -0.0012655744087067 -0.0394078420703433 0.0107910361263992 -0.126862249917587 0.14849219146118 0.00357253797396537
Maximizing likelihood @ n=32×2435=77920
 SD[log(ℓ)] = 1.87206796008907
 Δlog(ℓ) = 2.96500054363423
 Δβ/SD[β] = 0.057545644504111 -0.0657726127766579 -0.0234727751721019 -0.0784552740434772 0.305481698213499 0.0430217129620986
Maximizing likelihood @ n=64×2435=155840
 SD[log(ℓ)] = 1.33482102015419
 Δlog(ℓ) = -0.553576901977507
 Δβ/SD[β] = -0.00357795369316214 0.00251113296592844 0.00245977952484221 -0.0386496337483659 -0.0358938991450993 0.00601712087068725
Maximizing likelihood @ n=128×2435=311680
 SD[log(ℓ)] = 0.94720541011629
 Δlog(ℓ) = -0.111698202452615
 Δβ/SD[β] = -0.0273511671605961 -0.0205161806400111 0.0143243051953366 -0.085263315866221 -0.0331615124886289 0.0124738951956642
Maximizing likelihood @ n=256×2435=623360
 SD[log(ℓ)] = 0.667940393717044
 Δlog(ℓ) = 0.651264416864677
 Δβ/SD[β] = 0 0 0 0 0 0
Maximizing likelihood @ n=512×2435=1246720
 SD[log(ℓ)] = 0.47726987068165
 Δlog(ℓ) = -0.182549037805984
 Δβ/SD[β] = -0.00340973762027495 -0.00991129140689812 0.00761119561392978 -0.0788768664182936 0.0201614484800188 0.00555447692254478
Maximizing likelihood @ n=1024×2435=2493440
 SD[log(ℓ)] = 0.335913787882117
 Δlog(ℓ) = -0.0840340147802863
 Δβ/SD[β] = 0.0226751649795725 -0.0480870359364822 0.0615050367071981 0.00196423377196808 -0.0523799259880458 0.0235304430176662
Maximizing likelihood @ n=2048×2435=4986880
 SD[log(ℓ)] = 0.23962062890207
 Δlog(ℓ) = 0.418469981457278
 Δβ/SD[β] = -0.0106917625990903 -0.026651847939338 0.0348183342897694 -0.0428788395425803 0.0481375584290978 0.00180245156432768
Maximizing likelihood @ n=4096×2435=9973760
 SD[log(ℓ)] = 0.168526655567213
 Δlog(ℓ) = -0.0246032193764592
 Δβ/SD[β] = -0.0466839889792027 0.0107702291265256 0.0613700388842577 0.029196053159443 -0.0209025101273107 -0.0374939163036063
Maximizing likelihood @ n=8192×2435=19947520
 SD[log(ℓ)] = 0.119682450744045
 Δlog(ℓ) = -0.0330733067573732
 Δβ/SD[β] = 0.0060771049408617 -0.000628384026507082 0.0308106692918261 -0.0152362667631387 0.032213039329692 0.00600231153808689
Calculating Hessian
Maximizing likelihood @ n=1×2435=2435
 SD[log(ℓ)] = 6.131415106918
 Δlog(ℓ) = Inf
 Δβ/SD[β] = -1.30488130101941 0.154767359905669 1.03337593193943 -49.3473774730365 -13.4733795322202 0.735263858306856
Maximizing likelihood @ n=2×2435=4870
 SD[log(ℓ)] = 5.63389011491285
 Δlog(ℓ) = 22.462840830245
 Δβ/SD[β] = 0.0168552696840809 -0.0102387221649644 0.0866322200018957 -0.367298289548824 0.343533615401275 0.372945823321833
Maximizing likelihood @ n=4×2435=9740
 SD[log(ℓ)] = 4.68725544878791
 Δlog(ℓ) = 17.0403801048311
 Δβ/SD[β] = 0.0745678445532803 -0.0950007773962091 0.18737936319591 -0.230495568426484 0.194789264629746 0.119621931661697
Maximizing likelihood @ n=8×2435=19480
 SD[log(ℓ)] = 3.5823632699129
 Δlog(ℓ) = 8.72231862189338
 Δβ/SD[β] = -0.0685272493570461 -0.255327839285432 -0.109887035720067 -0.156018911206329 0.0598446080775498 0.000811516835250244
Maximizing likelihood @ n=16×2435=38960
 SD[log(ℓ)] = 2.62415120788715
 Δlog(ℓ) = 4.50361991644488
 Δβ/SD[β] = -0.0958248470102982 -0.00445021812266149 0.107401974212075 -0.0200858571222809 0.0373400790460447 0.254995847452257
Maximizing likelihood @ n=32×2435=77920
 SD[log(ℓ)] = 1.89412060414098
 Δlog(ℓ) = 0.664881701794229
 Δβ/SD[β] = 0.00222112749098196 0.00535529823853279 -0.0614779143484998 -0.175123271417887 0.0443598932438348 0.0912633278229278
Maximizing likelihood @ n=64×2435=155840
 SD[log(ℓ)] = 1.34675175776003
 Δlog(ℓ) = 0.787412452984185
 Δβ/SD[β] = 0.0109199912635997 -0.00028203989265148 0.00677373027736075 -0.0186869017020926 0.0604946045960082 0.014641322285786
Maximizing likelihood @ n=128×2435=311680
 SD[log(ℓ)] = 0.965733759461018
 Δlog(ℓ) = 0.475762759201302
 Δβ/SD[β] = -0.000415939951581462 -0.0351582747922846 0.00451062891982485 -0.0171720067361287 0.00966513075952007 0.0373265520233677
Maximizing likelihood @ n=256×2435=623360
 SD[log(ℓ)] = 0.681474062046211
 Δlog(ℓ) = 0.15371245805342
 Δβ/SD[β] = 0.0132453772957125 -0.0270196745058754 -0.0211662302459945 -0.0271271641507802 -0.0339425343245412 0.0146797714514707
Maximizing likelihood @ n=512×2435=1246720
 SD[log(ℓ)] = 0.479230308655673
 Δlog(ℓ) = -0.538376955204839
 Δβ/SD[β] = -0.0199250752074409 -0.0184038683025036 -0.020589280000813 0.00749201336304479 -0.0288386128150487 0.0317161115017026
Maximizing likelihood @ n=1024×2435=2493440
 SD[log(ℓ)] = 0.337070799604496
 Δlog(ℓ) = -0.728778461698866
 Δβ/SD[β] = -0.0171884976949491 -0.0245814784853792 -0.00298521221017841 0.0460161070836012 -0.0101104598100934 0.0454699779399342
Maximizing likelihood @ n=2048×2435=4986880
 SD[log(ℓ)] = 0.239847943140764
 Δlog(ℓ) = 0.348312518836735
 Δβ/SD[β] = 0.00339826955196253 -0.028837940417235 0.0262531568927286 -0.0477961646288102 0.010249979616093 -0.0117881602866752
Maximizing likelihood @ n=4096×2435=9973760
 SD[log(ℓ)] = 0.169268189384243
 Δlog(ℓ) = -0.153308616411721
 Δβ/SD[β] = 0.00939225224056043 -0.0260381720807243 -0.020121790447642 0.0368685106058464 -0.00240251475162215 0.0199666823623896
Maximizing likelihood @ n=8192×2435=19947520
 SD[log(ℓ)] = 0.119972831358793
 Δlog(ℓ) = -0.0786894893851837
 Δβ/SD[β] = 0.00335147550996578 -0.0208536274296049 -0.009370040540016 -0.00907037281496764 0.0159516402964188 0.0159696637236885
Calculating Hessian
Maximizing likelihood @ n=1×2435=2435
 SD[log(ℓ)] = 8.01372370596415
 Δlog(ℓ) = Inf
 Δβ/SD[β] = -22.8937120043829 -1.79570060300838 7.67093423178521 -46.5232387500599 -16.5678036286965 -1.75476850916122
Maximizing likelihood @ n=2×2435=4870
 SD[log(ℓ)] = 6.52609565659118
 Δlog(ℓ) = 12.4938685819281
 Δβ/SD[β] = 0.229510573456911 -0.507972777212806 -0.00450932510138413 -2.11338523415795 1.35394544802559 0.585044916498359
Maximizing likelihood @ n=4×2435=9740
 SD[log(ℓ)] = 5.2331690275438
 Δlog(ℓ) = 14.8403917861849
 Δβ/SD[β] = -0.643063504796026 -0.106526148924651 0.757221710169419 -0.992065212169295 0.271450540991451 1.1418830780021
Maximizing likelihood @ n=8×2435=19480
 SD[log(ℓ)] = 3.90609108184582
 Δlog(ℓ) = 5.14230274236111
 Δβ/SD[β] = -0.521642489221873 -0.641791969987417 0.0953715948843527 -0.59318889737895 0.0235103932072418 -0.368181050038113
Maximizing likelihood @ n=16×2435=38960
 SD[log(ℓ)] = 2.86429550082249
 Δlog(ℓ) = 4.85174884102982
 Δβ/SD[β] = -0.364936826533912 -0.172469109757644 0.507985362373873 -0.0457574994196146 -0.0313037067846723 -0.014756983371605
Maximizing likelihood @ n=32×2435=77920
 SD[log(ℓ)] = 2.04937475109642
 Δlog(ℓ) = -1.20282343163151
 Δβ/SD[β] = 0.0771625714014365 -0.100365788872436 -0.0682635310818184 -0.480015788632886 0.04715878131623 -0.164217929188032
Maximizing likelihood @ n=64×2435=155840
 SD[log(ℓ)] = 1.46026745085001
 Δlog(ℓ) = 0.404476957261181
 Δβ/SD[β] = -0.0914526812050691 -0.0148217144764918 0.141360037117395 0.0355220102581681 0.0284283621458142 -0.023836250374171
Maximizing likelihood @ n=128×2435=311680
 SD[log(ℓ)] = 1.03604891045215
 Δlog(ℓ) = 0.410977569245304
 Δβ/SD[β] = -0.0453062736049073 -0.0592086229522966 0.0482371660072865 0.0599855756782676 0.0620141366276216 -0.0399359160384281
Maximizing likelihood @ n=256×2435=623360
 SD[log(ℓ)] = 0.738865605025666
 Δlog(ℓ) = 0.915543888380029
 Δβ/SD[β] = -0.0714560374474133 -0.0613432968332353 0.0317634802687481 -0.0823623524538541 -0.0338269837669996 -0.0662130905284786
Maximizing likelihood @ n=512×2435=1246720
 SD[log(ℓ)] = 0.521676396334625
 Δlog(ℓ) = -0.0711327342691419
 Δβ/SD[β] = 0.0393553784808404 0.0107432181676585 0.0160524266152139 0.0115890148440478 -0.00736385953545338 -0.0187390325050339
Maximizing likelihood @ n=1024×2435=2493440
 SD[log(ℓ)] = 0.368440912746367
 Δlog(ℓ) = -0.372611825707565
 Δβ/SD[β] = -0.0178242665981795 0.0188862167816235 -0.0153960017072117 0.0047433125645056 0.005250751340927 -0.0406775209760123
Maximizing likelihood @ n=2048×2435=4986880
 SD[log(ℓ)] = 0.259751219690593
 Δlog(ℓ) = -0.173222813702949
 Δβ/SD[β] = 0.0390887771803075 0.0134309311646151 -0.0111707541099269 0.0416926954874554 -0.0215332449734444 -0.0275862038416836
Maximizing likelihood @ n=4096×2435=9973760
 SD[log(ℓ)] = 0.183640499334658
 Δlog(ℓ) = -0.0399942624138703
 Δβ/SD[β] = -0.018800943796436 -0.00714616116673638 -0.0137918117789563 0.00785328002022291 0.00376291027679165 -0.0025578261753508
Maximizing likelihood @ n=8192×2435=19947520
 SD[log(ℓ)] = 0.129801233245301
 Δlog(ℓ) = 0.00146925296425593
 Δβ/SD[β] = 0.0135586185995196 -0.01946078872379 0.015392810768397 0.00846091860083964 -0.00420762852376318 -0.0223399312455256
Calculating Hessian
Starting buffer 1500 
Maximizing likelihood @ n=1×2435=2435
 SD[log(ℓ)] = 7.87274046520987
 Δlog(ℓ) = Inf
 Δβ/SD[β] = 3.77252330331482 -9.01827230566801e-05 0.0672874577274595 -50.5941159150561 -14.2273874963858 1.79284094689962
Maximizing likelihood @ n=2×2435=4870
 SD[log(ℓ)] = 6.36390563965713
 Δlog(ℓ) = 11.0427622413537
 Δβ/SD[β] = -0.384727258542446 0.109671267704242 -0.0146686606277405 -0.258617728915642 0.187116722197356 -0.202249371848073
Maximizing likelihood @ n=4×2435=9740
 SD[log(ℓ)] = 4.83388516560037
 Δlog(ℓ) = 5.49841187699673
 Δβ/SD[β] = 0.158894154106108 -0.060049602020198 0.0659115490171004 -0.124866574991484 0.0817659207428807 0.066423100971428
Maximizing likelihood @ n=8×2435=19480
 SD[log(ℓ)] = 3.56795078875979
 Δlog(ℓ) = 2.93227880570515
 Δβ/SD[β] = -0.0426219304910566 0.119448363222765 -0.0448514458258955 -0.248516472542313 0.383773876698314 0.0741710410140629
Maximizing likelihood @ n=16×2435=38960
 SD[log(ℓ)] = 2.59372645602405
 Δlog(ℓ) = 1.93504986591736
 Δβ/SD[β] = -0.136167981033007 -0.143558435430588 0.140059699846654 -0.089160240616563 0.191245703419864 0.184919245634747
Maximizing likelihood @ n=32×2435=77920
 SD[log(ℓ)] = 1.86328984941213
 Δlog(ℓ) = 1.11883419032351
 Δβ/SD[β] = 0.00857958860105168 0.00169730223514294 -0.0253202166850229 -0.316480286619675 0.0366454944275404 -0.115040960831772
Maximizing likelihood @ n=64×2435=155840
 SD[log(ℓ)] = 1.32292374575062
 Δlog(ℓ) = -0.994265047913728
 Δβ/SD[β] = 0.00640862385502437 0.036321826823167 0.0407064560394528 -0.0759894005361991 -0.0210121980772042 -0.0270649219812605
Maximizing likelihood @ n=128×2435=311680
 SD[log(ℓ)] = 0.944062285016699
 Δlog(ℓ) = 0.839929993103468
 Δβ/SD[β] = -0.0391216608335789 -0.0380081985018051 0.00742232985886466 -0.0900836017927153 0.00486781538398769 0.0396213614119753
Maximizing likelihood @ n=256×2435=623360
 SD[log(ℓ)] = 0.673861846005357
 Δlog(ℓ) = 0.927364564326936
 Δβ/SD[β] = -0.0253158825627834 -0.0110162640914008 0.0342557473383536 -0.117187325986951 0.0134879262087449 -0.0061312423899361
Maximizing likelihood @ n=512×2435=1246720
 SD[log(ℓ)] = 0.476585380263583
 Δlog(ℓ) = -0.390054486814932
 Δβ/SD[β] = 0.000493805033092112 0.00843203525404306 0.0126070468432426 0.018383855907084 0.00574463189346962 -0.0159264504019074
Maximizing likelihood @ n=1024×2435=2493440
 SD[log(ℓ)] = 0.337382908009142
 Δlog(ℓ) = -0.190391765690052
 Δβ/SD[β] = 0.00515426395208549 0.00509315529063656 -0.00114564768972317 0.00946770099989461 -0.0130037537352038 -0.00703127582264616
Maximizing likelihood @ n=2048×2435=4986880
 SD[log(ℓ)] = 0.238698618083744
 Δlog(ℓ) = 0.0938862072813436
 Δβ/SD[β] = 0.00410366986500367 0.00160462774395868 0.00122732901082166 -0.0165002367858311 0.00360730449552717 -0.00758556705530485
Maximizing likelihood @ n=4096×2435=9973760
 SD[log(ℓ)] = 0.169055091499424
 Δlog(ℓ) = 0.411295322209881
 Δβ/SD[β] = 0.00703155091475095 -0.00546005893935803 0.00518798537735163 -0.012540561247403 0.0123343366170314 0.000122850871543255
Maximizing likelihood @ n=8192×2435=19947520
 SD[log(ℓ)] = 0.119506681540952
 Δlog(ℓ) = 0.0957560263542234
 Δβ/SD[β] = 0.139865582569064 0.0880850628969913 0.308304723771723 -0.0263596716642875 -0.0435558020488131 -0.035402858955395
Calculating Hessian
Maximizing likelihood @ n=1×2435=2435
 SD[log(ℓ)] = 7.20493059894199
 Δlog(ℓ) = Inf
 Δβ/SD[β] = 1.17786782842422 -0.0911806634976321 1.55755608414772 -51.0961555954075 -12.5624224405161 1.2925594655169
Maximizing likelihood @ n=2×2435=4870
 SD[log(ℓ)] = 6.27691816767869
 Δlog(ℓ) = 21.305939549101
 Δβ/SD[β] = 0.261092303597279 -0.00759074970042341 0.216787382981851 -1.17785867426603 1.88131230980191 -0.0650490581167785
Maximizing likelihood @ n=4×2435=9740
 SD[log(ℓ)] = 4.82124635786221
 Δlog(ℓ) = 5.4061170187081
 Δβ/SD[β] = -0.233900058706442 -0.133339453734095 -0.410077970277178 -1.20311724978086 0.674444418792328 -0.564606998282882
Maximizing likelihood @ n=8×2435=19480
 SD[log(ℓ)] = 3.57627640110847
 Δlog(ℓ) = 4.07737571713874
 Δβ/SD[β] = -0.0288784385655344 0.0204853962637969 0.0654595410252654 -0.0257866355766023 0.0582890441227764 0.0203032327011869
Maximizing likelihood @ n=16×2435=38960
 SD[log(ℓ)] = 2.57069780628757
 Δlog(ℓ) = -0.470216651045959
 Δβ/SD[β] = 0.0948412109379671 0.015929147282641 -0.143032279530592 -0.102666819387836 0.0494020457781487 0.237913880214291
Maximizing likelihood @ n=32×2435=77920
 SD[log(ℓ)] = 1.86038634407283
 Δlog(ℓ) = 3.45598940088516
 Δβ/SD[β] = 0.00104506013271864 0.0266953332475567 0.0614333391381913 -0.0284060606598817 0.0198162894044743 0.118292204890907
Maximizing likelihood @ n=64×2435=155840
 SD[log(ℓ)] = 1.33604084815306
 Δlog(ℓ) = 0.943504526908583
 Δβ/SD[β] = -0.0739485074010617 -0.0742702488055949 -0.141515538114929 -0.0406451816202018 0.0139076467302795 0.30068077905178
Maximizing likelihood @ n=128×2435=311680
 SD[log(ℓ)] = 0.948525597725599
 Δlog(ℓ) = 0.635256037853097
 Δβ/SD[β] = -0.0683285773293536 -0.0171920919938792 0.0122461866128238 0.0106439740852141 0.0125791146394988 0.0438513690203793
Maximizing likelihood @ n=256×2435=623360
 SD[log(ℓ)] = 0.671685424369679
 Δlog(ℓ) = 0.133559885423793
 Δβ/SD[β] = -0.0139246355170182 -0.0387578732474289 0.0355414362850614 -0.0632109723956132 -0.0486040380121883 0.105511583437448
Maximizing likelihood @ n=512×2435=1246720
 SD[log(ℓ)] = 0.474965014869957
 Δlog(ℓ) = -0.183189296625187
 Δβ/SD[β] = 0.0253542522599944 -0.0678704446784772 -0.013279001625227 0.0735504747512322 0.0757286219048965 0.122614491036012
Maximizing likelihood @ n=1024×2435=2493440
 SD[log(ℓ)] = 0.338648960173389
 Δlog(ℓ) = 0.377424627636998
 Δβ/SD[β] = 0.0385759197710004 -0.0507153115404949 0.0402455409507148 -0.0585916322480678 0.0272329450715872 0.0264871916919672
Maximizing likelihood @ n=2048×2435=4986880
 SD[log(ℓ)] = 0.237991107944643
 Δlog(ℓ) = -0.0703696949543087
 Δβ/SD[β] = 0.0104536988170826 -0.0399176802666309 -0.000647143511934392 0.0361384570516525 -0.0359908407286671 0.0400152023997578
Maximizing likelihood @ n=4096×2435=9973760
 SD[log(ℓ)] = 0.1692371251466
 Δlog(ℓ) = 0.0397362785007545
 Δβ/SD[β] = -0.0321897036534743 -0.0310333029759008 0.03062304504324 -0.0307332803178104 0.0355059239643598 0.0102139274854667
Maximizing likelihood @ n=8192×2435=19947520
 SD[log(ℓ)] = 0.119516187045635
 Δlog(ℓ) = 0.118228875778868
 Δβ/SD[β] = 0.025402042983893 -0.0334683975116959 0.0313740032540892 -0.0219957473321373 -0.0395491749720322 0.0588355316012813
Calculating Hessian
Maximizing likelihood @ n=1×2435=2435
 SD[log(ℓ)] = 7.07538463411175
 Δlog(ℓ) = Inf
 Δβ/SD[β] = 1.95947755188156 -0.180160195821318 0.237570030574589 -54.7418483823477 -11.512005036465 0.129582145862992
Maximizing likelihood @ n=2×2435=4870
 SD[log(ℓ)] = 5.94809602132633
 Δlog(ℓ) = 13.8042544427972
 Δβ/SD[β] = 0.107436447770937 -0.0748749715521325 -0.440699403119347 -0.304577945029562 0.196982934770025 -0.188172268131038
Maximizing likelihood @ n=4×2435=9740
 SD[log(ℓ)] = 4.75681344090294
 Δlog(ℓ) = 12.0325043627154
 Δβ/SD[β] = 0.0750108844494851 -0.109145695503631 0.166121550579469 -0.160486227603071 0.402747265621717 0.507706346870442
Maximizing likelihood @ n=8×2435=19480
 SD[log(ℓ)] = 3.5657551531939
 Δlog(ℓ) = 5.44016679082308
 Δβ/SD[β] = -0.00554255632971227 -0.136957147361374 -0.10447854950185 -0.0655511129183308 0.0672470412153564 0.0625350889419925
Maximizing likelihood @ n=16×2435=38960
 SD[log(ℓ)] = 2.62688648899835
 Δlog(ℓ) = 4.73670493015103
 Δβ/SD[β] = -0.120966302881268 -0.173596137660596 0.0303802119342932 -0.256416441664455 0.229455461950906 0.268719821649132
Maximizing likelihood @ n=32×2435=77920
 SD[log(ℓ)] = 1.88678863214864
 Δlog(ℓ) = 0.0670215145365347
 Δβ/SD[β] = -0.025616192305271 -0.0415930196357662 -0.0561648915718577 -0.0243392260253101 0.0917387727497249 0.0234280470817989
Maximizing likelihood @ n=64×2435=155840
 SD[log(ℓ)] = 1.32053225066382
 Δlog(ℓ) = -2.68314109168979
 Δβ/SD[β] = 0.00309584033880918 0.000583147281292592 -0.0192418263309582 0.0357370163841698 -0.0472084448242397 0.0240339113173784
Maximizing likelihood @ n=128×2435=311680
 SD[log(ℓ)] = 0.936401011193969
 Δlog(ℓ) = 0.427347272998489
 Δβ/SD[β] = 0.0338794695934048 -0.0508061510416042 0.0371433167852739 0.0276142254905431 0.066964562249983 0.0279261610507399
Maximizing likelihood @ n=256×2435=623360
 SD[log(ℓ)] = 0.669564204573423
 Δlog(ℓ) = 1.04627649962077
 Δβ/SD[β] = 0.0117356885497967 -0.0133134932873616 -0.00785870253289685 -0.0249816830548176 0.0510668318636653 0.027378166555667
Maximizing likelihood @ n=512×2435=1246720
 SD[log(ℓ)] = 0.474620642545519
 Δlog(ℓ) = 0.0478247023605149
 Δβ/SD[β] = 0.0325221221205122 -0.0783579729009068 0.0266676123249596 -0.0814147538931442 -0.0114808152481238 0.101670943500883
Maximizing likelihood @ n=1024×2435=2493440
 SD[log(ℓ)] = 0.33572215366878
 Δlog(ℓ) = 0.556815145075632
 Δβ/SD[β] = -0.112287553944422 -0.179833139651955 0.206222276326027 0.00155780602958144 0.00444825355405371 0.0929361110458839
Maximizing likelihood @ n=2048×2435=4986880
 SD[log(ℓ)] = 0.235738785471194
 Δlog(ℓ) = 0.0891774797785558
 Δβ/SD[β] = -0.116178580281585 0.0597095213454997 0.0714591615773881 0.0591927055722447 -0.0168618786420078 0.134892487640733
Maximizing likelihood @ n=4096×2435=9973760
 SD[log(ℓ)] = 0.16828799260802
 Δlog(ℓ) = 0.359629227737386
 Δβ/SD[β] = -0.0242759554521972 -0.0598660604873604 0.070858785034363 -0.0140854364459377 0.00661268566868168 0.091541059091577
Maximizing likelihood @ n=8192×2435=19947520
 SD[log(ℓ)] = 0.119030287722976
 Δlog(ℓ) = -0.0792825721151473
 Δβ/SD[β] = 0 0 0 0 0 0
Calculating Hessian
Maximizing likelihood @ n=1×2435=2435
 SD[log(ℓ)] = 7.18263173182785
 Δlog(ℓ) = Inf
 Δβ/SD[β] = 2.40611534348903 -1.47051766680664 -0.370563182977418 -46.640923188744 -13.3170266606082 1.02225702574548
Maximizing likelihood @ n=2×2435=4870
 SD[log(ℓ)] = 6.07910540469827
 Δlog(ℓ) = 15.4014567820069
 Δβ/SD[β] = -0.299192393726522 0.681423590652489 0.911565627436906 -0.236446493644933 0.229489139543521 0.620857454391383
Maximizing likelihood @ n=4×2435=9740
 SD[log(ℓ)] = 4.74958488331072
 Δlog(ℓ) = 9.44511017428535
 Δβ/SD[β] = 0.0571749638646768 0.072076748337201 -0.273114871330254 -0.0967223255548627 0.130671916659394 0.257443444760488
Maximizing likelihood @ n=8×2435=19480
 SD[log(ℓ)] = 3.61227613778524
 Δlog(ℓ) = 8.53278299653228
 Δβ/SD[β] = -0.27833730675056 -0.11636790431781 0.153807500332078 -0.56415244523472 0.358601233563292 -0.0469050608556616
Maximizing likelihood @ n=16×2435=38960
 SD[log(ℓ)] = 2.60042313432401
 Δlog(ℓ) = -2.35182078366427
 Δβ/SD[β] = 0.237722043549183 -0.52855815430556 0.275795488709487 -0.0162857217163426 0.0164616222542901 -0.0312719701100921
Maximizing likelihood @ n=32×2435=77920
 SD[log(ℓ)] = 1.87207898913779
 Δlog(ℓ) = 2.2600748585353
 Δβ/SD[β] = 0.0407483648440322 -0.144926164122091 -0.0471278483895601 -0.0465186870194431 0.121847454905007 0.00454866011126108
Maximizing likelihood @ n=64×2435=155840
 SD[log(ℓ)] = 1.33966574322337
 Δlog(ℓ) = 0.104044216171587
 Δβ/SD[β] = -0.0518231819616581 -0.103273598879615 0.0293261070754445 -0.16848474281245 -0.0164650289956431 0.0152851520789654
Maximizing likelihood @ n=128×2435=311680
 SD[log(ℓ)] = 0.947520902906953
 Δlog(ℓ) = 0.0163101146922742
 Δβ/SD[β] = 0 0 0 0 0 0
Maximizing likelihood @ n=256×2435=623360
 SD[log(ℓ)] = 0.670680759074634
 Δlog(ℓ) = 0.127863635050616
 Δβ/SD[β] = -0.0628285028552154 -0.0482783176282788 -0.00748566550787821 0.0884130596889029 0.128774028529825 -0.0248226356264703
Maximizing likelihood @ n=512×2435=1246720
 SD[log(ℓ)] = 0.476658080253676
 Δlog(ℓ) = 0.246595757830221
 Δβ/SD[β] = -0.00154061948679942 0.0161864857449697 0.0114232753597652 -0.0645329250023893 -0.0013684471674496 -0.0175156326690469
Maximizing likelihood @ n=1024×2435=2493440
 SD[log(ℓ)] = 0.3382642123016
 Δlog(ℓ) = 0.796333970571425
 Δβ/SD[β] = -0.0182082818173531 -0.000168636872845315 5.56349134172309e-05 -0.0299376498120344 0.00984682261003421 -0.00528025872147118
Maximizing likelihood @ n=2048×2435=4986880
 SD[log(ℓ)] = 0.239346068982607
 Δlog(ℓ) = 0.162383483557832
 Δβ/SD[β] = -0.00173037079862495 0.00507038968636123 -0.007516434937829 0.0194859255073404 -0.00170852158965469 -0.0160800963435337
Maximizing likelihood @ n=4096×2435=9973760
 SD[log(ℓ)] = 0.16950793671432
 Δlog(ℓ) = 0.0954485517329005
 Δβ/SD[β] = -0.0045602839501882 -0.00205717555970974 -0.00546535221668793 -0.0185031775579586 0.00174484412671081 -0.00681408178297186
Maximizing likelihood @ n=8192×2435=19947520
 SD[log(ℓ)] = 0.120017290534883
 Δlog(ℓ) = 0.0434176232468388
 Δβ/SD[β] = -0.0212804553469079 0.028355581615918 0.0114953510451859 -0.00494608147430502 0.0099437845432649 -0.0480216520330322
Calculating Hessian
There were 13 warnings (use warnings() to see them)
Script complete
Sat Nov 16 06:26:42 MST 2024
