Wed Nov 20 18:46:51 MST 2024
Initiating script
── Attaching core tidyverse packages ──────────────────────── tidyverse 2.0.0 ──
✔ dplyr     1.1.4     ✔ readr     2.1.5
✔ forcats   1.0.0     ✔ stringr   1.5.1
✔ ggplot2   3.5.1     ✔ tibble    3.2.1
✔ lubridate 1.9.3     ✔ tidyr     1.3.1
✔ purrr     1.0.2     
── Conflicts ────────────────────────────────────────── tidyverse_conflicts() ──
✖ ggplot2::annotate() masks ctmm::annotate()
✖ dplyr::filter()     masks stats::filter()
✖ dplyr::lag()        masks stats::lag()
ℹ Use the conflicted package (<http://conflicted.r-lib.org/>) to force all conflicts to become errors
Linking to GEOS 3.9.5, GDAL 3.8.5, PROJ 9.4.0; sf_use_s2() is TRUE
Loading required package: sp

Attaching package: ‘raster’

The following object is masked from ‘package:dplyr’:

    select

The following objects are masked from ‘package:ctmm’:

    projection, projection<-

terra 1.7.78

Attaching package: ‘terra’

The following object is masked from ‘package:tidyr’:

    extract

The following objects are masked from ‘package:ctmm’:

    distance, meta

[1] "/home/u15/mmercer3/proj/habitat_analysis_class/Final/Model_Fit_Results/roads_30/Beverly_rr.Rda"
     [,1]                                
[1,] "Data loaded at 2024-11-20 18:47:06"
Default grid size of 1.00152777777778 hours chosen for bandwidth(...,fast=TRUE).
Some rasters are not loaded in RAM and may be slow to process. See help("raster::readAll").
Maximizing likelihood @ n=1×2203=2203
 SD[log(ℓ)] = 4.8968528957327
 Δlog(ℓ) = Inf
 Δβ/SD[β] = 0.851069387716045 -0.687176233263474 0.720216257998606 -0.00238952515428489 -0.00161394669448371 -0.998192662321654 -0.951815615590101 -0.13932152038542
Maximizing likelihood @ n=2×2203=4406
 SD[log(ℓ)] = 4.77462329625902
 Δlog(ℓ) = 15.7754946569526
 Δβ/SD[β] = 2.56514739372517 -0.0385776623416991 0.303769546353419 0.611794496985504 -0.097169022069936 0.47651720147282 -0.151645953881648 -0.278754238390925
Maximizing likelihood @ n=4×2203=8812
 SD[log(ℓ)] = 3.63703123019856
 Δlog(ℓ) = 2.65754679955572
 Δβ/SD[β] = 0.300617983922472 0.0684151631214441 0.00373512297322471 0.0847407113944251 0.0802525861015022 0.0781278428403754 0.0275121924517321 -0.0337823935688979
Maximizing likelihood @ n=8×2203=17624
 SD[log(ℓ)] = 2.82692400928725
 Δlog(ℓ) = 5.75964790538097
 Δβ/SD[β] = -0.0491098970300056 -0.653329503699344 0.141727624161202 0.127933287563748 -0.219607022383294 -0.317706147570662 -0.118476087536904 -0.135691663083084
Maximizing likelihood @ n=16×2203=35248
 SD[log(ℓ)] = 2.06178742669278
 Δlog(ℓ) = 1.25220289556106
 Δβ/SD[β] = 0.0607515378388095 -0.015842754304658 0.0446874267334708 0.0156257246668318 -0.0211461546300434 -0.000383866011244956 0.00204103221147009 -0.029212977512268
Maximizing likelihood @ n=32×2203=70496
 SD[log(ℓ)] = 1.46058797073115
 Δlog(ℓ) = -1.39269900155585
 Δβ/SD[β] = 0.0829139521959177 0.0448507124722645 -0.122149871351112 -0.0351732989770906 0.0188277287270686 0.0227620254896834 -0.0803658705858384 -0.00956685082896316
Maximizing likelihood @ n=64×2203=140992
 SD[log(ℓ)] = 1.03384363419499
 Δlog(ℓ) = 0.114399309091603
 Δβ/SD[β] = 0.0383459204167505 0.0214839736957424 0.0556465254114184 -0.00603957474101739 -0.0350442324898424 -0.00349332065941154 -0.0203606777693542 0.0505789586196604
Maximizing likelihood @ n=128×2203=281984
 SD[log(ℓ)] = 0.73887829610352
 Δlog(ℓ) = -0.388300705352485
 Δβ/SD[β] = 0.0136925455354198 0.0839390809337937 0.0773320822412867 0.110005757297081 0.0263049667951707 -0.0496919548589184 -0.121992984919684 -0.0240939364905338
Maximizing likelihood @ n=256×2203=563968
 SD[log(ℓ)] = 0.518373866345453
 Δlog(ℓ) = -0.121353937531673
 Δβ/SD[β] = -0.0182404085305787 0.0190422456071971 -0.0461848111747942 0.0269038539684847 0.0165171011811797 0.0120603314734952 -0.0278865454151242 0.0433483969986993
Maximizing likelihood @ n=512×2203=1127936
 SD[log(ℓ)] = 0.367853053054562
 Δlog(ℓ) = -0.162359780835146
 Δβ/SD[β] = 0.00136295620025061 0.0269269279490822 -0.00675691371394917 -0.0108776250155657 0.0126460680350218 -0.0152603638555709 -0.0300718310294561 -0.0354550370888974
Maximizing likelihood @ n=1024×2203=2255872
 SD[log(ℓ)] = 0.258625843171079
 Δlog(ℓ) = -0.0945847591293401
 Δβ/SD[β] = 0.00483715373684531 0.0264896248886655 -0.00427201361643123 0.00426480500792511 -0.01843581620769 0.00223090100539161 -0.0280234800745185 0.0397689887923342
Maximizing likelihood @ n=2048×2203=4511744
 SD[log(ℓ)] = 0.183684920113859
 Δlog(ℓ) = -0.000313706742936404
 Δβ/SD[β] = -0.00211129941147001 0.0191556474936518 0.00824272820141074 0.00259237652396667 0.0160797267929261 0.00350248065615076 -0.0238592790784523 -0.0379911819122374
Maximizing likelihood @ n=4096×2203=9023488
 SD[log(ℓ)] = 0.13018735851889
 Δlog(ℓ) = -0.0408379089132254
 Δβ/SD[β] = 0.0640828559976191 0.345308299339756 0.0114219279807905 0.07678020250501 -0.0233996423584127 -0.205233765865405 -0.378604085954688 -0.00773151949173874
Maximizing likelihood @ n=8192×2203=18046976
 SD[log(ℓ)] = 0.0916453822545343
 Δlog(ℓ) = 0.0295282409315476
 Δβ/SD[β] = 0.0146736983994661 -0.00659641935657135 -0.018046626244786 0.0111638531356636 -0.00377260949938861 0.000252305548207413 0.00234235370825809 0.0349988979356756
Calculating Hessian
Warning message:
In rsf.fit(individual, individual_akde, R = R, max.mem = "2 Gb") :
  Calculation stopped before 2.2 Gb allocation.
Script complete
Wed Nov 20 19:27:27 MST 2024
