Fri Nov 15 15:54:55 MST 2024
Initiating script
── Attaching core tidyverse packages ──────────────────────── tidyverse 2.0.0 ──
✔ dplyr     1.1.4     ✔ readr     2.1.5
✔ forcats   1.0.0     ✔ stringr   1.5.1
✔ ggplot2   3.5.1     ✔ tibble    3.2.1
✔ lubridate 1.9.3     ✔ tidyr     1.3.1
✔ purrr     1.0.2     
── Conflicts ────────────────────────────────────────── tidyverse_conflicts() ──
✖ ggplot2::annotate() masks ctmm::annotate()
✖ dplyr::filter()     masks stats::filter()
✖ dplyr::lag()        masks stats::lag()
ℹ Use the conflicted package (<http://conflicted.r-lib.org/>) to force all conflicts to become errors
Linking to GEOS 3.9.5, GDAL 3.8.5, PROJ 9.4.0; sf_use_s2() is TRUE
Loading required package: sp

Attaching package: ‘raster’

The following object is masked from ‘package:dplyr’:

    select

The following objects are masked from ‘package:ctmm’:

    projection, projection<-

terra 1.7.78

Attaching package: ‘terra’

The following object is masked from ‘package:tidyr’:

    extract

The following objects are masked from ‘package:ctmm’:

    distance, meta

[1] "/home/u15/mmercer3/proj/habitat_analysis_class/Final/Model_Fit_Results/Braeden_rr.Rda"
     [,1]                                
[1,] "Data loaded at 2024-11-15 15:55:05"
Reading layer `major' from data source 
  `/home/u15/mmercer3/proj/habitat_analysis_class/Final/Major_Roads' 
  using driver `ESRI Shapefile'
Simple feature collection with 411 features and 7 fields
Geometry type: LINESTRING
Dimension:     XY
Bounding box:  xmin: 477946 ymin: 3545735 xmax: 511807.9 ymax: 3592212
Projected CRS: WGS 84 / UTM zone 12N
     [,1]                                 
[1,] "Roads loaded at 2024-11-15 15:55:05"
Default grid size of 47.9933333333333 minutes chosen for bandwidth(...,fast=TRUE).
|---------|---------|---------|---------|=========================================                                          [1] 1681968
[1] 1681968
Starting buffer 30 
Maximizing likelihood @ n=1×1105=1105
 SD[log(ℓ)] = 7.20891938754462
 Δlog(ℓ) = Inf
 Δβ/SD[β] = -1.53487328107981 -0.0189629408152103 -0.0106459564417829 -1.21841077529449 1.90809436857452 -0.0120166864069373
Maximizing likelihood @ n=2×1105=2210
 SD[log(ℓ)] = 7.18032456451001
 Δlog(ℓ) = 52.2240473298108
 Δβ/SD[β] = -6.66552521610635 -10.310412945594 -2.46852850606319 -0.0346205151112902 0.285598069654886 0.438511633141028
Maximizing likelihood @ n=4×1105=4420
 SD[log(ℓ)] = 5.86902001651705
 Δlog(ℓ) = 23.0267574298219
 Δβ/SD[β] = -0.2282008611269 -0.468420185692652 0.138994817743832 -0.275460636869764 0.10253047117485 0.0713527932332072
Maximizing likelihood @ n=8×1105=8840
 SD[log(ℓ)] = 4.46985338542512
 Δlog(ℓ) = 10.5745548681211
 Δβ/SD[β] = -0.0601996314151329 -0.116848022318736 -0.596223426701997 -0.200740492168225 0.0560748964584552 0.212473919378588
Maximizing likelihood @ n=16×1105=17680
 SD[log(ℓ)] = 3.32047950195947
 Δlog(ℓ) = 5.42596170428624
 Δβ/SD[β] = -0.254321267971766 -0.297178316793107 -0.20525170050238 -0.714847463401486 0.283339290851647 -0.0663888866609907
Maximizing likelihood @ n=32×1105=35360
 SD[log(ℓ)] = 2.47427792673533
 Δlog(ℓ) = 7.03178407947266
 Δβ/SD[β] = -0.390931947331799 -0.568213553604189 -0.253688453846274 -0.560686516707667 0.13011551514493 -0.26094998206886
Maximizing likelihood @ n=64×1105=70720
 SD[log(ℓ)] = 1.76074165005318
 Δlog(ℓ) = 0.247312038597386
 Δβ/SD[β] = -0.00507522712837052 -0.076102939550233 -0.0466669387223534 0.0697282086084935 0.0438780245084353 0.0019751431202716
Maximizing likelihood @ n=128×1105=141440
 SD[log(ℓ)] = 1.26833811469182
 Δlog(ℓ) = 0.0905983487296567
 Δβ/SD[β] = -0.0637114006047546 -0.108070353521192 0.00597679883080646 0.194489958666501 -0.00277712175313357 -0.0134570829234824
Maximizing likelihood @ n=256×1105=282880
 SD[log(ℓ)] = 0.989044364489002
 Δlog(ℓ) = 1.21867190915569
 Δβ/SD[β] = -0.107130339622864 -0.289420140646369 -0.0461179237583293 0.109599242932059 0.0123936440957808 0.011332898064919
Maximizing likelihood @ n=512×1105=565760
 SD[log(ℓ)] = 0.699400543113402
 Δlog(ℓ) = 0.294500627724688
 Δβ/SD[β] = -0.0403265714572192 -0.0712509192534961 -0.0470511999787483 -0.0908456150144943 -0.00403431937982831 -0.0485588157444871
Maximizing likelihood @ n=1024×1105=1131520
 SD[log(ℓ)] = 0.501061574881285
 Δlog(ℓ) = -0.0642805314831776
 Δβ/SD[β] = -0.0429074484188971 0.062141733215243 -0.0172286424591591 0.0162185679773767 0.00392146251658021 -0.00426449903125194
Maximizing likelihood @ n=2048×1105=2263040
 SD[log(ℓ)] = 0.352815050379637
 Δlog(ℓ) = 0.237086728364119
 Δβ/SD[β] = 0.0028927468993248 -0.0703059249783711 -0.104002409050418 -0.125840868643445 0.00468011923741198 0.0948355889918804
Maximizing likelihood @ n=4096×1105=4526080
 SD[log(ℓ)] = 0.246470001065238
 Δlog(ℓ) = 0.110517085042744
 Δβ/SD[β] = -0.0294856986780212 0.0225024124662122 -0.0242824433328011 0.00860978958587058 0.000491096492715504 0.0155408476868236
Maximizing likelihood @ n=8192×1105=9052160
 SD[log(ℓ)] = 0.172775796971577
 Δlog(ℓ) = -0.468338489346564
 Δβ/SD[β] = 0.0182935766559643 -0.00643155563137992 -0.0432310557038372 -0.00374370501443536 -0.0246104812825656 -0.00400031616220171
Maximizing likelihood @ n=16384×1105=18104320
 SD[log(ℓ)] = 0.129017002669634
 Δlog(ℓ) = 0.0507380465009817
 Δβ/SD[β] = -0.0235073678665495 0.013061300743996 -0.0279513775610974 0.0284824095153152 0.0217894523027551 0.0101339180118423
Calculating Hessian
Maximizing likelihood @ n=1×1105=1105
 SD[log(ℓ)] = 6.70865424908494
 Δlog(ℓ) = Inf
 Δβ/SD[β] = 1.19368185458459 -0.147936664448835 -0.0881132762801217 -1.23841765034435 1.21819954679001 0.17744328599536
Maximizing likelihood @ n=2×1105=2210
 SD[log(ℓ)] = 7.42281656784707
 Δlog(ℓ) = 61.8161777087075
 Δβ/SD[β] = 8.80837640169111 -0.802085535932903 -0.296416814010707 -2.1210420838458 4.42209356319518 -1.36258547610636
Maximizing likelihood @ n=4×1105=4420
 SD[log(ℓ)] = 5.5763288933732
 Δlog(ℓ) = 4.68485083574646
 Δβ/SD[β] = 0.909975442493983 -0.433578016760253 -0.222917333153204 0.297848342872037 0.374250568343503 0.189164155287817
Maximizing likelihood @ n=8×1105=8840
 SD[log(ℓ)] = 4.33586040950989
 Δlog(ℓ) = 12.090395152603
 Δβ/SD[β] = 0.880682480959349 -0.676399665447068 -0.267476039260504 -1.25723666962369 0.232870143354426 0.106343896105522
Maximizing likelihood @ n=16×1105=17680
 SD[log(ℓ)] = 3.24435915706417
 Δlog(ℓ) = 6.02743092185844
 Δβ/SD[β] = 0.374388451453013 -0.228587733230459 0.14005846990394 -0.495671988384719 0.185576979742288 0.122666825605506
Maximizing likelihood @ n=32×1105=35360
 SD[log(ℓ)] = 2.37432405867742
 Δlog(ℓ) = 2.88147158451639
 Δβ/SD[β] = -0.00724827010915459 -0.0106943715648624 0.126574866543029 -0.0272581540360015 0.0265228295883622 0.556862785829747
Maximizing likelihood @ n=64×1105=70720
 SD[log(ℓ)] = 1.7968097928969
 Δlog(ℓ) = 1.14396287035225
 Δβ/SD[β] = 0.294721894927103 -0.0116727736254555 0.0630799130775154 0.445490283637386 0.123277535735818 1.01225002090823
Maximizing likelihood @ n=128×1105=141440
 SD[log(ℓ)] = 1.28453526637275
 Δlog(ℓ) = 0.636749491304272
 Δβ/SD[β] = -0.00725409802340314 -0.127514182586612 -0.125791632260979 -0.417404276143261 0.0334026396201006 0.0537736545622241
Maximizing likelihood @ n=256×1105=282880
 SD[log(ℓ)] = 0.906249656526924
 Δlog(ℓ) = 1.11865670916208
 Δβ/SD[β] = -0.0241823370083333 -0.0771152822815703 -0.0908133532321212 -0.231283993287998 0.0161739846069275 -0.163406240057791
Maximizing likelihood @ n=512×1105=565760
 SD[log(ℓ)] = 0.665922548866909
 Δlog(ℓ) = -1.0103886786855
 Δβ/SD[β] = 0.0647805246139786 -0.0422406730750892 -0.0425444893228966 0.150492363591274 -0.0157711115917128 0.029470157376017
Maximizing likelihood @ n=1024×1105=1131520
 SD[log(ℓ)] = 0.464068450926805
 Δlog(ℓ) = -0.117731375156438
 Δβ/SD[β] = -0.0223771487037225 -0.0337681965164695 0.0109811888662525 -0.04998816628327 0.0170556018804535 -0.0272084264705962
Maximizing likelihood @ n=2048×1105=2263040
 SD[log(ℓ)] = 0.342715415021238
 Δlog(ℓ) = 0.358131078731901
 Δβ/SD[β] = 0.038110200213182 -0.00369534727249202 0.000148388218935193 0.0291472895152033 0.00667170704537232 -0.017192493842202
Maximizing likelihood @ n=4096×1105=4526080
 SD[log(ℓ)] = 0.246121215337001
 Δlog(ℓ) = 0.0619207812361253
 Δβ/SD[β] = 0.0359334367514162 -0.0266232924706338 -0.00624181575852185 0.0192913222094888 0.00205876061390824 -0.011131432394323
Maximizing likelihood @ n=8192×1105=9052160
 SD[log(ℓ)] = 0.169121229186097
 Δlog(ℓ) = 0.0892992862181359
 Δβ/SD[β] = 0.00434885139093047 -0.00183232844299062 -0.00445556222345811 -0.0429736899022134 -0.00156957529837414 -0.0076713693260038
Maximizing likelihood @ n=16384×1105=18104320
 SD[log(ℓ)] = 0.11957662718685
 Δlog(ℓ) = 0.0412081988174862
 Δβ/SD[β] = -0.00260348920033854 -0.00367085238021094 -0.0131373535350653 0.0108572740330437 0.0166131864071197 -0.0205506968329715
Calculating Hessian
Maximizing likelihood @ n=1×1105=1105
 SD[log(ℓ)] = 8.66410659099207
 Δlog(ℓ) = Inf
 Δβ/SD[β] = 2.07691155147163 -0.056994499620456 -0.115565411199844 -1.36227045083802 2.76808809162398 0.200676026158297
Maximizing likelihood @ n=2×1105=2210
 SD[log(ℓ)] = 6.97380798422744
 Δlog(ℓ) = 23.6390959978442
 Δβ/SD[β] = 4.22651339630742 -1.30759863498385 0.549985632173062 -1.04952321701751 1.26075575447137 -0.818016917307841
Maximizing likelihood @ n=4×1105=4420
 SD[log(ℓ)] = 5.13853714194333
 Δlog(ℓ) = 2.58981818530711
 Δβ/SD[β] = 0.132734932896695 -0.127652481364861 -0.00585680191255449 0.144940934937981 0.0847343661380693 0.653513443679431
Maximizing likelihood @ n=8×1105=8840
 SD[log(ℓ)] = 3.89344663471168
 Δlog(ℓ) = 8.48621175328609
 Δβ/SD[β] = 0.451754943360086 -0.177210193622418 0.162111874665897 -1.08907187156175 0.381031601522094 -0.183424433888096
Maximizing likelihood @ n=16×1105=17680
 SD[log(ℓ)] = 2.90878945682
 Δlog(ℓ) = 4.71811361003066
 Δβ/SD[β] = 0.477172115239791 -0.552325254447142 0.281375272744322 0.457682650158944 0.131809666675016 -0.462840557510253
Maximizing likelihood @ n=32×1105=35360
 SD[log(ℓ)] = 2.1141740878291
 Δlog(ℓ) = 2.21602580990969
 Δβ/SD[β] = 0.109115784701692 -0.232384478663002 0.000361142026464386 -0.248677556832855 0.14144910583251 -0.18015539964923
Maximizing likelihood @ n=64×1105=70720
 SD[log(ℓ)] = 1.62591220221733
 Δlog(ℓ) = -2.73441577973708
 Δβ/SD[β] = 0.214257813818475 0.180884340848142 -0.0178596583970611 1.12067186006661 -0.102577729234634 -0.171295490182016
Maximizing likelihood @ n=128×1105=141440
 SD[log(ℓ)] = 1.17706190796938
 Δlog(ℓ) = 2.59084740334649
 Δβ/SD[β] = 0.0756744934430048 -0.20407191294595 0.0938222346371058 -0.485305621209477 0.0738034988139645 0.017729767052091
Maximizing likelihood @ n=256×1105=282880
 SD[log(ℓ)] = 0.814508439459741
 Δlog(ℓ) = -0.111902353991667
 Δβ/SD[β] = 0.0479899882850245 -0.142091243867951 0.0456305944569335 -0.120716860025914 -0.00873770111327116 0.178802744660489
Maximizing likelihood @ n=512×1105=565760
 SD[log(ℓ)] = 0.578545204001464
 Δlog(ℓ) = -0.053070988364567
 Δβ/SD[β] = -0.0248130105021352 -0.0863596054401339 0.0902681909202257 -0.0689937491362648 0.00740167758175792 0.0449633088627104
Maximizing likelihood @ n=1024×1105=1131520
 SD[log(ℓ)] = 0.403151079682013
 Δlog(ℓ) = 0.234488150078505
 Δβ/SD[β] = 0.00312746201323365 0.0163692403489695 0.00461451442987758 -0.0700327590707103 -0.0283616094307267 0.0259837853462217
Maximizing likelihood @ n=2048×1105=2263040
 SD[log(ℓ)] = 0.283270816431892
 Δlog(ℓ) = 0.206548928644338
 Δβ/SD[β] = -0.00183127132542093 0.0474627006700339 -0.00217987105266098 -0.0485095130681301 0.00213236260550578 0.0182932050503191
Maximizing likelihood @ n=4096×1105=4526080
 SD[log(ℓ)] = 0.200336902185058
 Δlog(ℓ) = 0.378263091700973
 Δβ/SD[β] = -0.0271642862903142 0.00327119046655842 -0.0112658168913877 -0.01733617418468 0.0120567837101192 0.023090716299616
Maximizing likelihood @ n=8192×1105=9052160
 SD[log(ℓ)] = 0.141653839372463
 Δlog(ℓ) = -0.0866624933449884
 Δβ/SD[β] = 0.0126363119205962 0.00665476274345398 0.0169899695367249 0.0443710800709934 -0.0106434143362094 0.0280950550160512
Maximizing likelihood @ n=16384×1105=18104320
 SD[log(ℓ)] = 0.100106934183068
 Δlog(ℓ) = 0.0432384350114887
 Δβ/SD[β] = -0.0109795197097418 -0.000900615969258022 0.00695754291508382 -0.0298505917701401 0.010019238553679 0.0164828487275816
Calculating Hessian
Maximizing likelihood @ n=1×1105=1105
 SD[log(ℓ)] = 8.64715551617175
 Δlog(ℓ) = Inf
 Δβ/SD[β] = 1.49715908250121 0.204738544407513 -0.245096203024926 -1.23629217698546 3.03612205168538 -0.214410679701204
Maximizing likelihood @ n=2×1105=2210
 SD[log(ℓ)] = 7.0860097119111
 Δlog(ℓ) = 26.8550643066713
 Δβ/SD[β] = 1.3642102185247 0.856746566028468 -1.36808121065506 -0.317724460118744 1.89338956371831 -1.05617419975202
Maximizing likelihood @ n=4×1105=4420
 SD[log(ℓ)] = 5.33777346340394
 Δlog(ℓ) = 9.14822879152402
 Δβ/SD[β] = 0.219223706828378 -0.0856974065004676 0.0370071846913861 0.395647195127886 0.726286809554121 -0.0647301347243303
Maximizing likelihood @ n=8×1105=8840
 SD[log(ℓ)] = 3.9726017349095
 Δlog(ℓ) = 8.35544838186374
 Δβ/SD[β] = 0.43933281423645 0.172514430712776 -0.320876499461008 -0.209387074140947 0.504333515959876 -0.253041395872375
Maximizing likelihood @ n=16×1105=17680
 SD[log(ℓ)] = 2.90642433557622
 Δlog(ℓ) = 4.0023063462769
 Δβ/SD[β] = -0.0659835141421495 0.174683662647346 -0.114446372798532 -0.714292661218974 0.185621301309051 0.0558960134525596
Maximizing likelihood @ n=32×1105=35360
 SD[log(ℓ)] = 2.07997365353785
 Δlog(ℓ) = 0.573454024476263
 Δβ/SD[β] = 0.0747882464652887 0.036791591977899 0.0241898175945604 -0.0772929369327929 0.0676033859992901 0.0439331146064196
Maximizing likelihood @ n=64×1105=70720
 SD[log(ℓ)] = 1.63028532289876
 Δlog(ℓ) = -0.505975363181818
 Δβ/SD[β] = 0.0108825137877691 -0.588673509740733 -0.103361456613825 2.06807557278141 0.16374280574795 0.423274253957617
Maximizing likelihood @ n=128×1105=141440
 SD[log(ℓ)] = 1.16757288520373
 Δlog(ℓ) = 0.503132361391295
 Δβ/SD[β] = 0.0811650576203981 0.0457949437072641 -0.100937981448261 -0.443192065570422 0.0507667960270486 -0.295095272487685
Maximizing likelihood @ n=256×1105=282880
 SD[log(ℓ)] = 0.833819144071403
 Δlog(ℓ) = 0.964436928598843
 Δβ/SD[β] = -0.147844750698531 -0.00952309939519454 0.155785916816514 -0.49854158249665 -0.0777391637663542 0.0446465527661241
Maximizing likelihood @ n=512×1105=565760
 SD[log(ℓ)] = 0.584003132974791
 Δlog(ℓ) = 1.14807700644394
 Δβ/SD[β] = -0.0449332206010549 0.0207688742969191 0.0736783896424166 -0.274942891912577 0.044149696134657 -0.0853183874148447
Maximizing likelihood @ n=1024×1105=1131520
 SD[log(ℓ)] = 0.394588847083782
 Δlog(ℓ) = -0.215912935617894
 Δβ/SD[β] = 0.0283259403374388 0.0298839697744121 0.000247672407197517 -0.0400699457798008 -0.0493767704285529 -0.0150926285200936
Maximizing likelihood @ n=2048×1105=2263040
 SD[log(ℓ)] = 0.273047666408352
 Δlog(ℓ) = 0.235865634175866
 Δβ/SD[β] = -0.0153869988742232 0.019145183282239 0.00655714732030774 -0.0697504393923629 0.0699865773709645 -0.0425900934463095
Maximizing likelihood @ n=4096×1105=4526080
 SD[log(ℓ)] = 0.194323001100356
 Δlog(ℓ) = -0.267570192996573
 Δβ/SD[β] = 0.0174996017650505 0.0227535900826896 0.00447393835230489 0.00705160271001844 -0.0509787146978149 -0.0348032741838917
Maximizing likelihood @ n=8192×1105=9052160
 SD[log(ℓ)] = 0.135214094710311
 Δlog(ℓ) = -0.071789745837151
 Δβ/SD[β] = -0.0296820511331771 0.0218978174278372 -0.0180405818769697 -0.0276676747915122 0.0140097069220032 -0.0316226982679628
Maximizing likelihood @ n=16384×1105=18104320
 SD[log(ℓ)] = 0.0949876508531512
 Δlog(ℓ) = -0.0233906431816422
 Δβ/SD[β] = 0.0305511123263724 -0.0016131946848236 0.00287305516818128 -0.0146980107684481 -0.00474549545604356 -0.0159834787949166
Calculating Hessian
Starting buffer 750 
Maximizing likelihood @ n=1×1105=1105
 SD[log(ℓ)] = 9.31369668439507
 Δlog(ℓ) = Inf
 Δβ/SD[β] = -0.917498410193227 -0.141850288142978 -0.0552406929799088 -1.57332783990106 3.25914117653131 0.103846822865674
Maximizing likelihood @ n=2×1105=2210
 SD[log(ℓ)] = 6.97488856444315
 Δlog(ℓ) = 0.127679877505528
 Δβ/SD[β] = -0.184565721264283 0.60503265957589 0.728685021138462 0.257635343609485 0.0896687667577776 0.0957655233212524
Maximizing likelihood @ n=4×1105=4420
 SD[log(ℓ)] = 5.1099756240011
 Δlog(ℓ) = -2.63635916664322
 Δβ/SD[β] = -0.019323874234357 0.0689448089285537 0.0359712719302713 0.208743050980386 0.0598747297794299 -0.0342034315792127
Maximizing likelihood @ n=8×1105=8840
 SD[log(ℓ)] = 3.8212189138053
 Δlog(ℓ) = 4.62973535119323
 Δβ/SD[β] = -0.0227229992546956 0.103135810212009 -0.123624701773569 -0.0797181321313306 0.0491088547490754 0.0442404820765789
Maximizing likelihood @ n=16×1105=17680
 SD[log(ℓ)] = 2.84303995571001
 Δlog(ℓ) = 5.30053832707546
 Δβ/SD[β] = 0.0110921151154465 -0.0777610688972656 -0.0516652876601089 -0.375506680416374 0.131622003888823 -0.0299852017263238
Maximizing likelihood @ n=32×1105=35360
 SD[log(ℓ)] = 2.05665411650319
 Δlog(ℓ) = 2.12546678239499
 Δβ/SD[β] = 0.104317651110443 0.00436092184871811 -0.132374085592079 -0.0338547892308578 0.00958953550534676 0.317226135234482
Maximizing likelihood @ n=64×1105=70720
 SD[log(ℓ)] = 1.50158065951753
 Δlog(ℓ) = -1.38219001905563
 Δβ/SD[β] = -0.00794404185537152 0.0144747978157022 0.019200770658659 0.121074107662312 0.0110331416642871 -0.0468361789824099
Maximizing likelihood @ n=128×1105=141440
 SD[log(ℓ)] = 1.4429008739853
 Δlog(ℓ) = -2.93204951226636
 Δβ/SD[β] = 0.0971438939097598 -0.223327128226644 -0.065761521541178 0.1659224923419 -0.00745942132506768 -0.081326096873535
Maximizing likelihood @ n=256×1105=282880
 SD[log(ℓ)] = 1.09741294984708
 Δlog(ℓ) = 0.435710921733801
 Δβ/SD[β] = 0.0249913888864199 -0.26351518295132 0.231166615447718 -0.836125934620197 -0.0466823278184238 0.130495714957567
Maximizing likelihood @ n=512×1105=565760
 SD[log(ℓ)] = 0.766318790442473
 Δlog(ℓ) = 0.494830705941695
 Δβ/SD[β] = 0.0109122831810406 -0.0620665398087405 -0.0697015986452649 -0.402072325063589 0.0654977314421099 0.0116395440200697
Maximizing likelihood @ n=1024×1105=1131520
 SD[log(ℓ)] = 0.516432068743276
 Δlog(ℓ) = 0.104503404922355
 Δβ/SD[β] = 0.0506124216616994 0.0835730831643938 -0.0247349025718048 -0.248422638071507 0.0177414072816172 -0.0994883177307494
Maximizing likelihood @ n=2048×1105=2263040
 SD[log(ℓ)] = 0.351913047423311
 Δlog(ℓ) = 0.621496805426631
 Δβ/SD[β] = -0.0210785583319179 0.0214871550248021 -0.0221558772771502 -0.0333068787711177 0.011322679928855 -0.0321989231011192
Maximizing likelihood @ n=4096×1105=4526080
 SD[log(ℓ)] = 0.23455622482466
 Δlog(ℓ) = 0.0474823161631264
 Δβ/SD[β] = -0.033698492279362 0.066088516513472 0.00357490049983552 -0.0134436437665828 -0.0739242250843753 -0.0321765099477223
Maximizing likelihood @ n=8192×1105=9052160
 SD[log(ℓ)] = 0.156083284335056
 Δlog(ℓ) = 0.173503801910073
 Δβ/SD[β] = -0.00817926062898259 0.001058526440177 -0.00969386937604844 -0.0163047480915419 0.00315346815120803 0.00242518368287856
Maximizing likelihood @ n=16384×1105=18104320
 SD[log(ℓ)] = 0.106304262865529
 Δlog(ℓ) = -0.121111969718953
 Δβ/SD[β] = -0.0133939169104766 0.028729453605653 -0.0163368447818064 -0.0101550377983106 0.038550186055098 -0.0247241854087417
Calculating Hessian
Maximizing likelihood @ n=1×1105=1105
 SD[log(ℓ)] = 8.39750136712535
 Δlog(ℓ) = Inf
 Δβ/SD[β] = 0.80069990431488 -0.00134208332005272 0.0998369981089063 -1.31146593450655 2.80052250042038 0.163116628317708
Maximizing likelihood @ n=2×1105=2210
 SD[log(ℓ)] = 6.6817060105499
 Δlog(ℓ) = 17.6554078607728
 Δβ/SD[β] = 0.156975864741669 0.289209217805586 -0.664675022328165 -1.07583616788756 2.30958337337918 1.16926481849458
Maximizing likelihood @ n=4×1105=4420
 SD[log(ℓ)] = 4.96047429817685
 Δlog(ℓ) = 3.88582905567017
 Δβ/SD[β] = -0.110115069698316 0.291578976563608 -0.458657649247109 -0.444124945642694 0.274334975513503 -0.923774507800466
Maximizing likelihood @ n=8×1105=8840
 SD[log(ℓ)] = 3.70229467173126
 Δlog(ℓ) = 4.79904693670994
 Δβ/SD[β] = -0.0897543476582 0.0112864145988131 -0.247810521481312 -0.0310667420008737 0.0186549571673973 -0.224400071901712
Maximizing likelihood @ n=16×1105=17680
 SD[log(ℓ)] = 2.76974703824772
 Δlog(ℓ) = 6.47966235610446
 Δβ/SD[β] = 0.0170753281414013 -0.0739832034306807 -0.0757950109288044 -0.0925323221213949 0.0248492458216728 -0.271123011883089
Maximizing likelihood @ n=32×1105=35360
 SD[log(ℓ)] = 2.12731403473162
 Δlog(ℓ) = -0.965216491212288
 Δβ/SD[β] = 0.0349057364964018 -0.0460445923458059 0.0019998112388842 0.0778244112342932 -0.000782469553277591 -0.0514499491039649
Maximizing likelihood @ n=64×1105=70720
 SD[log(ℓ)] = 1.51951371067092
 Δlog(ℓ) = 0.326327554418356
 Δβ/SD[β] = 2.04233636247207e-05 -0.000405578573721534 -0.000215751673569747 -0.0209814810905378 0.00751089592405947 0.000229595815833777
Maximizing likelihood @ n=128×1105=141440
 SD[log(ℓ)] = 1.07254719980188
 Δlog(ℓ) = -0.039453260339144
 Δβ/SD[β] = 0.0839451533154561 -0.0237704876177576 -0.0472630160461267 -0.0477596546480905 -0.0041191592128359 0.0247092747826048
Maximizing likelihood @ n=256×1105=282880
 SD[log(ℓ)] = 0.762781135905359
 Δlog(ℓ) = 0.491699306190924
 Δβ/SD[β] = 0.00334294262934701 -0.00374665091115969 0.0053346363149847 -0.0278635761451772 -0.0109692057728693 0.00588803617781194
Maximizing likelihood @ n=512×1105=565760
 SD[log(ℓ)] = 0.536757862387068
 Δlog(ℓ) = 0.0027958459657782
 Δβ/SD[β] = 0.00509301177428847 -0.184171864142725 -0.243656393764571 0.00554128347745939 -0.00757312450876276 0.22285339033177
Maximizing likelihood @ n=1024×1105=1131520
 SD[log(ℓ)] = 0.379778997477644
 Δlog(ℓ) = 0.314004132180742
 Δβ/SD[β] = 0.00156281475481863 -0.00780052439443824 -0.0137768567772406 -0.00288026398345455 0.0212276893454805 -0.00729544943359406
Maximizing likelihood @ n=2048×1105=2263040
 SD[log(ℓ)] = 0.270930097669203
 Δlog(ℓ) = -0.216295648348449
 Δβ/SD[β] = -0.000501065396380169 0.0110007164754416 -0.0100844446535418 -0.0128061219041505 -0.0100573044896844 -0.00589842621457649
Maximizing likelihood @ n=4096×1105=4526080
 SD[log(ℓ)] = 0.195272312002239
 Δlog(ℓ) = -0.0136089957849208
 Δβ/SD[β] = -0.00765777349552804 -0.00331864453646712 -0.0109083749868217 0.0214613387802929 0.00847597090342606 0.00525844427857859
Maximizing likelihood @ n=8192×1105=9052160
 SD[log(ℓ)] = 0.137985945353259
 Δlog(ℓ) = -0.0223761699599834
 Δβ/SD[β] = 0.000229613529053918 -0.00724951763254286 0.00219608417083961 -0.0166069926047545 -0.00501471063912384 0.00378698389260249
Maximizing likelihood @ n=16384×1105=18104320
 SD[log(ℓ)] = 0.0986698205606858
 Δlog(ℓ) = -0.137865110507107
 Δβ/SD[β] = -0.0170465661440802 -0.0204572056709581 -0.0181007000993164 0.0306601495980981 0.00133606299682247 0.021105800826134
Calculating Hessian
Maximizing likelihood @ n=1×1105=1105
 SD[log(ℓ)] = 8.31280909020453
 Δlog(ℓ) = Inf
 Δβ/SD[β] = 0.0315546394771141 -0.0296333889585154 0.0212151010862327 -1.3729648015482 3.07456618108138 0.0231226850667087
Maximizing likelihood @ n=2×1105=2210
 SD[log(ℓ)] = 6.2784918666004
 Δlog(ℓ) = 8.23784929327454
 Δβ/SD[β] = 0.108045086506596 -0.134927459063 0.0562956209570498 0.642283383954994 1.03789998802978 0.0467736691310499
Maximizing likelihood @ n=4×1105=4420
 SD[log(ℓ)] = 4.8900908335122
 Δlog(ℓ) = 17.2499764378902
 Δβ/SD[β] = -0.346471574326782 -0.523364603490851 0.0323559234959907 -1.45055045792299 0.269268172990323 -0.123084612819884
Maximizing likelihood @ n=8×1105=8840
 SD[log(ℓ)] = 3.69199884076705
 Δlog(ℓ) = 9.91185674019636
 Δβ/SD[β] = -0.144846373890511 -0.989597195571302 -0.318356103919644 -0.178751046815658 0.448312409745885 0.131946398706434
Maximizing likelihood @ n=16×1105=17680
 SD[log(ℓ)] = 2.70834149169301
 Δlog(ℓ) = 3.30002778153633
 Δβ/SD[β] = 0.0575064489429805 -0.436589393901029 -0.18664991600829 0.0547974345073883 0.0959648241930831 0.0300409791162809
Maximizing likelihood @ n=32×1105=35360
 SD[log(ℓ)] = 2.04100904067814
 Δlog(ℓ) = -0.137160368250761
 Δβ/SD[β] = -0.00860640277855618 0.0120060471286883 -0.186560846900508 -0.273268591766962 -0.00796299788150303 0.250096717546692
Maximizing likelihood @ n=64×1105=70720
 SD[log(ℓ)] = 1.47180021929529
 Δlog(ℓ) = 0.758667878514785
 Δβ/SD[β] = -0.0216258976434253 0.00785043165576588 -0.0219458209689822 -0.0157816906771462 -0.0492648101693254 0.0220689568938171
Maximizing likelihood @ n=128×1105=141440
 SD[log(ℓ)] = 1.06503633629841
 Δlog(ℓ) = 0.239378026106863
 Δβ/SD[β] = 0.00430016717777991 0.0707089705563249 -0.00567888095722076 -0.0103725900305585 0.0556515831928888 0.0619537979616125
Maximizing likelihood @ n=256×1105=282880
 SD[log(ℓ)] = 0.743231711871514
 Δlog(ℓ) = -1.1652768079874
 Δβ/SD[β] = 0.00916893374440119 0.0212876784530169 0.0437224819503981 0.0510620323966437 -0.0576890355969922 0.0231610655308834
Maximizing likelihood @ n=512×1105=565760
 SD[log(ℓ)] = 0.536402300893552
 Δlog(ℓ) = 0.406021437634735
 Δβ/SD[β] = 0.0116673652571916 0.029212553310172 -0.0104858307350425 -0.00691088385829696 0.0538506832434049 0.0546258811613277
Maximizing likelihood @ n=1024×1105=1131520
 SD[log(ℓ)] = 0.393569680928422
 Δlog(ℓ) = -0.170049260218036
 Δβ/SD[β] = 7.54541079666307e-07 0.00114314983134255 -0.000129193744383907 0.00884090256396411 -0.00645214020058291 0.00218520161389902
Maximizing likelihood @ n=2048×1105=2263040
 SD[log(ℓ)] = 0.281362898512162
 Δlog(ℓ) = 0.335396430339728
 Δβ/SD[β] = -0.00327352828526601 -0.00314195830894377 -0.00229705120450601 -0.00171181870560066 0.0229349467678869 0.0308327841323478
Maximizing likelihood @ n=4096×1105=4526080
 SD[log(ℓ)] = 0.201494120033819
 Δlog(ℓ) = 0.0420746891389854
 Δβ/SD[β] = -0.0417140147309725 0.0223389121413259 -0.0388166873117232 -0.0183177670049937 -0.0525516704936186 0.0443174826549518
Maximizing likelihood @ n=8192×1105=9052160
 SD[log(ℓ)] = 0.146512073776531
 Δlog(ℓ) = -0.0602503192764061
 Δβ/SD[β] = -0.0251531312535151 0.060428796220471 -0.0119253247003892 0.00955859100944055 0.0624522248296656 0.0919522111906132
Maximizing likelihood @ n=16384×1105=18104320
 SD[log(ℓ)] = 0.101254801622245
 Δlog(ℓ) = 0.0998233298551838
 Δβ/SD[β] = 0 0 0 0 0 0
Calculating Hessian
Maximizing likelihood @ n=1×1105=1105
 SD[log(ℓ)] = 8.88537849681003
 Δlog(ℓ) = Inf
 Δβ/SD[β] = 1.67819968578386 0.1766484801841 -0.436258376820055 -1.22029115831528 3.31652126158965 -0.199476827462849
Maximizing likelihood @ n=2×1105=2210
 SD[log(ℓ)] = 6.95849318343215
 Δlog(ℓ) = 12.8719862279837
 Δβ/SD[β] = 1.69718077563576 1.36380132705454 -1.05071017022711 0.525435112049972 2.3170944934439 -1.92201004938951
Maximizing likelihood @ n=4×1105=4420
 SD[log(ℓ)] = 5.42952040569469
 Δlog(ℓ) = 16.9265268322163
 Δβ/SD[β] = 0.125397547476722 0.269371399198046 -0.0935283866921591 -0.0905049453173001 0.0899941376722738 -0.123806381358408
Maximizing likelihood @ n=8×1105=8840
 SD[log(ℓ)] = 4.07293512285761
 Δlog(ℓ) = 12.8139797486389
 Δβ/SD[β] = 0.109662997219654 0.18354577152301 0.00258550011723436 0.047093683194024 0.0469874866965802 -0.128420690392693
Maximizing likelihood @ n=16×1105=17680
 SD[log(ℓ)] = 3.02138373914685
 Δlog(ℓ) = 4.70751123445328
 Δβ/SD[β] = 1.03177695280258 0.531116506661719 -0.589629740732799 0.120551719158781 0.30144271032399 -0.733230810738311
Maximizing likelihood @ n=32×1105=35360
 SD[log(ℓ)] = 2.16370859733488
 Δlog(ℓ) = 2.70905206488828
 Δβ/SD[β] = 0.539914418164064 0.531888735285612 -0.215917889630398 0.257358598158753 0.330119724691715 -0.162743022036861
Maximizing likelihood @ n=64×1105=70720
 SD[log(ℓ)] = 1.53247945160831
 Δlog(ℓ) = -1.58093699718691
 Δβ/SD[β] = 0.008209705087409 -0.0436700984013426 -0.0308025183107576 0.0895856099351413 -0.0213803725082401 -0.0216745698039707
Maximizing likelihood @ n=128×1105=141440
 SD[log(ℓ)] = 1.07050608769607
 Δlog(ℓ) = -2.11173109035695
 Δβ/SD[β] = 0.158334298114523 0.0776035609874881 -0.0279486279917208 0.440251439556291 0.0156322713922058 -0.148929071786748
Maximizing likelihood @ n=256×1105=282880
 SD[log(ℓ)] = 0.759676825105071
 Δlog(ℓ) = 2.03680706121332
 Δβ/SD[β] = 0.0392378173280089 -0.0451723484362148 -0.0689487952231672 -0.107945969460081 0.12531898471084 0.00500388635526905
Maximizing likelihood @ n=512×1105=565760
 SD[log(ℓ)] = 0.540604071423029
 Δlog(ℓ) = 0.127336998248154
 Δβ/SD[β] = 0.0442022155470865 -0.00253771815680541 0.0111286135615717 -0.00921490906452031 0.00242432872311862 -0.0402510968639049
Maximizing likelihood @ n=1024×1105=1131520
 SD[log(ℓ)] = 0.381111466812809
 Δlog(ℓ) = -0.0466167429335371
 Δβ/SD[β] = -0.035783622705485 0.0246288207622028 -0.0131622413870835 -0.0645931039633948 0.000685863691484707 -0.0508506799815665
Maximizing likelihood @ n=2048×1105=2263040
 SD[log(ℓ)] = 0.269814672514214
 Δlog(ℓ) = -0.0567422461378442
 Δβ/SD[β] = 0.0152803440491063 -0.0409641818873141 0.0158064012188782 -0.0388233852723695 0.0266914559165421 0.00200609796370535
Maximizing likelihood @ n=4096×1105=4526080
 SD[log(ℓ)] = 0.19072187341594
 Δlog(ℓ) = 0.0881633060591298
 Δβ/SD[β] = -0.0305273064154121 0.0255584121506002 0.0105974280764089 -0.0374786022528678 -0.00736114445440365 -0.0413960143752712
Maximizing likelihood @ n=8192×1105=9052160
 SD[log(ℓ)] = 0.135340234016119
 Δlog(ℓ) = -0.0396693779079271
 Δβ/SD[β] = 0.0587797427026446 0.026964579571944 -0.0162879257523374 -0.0193822716088442 0.0121709450799579 -0.0455049966875015
Maximizing likelihood @ n=16384×1105=18104320
 SD[log(ℓ)] = 0.0956462221573932
 Δlog(ℓ) = -0.0872507076699947
 Δβ/SD[β] = -0.0236058890401968 0.013453451229211 -0.00398695459167306 -0.0187993394758869 -0.000905249187490378 0.00159968554564608
Calculating Hessian
Starting buffer 1500 
Maximizing likelihood @ n=1×1105=1105
 SD[log(ℓ)] = 7.7096614473425
 Δlog(ℓ) = Inf
 Δβ/SD[β] = -0.484939947039637 -0.0614105407258708 -0.042479921805362 -1.34061761535736 2.08031955580095 -0.0165821835941176
Maximizing likelihood @ n=2×1105=2210
 SD[log(ℓ)] = 6.49808379093941
 Δlog(ℓ) = 18.3669443485616
 Δβ/SD[β] = -0.451657267152507 0.65333913254752 -0.525904907999513 0.172157809828947 0.588612147366437 0.600727383059805
Maximizing likelihood @ n=4×1105=4420
 SD[log(ℓ)] = 4.95384822882918
 Δlog(ℓ) = 4.02571953696048
 Δβ/SD[β] = 0.268975673447042 0.321083005153706 -0.15441776223668 -1.58776804728831 0.161805917884459 0.288775605034214
Maximizing likelihood @ n=8×1105=8840
 SD[log(ℓ)] = 3.88280735892077
 Δlog(ℓ) = 10.0424708308139
 Δβ/SD[β] = 0.129568008834849 -0.050560572904952 0.224637362605664 -0.157647861837231 0.0497264359113149 0.21212256243505
Maximizing likelihood @ n=16×1105=17680
 SD[log(ℓ)] = 2.84220509996659
 Δlog(ℓ) = 2.41351827801296
 Δβ/SD[β] = -0.0337777550333756 -0.0270074962940455 0.0236939287429219 -0.561496247895688 -0.0609121520196384 0.0781097153566705
Maximizing likelihood @ n=32×1105=35360
 SD[log(ℓ)] = 2.08239896111177
 Δlog(ℓ) = 1.2039544508288
 Δβ/SD[β] = 0.0325187156994707 -0.242450482204022 0.151859718546145 -0.0325008231586174 0.0111803417786749 -0.0485689465715407
Maximizing likelihood @ n=64×1105=70720
 SD[log(ℓ)] = 1.48742960264504
 Δlog(ℓ) = 0.713301120075158
 Δβ/SD[β] = -0.0777134081660154 -0.129673569415794 0.00659279871143562 -0.169020675667097 -0.0120254874076184 0.0761067461987595
Maximizing likelihood @ n=128×1105=141440
 SD[log(ℓ)] = 1.07582320314551
 Δlog(ℓ) = -1.43395070918072
 Δβ/SD[β] = 0.0112876311566927 -0.118149166945863 0.0603991769290422 0.0133192022794195 0.0120824945031139 0.00651401896844229
Maximizing likelihood @ n=256×1105=282880
 SD[log(ℓ)] = 0.764625666450137
 Δlog(ℓ) = -0.294027120213428
 Δβ/SD[β] = -0.070188948137238 -0.147960904521351 0.0903475527446626 -0.116405031932861 0.0129972560962642 0.02187754644863
Maximizing likelihood @ n=512×1105=565760
 SD[log(ℓ)] = 0.540527208770261
 Δlog(ℓ) = 0.156693878145461
 Δβ/SD[β] = -0.00993208630163158 -0.0436924870484832 0.000559637981883594 0.00494809962100896 -0.00768060895653215 -0.0050279717050002
Maximizing likelihood @ n=1024×1105=1131520
 SD[log(ℓ)] = 0.384039031595311
 Δlog(ℓ) = 0.106450631986519
 Δβ/SD[β] = 0.130567627486292 -0.123496086514878 0.545260342784112 0.00415321923889998 0.00104564030702221 0.116429768927136
Maximizing likelihood @ n=2048×1105=2263040
 SD[log(ℓ)] = 0.270659598835457
 Δlog(ℓ) = 0.138726943698799
 Δβ/SD[β] = 0 0 0 0 0 0
Maximizing likelihood @ n=4096×1105=4526080
 SD[log(ℓ)] = 0.193153143098355
 Δlog(ℓ) = -0.102768942189982
 Δβ/SD[β] = -0.0235586821338002 -0.0218535349001068 0.0108921073024079 -0.0404092585488685 -0.016476837343076 0.0100425174536471
Maximizing likelihood @ n=8192×1105=9052160
 SD[log(ℓ)] = 0.138092069882757
 Δlog(ℓ) = -0.211374178323013
 Δβ/SD[β] = -0.00118400486831441 -0.0356262323220742 -0.0100506853065981 0.0518084147903236 0.00750029419798784 0.00990019990449812
Maximizing likelihood @ n=16384×1105=18104320
 SD[log(ℓ)] = 0.0985844398102432
 Δlog(ℓ) = -0.00103456997476314
 Δβ/SD[β] = 0.0143928075520741 -0.0452336017634465 0.0156046362443963 -0.0322988598555851 -0.0316292966010269 0.0116214041128132
Calculating Hessian
Maximizing likelihood @ n=1×1105=1105
 SD[log(ℓ)] = 8.09812320883571
 Δlog(ℓ) = Inf
 Δβ/SD[β] = 0.528702066833679 -0.0209639456489795 -0.0377808832389702 -1.2965903197593 2.63743035706169 0.1025764277881
Maximizing likelihood @ n=2×1105=2210
 SD[log(ℓ)] = 6.41837744812335
 Δlog(ℓ) = 18.7966587864062
 Δβ/SD[β] = -0.157425416456237 0.586413026334107 0.102567591054958 -0.0884478079958596 0.215647477948901 0.569841847478802
Maximizing likelihood @ n=4×1105=4420
 SD[log(ℓ)] = 5.103773789585
 Δlog(ℓ) = 18.954367517737
 Δβ/SD[β] = 0.0688669097500877 -0.340909830556321 0.101858658979736 -0.852246519315087 0.929179698975559 0.0269455347747602
Maximizing likelihood @ n=8×1105=8840
 SD[log(ℓ)] = 3.8497606588832
 Δlog(ℓ) = 6.69060338787054
 Δβ/SD[β] = -0.131320861578423 -0.148437215932256 0.0956979606841167 -0.133087609633393 0.0525680638522277 0.0668498364243338
Maximizing likelihood @ n=16×1105=17680
 SD[log(ℓ)] = 2.77916639677604
 Δlog(ℓ) = -1.42376984608759
 Δβ/SD[β] = 0.0252474311922594 -0.266013337537875 -0.0233241518282307 -0.00405362491137869 -0.01705265118803 -0.176071278353445
Maximizing likelihood @ n=32×1105=35360
 SD[log(ℓ)] = 2.00495830774492
 Δlog(ℓ) = 1.25762421780297
 Δβ/SD[β] = 0.00824945005553034 0.00413646499212201 -0.012657749623598 -0.0321715563604552 0.0109323580133333 0.00617625363081827
Maximizing likelihood @ n=64×1105=70720
 SD[log(ℓ)] = 1.43376338046578
 Δlog(ℓ) = -0.322693795774711
 Δβ/SD[β] = 0.0900716713712495 -0.10965821317921 -0.0160761903115641 -0.0526194009251503 0.0169998140159295 -0.109191383658875
Maximizing likelihood @ n=128×1105=141440
 SD[log(ℓ)] = 1.02665309410501
 Δlog(ℓ) = 1.16002488644745
 Δβ/SD[β] = -0.12434569472635 -0.150260532764016 -0.0665137266865075 -0.031827563051119 0.0338177673239648 -0.0325508924753393
Maximizing likelihood @ n=256×1105=282880
 SD[log(ℓ)] = 0.760509562719396
 Δlog(ℓ) = -0.323510417145087
 Δβ/SD[β] = -0.00611691938583045 -0.0754345292228855 0.0297289448622348 0.105395445010597 0.023851166005019 -0.0359651840300564
Maximizing likelihood @ n=512×1105=565760
 SD[log(ℓ)] = 0.535640115374844
 Δlog(ℓ) = 0.295522218585063
 Δβ/SD[β] = -0.0198452401171101 -0.0599890146120846 0.0499753831182539 -0.0713849338172937 -0.0362826600607466 -0.0543147222079763
Maximizing likelihood @ n=1024×1105=1131520
 SD[log(ℓ)] = 0.383365985870493
 Δlog(ℓ) = -0.215200403438217
 Δβ/SD[β] = 0.000881631432144963 -0.0289634070156525 0.0237104196021416 0.0764440783496936 0.0263426881459847 -0.019755647174247
Maximizing likelihood @ n=2048×1105=2263040
 SD[log(ℓ)] = 0.274900959917254
 Δlog(ℓ) = 0.374743059996462
 Δβ/SD[β] = -0.0328806804198637 -0.0415523311983197 0.0193014023305905 -0.0377104190266316 0.0282686584170794 -0.0304083971791212
Maximizing likelihood @ n=4096×1105=4526080
 SD[log(ℓ)] = 0.194869887587303
 Δlog(ℓ) = 0.0979104807740327
 Δβ/SD[β] = -0.0183530527255446 0.00990459015698048 0.0132679141006623 0.0526833366507544 -0.00412414936139365 -0.0228798921221488
Maximizing likelihood @ n=8192×1105=9052160
 SD[log(ℓ)] = 0.140673276384069
 Δlog(ℓ) = -0.234945004129827
 Δβ/SD[β] = 0.0202906984025694 -0.0294948910100643 -0.0102772360465445 0.0467659815507134 -0.000962076282990409 -0.0234684257355251
Maximizing likelihood @ n=16384×1105=18104320
 SD[log(ℓ)] = 0.0989679642551188
 Δlog(ℓ) = -0.0452341575443143
 Δβ/SD[β] = -0.00345207254103023 -0.242359773465904 0.0212098277543445 0.00331832394354265 -0.000949257574647365 -0.0379199358485292
Calculating Hessian
Maximizing likelihood @ n=1×1105=1105
 SD[log(ℓ)] = 8.1874918075911
 Δlog(ℓ) = Inf
 Δβ/SD[β] = -1.54416317938238 -1.32989459785518 0.310929731938923 -33.3056198730627 13.5205734579055 1.30776880008906
Maximizing likelihood @ n=2×1105=2210
 SD[log(ℓ)] = 6.44172603838431
 Δlog(ℓ) = 20.2302136162223
 Δβ/SD[β] = 0.0346078809973516 0.0402717341665197 -0.0131328043495151 -0.171853551142656 0.119865499488717 0.14430053883695
Maximizing likelihood @ n=4×1105=4420
 SD[log(ℓ)] = 4.85179388322195
 Δlog(ℓ) = 6.36078096125729
 Δβ/SD[β] = -0.128516761789789 -0.403452560529175 -0.120837854834243 0.217405508802559 0.420788791467818 -0.269002688700664
Maximizing likelihood @ n=8×1105=8840
 SD[log(ℓ)] = 3.68344810528475
 Δlog(ℓ) = 11.3844120062331
 Δβ/SD[β] = 0.0113990054400366 -0.0677883462389373 0.0237153988362158 -0.133843471552004 0.0326355224607612 -0.0851373096934512
Maximizing likelihood @ n=16×1105=17680
 SD[log(ℓ)] = 2.7121707327757
 Δlog(ℓ) = 2.56985659728721
 Δβ/SD[β] = 0.0786927022753479 -0.0400174743524782 -0.000138040028163353 -0.0242907607614425 0.0264830825828549 -0.156577257126544
Maximizing likelihood @ n=32×1105=35360
 SD[log(ℓ)] = 1.95861506736994
 Δlog(ℓ) = -0.672887229485866
 Δβ/SD[β] = -0.00686504537940297 0.0350873571412691 0.0117658486904495 0.313622188241596 0.00926393390405309 -0.0223965584232079
Maximizing likelihood @ n=64×1105=70720
 SD[log(ℓ)] = 1.42851285795371
 Δlog(ℓ) = 2.89934966882578
 Δβ/SD[β] = -0.163092580779948 0.0455301894882872 -0.0504973540109476 -0.0632017373795615 0.00127510578750972 0.00220429904946466
Maximizing likelihood @ n=128×1105=141440
 SD[log(ℓ)] = 1.04884261436326
 Δlog(ℓ) = 1.0474016570609
 Δβ/SD[β] = 0.0150917202437383 0.0513394262262286 0.0180884073869651 -0.051602451469099 0.0676579272171277 0.0374792450244443
Maximizing likelihood @ n=256×1105=282880
 SD[log(ℓ)] = 0.749905754703507
 Δlog(ℓ) = -0.0833383915367847
 Δβ/SD[β] = 0.0162004150564204 0.0432762183591106 -0.0433487724073818 -0.049919402648398 -0.0249065254482084 0.0280606740156064
Maximizing likelihood @ n=512×1105=565760
 SD[log(ℓ)] = 0.544010014192384
 Δlog(ℓ) = 0.764937499310747
 Δβ/SD[β] = 0.011592469063186 0.0136692125323011 0.00320784401705015 -0.0570870090988765 0.0232102949722631 0.0368503923637838
Maximizing likelihood @ n=1024×1105=1131520
 SD[log(ℓ)] = 0.385011649957443
 Δlog(ℓ) = 0.642537274912826
 Δβ/SD[β] = 0.00892094389914473 0.0322958709555953 -0.00408572707452938 -0.0660366322285348 0.0386088793784858 0.0336260798023438
Maximizing likelihood @ n=2048×1105=2263040
 SD[log(ℓ)] = 0.274025348927658
 Δlog(ℓ) = -0.00379947371538947
 Δβ/SD[β] = 0.0016233530687383 0.00894943578707001 -0.00150028092573574 0.00774665519470775 -0.0321363135559345 0.0101825875374333
Maximizing likelihood @ n=4096×1105=4526080
 SD[log(ℓ)] = 0.194414766723994
 Δlog(ℓ) = 0.139243150258665
 Δβ/SD[β] = -0.00751749411322432 0.0210611782941954 -0.00119990678950982 -0.0439590750380642 0.0200648187048622 0.0356884714246681
Maximizing likelihood @ n=8192×1105=9052160
 SD[log(ℓ)] = 0.138303761690525
 Δlog(ℓ) = -0.252520534070158
 Δβ/SD[β] = 0.00603922649638106 -0.0150945164474491 -0.0365319701813649 0.0281235746738788 -0.0389633057995948 0.0290817072516469
Maximizing likelihood @ n=16384×1105=18104320
 SD[log(ℓ)] = 0.0984167699678929
 Δlog(ℓ) = -0.0627838996914249
 Δβ/SD[β] = -0.00250784524825301 0.00456821555433392 0.000300591526430855 0.0124320765122695 0.0274445225541037 0.0191717372787688
Calculating Hessian
Maximizing likelihood @ n=1×1105=1105
 SD[log(ℓ)] = 8.57938034348375
 Δlog(ℓ) = Inf
 Δβ/SD[β] = 2.2039118726658 0.360270107605406 -0.592199429485778 -1.09784760746103 3.77916657614693 -0.380836828727998
Maximizing likelihood @ n=2×1105=2210
 SD[log(ℓ)] = 6.87803032093896
 Δlog(ℓ) = 13.8687004868212
 Δβ/SD[β] = 0.304621924352912 0.417133868859559 -0.318376362770901 0.603947948854834 0.237205955960907 -0.323477983271487
Maximizing likelihood @ n=4×1105=4420
 SD[log(ℓ)] = 5.50814466060909
 Δlog(ℓ) = 26.5176773709284
 Δβ/SD[β] = 0.230508867261893 0.261949293449683 -0.119045574063247 0.0300709301117765 0.130246260523067 -0.303024714995665
Maximizing likelihood @ n=8×1105=8840
 SD[log(ℓ)] = 4.19494317324154
 Δlog(ℓ) = 12.2574277683004
 Δβ/SD[β] = 1.35861681943744 1.12915755872608 -0.191004988894881 0.0125955271367786 0.714972355447965 -0.362038756592263
Maximizing likelihood @ n=16×1105=17680
 SD[log(ℓ)] = 3.04078670566935
 Δlog(ℓ) = 2.56336831377018
 Δβ/SD[β] = -0.00866487928449733 0.0248910216445916 0.116477832898772 0.0265255462594461 0.152613813834442 0.0176975905978226
Maximizing likelihood @ n=32×1105=35360
 SD[log(ℓ)] = 2.19816817580112
 Δlog(ℓ) = 0.377143544091325
 Δβ/SD[β] = -0.0960656569928176 -0.234870494372635 -0.021798537138007 -0.0263137248357699 0.272476921650231 -0.155193925962702
Maximizing likelihood @ n=64×1105=70720
 SD[log(ℓ)] = 1.57326065206259
 Δlog(ℓ) = 2.00532218690714
 Δβ/SD[β] = 0.500139192616345 0.353293249895794 -0.11209132741423 0.0361468498109341 0.177265032831312 -0.600749330181644
Maximizing likelihood @ n=128×1105=141440
 SD[log(ℓ)] = 1.11556018768077
 Δlog(ℓ) = 0.32459117453854
 Δβ/SD[β] = 0.132987729335142 0.123246434552249 0.00420397575202315 -0.0488520215614276 0.04450968583499 -0.135131656396231
Maximizing likelihood @ n=256×1105=282880
 SD[log(ℓ)] = 0.788756597720397
 Δlog(ℓ) = 0.700329994711495
 Δβ/SD[β] = 0.0671389894090949 -0.017318853650966 -0.0045385820348758 0.0101868612418869 -0.00462400952718873 -0.070066493251891
Maximizing likelihood @ n=512×1105=565760
 SD[log(ℓ)] = 0.559386790279772
 Δlog(ℓ) = -0.475338794793288
 Δβ/SD[β] = 0.0200577777182845 -0.00354233247088767 -0.00474864019868859 -0.0141572065663892 0.00560079577850954 -0.00810812283001428
Maximizing likelihood @ n=1024×1105=1131520
 SD[log(ℓ)] = 0.394770217414967
 Δlog(ℓ) = -0.535942394642461
 Δβ/SD[β] = 0.0173943345343831 0.0402051438090599 -0.0293831378728089 0.00460639090017068 -0.00499424122542646 0.0131311333662283
Maximizing likelihood @ n=2048×1105=2263040
 SD[log(ℓ)] = 0.279325302484792
 Δlog(ℓ) = 0.375196493928229
 Δβ/SD[β] = 0.0180204590167946 -0.0013744710584934 0.00645941370401257 0.004684678203806 0.00187710205327457 -0.000263138460627483
Maximizing likelihood @ n=4096×1105=4526080
 SD[log(ℓ)] = 0.197892899595237
 Δlog(ℓ) = 0.0479924622091801
 Δβ/SD[β] = 0.0135123283800867 -0.00068251281155212 -0.0175675771817956 0.00741908184874829 -0.00431440638094231 0.0188786563342474
Maximizing likelihood @ n=8192×1105=9052160
 SD[log(ℓ)] = 0.139791967562366
 Δlog(ℓ) = -0.165843932380199
 Δβ/SD[β] = -0.00979641507240652 0.00358826044526098 -0.00090672476545989 -0.00427226599592377 -0.0034977788593138 0.0041933421861924
Maximizing likelihood @ n=16384×1105=18104320
 SD[log(ℓ)] = 0.0989131036683073
 Δlog(ℓ) = -0.0404880564727534
 Δβ/SD[β] = 0.0100681918816584 0.00912414213335823 -0.00220742862419725 0.0126679848367065 -0.000369420116836555 0.0169420189733329
Calculating Hessian
There were 13 warnings (use warnings() to see them)
Script complete
Fri Nov 15 23:11:05 MST 2024
