Wed Nov 20 19:35:44 MST 2024
Initiating script
── Attaching core tidyverse packages ──────────────────────── tidyverse 2.0.0 ──
✔ dplyr     1.1.4     ✔ readr     2.1.5
✔ forcats   1.0.0     ✔ stringr   1.5.1
✔ ggplot2   3.5.1     ✔ tibble    3.2.1
✔ lubridate 1.9.3     ✔ tidyr     1.3.1
✔ purrr     1.0.2     
── Conflicts ────────────────────────────────────────── tidyverse_conflicts() ──
✖ ggplot2::annotate() masks ctmm::annotate()
✖ dplyr::filter()     masks stats::filter()
✖ dplyr::lag()        masks stats::lag()
ℹ Use the conflicted package (<http://conflicted.r-lib.org/>) to force all conflicts to become errors
Linking to GEOS 3.9.5, GDAL 3.8.5, PROJ 9.4.0; sf_use_s2() is TRUE
Loading required package: sp

Attaching package: ‘raster’

The following object is masked from ‘package:dplyr’:

    select

The following objects are masked from ‘package:ctmm’:

    projection, projection<-

terra 1.7.78

Attaching package: ‘terra’

The following object is masked from ‘package:tidyr’:

    extract

The following objects are masked from ‘package:ctmm’:

    distance, meta

[1] "/home/u15/mmercer3/proj/habitat_analysis_class/Final/Model_Fit_Results/roads_750/Jonathan_rr.Rda"
     [,1]                                
[1,] "Data loaded at 2024-11-20 19:35:58"
Default grid size of 40.0444444444444 minutes chosen for bandwidth(...,fast=TRUE).
Some rasters are not loaded in RAM and may be slow to process. See help("raster::readAll").
Maximizing likelihood @ n=1×1143=1143
 SD[log(ℓ)] = 2.89966198598861
 Δlog(ℓ) = Inf
 Δβ/SD[β] = 1.38645972471829 0.469033616492074 -0.785483181161563 -0.0622361855658414 0.0158034496531396 -1.18724754786841 -0.923887138088327 0.0753220240875723
Maximizing likelihood @ n=2×1143=2286
 SD[log(ℓ)] = 4.58065711359155
 Δlog(ℓ) = 34.7878962750031
 Δβ/SD[β] = 4.4605876143408 -10.8016233083663 -5.8747754120656 -1.31553795163417 0.460037927844659 -0.820691587985018 -3.06740596446819 -0.00330169003292135
Maximizing likelihood @ n=4×1143=4572
 SD[log(ℓ)] = 3.75296690463942
 Δlog(ℓ) = 9.49511663757455
 Δβ/SD[β] = 0.120905435063093 -1.31410213870135 -0.636069034952498 -0.718687857361178 0.534420696795364 -1.14415738924471 0.215653663860013 0.159878396581387
Maximizing likelihood @ n=8×1143=9144
 SD[log(ℓ)] = 2.90605262298803
 Δlog(ℓ) = 7.25606563777475
 Δβ/SD[β] = 0.388135736909762 -0.253510243686949 -0.243833862151533 -0.526160224243054 0.509057236257843 0.033782158682466 0.372579209328282 0.507910363386861
Maximizing likelihood @ n=16×1143=18288
 SD[log(ℓ)] = 2.18955285488447
 Δlog(ℓ) = 5.03267236974604
 Δβ/SD[β] = 0.593110537813827 -0.139193539478768 0.0532069785984142 0.0499346626452932 0.0946772404364516 -0.216183757220078 0.187533485549587 0.200873547338455
Maximizing likelihood @ n=32×1143=36576
 SD[log(ℓ)] = 1.58854320589901
 Δlog(ℓ) = 1.81360302227561
 Δβ/SD[β] = 0.0935640754121475 -0.0825625752267089 -0.0733274985901636 0.159508464620538 0.0581504908266447 -0.272762104488145 -0.11016432058624 0.11231881797134
Maximizing likelihood @ n=64×1143=73152
 SD[log(ℓ)] = 1.13574631537415
 Δlog(ℓ) = 0.672159811969991
 Δβ/SD[β] = -0.00554378195238732 -0.0910806006803874 -0.0279893056193233 -0.119351667641729 0.118527083243214 -0.0784027179277052 0.0411730198018642 -0.113510983676511
Maximizing likelihood @ n=128×1143=146304
 SD[log(ℓ)] = 0.807050452481741
 Δlog(ℓ) = -0.166618709059932
 Δβ/SD[β] = 0.0309206410246676 0.160625296326257 -0.0646138876322181 -0.0127490726751805 0.0588240193817266 -0.0130321488120004 0.0915455146371245 -0.0950563219530986
Maximizing likelihood @ n=256×1143=292608
 SD[log(ℓ)] = 0.573595280820571
 Δlog(ℓ) = 0.480272243143631
 Δβ/SD[β] = 0.143883806908131 0.0952721097266358 0.031846519428844 0.0333470700372803 0.132799507338948 0.0773793924392867 0.0240089855135759 0.0526673653833559
Maximizing likelihood @ n=512×1143=585216
 SD[log(ℓ)] = 0.408834652213285
 Δlog(ℓ) = 0.121330574963196
 Δβ/SD[β] = 0.0111620809523267 0.0220501962644464 -0.0480301368723206 0.0618852858614983 0.0596895448539727 -0.0473037383189415 0.00262068074823658 -0.00179515210788649
Maximizing likelihood @ n=1024×1143=1170432
 SD[log(ℓ)] = 0.287973195980065
 Δlog(ℓ) = -0.043274578556364
 Δβ/SD[β] = -0.00806735106381844 0.0111550690878047 0.0461813164516982 -0.0137595998954906 0.0461998879407497 -0.0334381483696365 0.0146195490971851 0.00689180619007909
Maximizing likelihood @ n=2048×1143=2340864
 SD[log(ℓ)] = 0.203866678911316
 Δlog(ℓ) = -0.1095562336006
 Δβ/SD[β] = -0.0279151378245434 -0.0023727283266411 -0.0266413341094701 0.0398265260666625 0.0698792950991028 0.0471291119180123 0.00245335289231351 -0.0110785644797161
Maximizing likelihood @ n=4096×1143=4681728
 SD[log(ℓ)] = 0.144332584169706
 Δlog(ℓ) = -0.321179065657802
 Δβ/SD[β] = -0.00891613892382769 -0.0165689382476535 0.0431718113458005 -0.0272264762580715 0.0731779587589094 -0.000858067263944997 0.0271454909291486 -0.00842464444240856
Maximizing likelihood @ n=8192×1143=9363456
 SD[log(ℓ)] = 0.102443397366801
 Δlog(ℓ) = 0.116941007817402
 Δβ/SD[β] = 0.00663268966735151 -0.00657114085256097 -0.0401213474588121 0.0367973836187147 0.0132757690268169 -0.00177898848859522 0.0138444224109822 -0.00241479049457374
Maximizing likelihood @ n=16384×1143=18726912
 SD[log(ℓ)] = 0.0724745164832138
 Δlog(ℓ) = 0.0725862247441285
 Δβ/SD[β] = 0.00863595779792861 -0.0130220068364833 0.0486190178659395 -0.0180795035617129 0.110150930068441 -0.0247540104210014 0.0406262322588073 0.00641077107768305
Calculating Hessian
Warning message:
In rsf.fit(individual, individual_akde, R = R, max.mem = "2 Gb") :
  Calculation stopped before 2.2 Gb allocation.
Script complete
Wed Nov 20 20:19:48 MST 2024
