Wed Nov 20 20:59:36 MST 2024
Initiating script
── Attaching core tidyverse packages ──────────────────────── tidyverse 2.0.0 ──
✔ dplyr     1.1.4     ✔ readr     2.1.5
✔ forcats   1.0.0     ✔ stringr   1.5.1
✔ ggplot2   3.5.1     ✔ tibble    3.2.1
✔ lubridate 1.9.3     ✔ tidyr     1.3.1
✔ purrr     1.0.2     
── Conflicts ────────────────────────────────────────── tidyverse_conflicts() ──
✖ ggplot2::annotate() masks ctmm::annotate()
✖ dplyr::filter()     masks stats::filter()
✖ dplyr::lag()        masks stats::lag()
ℹ Use the conflicted package (<http://conflicted.r-lib.org/>) to force all conflicts to become errors
Linking to GEOS 3.9.5, GDAL 3.8.5, PROJ 9.4.0; sf_use_s2() is TRUE
Loading required package: sp

Attaching package: ‘raster’

The following object is masked from ‘package:dplyr’:

    select

The following objects are masked from ‘package:ctmm’:

    projection, projection<-

terra 1.7.78

Attaching package: ‘terra’

The following object is masked from ‘package:tidyr’:

    extract

The following objects are masked from ‘package:ctmm’:

    distance, meta

[1] "/home/u15/mmercer3/proj/habitat_analysis_class/Final/Model_Fit_Results/roads_1500/Michele_rr.Rda"
     [,1]                                
[1,] "Data loaded at 2024-11-20 20:59:46"
Some rasters are not loaded in RAM and may be slow to process. See help("raster::readAll").
Maximizing likelihood @ n=1×195=195
 SD[log(ℓ)] = 2.47697994963463
 Δlog(ℓ) = Inf
 Δβ/SD[β] = -0.195915230845253 -1.09691881543329 0.534180200673254 -0.280797752115213 0.466214718371539 -1.75484188723002 5.30521319250287 0.166742146807314
Maximizing likelihood @ n=2×195=390
 SD[log(ℓ)] = 2.66626481906887
 Δlog(ℓ) = 11.5560480551346
 Δβ/SD[β] = -3.10512659661708 -3.56853888768148 10.7687297569144 0.833465033015922 1.53981472533311 0.749001389337115 2.46420943265672 3.9908713907204
Maximizing likelihood @ n=4×195=780
 SD[log(ℓ)] = 2.44976978787159
 Δlog(ℓ) = 4.44902603534417
 Δβ/SD[β] = -1.42529884714037 1.03705707465789 2.63745811059924 -0.766139542791946 0.540727580928661 1.22192355522823 1.75896921202736 1.42047624128616
Maximizing likelihood @ n=8×195=1560
 SD[log(ℓ)] = 1.82045840290167
 Δlog(ℓ) = 2.40960302267225
 Δβ/SD[β] = 0.565360628381537 -0.641485965333898 0.454350991760044 -0.33881988634091 0.194873704958897 -0.700536381907098 0.100601757877097 0.556827853885398
Maximizing likelihood @ n=16×195=3120
 SD[log(ℓ)] = 1.40360022818768
 Δlog(ℓ) = -1.9029179978334
 Δβ/SD[β] = -0.0471520211519969 -0.0462794768226099 0.0028444428383287 0.230503764724107 0.0478666641391669 0.404705723037997 -0.0195458339320718 0.140490640990803
Maximizing likelihood @ n=32×195=6240
 SD[log(ℓ)] = 1.07465262174117
 Δlog(ℓ) = -2.6430202957732
 Δβ/SD[β] = 1.86933831181475 0.0941421708443871 -0.661081286314055 1.46386261210826 -0.155015486857249 2.06717139480848 -0.847754491789441 -0.917555789176511
Maximizing likelihood @ n=64×195=12480
 SD[log(ℓ)] = 0.769645529490432
 Δlog(ℓ) = 0.399907052313381
 Δβ/SD[β] = -0.0224736723221742 -0.0353380018361037 0.00638805980528346 0.00471482619692739 0.033579981114999 0.0323846800823265 0.139792838794323 -0.0299628650955085
Maximizing likelihood @ n=128×195=24960
 SD[log(ℓ)] = 0.558213352046041
 Δlog(ℓ) = -0.0866205317865649
 Δβ/SD[β] = 0.0582501719458329 -0.0494553679443101 0.168181178318249 0.00998297417454427 0.0954404701804095 -0.00826791353018168 0.0493289313897809 0.103302093077735
Maximizing likelihood @ n=256×195=49920
 SD[log(ℓ)] = 0.413479823067084
 Δlog(ℓ) = -0.497956247321802
 Δβ/SD[β] = 0.147250264941294 -0.184249721327052 -0.148534696419814 -0.00330046401641333 -0.0986211923844428 -0.0288634709085814 0.160249026788035 -0.433819302546901
Maximizing likelihood @ n=512×195=99840
 SD[log(ℓ)] = 0.283086108730229
 Δlog(ℓ) = -0.203590534682384
 Δβ/SD[β] = 0.0674197028615958 -0.242915880855076 -0.0105029957477676 0.011681961328387 0.0395701829308037 0.0802080181073523 -0.0163040023998975 -0.0181017499387658
Maximizing likelihood @ n=1024×195=199680
 SD[log(ℓ)] = 0.20899686176361
 Δlog(ℓ) = 0.431517422587902
 Δβ/SD[β] = 0.0211987059120447 0.000658178414794718 0.0267004730387644 0.0447213567682257 0.00617366466352645 -0.00247968774627906 -0.0238071866289102 0.0354517551968177
Maximizing likelihood @ n=2048×195=399360
 SD[log(ℓ)] = 0.153396550082583
 Δlog(ℓ) = -0.0709935430339002
 Δβ/SD[β] = 0.0132494161044055 -0.0263131436270117 -0.0346667780283776 0.0167361655040411 0.00640428579421045 0.0136146691403594 0.0158524839473968 0.0452634901928217
Maximizing likelihood @ n=4096×195=798720
 SD[log(ℓ)] = 0.139959805560276
 Δlog(ℓ) = -0.148820190810099
 Δβ/SD[β] = 0.0493931949432601 -0.0757022292505838 0.0419346428947425 -0.0189427506639817 -0.0633446007668614 0.0216777390975761 0.0679719306061363 0.0147990724324664
Maximizing likelihood @ n=8192×195=1597440
 SD[log(ℓ)] = 0.105609335172384
 Δlog(ℓ) = -0.127683743842418
 Δβ/SD[β] = 0.0755912656620553 -0.067561655140385 -0.0167434779398988 0.0315626788608464 -0.00277215271985159 -0.0386925652367352 0.00787802702794537 -0.0233444967518071
Maximizing likelihood @ n=16384×195=3194880
 SD[log(ℓ)] = 0.0794734331158497
 Δlog(ℓ) = 0.176788845576937
 Δβ/SD[β] = 0.0468735692058036 -0.412257015194596 0.00267647789817823 -0.0565049497305584 0.074708938059266 -0.228914731006738 -0.0216193871868456 -0.0291171274100505
Maximizing likelihood @ n=32768×195=6389760
 SD[log(ℓ)] = 0.0575410761370905
 Δlog(ℓ) = -0.0291495371124242
 Δβ/SD[β] = 0 0 0 0 0 0 0 0
Maximizing likelihood @ n=65536×195=12779520
 SD[log(ℓ)] = 0.0411454138748954
 Δlog(ℓ) = 0.00116701531659658
 Δβ/SD[β] = 0 0 0 0 0 0 0 0
Maximizing likelihood @ n=131072×195=25559040
 SD[log(ℓ)] = 0.0289947656343334
 Δlog(ℓ) = 0.440015511598844
 Δβ/SD[β] = 0.616262055040044 -1.1061838529842 -0.352475221609805 0.84630080956303 0.00983828922356672 -0.623577450533038 -0.270823211534349 -0.212206851399772
Calculating Hessian
Warning message:
In rsf.fit(individual, individual_akde, R = R, max.mem = "2 Gb") :
  Calculation stopped before 3 Gb allocation.
Script complete
Wed Nov 20 22:40:54 MST 2024
