Fri Nov 15 16:09:47 MST 2024
Initiating script
── Attaching core tidyverse packages ──────────────────────── tidyverse 2.0.0 ──
✔ dplyr     1.1.4     ✔ readr     2.1.5
✔ forcats   1.0.0     ✔ stringr   1.5.1
✔ ggplot2   3.5.1     ✔ tibble    3.2.1
✔ lubridate 1.9.3     ✔ tidyr     1.3.1
✔ purrr     1.0.2     
── Conflicts ────────────────────────────────────────── tidyverse_conflicts() ──
✖ ggplot2::annotate() masks ctmm::annotate()
✖ dplyr::filter()     masks stats::filter()
✖ dplyr::lag()        masks stats::lag()
ℹ Use the conflicted package (<http://conflicted.r-lib.org/>) to force all conflicts to become errors
Linking to GEOS 3.9.5, GDAL 3.8.5, PROJ 9.4.0; sf_use_s2() is TRUE
Loading required package: sp

Attaching package: ‘raster’

The following object is masked from ‘package:dplyr’:

    select

The following objects are masked from ‘package:ctmm’:

    projection, projection<-

terra 1.7.78

Attaching package: ‘terra’

The following object is masked from ‘package:tidyr’:

    extract

The following objects are masked from ‘package:ctmm’:

    distance, meta

[1] "/home/u15/mmercer3/proj/habitat_analysis_class/Final/Model_Fit_Results/Hal_rr.Rda"
     [,1]                                
[1,] "Data loaded at 2024-11-15 16:09:56"
Reading layer `major' from data source 
  `/home/u15/mmercer3/proj/habitat_analysis_class/Final/Major_Roads' 
  using driver `ESRI Shapefile'
Simple feature collection with 411 features and 7 fields
Geometry type: LINESTRING
Dimension:     XY
Bounding box:  xmin: 477946 ymin: 3545735 xmax: 511807.9 ymax: 3592212
Projected CRS: WGS 84 / UTM zone 12N
     [,1]                                 
[1,] "Roads loaded at 2024-11-15 16:09:56"
|---------|---------|---------|---------|=========================================                                          [1] 1681968
[1] 1681968
Starting buffer 30 
Maximizing likelihood @ n=1×548=548
 SD[log(ℓ)] = 3.29736841571792
 Δlog(ℓ) = Inf
 Δβ/SD[β] = -0.0507737849619766 -1.2914724073324 -0.283444401612111 -26.553514893547 -7.45788954136786 -1.34224362470692
Maximizing likelihood @ n=2×548=1096
 SD[log(ℓ)] = 3.04674297859819
 Δlog(ℓ) = 6.24313556963588
 Δβ/SD[β] = -0.0965474766208776 0.0701714906625253 -0.0718865120117555 -0.924613944356251 0.996607613685008 -0.486827230725015
Maximizing likelihood @ n=4×548=2192
 SD[log(ℓ)] = 2.19322657867197
 Δlog(ℓ) = -2.48758398499174
 Δβ/SD[β] = 0.0692651532889344 0.939446439063723 0.0105576450513986 -0.258268120554225 -0.178072824449684 0.324941812289688
Maximizing likelihood @ n=8×548=4384
 SD[log(ℓ)] = 1.64506831500431
 Δlog(ℓ) = 0.471266964950633
 Δβ/SD[β] = -0.445692514517565 2.00740796421288 0.588562488107184 -0.0242123824673522 0.0385950572761622 0.060255263721884
Maximizing likelihood @ n=16×548=8768
 SD[log(ℓ)] = 1.19727745695279
 Δlog(ℓ) = 0.411731838816721
 Δβ/SD[β] = 0.118450059871152 0.305453785457351 -0.156966300220076 0.067582511453357 0.073617754052197 -0.348406216243273
Maximizing likelihood @ n=32×548=17536
 SD[log(ℓ)] = 0.868999915429432
 Δlog(ℓ) = -0.252132185545005
 Δβ/SD[β] = 0.0204560249490206 -0.0681585936925801 -0.00901776548410741 0.024359246696372 -0.0587108805181011 0.0798566773374276
Maximizing likelihood @ n=64×548=35072
 SD[log(ℓ)] = 0.643763447182549
 Δlog(ℓ) = 0.80253011404049
 Δβ/SD[β] = -0.00852855124913191 0.0107976760933437 -0.066691798465535 -0.310370668496094 0.0223798577613325 -0.0215385006469474
Maximizing likelihood @ n=128×548=70144
 SD[log(ℓ)] = 0.497367104310228
 Δlog(ℓ) = -0.764717731722321
 Δβ/SD[β] = 0.000230330807401297 -0.408676649169522 -0.177056779670044 0.37096210570317 -0.0551953992619171 0.0721441183496144
Maximizing likelihood @ n=256×548=140288
 SD[log(ℓ)] = 0.33859367644604
 Δlog(ℓ) = 0.0453558272964507
 Δβ/SD[β] = 0.00176848062161564 -0.00546697787216193 0.0285052274173899 -0.0712678534843019 0.0279805364246328 -0.00753019244356837
Maximizing likelihood @ n=512×548=280576
 SD[log(ℓ)] = 0.232973796342455
 Δlog(ℓ) = -0.016301261148719
 Δβ/SD[β] = 0.00332122930564282 -0.00725635550233222 0.000906265238356929 -0.0359584468712569 -0.0132772862222925 -0.00743536795809169
Maximizing likelihood @ n=1024×548=561152
 SD[log(ℓ)] = 0.163952311575884
 Δlog(ℓ) = 0.203852724757322
 Δβ/SD[β] = 0.0240485560064558 -0.0372858734424758 -0.0375071378036529 -0.069759368609723 0.0108608081788216 -0.0423139073424872
Maximizing likelihood @ n=2048×548=1122304
 SD[log(ℓ)] = 0.114462237010115
 Δlog(ℓ) = 0.0711212476371728
 Δβ/SD[β] = 0.0185946060589485 -0.0125245315132969 -0.0147475532369207 0.00898630958695178 -0.0255790697526658 0.00059735395028635
Maximizing likelihood @ n=4096×548=2244608
 SD[log(ℓ)] = 0.0816021739795065
 Δlog(ℓ) = 0.0769749500161865
 Δβ/SD[β] = 0.0098731092688606 -0.0154766207163068 -0.00615829729807792 -0.0158354139387985 0.0141340317601256 -0.0144939649723026
Maximizing likelihood @ n=8192×548=4489216
 SD[log(ℓ)] = 0.0576438607883846
 Δlog(ℓ) = 0.133200308228286
 Δβ/SD[β] = 0.00606154841575754 0.00350316546220471 -0.0283083749414815 -0.00674564226666705 0.0250950210815802 -0.0209622096818678
Maximizing likelihood @ n=16384×548=8978432
 SD[log(ℓ)] = 0.0405170038627697
 Δlog(ℓ) = -0.0636964456138998
 Δβ/SD[β] = 0.0105533799875678 0.0032798585576386 -0.0138737802773471 0.021741252586287 -0.0194399168200602 -0.0142155853820757
Maximizing likelihood @ n=32768×548=17956864
 SD[log(ℓ)] = 0.0287471417285443
 Δlog(ℓ) = 0.0101671239970784
 Δβ/SD[β] = -0.0328967740891064 -0.178066187617423 -0.436400060104353 -0.0201584825501729 0.00745159448199518 0.00949350638022472
Calculating Hessian
Maximizing likelihood @ n=1×548=548
 SD[log(ℓ)] = 3.47338801754899
 Δlog(ℓ) = Inf
 Δβ/SD[β] = 3.26055892342672 0.353082394540373 -0.470662948942663 -23.7868485839877 -6.32324828567513 -1.45194946722389
Maximizing likelihood @ n=2×548=1096
 SD[log(ℓ)] = 2.65971883670378
 Δlog(ℓ) = 0.349640674817454
 Δβ/SD[β] = 2.27296354633147 0.352561454501117 0.20146318503384 -0.224167631932277 0.0603545237928527 -0.0602933093749141
Maximizing likelihood @ n=4×548=2192
 SD[log(ℓ)] = 2.21717331769456
 Δlog(ℓ) = 3.27190596044252
 Δβ/SD[β] = 0.557009796465285 -0.43392511124473 0.483829377634582 -1.17268939699362 0.0390014591099677 -0.244827410542771
Maximizing likelihood @ n=8×548=4384
 SD[log(ℓ)] = 1.68444016817388
 Δlog(ℓ) = 0.733015855409651
 Δβ/SD[β] = -0.203633749491725 -0.120268086681162 0.104564419301867 -0.644824415698675 -0.174864080148186 -0.222500958144367
Maximizing likelihood @ n=16×548=8768
 SD[log(ℓ)] = 1.21427747356979
 Δlog(ℓ) = -0.24111834738483
 Δβ/SD[β] = -0.0946663848584758 -0.0157663245971929 0.0254317683106846 0.231514364140586 0.229455694830791 0.197693556569541
Maximizing likelihood @ n=32×548=17536
 SD[log(ℓ)] = 0.899739918984484
 Δlog(ℓ) = 0.467506509345583
 Δβ/SD[β] = -0.164731255377137 -0.0516010826107629 0.0161947699288279 0.00886113132512463 0.0898154985166613 0.188012868175744
Maximizing likelihood @ n=64×548=35072
 SD[log(ℓ)] = 0.65222111734787
 Δlog(ℓ) = 0.223725103250821
 Δβ/SD[β] = -0.0451264505678296 -0.0112586413761901 -0.0537126065019621 -0.112793210040824 -0.0712274330609828 -0.0112478707425949
Maximizing likelihood @ n=128×548=70144
 SD[log(ℓ)] = 0.448612915962674
 Δlog(ℓ) = -0.970245444974335
 Δβ/SD[β] = 0.0685003015204982 -0.00627628611545918 -0.0112881488248397 0.179916688242043 -0.0694523834676948 0.0339927962796665
Maximizing likelihood @ n=256×548=140288
 SD[log(ℓ)] = 0.321655397999367
 Δlog(ℓ) = 0.10148471752521
 Δβ/SD[β] = 0.036436241958359 -0.039133944098752 -0.0212599601443015 -0.0300533543747443 0.0574378088048956 -0.030858019870616
Maximizing likelihood @ n=512×548=280576
 SD[log(ℓ)] = 0.22893792486619
 Δlog(ℓ) = 0.183361725749894
 Δβ/SD[β] = -0.0440213179819647 -0.0274549326717958 -0.0308331257116044 -0.057407680869725 -0.00643042937881347 0.0248993261703724
Maximizing likelihood @ n=1024×548=561152
 SD[log(ℓ)] = 0.1612507096846
 Δlog(ℓ) = 0.0434561813484748
 Δβ/SD[β] = 0.00629547813874545 -0.0223467352972709 -0.0286025722078956 0.0259238154232568 0.0221265953930456 0.0536420963618816
Maximizing likelihood @ n=2048×548=1122304
 SD[log(ℓ)] = 0.1146820789017
 Δlog(ℓ) = -0.0123263556696109
 Δβ/SD[β] = -0.00615443914348638 -0.00787631252192339 -0.0101463049155029 -0.0504305768674946 -0.0328614121128342 0.0245180390880002
Maximizing likelihood @ n=4096×548=2244608
 SD[log(ℓ)] = 0.0807975128677309
 Δlog(ℓ) = -0.0515522343009565
 Δβ/SD[β] = 0.0101337866193864 -0.0134214592900476 -0.0129056359403285 0.0216024972931618 -0.00208220258445602 0.0161186964289748
Maximizing likelihood @ n=8192×548=4489216
 SD[log(ℓ)] = 0.0576912502399976
 Δlog(ℓ) = 0.0652922400988345
 Δβ/SD[β] = 0.0131470108337289 -0.0110955046431778 -0.026798585242445 -0.0328516514316541 0.0133490742792657 0.0061395819790681
Maximizing likelihood @ n=16384×548=8978432
 SD[log(ℓ)] = 0.0405581491732622
 Δlog(ℓ) = -0.0981641223939
 Δβ/SD[β] = -0.00191730138344285 -0.00745359541964791 -0.00418953851593385 0.0244103857993676 -0.0145192070588539 7.76900031547412e-05
Maximizing likelihood @ n=32768×548=17956864
 SD[log(ℓ)] = 0.0287815867643542
 Δlog(ℓ) = 0.132633447327485
 Δβ/SD[β] = 0.124786172899807 -0.0599839348151581 -0.790465462227134 0.007852967923049 0.0136725257834463 0.00460924933638935
Calculating Hessian
Maximizing likelihood @ n=1×548=548
 SD[log(ℓ)] = 3.28152396184202
 Δlog(ℓ) = Inf
 Δβ/SD[β] = -0.885216019008568 0.00489331860919772 -0.0378745375443318 -1.26151864589106 -0.743062315373288 -0.0681484314851356
Maximizing likelihood @ n=2×548=1096
 SD[log(ℓ)] = 2.83841760650664
 Δlog(ℓ) = 2.70975792363551
 Δβ/SD[β] = -2.17254123926182 0.515469436239495 1.55019394210502 -0.0245433114119136 0.533293384637692 0.0504422801878954
Maximizing likelihood @ n=4×548=2192
 SD[log(ℓ)] = 2.30431708928853
 Δlog(ℓ) = 3.42500898881458
 Δβ/SD[β] = -0.58027737824129 -0.188441551155407 0.0640063615957491 -0.189602625894357 0.109965603191238 -0.944031383500989
Maximizing likelihood @ n=8×548=4384
 SD[log(ℓ)] = 1.7917007209288
 Δlog(ℓ) = 0.619649476230006
 Δβ/SD[β] = 0.193215778185533 0.0561036423036308 -0.154800831116842 -0.0400324584831069 0.230702937439542 0.0512880422101529
Maximizing likelihood @ n=16×548=8768
 SD[log(ℓ)] = 1.38187686582047
 Δlog(ℓ) = 2.39777900360622
 Δβ/SD[β] = -0.151550014082289 0.13846546457566 -0.0152891625281511 -0.563806000244464 0.210039842101946 -0.0725193335973368
Maximizing likelihood @ n=32×548=17536
 SD[log(ℓ)] = 0.971610921674972
 Δlog(ℓ) = -2.0409048174125
 Δβ/SD[β] = -0.276971002693023 -0.105465828174137 -0.261940182985562 0.441161982894434 -0.0932698877509244 0.468983150337475
Maximizing likelihood @ n=64×548=35072
 SD[log(ℓ)] = 0.679965578445569
 Δlog(ℓ) = -0.700047911214462
 Δβ/SD[β] = 0.0348276315289711 0.0315603017448274 -0.103097802845093 -0.141735140476328 -0.0249244926050529 0.0422861586025371
Maximizing likelihood @ n=128×548=70144
 SD[log(ℓ)] = 0.466004038234269
 Δlog(ℓ) = -0.248197133813111
 Δβ/SD[β] = -0.0264731926730753 0.0466772405786993 -0.0684884360881255 0.0901644582992679 -0.00163212291198107 -0.104273565665469
Maximizing likelihood @ n=256×548=140288
 SD[log(ℓ)] = 0.332019999735443
 Δlog(ℓ) = 0.110636036791842
 Δβ/SD[β] = -0.0253948321497908 0.0139689302944559 -0.0133049162345157 -0.0672638332837189 0.0173644702319163 -0.0101122874767486
Maximizing likelihood @ n=512×548=280576
 SD[log(ℓ)] = 0.234713046878504
 Δlog(ℓ) = 0.120008942497229
 Δβ/SD[β] = -0.0530385995729893 0.04337767530842 -0.0504314853809993 0.0457681880245467 0.0376001075351304 0.00669242989823499
Maximizing likelihood @ n=1024×548=561152
 SD[log(ℓ)] = 0.167622656073201
 Δlog(ℓ) = 0.128327537515773
 Δβ/SD[β] = -0.106491134140743 0.091025986517917 0.0272826206460342 -0.0599041187177427 -0.0373564320428872 -0.0235605837560848
Maximizing likelihood @ n=2048×548=1122304
 SD[log(ℓ)] = 0.118565353910376
 Δlog(ℓ) = -0.062528805105849
 Δβ/SD[β] = 0.00696462846146894 0.025530924605689 -0.0168602819305643 0.00726104861954077 0.0319438363928774 0.0119010739585625
Maximizing likelihood @ n=4096×548=2244608
 SD[log(ℓ)] = 0.0846260888036393
 Δlog(ℓ) = -0.0304827573874817
 Δβ/SD[β] = 0.0150882043889754 0.010323346852965 -0.00493139832713154 -0.00676546573020027 -0.0271771474495245 -0.0124338764301028
Maximizing likelihood @ n=8192×548=4489216
 SD[log(ℓ)] = 0.0592767951944898
 Δlog(ℓ) = -0.15779213691237
 Δβ/SD[β] = 0.0264122998380084 0.0192192321291887 -0.0305929961758409 0.0405758870081495 -0.00596994478511109 0.010026875229851
Maximizing likelihood @ n=16384×548=8978432
 SD[log(ℓ)] = 0.0419749646837973
 Δlog(ℓ) = 0.00798196817816077
 Δβ/SD[β] = 0.000107043818541601 0.015117361159344 0.00379753246614826 -0.0187076531030762 0.010596820522137 -0.00737474331627935
Maximizing likelihood @ n=32768×548=17956864
 SD[log(ℓ)] = 0.0294977966676438
 Δlog(ℓ) = -0.0128446307298979
 Δβ/SD[β] = 0.00256733816583113 0.0125075528566769 -0.00989145579904285 0.0163848462307122 0.0064534154815327 -0.00715718177394265
Calculating Hessian
Maximizing likelihood @ n=1×548=548
 SD[log(ℓ)] = 2.76377252967312
 Δlog(ℓ) = Inf
 Δβ/SD[β] = -0.537659565342637 -0.403939023987409 -1.35358614101706 -22.631082330094 -7.69902735325094 0.0843462026474618
Maximizing likelihood @ n=2×548=1096
 SD[log(ℓ)] = 2.64028544789415
 Δlog(ℓ) = 5.95115519000598
 Δβ/SD[β] = 1.78944143200518 -0.380337476551135 0.468320751874726 -0.486809491651414 0.558879024566134 0.179426105621694
Maximizing likelihood @ n=4×548=2192
 SD[log(ℓ)] = 2.25312876827696
 Δlog(ℓ) = 3.59887258543855
 Δβ/SD[β] = 0.148847380276305 0.0507070560235357 -0.0336111845235342 -0.8385618404836 0.277273067508293 0.159608244679806
Maximizing likelihood @ n=8×548=4384
 SD[log(ℓ)] = 1.82642631846446
 Δlog(ℓ) = 3.30228036901184
 Δβ/SD[β] = -0.0666325573862697 0.305531960409932 0.0348257015261726 -0.184207393070853 0.147616389335423 -0.388619470297231
Maximizing likelihood @ n=16×548=8768
 SD[log(ℓ)] = 1.24552045999414
 Δlog(ℓ) = -3.10974416087813
 Δβ/SD[β] = 0.0275468829269996 0.118573894639811 -0.0706420113893199 0.10642898362033 0.000311552895702321 -0.228695641252508
Maximizing likelihood @ n=32×548=17536
 SD[log(ℓ)] = 0.868733741126739
 Δlog(ℓ) = -0.584092426391596
 Δβ/SD[β] = 0.318212252216294 0.793995089694329 0.619608951887494 0.0496111620499216 0.0213034270614267 0.0258760393599362
Maximizing likelihood @ n=64×548=35072
 SD[log(ℓ)] = 0.625342968825419
 Δlog(ℓ) = 0.467380903399114
 Δβ/SD[β] = 0.0310340103713711 0.0216566706613013 -0.0159921123564147 0.000954503006147 0.0661137007653636 -0.0122077099007541
Maximizing likelihood @ n=128×548=70144
 SD[log(ℓ)] = 0.431279021590948
 Δlog(ℓ) = -0.992587910113073
 Δβ/SD[β] = -0.015439487090597 0.0210490885876591 0.0160265071152165 0.0579059542434006 -0.0519159255881119 0.0028193496071389
Maximizing likelihood @ n=256×548=140288
 SD[log(ℓ)] = 0.308829300154184
 Δlog(ℓ) = -0.133276139747771
 Δβ/SD[β] = 0.0219708514295904 0.0194021273621839 0.0279785261141755 -0.0484031413562418 -0.0305350907220656 0.0313139709800516
Maximizing likelihood @ n=512×548=280576
 SD[log(ℓ)] = 0.22116185440534
 Δlog(ℓ) = 0.286484168380845
 Δβ/SD[β] = 0.00185132752248975 0.0376836685550889 0.0228280297813011 -0.0380547592579455 -0.000650317479445886 -0.0207321406204443
Maximizing likelihood @ n=1024×548=561152
 SD[log(ℓ)] = 0.157525672273944
 Δlog(ℓ) = 0.166337883390973
 Δβ/SD[β] = 0.000939471488444423 0.00884473618689183 0.0131108086459847 -0.0210421363607615 -0.0140714376750813 -0.00970283265412696
Maximizing likelihood @ n=2048×548=1122304
 SD[log(ℓ)] = 0.111122082196316
 Δlog(ℓ) = 0.0301020224938213
 Δβ/SD[β] = 0.00396235633127993 0.0136691093791846 0.0103411239037409 0.0246427576292126 0.0289930616421243 -0.00442741482140289
Maximizing likelihood @ n=4096×548=2244608
 SD[log(ℓ)] = 0.0790292155502556
 Δlog(ℓ) = 0.0211407931993435
 Δβ/SD[β] = 0.00923464872487514 -0.00016469691760038 0.00708624350311564 -0.0179088653098616 -0.00414356479205098 -0.00392784224340994
Maximizing likelihood @ n=8192×548=4489216
 SD[log(ℓ)] = 0.0552680606506121
 Δlog(ℓ) = -0.00257666787427979
 Δβ/SD[β] = -0.0270182059909843 0.0186962144039098 0.0143874140925664 0.0241153292867692 0.00678029791355443 -0.0321858366819053
Maximizing likelihood @ n=16384×548=8978432
 SD[log(ℓ)] = 0.0391682492679155
 Δlog(ℓ) = 0.0933195181360063
 Δβ/SD[β] = 0.0259747492393157 0.206532253882663 0.378267032683007 -0.000677197376262965 -0.00153444407615544 -1.8943148310508
Maximizing likelihood @ n=32768×548=17956864
 SD[log(ℓ)] = 0.0276407716218309
 Δlog(ℓ) = 0.0386027642613733
 Δβ/SD[β] = -0.182391350403823 -0.155437591272775 -0.0499025836036585 -0.0133211389897835 -0.0211974590151697 -0.791275518511977
Calculating Hessian
Starting buffer 750 
Maximizing likelihood @ n=1×548=548
 SD[log(ℓ)] = 2.806767045463
 Δlog(ℓ) = Inf
 Δβ/SD[β] = -2.92477810135698 0.633418662205269 -0.0221355907063099 -24.5315489522057 -8.8515590206796 -0.782085768802019
Maximizing likelihood @ n=2×548=1096
 SD[log(ℓ)] = 2.38236035375149
 Δlog(ℓ) = 2.06411432385097
 Δβ/SD[β] = 0.100142129140061 0.212009331716668 0.0655291912308881 -0.507895619235639 0.23948334597021 -0.142550061359043
Maximizing likelihood @ n=4×548=2192
 SD[log(ℓ)] = 1.98741072774547
 Δlog(ℓ) = 2.58354614895248
 Δβ/SD[β] = -0.130944625940636 -0.113114089112914 0.0343029024642052 -0.132250957761981 0.281680323296396 -0.227534385131589
Maximizing likelihood @ n=8×548=4384
 SD[log(ℓ)] = 1.48746900001233
 Δlog(ℓ) = 0.577667059706016
 Δβ/SD[β] = 0.074423655412646 -0.375656484025714 -0.0540807499966367 0.0704687925529354 0.343434062421363 -0.0701878194402057
Maximizing likelihood @ n=16×548=8768
 SD[log(ℓ)] = 1.1739055357665
 Δlog(ℓ) = 2.91124667640206
 Δβ/SD[β] = -0.112494622000148 -0.118329727339828 0.0242854112178646 -0.53204415900835 0.119025025337184 -0.187140612002828
Maximizing likelihood @ n=32×548=17536
 SD[log(ℓ)] = 0.883290228095289
 Δlog(ℓ) = 1.15807615638792
 Δβ/SD[β] = 0.0710008606910737 -0.132988089412313 -0.0218608696563406 -0.0846544510570152 0.0171301540615243 0.0129248815095658
Maximizing likelihood @ n=64×548=35072
 SD[log(ℓ)] = 0.630896085858721
 Δlog(ℓ) = -0.537159605106922
 Δβ/SD[β] = -0.00823357057304754 0.0276175055136501 0.00960964027363012 0.0796787142804533 -0.00198383602875573 -0.0302015394248382
Maximizing likelihood @ n=128×548=70144
 SD[log(ℓ)] = 0.457229418717573
 Δlog(ℓ) = 0.519575838021016
 Δβ/SD[β] = 0.0113520894478227 -0.0203570369009333 0.012636341348675 -0.0491916590369568 -0.0071747901812068 -0.0197761127092103
Maximizing likelihood @ n=256×548=140288
 SD[log(ℓ)] = 0.327115996393103
 Δlog(ℓ) = 0.0751115084386385
 Δβ/SD[β] = -0.00821035744959199 0.0164985552888675 0.0154508745319859 0.00539162929616499 0.0292765462836572 -0.0138657280783941
Maximizing likelihood @ n=512×548=280576
 SD[log(ℓ)] = 0.23078769905949
 Δlog(ℓ) = -5.40598561613592e-05
 Δβ/SD[β] = 0.000387759781072246 -0.0072843746922531 -0.00459027132271925 0.0179014168422679 0.0229412652435428 -0.00970239029041828
Maximizing likelihood @ n=1024×548=561152
 SD[log(ℓ)] = 0.162587424064748
 Δlog(ℓ) = -0.0256923815650651
 Δβ/SD[β] = -0.00164272803528413 0.000437719479118493 -0.00457110692075556 0.0014707842061199 0.0196834907438085 -0.0105307614040283
Maximizing likelihood @ n=2048×548=1122304
 SD[log(ℓ)] = 0.114884341405494
 Δlog(ℓ) = -0.0874488438602796
 Δβ/SD[β] = 0.00145707769544015 -0.00723199506725108 0.0231507612671453 0.0411830678822579 0.00092159043367866 -0.0125686387360922
Maximizing likelihood @ n=4096×548=2244608
 SD[log(ℓ)] = 0.0810759558956997
 Δlog(ℓ) = 0.00683462282271563
 Δβ/SD[β] = 0.00483088303028922 0.000335041260852597 0.00203442292853523 0.0134177812634355 0.0167328332566029 -0.00144052725055244
Maximizing likelihood @ n=8192×548=4489216
 SD[log(ℓ)] = 0.057377907322898
 Δlog(ℓ) = -0.0358131113367293
 Δβ/SD[β] = -0.00151037778962202 -0.00181244946149105 0.0006892116570821 -0.0117317397874512 0.000612122402659984 -0.0203811926041572
Maximizing likelihood @ n=16384×548=8978432
 SD[log(ℓ)] = 0.0404731247293288
 Δlog(ℓ) = -0.0245891358824828
 Δβ/SD[β] = -0.000410831735217906 0.00128769997881527 0.000262607532574696 0.0126193447154465 -0.0023105246739207 -0.00256185417939884
Maximizing likelihood @ n=32768×548=17956864
 SD[log(ℓ)] = 0.0286109059515543
 Δlog(ℓ) = -0.0731295766989284
 Δβ/SD[β] = 0.00108899512013168 -0.000646717024798831 -0.00132886354424901 0.0111627159313495 -0.0040186071662141 0.00147981346803424
Calculating Hessian
Maximizing likelihood @ n=1×548=548
 SD[log(ℓ)] = 2.83661066107304
 Δlog(ℓ) = Inf
 Δβ/SD[β] = 0.105779771541761 0.511325448020057 -0.990170102253581 -23.3405927243334 -7.56829426252513 -0.034804539206527
Maximizing likelihood @ n=2×548=1096
 SD[log(ℓ)] = 2.5016289576936
 Δlog(ℓ) = 3.59743835737787
 Δβ/SD[β] = 0.0769437409326041 0.362017282538634 0.695168612585492 -0.790649005561374 0.32482262044475 0.251610902449517
Maximizing likelihood @ n=4×548=2192
 SD[log(ℓ)] = 2.21776042568005
 Δlog(ℓ) = 4.02558698627426
 Δβ/SD[β] = 0.0350240661629461 -0.0848575740950578 0.29447482714169 -0.180920477987859 0.228582030265526 0.200006534631963
Maximizing likelihood @ n=8×548=4384
 SD[log(ℓ)] = 1.64521858367682
 Δlog(ℓ) = -0.657663512468616
 Δβ/SD[β] = 0.00888365742970806 -0.0551734988462029 0.103674463552452 0.712711702861419 0.192781341395847 -0.0627470254261545
Maximizing likelihood @ n=16×548=8768
 SD[log(ℓ)] = 1.2755777587939
 Δlog(ℓ) = 1.93474123462389
 Δβ/SD[β] = -0.138676814413068 -0.14581114313088 0.146881508688576 -0.547118577590114 0.154339232464753 0.147049472543666
Maximizing likelihood @ n=32×548=17536
 SD[log(ℓ)] = 0.883084307211317
 Δlog(ℓ) = -0.974308297415664
 Δβ/SD[β] = 0.0151551131318649 0.0075161612701791 0.0130591233397197 -0.0643999058877215 -0.0219023694827412 -0.0193996968123962
Maximizing likelihood @ n=64×548=35072
 SD[log(ℓ)] = 0.632125512874014
 Δlog(ℓ) = 0.469384541560309
 Δβ/SD[β] = -0.0416361806045835 -0.0216766945666757 -0.0281425569114425 -0.0383559392920888 0.000326531273099565 -0.0405293806922515
Maximizing likelihood @ n=128×548=70144
 SD[log(ℓ)] = 0.453650524293553
 Δlog(ℓ) = 0.376267857550506
 Δβ/SD[β] = 7.88034163206365e-08 -0.00146045844631898 -0.00253096235172128 -0.174925717077541 -0.00765349932960927 -0.000996371837039721
Maximizing likelihood @ n=256×548=140288
 SD[log(ℓ)] = 0.320314328462534
 Δlog(ℓ) = -0.191097252762425
 Δβ/SD[β] = 5.79109137892954e-08 -0.00194719195642531 -0.00170716035363183 0.00922944278281631 -0.00145585637625158 -0.000765261246558059
Maximizing likelihood @ n=512×548=280576
 SD[log(ℓ)] = 0.223832947659997
 Δlog(ℓ) = -0.36898381083661
 Δβ/SD[β] = 0.000416677216843314 -0.0107796662100573 0.00139004198550153 0.0473771214232415 0.0106868356342108 0.0191425170092373
Maximizing likelihood @ n=1024×548=561152
 SD[log(ℓ)] = 0.157904754095637
 Δlog(ℓ) = -0.234559005431265
 Δβ/SD[β] = 0.0208159997786134 -0.0177676312118387 0.0248966209713945 0.0364586087183669 0.000829524393213013 0.0138430954338521
Maximizing likelihood @ n=2048×548=1122304
 SD[log(ℓ)] = 0.111588620264343
 Δlog(ℓ) = 0.133579547791648
 Δβ/SD[β] = -0.00233835118668117 -0.0149682367808257 -0.00108247601240245 -0.0154037080645921 0.00417599833510937 -0.00197404725664961
Maximizing likelihood @ n=4096×548=2244608
 SD[log(ℓ)] = 0.0792624739902833
 Δlog(ℓ) = 0.12776195095276
 Δβ/SD[β] = 0.00510285901540376 -0.0271945542437689 -0.00528083460419223 -0.0194104436462132 0.00580804252099801 -0.00765077565635327
Maximizing likelihood @ n=8192×548=4489216
 SD[log(ℓ)] = 0.0555834253986014
 Δlog(ℓ) = 0.0302182027846243
 Δβ/SD[β] = -0.0179397654100321 -0.0249396779293571 -0.0124742679447758 -0.00245816964065082 -0.0242922294856154 -0.0027035089564609
Maximizing likelihood @ n=16384×548=8978432
 SD[log(ℓ)] = 0.0394840249530692
 Δlog(ℓ) = 0.0370452232616891
 Δβ/SD[β] = -0.0176859813993956 -0.0186853688627527 -0.0216662856453507 -0.0057976923515891 0.0334882442181488 0.00945944156164409
Maximizing likelihood @ n=32768×548=17956864
 SD[log(ℓ)] = 0.0277455075249856
 Δlog(ℓ) = 0.356672206621827
 Δβ/SD[β] = 11.4768554832912 -0.275182217292756 -1.17610765179969 0.00964976863367984 -0.0122320432750376 -19.0384495509076
Calculating Hessian
Maximizing likelihood @ n=1×548=548
 SD[log(ℓ)] = 3.5492646513176
 Δlog(ℓ) = Inf
 Δβ/SD[β] = -1.1259308112643 0.979122136954123 -0.918174971575927 -24.5813809408089 -6.87899625942735 -0.755530196406102
Maximizing likelihood @ n=2×548=1096
 SD[log(ℓ)] = 2.9890572498973
 Δlog(ℓ) = 1.57145529808569
 Δβ/SD[β] = -0.298356069447983 -0.136037881817968 -0.107535659109297 -0.0926852793100535 0.246647184681178 -0.0676016076914098
Maximizing likelihood @ n=4×548=2192
 SD[log(ℓ)] = 2.25549463190965
 Δlog(ℓ) = 0.155132857848905
 Δβ/SD[β] = 0.0766093957238824 -0.503961406257579 0.407574478365098 0.159602984147807 0.543093385005177 -0.353284904886221
Maximizing likelihood @ n=8×548=4384
 SD[log(ℓ)] = 1.70310616591965
 Δlog(ℓ) = 0.307663983778173
 Δβ/SD[β] = -0.119833726668921 -0.348210288205225 -0.0743601634443593 0.134136340585816 0.069143200326779 0.323047071765188
Maximizing likelihood @ n=16×548=8768
 SD[log(ℓ)] = 1.23091518497998
 Δlog(ℓ) = -0.210689169529214
 Δβ/SD[β] = 0.082706098980665 -0.146393345071479 0.185719899667306 0.260732009030534 0.103353618134716 -0.330135680595779
Maximizing likelihood @ n=32×548=17536
 SD[log(ℓ)] = 0.915742376372516
 Δlog(ℓ) = 1.18321502843929
 Δβ/SD[β] = -0.0113916121567645 -0.187472358506014 -0.0784843430108801 -0.022566830090463 0.0363626938482493 -0.171089774245373
Maximizing likelihood @ n=64×548=35072
 SD[log(ℓ)] = 0.644662026259008
 Δlog(ℓ) = -1.04194414215817
 Δβ/SD[β] = -0.00618836218356731 0.0439793793455691 0.0385118047460864 0.0085735133566228 -0.040698532728626 -0.114559988377202
Maximizing likelihood @ n=128×548=70144
 SD[log(ℓ)] = 0.461202187373225
 Δlog(ℓ) = 0.488473066943225
 Δβ/SD[β] = -0.011901323388321 0.00159070122762808 0.00129627561095121 -0.0734272043353309 0.00480404325518205 -0.0397724929881455
Maximizing likelihood @ n=256×548=140288
 SD[log(ℓ)] = 0.325353615401323
 Δlog(ℓ) = -0.449608584070621
 Δβ/SD[β] = 0.00774387227807947 0.0226326046860968 0.0452301718034019 0.00426776839415192 -0.0684287513901823 -0.0734021654214415
Maximizing likelihood @ n=512×548=280576
 SD[log(ℓ)] = 0.230168240564717
 Δlog(ℓ) = -0.175146767723838
 Δβ/SD[β] = 0.067342393170839 0.00267066378974648 0.0767944189159771 0.0537432915905503 0.0749137832708365 -0.00566176792459438
Maximizing likelihood @ n=1024×548=561152
 SD[log(ℓ)] = 0.162460960280546
 Δlog(ℓ) = -0.196435491693467
 Δβ/SD[β] = 0.00460101070628355 -4.05827690433388e-05 0.0102904135742988 0.0265803872144973 -0.0389220840266322 -0.000624054059512319
Maximizing likelihood @ n=2048×548=1122304
 SD[log(ℓ)] = 0.114912898598334
 Δlog(ℓ) = 0.0872602254323986
 Δβ/SD[β] = -0.0162640779252459 -0.000872460960331776 0.0110840589579655 -0.0372376068939966 0.00378366627188359 -0.0129215106458767
Maximizing likelihood @ n=4096×548=2244608
 SD[log(ℓ)] = 0.0814221589864729
 Δlog(ℓ) = 0.0360057656279693
 Δβ/SD[β] = 0.0368809088811663 0.0491431960150777 0.024573239522602 -0.0112386204420678 0.00135402677527504 -0.0969851485032807
Maximizing likelihood @ n=8192×548=4489216
 SD[log(ℓ)] = 0.0577031468901325
 Δlog(ℓ) = -0.0295526458115027
 Δβ/SD[β] = -0.0165055267746399 -0.0034015937206967 0.0370725698597717 -0.020266867167086 0.0104461501130142 -0.0143092583172245
Maximizing likelihood @ n=16384×548=8978432
 SD[log(ℓ)] = 0.0404021067118485
 Δlog(ℓ) = 0.00610819486732339
 Δβ/SD[β] = 0.00836487326466531 0.00192210434074073 0.0178690996258383 0.0211291361552249 -0.00500381073153613 0.0061951349713282
Maximizing likelihood @ n=32768×548=17956864
 SD[log(ℓ)] = 0.0290116201666377
 Δlog(ℓ) = 0.00631543241046728
 Δβ/SD[β] = -0.0036985635633647 -0.000319679154048304 0.00728696271256572 -0.0130204663304784 -0.00607753707755548 0.00559551426297406
Calculating Hessian
Maximizing likelihood @ n=1×548=548
 SD[log(ℓ)] = 3.74357265341926
 Δlog(ℓ) = Inf
 Δβ/SD[β] = 0.521237734397456 0.061823614314644 0.131535985615687 -1.16393545027527 -0.545160459246869 -0.0222023156392777
Maximizing likelihood @ n=2×548=1096
 SD[log(ℓ)] = 2.8140427333063
 Δlog(ℓ) = -1.53118293764248
 Δβ/SD[β] = 1.31915873739461 2.22035176400375 0.261047005073362 0.698973263212246 1.00925560212512 1.29581227093743
Maximizing likelihood @ n=4×548=2192
 SD[log(ℓ)] = 2.06119864188989
 Δlog(ℓ) = -1.40296071348722
 Δβ/SD[β] = -0.160590439992911 0.0549855780448472 0.0575410794090044 -0.768547088438035 -0.105801281791348 -0.0918456445378846
Maximizing likelihood @ n=8×548=4384
 SD[log(ℓ)] = 1.58914595004053
 Δlog(ℓ) = 1.50148709222273
 Δβ/SD[β] = -0.155073719308501 -0.0151760126555017 -0.10218833481401 -0.588814231232792 0.00114192165125696 -0.0826270091077568
Maximizing likelihood @ n=16×548=8768
 SD[log(ℓ)] = 1.17460947465036
 Δlog(ℓ) = 0.563069396691592
 Δβ/SD[β] = -0.153243362082671 -0.117876286969604 -0.208462638849717 -0.43264232856585 0.0470108723088928 -0.123953377010063
Maximizing likelihood @ n=32×548=17536
 SD[log(ℓ)] = 0.865251411973278
 Δlog(ℓ) = 0.852590964727348
 Δβ/SD[β] = -0.055838449124721 -0.16375616057951 -0.100397412304907 -0.465910712606063 -0.0272468495109287 -0.0476091949679688
Maximizing likelihood @ n=64×548=35072
 SD[log(ℓ)] = 0.621567909588204
 Δlog(ℓ) = 0.213228124508031
 Δβ/SD[β] = -0.230438510910864 -0.349005920092504 -0.278369518305727 -0.177326947106403 0.0162948126597292 -0.0417337901417765
Maximizing likelihood @ n=128×548=70144
 SD[log(ℓ)] = 0.459206232490537
 Δlog(ℓ) = 0.925328040305871
 Δβ/SD[β] = -0.0248552962663115 -0.0491334602685203 -0.0975495666883214 -0.216305936451653 0.0386863031447714 0.00400037664841387
Maximizing likelihood @ n=256×548=140288
 SD[log(ℓ)] = 0.325322313039118
 Δlog(ℓ) = 0.118175874855485
 Δβ/SD[β] = 0.0477928361984332 -0.0364488463660352 -0.0362223281438399 0.0244658676167071 0.013461115059166 -0.0112515797951646
Maximizing likelihood @ n=512×548=280576
 SD[log(ℓ)] = 0.227699971832127
 Δlog(ℓ) = -0.406635603970859
 Δβ/SD[β] = -0.00927682434582068 0.0428657880394486 -0.0098144089294576 0.0691594540219432 -0.0187658355221313 0.013540789826044
Maximizing likelihood @ n=1024×548=561152
 SD[log(ℓ)] = 0.159214756197631
 Δlog(ℓ) = -0.391284168132771
 Δβ/SD[β] = 0.00142669664052709 0.00470318315457898 -0.0327650624170824 0.0532189322972896 -0.030041302350451 -0.0194644905074639
Maximizing likelihood @ n=2048×548=1122304
 SD[log(ℓ)] = 0.112317381227699
 Δlog(ℓ) = -0.106256672944138
 Δβ/SD[β] = 0.0157090994595628 0.0161448236962701 -0.0558685236889495 0.038635474226246 0.0308856555711696 -0.049153341055979
Maximizing likelihood @ n=4096×548=2244608
 SD[log(ℓ)] = 0.0803395294598174
 Δlog(ℓ) = 0.103654734771169
 Δβ/SD[β] = -0.00270803537370154 0.00927565736749199 -0.0156263591712425 -0.0464050155618607 -0.00776909464180226 -0.00270184679036815
Maximizing likelihood @ n=8192×548=4489216
 SD[log(ℓ)] = 0.0563789908745536
 Δlog(ℓ) = -0.0763355724159176
 Δβ/SD[β] = -0.00956493882226487 -0.013397291195126 -0.0112646751613431 0.0251757344016726 -0.0159491456136647 -0.0261407281719608
Maximizing likelihood @ n=16384×548=8978432
 SD[log(ℓ)] = 0.0401681543254633
 Δlog(ℓ) = -0.0291963355798401
 Δβ/SD[β] = -0.0222173421351751 -0.0205810481382637 -0.0191956002603743 -0.0283272336028153 -0.00327730009256615 -0.0233528154497135
Maximizing likelihood @ n=32768×548=17956864
 SD[log(ℓ)] = 0.0283118537460538
 Δlog(ℓ) = 0.00844881932908947
 Δβ/SD[β] = -0.0153271563696096 -0.0104808827625183 -0.0337334405335032 0.0068478020731908 -0.00953221943129189 -0.0437079049163022
Calculating Hessian
Starting buffer 1500 
Maximizing likelihood @ n=1×548=548
 SD[log(ℓ)] = 3.77396952697239
 Δlog(ℓ) = Inf
 Δβ/SD[β] = 0.079984924025999 0.038254926226846 -0.0630578385075624 -1.23839667745303 -0.597289788646433 -0.0431237763116889
Maximizing likelihood @ n=2×548=1096
 SD[log(ℓ)] = 2.78579581661766
 Δlog(ℓ) = -1.50375062690528
 Δβ/SD[β] = 0.218424430862305 -0.183688380812827 0.337065289244485 0.157085395623137 0.0702568333088362 -0.246474756732334
Maximizing likelihood @ n=4×548=2192
 SD[log(ℓ)] = 2.17643417385649
 Δlog(ℓ) = 1.25136933835747
 Δβ/SD[β] = -0.0594662355852936 -0.115576949282689 0.140495206147291 -0.477059425769617 0.244307648856823 -0.429583157149188
Maximizing likelihood @ n=8×548=4384
 SD[log(ℓ)] = 1.65680192257486
 Δlog(ℓ) = 0.520817202256975
 Δβ/SD[β] = -0.000935336248923614 -0.00357160885672532 -0.0710495161921029 -0.220138049408066 0.121878433575805 -0.17595663502913
Maximizing likelihood @ n=16×548=8768
 SD[log(ℓ)] = 1.24620885062929
 Δlog(ℓ) = 0.570337534895884
 Δβ/SD[β] = -0.0921642854210069 -0.0614848284714461 -0.0303220497156177 -0.538855178006978 0.00671783304637308 0.0537452616241358
Maximizing likelihood @ n=32×548=17536
 SD[log(ℓ)] = 0.875045211586439
 Δlog(ℓ) = -1.21097546275981
 Δβ/SD[β] = -0.0397251724359697 -0.00984277780039016 0.0200246034120557 -0.123581997844704 -0.240065089148296 -0.0298406111198203
Maximizing likelihood @ n=64×548=35072
 SD[log(ℓ)] = 0.636058777435457
 Δlog(ℓ) = 0.850930273722014
 Δβ/SD[β] = 0.0441522360305018 -0.073868577887882 0.0442067267504389 -0.0863932045784477 0.099408352047094 0.0178259851594394
Maximizing likelihood @ n=128×548=70144
 SD[log(ℓ)] = 0.454334834763154
 Δlog(ℓ) = 0.215273459193561
 Δβ/SD[β] = -0.04394467846256 -0.0460592482598818 0.0178008090570587 -0.0705794268946271 -0.054863526246635 -0.0236529769374649
Maximizing likelihood @ n=256×548=140288
 SD[log(ℓ)] = 0.32742718418076
 Δlog(ℓ) = -0.218595073828872
 Δβ/SD[β] = -0.0264361220442137 -0.0522914251911927 0.02713798446897 -0.00484132841330914 0.059158558427495 0.0205546059597591
Maximizing likelihood @ n=512×548=280576
 SD[log(ℓ)] = 0.232252197645392
 Δlog(ℓ) = -0.168718084346406
 Δβ/SD[β] = -0.00119551961160362 -0.0171835820942145 -0.0149878358251358 0.0237824914553001 -0.0443251272223237 0.0213634686638486
Maximizing likelihood @ n=1024×548=561152
 SD[log(ℓ)] = 0.16470907104888
 Δlog(ℓ) = -0.151797943912893
 Δβ/SD[β] = -0.00467724585277157 -0.100621791850148 0.0199991908835988 -0.0296392440091377 0.00906971705359273 0.0361670118700901
Maximizing likelihood @ n=2048×548=1122304
 SD[log(ℓ)] = 0.115632946309837
 Δlog(ℓ) = 0.00159344283532548
 Δβ/SD[β] = -0.00769633350250817 -0.0073715579796555 -2.76704501640943e-05 0.0361564892123629 -0.0116031556777136 -0.00428237178285419
Maximizing likelihood @ n=4096×548=2244608
 SD[log(ℓ)] = 0.0820293389588791
 Δlog(ℓ) = 0.12203948049514
 Δβ/SD[β] = -0.00124382140573227 -0.0134356832684701 0.00525312510806216 -0.0325312841125652 0.0133019835718105 -0.00589254554701107
Maximizing likelihood @ n=8192×548=4489216
 SD[log(ℓ)] = 0.0576254190634587
 Δlog(ℓ) = 0.00186205123359784
 Δβ/SD[β] = -0.000522310618451312 -0.081257066856303 0.0203514763513692 0.0243776645947927 0.014713873093262 -0.0281952178603586
Maximizing likelihood @ n=16384×548=8978432
 SD[log(ℓ)] = 0.0407247837638899
 Δlog(ℓ) = 0.104988705397776
 Δβ/SD[β] = -2.06820805479817e-05 -0.139828467658122 0.0756533786631094 -0.0217024826733506 -0.0353841765169353 -0.00946836825613774
Maximizing likelihood @ n=32768×548=17956864
 SD[log(ℓ)] = 0.028759599328704
 Δlog(ℓ) = -0.0138708183088596
 Δβ/SD[β] = 0.00262711905263351 -0.0998787708047421 0.0396697564113003 0.0101309059832352 0.0319202909966225 0.00775477710094818
Calculating Hessian
Maximizing likelihood @ n=1×548=548
 SD[log(ℓ)] = 3.05312874440638
 Δlog(ℓ) = Inf
 Δβ/SD[β] = 1.72592700049661 0.470430589379697 -0.444295580708184 -22.6776611176863 -6.56655784725782 -1.18980806111008
Maximizing likelihood @ n=2×548=1096
 SD[log(ℓ)] = 2.87414536367848
 Δlog(ℓ) = 6.33233200593837
 Δβ/SD[β] = -0.48286747777174 0.122703397371194 -0.439170691438148 -1.1441991691317 0.891535083930814 -0.526665641053165
Maximizing likelihood @ n=4×548=2192
 SD[log(ℓ)] = 2.12934582433578
 Δlog(ℓ) = -1.06179171531673
 Δβ/SD[β] = -0.150108382865469 -0.789324688264097 0.047827164723349 0.0837864703743926 0.260112158009925 0.464980727491109
Maximizing likelihood @ n=8×548=4384
 SD[log(ℓ)] = 1.61042461809132
 Δlog(ℓ) = 1.3193053502865
 Δβ/SD[β] = -0.0193810148896728 -0.0470924071849986 0.160392892716777 -0.184637539865825 0.111969191742546 -0.105588841873087
Maximizing likelihood @ n=16×548=8768
 SD[log(ℓ)] = 1.20044604534811
 Δlog(ℓ) = 0.553775264264019
 Δβ/SD[β] = 0.120321069404117 0.246116501450759 0.539882184395889 -0.103022153782736 -0.0385410184189472 -0.207969020058939
Maximizing likelihood @ n=32×548=17536
 SD[log(ℓ)] = 0.872857791765144
 Δlog(ℓ) = -0.40165398227149
 Δβ/SD[β] = -0.0767888669062764 0.0532024162458167 0.0715895121170376 -0.057661071639313 -0.035781120697085 0.148713596769922
Maximizing likelihood @ n=64×548=35072
 SD[log(ℓ)] = 0.617008755194947
 Δlog(ℓ) = -0.653707243736481
 Δβ/SD[β] = -0.0190777003667834 0.0432317224359001 -0.0553739042012329 0.00395506522080756 -0.0116584091617984 0.11784083213185
Maximizing likelihood @ n=128×548=70144
 SD[log(ℓ)] = 0.442287362756209
 Δlog(ℓ) = 0.679465963345788
 Δβ/SD[β] = 0.017501978642092 -0.024884920852614 0.00358483376234691 0.0198934643905583 0.0648677133146406 0.0248831672265116
Maximizing likelihood @ n=256×548=140288
 SD[log(ℓ)] = 0.322589374549281
 Δlog(ℓ) = 0.359647969881014
 Δβ/SD[β] = -0.0213520177071532 0.0238861021793292 -0.0420743020507018 -0.0374515764481623 0.0824015466341411 -0.0179690525049696
Maximizing likelihood @ n=512×548=280576
 SD[log(ℓ)] = 0.228890258316833
 Δlog(ℓ) = -0.0393481718101967
 Δβ/SD[β] = -0.011663618469901 0.00798407820439715 0.012133755716574 0.0460280227543756 0.0252156767306668 0.0267083083132554
Maximizing likelihood @ n=1024×548=561152
 SD[log(ℓ)] = 0.161953327552892
 Δlog(ℓ) = -0.0422692418307875
 Δβ/SD[β] = 0.00403356728435203 0.00188139101459694 -0.00590828792190002 -0.0208706593390301 -0.012316569915174 0.0174685304031243
Maximizing likelihood @ n=2048×548=1122304
 SD[log(ℓ)] = 0.113843638096408
 Δlog(ℓ) = 0.143829655295434
 Δβ/SD[β] = 0.00450294119952318 0.0023785108904822 -0.00694016017448194 0.00547479400384528 0.0140582077892857 0.0123116334500365
Maximizing likelihood @ n=4096×548=2244608
 SD[log(ℓ)] = 0.0809814626696067
 Δlog(ℓ) = 0.0339867590040299
 Δβ/SD[β] = -0.0147705652204965 0.000727821630527533 -0.0229257007943699 -0.0279189005464118 -0.0148288948708772 0.0136931292194357
Maximizing likelihood @ n=8192×548=4489216
 SD[log(ℓ)] = 0.0573949893971377
 Δlog(ℓ) = 0.101298436588678
 Δβ/SD[β] = -0.00064334661636677 -0.00437893967300135 -0.00370248513766759 -0.0202801677329425 0.000466093569988631 -0.00335485348913896
Maximizing likelihood @ n=16384×548=8978432
 SD[log(ℓ)] = 0.0406614870443786
 Δlog(ℓ) = -0.00950427930704478
 Δβ/SD[β] = -0.0526637385687007 0.027541109528748 -0.0537726808133993 -0.000391444516935977 0.0141152328532716 -0.0580447545253172
Maximizing likelihood @ n=32768×548=17956864
 SD[log(ℓ)] = 0.0286665015488719
 Δlog(ℓ) = -0.043898950266648
 Δβ/SD[β] = 0.00106796905673273 0.0093736974750043 0.00604570018744276 0.0153251644853651 -0.00902185175541953 0.00754236760887662
Calculating Hessian
Maximizing likelihood @ n=1×548=548
 SD[log(ℓ)] = 3.29045435145454
 Δlog(ℓ) = Inf
 Δβ/SD[β] = 2.54943576869514 0.273492977301207 0.289785037351982 -23.3722334896136 -5.96167976969719 0.127015022670167
Maximizing likelihood @ n=2×548=1096
 SD[log(ℓ)] = 2.6280018717925
 Δlog(ℓ) = 0.525354344046772
 Δβ/SD[β] = 0.321228021869502 -0.721593984736843 -0.170937082892798 -0.00814673256461025 0.125713514365394 -0.274098834261941
Maximizing likelihood @ n=4×548=2192
 SD[log(ℓ)] = 2.02723197084047
 Δlog(ℓ) = 0.718944810240512
 Δβ/SD[β] = -0.158994807736646 -0.0510269831596245 -0.0851933663008889 0.000284833227907313 0.141869276690162 -0.0170586335526431
Maximizing likelihood @ n=8×548=4384
 SD[log(ℓ)] = 1.57470858469737
 Δlog(ℓ) = 2.24472734798091
 Δβ/SD[β] = 0.216843382492868 0.592706316254235 -0.318262397068919 -0.143209413608834 0.0430075079660826 -0.899395301772892
Maximizing likelihood @ n=16×548=8768
 SD[log(ℓ)] = 1.18089401538952
 Δlog(ℓ) = 0.194221249197216
 Δβ/SD[β] = -0.02050785752948 0.0329628561874183 -0.109487452300558 0.0127572161190186 0.0731953318969518 -0.0123618145400067
Maximizing likelihood @ n=32×548=17536
 SD[log(ℓ)] = 0.83696284006315
 Δlog(ℓ) = -1.56733622916907
 Δβ/SD[β] = 0 0 0 0 0 0
Maximizing likelihood @ n=64×548=35072
 SD[log(ℓ)] = 0.613767814826404
 Δlog(ℓ) = 0.985762984833357
 Δβ/SD[β] = 0.0431736393803265 -0.0541873708504316 -0.0574543821946967 -0.0914602066437161 -0.0664848435379416 -0.0158216697699432
Maximizing likelihood @ n=128×548=70144
 SD[log(ℓ)] = 0.425359522051214
 Δlog(ℓ) = 0.087350518500692
 Δβ/SD[β] = 0 0 0 0 0 0
Maximizing likelihood @ n=256×548=140288
 SD[log(ℓ)] = 0.308807136365926
 Δlog(ℓ) = 0.519405186544439
 Δβ/SD[β] = -1.91189215156074e-05 0.00577040386090829 -0.0144402844630634 -0.0457339018891191 0.0117281573913084 -0.00319358381680466
Maximizing likelihood @ n=512×548=280576
 SD[log(ℓ)] = 0.218477258859661
 Δlog(ℓ) = -0.0696407448499627
 Δβ/SD[β] = -0.00145818476187066 0.000669900656252416 -0.0036876799017362 -0.0184021072331093 -0.0123845210864618 0.00196518489642924
Maximizing likelihood @ n=1024×548=561152
 SD[log(ℓ)] = 0.156070417286568
 Δlog(ℓ) = 0.198734222245882
 Δβ/SD[β] = -0.00482811267446049 -0.00422855702453859 -0.00640489320623298 -0.0300569748403608 0.00363447194188444 -0.0134170990300764
Maximizing likelihood @ n=2048×548=1122304
 SD[log(ℓ)] = 0.11065240567888
 Δlog(ℓ) = 0.025736145188187
 Δβ/SD[β] = -0.00774497382709892 0.0094722147176528 -0.0314452629282619 0.00334692839224025 0.0267352514880983 -0.0310351399237106
Maximizing likelihood @ n=4096×548=2244608
 SD[log(ℓ)] = 0.0782800260427953
 Δlog(ℓ) = -0.0480343287026237
 Δβ/SD[β] = 0.00662948793254462 0.00244241456476377 0.00618821308978086 0.0137455838413313 -0.0206140990748115 0.00126573539441629
Maximizing likelihood @ n=8192×548=4489216
 SD[log(ℓ)] = 0.055311330076197
 Δlog(ℓ) = 0.00560866753323452
 Δβ/SD[β] = 0.0246778769678922 0.023255110257116 -0.0326539891290083 -0.0105426142598905 -0.0215639547629541 0.0230306883658359
Maximizing likelihood @ n=16384×548=8978432
 SD[log(ℓ)] = 0.0393162490226611
 Δlog(ℓ) = 0.027998258290328
 Δβ/SD[β] = -0.635849557783938 0.130252880840663 -0.330573328873222 -0.00127585041943642 0.017192443625452 -0.143930570243051
Maximizing likelihood @ n=32768×548=17956864
 SD[log(ℓ)] = 0.0280022036691676
 Δlog(ℓ) = 0.0304876672736576
 Δβ/SD[β] = 0.0130628552140037 0.0354774072912485 -0.0578491380591206 -0.014163332519007 -0.00399992996355767 0.00395005443168076
Calculating Hessian
Maximizing likelihood @ n=1×548=548
 SD[log(ℓ)] = 4.64139524352021
 Δlog(ℓ) = Inf
 Δβ/SD[β] = 11.3317038697492 10.2017752927537 7.98597642681415 -17.339454663617 -1.76752064182459 5.553568701088
Maximizing likelihood @ n=2×548=1096
 SD[log(ℓ)] = 3.71329083760365
 Δlog(ℓ) = 2.75403502297958
 Δβ/SD[β] = 0.0379126617239667 0.0448000179952511 -0.0197660567708012 0.139326716520269 0.135818217367387 0.0376390638645112
Maximizing likelihood @ n=4×548=2192
 SD[log(ℓ)] = 2.78557748259865
 Δlog(ℓ) = 0.597492000678649
 Δβ/SD[β] = 0.0452722788320634 0.0458964264026534 0.0877362430494548 -0.0339541212766981 0.0338057957104027 -0.0280552859224368
Maximizing likelihood @ n=8×548=4384
 SD[log(ℓ)] = 2.1612638144372
 Δlog(ℓ) = 0.562732645602622
 Δβ/SD[β] = 0.678055884680116 0.418668904101659 0.585425130431884 -0.112100945218395 0.591099918604548 0.424878875972861
Maximizing likelihood @ n=16×548=8768
 SD[log(ℓ)] = 1.85024992955945
 Δlog(ℓ) = -1.34971105779348
 Δβ/SD[β] = -0.0026716469608958 -0.013137798031866 0.0114485937861275 0.00523478383693324 -0.00876544078026181 -0.0143868538458696
Maximizing likelihood @ n=32×548=17536
 SD[log(ℓ)] = 1.1971504733595
 Δlog(ℓ) = 0.687487219482655
 Δβ/SD[β] = 0.0335695148320959 -0.081909575370317 -0.0883707675448658 0.0571193417342771 0.0604561756316447 -0.151006393953918
Maximizing likelihood @ n=64×548=35072
 SD[log(ℓ)] = 0.840190558381705
 Δlog(ℓ) = -0.482371301276174
 Δβ/SD[β] = 0.0603885467939543 0.00751234687229387 -0.00854569141833104 -0.0139470732806814 -0.0367885672559502 0.0411249055914084
Maximizing likelihood @ n=128×548=70144
 SD[log(ℓ)] = 0.590799532828258
 Δlog(ℓ) = 0.452214761644385
 Δβ/SD[β] = 0.149307037835183 0.220291856840433 0.11830821314749 -0.0999565947286529 0.063141910465368 0.348135975239157
Maximizing likelihood @ n=256×548=140288
 SD[log(ℓ)] = 0.41671360571596
 Δlog(ℓ) = -0.138882318632064
 Δβ/SD[β] = 0.0610310115813765 0.0706533587786856 -0.0158681930083135 -0.0360905830845964 0.0292125672067759 0.0666016507131877
Maximizing likelihood @ n=512×548=280576
 SD[log(ℓ)] = 0.300018297119425
 Δlog(ℓ) = 0.0788991468771272
 Δβ/SD[β] = -0.04060125516123 0.0134340275236218 0.0261708420957884 -0.0156128269833123 0.0126595071206048 -0.0144279575721216
Maximizing likelihood @ n=1024×548=561152
 SD[log(ℓ)] = 0.210827414830011
 Δlog(ℓ) = 0.0453739386177929
 Δβ/SD[β] = 0.0767820531332954 -0.024375340882996 0.0567496937760242 0.00887419992231 0.0846693491209365 0.0182714841985017
Maximizing likelihood @ n=2048×548=1122304
 SD[log(ℓ)] = 0.149415679165428
 Δlog(ℓ) = 0.0531018709188302
 Δβ/SD[β] = -0.00665206571159422 0.0308284754278175 0.0198179363677961 -0.0276907374693892 0.0223590177777586 0.00109124709027065
Maximizing likelihood @ n=4096×548=2244608
 SD[log(ℓ)] = 0.106299277589128
 Δlog(ℓ) = -0.0614931209431404
 Δβ/SD[β] = 0.0187247200482315 -0.00593091368434876 -0.00657382772128063 -0.00205125426411316 0.0035253037953748 0.00220473221512811
Maximizing likelihood @ n=8192×548=4489216
 SD[log(ℓ)] = 0.0756624594834951
 Δlog(ℓ) = -0.126473031727173
 Δβ/SD[β] = -0.00749919202262033 -0.00205691530652471 0.00963752757625358 -0.000383953479926067 0.00308888243121491 0.0072000634183465
Maximizing likelihood @ n=16384×548=8978432
 SD[log(ℓ)] = 0.0535884297898634
 Δlog(ℓ) = -0.0306563504586137
 Δβ/SD[β] = 0.00831690181041395 -0.00298498305143137 -0.000303439895239271 -0.00187583516907426 0.000344076972565835 0.00261686234802981
Maximizing likelihood @ n=32768×548=17956864
 SD[log(ℓ)] = 0.0382938603608556
 Δlog(ℓ) = 0.0296680288936457
 Δβ/SD[β] = 0.0282796573332604 0.0271467818483369 0.00832460291427478 -0.00312837176208495 0.0214741970465679 0.0369622089303027
Calculating Hessian
There were 15 warnings (use warnings() to see them)
Script complete
Sat Nov 16 00:23:06 MST 2024
