Wed Nov 20 18:47:01 MST 2024
Initiating script
── Attaching core tidyverse packages ──────────────────────── tidyverse 2.0.0 ──
✔ dplyr     1.1.4     ✔ readr     2.1.5
✔ forcats   1.0.0     ✔ stringr   1.5.1
✔ ggplot2   3.5.1     ✔ tibble    3.2.1
✔ lubridate 1.9.3     ✔ tidyr     1.3.1
✔ purrr     1.0.2     
── Conflicts ────────────────────────────────────────── tidyverse_conflicts() ──
✖ ggplot2::annotate() masks ctmm::annotate()
✖ dplyr::filter()     masks stats::filter()
✖ dplyr::lag()        masks stats::lag()
ℹ Use the conflicted package (<http://conflicted.r-lib.org/>) to force all conflicts to become errors
Linking to GEOS 3.9.5, GDAL 3.8.5, PROJ 9.4.0; sf_use_s2() is TRUE
Loading required package: sp

Attaching package: ‘raster’

The following object is masked from ‘package:dplyr’:

    select

The following objects are masked from ‘package:ctmm’:

    projection, projection<-

terra 1.7.78

Attaching package: ‘terra’

The following object is masked from ‘package:tidyr’:

    extract

The following objects are masked from ‘package:ctmm’:

    distance, meta

[1] "/home/u15/mmercer3/proj/habitat_analysis_class/Final/Model_Fit_Results/roads_750/BobbiJo_rr.Rda"
     [,1]                                
[1,] "Data loaded at 2024-11-20 18:47:13"
Default grid size of 59.9888888888889 minutes chosen for bandwidth(...,fast=TRUE).
Some rasters are not loaded in RAM and may be slow to process. See help("raster::readAll").
Maximizing likelihood @ n=1×1718=1718
 SD[log(ℓ)] = 6.01174062045429
 Δlog(ℓ) = Inf
 Δβ/SD[β] = 0.568051915504003 -2.17866643479248 -0.862551514993276 0.0371434197131828 0.0605083665233739 -1.10615031932205 -0.843687825677233 0.109283284937032
Maximizing likelihood @ n=2×1718=3436
 SD[log(ℓ)] = 8.38875501001269
 Δlog(ℓ) = 79.8368450822042
 Δβ/SD[β] = -4.72186091843586 -9.64321844139182 -5.20421351068464 2.01223519400706 -1.65674381017874 0.5290661880701 -2.62815913233349 -0.26079435384816
Maximizing likelihood @ n=4×1718=6872
 SD[log(ℓ)] = 6.50225055380264
 Δlog(ℓ) = 13.583295965287
 Δβ/SD[β] = 0.00972684512635552 -0.131075148270284 -0.252708720291341 -0.0186310537296873 -0.649265365972805 -0.0533137624820204 -0.871797230014518 0.0066424529986932
Maximizing likelihood @ n=8×1718=13744
 SD[log(ℓ)] = 4.87906011999123
 Δlog(ℓ) = 13.2383320486941
 Δβ/SD[β] = -0.0620316463096659 -0.874297775695939 -0.269196681321474 -0.0503584156870136 -0.222662264080581 0.152818281907488 0.0787610781346759 0.670879591130134
Maximizing likelihood @ n=16×1718=27488
 SD[log(ℓ)] = 3.58313987297405
 Δlog(ℓ) = 7.77503858326725
 Δβ/SD[β] = -0.0886099312042479 -0.322172311488294 -0.353573400795077 -0.0188358485948894 0.213060565176565 -0.441755682332771 -0.0853389051644443 0.240054329829477
Maximizing likelihood @ n=32×1718=54976
 SD[log(ℓ)] = 2.53234231952323
 Δlog(ℓ) = -2.37297209216271
 Δβ/SD[β] = 0.0943011725586735 -0.0386900755236113 0.085089176100348 0.231885093468676 0.000410778742500657 0.00940685765064679 -0.0383725557954033 0.147382154814168
Maximizing likelihood @ n=64×1718=109952
 SD[log(ℓ)] = 1.80735609259179
 Δlog(ℓ) = 1.32690536535443
 Δβ/SD[β] = 0.178274182456406 -0.0476933035062602 -0.0507157067381359 0.0729208684495851 0.00385395745293425 -0.150312121316844 -0.04167491881036 0.095363288495339
Maximizing likelihood @ n=128×1718=219904
 SD[log(ℓ)] = 1.2721632982896
 Δlog(ℓ) = -1.47798783420257
 Δβ/SD[β] = 0.0400152508480334 0.034561592806292 0.00778809936467812 -0.0056732173174371 -0.00860886638506238 0.0275637667617431 0.0108937825519155 0.027382971984808
Maximizing likelihood @ n=256×1718=439808
 SD[log(ℓ)] = 0.899795206587959
 Δlog(ℓ) = -0.701637929311545
 Δβ/SD[β] = 0.0448730511469944 -0.0363047503036526 0.0155437593860744 -0.0355249567569597 0.0240502684275933 0.0403913856490743 0.00902711327072905 -0.0193138916812375
Maximizing likelihood @ n=512×1718=879616
 SD[log(ℓ)] = 0.634875952470132
 Δlog(ℓ) = -0.210968840682028
 Δβ/SD[β] = -0.00275672902397104 0.0277864573605096 0.0327408588079954 -0.0168608354564478 -0.00212865555868361 0.000867457999875837 -0.0122170948492431 0.0214245228655134
Maximizing likelihood @ n=1024×1718=1759232
 SD[log(ℓ)] = 0.449382481267752
 Δlog(ℓ) = 0.233505594901771
 Δβ/SD[β] = 0.0411553066373456 0.00512287800049305 -0.0392029291162786 -0.0194203392306299 0.00161832800542374 -0.0136313728533424 -0.00598504695010885 0.00568212918395531
Maximizing likelihood @ n=2048×1718=3518464
 SD[log(ℓ)] = 0.316868353398036
 Δlog(ℓ) = -0.819724621551245
 Δβ/SD[β] = 0.00048324854514371 0.0118732091692518 0.0397989507989005 0.0162664843399635 0.0064021402566709 0.00150362899685737 0.0048117926204741 -0.00660893877331168
Maximizing likelihood @ n=4096×1718=7036928
 SD[log(ℓ)] = 0.223777867729645
 Δlog(ℓ) = -0.221016970423307
 Δβ/SD[β] = 0.0343465634114399 0.011789118606591 -0.0084058227622373 -0.000113445041711738 0.00128897989825251 0.0113240797593304 0.00175514429405007 -0.00559055349774093
Maximizing likelihood @ n=8192×1718=14073856
 SD[log(ℓ)] = 0.158387340137026
 Δlog(ℓ) = 0.224578629498524
 Δβ/SD[β] = 0.00306431177198493 -0.0175879814607189 0.0058912528423032 0.00954008876138413 0.00778313873256176 -0.00562819672036932 0.00129024197400181 0.00646125411642864
Maximizing likelihood @ n=16384×1718=28147712
 SD[log(ℓ)] = 0.112061741805241
 Δlog(ℓ) = 0.144525758099121
 Δβ/SD[β] = 0.0158594007011589 0.000976218209506187 -0.015056882890886 0.01524659044078 -0.000232955728183002 -0.0122071103865761 -0.00317427561460185 -0.00859046071212961
Calculating Hessian
Warning message:
In rsf.fit(individual, individual_akde, R = R, max.mem = "2 Gb") :
  Calculation stopped before 3.4 Gb allocation.
Script complete
Wed Nov 20 19:48:27 MST 2024
