Fri Nov 15 20:35:46 MST 2024
Initiating script
── Attaching core tidyverse packages ──────────────────────── tidyverse 2.0.0 ──
✔ dplyr     1.1.4     ✔ readr     2.1.5
✔ forcats   1.0.0     ✔ stringr   1.5.1
✔ ggplot2   3.5.1     ✔ tibble    3.2.1
✔ lubridate 1.9.3     ✔ tidyr     1.3.1
✔ purrr     1.0.2     
── Conflicts ────────────────────────────────────────── tidyverse_conflicts() ──
✖ ggplot2::annotate() masks ctmm::annotate()
✖ dplyr::filter()     masks stats::filter()
✖ dplyr::lag()        masks stats::lag()
ℹ Use the conflicted package (<http://conflicted.r-lib.org/>) to force all conflicts to become errors
Linking to GEOS 3.9.5, GDAL 3.8.5, PROJ 9.4.0; sf_use_s2() is TRUE
Loading required package: sp

Attaching package: ‘raster’

The following object is masked from ‘package:dplyr’:

    select

The following objects are masked from ‘package:ctmm’:

    projection, projection<-

terra 1.7.78

Attaching package: ‘terra’

The following object is masked from ‘package:tidyr’:

    extract

The following objects are masked from ‘package:ctmm’:

    distance, meta

[1] "/home/u15/mmercer3/proj/habitat_analysis_class/Final/Model_Fit_Results/Jack_rr.Rda"
     [,1]                                
[1,] "Data loaded at 2024-11-15 20:35:57"
Reading layer `major' from data source 
  `/home/u15/mmercer3/proj/habitat_analysis_class/Final/Major_Roads' 
  using driver `ESRI Shapefile'
Simple feature collection with 411 features and 7 fields
Geometry type: LINESTRING
Dimension:     XY
Bounding box:  xmin: 477946 ymin: 3545735 xmax: 511807.9 ymax: 3592212
Projected CRS: WGS 84 / UTM zone 12N
     [,1]                                 
[1,] "Roads loaded at 2024-11-15 20:35:57"
|---------|---------|---------|---------|=========================================                                          [1] 1681968
[1] 1681968
Starting buffer 30 
Maximizing likelihood @ n=1×974=974
 SD[log(ℓ)] = 13.718523809726
 Δlog(ℓ) = Inf
 Δβ/SD[β] = -3.9039293601632 -1.12490126074449 -2.08269063379508 -44.1776524010234 5.01417888608619 5.09813116847472
Maximizing likelihood @ n=2×974=1948
 SD[log(ℓ)] = 11.7289451986536
 Δlog(ℓ) = 47.7057487189302
 Δβ/SD[β] = 0.315134565245293 0.635429728424711 -0.124070943610317 -0.0190982951753333 0.371226235024909 0.342987637669732
Maximizing likelihood @ n=4×974=3896
 SD[log(ℓ)] = 9.43800317612864
 Δlog(ℓ) = 34.3898286716627
 Δβ/SD[β] = 0.223398785650204 0.242161008616869 0.582741748453533 0.162123989259708 1.92694785676327 1.47317765858245
Maximizing likelihood @ n=8×974=7792
 SD[log(ℓ)] = 7.40054165454028
 Δlog(ℓ) = 27.1528871945757
 Δβ/SD[β] = 0.139316745155138 -0.0852835765723304 0.049046131286617 -0.154173488342482 0.130624952115225 0.117404407407354
Maximizing likelihood @ n=16×974=15584
 SD[log(ℓ)] = 5.55879426920303
 Δlog(ℓ) = 6.37630432965284
 Δβ/SD[β] = 0.0215045984765327 -0.0125237017282522 0.0369956584221807 -0.0561949748060913 0.0472578405116954 0.0259323048113372
Maximizing likelihood @ n=32×974=31168
 SD[log(ℓ)] = 4.1459991820493
 Δlog(ℓ) = 8.19840279247586
 Δβ/SD[β] = -0.016070220853918 0.306034669203695 0.984030332940024 -1.02456120342796 0.0527386430100769 -0.097681553332094
Maximizing likelihood @ n=64×974=62336
 SD[log(ℓ)] = 3.04493836307481
 Δlog(ℓ) = 1.85563649499261
 Δβ/SD[β] = 0.0826732093344798 0.0151858632334754 0.139156857257638 0.00265939094381409 0.0138712708715972 0.0644037291950162
Maximizing likelihood @ n=128×974=124672
 SD[log(ℓ)] = 2.288861146566
 Δlog(ℓ) = -0.949880939805553
 Δβ/SD[β] = 0.0312429724876116 0.00617942461020941 -0.0296621721865185 0.382382705178034 -0.0362249091446151 -0.017098040284832
Maximizing likelihood @ n=256×974=249344
 SD[log(ℓ)] = 1.68919303784958
 Δlog(ℓ) = 3.22256371044614
 Δβ/SD[β] = 0.0774610919548432 0.038366106809568 0.145232457082908 -0.206057504501325 0.0162205517840995 0.140543069393198
Maximizing likelihood @ n=512×974=498688
 SD[log(ℓ)] = 1.18473696642923
 Δlog(ℓ) = 0.555081929493213
 Δβ/SD[β] = 0.0401465701300712 -0.0312077340747784 0.0136302997531683 -0.264528337437917 -0.0197918629168534 -0.0225461895077285
Maximizing likelihood @ n=1024×974=997376
 SD[log(ℓ)] = 0.841970129739215
 Δlog(ℓ) = 0.0128932473029408
 Δβ/SD[β] = 0.0140961047546803 -0.0473920262986676 0.00863743418472154 -0.142956981497144 0.00495504146230094 9.81908724455707e-05
Maximizing likelihood @ n=2048×974=1994752
 SD[log(ℓ)] = 0.589467477813621
 Δlog(ℓ) = 0.653842949628086
 Δβ/SD[β] = -0.00396270284743642 0.0192617902646514 0.018153696374053 -0.0558669167536341 -0.0213881620685867 0.00611111930404114
Maximizing likelihood @ n=4096×974=3989504
 SD[log(ℓ)] = 0.416236777844654
 Δlog(ℓ) = 0.596177965988147
 Δβ/SD[β] = -0.0123111885585682 0.0249481970708785 0.033348726103088 -0.0775740872705704 0.0457922825760654 0.0365921948257598
Maximizing likelihood @ n=8192×974=7979008
 SD[log(ℓ)] = 0.301476998094223
 Δlog(ℓ) = 0.18676996669825
 Δβ/SD[β] = 0.0189969906819431 0.0130874557138869 0.00676557184500482 -0.0248130963364517 0.00841280548233984 0.00807466227660934
Maximizing likelihood @ n=16384×974=15958016
 SD[log(ℓ)] = 0.214126758343549
 Δlog(ℓ) = 0.104230988791812
 Δβ/SD[β] = 0.0183963692743291 -0.00358797964974583 0.0366164908683742 -0.0037287326665581 0.000147975842104018 -0.0427586193021197
Calculating Hessian
Maximizing likelihood @ n=1×974=974
 SD[log(ℓ)] = 13.3631617446365
 Δlog(ℓ) = Inf
 Δβ/SD[β] = -0.20292962710897 -0.00666085398915961 -0.0333643736152132 -1.18143780611311 0.501948263806566 0.281799957146455
Maximizing likelihood @ n=2×974=1948
 SD[log(ℓ)] = 11.8112022230153
 Δlog(ℓ) = 59.274923015648
 Δβ/SD[β] = 0.279278783888351 0.222919267573311 -0.195054053352926 -0.861539449568227 3.44319537396489 1.25121707972405
Maximizing likelihood @ n=4×974=3896
 SD[log(ℓ)] = 9.11205732489621
 Δlog(ℓ) = 20.6352034924868
 Δβ/SD[β] = -0.341295906630487 1.69737332549087 0.316913810419471 -0.0960974344602878 0.161824633161496 -0.0308061320173435
Maximizing likelihood @ n=8×974=7792
 SD[log(ℓ)] = 7.27115424419423
 Δlog(ℓ) = 34.6857481167068
 Δβ/SD[β] = -0.0234773959406708 0.0332686439373588 -0.0523057484972262 -2.84054209621924 0.464895659682671 0.223282703929677
Maximizing likelihood @ n=16×974=15584
 SD[log(ℓ)] = 5.42962158586729
 Δlog(ℓ) = 1.41596018556197
 Δβ/SD[β] = 0.0934120385122321 0.195546007243657 -0.053922806206149 0.118840578434219 0.0515874717738702 -0.032054859111214
Maximizing likelihood @ n=32×974=31168
 SD[log(ℓ)] = 4.15375781345511
 Δlog(ℓ) = 12.5265731132968
 Δβ/SD[β] = 0.0149360873156524 -0.0178884620696932 -0.0132984706358283 -0.123636730672473 0.000598935902539068 0.0958268487792974
Maximizing likelihood @ n=64×974=62336
 SD[log(ℓ)] = 3.20678772641628
 Δlog(ℓ) = 4.99300050966553
 Δβ/SD[β] = 0.141793541127618 0.154242940783438 -0.16059476859464 -1.14506276939463 0.219257456663743 0.0798354960996571
Maximizing likelihood @ n=128×974=124672
 SD[log(ℓ)] = 2.39465865502597
 Δlog(ℓ) = 2.36027303038401
 Δβ/SD[β] = -0.0325023988182498 0.024023733127523 0.00839659814549512 -0.0182932606354778 -0.000997984305573131 0.0464835178588257
Maximizing likelihood @ n=256×974=249344
 SD[log(ℓ)] = 1.71018856661925
 Δlog(ℓ) = 3.84713591103531
 Δβ/SD[β] = -0.00667704298182114 0.00742075710180633 0.192694701342927 -0.564090784380659 0.159055862249618 0.223622542611686
Maximizing likelihood @ n=512×974=498688
 SD[log(ℓ)] = 1.21943534789572
 Δlog(ℓ) = 1.50347202991378
 Δβ/SD[β] = -0.0473373590608837 -0.0682038342161186 -0.106885430507745 -0.230188421411423 0.044287122372181 -0.0182571517075833
Maximizing likelihood @ n=1024×974=997376
 SD[log(ℓ)] = 0.856122467416786
 Δlog(ℓ) = 1.71213564359812
 Δβ/SD[β] = -0.0388442054961777 -0.00559083231136884 -0.0566624653184935 -0.190384651126516 0.0392891236789477 0.0304091818932756
Maximizing likelihood @ n=2048×974=1994752
 SD[log(ℓ)] = 0.642084167485603
 Δlog(ℓ) = 0.170434350916025
 Δβ/SD[β] = 0 0 0 0 0 0
Maximizing likelihood @ n=4096×974=3989504
 SD[log(ℓ)] = 0.447481261818812
 Δlog(ℓ) = 0.273366155085228
 Δβ/SD[β] = -0.00810432961213471 0.0104937799608807 0.0137506870901451 0.007066356678963 -0.00379099752871797 0.0575132096903115
Maximizing likelihood @ n=8192×974=7979008
 SD[log(ℓ)] = 0.314880706245249
 Δlog(ℓ) = 0.266444898094107
 Δβ/SD[β] = -0.00713530256439874 -0.0028483704483436 0.00215075141905099 0.0100344317537811 0.0161713264705561 -0.00498202911092921
Maximizing likelihood @ n=16384×974=15958016
 SD[log(ℓ)] = 0.218318783585815
 Δlog(ℓ) = 0.0091910078973001
 Δβ/SD[β] = -0.00319664395034675 0.00850348834947844 0.0033817110208665 -0.0173944923169571 -0.00268818122647561 0.0183765768184947
Calculating Hessian
Maximizing likelihood @ n=1×974=974
 SD[log(ℓ)] = 13.5004458369887
 Δlog(ℓ) = Inf
 Δβ/SD[β] = -0.85300181177461 0.894682123708077 1.44277110777921 -38.4571445888337 4.19495946746436 5.70405665772629
Maximizing likelihood @ n=2×974=1948
 SD[log(ℓ)] = 11.5516852129767
 Δlog(ℓ) = 48.8980846461778
 Δβ/SD[β] = -0.366371270913875 -0.143748823800133 -0.589657946654884 0.0782746115987451 0.289662420547169 0.279488387072751
Maximizing likelihood @ n=4×974=3896
 SD[log(ℓ)] = 9.58408607941777
 Δlog(ℓ) = 42.8908273074924
 Δβ/SD[β] = -0.138588217119143 -0.172573605160986 0.0607218655014894 -0.137419705827202 0.297176956431669 0.208136819701916
Maximizing likelihood @ n=8×974=7792
 SD[log(ℓ)] = 7.30059959298032
 Δlog(ℓ) = 16.8344263612788
 Δβ/SD[β] = -0.176060320453526 -0.042752621985907 -0.188702661696926 -0.0978911546905253 0.081881603204204 0.0776301995020372
Maximizing likelihood @ n=16×974=15584
 SD[log(ℓ)] = 5.64017952635469
 Δlog(ℓ) = 18.3388670613154
 Δβ/SD[β] = -0.381819895578789 0.11192073590113 -0.609573592090941 -0.533824532953031 0.504654443977165 0.777538722214698
Maximizing likelihood @ n=32×974=31168
 SD[log(ℓ)] = 4.27254104184141
 Δlog(ℓ) = 6.99366165209727
 Δβ/SD[β] = -0.00959148838985407 -0.0262337197558973 -0.0423299818299383 -0.0927463401924069 0.283379503790007 -0.0136174822337055
Maximizing likelihood @ n=64×974=62336
 SD[log(ℓ)] = 3.12101873678007
 Δlog(ℓ) = 1.70729136607343
 Δβ/SD[β] = -0.0591579367203911 0.0776379149023807 0.0127674274265274 -0.088400841424461 0.246228460942013 0.0242147260749713
Maximizing likelihood @ n=128×974=124672
 SD[log(ℓ)] = 2.22703610583471
 Δlog(ℓ) = -3.24899958230395
 Δβ/SD[β] = 0.0135871099950399 0.0163570694435715 0.0169174632990748 -0.0243368173208912 -0.0387530740884169 0.0304500829514814
Maximizing likelihood @ n=256×974=249344
 SD[log(ℓ)] = 1.59466542956218
 Δlog(ℓ) = 0.956170911749268
 Δβ/SD[β] = 0.106264698309127 0.173025948216138 -0.34326538765145 0.00555213547092133 0.0236901844660649 0.204613571583262
Maximizing likelihood @ n=512×974=498688
 SD[log(ℓ)] = 1.1620583126114
 Δlog(ℓ) = 1.13187967253498
 Δβ/SD[β] = 0.00677685666705139 -0.0220627426294518 -0.0453331989818305 -0.0314135369522096 0.0582318706715849 0.0519656313841035
Maximizing likelihood @ n=1024×974=997376
 SD[log(ℓ)] = 0.831730255692754
 Δlog(ℓ) = 1.43966338229734
 Δβ/SD[β] = 0.0238044514194409 0.0199621049373178 -0.00253643238888506 -0.17867081240079 -0.0123733317243087 0.0173770175732888
Maximizing likelihood @ n=2048×974=1994752
 SD[log(ℓ)] = 0.589058139515291
 Δlog(ℓ) = -0.0818112208646653
 Δβ/SD[β] = 0.0158928691513362 -0.0203511647498858 -0.0112793278798657 -0.0668056143437577 0.00820919687728545 0.016605168641505
Maximizing likelihood @ n=4096×974=3989504
 SD[log(ℓ)] = 0.418447249101196
 Δlog(ℓ) = -0.237766494966934
 Δβ/SD[β] = 0.0144309916867513 0.0264321928177215 -0.0170691835397415 0.0360021273010774 -0.0119231337663635 0.0410537880819197
Maximizing likelihood @ n=8192×974=7979008
 SD[log(ℓ)] = 0.296098347635917
 Δlog(ℓ) = -0.411391782728231
 Δβ/SD[β] = 0.00168734381523346 0.00474530007827815 -0.000225968556137841 0.0136918978660892 0.0202586355075563 -0.0145788642550915
Maximizing likelihood @ n=16384×974=15958016
 SD[log(ℓ)] = 0.211662342784828
 Δlog(ℓ) = -0.164291082821705
 Δβ/SD[β] = 0.00421514802170992 0.000948272784621009 -0.00111323354639695 0.0205914107718954 0.00470249597295411 -0.0200904209733403
Calculating Hessian
Maximizing likelihood @ n=1×974=974
 SD[log(ℓ)] = 13.9233540122732
 Δlog(ℓ) = Inf
 Δβ/SD[β] = 4.09439339724024 0.198097177431532 3.15594548601691 -46.1573087123342 5.27300629067758 8.0179680112033
Maximizing likelihood @ n=2×974=1948
 SD[log(ℓ)] = 11.8089309732686
 Δlog(ℓ) = 45.0877702124438
 Δβ/SD[β] = 0.556773291586454 0.784442536496615 0.657207508405032 0.431712332437027 3.28204392056581 3.06490714803181
Maximizing likelihood @ n=4×974=3896
 SD[log(ℓ)] = 9.47921429776282
 Δlog(ℓ) = 33.7783447310692
 Δβ/SD[β] = -1.03513736650863 -0.222994568148964 -1.32910439243173 0.105077215920882 1.46634730824471 0.300311233223253
Maximizing likelihood @ n=8×974=7792
 SD[log(ℓ)] = 7.23955046979703
 Δlog(ℓ) = 13.6601593839527
 Δβ/SD[β] = 0.0114833211489478 0.00840194287129777 0.0391033780568566 -0.119956879916391 0.0759126021358994 -0.00658981834914547
Maximizing likelihood @ n=16×974=15584
 SD[log(ℓ)] = 5.62860101148248
 Δlog(ℓ) = 19.354242784486
 Δβ/SD[β] = 0.312310698790536 -0.80278952258476 0.668399056013567 -0.202885820215841 0.0631776209309966 0.00308148626038453
Maximizing likelihood @ n=32×974=31168
 SD[log(ℓ)] = 4.21184793151489
 Δlog(ℓ) = 8.80824873656388
 Δβ/SD[β] = 0.0562002868782405 -0.119641565555775 0.660134165122967 -0.536491813724976 0.454275851520882 0.0215298310977884
Maximizing likelihood @ n=64×974=62336
 SD[log(ℓ)] = 3.15563441770681
 Δlog(ℓ) = 7.79411888877587
 Δβ/SD[β] = 0.0346804320656657 -0.0693052338416623 0.0139561438783489 -0.717768441504298 0.163304518906105 -0.0929213775807508
Maximizing likelihood @ n=128×974=124672
 SD[log(ℓ)] = 2.44815225747642
 Δlog(ℓ) = -1.72549990650685
 Δβ/SD[β] = -0.884275716912981 0.208576769408266 -0.407270336293719 1.02435331374402 0.139387846514899 -0.446122279489038
Maximizing likelihood @ n=256×974=249344
 SD[log(ℓ)] = 1.79627933831595
 Δlog(ℓ) = 0.0899576770356134
 Δβ/SD[β] = -0.188761785452684 0.0682050549844707 -0.520598928753726 0.124902102643841 0.00107673923938189 0.275088426285191
Maximizing likelihood @ n=512×974=498688
 SD[log(ℓ)] = 1.37335056011202
 Δlog(ℓ) = -0.228661267496022
 Δβ/SD[β] = -0.0141035863209608 0.0267204976365917 0.0350933288508219 0.0945551841417966 -0.0332419729854514 0.114007973834326
Maximizing likelihood @ n=1024×974=997376
 SD[log(ℓ)] = 0.969791584501083
 Δlog(ℓ) = 1.25883152308916
 Δβ/SD[β] = 0.10842887478696 0.0050471520136482 -0.0354576960278156 -0.28519053609091 0.0389367781740203 0.0619207243160981
Maximizing likelihood @ n=2048×974=1994752
 SD[log(ℓ)] = 0.661021332010633
 Δlog(ℓ) = 1.31093955848843
 Δβ/SD[β] = 0.00740765971990331 0.02732856385121 -0.0092102802181833 -0.0158915184601154 -0.0026703033843083 0.0117475505006499
Maximizing likelihood @ n=4096×974=3989504
 SD[log(ℓ)] = 0.483330940295237
 Δlog(ℓ) = 0.490868025691213
 Δβ/SD[β] = 0.0184011113792512 -0.0209200681041837 0.0113901747468288 -0.0796718601961987 0.0360662836100319 -0.00796066898339724
Maximizing likelihood @ n=8192×974=7979008
 SD[log(ℓ)] = 0.345957810396462
 Δlog(ℓ) = 0.14501626811068
 Δβ/SD[β] = 0.175069944077647 0.0720541222271133 -0.0234851045463698 -0.0752763738801295 -0.0214774025316101 -0.0491615949295978
Maximizing likelihood @ n=16384×974=15958016
 SD[log(ℓ)] = 0.249389969752511
 Δlog(ℓ) = 0.143234527504433
 Δβ/SD[β] = 0.0159601212752848 0.0159045247516775 0.0109756489017092 -0.0375014081688274 -0.0216549064896241 0.0132817418539943
Calculating Hessian
Starting buffer 750 
Maximizing likelihood @ n=1×974=974
 SD[log(ℓ)] = 13.3803131105389
 Δlog(ℓ) = Inf
 Δβ/SD[β] = 2.59298596718937 0.272286262481344 0.42287178557441 -40.2265296025354 2.93037080261185 5.09608950173949
Maximizing likelihood @ n=2×974=1948
 SD[log(ℓ)] = 11.9222109432204
 Δlog(ℓ) = 63.0716189398363
 Δβ/SD[β] = -0.330415191635599 -0.0482188878988155 -0.138076066932972 -2.38085618973028 3.41294043986593 0.680417631077498
Maximizing likelihood @ n=4×974=3896
 SD[log(ℓ)] = 9.13221472050359
 Δlog(ℓ) = 17.9677105250007
 Δβ/SD[β] = 0.552583116125647 0.0678504139201175 -0.0305226293602877 0.221685633134612 0.154031850859826 0.164267759236902
Maximizing likelihood @ n=8×974=7792
 SD[log(ℓ)] = 7.19339675303209
 Δlog(ℓ) = 26.1953916912796
 Δβ/SD[β] = -0.0851936143345356 0.0638553625638804 0.703962144086894 -1.57030370072746 0.995663357952329 0.888113802362233
Maximizing likelihood @ n=16×974=15584
 SD[log(ℓ)] = 5.60110782747703
 Δlog(ℓ) = 24.4413902314712
 Δβ/SD[β] = 0.0045307118336933 0.0036847077000224 -0.0340231727412278 -0.134868149496816 0.068242413331125 0.0338975217363938
Maximizing likelihood @ n=32×974=31168
 SD[log(ℓ)] = 4.21374149813569
 Δlog(ℓ) = 6.84376182149146
 Δβ/SD[β] = -0.0238028490079001 -0.011526411684796 -0.0672989627265547 -0.0425277329952856 0.207126030276154 0.848126934473469
Maximizing likelihood @ n=64×974=62336
 SD[log(ℓ)] = 3.20409501036104
 Δlog(ℓ) = 6.85173056920252
 Δβ/SD[β] = 0.0611093226789878 -0.0345490563778804 -0.0247794767890401 -0.0845107268085019 0.0170065975433598 0.0233686871174656
Maximizing likelihood @ n=128×974=124672
 SD[log(ℓ)] = 2.33478427356853
 Δlog(ℓ) = -1.812891541292
 Δβ/SD[β] = -0.0030834600514521 -0.000590963969687596 0.00202742968961019 0.00696270722744217 0.00283664533625355 -0.00625390385423136
Maximizing likelihood @ n=256×974=249344
 SD[log(ℓ)] = 1.6613731198454
 Δlog(ℓ) = -0.43147895325302
 Δβ/SD[β] = -0.00828479164318491 -0.00480763570858421 -0.00284913263927613 -0.0117923174121902 -0.0489373876177339 0.0470727326156536
Maximizing likelihood @ n=512×974=498688
 SD[log(ℓ)] = 1.16187854503578
 Δlog(ℓ) = -0.379368352907136
 Δβ/SD[β] = -0.0782966487485695 0.0189437248121143 -0.046206552177779 -0.207260215320018 0.0142479650888306 -0.0882879967528326
Maximizing likelihood @ n=1024×974=997376
 SD[log(ℓ)] = 0.843117430513702
 Δlog(ℓ) = 0.016971061413642
 Δβ/SD[β] = -0.00159790258276172 0.0186734246366513 -0.0227586052002958 -0.0369136209543512 0.0140526544478685 0.0239674537535461
Maximizing likelihood @ n=2048×974=1994752
 SD[log(ℓ)] = 0.608490834790929
 Δlog(ℓ) = 0.570344416833336
 Δβ/SD[β] = -0.00375987675075837 0.0462110323116032 -0.0466722206043354 -0.0337516631633661 -0.0104626997115228 0.0433026615535634
Maximizing likelihood @ n=4096×974=3989504
 SD[log(ℓ)] = 0.428501854381169
 Δlog(ℓ) = 0.119064577284007
 Δβ/SD[β] = 0.00285613108944073 0.0146508411601701 -0.00794544053384131 -0.0255625946035078 0.00700979366540864 0.0121327881096449
Maximizing likelihood @ n=8192×974=7979008
 SD[log(ℓ)] = 0.304228757960325
 Δlog(ℓ) = -0.0839134201237357
 Δβ/SD[β] = 0.00989881937803258 0.00739503575693009 -0.0162874754499853 0.00717129599623395 -0.0280007420369815 0.0265575292056936
Maximizing likelihood @ n=16384×974=15958016
 SD[log(ℓ)] = 0.263276733524602
 Δlog(ℓ) = -0.254404239943028
 Δβ/SD[β] = -0.0119383189262711 0.0370926490018382 -0.111364290699872 0.104096350977155 0.0383753249933726 0.0105895766071731
Calculating Hessian
Maximizing likelihood @ n=1×974=974
 SD[log(ℓ)] = 14.0969705695235
 Δlog(ℓ) = Inf
 Δβ/SD[β] = -2.73437009429432 2.34654214546715 1.06178095876591 -43.2505105071683 4.95889667533094 6.75726926778367
Maximizing likelihood @ n=2×974=1948
 SD[log(ℓ)] = 11.4967374250018
 Δlog(ℓ) = 28.9861967619455
 Δβ/SD[β] = 0.100182329922941 -0.102833885061522 -0.320224363795624 1.17141310634241 2.25619731151275 1.59733522850831
Maximizing likelihood @ n=4×974=3896
 SD[log(ℓ)] = 9.28604645346602
 Δlog(ℓ) = 35.6576431521816
 Δβ/SD[β] = 0.505157050840951 -0.217242527445455 -0.782033957606383 -0.110856769008247 0.218607139015544 0.149378714692437
Maximizing likelihood @ n=8×974=7792
 SD[log(ℓ)] = 7.27983267414653
 Δlog(ℓ) = 27.3765145870773
 Δβ/SD[β] = -0.0192872340916251 0.0184471990710633 -0.0801339367995225 -0.170268246346497 0.0901430695140841 0.137832101333651
Maximizing likelihood @ n=16×974=15584
 SD[log(ℓ)] = 5.52788181819919
 Δlog(ℓ) = 15.3532535481799
 Δβ/SD[β] = -0.151828890466749 -0.386608113205135 -0.200728656775017 -0.426843191351218 0.741919398686137 0.17546725886631
Maximizing likelihood @ n=32×974=31168
 SD[log(ℓ)] = 4.18342383161812
 Δlog(ℓ) = 11.9164413816322
 Δβ/SD[β] = -0.0684809435733022 -0.149822881010728 0.0287328404329091 -0.0746231008832776 0.00429608835825651 0.0330718196212263
Maximizing likelihood @ n=64×974=62336
 SD[log(ℓ)] = 3.11728359596664
 Δlog(ℓ) = 7.35220879296787
 Δβ/SD[β] = 0.0969354574431007 -0.363134332182877 0.122977786788494 -0.611090434715024 0.111646557652575 0.156962953699063
Maximizing likelihood @ n=128×974=124672
 SD[log(ℓ)] = 2.26559387934296
 Δlog(ℓ) = -2.97710723309302
 Δβ/SD[β] = 0.0502022405692257 -0.317725074376259 -0.207408093631478 0.572649075586054 0.180420934790101 0.269653154970327
Maximizing likelihood @ n=256×974=249344
 SD[log(ℓ)] = 1.63053003030206
 Δlog(ℓ) = 1.76913226036754
 Δβ/SD[β] = 0.0239698096331486 -0.0646343084627889 -0.0200388063708597 -0.139615874895499 0.00588824980019342 0.0274648167474142
Maximizing likelihood @ n=512×974=498688
 SD[log(ℓ)] = 1.16317556696856
 Δlog(ℓ) = -0.424732731829749
 Δβ/SD[β] = -0.0103786535459289 0.0044878757758739 -0.0283987283717281 -0.0587979505124514 -0.0202583610102577 0.0466973337940993
Maximizing likelihood @ n=1024×974=997376
 SD[log(ℓ)] = 0.818923759213864
 Δlog(ℓ) = -1.03071867125897
 Δβ/SD[β] = 0.00881340053378964 0.00051905580814836 -0.00125881900102847 -0.0157753254410077 -0.0271708339739638 0.0192834639630905
Maximizing likelihood @ n=2048×974=1994752
 SD[log(ℓ)] = 0.590006817386728
 Δlog(ℓ) = -1.70254939745047
 Δβ/SD[β] = 0.00692403665350352 0.000563085828670386 -0.00292252590749049 0.0945281718871917 -0.0254381749501785 -0.0262673152752388
Maximizing likelihood @ n=4096×974=3989504
 SD[log(ℓ)] = 0.440293883879908
 Δlog(ℓ) = 0.303770864212481
 Δβ/SD[β] = 0.00227025479140556 -0.00391329731870882 0.00419102891474661 0.00665247258690473 0.0196390413033887 -0.00560101304341122
Maximizing likelihood @ n=8192×974=7979008
 SD[log(ℓ)] = 0.303108462850816
 Δlog(ℓ) = 0.309227963621026
 Δβ/SD[β] = -0.00471004374185232 -0.0275281100388107 0.00486307424685114 -0.0584080794516922 0.0125531543303959 0.0249569597854258
Maximizing likelihood @ n=16384×974=15958016
 SD[log(ℓ)] = 0.213708338652519
 Δlog(ℓ) = 0.0919428320884776
 Δβ/SD[β] = -0.0166239507030169 -0.0239093639610234 0.00594902226091959 -0.0285962041796704 0.0188279722691686 -0.0127615667552561
Calculating Hessian
Maximizing likelihood @ n=1×974=974
 SD[log(ℓ)] = 12.518562328781
 Δlog(ℓ) = Inf
 Δβ/SD[β] = 3.34672652339839 -0.949035538091152 -0.96544153167172 -44.798703044338 3.6145419750643 5.35012734672621
Maximizing likelihood @ n=2×974=1948
 SD[log(ℓ)] = 11.141800780418
 Δlog(ℓ) = 56.2691543599919
 Δβ/SD[β] = -0.040676407735333 0.00855540405432736 -0.309624948399572 -0.340089209862039 0.426009950111437 0.412629199294298
Maximizing likelihood @ n=4×974=3896
 SD[log(ℓ)] = 9.14407719160155
 Δlog(ℓ) = 47.7438567342263
 Δβ/SD[β] = -0.210867562116827 0.246264707345862 0.292208763560835 -0.353082500070096 0.219097941260594 0.255801436344448
Maximizing likelihood @ n=8×974=7792
 SD[log(ℓ)] = 7.15858821723519
 Δlog(ℓ) = 28.3265354016349
 Δβ/SD[β] = 0.0107245758613978 0.221406491905432 0.0294250617647741 -1.70848218377694 0.537202698768579 0.54846491034404
Maximizing likelihood @ n=16×974=15584
 SD[log(ℓ)] = 5.47866005825326
 Δlog(ℓ) = 15.1399435459014
 Δβ/SD[β] = -0.228683387987493 0.382808613884569 -0.0380692693834857 -1.07493254041673 0.416984558212393 0.120198818024611
Maximizing likelihood @ n=32×974=31168
 SD[log(ℓ)] = 4.11581575831846
 Δlog(ℓ) = 9.81461401273793
 Δβ/SD[β] = 0.443271795017097 -0.404318787583513 -0.00641845128979647 -1.06472992525552 0.26967559864943 0.168352310983092
Maximizing likelihood @ n=64×974=62336
 SD[log(ℓ)] = 3.02895429243841
 Δlog(ℓ) = 4.64368277563165
 Δβ/SD[β] = -0.0610457515842336 0.429787203799468 -0.00155861365015225 -0.0822553749780961 0.0104781313706105 -0.0291797431207405
Maximizing likelihood @ n=128×974=124672
 SD[log(ℓ)] = 2.23324011419568
 Δlog(ℓ) = 0.403637109450642
 Δβ/SD[β] = -0.0363599377298183 0.0341207734551434 0.0178538895445871 -0.103778498551644 -0.00582198429856556 0.104480313146622
Maximizing likelihood @ n=256×974=249344
 SD[log(ℓ)] = 1.62885009133336
 Δlog(ℓ) = 3.74301807940435
 Δβ/SD[β] = 0.11076959125484 0.0151690394288804 0.020728698661271 -0.29201794607867 0.0369049077520254 -0.0180698231882701
Maximizing likelihood @ n=512×974=498688
 SD[log(ℓ)] = 1.19306220054061
 Δlog(ℓ) = 0.763685497210702
 Δβ/SD[β] = -0.0217248050937101 0.0440026621096966 0.0264988743285521 0.0612309817151948 0.0143426141312693 -0.0514315175594281
Maximizing likelihood @ n=1024×974=997376
 SD[log(ℓ)] = 0.841901274240846
 Δlog(ℓ) = 1.18585302223812
 Δβ/SD[β] = -0.0133902434788288 0.0175147185225485 0.00136742551637737 -0.0619221208395928 0.0390656876987177 0.0486515670549344
Maximizing likelihood @ n=2048×974=1994752
 SD[log(ℓ)] = 0.624010457917672
 Δlog(ℓ) = -0.288928918302815
 Δβ/SD[β] = 0.0148695290056723 0.0162336331881795 0.0200306442584382 0.0452055916387744 -0.0188390228392376 0.00421057074481995
Maximizing likelihood @ n=4096×974=3989504
 SD[log(ℓ)] = 0.436444980479393
 Δlog(ℓ) = -0.477474847227484
 Δβ/SD[β] = -0.0190902269804603 0.0238725555524899 0.0117382111602226 0.0170293634604155 -0.0190573641161027 0.00434047239278188
Maximizing likelihood @ n=8192×974=7979008
 SD[log(ℓ)] = 0.307066698217922
 Δlog(ℓ) = 0.20095403505934
 Δβ/SD[β] = -0.00730525218098431 0.0131793721929769 0.0185575460301217 -0.0286554212685087 0.021003260046196 0.00603392398853593
Maximizing likelihood @ n=16384×974=15958016
 SD[log(ℓ)] = 0.215774809878185
 Δlog(ℓ) = -0.0749266428039732
 Δβ/SD[β] = 0.016636781712847 0.0176828007582707 -0.00923260773537388 0.0495998069734016 0.00664800790713019 -0.0142065334006287
Calculating Hessian
Maximizing likelihood @ n=1×974=974
 SD[log(ℓ)] = 13.5213874454244
 Δlog(ℓ) = Inf
 Δβ/SD[β] = 7.1391231114984 -2.63565251537708 4.91603899500318 -38.1999310627161 4.10011339604815 6.40310158937511
Maximizing likelihood @ n=2×974=1948
 SD[log(ℓ)] = 12.147366036403
 Δlog(ℓ) = 74.3113800179139
 Δβ/SD[β] = 1.76897280381865 0.0412732775127864 1.51653753832636 -3.06483749703383 4.19137008657562 3.10507116768063
Maximizing likelihood @ n=4×974=3896
 SD[log(ℓ)] = 9.74207203212626
 Δlog(ℓ) = 35.5143914779686
 Δβ/SD[β] = 0.0158642515851477 0.999861522795136 -0.318832605681875 -0.358457048942305 1.40205704208096 1.18572526509793
Maximizing likelihood @ n=8×974=7792
 SD[log(ℓ)] = 7.36606257863199
 Δlog(ℓ) = 10.7208647652041
 Δβ/SD[β] = -0.71672261465623 1.89537533988534 -0.73172831092274 0.298918721429278 0.0602900146547 -0.0175021275576521
Maximizing likelihood @ n=16×974=15584
 SD[log(ℓ)] = 5.66321938239633
 Δlog(ℓ) = 11.9199870191356
 Δβ/SD[β] = 0.561200998925202 -0.971543454889597 0.42474542595669 -0.0942259522324021 0.0625471846762182 -0.0181143048250858
Maximizing likelihood @ n=32×974=31168
 SD[log(ℓ)] = 4.3098440353549
 Δlog(ℓ) = 7.55196544575409
 Δβ/SD[β] = 0.146395464654476 -0.0960848050762676 0.460052117860804 -0.0261046072854241 0.0242946300016673 0.0261132579229448
Maximizing likelihood @ n=64×974=62336
 SD[log(ℓ)] = 3.2672893336607
 Δlog(ℓ) = 4.84447536799178
 Δβ/SD[β] = 0.0823867513125818 -0.118068956466004 0.0405842764310853 -0.111916382778843 -0.000891137412033004 0.0197314164275512
Maximizing likelihood @ n=128×974=124672
 SD[log(ℓ)] = 2.73064756011348
 Δlog(ℓ) = -6.86376609463781
 Δβ/SD[β] = -0.62130625422747 0.0808376309385843 -0.811475599202534 0.201214022374078 0.0226014838779064 -0.165893820030584
Maximizing likelihood @ n=256×974=249344
 SD[log(ℓ)] = 2.10490838900512
 Δlog(ℓ) = 5.04699078804515
 Δβ/SD[β] = 0.00680189197188203 0.0314556355811246 -0.0893386793936002 -0.596218340518905 0.0193385422439092 0.446705297302515
Maximizing likelihood @ n=512×974=498688
 SD[log(ℓ)] = 1.63863380105844
 Δlog(ℓ) = 2.25036964141691
 Δβ/SD[β] = 0.572818373571207 0.140799358831977 0.0933922010106593 -0.415377848235133 -0.0904451391129987 0.241381695555213
Maximizing likelihood @ n=1024×974=997376
 SD[log(ℓ)] = 1.24818685608851
 Δlog(ℓ) = 2.49834369281183
 Δβ/SD[β] = 0.201298283713321 -0.152744422773604 0.123700343517099 -0.0480475298362368 -0.0075850878934948 0.0384122108226976
Maximizing likelihood @ n=2048×974=1994752
 SD[log(ℓ)] = 0.910568694741123
 Δlog(ℓ) = 1.62276988405591
 Δβ/SD[β] = 0.239053780299237 0.229646594718458 0.798849752908217 -0.0507820175727234 0.00676877414576891 0.00202868906091156
Maximizing likelihood @ n=4096×974=3989504
 SD[log(ℓ)] = 0.630235481082385
 Δlog(ℓ) = 0.335765339626903
 Δβ/SD[β] = 0.0383624627343222 -0.00587849588389014 0.0392626971694696 0.00132122100096655 0.00671839255097195 0.021788612100466
Maximizing likelihood @ n=8192×974=7979008
 SD[log(ℓ)] = 0.476179646608273
 Δlog(ℓ) = 1.38834624185489
 Δβ/SD[β] = 0.222468249208112 -0.251709987717594 0.746279116015074 -0.0486419590570273 -0.00383793720183348 -0.00790660756618283
Maximizing likelihood @ n=16384×974=15958016
 SD[log(ℓ)] = 0.305210386625511
 Δlog(ℓ) = 0.83715032589555
 Δβ/SD[β] = 0.0476295447847959 0.0155580198261345 0.0411827751424611 -0.0679350778081724 0.0430810344832364 0.124410366033024
Calculating Hessian
Starting buffer 1500 
Maximizing likelihood @ n=1×974=974
 SD[log(ℓ)] = 13.534778697931
 Δlog(ℓ) = Inf
 Δβ/SD[β] = -3.45005876594759 0.903639287426904 0.276237281758201 -45.8717934588883 4.73375042320927 4.28067029944149
Maximizing likelihood @ n=2×974=1948
 SD[log(ℓ)] = 11.8567582289446
 Δlog(ℓ) = 64.6690051920601
 Δβ/SD[β] = 0.00571915643076193 2.67746638404463 0.210617060088627 -1.01769596441096 2.60828383515661 1.20131146567449
Maximizing likelihood @ n=4×974=3896
 SD[log(ℓ)] = 9.42114871265435
 Δlog(ℓ) = 28.5737097861761
 Δβ/SD[β] = 0.0817060684494618 -0.956067114428513 -0.864680522613478 -0.534769437193393 1.00152703847469 1.41909136702294
Maximizing likelihood @ n=8×974=7792
 SD[log(ℓ)] = 7.3294603583005
 Δlog(ℓ) = 23.8903141843823
 Δβ/SD[β] = 0.348984091170653 -0.358705419773724 0.172991201282405 -0.116394303216593 0.0856993779921393 0.206187271646624
Maximizing likelihood @ n=16×974=15584
 SD[log(ℓ)] = 5.67200795252712
 Δlog(ℓ) = 19.9996145855028
 Δβ/SD[β] = -0.165438476685105 -0.204936894699527 0.0426529127564494 -0.129532594729435 0.0493229409296328 0.0784098912127582
Maximizing likelihood @ n=32×974=31168
 SD[log(ℓ)] = 4.19611716841368
 Δlog(ℓ) = 4.47809868964185
 Δβ/SD[β] = 0.0801610092048074 0.00834471310020584 -0.00816326754935535 -0.0948029650843365 0.390257747921366 -0.17391258837537
Maximizing likelihood @ n=64×974=62336
 SD[log(ℓ)] = 3.10276286191398
 Δlog(ℓ) = 0.66118945210161
 Δβ/SD[β] = 0.0955447881954563 0.00460537868446523 0.0635334815063407 -0.0693018977247927 0.0643768172689573 0.0820910197187485
Maximizing likelihood @ n=128×974=124672
 SD[log(ℓ)] = 2.27225265411821
 Δlog(ℓ) = -2.51765947637722
 Δβ/SD[β] = 0.0344316195336854 -0.0381385790018583 -0.0438446810459081 0.429492997021342 -0.0253226848252527 0.0727345136800729
Maximizing likelihood @ n=256×974=249344
 SD[log(ℓ)] = 1.61234749835462
 Δlog(ℓ) = 0.586538877339422
 Δβ/SD[β] = 0.0147542696627169 0.0356963806577706 -0.0279299188927968 -0.14999216480387 0.0423420519798119 0.0640409828740507
Maximizing likelihood @ n=512×974=498688
 SD[log(ℓ)] = 1.15063401202885
 Δlog(ℓ) = 1.4609808118185
 Δβ/SD[β] = 0.000576705723267739 0.00866279831723493 0.0363148815371886 -0.313047366898839 0.0257081983488825 0.0288128524416919
Maximizing likelihood @ n=1024×974=997376
 SD[log(ℓ)] = 0.83145959833838
 Δlog(ℓ) = 1.86331945793302
 Δβ/SD[β] = 4.1263914662015e-06 -0.000192158665255371 -0.00213525680653811 -0.0361377781420433 0.0159281648201676 0.0151242441325841
Maximizing likelihood @ n=2048×974=1994752
 SD[log(ℓ)] = 0.585173303543068
 Δlog(ℓ) = 0.246345955498327
 Δβ/SD[β] = -0.0114987958502213 0.00172500436997335 -0.0272840536284274 -0.0772590101140561 -0.0360928890501031 0.0237628979364321
Maximizing likelihood @ n=4096×974=3989504
 SD[log(ℓ)] = 0.414518016122127
 Δlog(ℓ) = 0.0863000405163348
 Δβ/SD[β] = -0.00756651326440192 -0.00449176265019937 -0.0101782892410156 -0.00133147242964783 0.0359188456076029 -0.00225558424184911
Maximizing likelihood @ n=8192×974=7979008
 SD[log(ℓ)] = 0.298510719824436
 Δlog(ℓ) = -0.0182335264450444
 Δβ/SD[β] = -0.00888245573670939 0.00621230038273164 0.00479064849442738 0.0176956203718086 -0.00601140845717338 0.0130161327837897
Maximizing likelihood @ n=16384×974=15958016
 SD[log(ℓ)] = 0.21457443304703
 Δlog(ℓ) = -0.0974420051058473
 Δβ/SD[β] = 0.00197750404357293 0.00542576070685462 -0.0140447166916607 0.012483409320212 0.00236177300086657 0.00486693618152438
Calculating Hessian
Maximizing likelihood @ n=1×974=974
 SD[log(ℓ)] = 13.1073254197673
 Δlog(ℓ) = Inf
 Δβ/SD[β] = -4.56338816632388 -0.0563391177491345 -0.000425128485871573 -46.3804635410005 3.78665295664854 6.12341098535662
Maximizing likelihood @ n=2×974=1948
 SD[log(ℓ)] = 11.1690520989583
 Δlog(ℓ) = 48.8817272196833
 Δβ/SD[β] = 0.0184021209064137 0.54382176613122 0.0677902991030334 -0.107959837497188 0.353523575878671 0.377135566192023
Maximizing likelihood @ n=4×974=3896
 SD[log(ℓ)] = 9.14534770538722
 Δlog(ℓ) = 46.518806483284
 Δβ/SD[β] = -0.203436988226756 -0.127389974532084 -0.0545298184175263 -0.435522480760568 0.24105633462355 0.232736319867527
Maximizing likelihood @ n=8×974=7792
 SD[log(ℓ)] = 7.22203053435469
 Δlog(ℓ) = 31.3307803418467
 Δβ/SD[β] = 0.836607956090929 -0.374425872371343 0.0816536202622037 -0.958291955620702 0.920208275758077 1.32399943242846
Maximizing likelihood @ n=16×974=15584
 SD[log(ℓ)] = 5.52795159342539
 Δlog(ℓ) = 18.0615988567272
 Δβ/SD[β] = -0.0512149312356297 -0.00676531573992842 -0.0417972735677572 -1.2145981895156 0.441094051698204 0.216208171714244
Maximizing likelihood @ n=32×974=31168
 SD[log(ℓ)] = 4.0965249007231
 Δlog(ℓ) = 3.86128512778492
 Δβ/SD[β] = 0.0349980574299086 0.080207010366076 -0.14280974875012 -0.264076473406114 0.336094922164427 -0.265657742268602
Maximizing likelihood @ n=64×974=62336
 SD[log(ℓ)] = 3.0533515688246
 Δlog(ℓ) = 7.47220164212143
 Δβ/SD[β] = 0.241545969465875 -0.078200643232238 0.0446239183531185 -0.601120232861618 0.107542239925536 0.0052949096592884
Maximizing likelihood @ n=128×974=124672
 SD[log(ℓ)] = 2.22604109992213
 Δlog(ℓ) = -0.861195188670649
 Δβ/SD[β] = 0.012694785691624 0.0135744379964541 -0.00386086158368083 0.0101243691340924 0.00302868294351841 0.0302780348889074
Maximizing likelihood @ n=256×974=249344
 SD[log(ℓ)] = 1.6121589875202
 Δlog(ℓ) = 1.6896628333086
 Δβ/SD[β] = 0.00107814442239817 0.014069300133844 -0.00762762567682506 -0.0132085541722922 0.00739821904154466 0.00622811210748567
Maximizing likelihood @ n=512×974=498688
 SD[log(ℓ)] = 1.16253637456898
 Δlog(ℓ) = 1.8225828113504
 Δβ/SD[β] = 0.0298382140716089 0.0305018156781733 -0.0256666659030319 -0.20243808850712 0.0159026854836637 0.0335981665759272
Maximizing likelihood @ n=1024×974=997376
 SD[log(ℓ)] = 0.840896135314128
 Δlog(ℓ) = 0.57131179019774
 Δβ/SD[β] = 0.0144297174591848 0.00306675522172311 -0.0106435555853483 0.0253349077436556 0.0382897357360932 -0.0058303293562519
Maximizing likelihood @ n=2048×974=1994752
 SD[log(ℓ)] = 0.630746395331818
 Δlog(ℓ) = -0.108936903942322
 Δβ/SD[β] = -0.0240747804738358 0.000314463112300561 -0.00213858907191069 0.0713863318015896 0.0074164013277215 0.0222364550571058
Maximizing likelihood @ n=4096×974=3989504
 SD[log(ℓ)] = 0.431206441664191
 Δlog(ℓ) = 0.0808665334442935
 Δβ/SD[β] = 0 0 0 0 0 0
Maximizing likelihood @ n=8192×974=7979008
 SD[log(ℓ)] = 0.302288634433639
 Δlog(ℓ) = -0.185986012771309
 Δβ/SD[β] = -0.0311186827131089 -0.0086255209503217 -0.00695748613114438 -0.0447009973863101 -0.031571667852963 0.030159956342925
Maximizing likelihood @ n=16384×974=15958016
 SD[log(ℓ)] = 0.215247161041351
 Δlog(ℓ) = -0.391555864402392
 Δβ/SD[β] = -0.0098751866372483 -0.018376031734896 -0.00162195863528646 0.0423182715905617 -0.00737659092749238 -0.0117376075411145
Calculating Hessian
Maximizing likelihood @ n=1×974=974
 SD[log(ℓ)] = 13.2046074802663
 Δlog(ℓ) = Inf
 Δβ/SD[β] = 0.276847259778793 0.0512685435710362 -0.00978070512079293 -1.14275462603631 0.390136673164337 0.268881598624437
Maximizing likelihood @ n=2×974=1948
 SD[log(ℓ)] = 11.8584638640237
 Δlog(ℓ) = 62.3749892936422
 Δβ/SD[β] = -0.765958697899697 -0.669408215120935 -0.351118496974955 -1.96076738539395 4.27671171395778 1.53621587339781
Maximizing likelihood @ n=4×974=3896
 SD[log(ℓ)] = 9.45653696314692
 Δlog(ℓ) = 35.3672668267016
 Δβ/SD[β] = -0.512531165623499 -0.269053355669125 -0.074930251869079 -1.5879606749081 1.6563421054324 0.881845768751892
Maximizing likelihood @ n=8×974=7792
 SD[log(ℓ)] = 7.24265901092895
 Δlog(ℓ) = 14.9330123652354
 Δβ/SD[β] = -0.0479672871863737 -1.14984464707151 -0.0632560382631839 -0.841124126863409 1.03182144886284 0.936724859038614
Maximizing likelihood @ n=16×974=15584
 SD[log(ℓ)] = 5.59669046521133
 Δlog(ℓ) = 21.4663682420382
 Δβ/SD[β] = -0.0509435733535351 -0.060514240593024 0.00593535295339608 -0.201623083823952 0.0548444805695234 0.00419585056871095
Maximizing likelihood @ n=32×974=31168
 SD[log(ℓ)] = 4.17295761168212
 Δlog(ℓ) = 2.57368432691294
 Δβ/SD[β] = -0.0254507587197805 0.00359084045320548 -0.00457517332317506 -0.188374326691181 0.289672052519043 0.0728121330629183
Maximizing likelihood @ n=64×974=62336
 SD[log(ℓ)] = 3.00877307866714
 Δlog(ℓ) = 2.16855448114353
 Δβ/SD[β] = -0.00312191972833799 -0.00258903158348792 -0.00835812566139243 -0.0395778215261191 0.00953246559491025 -0.0174203434924359
Maximizing likelihood @ n=128×974=124672
 SD[log(ℓ)] = 2.19788096630656
 Δlog(ℓ) = 2.7300824012508
 Δβ/SD[β] = -0.0280868131973563 -0.0321204802275214 0.0319607203999213 -0.0564845092756782 0.00352809277940571 0.023952534797237
Maximizing likelihood @ n=256×974=249344
 SD[log(ℓ)] = 1.60336936849102
 Δlog(ℓ) = 1.29414062939674
 Δβ/SD[β] = -0.0146435625420933 -0.0429677150342697 0.0349829587657264 -0.0554376143381593 0.0525770531888377 -0.103458642696862
Maximizing likelihood @ n=512×974=498688
 SD[log(ℓ)] = 1.1450196396517
 Δlog(ℓ) = 1.70360132181435
 Δβ/SD[β] = 0.0194882911284899 0.00249288914225498 -0.0245885455310687 -0.153593947389152 -0.023445017448096 0.016676759696106
Maximizing likelihood @ n=1024×974=997376
 SD[log(ℓ)] = 0.819869696629153
 Δlog(ℓ) = 1.01450736146137
 Δβ/SD[β] = -0.00182593855602968 -0.00122224052343867 0.0391515361061284 -0.0632306533180244 0.000962702392109084 0.0219991050465045
Maximizing likelihood @ n=2048×974=1994752
 SD[log(ℓ)] = 0.59180721610811
 Δlog(ℓ) = 0.0703393448547445
 Δβ/SD[β] = -0.000993165795897976 0.00792018671468074 0.0220529636480328 0.0815969158962525 -0.0234802619386951 -0.00212861288317552
Maximizing likelihood @ n=4096×974=3989504
 SD[log(ℓ)] = 0.419312199712186
 Δlog(ℓ) = -0.148664047767568
 Δβ/SD[β] = -0.0220542542356559 -0.0140135516351611 0.000739291932117511 0.0438215184801388 0.0142457579368776 -0.00343664488835074
Maximizing likelihood @ n=8192×974=7979008
 SD[log(ℓ)] = 0.29732568460943
 Δlog(ℓ) = 0.0215827714250167
 Δβ/SD[β] = -0.0120430996017324 0.0029833952335569 -0.0124413325357849 0.018697641278934 0.0253143709650774 0.02141879708088
Maximizing likelihood @ n=16384×974=15958016
 SD[log(ℓ)] = 0.214600441603557
 Δlog(ℓ) = -0.123551673754775
 Δβ/SD[β] = -0.00335772558414597 -0.0233524946273507 -0.00203788219411705 0.0344364891096663 -0.0107871492247601 0.0154349636007301
Calculating Hessian
Maximizing likelihood @ n=1×974=974
 SD[log(ℓ)] = 14.2840551878136
 Δlog(ℓ) = Inf
 Δβ/SD[β] = 0.53878992746699 -0.0469423843487663 0.149023217361775 -1.2482306826745 0.639081375549486 0.329978822808303
Maximizing likelihood @ n=2×974=1948
 SD[log(ℓ)] = 11.8883782296218
 Δlog(ℓ) = 49.0968667293547
 Δβ/SD[β] = 1.22840337981261 0.744831357610287 0.0441425004529358 -2.47326069613876 2.59531017147738 0.451960866453602
Maximizing likelihood @ n=4×974=3896
 SD[log(ℓ)] = 9.39620835185537
 Δlog(ℓ) = 31.2345166488374
 Δβ/SD[β] = 0.12936731860481 1.25523840327034 1.04781051164953 -1.0953227285798 2.0059032301743 1.59636065753847
Maximizing likelihood @ n=8×974=7792
 SD[log(ℓ)] = 7.22377206960091
 Δlog(ℓ) = 14.3911761060056
 Δβ/SD[β] = 0.642960259052399 0.922106724025227 0.460226658897557 -1.1624745832182 0.55165048276302 -0.286469815839055
Maximizing likelihood @ n=16×974=15584
 SD[log(ℓ)] = 5.64776118313375
 Δlog(ℓ) = 20.7753569910191
 Δβ/SD[β] = 0.381538129885095 -1.0100305704845 0.447479473379788 -0.156829481691153 0.071092259689311 0.0473635474483058
Maximizing likelihood @ n=32×974=31168
 SD[log(ℓ)] = 4.3036262542244
 Δlog(ℓ) = 8.87064381506599
 Δβ/SD[β] = -1.54321508568815 -0.0300332813696025 -1.63226617309713 0.298589989128299 0.443687378412735 -0.561749140465458
Maximizing likelihood @ n=64×974=62336
 SD[log(ℓ)] = 3.23176720086245
 Δlog(ℓ) = 3.41877792100985
 Δβ/SD[β] = 0.213941424129904 -0.13567619248252 0.670712875094408 -0.113284708628736 0.0215876331393966 0.470588853032654
Maximizing likelihood @ n=128×974=124672
 SD[log(ℓ)] = 2.34468000953273
 Δlog(ℓ) = 1.57127294199728
 Δβ/SD[β] = 0.0801917196064964 -0.00704376034679256 -0.0850408561028446 -0.0703299526339959 0.133346438655274 -0.02179293214072
Maximizing likelihood @ n=256×974=249344
 SD[log(ℓ)] = 1.74579878133699
 Δlog(ℓ) = 4.12343020303155
 Δβ/SD[β] = -0.0390637426042773 -0.109051401858384 -0.0364674151372924 -0.130899841032934 0.148556021182494 0.109225309683341
Maximizing likelihood @ n=512×974=498688
 SD[log(ℓ)] = 1.30028038780971
 Δlog(ℓ) = 1.35660559594118
 Δβ/SD[β] = 0.0799107984169673 0.0101275811650192 0.00839999834766546 -0.0083473766619506 -0.041172991493256 0.103364248536088
Maximizing likelihood @ n=1024×974=997376
 SD[log(ℓ)] = 1.06030315126639
 Δlog(ℓ) = 0.522123089636239
 Δβ/SD[β] = -0.120564559401174 -0.0622449286454001 0.0598968068866005 0.217233410531412 -0.0193493268229916 0.0213832677546071
Maximizing likelihood @ n=2048×974=1994752
 SD[log(ℓ)] = 0.766931254098065
 Δlog(ℓ) = 0.927527052235348
 Δβ/SD[β] = 0.171978821569759 -0.0758127547816867 0.16267357745401 -0.32464144730982 -0.0467726306587834 -0.0266357473887359
Maximizing likelihood @ n=4096×974=3989504
 SD[log(ℓ)] = 0.533303818690415
 Δlog(ℓ) = 0.432638818883447
 Δβ/SD[β] = 0.016345214406315 -0.0237379652620984 0.00620065770338053 -0.0386875259519942 0.0516244203606328 -0.0144697620724718
Maximizing likelihood @ n=8192×974=7979008
 SD[log(ℓ)] = 0.405305164221112
 Δlog(ℓ) = -0.245858281436369
 Δβ/SD[β] = 0.235605964496738 -0.292410949617689 0.167825823943067 -0.0811492340973777 0.00769725366463608 0.00140528924492907
Maximizing likelihood @ n=16384×974=15958016
 SD[log(ℓ)] = 0.288823918915674
 Δlog(ℓ) = -0.0239070978473706
 Δβ/SD[β] = -0.00288787521012483 -0.0103478699573545 0.000969208935679168 -0.0160258286379452 -0.0159847799041374 0.00779982910212828
Calculating Hessian
There were 15 warnings (use warnings() to see them)
Script complete
Sat Nov 16 02:57:26 MST 2024
