Fri Nov 15 21:25:57 MST 2024
Initiating script
── Attaching core tidyverse packages ──────────────────────── tidyverse 2.0.0 ──
✔ dplyr     1.1.4     ✔ readr     2.1.5
✔ forcats   1.0.0     ✔ stringr   1.5.1
✔ ggplot2   3.5.1     ✔ tibble    3.2.1
✔ lubridate 1.9.3     ✔ tidyr     1.3.1
✔ purrr     1.0.2     
── Conflicts ────────────────────────────────────────── tidyverse_conflicts() ──
✖ ggplot2::annotate() masks ctmm::annotate()
✖ dplyr::filter()     masks stats::filter()
✖ dplyr::lag()        masks stats::lag()
ℹ Use the conflicted package (<http://conflicted.r-lib.org/>) to force all conflicts to become errors
Linking to GEOS 3.9.5, GDAL 3.8.5, PROJ 9.4.0; sf_use_s2() is TRUE
Loading required package: sp

Attaching package: ‘raster’

The following object is masked from ‘package:dplyr’:

    select

The following objects are masked from ‘package:ctmm’:

    projection, projection<-

terra 1.7.78

Attaching package: ‘terra’

The following object is masked from ‘package:tidyr’:

    extract

The following objects are masked from ‘package:ctmm’:

    distance, meta

[1] "/home/u15/mmercer3/proj/habitat_analysis_class/Final/Model_Fit_Results/Jonathan_rr.Rda"
     [,1]                                
[1,] "Data loaded at 2024-11-15 21:26:07"
Reading layer `major' from data source 
  `/home/u15/mmercer3/proj/habitat_analysis_class/Final/Major_Roads' 
  using driver `ESRI Shapefile'
Simple feature collection with 411 features and 7 fields
Geometry type: LINESTRING
Dimension:     XY
Bounding box:  xmin: 477946 ymin: 3545735 xmax: 511807.9 ymax: 3592212
Projected CRS: WGS 84 / UTM zone 12N
     [,1]                                 
[1,] "Roads loaded at 2024-11-15 21:26:08"
Default grid size of 40.0444444444444 minutes chosen for bandwidth(...,fast=TRUE).
|---------|---------|---------|---------|=========================================                                          [1] 1681968
[1] 1681968
Starting buffer 30 
Maximizing likelihood @ n=1×1143=1143
 SD[log(ℓ)] = 2.91876235184688
 Δlog(ℓ) = Inf
 Δβ/SD[β] = -11.6558120604074 -0.260931474099419 0.926032546925434 -29.0995050725535 -12.5938500407433 0.977816382687181
Maximizing likelihood @ n=2×1143=2286
 SD[log(ℓ)] = 2.58619103392815
 Δlog(ℓ) = 4.40445255704289
 Δβ/SD[β] = -0.63945727632236 -0.128585992577705 -0.0852055013580917 -1.05440421867867 0.467257680738061 -0.397384173763201
Maximizing likelihood @ n=4×1143=4572
 SD[log(ℓ)] = 2.25990137733522
 Δlog(ℓ) = 6.36884076342868
 Δβ/SD[β] = -0.528451889629324 -0.499449273176753 0.401058711018686 -0.813199856333974 0.829256099191805 0.104235810069263
Maximizing likelihood @ n=8×1143=9144
 SD[log(ℓ)] = 1.75704406215483
 Δlog(ℓ) = 3.622920078186
 Δβ/SD[β] = -0.363722496805863 -0.308399757245589 -0.159278340874989 -0.278780521377224 0.0600475486298714 -0.361362657358354
Maximizing likelihood @ n=16×1143=18288
 SD[log(ℓ)] = 1.26037900738068
 Δlog(ℓ) = 0.0484941214279644
 Δβ/SD[β] = -0.0273667719469169 -0.630645682593144 -0.0989046618771546 0.0253964514714895 0.194423132952732 -0.035646295119964
Maximizing likelihood @ n=32×1143=36576
 SD[log(ℓ)] = 0.910163851534373
 Δlog(ℓ) = 0.385201857415268
 Δβ/SD[β] = 0.122086628783788 0.0193101731825024 -0.0556894151850871 -0.222246258804491 0.0428541524654895 0.0581481727259877
Maximizing likelihood @ n=64×1143=73152
 SD[log(ℓ)] = 0.649991926785578
 Δlog(ℓ) = 0.0300831383056241
 Δβ/SD[β] = -0.134770637993472 0.0716568530989215 0.00122483674795021 0.0140657230937868 -0.0956779088253636 0.0617469681098501
Maximizing likelihood @ n=128×1143=146304
 SD[log(ℓ)] = 0.468253267949325
 Δlog(ℓ) = 0.430511379930049
 Δβ/SD[β] = -0.0388877833035585 0.0213130671649446 -0.00501387429292458 -0.0173453811843575 0.0312408300307393 0.011258861725545
Maximizing likelihood @ n=256×1143=292608
 SD[log(ℓ)] = 0.327298485216566
 Δlog(ℓ) = -0.297083388205088
 Δβ/SD[β] = 0.00733431626584437 0.0286420487558961 -0.00352714798639517 0.0456802741133452 -0.0178655436354237 0.0244497542186207
Maximizing likelihood @ n=512×1143=585216
 SD[log(ℓ)] = 0.231720170053519
 Δlog(ℓ) = -0.0382292444431833
 Δβ/SD[β] = -0.0449825666288803 0.0566207533711577 0.0206490465631487 0.0217204329465021 0.0203335954493327 0.00676742494270415
Maximizing likelihood @ n=1024×1143=1170432
 SD[log(ℓ)] = 0.164092345499359
 Δlog(ℓ) = 0.241405035275875
 Δβ/SD[β] = 0.0153894947620052 0.0484460726166315 0.0465806844915953 -0.0431669303143123 -0.0259944855292322 0.0279013210986535
Maximizing likelihood @ n=2048×1143=2340864
 SD[log(ℓ)] = 0.116078681410007
 Δlog(ℓ) = -0.0990956366779869
 Δβ/SD[β] = -0.0188589522827636 0.0127000030774308 0.0048514562699796 0.0273700827986174 0.0115667696934457 0.00562576023627623
Maximizing likelihood @ n=4096×1143=4681728
 SD[log(ℓ)] = 0.0819846388850419
 Δlog(ℓ) = 0.00846282865389369
 Δβ/SD[β] = 0.0112783082116331 -0.00172159796687607 0.00910947773602434 0.012033109668998 0.0299815620686263 -0.00610854583451777
Maximizing likelihood @ n=8192×1143=9363456
 SD[log(ℓ)] = 0.0581083554976924
 Δlog(ℓ) = 0.0196874113764132
 Δβ/SD[β] = -0.00426913779986362 0.00417206229154736 0.00375238492745637 -0.0101019243756555 0.00161051018201927 -0.00518755765335813
Maximizing likelihood @ n=16384×1143=18726912
 SD[log(ℓ)] = 0.0410981849563147
 Δlog(ℓ) = 0.0147197290935317
 Δβ/SD[β] = 0.00530082095323211 0.00978196730502988 0.00202209277442141 -0.0067417726643383 -6.42724480108786e-05 -0.00186560277177623
Calculating Hessian
Maximizing likelihood @ n=1×1143=1143
 SD[log(ℓ)] = 4.52032252176579
 Δlog(ℓ) = Inf
 Δβ/SD[β] = 6.11037206547199 0.0217102874182812 -0.0200191677951875 -1.15166847442425 -0.878759895839471 0.0024258501904146
Maximizing likelihood @ n=2×1143=2286
 SD[log(ℓ)] = 4.06327149307484
 Δlog(ℓ) = 6.09997205200842
 Δβ/SD[β] = 0.333628213644209 -0.233288475816957 0.285114437997767 -0.0146992038957089 -0.271570201325436 0.585069268603671
Maximizing likelihood @ n=4×1143=4572
 SD[log(ℓ)] = 3.11585639750218
 Δlog(ℓ) = 1.58987144306372
 Δβ/SD[β] = 0.0870789080657758 0.0624915211353431 0.0797661590326539 -0.0350530465464184 -0.00821064646983136 0.111213541091888
Maximizing likelihood @ n=8×1143=9144
 SD[log(ℓ)] = 2.4128497199883
 Δlog(ℓ) = 5.26837897387283
 Δβ/SD[β] = 0.105197652151868 -0.0766253755008739 0.0389621999702107 -0.079473197069706 0.0198179810058663 -0.00407360241715534
Maximizing likelihood @ n=16×1143=18288
 SD[log(ℓ)] = 1.81705342245755
 Δlog(ℓ) = 4.4610157673135
 Δβ/SD[β] = 0.0400610055506279 -0.0509094632417493 0.048674256105512 -0.190664666327812 0.124619595603626 -0.0819143854881255
Maximizing likelihood @ n=32×1143=36576
 SD[log(ℓ)] = 1.27868426144352
 Δlog(ℓ) = 2.42783613124548
 Δβ/SD[β] = 0 0 0 0 0 0
Maximizing likelihood @ n=64×1143=73152
 SD[log(ℓ)] = 0.937720315912558
 Δlog(ℓ) = -0.220571539704373
 Δβ/SD[β] = 0.17402348980657 -0.0573951084553026 -0.227494166544139 -0.119898721433367 0.221730908271424 -0.171718643175298
Maximizing likelihood @ n=128×1143=146304
 SD[log(ℓ)] = 0.657449725563874
 Δlog(ℓ) = -0.838213874472935
 Δβ/SD[β] = -0.0624487437540408 -0.109833270377679 0.0879848477881919 0.00868088052125983 0.110230785266716 0.0933943803115105
Maximizing likelihood @ n=256×1143=292608
 SD[log(ℓ)] = 0.472320923880928
 Δlog(ℓ) = 0.437265595995235
 Δβ/SD[β] = 0.076469562457919 -0.00891545812510721 -0.0354465554495595 0.0401386481772047 0.000619680551013235 0.0455510897737151
Maximizing likelihood @ n=512×1143=585216
 SD[log(ℓ)] = 0.334610861579702
 Δlog(ℓ) = 0.0812826380662699
 Δβ/SD[β] = -0.00266871655951643 -0.0300307217135559 -0.0238675474528293 -0.0612326984843439 -0.00189668487106809 0.00612178506015704
Maximizing likelihood @ n=1024×1143=1170432
 SD[log(ℓ)] = 0.236723483804214
 Δlog(ℓ) = -0.0191945822239887
 Δβ/SD[β] = -0.0135178029918391 -0.0168042575005746 0.0301782227911881 -0.0460830097928058 0.0169748545703426 0.0390446445689991
Maximizing likelihood @ n=2048×1143=2340864
 SD[log(ℓ)] = 0.1675744561144
 Δlog(ℓ) = 0.0523402800378108
 Δβ/SD[β] = 0.0110565581418208 -0.0050196811069914 -0.00940397756833966 0.0265740217435925 0.0144924100493769 0.00911157630130359
Maximizing likelihood @ n=4096×1143=4681728
 SD[log(ℓ)] = 0.118511747072974
 Δlog(ℓ) = 0.170980956413437
 Δβ/SD[β] = -0.00945822061713712 0.000601744007722032 -0.00327954610162382 -0.0261810576040649 -0.00231770870668178 0.0122218022793405
Maximizing likelihood @ n=8192×1143=9363456
 SD[log(ℓ)] = 0.0840659157781497
 Δlog(ℓ) = 0.0769574510922908
 Δβ/SD[β] = 0.0156711180776137 -0.0159330016730677 0.0251731613140266 -0.0228665814387077 -0.0257982985798506 0.0428823671894254
Maximizing likelihood @ n=16384×1143=18726912
 SD[log(ℓ)] = 0.0592121126190205
 Δlog(ℓ) = 0.0192466382667362
 Δβ/SD[β] = -0.00318880337530389 0.0113934669530631 -0.0270923262761073 0.0350189588245756 -0.0110520493716312 0.0352034465727458
Calculating Hessian
Maximizing likelihood @ n=1×1143=1143
 SD[log(ℓ)] = 2.9865113169831
 Δlog(ℓ) = Inf
 Δβ/SD[β] = -3.45284067122724 -0.0114638453562899 -0.0239872732678257 -1.13961980933862 -0.779921323216607 0.00882411866526525
Maximizing likelihood @ n=2×1143=2286
 SD[log(ℓ)] = 2.67047315364118
 Δlog(ℓ) = 4.29558360421424
 Δβ/SD[β] = -0.393195351496084 0.0153523269636951 -0.447878442147875 -0.151478317598993 0.281329074163897 -0.0632953244517095
Maximizing likelihood @ n=4×1143=4572
 SD[log(ℓ)] = 2.16971995585584
 Δlog(ℓ) = 3.51216506821448
 Δβ/SD[β] = -0.160211159868709 2.05039424605691 -0.05928135927403 -0.246211006190749 0.0915268862592827 0.313177919451733
Maximizing likelihood @ n=8×1143=9144
 SD[log(ℓ)] = 1.65561568557339
 Δlog(ℓ) = 2.42421598703614
 Δβ/SD[β] = -0.290979800811788 0.000227697223697125 -0.555554392952941 -0.100972379147991 0.314866186648894 0.360377591240943
Maximizing likelihood @ n=16×1143=18288
 SD[log(ℓ)] = 1.16555017624899
 Δlog(ℓ) = -0.704894811472219
 Δβ/SD[β] = -0.0320891654778893 0.00696327252263775 -0.0165803061109425 0.0816119614642855 -0.00978086641241843 0.0133847952369463
Maximizing likelihood @ n=32×1143=36576
 SD[log(ℓ)] = 0.844484691811896
 Δlog(ℓ) = 0.508913134333312
 Δβ/SD[β] = -0.094208107952559 -0.143237253768509 -0.010377185854811 -0.0858109950121653 0.0964656952347561 0.387258140386673
Maximizing likelihood @ n=64×1143=73152
 SD[log(ℓ)] = 0.615015852443435
 Δlog(ℓ) = 1.13131664656423
 Δβ/SD[β] = -0.126288900207717 -0.0592352686475607 -0.182486327239454 -0.185381903918273 -0.0100704400044981 0.314967912698812
Maximizing likelihood @ n=128×1143=146304
 SD[log(ℓ)] = 0.434846037807904
 Δlog(ℓ) = 0.167702205272519
 Δβ/SD[β] = 0.0700721821697121 -0.00516211181765931 -0.00029195235555625 0.0168513652680536 0.0262547306306897 0.0355168097187975
Maximizing likelihood @ n=256×1143=292608
 SD[log(ℓ)] = 0.311471636753512
 Δlog(ℓ) = 0.510513539354356
 Δβ/SD[β] = -0.0809995043226851 -0.0644481146676697 -0.153620947814075 -0.0508230060117985 0.00693335231359059 0.400323894241237
Maximizing likelihood @ n=512×1143=585216
 SD[log(ℓ)] = 0.222834666268335
 Δlog(ℓ) = 0.0350972268173102
 Δβ/SD[β] = -0.0446851748759192 -0.00394924826636407 0.0360106693000775 -0.0385995560023963 0.0061701329752242 0.0171566913252774
Maximizing likelihood @ n=1024×1143=1170432
 SD[log(ℓ)] = 0.155992501890198
 Δlog(ℓ) = -0.157043231223959
 Δβ/SD[β] = 0.0500603473444897 -0.0256839196231295 0.0487568745499559 0.0388556985846322 -0.0102270166634651 0.0419447294509987
Maximizing likelihood @ n=2048×1143=2340864
 SD[log(ℓ)] = 0.110933711320832
 Δlog(ℓ) = -0.0938876578941716
 Δβ/SD[β] = -0.0137637985196967 0.000969481392927908 0.0149138588986485 -0.0397917860083546 -0.00316588629682332 0.0369565063798296
Maximizing likelihood @ n=4096×1143=4681728
 SD[log(ℓ)] = 0.078101782991396
 Δlog(ℓ) = 0.0192219436125605
 Δβ/SD[β] = 0.0060881991326088 -0.0220597056339192 0.0292078063472877 0.0209303592041587 0.0062338716722485 0.0024820695459935
Maximizing likelihood @ n=8192×1143=9363456
 SD[log(ℓ)] = 0.0554428937865255
 Δlog(ℓ) = 0.0336097737894008
 Δβ/SD[β] = 0.00518867790292222 -0.00806052544250874 0.00802397192731067 -0.025094883385872 -0.00701274178575564 0.0242634178062658
Maximizing likelihood @ n=16384×1143=18726912
 SD[log(ℓ)] = 0.0391704067869234
 Δlog(ℓ) = 0.0629002217644654
 Δβ/SD[β] = -0.0131235976927216 0.00279621858599793 0.0156972055070379 0.0132668643975951 0.010608146085562 0.0183297724461513
Calculating Hessian
Maximizing likelihood @ n=1×1143=1143
 SD[log(ℓ)] = 4.00951322600695
 Δlog(ℓ) = Inf
 Δβ/SD[β] = -6.77729456762079 -1.64015218032611 -0.103262602254005 -26.9802281814195 -12.2955638049259 1.32054923375636
Maximizing likelihood @ n=2×1143=2286
 SD[log(ℓ)] = 3.55499258650722
 Δlog(ℓ) = 8.66450848076089
 Δβ/SD[β] = -0.218162162298755 -0.240067092498172 0.120956338908399 -0.301881389336943 0.314616860739225 0.285003807511157
Maximizing likelihood @ n=4×1143=4572
 SD[log(ℓ)] = 2.81747978901096
 Δlog(ℓ) = 4.58422408575602
 Δβ/SD[β] = -0.442078931395088 -0.398587455127124 -0.0568777273377108 -0.933522431121591 0.170227211900108 -0.284472117089954
Maximizing likelihood @ n=8×1143=9144
 SD[log(ℓ)] = 2.08027005658537
 Δlog(ℓ) = 1.21593753734529
 Δβ/SD[β] = -0.235389955555102 -0.192732560047332 0.0762011940764322 0.0116679146041262 0.379185591346322 0.281390393478089
Maximizing likelihood @ n=16×1143=18288
 SD[log(ℓ)] = 1.50856631309967
 Δlog(ℓ) = 0.515909614661261
 Δβ/SD[β] = -0.180184644363127 -0.0556726080340397 0.123657015849235 0.1208847864685 0.0389172009720567 -0.182260272791037
Maximizing likelihood @ n=32×1143=36576
 SD[log(ℓ)] = 1.07026582058138
 Δlog(ℓ) = 0.131349488938433
 Δβ/SD[β] = -0.114181389332112 -0.231375854064913 0.0252414241421479 0.123061801593469 0.144774954536232 0.0572600874715876
Maximizing likelihood @ n=64×1143=73152
 SD[log(ℓ)] = 0.76080518110432
 Δlog(ℓ) = -0.929677346173847
 Δβ/SD[β] = 0.0428338919332462 0.0145567397067978 0.0181968504999333 0.0148978960651442 -0.0466988717302506 -0.0204006239631391
Maximizing likelihood @ n=128×1143=146304
 SD[log(ℓ)] = 0.540077774672292
 Δlog(ℓ) = 0.253468276356557
 Δβ/SD[β] = -0.0862392227364424 0.0813935327404302 -0.00708000338696554 -0.0469725038305846 -0.0563480453522325 -0.0514095928871457
Maximizing likelihood @ n=256×1143=292608
 SD[log(ℓ)] = 0.379870299120396
 Δlog(ℓ) = -0.290691654092328
 Δβ/SD[β] = 0.0361524276935541 -0.0231084431792754 0.021117244956327 0.0306160911061491 -0.00689604343421603 -0.000937218858906108
Maximizing likelihood @ n=512×1143=585216
 SD[log(ℓ)] = 0.270182659090003
 Δlog(ℓ) = -0.0343390435787256
 Δβ/SD[β] = -0.0133416980360887 -0.0508495664001885 0.0518673627668237 -0.0260156627396924 -0.0806619637556055 0.0601487483192186
Maximizing likelihood @ n=1024×1143=1170432
 SD[log(ℓ)] = 0.191703127692121
 Δlog(ℓ) = 0.046304264044231
 Δβ/SD[β] = -0.0284136943216867 -0.0155259292322529 0.0204082442192273 0.0248776389534419 0.0111080748809597 0.00638667354404555
Maximizing likelihood @ n=2048×1143=2340864
 SD[log(ℓ)] = 0.135558755636926
 Δlog(ℓ) = 0.0270485840387664
 Δβ/SD[β] = 0.0145831191578596 -0.042737462674669 0.00633839992446842 0.0258078607855699 0.029671655550241 0.0205619981272247
Maximizing likelihood @ n=4096×1143=4681728
 SD[log(ℓ)] = 0.0965969947528296
 Δlog(ℓ) = 0.15952449865555
 Δβ/SD[β] = -0.0229080032367113 -0.00155524244491041 0.000535929547057008 -0.0281566821127029 -0.00576009953030297 0.00461078216323086
Maximizing likelihood @ n=8192×1143=9363456
 SD[log(ℓ)] = 0.06929134889327
 Δlog(ℓ) = -0.0351852065927574
 Δβ/SD[β] = 0.0114540813729928 -0.00552877753503107 0.0116621738169459 0.0153806465564694 0.0105187692940442 0.00105793273544678
Maximizing likelihood @ n=16384×1143=18726912
 SD[log(ℓ)] = 0.0486932104788094
 Δlog(ℓ) = -0.0324040577435767
 Δβ/SD[β] = -0.016100376497742 -0.0118867787451697 0.0218986635424049 -0.016571067583186 0.0029781339184937 0.0259688092354006
Calculating Hessian
Starting buffer 750 
Maximizing likelihood @ n=1×1143=1143
 SD[log(ℓ)] = 3.23030480191517
 Δlog(ℓ) = Inf
 Δβ/SD[β] = 0.752454797103127 -0.804894527821912 -0.217670316130243 -29.3141288932809 -9.43916963314904 1.53622720856681
Maximizing likelihood @ n=2×1143=2286
 SD[log(ℓ)] = 2.2463907701632
 Δlog(ℓ) = -3.10922354486688
 Δβ/SD[β] = -0.241177729999047 0.315565762572894 -0.279236290530432 0.141428507077954 -0.0204909165546303 -0.574978709295593
Maximizing likelihood @ n=4×1143=4572
 SD[log(ℓ)] = 1.77199732450053
 Δlog(ℓ) = 1.68167587182465
 Δβ/SD[β] = 0.643953514875422 -0.647392242621246 0.393102229267574 -0.277662906620215 0.00214075476574883 0.826103842897424
Maximizing likelihood @ n=8×1143=9144
 SD[log(ℓ)] = 1.23724429186958
 Δlog(ℓ) = -1.43040580309311
 Δβ/SD[β] = -0.104698723615774 -0.00762629909671445 -0.015337280317826 0.242478337430459 -0.0878188766029797 -0.319120386118596
Maximizing likelihood @ n=16×1143=18288
 SD[log(ℓ)] = 0.987403362948071
 Δlog(ℓ) = 2.5204567544506
 Δβ/SD[β] = 0.0747693590809441 -0.111845512235768 0.0473301198800323 -0.380627839205841 0.314477863674184 -0.157490001570609
Maximizing likelihood @ n=32×1143=36576
 SD[log(ℓ)] = 0.727916192505012
 Δlog(ℓ) = 0.857085451426055
 Δβ/SD[β] = -0.0383244293022529 0.0228351907676746 0.00223049690080868 -0.14246603825717 0.0237859602538245 0.0440213860416083
Maximizing likelihood @ n=64×1143=73152
 SD[log(ℓ)] = 0.519336340815075
 Δlog(ℓ) = 0.346179699143558
 Δβ/SD[β] = 0.0358436962787636 0.121640390602693 -0.0988439071274695 -0.0931027864730909 -0.0168995542417088 0.0420588509820905
Maximizing likelihood @ n=128×1143=146304
 SD[log(ℓ)] = 0.372419006273292
 Δlog(ℓ) = -0.0899551133829455
 Δβ/SD[β] = -0.00118688129100205 0.00433861924657526 -0.00736764994806587 -0.0438921041404672 -0.0286101488311204 -0.0493081630701521
Maximizing likelihood @ n=256×1143=292608
 SD[log(ℓ)] = 0.264966112778621
 Δlog(ℓ) = 0.244308766915317
 Δβ/SD[β] = 0.00107686526451597 -6.56097863822364e-05 0.0012601897260344 -0.0282554181107651 0.00358632246370387 -0.0139474234314904
Maximizing likelihood @ n=512×1143=585216
 SD[log(ℓ)] = 0.186117918237613
 Δlog(ℓ) = -0.245002747296279
 Δβ/SD[β] = 0.0234979106244069 0.0320713532092685 0.0300550735233264 0.0498024471939629 -0.0185532347990481 -0.00544219162994707
Maximizing likelihood @ n=1024×1143=1170432
 SD[log(ℓ)] = 0.130863462386287
 Δlog(ℓ) = 0.191893610363302
 Δβ/SD[β] = 0 0 0 0 0 0
Maximizing likelihood @ n=2048×1143=2340864
 SD[log(ℓ)] = 0.0941949644508319
 Δlog(ℓ) = 0.0832394753014292
 Δβ/SD[β] = 0.0229405576497881 0.0180917345309592 -0.0176365800142891 -0.051406727260455 0.00990610537137896 -0.0285015478997817
Maximizing likelihood @ n=4096×1143=4681728
 SD[log(ℓ)] = 0.0666607904763199
 Δlog(ℓ) = 0.0693619915419106
 Δβ/SD[β] = 0.0320849970336831 0.0403428716547386 -0.010270440940907 0.00125478336269106 0.0365471042940043 -0.0432252297624803
Maximizing likelihood @ n=8192×1143=9363456
 SD[log(ℓ)] = 0.0469287605779633
 Δlog(ℓ) = 0.00507221017370441
 Δβ/SD[β] = 0.0071622526336399 0.0140162735108097 -0.00734179834204446 0.00729892521222535 -0.0229748318425549 -0.00708649390118787
Maximizing likelihood @ n=16384×1143=18726912
 SD[log(ℓ)] = 0.0329772548041435
 Δlog(ℓ) = -0.0407947514666098
 Δβ/SD[β] = -0.00341557079485267 0.0259373679188965 0.00182623479722108 0.0193424691604016 0.00254336154825581 -0.00801308276404918
Calculating Hessian
Maximizing likelihood @ n=1×1143=1143
 SD[log(ℓ)] = 2.71638446987121
 Δlog(ℓ) = Inf
 Δβ/SD[β] = -3.91548193226618 -1.72321273570177 -0.863455058185685 -28.9579639940878 -11.8612508513328 0.515714588650679
Maximizing likelihood @ n=2×1143=2286
 SD[log(ℓ)] = 2.34417616843141
 Δlog(ℓ) = 3.13005066932086
 Δβ/SD[β] = -0.01171427706294 -0.0896237348907696 0.727498329341808 -0.559535251756147 0.554075691616476 -0.135026009112084
Maximizing likelihood @ n=4×1143=4572
 SD[log(ℓ)] = 1.70509159874974
 Δlog(ℓ) = -1.12067145241413
 Δβ/SD[β] = 0.0324716412325149 0.588461452170687 -0.173801144749145 -0.0999441972526483 0.153596955190516 -0.268285490027559
Maximizing likelihood @ n=8×1143=9144
 SD[log(ℓ)] = 1.33935960340473
 Δlog(ℓ) = 2.86994037645134
 Δβ/SD[β] = 0.0109062171536943 0.419957805270453 0.294772206398123 -0.178155418500334 0.556820386057383 0.0932169786699446
Maximizing likelihood @ n=16×1143=18288
 SD[log(ℓ)] = 0.989596128049178
 Δlog(ℓ) = 0.318553647311855
 Δβ/SD[β] = 0.00919646714899796 -0.00506559329297102 -0.0114558721249187 -0.0944276371479382 -0.0497803806552312 -0.0579003642316246
Maximizing likelihood @ n=32×1143=36576
 SD[log(ℓ)] = 0.697150976592597
 Δlog(ℓ) = -0.310140680196369
 Δβ/SD[β] = -0.0596462570011413 0.322591203007369 -0.118445598609069 -0.0370865241834118 -0.0797750354048841 0.799571401276533
Maximizing likelihood @ n=64×1143=73152
 SD[log(ℓ)] = 0.507512073116216
 Δlog(ℓ) = 0.788517764875134
 Δβ/SD[β] = -0.00696383438650832 -0.0404201102598514 0.0611303373603838 -0.112581873921679 0.0579464363518059 0.0562749145441177
Maximizing likelihood @ n=128×1143=146304
 SD[log(ℓ)] = 0.364357776811778
 Δlog(ℓ) = 0.255070617917937
 Δβ/SD[β] = 0.0157275302013717 0.00308685753787339 0.0145039942876353 -0.0766169804694922 0.0105561559962888 -0.0260020308755491
Maximizing likelihood @ n=256×1143=292608
 SD[log(ℓ)] = 0.259532665205557
 Δlog(ℓ) = -0.170436848874001
 Δβ/SD[β] = -0.0191538851050436 -0.00924459084073356 0.0289192665696803 -0.0664519478260064 -0.0282821824545478 -0.00687725783435144
Maximizing likelihood @ n=512×1143=585216
 SD[log(ℓ)] = 0.185143106411747
 Δlog(ℓ) = 0.0504380540029601
 Δβ/SD[β] = 0.067970077403393 -0.207879170330617 -0.129239612763682 0.00714420418532393 0.066449057544614 0.106350772736176
Maximizing likelihood @ n=1024×1143=1170432
 SD[log(ℓ)] = 0.130858371980664
 Δlog(ℓ) = 0.174424807477163
 Δβ/SD[β] = 0.0185517594513777 -0.0192290995626165 0.0143302315806706 -0.0271905493235441 -0.0486784590916974 -0.00755255506221057
Maximizing likelihood @ n=2048×1143=2340864
 SD[log(ℓ)] = 0.0925413311752981
 Δlog(ℓ) = 0.0274676993242835
 Δβ/SD[β] = -0.0023601263541657 -0.000843510413571657 0.00811791333154349 -0.00764183852877892 -0.0120281384532566 -0.00186322668609458
Maximizing likelihood @ n=4096×1143=4681728
 SD[log(ℓ)] = 0.065909467582069
 Δlog(ℓ) = 0.0552263387134921
 Δβ/SD[β] = -0.00329175732361236 -0.0179518577105705 0.00452657573251133 -0.0244331599660362 0.00352037512667444 0.00326885469063298
Maximizing likelihood @ n=8192×1143=9363456
 SD[log(ℓ)] = 0.0464235950533462
 Δlog(ℓ) = 0.0762108954973257
 Δβ/SD[β] = 0.0448626463886659 -0.0565782763917796 0.0586378141719038 0.021334603994568 0.0255832707262321 0.059684695562891
Maximizing likelihood @ n=16384×1143=18726912
 SD[log(ℓ)] = 0.0329103575521843
 Δlog(ℓ) = 0.0229691518336104
 Δβ/SD[β] = 0.0768198085158457 -0.077363252380047 0.0704608736801497 -0.0161480085803872 -0.0390044856441676 0.0608541062252644
Calculating Hessian
Maximizing likelihood @ n=1×1143=1143
 SD[log(ℓ)] = 2.72026787625363
 Δlog(ℓ) = Inf
 Δβ/SD[β] = 5.02495492441586 -0.51848935856385 -0.0348357193455245 -28.5503458665624 -14.3062723760065 0.849701379124195
Maximizing likelihood @ n=2×1143=2286
 SD[log(ℓ)] = 2.33943951917345
 Δlog(ℓ) = 2.25536013462691
 Δβ/SD[β] = -0.243347569324968 -0.616386741614843 0.286092501850392 -0.849214978617912 0.444202149070859 -0.350973706064685
Maximizing likelihood @ n=4×1143=4572
 SD[log(ℓ)] = 1.82517437427533
 Δlog(ℓ) = 0.819235138680613
 Δβ/SD[β] = -0.0697891775188247 0.0986990657751402 0.0217262313361623 -0.0124290043015533 0.295316333229076 0.000773458478268771
Maximizing likelihood @ n=8×1143=9144
 SD[log(ℓ)] = 1.3355299415832
 Δlog(ℓ) = 0.788535251513771
 Δβ/SD[β] = -0.0482098353912243 -0.325941739009573 -0.23063537778897 0.0423095965039231 0.191693088477557 0.126224192435231
Maximizing likelihood @ n=16×1143=18288
 SD[log(ℓ)] = 1.00040964368701
 Δlog(ℓ) = 0.608391952878033
 Δβ/SD[β] = -0.0342668406280628 -0.0337012818143742 -0.0567711698380647 -0.0453578427741363 0.154443379039011 -0.0178381460325045
Maximizing likelihood @ n=32×1143=36576
 SD[log(ℓ)] = 0.744044849126531
 Δlog(ℓ) = 1.41065957811002
 Δβ/SD[β] = 0.0439687400327487 0.0060029426303973 0.00227600328546813 -0.0844538408119818 0.1873650407061 0.0954845434518793
Maximizing likelihood @ n=64×1143=73152
 SD[log(ℓ)] = 0.529013474810067
 Δlog(ℓ) = 0.153238387893012
 Δβ/SD[β] = -0.0485163251580048 0.1661837075586 -0.0220373187225229 -0.024969665762065 0.00826770593125518 0.367344396467271
Maximizing likelihood @ n=128×1143=146304
 SD[log(ℓ)] = 0.382145848328586
 Δlog(ℓ) = 0.295550611723705
 Δβ/SD[β] = -0.0302659234679314 0.0210179045347166 0.015885986586627 -0.00305957836048075 0.0663717793413653 -0.00508571903209611
Maximizing likelihood @ n=256×1143=292608
 SD[log(ℓ)] = 0.26363882408714
 Δlog(ℓ) = -0.50518621830874
 Δβ/SD[β] = 0.040773534011623 0.0383967321897737 -0.0202615732303913 0.078485725314079 -0.0128369873320069 0.0169389011872354
Maximizing likelihood @ n=512×1143=585216
 SD[log(ℓ)] = 0.187428840061989
 Δlog(ℓ) = -0.0178442000385921
 Δβ/SD[β] = 0.061226987458054 0.171347603786715 0.0712924912038719 0.0047491104443801 0.00834466383419893 0.200732457569135
Maximizing likelihood @ n=1024×1143=1170432
 SD[log(ℓ)] = 0.132046189680737
 Δlog(ℓ) = -0.140023145149854
 Δβ/SD[β] = -0.00156573941429828 -0.00256750212658148 0.00221579832051305 0.0177390638263265 -0.0129018738457373 0.007723268834368
Maximizing likelihood @ n=2048×1143=2340864
 SD[log(ℓ)] = 0.0928064289379154
 Δlog(ℓ) = -0.0359417068051293
 Δβ/SD[β] = -0.0197715916374709 0.0335379030391194 0.0132123390250164 0.0189567093818702 0.00551321661642312 -0.000518354022334492
Maximizing likelihood @ n=4096×1143=4681728
 SD[log(ℓ)] = 0.065971465464587
 Δlog(ℓ) = -0.0234754629671734
 Δβ/SD[β] = -0.00457005648259133 0.0110958705854296 0.00118859978973697 -0.015362925515636 0.00511143924805988 0.000212957190392389
Maximizing likelihood @ n=8192×1143=9363456
 SD[log(ℓ)] = 0.0466072816869651
 Δlog(ℓ) = 2.11877002129768e-05
 Δβ/SD[β] = -0.00104434167475187 0.00697651962030062 0.00147552720704673 0.000317006618638882 -0.0172844654290272 -0.000414097470021438
Maximizing likelihood @ n=16384×1143=18726912
 SD[log(ℓ)] = 0.0330379435215906
 Δlog(ℓ) = -0.0163201005865652
 Δβ/SD[β] = 0.00317677146225577 0.0132489289124572 0.00506199231112505 0.00026578071998586 0.0106664362731199 0.00010087195213038
Calculating Hessian
Maximizing likelihood @ n=1×1143=1143
 SD[log(ℓ)] = 4.16446907560409
 Δlog(ℓ) = Inf
 Δβ/SD[β] = -3.29163076862592 -0.163987091601076 0.0611743934060773 -1.30561443669658 -1.02418278833485 0.111263323134334
Maximizing likelihood @ n=2×1143=2286
 SD[log(ℓ)] = 4.20605046620166
 Δlog(ℓ) = 7.96192704869893
 Δβ/SD[β] = -3.50059462730868 -2.28974537188479 1.53428456778473 -0.641480670005568 -2.80209053686421 0.0554606430745031
Maximizing likelihood @ n=4×1143=4572
 SD[log(ℓ)] = 3.35172468635861
 Δlog(ℓ) = 5.4169582985044
 Δβ/SD[β] = -0.414523138402326 -0.384762171849792 0.382738109124408 -0.623679826410067 0.431350027994165 -0.324352126806156
Maximizing likelihood @ n=8×1143=9144
 SD[log(ℓ)] = 2.52860850385922
 Δlog(ℓ) = 2.73681155401138
 Δβ/SD[β] = -0.322951349098562 -0.231081604556964 0.170364778451759 -0.408569436601836 0.443575422950004 0.620815335975012
Maximizing likelihood @ n=16×1143=18288
 SD[log(ℓ)] = 1.83714856422339
 Δlog(ℓ) = 1.47927961633312
 Δβ/SD[β] = -0.320527526996971 0.0819516915121485 0.0101725602706262 -0.377911885691491 0.0260461901591399 0.450211406000349
Maximizing likelihood @ n=32×1143=36576
 SD[log(ℓ)] = 1.35042577636062
 Δlog(ℓ) = 0.692481103221006
 Δβ/SD[β] = -0.175403830754322 -0.0933750155484087 0.27026402747961 0.0221883183060768 0.0846828799379807 0.0175874360156959
Maximizing likelihood @ n=64×1143=73152
 SD[log(ℓ)] = 0.953130158479874
 Δlog(ℓ) = 0.52085924905284
 Δβ/SD[β] = -0.0419465107488072 -0.0296567667168586 0.0634819618607204 -0.0601597479576765 0.0538320632429476 0.107777684688009
Maximizing likelihood @ n=128×1143=146304
 SD[log(ℓ)] = 0.688762681694907
 Δlog(ℓ) = -0.44740656646853
 Δβ/SD[β] = -0.0268128539353412 -0.0378777645673415 0.0198209033343155 0.214815306362322 -0.0217535828021274 0.0555404802788879
Maximizing likelihood @ n=256×1143=292608
 SD[log(ℓ)] = 0.483685557482105
 Δlog(ℓ) = 0.461045454913858
 Δβ/SD[β] = -0.0408667905215908 -0.0103671800928293 -0.0525294838715562 -0.124891309936726 0.0152616280127664 0.0452261343583696
Maximizing likelihood @ n=512×1143=585216
 SD[log(ℓ)] = 0.348630805851166
 Δlog(ℓ) = 0.00763899551435543
 Δβ/SD[β] = 0.0104151027155824 -0.0302911237850341 -0.00072624790632262 -0.0277040859300934 0.0169351146370599 -0.0103117038886332
Maximizing likelihood @ n=1024×1143=1170432
 SD[log(ℓ)] = 0.251588170198172
 Δlog(ℓ) = 0.112058669485798
 Δβ/SD[β] = -0.0246832024982756 0.0341091883998056 -0.0464931280696072 -1.8751716114654e-05 0.00172756464127887 -0.0204678342727699
Maximizing likelihood @ n=2048×1143=2340864
 SD[log(ℓ)] = 0.176461430608009
 Δlog(ℓ) = 0.0103284746922014
 Δβ/SD[β] = 0.0227039951193165 -0.00546450947716672 -0.0216692999894334 -0.0235223885257374 -0.000421749646587615 0.00586290156861307
Maximizing likelihood @ n=4096×1143=4681728
 SD[log(ℓ)] = 0.124432203832039
 Δlog(ℓ) = 0.0700423324435278
 Δβ/SD[β] = -0.024868169834299 -0.00509535168463833 -0.000724978089599102 -0.00476882262555969 0.0185030639664188 -0.00892067472358022
Maximizing likelihood @ n=8192×1143=9363456
 SD[log(ℓ)] = 0.0870298340817341
 Δlog(ℓ) = 0.0188378099331601
 Δβ/SD[β] = 0.0167235124173312 -0.00505633037653633 -0.00612403518764381 -0.0233888404923931 0.00284306064900314 -0.000247610368000285
Maximizing likelihood @ n=16384×1143=18726912
 SD[log(ℓ)] = 0.0641221931528919
 Δlog(ℓ) = 0.00347900599625461
 Δβ/SD[β] = -0.0192866760604879 0.0216703138057362 -0.00699321775709604 0.0050800711646424 0.0350320046857244 -0.0246019153504323
Calculating Hessian
Starting buffer 1500 
Maximizing likelihood @ n=1×1143=1143
 SD[log(ℓ)] = 3.06862869640457
 Δlog(ℓ) = Inf
 Δβ/SD[β] = 1.13112943064551 -1.45181235604682 -0.487726651382202 -30.5758705621861 -11.022106772814 1.47795263182045
Maximizing likelihood @ n=2×1143=2286
 SD[log(ℓ)] = 2.3870077315752
 Δlog(ℓ) = -0.0850331327123666
 Δβ/SD[β] = -0.0521138196380324 0.105423938001886 0.233905022988064 -0.841485461764372 -0.0600701267171092 -0.402741275462767
Maximizing likelihood @ n=4×1143=4572
 SD[log(ℓ)] = 1.81211674275674
 Δlog(ℓ) = 0.268592053233514
 Δβ/SD[β] = 0.0462109939571959 0.253682274958837 -0.0705072624183083 -0.363964537230104 0.000967697909368676 0.180661962249257
Maximizing likelihood @ n=8×1143=9144
 SD[log(ℓ)] = 1.42141396983111
 Δlog(ℓ) = 2.55242915002682
 Δβ/SD[β] = -0.0414397584809006 -0.0540921581614866 -0.000863063814966469 -0.34321265723568 0.284226284706228 -0.0817676367949984
Maximizing likelihood @ n=16×1143=18288
 SD[log(ℓ)] = 1.04307519606185
 Δlog(ℓ) = 0.481923562843253
 Δβ/SD[β] = 0.141457595481123 0.255499774028977 0.372252581740099 -0.22428912102433 0.0329866450692704 -0.188150960850889
Maximizing likelihood @ n=32×1143=36576
 SD[log(ℓ)] = 0.758089997817542
 Δlog(ℓ) = -0.0817234001869629
 Δβ/SD[β] = 0.112117347618642 0.37220157701252 -0.00982882698658358 0.0229772527780522 0.255033315088892 -0.0528083257017707
Maximizing likelihood @ n=64×1143=73152
 SD[log(ℓ)] = 0.535421989364426
 Δlog(ℓ) = -0.311444168822966
 Δβ/SD[β] = -0.0319545612784059 -0.0236364936757437 0.0181963559524936 0.0977234728974138 -0.0111836822124895 -0.0894782523428801
Maximizing likelihood @ n=128×1143=146304
 SD[log(ℓ)] = 0.374726953989421
 Δlog(ℓ) = -0.195033477456867
 Δβ/SD[β] = 0.00918270561878111 0.00350567462524852 -0.0137021111370919 0.0220237390890983 -0.0292188886442684 0.00586847761237659
Maximizing likelihood @ n=256×1143=292608
 SD[log(ℓ)] = 0.264364868270054
 Δlog(ℓ) = 0.0202601277579078
 Δβ/SD[β] = 0.00356329985003049 0.00554804976700777 0.00416080267421874 0.0173967904286259 0.0228705784035314 -0.00709882442896807
Maximizing likelihood @ n=512×1143=585216
 SD[log(ℓ)] = 0.188373338233383
 Δlog(ℓ) = 0.142803689168989
 Δβ/SD[β] = 0.00545214448097745 0.000328059678359832 0.000900774240234684 -0.0272373197298763 0.00963628039844801 -0.000998936749452691
Maximizing likelihood @ n=1024×1143=1170432
 SD[log(ℓ)] = 0.132879402811193
 Δlog(ℓ) = -0.0276063440144831
 Δβ/SD[β] = -0.158564385503757 0.143841804288607 0.139291930690481 -0.0156184940931583 -0.0234351997974737 -0.124967689386884
Maximizing likelihood @ n=2048×1143=2340864
 SD[log(ℓ)] = 0.0934017464649076
 Δlog(ℓ) = -0.0190183573507205
 Δβ/SD[β] = -0.0109881542381927 0.00480434092050472 0.0057128882313831 0.0212860222538157 0.013618334014236 0.0134526631502254
Maximizing likelihood @ n=4096×1143=4681728
 SD[log(ℓ)] = 0.0665201605458718
 Δlog(ℓ) = -0.0392706021302196
 Δβ/SD[β] = -0.000195710844654259 0.00573377633544502 0.0125774964961298 -0.0118209255020288 0.0119964016572528 0.0179658688426108
Maximizing likelihood @ n=8192×1143=9363456
 SD[log(ℓ)] = 0.0467610726246611
 Δlog(ℓ) = 0.0214398106487863
 Δβ/SD[β] = -0.00711828344694943 0.0105380237478417 -0.00358081152296039 0.0181943960994383 0.00338714486999639 0.00307839414888105
Maximizing likelihood @ n=16384×1143=18726912
 SD[log(ℓ)] = 0.032905438164622
 Δlog(ℓ) = -0.0276139978014989
 Δβ/SD[β] = -0.00813156205965555 0.0065044585582289 0.0185580750354519 0.00789524458999075 -0.0176185134132213 0.032969307225064
Calculating Hessian
Maximizing likelihood @ n=1×1143=1143
 SD[log(ℓ)] = 2.74804537342937
 Δlog(ℓ) = Inf
 Δβ/SD[β] = -0.110860517834363 -0.536202132104266 -0.0219119184863016 -27.8955041201922 -10.5985274788019 -0.263731951490212
Maximizing likelihood @ n=2×1143=2286
 SD[log(ℓ)] = 2.19904583974836
 Δlog(ℓ) = 1.26200173313703
 Δβ/SD[β] = 0.27650836980702 -0.381817621220046 0.0448018424188789 -0.182878174164317 0.104283070675161 0.701629909877851
Maximizing likelihood @ n=4×1143=4572
 SD[log(ℓ)] = 1.83977559812006
 Δlog(ℓ) = 2.13525705710761
 Δβ/SD[β] = 0.0241885443342308 0.439266597579482 -0.0665468964468596 -0.0811185782599111 0.171430977947687 0.257578971259259
Maximizing likelihood @ n=8×1143=9144
 SD[log(ℓ)] = 1.41002471658703
 Δlog(ℓ) = 1.84038274296469
 Δβ/SD[β] = 0.08284919220615 -0.163165395455162 0.0699035743644385 -0.128785145015934 0.0642415250838863 -0.0920245212793568
Maximizing likelihood @ n=16×1143=18288
 SD[log(ℓ)] = 0.970019666218108
 Δlog(ℓ) = -1.34054775026702
 Δβ/SD[β] = 1.18818512518168e-07 0.00424830103628684 -3.12013959677934e-05 0.0171714387238375 -0.00863682613396983 0.0021466958755656
Maximizing likelihood @ n=32×1143=36576
 SD[log(ℓ)] = 0.728786907090827
 Δlog(ℓ) = 1.58006152558706
 Δβ/SD[β] = -0.0381242201895304 -0.0561721593218386 0.0327414447299983 -0.0645336976845838 0.0575200113104671 -0.00190020677348364
Maximizing likelihood @ n=64×1143=73152
 SD[log(ℓ)] = 0.513188622032412
 Δlog(ℓ) = -0.221254761648254
 Δβ/SD[β] = -0.0209163326175924 -0.0239280676523989 0.0291484843825403 0.0395208025816617 -0.000413522376573205 0.0260278416438074
Maximizing likelihood @ n=128×1143=146304
 SD[log(ℓ)] = 0.369339365511645
 Δlog(ℓ) = 0.136116348595088
 Δβ/SD[β] = -0.019566176828148 -0.0500879772427226 -0.0223959541914419 -0.122158142055334 -0.0426199517949298 0.0155724957300253
Maximizing likelihood @ n=256×1143=292608
 SD[log(ℓ)] = 0.25619235622772
 Δlog(ℓ) = -0.24752601569574
 Δβ/SD[β] = 0.0399993747044462 -0.0417299189305683 -0.0370806270153022 0.0393956076742655 -0.0459415869383827 0.0667057688912594
Maximizing likelihood @ n=512×1143=585216
 SD[log(ℓ)] = 0.183996070536648
 Δlog(ℓ) = 0.0843568248381175
 Δβ/SD[β] = -0.00362740724533456 -0.0309693928792368 -0.0286573398504891 -0.0103287222588811 0.047040509006985 0.0196186686475474
Maximizing likelihood @ n=1024×1143=1170432
 SD[log(ℓ)] = 0.131102908605365
 Δlog(ℓ) = 0.178260969774165
 Δβ/SD[β] = 0.00951858345729231 -0.00366307712448971 -0.00373104135447553 -0.0386953869682341 -0.00134769899006275 0.0146105072982614
Maximizing likelihood @ n=2048×1143=2340864
 SD[log(ℓ)] = 0.0933550714899867
 Δlog(ℓ) = 0.16442715558626
 Δβ/SD[β] = 0.0109371309251755 -0.000632055658930282 -0.000125702564656675 -0.0168143713605747 0.021971620449515 0.0284012170628068
Maximizing likelihood @ n=4096×1143=4681728
 SD[log(ℓ)] = 0.0653623955150989
 Δlog(ℓ) = -0.106016806962892
 Δβ/SD[β] = -0.0134412160264756 0.00434480455564931 -0.000598029536543339 0.0250845231727146 -0.00347098370389059 0.00894229256493404
Maximizing likelihood @ n=8192×1143=9363456
 SD[log(ℓ)] = 0.0464720860282622
 Δlog(ℓ) = 0.00809656332720721
 Δβ/SD[β] = -0.00326556328020077 -0.00796818887124492 0.00193137980132956 -0.0111727150585871 -0.00806734613160101 0.0287569342371482
Maximizing likelihood @ n=16384×1143=18726912
 SD[log(ℓ)] = 0.0327723864858203
 Δlog(ℓ) = 0.0118026155286657
 Δβ/SD[β] = -0.00139508808603315 0.00640468972704232 0.00693987703924785 0.00436389739512214 0.00970027843390554 0.00435820333501475
Calculating Hessian
Maximizing likelihood @ n=1×1143=1143
 SD[log(ℓ)] = 2.74150887000533
 Δlog(ℓ) = Inf
 Δβ/SD[β] = -4.84483268467215 0.155106149838852 0.608907764883081 -27.5448262896513 -9.86278263310663 0.17197993711029
Maximizing likelihood @ n=2×1143=2286
 SD[log(ℓ)] = 2.22448617864377
 Δlog(ℓ) = 1.47255262936692
 Δβ/SD[β] = -0.219408761008712 0.128485603818639 -0.194019712687762 -0.41951602790329 0.248119687489878 -0.118017080252974
Maximizing likelihood @ n=4×1143=4572
 SD[log(ℓ)] = 1.87004116666427
 Δlog(ℓ) = 3.71855629990707
 Δβ/SD[β] = 0.200687199247607 -0.178346247079373 -1.12786375578362 -0.268224251780707 0.107547446373685 0.816655426996433
Maximizing likelihood @ n=8×1143=9144
 SD[log(ℓ)] = 1.47160535057521
 Δlog(ℓ) = 2.15828586852812
 Δβ/SD[β] = -0.0273221843973436 -0.042709309027935 0.00524082259809616 -0.151698946589413 0.0185662948818337 0.053030343755895
Maximizing likelihood @ n=16×1143=18288
 SD[log(ℓ)] = 1.0123149361182
 Δlog(ℓ) = -1.43122254597134
 Δβ/SD[β] = 0.00538916475814605 -0.0207897892905598 0.00369598644617723 0.173750626987823 -0.0618311781327103 0.0765785152732421
Maximizing likelihood @ n=32×1143=36576
 SD[log(ℓ)] = 0.740079800399516
 Δlog(ℓ) = -0.0182816067228124
 Δβ/SD[β] = -0.0365130607831675 -0.0414008056713961 0.0190450814882934 -0.00690236759332765 0.0586582010219701 -0.0118680249848064
Maximizing likelihood @ n=64×1143=73152
 SD[log(ℓ)] = 0.522927057340765
 Δlog(ℓ) = -0.0885104672823083
 Δβ/SD[β] = -0.00205142416637281 -0.109035014073093 0.044204980958521 -0.0775468149582409 -0.0459796736151239 0.148166400198332
Maximizing likelihood @ n=128×1143=146304
 SD[log(ℓ)] = 0.368321786712814
 Δlog(ℓ) = 0.0818872720923984
 Δβ/SD[β] = -0.0174118161947089 -0.0254944551116015 0.0230386554519836 -0.0191468186682283 -0.0697977381399167 0.0616862208455363
Maximizing likelihood @ n=256×1143=292608
 SD[log(ℓ)] = 0.263419851148915
 Δlog(ℓ) = 0.053800383988662
 Δβ/SD[β] = -0.0284216945676185 -0.0481928686392228 0.0138222771058156 0.0263271806022685 0.0687279176474259 0.0423116804761308
Maximizing likelihood @ n=512×1143=585216
 SD[log(ℓ)] = 0.185070470640139
 Δlog(ℓ) = -0.206055799279209
 Δβ/SD[β] = -0.0125703298252169 0.00712999777982177 0.00673102426243252 0.0542383729701057 -0.00915793591820033 0.0301997206793815
Maximizing likelihood @ n=1024×1143=1170432
 SD[log(ℓ)] = 0.130265027906098
 Δlog(ℓ) = -0.128003083004405
 Δβ/SD[β] = 0.0966522687921786 -0.261003030441914 0.0607421184791887 0.00697049395526938 -0.00175920330471088 0.41326587167164
Maximizing likelihood @ n=2048×1143=2340864
 SD[log(ℓ)] = 0.0928179090700038
 Δlog(ℓ) = 0.134453587490242
 Δβ/SD[β] = -0.00454853376581458 -0.00847988353521986 0.00457894111558866 -0.0314481352080397 -0.00237138695847222 0.0119377731249667
Maximizing likelihood @ n=4096×1143=4681728
 SD[log(ℓ)] = 0.0658985974824216
 Δlog(ℓ) = -0.00970776470146362
 Δβ/SD[β] = -0.199507200958313 -0.10936066479039 -0.0750599231256132 -0.00086127544573837 0.0257141418095661 0.490368214750368
Maximizing likelihood @ n=8192×1143=9363456
 SD[log(ℓ)] = 0.046166459886407
 Δlog(ℓ) = 0.0636631460074852
 Δβ/SD[β] = 0.0110634791371988 -0.0217625023242982 0.0246588765982236 0.0160383453378326 -0.0342042674692758 0.0486292063943332
Maximizing likelihood @ n=16384×1143=18726912
 SD[log(ℓ)] = 0.0329903278358689
 Δlog(ℓ) = 0.141760515819907
 Δβ/SD[β] = 0.838166804938612 -5.93669576916805 -0.160364697333805 0.00192023182285945 0.0157761796884556 0.379433078763556
Calculating Hessian
Maximizing likelihood @ n=1×1143=1143
 SD[log(ℓ)] = 2.76898576975085
 Δlog(ℓ) = Inf
 Δβ/SD[β] = -3.25341741613382 -0.289688198001294 0.136148223586903 -1.3455625399511 -1.05030454652122 0.0696335362245992
Maximizing likelihood @ n=2×1143=2286
 SD[log(ℓ)] = 2.78807918646065
 Δlog(ℓ) = 7.20876780078632
 Δβ/SD[β] = -0.386195613464792 -0.405073133292266 0.392850952808161 -0.254101692536608 0.625712808982729 0.528175502845212
Maximizing likelihood @ n=4×1143=4572
 SD[log(ℓ)] = 2.26345408803013
 Δlog(ℓ) = 2.4664883012282
 Δβ/SD[β] = -0.0243415800104343 -0.305519123628387 0.660665613797186 0.133013386969918 0.165513101157985 0.525685920202567
Maximizing likelihood @ n=8×1143=9144
 SD[log(ℓ)] = 1.7462391915663
 Δlog(ℓ) = -3.4478585463564
 Δβ/SD[β] = 0.74981928208105 1.25786528561374 -0.469553844866681 1.69005658797317 -0.60786054445529 0.166352598493484
Maximizing likelihood @ n=16×1143=18288
 SD[log(ℓ)] = 1.45005564435833
 Δlog(ℓ) = 2.71834056934288
 Δβ/SD[β] = -0.489686044585376 -0.40673710476107 0.323854606230835 -1.10762136109124 0.424838306348426 0.322778427888906
Maximizing likelihood @ n=32×1143=36576
 SD[log(ℓ)] = 1.11312116391163
 Δlog(ℓ) = 1.4817902422007
 Δβ/SD[β] = -0.592384094939759 -0.500954695166213 0.406446342189227 -0.764074527109065 -0.0141580089994257 0.230844915745872
Maximizing likelihood @ n=64×1143=73152
 SD[log(ℓ)] = 0.830919707982585
 Δlog(ℓ) = 2.13773396541406
 Δβ/SD[β] = -0.417459150795862 -0.457536280821342 0.348777645393052 -0.726547996063634 0.314778831364889 0.262303385303701
Maximizing likelihood @ n=128×1143=146304
 SD[log(ℓ)] = 0.589213176885717
 Δlog(ℓ) = 1.00167278189391
 Δβ/SD[β] = -0.250534113476756 -0.243359703551815 0.196399114277304 -0.470431716235269 -0.0116314956174998 0.240912435491154
Maximizing likelihood @ n=256×1143=292608
 SD[log(ℓ)] = 0.403832947198293
 Δlog(ℓ) = -0.30322396435573
 Δβ/SD[β] = -0.0404727933705018 -0.0114633896815245 -0.00725088191924159 0.0329440780940509 0.0120502368409851 -0.0159732014545554
Maximizing likelihood @ n=512×1143=585216
 SD[log(ℓ)] = 0.31521201284491
 Δlog(ℓ) = 0.14482031682682
 Δβ/SD[β] = -0.0131781337570603 0.0189305588422341 0.0147281804119004 -0.0265465704532835 0.0146059600367434 0.0245229713161582
Maximizing likelihood @ n=1024×1143=1170432
 SD[log(ℓ)] = 0.264163907708364
 Δlog(ℓ) = -0.0743945775973458
 Δβ/SD[β] = 0.0211304780677464 0.0324939135727411 0.0369219692419187 0.0781004555541756 0.0333118888270301 0.0349627445879771
Maximizing likelihood @ n=2048×1143=2340864
 SD[log(ℓ)] = 0.181745762471405
 Δlog(ℓ) = -0.106090122607608
 Δβ/SD[β] = 0.0328582245196475 -0.0311027248924304 -0.00176799992282151 -0.00515687981434393 0.00359451263952651 -0.00201271665221381
Maximizing likelihood @ n=4096×1143=4681728
 SD[log(ℓ)] = 0.143405498544287
 Δlog(ℓ) = -0.0830986969861414
 Δβ/SD[β] = -0.00086327162687284 0.0515356396378789 -0.00374377880226228 0.0022528316313415 0.0311882472165061 0.0316050591652077
Maximizing likelihood @ n=8192×1143=9363456
 SD[log(ℓ)] = 0.129212508502494
 Δlog(ℓ) = -0.0156276326903004
 Δβ/SD[β] = 0.0300061335496097 0.0313527647445212 -0.039119460838588 0.0737655666670647 0.0596453134043056 0.0711065603248078
Maximizing likelihood @ n=16384×1143=18726912
 SD[log(ℓ)] = 0.082283990340125
 Δlog(ℓ) = -0.0283622447254714
 Δβ/SD[β] = 0.0202159830724729 0.0231535511802602 -0.0150643910596887 -0.0288681903052661 0.0168026155469625 -0.0169479591938972
Calculating Hessian
There were 12 warnings (use warnings() to see them)
Script complete
Sat Nov 16 04:57:33 MST 2024
