Thu Nov 14 11:18:02 MST 2024
Initiating script
── Attaching core tidyverse packages ──────────────────────── tidyverse 2.0.0 ──
✔ dplyr     1.1.4     ✔ readr     2.1.5
✔ forcats   1.0.0     ✔ stringr   1.5.1
✔ ggplot2   3.5.1     ✔ tibble    3.2.1
✔ lubridate 1.9.3     ✔ tidyr     1.3.1
✔ purrr     1.0.2     
── Conflicts ────────────────────────────────────────── tidyverse_conflicts() ──
✖ ggplot2::annotate() masks ctmm::annotate()
✖ dplyr::filter()     masks stats::filter()
✖ dplyr::lag()        masks stats::lag()
ℹ Use the conflicted package (<http://conflicted.r-lib.org/>) to force all conflicts to become errors
Linking to GEOS 3.9.5, GDAL 3.8.5, PROJ 9.4.0; sf_use_s2() is TRUE
Loading required package: sp

Attaching package: ‘raster’

The following object is masked from ‘package:dplyr’:

    select

The following objects are masked from ‘package:ctmm’:

    projection, projection<-

terra 1.7.78

Attaching package: ‘terra’

The following object is masked from ‘package:tidyr’:

    extract

The following objects are masked from ‘package:ctmm’:

    distance, meta

[1] "/home/u15/mmercer3/proj/habitat_analysis_class/Final/Model_Fit_Results/Avery_rr.Rda"
     [,1]                                
[1,] "Data loaded at 2024-11-14 11:18:16"
Reading layer `major' from data source 
  `/home/u15/mmercer3/proj/habitat_analysis_class/Final/Major_Roads' 
  using driver `ESRI Shapefile'
Simple feature collection with 411 features and 7 fields
Geometry type: LINESTRING
Dimension:     XY
Bounding box:  xmin: 477946 ymin: 3545735 xmax: 511807.9 ymax: 3592212
Projected CRS: WGS 84 / UTM zone 12N
     [,1]                                 
[1,] "Roads loaded at 2024-11-14 11:18:17"
Default grid size of 40.0444444444444 minutes chosen for bandwidth(...,fast=TRUE).
|---------|---------|---------|---------|=========================================                                          [1] 1681968
[1] 1681968
Starting buffer 30 
Maximizing likelihood @ n=1×2555=2555
 SD[log(ℓ)] = 13.4168153562543
 Δlog(ℓ) = Inf
 Δβ/SD[β] = -0.195001829735606 0.0429745102239705 0.00846396724842535 -0.0375250120510099 -0.832824479929146 0.674649626294124
Maximizing likelihood @ n=2×2555=5110
 SD[log(ℓ)] = 10.4716909221425
 Δlog(ℓ) = 31.8987327854402
 Δβ/SD[β] = -0.235419536514796 0.0748623068498698 -0.026037301589927 0.0349435561297937 0.31619905666026 0.148630185472555
Maximizing likelihood @ n=4×2555=10220
 SD[log(ℓ)] = 8.32112859999217
 Δlog(ℓ) = 36.8987894037483
 Δβ/SD[β] = 0.0121357573963718 0.0578126024314093 -0.0780910857674879 0.0745133578809767 -0.0718738007565601 0.0893457403078557
Maximizing likelihood @ n=8×2555=20440
 SD[log(ℓ)] = 6.54145139584724
 Δlog(ℓ) = 25.2272313782786
 Δβ/SD[β] = -0.0831218920119706 -0.0525581943072262 -0.0230923789625547 0.0608503216772891 0.105348657323005 0.10197640851697
Maximizing likelihood @ n=16×2555=40880
 SD[log(ℓ)] = 4.98257599121517
 Δlog(ℓ) = 17.3608236437088
 Δβ/SD[β] = -0.153922477880823 -0.0166242627522415 -0.0488656427612998 0.0239627558269279 0.0154826393941936 0.0451821801429397
Maximizing likelihood @ n=32×2555=81760
 SD[log(ℓ)] = 3.61700514431199
 Δlog(ℓ) = 7.92355991528905
 Δβ/SD[β] = -0.857695372741083 -0.130288863831616 -0.347689108225572 0.0311536040048469 0.270072337005009 0.138156773230043
Maximizing likelihood @ n=64×2555=163520
 SD[log(ℓ)] = 2.79377971965956
 Δlog(ℓ) = 4.54122088345929
 Δβ/SD[β] = -0.34248507521186 0.17749920269783 -0.0842069937950137 0.0699343911128379 0.260788611462363 0.0748428739178509
Maximizing likelihood @ n=128×2555=327040
 SD[log(ℓ)] = 2.02456812965329
 Δlog(ℓ) = 1.5297091927651
 Δβ/SD[β] = -0.00449691066515286 -0.00793199606342183 -0.0117731396453238 -0.00510079433030521 -0.0108085619609045 0.0155150104508875
Maximizing likelihood @ n=256×2555=654080
 SD[log(ℓ)] = 1.41471149799565
 Δlog(ℓ) = 3.69105721229306
 Δβ/SD[β] = -0.216613618300381 0.00450121198261439 0.0489178824066925 -0.033220080134941 -0.078513113885621 -0.0284869658952857
Maximizing likelihood @ n=512×2555=1308160
 SD[log(ℓ)] = 1.04684612727439
 Δlog(ℓ) = 2.10130356502759
 Δβ/SD[β] = 0.0251914028288289 -0.0858346656002101 -0.0331792797250149 0.0172568236500426 -0.106537564424327 0.00848720140322964
Maximizing likelihood @ n=1024×2555=2616320
 SD[log(ℓ)] = 0.73503645091496
 Δlog(ℓ) = 2.65610685289653
 Δβ/SD[β] = -0.2138578035074 -0.0315927526324565 0.000229842333233861 -0.00382900197915966 -0.0239433889128321 -0.00860095917321854
Maximizing likelihood @ n=2048×2555=5232640
 SD[log(ℓ)] = 0.534470493108384
 Δlog(ℓ) = 6.96888177293584
 Δβ/SD[β] = -0.746232084935117 0.0463358119833885 -0.121432074942812 0.0380293835325332 -0.0814621518044603 0.00714131963077935
Maximizing likelihood @ n=4096×2555=10465280
 SD[log(ℓ)] = 0.364433036416695
 Δlog(ℓ) = 35.1869357048205
 Δβ/SD[β] = -2.85388782132983 -0.0649610472410528 -0.110812737852909 -0.0922994204238711 -0.310675562081409 -0.0986378299760444
Maximizing likelihood @ n=8192×2555=20930560
 SD[log(ℓ)] = 0.291210943299732
 Δlog(ℓ) = 20.5580389938621
 Δβ/SD[β] = -1.20862330878102 -0.320784473553165 0.102269682016605 0.013720564948865 -0.367528096843941 -0.0211827122239093
Calculating Hessian
Maximizing likelihood @ n=1×2555=2555
 SD[log(ℓ)] = 12.8767256836693
 Δlog(ℓ) = Inf
 Δβ/SD[β] = 1.96049927147036 1.07471404062955 0.444627356059167 -3.56168303385004 -20.4091186883749 14.7602797932712
Maximizing likelihood @ n=2×2555=5110
 SD[log(ℓ)] = 10.4075429231544
 Δlog(ℓ) = 35.6737846950922
 Δβ/SD[β] = 0.167460343877115 0.0467072499925433 0.472811623992604 0.231447112496461 0.228413255488325 0.148185962812017
Maximizing likelihood @ n=4×2555=10220
 SD[log(ℓ)] = 8.51165357891034
 Δlog(ℓ) = 41.5398409650796
 Δβ/SD[β] = -0.0756997724712093 0.152883643212927 0.0898927323257134 0.18516454363853 0.0286623637788018 0.160061087712977
Maximizing likelihood @ n=8×2555=20440
 SD[log(ℓ)] = 6.67605788734513
 Δlog(ℓ) = 28.325592874612
 Δβ/SD[β] = 0.0706400567781679 -0.0147120793092445 0.052943768328759 0.0712288612056082 -0.0702442549126867 0.0711573237310215
Maximizing likelihood @ n=16×2555=40880
 SD[log(ℓ)] = 5.09826260294359
 Δlog(ℓ) = 12.7143913964856
 Δβ/SD[β] = -0.0224653880585476 -0.00531742183084759 0.0149139337631271 0.0312765997867002 0.0146541183249896 0.0243002613450841
Maximizing likelihood @ n=32×2555=81760
 SD[log(ℓ)] = 3.83323630047161
 Δlog(ℓ) = 7.69271275237566
 Δβ/SD[β] = -0.0350782572263427 -0.0507053895981518 -0.0269885016396636 0.0243800755091268 0.0177147195705658 0.0439842503352351
Maximizing likelihood @ n=64×2555=163520
 SD[log(ℓ)] = 2.78639535024689
 Δlog(ℓ) = -0.416630155397513
 Δβ/SD[β] = -0.00303176716967872 -0.00480985374850145 -0.00470080882041102 0.00612557496770152 0.0108625850644424 -0.00194578294156998
Maximizing likelihood @ n=128×2555=327040
 SD[log(ℓ)] = 2.00566684068583
 Δlog(ℓ) = 1.66783555230842
 Δβ/SD[β] = 0.00131492256651885 -0.00339075666140276 -0.0119361777130057 0.00816618487004788 0.00577532722729206 0.0141981804661929
Maximizing likelihood @ n=256×2555=654080
 SD[log(ℓ)] = 1.43568546311536
 Δlog(ℓ) = -0.432085234039164
 Δβ/SD[β] = 0.0322660103961657 -0.0150308789188907 -0.0473069251436515 0.0154457752027479 -0.0158346523045918 0.0718670791815452
Maximizing likelihood @ n=512×2555=1308160
 SD[log(ℓ)] = 1.02968595492353
 Δlog(ℓ) = 2.26017132002255
 Δβ/SD[β] = 0.0370004142721049 0.0377140223968889 -0.0177850660088104 0.0121538639285277 -0.0206694979729971 0.0453391884459656
Maximizing likelihood @ n=1024×2555=2616320
 SD[log(ℓ)] = 0.759373146758136
 Δlog(ℓ) = -0.583185141730326
 Δβ/SD[β] = 0 0 0 0 0 0
Maximizing likelihood @ n=2048×2555=5232640
 SD[log(ℓ)] = 0.542870492413523
 Δlog(ℓ) = -0.422784694834547
 Δβ/SD[β] = -0.0022337062577806 0.00675703218335875 -0.00410264643311819 0.00296516110270576 0.00422028941998743 -0.00314136121675072
Maximizing likelihood @ n=4096×2555=10465280
 SD[log(ℓ)] = 0.374157338212791
 Δlog(ℓ) = 0.815876761072502
 Δβ/SD[β] = 0 0 0 0 0 0
Maximizing likelihood @ n=8192×2555=20930560
 SD[log(ℓ)] = 0.266001895467673
 Δlog(ℓ) = 0.189845961337085
 Δβ/SD[β] = 0.00115399476749497 0.00426571451934545 0.00113414748300711 0.000954036299302824 0.00766495761893696 0.00663598791888517
Calculating Hessian
Maximizing likelihood @ n=1×2555=2555
 SD[log(ℓ)] = 13.1191577829932
 Δlog(ℓ) = Inf
 Δβ/SD[β] = 1.18326804932945 0.019578903866709 -0.0412079233248561 -0.222373189863631 -0.767497891136643 0.704769679599001
Maximizing likelihood @ n=2×2555=5110
 SD[log(ℓ)] = 11.5011095994212
 Δlog(ℓ) = 91.9156846364965
 Δβ/SD[β] = 3.59632935505678 -0.200679082477715 0.644269342849329 0.23818091674356 -0.192316593018466 0.123668578462587
Maximizing likelihood @ n=4×2555=10220
 SD[log(ℓ)] = 10.0057460157567
 Δlog(ℓ) = 46.4362245968409
 Δβ/SD[β] = 0.725826674883083 -0.137565126761318 0.112328853096472 0.0298472313883566 -0.0773162680348761 0.0856488899355872
Maximizing likelihood @ n=8×2555=20440
 SD[log(ℓ)] = 7.71366345474821
 Δlog(ℓ) = 22.2615455075968
 Δβ/SD[β] = 0.0821897233823466 -0.117881481920648 0.121026115108557 -0.00466905053398307 -0.13191911300385 0.00386081430456733
Maximizing likelihood @ n=16×2555=40880
 SD[log(ℓ)] = 5.90473251548075
 Δlog(ℓ) = 25.2516332315169
 Δβ/SD[β] = 0.100688225135306 -0.181105022361917 0.0874676097170345 0.0312585596833738 -0.0881439411222075 0.04705393141038
Maximizing likelihood @ n=32×2555=81760
 SD[log(ℓ)] = 4.395488276922
 Δlog(ℓ) = 10.8703182090896
 Δβ/SD[β] = 0.0462731075954844 -0.0074843822451683 0.0646848228320175 -0.0110007229609606 -0.150716328226391 0.0120976534786434
Maximizing likelihood @ n=64×2555=163520
 SD[log(ℓ)] = 3.2201658252929
 Δlog(ℓ) = 4.7817450897054
 Δβ/SD[β] = 0.00466501971814833 0.00671483188659586 0.0127595640614718 0.0227644772073959 -0.0431468693999339 0.00452836108534565
Maximizing likelihood @ n=128×2555=327040
 SD[log(ℓ)] = 2.27819512959147
 Δlog(ℓ) = 1.00840417326475
 Δβ/SD[β] = -0.0130921912720704 -0.010874727270223 0.00674114101784969 -0.00425366309862157 -0.0192778768918136 0.0112522847220767
Maximizing likelihood @ n=256×2555=654080
 SD[log(ℓ)] = 1.68642204709991
 Δlog(ℓ) = 3.45082415754956
 Δβ/SD[β] = 0.0350104998496946 -0.105380873691575 0.0717177524772753 0.010742097554943 -0.0655723659904567 0.00694052351957271
Maximizing likelihood @ n=512×2555=1308160
 SD[log(ℓ)] = 1.22904817737471
 Δlog(ℓ) = -1.01084915207161
 Δβ/SD[β] = -0.0113122092751475 0.0173419860771497 0.0288821481761034 -0.00752818229279533 -0.0298059646632355 -0.0158766415354027
Maximizing likelihood @ n=1024×2555=2616320
 SD[log(ℓ)] = 0.864761574699053
 Δlog(ℓ) = -0.588674017116716
 Δβ/SD[β] = -0.0723331182502198 -0.219265176224548 0.389757594921886 0.121885695717562 -0.59671185531786 -0.0193055526598366
Maximizing likelihood @ n=2048×2555=5232640
 SD[log(ℓ)] = 0.624420203079818
 Δlog(ℓ) = 0.839966456094658
 Δβ/SD[β] = 0.0723991818027024 0.171483458882289 0.084437481637985 -0.168847321142926 -1.01158692117406 -0.1491270212197
Maximizing likelihood @ n=4096×2555=10465280
 SD[log(ℓ)] = 0.440723085219717
 Δlog(ℓ) = -0.457930843348947
 Δβ/SD[β] = -0.0116098440558446 -0.0136161262088264 0.0213162540970774 0.00522689125426085 -0.0222702565347458 3.3154361778638e-05
Maximizing likelihood @ n=8192×2555=20930560
 SD[log(ℓ)] = 0.313884241847673
 Δlog(ℓ) = -0.0442909895394905
 Δβ/SD[β] = 0.0173643042403001 -0.00536459977307109 0.016363093764494 0.00241269321762465 -0.0051034643818025 -0.00105459405037774
Calculating Hessian
Maximizing likelihood @ n=1×2555=2555
 SD[log(ℓ)] = 13.2893440624241
 Δlog(ℓ) = Inf
 Δβ/SD[β] = 1.44149980024824 -0.0245304819659733 -0.0219533204760227 -0.181298354501552 -0.913767786052638 0.58575518245343
Maximizing likelihood @ n=2×2555=5110
 SD[log(ℓ)] = 11.6348830004075
 Δlog(ℓ) = 67.2310161867702
 Δβ/SD[β] = 0.209160857345697 0.420165622391005 0.140171073378796 0.227793084555754 0.200393543086834 0.249291874054976
Maximizing likelihood @ n=4×2555=10220
 SD[log(ℓ)] = 9.07818092448406
 Δlog(ℓ) = 25.1038206339782
 Δβ/SD[β] = 0.167335142217205 0.0376571236437465 0.0174569506741056 0.0715764111391504 0.120012539044291 0.0513902783670217
Maximizing likelihood @ n=8×2555=20440
 SD[log(ℓ)] = 7.13887966368337
 Δlog(ℓ) = 34.6574706674032
 Δβ/SD[β] = 0.0782342659529 0.0172536450883255 0.0972053902777013 0.0933255042065032 0.203823058091407 0.126460000224093
Maximizing likelihood @ n=16×2555=40880
 SD[log(ℓ)] = 5.31292521806579
 Δlog(ℓ) = 11.3536678729266
 Δβ/SD[β] = -0.0258003020679366 -0.01454175489445 0.00955992694103484 0.0381644695121537 0.0255035282405818 0.0525122145930196
Maximizing likelihood @ n=32×2555=81760
 SD[log(ℓ)] = 3.95614572120739
 Δlog(ℓ) = 4.85091737514387
 Δβ/SD[β] = 0.0096529119644738 -0.00348633561943696 -0.000200711183152218 0.00222841624839967 0.0139695664846027 0.0144942190955177
Maximizing likelihood @ n=64×2555=163520
 SD[log(ℓ)] = 2.82637506865743
 Δlog(ℓ) = 5.23541888469617
 Δβ/SD[β] = 0.00361697562811542 -0.0163191830619966 -0.00177743439463365 -0.00447984688157096 -0.00880512312544703 0.0141978047140183
Maximizing likelihood @ n=128×2555=327040
 SD[log(ℓ)] = 2.0457036846119
 Δlog(ℓ) = 3.21626789459503
 Δβ/SD[β] = 0.0609899780899641 -0.0106632935605484 0.0774573836909777 0.147529066247019 -0.0577955897637261 0.32524980373876
Maximizing likelihood @ n=256×2555=654080
 SD[log(ℓ)] = 1.44227729577313
 Δlog(ℓ) = -0.0590007268979207
 Δβ/SD[β] = 0.0090565961376848 -0.115687452607453 0.184828907927105 0.137154556379625 0.0893283171631212 0.113251454159028
Maximizing likelihood @ n=512×2555=1308160
 SD[log(ℓ)] = 1.01639086341247
 Δlog(ℓ) = 2.30060844276142
 Δβ/SD[β] = 0 0 0 0 0 0
Maximizing likelihood @ n=1024×2555=2616320
 SD[log(ℓ)] = 0.727466536152411
 Δlog(ℓ) = 0.597341078446107
 Δβ/SD[β] = -0.010784989986803 -0.0535789023650563 0.0372553626741531 0.0550278125391411 0.00504549674848521 0.166568795605729
Maximizing likelihood @ n=2048×2555=5232640
 SD[log(ℓ)] = 0.548722244189084
 Δlog(ℓ) = -0.395725840616421
 Δβ/SD[β] = 0 0 0 0 0 0
Maximizing likelihood @ n=4096×2555=10465280
 SD[log(ℓ)] = 0.395452257853451
 Δlog(ℓ) = 0.826631007402909
 Δβ/SD[β] = 0.0203340132989647 0.0122414159067672 0.00427614515968347 0.00697663538903521 0.0139463838793971 -0.02873437150972
Maximizing likelihood @ n=8192×2555=20930560
 SD[log(ℓ)] = 0.271044319995676
 Δlog(ℓ) = 0.237409736741995
 Δβ/SD[β] = 0.0131114941019662 0.0108336276541092 0.015829444816736 -0.00671524319460514 0.00250395715222983 0.0220626553884268
Calculating Hessian
Starting buffer 750 
Maximizing likelihood @ n=1×2555=2555
 SD[log(ℓ)] = 12.7068321398754
 Δlog(ℓ) = Inf
 Δβ/SD[β] = 0.23829224428938 0.749993927791575 -1.09288815717337 -2.90758080374338 -20.5425052336214 16.4602521770718
Maximizing likelihood @ n=2×2555=5110
 SD[log(ℓ)] = 10.5346320155127
 Δlog(ℓ) = 52.607187151136
 Δβ/SD[β] = -0.152326892222436 -0.117147588376437 0.0763182377724633 0.156800465910609 0.20760231397829 0.191901181577964
Maximizing likelihood @ n=4×2555=10220
 SD[log(ℓ)] = 8.46388856355613
 Δlog(ℓ) = 37.5128877817067
 Δβ/SD[β] = -0.121024529841659 -0.0400395174098992 0.0388654193367497 0.0752412006166158 0.0173110368348067 0.122473507464894
Maximizing likelihood @ n=8×2555=20440
 SD[log(ℓ)] = 6.78656443352015
 Δlog(ℓ) = 28.9501826534485
 Δβ/SD[β] = -0.0506110867475224 0.0122309511755166 0.0788822084741359 0.0518260633314838 0.00457816525395043 0.100277488814283
Maximizing likelihood @ n=16×2555=40880
 SD[log(ℓ)] = 5.04463387731844
 Δlog(ℓ) = 9.71362081902657
 Δβ/SD[β] = -1.26715672544301e-07 1.66327047982867e-05 0.000218088479328056 -0.00737115506986337 9.34202418348581e-05 0.0252841718855207
Maximizing likelihood @ n=32×2555=81760
 SD[log(ℓ)] = 3.76170875413611
 Δlog(ℓ) = 6.04653160893037
 Δβ/SD[β] = -0.00722447102910978 -0.0574655948640044 0.0161675624885558 0.0556210855465732 0.0790467096059256 0.0247274413653027
Maximizing likelihood @ n=64×2555=163520
 SD[log(ℓ)] = 2.80776595440047
 Δlog(ℓ) = 0.268557137970561
 Δβ/SD[β] = 0.194100637705043 0.0962018921245927 0.187614639096046 0.0406060009997819 0.57201776453979 0.0683334498137217
Maximizing likelihood @ n=128×2555=327040
 SD[log(ℓ)] = 2.02067594123321
 Δlog(ℓ) = 4.05632645770436
 Δβ/SD[β] = -0.0247403749603766 -0.0282951350341201 0.0153712132285051 0.00869229198660998 -0.0321452774211002 0.0115300503014966
Maximizing likelihood @ n=256×2555=654080
 SD[log(ℓ)] = 1.44109062447396
 Δlog(ℓ) = -2.15703720965109
 Δβ/SD[β] = -0.0328303890524352 0.0343753950911745 -0.0236542704719474 0.0467646161095059 0.0140257096685681 -0.0830474962318974
Maximizing likelihood @ n=512×2555=1308160
 SD[log(ℓ)] = 1.06055458368269
 Δlog(ℓ) = 1.78901697009428
 Δβ/SD[β] = -0.00546572032622988 0.00588559522678301 0.0317787776597879 -0.00796429046348812 0.0311098439752953 0.0731555127376203
Maximizing likelihood @ n=1024×2555=2616320
 SD[log(ℓ)] = 0.744701906005721
 Δlog(ℓ) = 0.0428786706822848
 Δβ/SD[β] = -0.0199368850304707 -0.0209056062284097 0.0242924998405252 0.016002487119172 0.029546678830949 0.0271362014705589
Maximizing likelihood @ n=2048×2555=5232640
 SD[log(ℓ)] = 0.530671693327196
 Δlog(ℓ) = 0.0241848304535779
 Δβ/SD[β] = 0 0 0 0 0 0
Maximizing likelihood @ n=4096×2555=10465280
 SD[log(ℓ)] = 0.400649716791886
 Δlog(ℓ) = -0.0267151236794803
 Δβ/SD[β] = 0 0 0 0 0 0
Maximizing likelihood @ n=8192×2555=20930560
 SD[log(ℓ)] = 0.273664012222649
 Δlog(ℓ) = 0.196446628946774
 Δβ/SD[β] = 0 0 0 0 0 0
Calculating Hessian
Maximizing likelihood @ n=1×2555=2555
 SD[log(ℓ)] = 12.7664255627019
 Δlog(ℓ) = Inf
 Δβ/SD[β] = -0.968421777734558 0.73916524154068 0.239915677018819 -4.77032752382515 -18.1139807786715 16.8062641743174
Maximizing likelihood @ n=2×2555=5110
 SD[log(ℓ)] = 10.76514880709
 Δlog(ℓ) = 55.8812152847822
 Δβ/SD[β] = 0.0454158574412107 0.00888313932014579 -0.182108758181159 0.265060462945149 -0.00342526533756815 0.184654296399331
Maximizing likelihood @ n=4×2555=10220
 SD[log(ℓ)] = 8.54107704022425
 Δlog(ℓ) = 35.5338179738854
 Δβ/SD[β] = -0.0421540105783571 0.00452757230075633 -0.0256653354460795 0.0378281003143493 0.0468164950907022 0.097017289908947
Maximizing likelihood @ n=8×2555=20440
 SD[log(ℓ)] = 6.67819217255931
 Δlog(ℓ) = 23.4266250528125
 Δβ/SD[β] = 0.0615420290688548 0.0579902849949726 -0.0284085453422216 0.143084027745758 0.0566347786565771 0.0922034718901214
Maximizing likelihood @ n=16×2555=40880
 SD[log(ℓ)] = 5.03596062961598
 Δlog(ℓ) = 11.4124426541841
 Δβ/SD[β] = 0.0634314509820685 0.0473349985184087 0.0386133434270431 -0.0061235468012766 0.00149323672779977 0.0315266823391953
Maximizing likelihood @ n=32×2555=81760
 SD[log(ℓ)] = 3.7647058923656
 Δlog(ℓ) = 7.99929205560136
 Δβ/SD[β] = 0.00733445259092164 0.0012712585857241 -0.00824359308925865 0.0157293521445233 -0.0131390302262951 0.0202616720108013
Maximizing likelihood @ n=64×2555=163520
 SD[log(ℓ)] = 2.73743255947243
 Δlog(ℓ) = 1.25710536856639
 Δβ/SD[β] = 0.00145296303449451 -0.000356959557410364 -0.0180417389017627 0.019575397824718 0.000135753748967203 0.00559820685358706
Maximizing likelihood @ n=128×2555=327040
 SD[log(ℓ)] = 2.02223215728173
 Δlog(ℓ) = 1.6511410378323
 Δβ/SD[β] = -0.00193537139785804 0.000510209208872934 -0.0049044303425689 0.00133115335491932 -0.0127402282052827 -0.00476052235968997
Maximizing likelihood @ n=256×2555=654080
 SD[log(ℓ)] = 1.46732636834124
 Δlog(ℓ) = -0.714484648745838
 Δβ/SD[β] = -0.0231400711020225 0.105902889622832 -0.0337491750324528 0.121279019719375 0.0485361670096008 0.0720054315756659
Maximizing likelihood @ n=512×2555=1308160
 SD[log(ℓ)] = 1.03480858549371
 Δlog(ℓ) = 1.0265023108206
 Δβ/SD[β] = -0.000734698239106746 -0.00102109958667217 0.00061022857549604 -0.00252868637478065 -0.000188475742290522 0.00372830795200476
Maximizing likelihood @ n=1024×2555=2616320
 SD[log(ℓ)] = 0.757321316618322
 Δlog(ℓ) = -0.181190904066625
 Δβ/SD[β] = 0.0321738597639739 0.0197205082797329 0.0113127261207108 -0.00474360196230455 0.0208214081056047 -0.0405709824902917
Maximizing likelihood @ n=2048×2555=5232640
 SD[log(ℓ)] = 0.522189383795202
 Δlog(ℓ) = -0.344213165949441
 Δβ/SD[β] = 0.0248007881451202 0.032269389838345 -0.0186588160208162 -0.0190510981803788 0.00676768612691368 0.00715350552953852
Maximizing likelihood @ n=4096×2555=10465280
 SD[log(ℓ)] = 0.371263134760369
 Δlog(ℓ) = 0.290421306521637
 Δβ/SD[β] = 0 0 0 0 0 0
Maximizing likelihood @ n=8192×2555=20930560
 SD[log(ℓ)] = 0.264256914050259
 Δlog(ℓ) = 0.0611770545210675
 Δβ/SD[β] = 0 0 0 0 0 0
Calculating Hessian
Maximizing likelihood @ n=1×2555=2555
 SD[log(ℓ)] = 13.428658792343
 Δlog(ℓ) = Inf
 Δβ/SD[β] = 4.47811477326335 1.20203650248266 0.0445630300295838 -2.03928336506739 -18.7751549667107 16.0271490237145
Maximizing likelihood @ n=2×2555=5110
 SD[log(ℓ)] = 10.7523045047189
 Δlog(ℓ) = 41.8427653239381
 Δβ/SD[β] = -0.0537353939938082 0.0255711111923857 0.0770322546799795 0.141442112626076 -0.0425281723061613 0.0771116668809603
Maximizing likelihood @ n=4×2555=10220
 SD[log(ℓ)] = 8.60708710991347
 Δlog(ℓ) = 34.0078893804996
 Δβ/SD[β] = 1.01958677164624 -3.69451312104932 -1.17007060971396 2.66930336745417 0.130706373702135 3.84439990545602
Maximizing likelihood @ n=8×2555=20440
 SD[log(ℓ)] = 6.61291758940402
 Δlog(ℓ) = 21.945823699207
 Δβ/SD[β] = 0.0295150126832842 -0.0319549276541106 -0.0114997785555868 -0.0387940295300616 -0.0119933766339637 0.0293502572576635
Maximizing likelihood @ n=16×2555=40880
 SD[log(ℓ)] = 5.09934433378199
 Δlog(ℓ) = 6.70778902180245
 Δβ/SD[β] = -0.00242921041646699 -0.0482230995801498 -0.0380970541696611 0.059625758672012 -0.0320951846171683 0.0592060560308016
Maximizing likelihood @ n=32×2555=81760
 SD[log(ℓ)] = 3.83794567103947
 Δlog(ℓ) = 3.78834082868156
 Δβ/SD[β] = 0.00156935466833394 0.0021194381076055 -0.00343352088596698 0.00379444039908902 -0.00572909981957474 0.0141715378363257
Maximizing likelihood @ n=64×2555=163520
 SD[log(ℓ)] = 2.75026386802209
 Δlog(ℓ) = 3.90093597171602
 Δβ/SD[β] = 0.00601056817543924 0.00670867268315 -0.0101936642339943 0.0123181853221029 -0.00740737356077191 0.0200654095684858
Maximizing likelihood @ n=128×2555=327040
 SD[log(ℓ)] = 2.01153137441862
 Δlog(ℓ) = 2.33272940174641
 Δβ/SD[β] = -0.00629349281220543 -0.000337450516291232 0.000751941498971156 -0.00704701741290588 -0.01078999997123 0.00786554626350502
Maximizing likelihood @ n=256×2555=654080
 SD[log(ℓ)] = 1.51907432069611
 Δlog(ℓ) = -0.576941057282397
 Δβ/SD[β] = 0.0111875229500285 0.00434395879163865 0.0365738474651495 0.0100899423528185 0.0183022039295113 -0.0547853073749262
Maximizing likelihood @ n=512×2555=1308160
 SD[log(ℓ)] = 1.06158335028851
 Δlog(ℓ) = 0.513431117111168
 Δβ/SD[β] = -4.1531556528106e-05 0.00670116558513066 0.000345698060335368 -0.00266660615101873 0.00259306357031668 0.00530459625678128
Maximizing likelihood @ n=1024×2555=2616320
 SD[log(ℓ)] = 0.732541118261413
 Δlog(ℓ) = 0.72348178755982
 Δβ/SD[β] = 0 0 0 0 0 0
Maximizing likelihood @ n=2048×2555=5232640
 SD[log(ℓ)] = 0.535291266105048
 Δlog(ℓ) = -0.476523448470175
 Δβ/SD[β] = 0 0 0 0 0 0
Maximizing likelihood @ n=4096×2555=10465280
 SD[log(ℓ)] = 0.373242709235358
 Δlog(ℓ) = 0.404566819803961
 Δβ/SD[β] = 0.00198945218599462 0.0026814670520904 0.000539677566597155 -0.000146224320968814 -0.00290936947470021 0.00412716522383108
Maximizing likelihood @ n=8192×2555=20930560
 SD[log(ℓ)] = 0.266927069814016
 Δlog(ℓ) = -0.0613451093485651
 Δβ/SD[β] = -0.00162453695685687 0.0467229741566261 -0.0331175300164759 0.0115115369137786 -0.0678526835061662 -0.0498965872818814
Calculating Hessian
Maximizing likelihood @ n=1×2555=2555
 SD[log(ℓ)] = 12.8040456841911
 Δlog(ℓ) = Inf
 Δβ/SD[β] = 2.39095235870789 0.0574596118422639 0.0408445984649881 -0.140925675476509 -0.88605192136055 0.629717616414338
Maximizing likelihood @ n=2×2555=5110
 SD[log(ℓ)] = 11.1961330484281
 Δlog(ℓ) = 60.0679148237632
 Δβ/SD[β] = 0.516662184461794 -0.12146534682853 0.177935623854193 0.328066013107547 -0.120523011592244 0.250356345367623
Maximizing likelihood @ n=4×2555=10220
 SD[log(ℓ)] = 8.90084246365226
 Δlog(ℓ) = 35.434365554202
 Δβ/SD[β] = 0.0540518703167576 -0.00147371654904721 0.0392144025631136 0.0689599572813307 0.0310006496882417 0.131166977399029
Maximizing likelihood @ n=8×2555=20440
 SD[log(ℓ)] = 6.89730072145507
 Δlog(ℓ) = 30.6421863972251
 Δβ/SD[β] = 0.166790618705148 -0.0796948701465652 0.0793704351155491 0.0993751754801413 0.087457152030185 0.0672774057383654
Maximizing likelihood @ n=16×2555=40880
 SD[log(ℓ)] = 5.19671486481798
 Δlog(ℓ) = 12.9004182287654
 Δβ/SD[β] = 0.0909543919029195 -0.0479401109821856 0.0140133620051564 0.0546646968008159 -0.0311096607680015 0.0387830082709726
Maximizing likelihood @ n=32×2555=81760
 SD[log(ℓ)] = 3.79100862538328
 Δlog(ℓ) = 11.230206166905
 Δβ/SD[β] = -0.0277142927229246 -0.00281864001456715 0.0902527449837582 -0.00160746902973824 0.0209822338594297 0.0227348882778221
Maximizing likelihood @ n=64×2555=163520
 SD[log(ℓ)] = 2.765403019248
 Δlog(ℓ) = 0.81098614796872
 Δβ/SD[β] = 0.0221900012017928 0.00237828208606919 0.0157697629227405 0.00583415553621374 0.008118927277289 0.00833972734268201
Maximizing likelihood @ n=128×2555=327040
 SD[log(ℓ)] = 1.97561919511529
 Δlog(ℓ) = 3.20571254969599
 Δβ/SD[β] = 0.134182109690037 0.0412376921600348 -0.00522901157119514 0.0694770763267143 -0.0116640031429376 0.0394646615365021
Maximizing likelihood @ n=256×2555=654080
 SD[log(ℓ)] = 1.40062927007829
 Δlog(ℓ) = -0.32166992351614
 Δβ/SD[β] = 0.0364060717333054 0.0357770364400749 0.000770159640444816 0.0113278871568059 -0.0461365585226978 0.00275042293736381
Maximizing likelihood @ n=512×2555=1308160
 SD[log(ℓ)] = 0.996312563932915
 Δlog(ℓ) = 0.0871307534893617
 Δβ/SD[β] = -0.0013774979688751 0.0184212730443615 0.0132398046388058 0.026517787146588 -0.013059289810869 0.0399707652543976
Maximizing likelihood @ n=1024×2555=2616320
 SD[log(ℓ)] = 0.749614621721455
 Δlog(ℓ) = -0.442475472085277
 Δβ/SD[β] = 0.00222723182336566 -0.00450373217645479 -0.00133483091308292 0.00303198301784351 -0.00080939567506593 -0.00313913321571836
Maximizing likelihood @ n=2048×2555=5232640
 SD[log(ℓ)] = 0.51316113529112
 Δlog(ℓ) = 0.592833358759606
 Δβ/SD[β] = 0 0 0 0 0 0
Maximizing likelihood @ n=4096×2555=10465280
 SD[log(ℓ)] = 0.373276570646537
 Δlog(ℓ) = 0.138828321178039
 Δβ/SD[β] = -0.0208716540271761 0.0145045745648116 0.0146704065373607 0.000311037326575177 0.0111108292982315 0.0471885011019938
Maximizing likelihood @ n=8192×2555=20930560
 SD[log(ℓ)] = 0.260641342602294
 Δlog(ℓ) = 0.27083407268924
 Δβ/SD[β] = 0.067162722919661 0.566424441070369 0.574520562578639 0.0144027247592583 -0.15399166890299 -0.00580798012671745
Calculating Hessian
Starting buffer 1500 
Maximizing likelihood @ n=1×2555=2555
 SD[log(ℓ)] = 13.4605331050522
 Δlog(ℓ) = Inf
 Δβ/SD[β] = 1.4153050456483 0.751351239564714 -0.760688126394048 -2.81273761876606 -18.5622228513345 16.1415371769247
Maximizing likelihood @ n=2×2555=5110
 SD[log(ℓ)] = 10.887606808495
 Δlog(ℓ) = 37.6922176325587
 Δβ/SD[β] = 0.139522137500845 -0.00728325840285257 0.0658351374526911 0.1829520847976 -0.00708143936211892 0.127758895158928
Maximizing likelihood @ n=4×2555=10220
 SD[log(ℓ)] = 8.60633988795133
 Δlog(ℓ) = 37.0203288571288
 Δβ/SD[β] = -0.15600151851302 0.045970589089202 0.0586507787604744 0.102108247797849 0.195525994382583 0.125297788296215
Maximizing likelihood @ n=8×2555=20440
 SD[log(ℓ)] = 6.46038638005433
 Δlog(ℓ) = 9.59769850887636
 Δβ/SD[β] = 0.632334196210823 -0.456159868571526 -1.36079779132474 2.36636577241575 7.65980794987591 2.46400941294358
Maximizing likelihood @ n=16×2555=40880
 SD[log(ℓ)] = 5.06835932207877
 Δlog(ℓ) = 6.99098895318463
 Δβ/SD[β] = 0.0219133103743561 0.0199959597348685 -0.0151236294005755 0.0254367836871683 -0.0548424990224082 0.0348418320152147
Maximizing likelihood @ n=32×2555=81760
 SD[log(ℓ)] = 3.96612697881748
 Δlog(ℓ) = 9.79591525830955
 Δβ/SD[β] = -0.0369210742028663 0.0395622327703832 0.0187742112146545 0.0187337551425293 -0.110765751722886 0.0108157367853886
Maximizing likelihood @ n=64×2555=163520
 SD[log(ℓ)] = 3.02795532122802
 Δlog(ℓ) = 7.36428717285816
 Δβ/SD[β] = -0.0679894469731882 -0.0261848642101871 -0.00858530210852764 -0.0168309649187021 -0.0495610066586457 0.0141370279262682
Maximizing likelihood @ n=128×2555=327040
 SD[log(ℓ)] = 2.21677221149626
 Δlog(ℓ) = 3.04989276096882
 Δβ/SD[β] = 0.07901381109245 0.00436211214599065 0.0138925137684065 0.0584993152894207 -0.0714556760801823 0.0183314655855952
Maximizing likelihood @ n=256×2555=654080
 SD[log(ℓ)] = 1.59445722800469
 Δlog(ℓ) = -0.129522259619819
 Δβ/SD[β] = -0.0515552228562293 0.113196300263911 0.0271192575960143 -0.0134771058130113 -0.108229826004833 -0.0129080905517177
Maximizing likelihood @ n=512×2555=1308160
 SD[log(ℓ)] = 1.11880865282389
 Δlog(ℓ) = 2.09143614906145
 Δβ/SD[β] = -0.291458340208433 -0.301891229213347 -0.409091789151447 -0.0623326071709589 -0.834156256382906 -0.0133725793879737
Maximizing likelihood @ n=1024×2555=2616320
 SD[log(ℓ)] = 0.760852427423027
 Δlog(ℓ) = -0.33655005246294
 Δβ/SD[β] = -0.0053079583414018 -0.00546842398258851 0.0112438641198765 0.00574461919597048 -0.0161163634646458 -0.00159485055180705
Maximizing likelihood @ n=2048×2555=5232640
 SD[log(ℓ)] = 0.534884298345951
 Δlog(ℓ) = -0.110121664326925
 Δβ/SD[β] = -0.0197862043230557 -0.0254002727172564 0.0119387911192702 -0.0320909841132324 -0.0525489699941879 0.015115389997563
Maximizing likelihood @ n=4096×2555=10465280
 SD[log(ℓ)] = 0.373508580722512
 Δlog(ℓ) = -0.114041552283993
 Δβ/SD[β] = 0.0171396048788234 0.102062797636337 0.0734310325149619 -0.111838789991196 -0.197751545114298 -0.124491384812678
Maximizing likelihood @ n=8192×2555=20930560
 SD[log(ℓ)] = 0.263179145773553
 Δlog(ℓ) = -0.192313255675913
 Δβ/SD[β] = -0.0227080040250345 0.00818956465711544 -0.00902123741204091 0.0195615869785745 -0.0139099571053357 -0.0241837552454095
Calculating Hessian
Maximizing likelihood @ n=1×2555=2555
 SD[log(ℓ)] = 13.4470395279598
 Δlog(ℓ) = Inf
 Δβ/SD[β] = 2.32186874405548 0.10062557676256 0.456508011280911 -3.41733667244817 -22.0839623865884 14.5436962640277
Maximizing likelihood @ n=2×2555=5110
 SD[log(ℓ)] = 10.7753968190365
 Δlog(ℓ) = 28.0259143389199
 Δβ/SD[β] = 0.155778993426261 -0.133023690017775 -0.0569256000650997 0.272538853278724 0.0887922338907861 0.108322534461991
Maximizing likelihood @ n=4×2555=10220
 SD[log(ℓ)] = 8.76574032426853
 Δlog(ℓ) = 37.4906453290782
 Δβ/SD[β] = 0.0250850765382162 -0.000184043924924173 -0.051702282444502 0.0208949415435334 0.132411609029492 0.102138250802533
Maximizing likelihood @ n=8×2555=20440
 SD[log(ℓ)] = 6.79478042770292
 Δlog(ℓ) = 25.6358457610319
 Δβ/SD[β] = -0.0408584056667298 0.0663176470010096 -0.0884220859920422 0.148798923253013 0.484424106657935 0.144446014824237
Maximizing likelihood @ n=16×2555=40880
 SD[log(ℓ)] = 4.98909772082362
 Δlog(ℓ) = 4.59929357040329
 Δβ/SD[β] = 0.023400912381963 0.0116060313743988 -0.0302858302153095 0.0436668247704518 0.116791053185 0.023289083626342
Maximizing likelihood @ n=32×2555=81760
 SD[log(ℓ)] = 3.71202800136543
 Δlog(ℓ) = 8.79544050737115
 Δβ/SD[β] = -0.136352924037036 -0.0411813411774123 -0.259986763422702 0.188634669914242 0.317306464320431 0.425588576262281
Maximizing likelihood @ n=64×2555=163520
 SD[log(ℓ)] = 2.78382079544436
 Δlog(ℓ) = 4.97906363723405
 Δβ/SD[β] = 0.0158757483020975 -0.0108344945272782 0.0102744702775604 -0.00325284339277946 -0.00568140811047273 0.0129907702727082
Maximizing likelihood @ n=128×2555=327040
 SD[log(ℓ)] = 2.02358377873768
 Δlog(ℓ) = -1.80010752348613
 Δβ/SD[β] = -7.85887445197559e-05 0.00369930885738955 0.00154372812071906 -0.0120229617919597 0.0116683447219684 -0.00352451773339758
Maximizing likelihood @ n=256×2555=654080
 SD[log(ℓ)] = 1.42838089540271
 Δlog(ℓ) = 1.27835660685554
 Δβ/SD[β] = -1.97953459944535e-09 0.00012530393220804 -0.000468552591596837 0.000176288319228724 0.000798314329181697 0.00231931001268522
Maximizing likelihood @ n=512×2555=1308160
 SD[log(ℓ)] = 1.23223489814618
 Δlog(ℓ) = -2.10514477172518
 Δβ/SD[β] = -0.104127753375654 -0.0287263339548599 -0.364090699728491 -0.00129118864853586 0.352216571273997 -0.142307409799659
Maximizing likelihood @ n=1024×2555=2616320
 SD[log(ℓ)] = 0.815121202316786
 Δlog(ℓ) = -0.795277391339937
 Δβ/SD[β] = -0.000210321138905232 0.00345862767195103 -0.0196887102354668 0.000784454707812858 -0.00346187747334277 0.0565381396124435
Maximizing likelihood @ n=2048×2555=5232640
 SD[log(ℓ)] = 0.556602549294406
 Δlog(ℓ) = 0.528797730046279
 Δβ/SD[β] = 0.00250589392038731 5.71191922431691e-05 -0.000935841050139869 0.00332312111525365 0.00325753620375233 0.0052158995136893
Maximizing likelihood @ n=4096×2555=10465280
 SD[log(ℓ)] = 0.387916961265853
 Δlog(ℓ) = 0.144980521947161
 Δβ/SD[β] = -0.00273503300734877 0.00181654435564552 -0.00974289011724651 0.000359992493565192 0.0101505224557405 0.000139193421418248
Maximizing likelihood @ n=8192×2555=20930560
 SD[log(ℓ)] = 0.26726052172932
 Δlog(ℓ) = 0.347511911556012
 Δβ/SD[β] = 0.453856316915555 0.947004359732998 -2.60100738615025 0.175962453874311 0.721878589067733 0.310119186986743
Calculating Hessian
Maximizing likelihood @ n=1×2555=2555
 SD[log(ℓ)] = 13.2498704893259
 Δlog(ℓ) = Inf
 Δβ/SD[β] = 2.94530780894403 0.0499932168680564 -0.17693817120049 -4.18257612919373 -25.3551198155156 23.2066779146224
Maximizing likelihood @ n=2×2555=5110
 SD[log(ℓ)] = 10.9702067608251
 Δlog(ℓ) = 51.38212740321
 Δβ/SD[β] = -0.0533463763870512 -0.0654436364602011 -0.0935366512965691 0.166039006881127 0.0320455367196164 0.161487949579462
Maximizing likelihood @ n=4×2555=10220
 SD[log(ℓ)] = 8.58959539135818
 Δlog(ℓ) = 25.2539897004856
 Δβ/SD[β] = 0.0251463089050967 -0.0196849674360065 -0.0596670296576824 0.155651902752966 0.00442197056794886 0.0807270636850581
Maximizing likelihood @ n=8×2555=20440
 SD[log(ℓ)] = 6.65913890275262
 Δlog(ℓ) = 16.9033230415558
 Δβ/SD[β] = -0.482161879711834 0.864594649272965 -1.09608797821962 0.65155586461136 0.660304300215484 0.673465733337337
Maximizing likelihood @ n=16×2555=40880
 SD[log(ℓ)] = 5.07409863887326
 Δlog(ℓ) = 12.3436312330571
 Δβ/SD[β] = 0.00249260613921853 0.0233294536656741 -0.0456190008902667 0.0097859872562585 0.103725769148781 0.051086233417413
Maximizing likelihood @ n=32×2555=81760
 SD[log(ℓ)] = 3.7894347500057
 Δlog(ℓ) = 7.54216477967969
 Δβ/SD[β] = 0.0169831383889409 0.206287531274361 0.384414507128317 0.432256967022064 -0.357665816490712 0.271730134287999
Maximizing likelihood @ n=64×2555=163520
 SD[log(ℓ)] = 2.73479903253807
 Δlog(ℓ) = 0.717695733972164
 Δβ/SD[β] = 0.00415497524623219 -0.00513139319751232 0.00095177456509415 0.00406704476482537 -0.00271776404720972 0.00416456164795046
Maximizing likelihood @ n=128×2555=327040
 SD[log(ℓ)] = 1.99210004288865
 Δlog(ℓ) = 3.35011829992737
 Δβ/SD[β] = -0.0231850900538509 -0.0158713432455247 -0.0428149019117064 0.158046300810856 -0.0752063219752517 0.333468298125912
Maximizing likelihood @ n=256×2555=654080
 SD[log(ℓ)] = 1.41253479201677
 Δlog(ℓ) = 2.00753031787929
 Δβ/SD[β] = -0.0116301332440962 0.139817432520769 0.0897041909971929 0.0229187981218039 -0.0657935700091797 0.183569927647329
Maximizing likelihood @ n=512×2555=1308160
 SD[log(ℓ)] = 1.03111848788972
 Δlog(ℓ) = -0.296087672908925
 Δβ/SD[β] = -0.00546590362962255 -0.00535118551938423 -0.00478406628107735 0.00210110138214508 -0.00828124868231134 0.00337823597811524
Maximizing likelihood @ n=1024×2555=2616320
 SD[log(ℓ)] = 0.744206458674199
 Δlog(ℓ) = 0.693506664594679
 Δβ/SD[β] = -0.0151434613182477 0.00465194106129618 -0.018887131571818 0.00389824606142116 -0.0168532957755203 0.0017090393116765
Maximizing likelihood @ n=2048×2555=5232640
 SD[log(ℓ)] = 0.525448411442877
 Δlog(ℓ) = 0.122228892436908
 Δβ/SD[β] = -0.0121654516560835 -0.0175589217042488 -0.0211458124614647 0.0106327144506639 0.00353123003708251 -0.0580784748920301
Maximizing likelihood @ n=4096×2555=10465280
 SD[log(ℓ)] = 0.372748125590045
 Δlog(ℓ) = -0.110715083622949
 Δβ/SD[β] = 0.0333471999418716 -0.0141534457353954 -0.0508605379469718 -0.00196071486989331 -0.117850985769756 -0.0732358985105971
Maximizing likelihood @ n=8192×2555=20930560
 SD[log(ℓ)] = 0.266820784215239
 Δlog(ℓ) = -0.0470663614383398
 Δβ/SD[β] = 0.0174613648591664 0.0154598806379535 0.0176181393347856 -0.00805149859684983 -0.00345890012614845 0.0278414531929656
Calculating Hessian
Maximizing likelihood @ n=1×2555=2555
 SD[log(ℓ)] = 12.8200560492978
 Δlog(ℓ) = Inf
 Δβ/SD[β] = -0.530171544293132 0.0336732390679067 -0.00177947726664683 -0.228296722734819 -0.833917261111622 0.636701813891168
Maximizing likelihood @ n=2×2555=5110
 SD[log(ℓ)] = 10.5201081409563
 Δlog(ℓ) = 54.0631209552998
 Δβ/SD[β] = -0.825602538364326 -0.0662178975420823 0.0475732851686236 0.130465788531706 0.425471398991703 0.195285875859905
Maximizing likelihood @ n=4×2555=10220
 SD[log(ℓ)] = 8.59335963750544
 Δlog(ℓ) = 31.93030613749
 Δβ/SD[β] = -4.5940853119167 -1.17386691493602 0.875110481091879 2.82030796170173 1.11336396924877 2.84867601820921
Maximizing likelihood @ n=8×2555=20440
 SD[log(ℓ)] = 6.56955723638199
 Δlog(ℓ) = 35.677442428283
 Δβ/SD[β] = -0.6266145514929 0.0193793866436942 0.0798417826869966 0.000845624646170317 -0.0863578890475078 0.0306079537825071
Maximizing likelihood @ n=16×2555=40880
 SD[log(ℓ)] = 5.05929602695627
 Δlog(ℓ) = 14.9483327837677
 Δβ/SD[β] = -0.689253918313613 -0.209697801547289 0.122811188361693 0.0262848554413175 0.0645201956559721 0.0134356061743521
Maximizing likelihood @ n=32×2555=81760
 SD[log(ℓ)] = 3.70303125952539
 Δlog(ℓ) = 9.10310211196634
 Δβ/SD[β] = -0.0102152240768147 0.00904208414481149 0.0201879404853834 0.00448372447884786 -0.00850234866748734 0.0198768691290485
Maximizing likelihood @ n=64×2555=163520
 SD[log(ℓ)] = 2.6997137076458
 Δlog(ℓ) = 2.34984835526183
 Δβ/SD[β] = -0.00106350806955738 0.0039271296195817 0.0106826910998033 0.00871671272159144 -0.00710844016729648 0.00938328901361119
Maximizing likelihood @ n=128×2555=327040
 SD[log(ℓ)] = 1.94154266575243
 Δlog(ℓ) = 4.36138684854961
 Δβ/SD[β] = -0.0881259803016693 0.00533268131226982 -0.0466511793123905 0.0368951038302276 0.0320609137313955 0.0189295928966362
Maximizing likelihood @ n=256×2555=654080
 SD[log(ℓ)] = 1.39824905418433
 Δlog(ℓ) = 0.851306745544946
 Δβ/SD[β] = -0.0287563686779165 0.0256344909552196 -0.0344635073993032 -0.00189556311111635 0.00427947969198825 -0.0511292210841059
Maximizing likelihood @ n=512×2555=1308160
 SD[log(ℓ)] = 1.00002433512118
 Δlog(ℓ) = 1.35570523692218
 Δβ/SD[β] = -0.0855743504026836 -0.0389642327983225 -0.0416309917606581 0.0318169823017741 -0.0213600837223257 0.066814315158738
Maximizing likelihood @ n=1024×2555=2616320
 SD[log(ℓ)] = 0.704682992018888
 Δlog(ℓ) = -0.063402884767072
 Δβ/SD[β] = -0.0215044217532743 -0.0153648944929121 0.00331263027294467 -0.00119507419026359 0.00415423741130407 -0.00259700322185216
Maximizing likelihood @ n=2048×2555=5232640
 SD[log(ℓ)] = 0.506190784210949
 Δlog(ℓ) = 0.0192043159748891
 Δβ/SD[β] = -0.00863658904815249 0.00231504870174892 -0.0114168478365948 -0.0213095255044574 -0.00394919532460958 0.00162721182215424
Maximizing likelihood @ n=4096×2555=10465280
 SD[log(ℓ)] = 0.359012021721701
 Δlog(ℓ) = -0.0957200267807821
 Δβ/SD[β] = -0.0215703050692382 0.00835942224451199 -0.00726022541623876 0.00461675571815019 0.00321273978116828 -0.0253570920676576
Maximizing likelihood @ n=8192×2555=20930560
 SD[log(ℓ)] = 0.256747790352192
 Δlog(ℓ) = 0.159371318832882
 Δβ/SD[β] = -0.10169843593957 -0.0926113587212037 -0.0476726780636898 -0.0252200949186807 0.0806063684221468 0.0265093448533288
Calculating Hessian
There were 14 warnings (use warnings() to see them)
Script complete
Thu Nov 14 23:54:48 MST 2024
