Wed Nov 20 19:27:34 MST 2024
Initiating script
── Attaching core tidyverse packages ──────────────────────── tidyverse 2.0.0 ──
✔ dplyr     1.1.4     ✔ readr     2.1.5
✔ forcats   1.0.0     ✔ stringr   1.5.1
✔ ggplot2   3.5.1     ✔ tibble    3.2.1
✔ lubridate 1.9.3     ✔ tidyr     1.3.1
✔ purrr     1.0.2     
── Conflicts ────────────────────────────────────────── tidyverse_conflicts() ──
✖ ggplot2::annotate() masks ctmm::annotate()
✖ dplyr::filter()     masks stats::filter()
✖ dplyr::lag()        masks stats::lag()
ℹ Use the conflicted package (<http://conflicted.r-lib.org/>) to force all conflicts to become errors
Linking to GEOS 3.9.5, GDAL 3.8.5, PROJ 9.4.0; sf_use_s2() is TRUE
Loading required package: sp

Attaching package: ‘raster’

The following object is masked from ‘package:dplyr’:

    select

The following objects are masked from ‘package:ctmm’:

    projection, projection<-

terra 1.7.78

Attaching package: ‘terra’

The following object is masked from ‘package:tidyr’:

    extract

The following objects are masked from ‘package:ctmm’:

    distance, meta

[1] "/home/u15/mmercer3/proj/habitat_analysis_class/Final/Model_Fit_Results/roads_750/Elsie_rr.Rda"
     [,1]                                
[1,] "Data loaded at 2024-11-20 19:27:48"
Default grid size of 40.0277777777778 minutes chosen for bandwidth(...,fast=TRUE).
Some rasters are not loaded in RAM and may be slow to process. See help("raster::readAll").
Maximizing likelihood @ n=1×2474=2474
 SD[log(ℓ)] = 5.16267962414472
 Δlog(ℓ) = Inf
 Δβ/SD[β] = -0.286659387484171 -0.00853329270883879 1.1718086733498 0.0343693624241987 -0.0161929546611358 -1.10705428167189 -0.793618782019441 0.111002110433789
Maximizing likelihood @ n=2×2474=4948
 SD[log(ℓ)] = 5.63950199836622
 Δlog(ℓ) = 39.2862497400435
 Δβ/SD[β] = -12.8025030381182 -0.120762829228951 6.03156938008574 -1.02446831857408 -5.25406947491669 -5.87278051683643 -3.00966311992972 -0.415445673168507
Maximizing likelihood @ n=4×2474=9896
 SD[log(ℓ)] = 4.83530550774709
 Δlog(ℓ) = 16.9137937911101
 Δβ/SD[β] = -2.77542659126161 0.381578076812914 0.052256069544487 0.58640710444704 -0.210190465381786 -0.120982464730406 -0.407599036430822 0.205606158199874
Maximizing likelihood @ n=8×2474=19792
 SD[log(ℓ)] = 3.75158449009374
 Δlog(ℓ) = 7.50493885245083
 Δβ/SD[β] = -0.00261107072177386 -0.049985147742724 0.0495157824307602 0.0222734704340919 -0.0231331412578304 -0.0316622569322193 -0.000936192211865161 0.132535942618116
Maximizing likelihood @ n=16×2474=39584
 SD[log(ℓ)] = 2.80971342500309
 Δlog(ℓ) = 4.87671698784638
 Δβ/SD[β] = -0.0701782508802222 -0.0491360257224618 1.43987644518532e-06 0.0373981842539109 -0.0051320798930792 -0.0610794347838593 0.0765787297449849 0.166876858429374
Maximizing likelihood @ n=32×2474=79168
 SD[log(ℓ)] = 2.07252058294492
 Δlog(ℓ) = 0.265278801290876
 Δβ/SD[β] = -0.00659106062728256 0.0161453681665548 0.0385427268809151 0.10675200825662 0.00909081770141171 -0.012120480261546 -0.138533586645129 0.0725969123120804
Maximizing likelihood @ n=64×2474=158336
 SD[log(ℓ)] = 1.61518264729672
 Δlog(ℓ) = -2.00364483937136
 Δβ/SD[β] = -0.0158071644305393 0.0314012442711597 -0.0123448179352987 0.0826848094540313 0.0177640520218928 0.00399460595782189 0.0219746330159187 -0.0754379858825806
Maximizing likelihood @ n=128×2474=316672
 SD[log(ℓ)] = 1.18052663615799
 Δlog(ℓ) = 1.14732149974216
 Δβ/SD[β] = -0.0158570547455888 -0.00543330910128408 0.0220613935946599 0.0246771353570809 -0.00704163571256775 -0.0356649768668594 -0.00139206836585528 0.0160928057323409
Maximizing likelihood @ n=256×2474=633344
 SD[log(ℓ)] = 0.841653078947911
 Δlog(ℓ) = 0.806214431257217
 Δβ/SD[β] = -0.00677884485503325 -0.00264296465078101 0.00284941177394366 0.0882566246058757 0.0221250583135605 -0.00784772877412828 0.020224955315183 -0.0106431654545736
Maximizing likelihood @ n=512×2474=1266688
 SD[log(ℓ)] = 0.617900967064609
 Δlog(ℓ) = 0.464899553290365
 Δβ/SD[β] = -0.00311671548471027 0.0462028719089969 0.0773494059073421 0.0733269899364073 0.0202925241566596 -0.0347183247338681 -0.0985769429742962 0.0565116168031747
Maximizing likelihood @ n=1024×2474=2533376
 SD[log(ℓ)] = 0.478012624131336
 Δlog(ℓ) = 0.121440465629505
 Δβ/SD[β] = 0.0051092388985587 -0.00172022574700702 0.0117673584414892 0.254655680995927 0.0528105584712693 -0.010901388690105 -0.0244946803807515 -0.0377992738299417
Maximizing likelihood @ n=2048×2474=5066752
 SD[log(ℓ)] = 0.380343501548094
 Δlog(ℓ) = 0.0591077265730604
 Δβ/SD[β] = 0.00957018794851677 0.0147529163349235 0.00129863140103729 0.248623519430809 0.0211676231617617 0.00128246012303964 -0.0121995818534088 -0.00370025133992838
Maximizing likelihood @ n=4096×2474=10133504
 SD[log(ℓ)] = 0.291056895913456
 Δlog(ℓ) = -0.148968366461077
 Δβ/SD[β] = -0.0824552197134797 -0.0194442395367443 -0.0848386686927727 0.935626667842513 -0.00248300140501483 0.0449130216446491 0.121846569982095 0.0130694190805495
Maximizing likelihood @ n=8192×2474=20267008
 SD[log(ℓ)] = 0.197544942071971
 Δlog(ℓ) = 0.0596447193753704
 Δβ/SD[β] = -0.00797065814368182 -0.0357874418182346 0.0109870871716414 0.0685135091434384 -0.0400156781445266 0.0511246629191662 -0.00566144852180825 -0.0222077133611785
Calculating Hessian
Warning message:
In rsf.fit(individual, individual_akde, R = R, max.mem = "2 Gb") :
  Calculation stopped before 2.4 Gb allocation.
Script complete
Wed Nov 20 20:20:00 MST 2024
