Sat Nov 16 03:36:44 MST 2024
Initiating script
── Attaching core tidyverse packages ──────────────────────── tidyverse 2.0.0 ──
✔ dplyr     1.1.4     ✔ readr     2.1.5
✔ forcats   1.0.0     ✔ stringr   1.5.1
✔ ggplot2   3.5.1     ✔ tibble    3.2.1
✔ lubridate 1.9.3     ✔ tidyr     1.3.1
✔ purrr     1.0.2     
── Conflicts ────────────────────────────────────────── tidyverse_conflicts() ──
✖ ggplot2::annotate() masks ctmm::annotate()
✖ dplyr::filter()     masks stats::filter()
✖ dplyr::lag()        masks stats::lag()
ℹ Use the conflicted package (<http://conflicted.r-lib.org/>) to force all conflicts to become errors
Linking to GEOS 3.9.5, GDAL 3.8.5, PROJ 9.4.0; sf_use_s2() is TRUE
Loading required package: sp

Attaching package: ‘raster’

The following object is masked from ‘package:dplyr’:

    select

The following objects are masked from ‘package:ctmm’:

    projection, projection<-

terra 1.7.78

Attaching package: ‘terra’

The following object is masked from ‘package:tidyr’:

    extract

The following objects are masked from ‘package:ctmm’:

    distance, meta

[1] "/home/u15/mmercer3/proj/habitat_analysis_class/Final/Model_Fit_Results/Shannan_rr.Rda"
     [,1]                                
[1,] "Data loaded at 2024-11-16 03:36:54"
Reading layer `major' from data source 
  `/home/u15/mmercer3/proj/habitat_analysis_class/Final/Major_Roads' 
  using driver `ESRI Shapefile'
Simple feature collection with 411 features and 7 fields
Geometry type: LINESTRING
Dimension:     XY
Bounding box:  xmin: 477946 ymin: 3545735 xmax: 511807.9 ymax: 3592212
Projected CRS: WGS 84 / UTM zone 12N
     [,1]                                 
[1,] "Roads loaded at 2024-11-16 03:36:55"
Default grid size of 52.4958333333333 minutes chosen for bandwidth(...,fast=TRUE).
|---------|---------|---------|---------|=========================================                                          [1] 1681968
[1] 1681968
Starting buffer 30 
Maximizing likelihood @ n=1×1333=1333
 SD[log(ℓ)] = 16.0985109616945
 Δlog(ℓ) = Inf
 Δβ/SD[β] = -1.95215407004309 -0.00581731022299578 0.0518232849569564 -1.2703559545014 0.990596820226632 0.0830927830832128
Maximizing likelihood @ n=2×1333=2666
 SD[log(ℓ)] = 14.0617257843482
 Δlog(ℓ) = 78.3711367093312
 Δβ/SD[β] = -6.03830297940326 -0.270298423609822 -1.4467657118384 -0.595238605320974 1.98274695901773 0.830230120032719
Maximizing likelihood @ n=4×1333=5332
 SD[log(ℓ)] = 11.0035893524643
 Δlog(ℓ) = 34.7218625870343
 Δβ/SD[β] = -0.0241001380827292 -0.383717637224225 0.183868258689372 -0.155992440670392 0.190259057126494 0.766031777465866
Maximizing likelihood @ n=8×1333=10664
 SD[log(ℓ)] = 8.47414809866552
 Δlog(ℓ) = 23.4295891009864
 Δβ/SD[β] = -1.08399073769184 -0.0579057952413073 0.0208877702223064 -0.668383330229283 0.91877908564373 -0.265802370360313
Maximizing likelihood @ n=16×1333=21328
 SD[log(ℓ)] = 6.39840651580513
 Δlog(ℓ) = 17.8279939999785
 Δβ/SD[β] = -0.375083409291695 -0.336624468938922 0.0807901324037292 -0.909851350639998 0.614354403487359 0.231862028388574
Maximizing likelihood @ n=32×1333=42656
 SD[log(ℓ)] = 4.83099669403408
 Δlog(ℓ) = 8.60813023863432
 Δβ/SD[β] = -0.0125207703859106 -0.617572651318508 -0.281939937987519 -0.0122638786621969 0.0269627044495758 0.100076379930727
Maximizing likelihood @ n=64×1333=85312
 SD[log(ℓ)] = 3.48158282053348
 Δlog(ℓ) = -0.951298353620132
 Δβ/SD[β] = -0.0797521288299262 -1.01434166751077 -0.334423459930941 -0.00454325530555603 -0.0124856798324535 -0.0610167319918181
Maximizing likelihood @ n=128×1333=170624
 SD[log(ℓ)] = 2.46244633829566
 Δlog(ℓ) = 1.81379359770887
 Δβ/SD[β] = 0.00551221594477477 0.0338407886550002 -0.037525592348754 -0.284633125691696 0.0181204437593946 0.0378643209178526
Maximizing likelihood @ n=256×1333=341248
 SD[log(ℓ)] = 1.7446866292694
 Δlog(ℓ) = -0.086812006652508
 Δβ/SD[β] = 0.0141713659347516 -0.027804306262874 -0.00391636151280878 -0.0269898064703892 0.0559697747130497 -0.0297690651759377
Maximizing likelihood @ n=512×1333=682496
 SD[log(ℓ)] = 1.24816541582621
 Δlog(ℓ) = 1.68175827603704
 Δβ/SD[β] = -0.0211321315493281 -0.0118223796924917 -0.0137958515160125 -0.0553279081177727 0.0315153072669581 0.0228214294522814
Maximizing likelihood @ n=1024×1333=1364992
 SD[log(ℓ)] = 0.896198326121342
 Δlog(ℓ) = 0.444522988282301
 Δβ/SD[β] = -0.106759634173457 -0.141476448141634 -0.117394993323921 0.00898481027623662 -0.0370626286048684 0.10276541401566
Maximizing likelihood @ n=2048×1333=2729984
 SD[log(ℓ)] = 0.690645828829368
 Δlog(ℓ) = -1.04276463336601
 Δβ/SD[β] = 0.0112785350159231 -0.0444726646067813 -0.0316623614004112 0.224826498140595 0.0312029121287248 0.0520777036256972
Maximizing likelihood @ n=4096×1333=5459968
 SD[log(ℓ)] = 0.478926157999964
 Δlog(ℓ) = 0.111243255403224
 Δβ/SD[β] = -0.109669041460059 -0.237858848446456 -0.0156522959802907 -0.0440351635497339 0.0139775877613896 -0.0537357740841881
Maximizing likelihood @ n=8192×1333=10919936
 SD[log(ℓ)] = 0.332363370001884
 Δlog(ℓ) = -0.422374335456254
 Δβ/SD[β] = 0.0274735166803397 -0.0249415986077065 0.00694232458208273 0.037698679056959 -0.0567954032065483 -0.0371956471228168
Maximizing likelihood @ n=16384×1333=21839872
 SD[log(ℓ)] = 0.233572449239451
 Δlog(ℓ) = -0.369170674711143
 Δβ/SD[β] = 0.00138387629673197 -0.0190068217211006 -0.0101979047141064 0.0230225839152636 0.0152526778522659 -0.00882070879757557
Calculating Hessian
Maximizing likelihood @ n=1×1333=1333
 SD[log(ℓ)] = 15.3491841188406
 Δlog(ℓ) = Inf
 Δβ/SD[β] = 0.127639585253958 0.00413771637152847 0.022391175683073 -1.2770808919363 1.05881577941801 0.0678756396764758
Maximizing likelihood @ n=2×1333=2666
 SD[log(ℓ)] = 13.511265345567
 Δlog(ℓ) = 85.3839106095987
 Δβ/SD[β] = 0.721604082144007 0.173774390352702 -0.0543322993357329 -0.318978920745142 0.396166629185174 0.991152623640333
Maximizing likelihood @ n=4×1333=5332
 SD[log(ℓ)] = 10.5072772959684
 Δlog(ℓ) = 34.625650843206
 Δβ/SD[β] = 0.233718841406258 -0.137611529723517 -0.0979042905327581 0.0240027537206834 0.157553686816859 0.0924872465021999
Maximizing likelihood @ n=8×1333=10664
 SD[log(ℓ)] = 7.94734435698268
 Δlog(ℓ) = 16.4874075486388
 Δβ/SD[β] = 0.331932829205416 0.107763402220735 -0.0804522476041711 0.0395460484390519 0.07568600444976 0.356375486383194
Maximizing likelihood @ n=16×1333=21328
 SD[log(ℓ)] = 6.0148770787427
 Δlog(ℓ) = 24.0437225293621
 Δβ/SD[β] = 6.05246476800858 -0.542472905881943 -1.18842769745945 -0.0595518259963601 -0.0012182818183771 0.0677973390348807
Maximizing likelihood @ n=32×1333=42656
 SD[log(ℓ)] = 4.57149675621331
 Δlog(ℓ) = 16.4927347396091
 Δβ/SD[β] = 5.61249648578778 -0.00952908686310684 -0.514685913277085 -0.331242763882165 -0.411998793016373 -0.372196472379892
Maximizing likelihood @ n=64×1333=85312
 SD[log(ℓ)] = 3.40777226754744
 Δlog(ℓ) = 6.86174732986598
 Δβ/SD[β] = 0.192307052957958 -0.096447976216432 0.126840537924848 -0.180790635041817 0.0522660578265044 0.00602554097634953
Maximizing likelihood @ n=128×1333=170624
 SD[log(ℓ)] = 2.46797130240703
 Δlog(ℓ) = 7.60093437311372
 Δβ/SD[β] = 0.049576302954848 -0.0272507604267503 0.0703670197447303 -0.62735240439515 0.24763974307244 -0.287482158051159
Maximizing likelihood @ n=256×1333=341248
 SD[log(ℓ)] = 1.76789782730285
 Δlog(ℓ) = 0.258563511152602
 Δβ/SD[β] = -0.00588635348957317 0.00466677956721026 -0.00530557425925768 -0.0499588346847526 -0.00806870423384802 0.00313333805147618
Maximizing likelihood @ n=512×1333=682496
 SD[log(ℓ)] = 1.26860933486492
 Δlog(ℓ) = 1.61688137816003
 Δβ/SD[β] = 0.0170957538090102 -0.0313836243097371 -0.000253001205427332 -0.0657602089658396 0.0536352605353687 -0.0341563107004735
Maximizing likelihood @ n=1024×1333=1364992
 SD[log(ℓ)] = 0.901253692086211
 Δlog(ℓ) = 0.165986405498984
 Δβ/SD[β] = 0.0238259191883197 -0.0143655489071466 0.000554980560657241 -0.0608067866215115 -0.0225739724597054 -0.00369320517136566
Maximizing likelihood @ n=2048×1333=2729984
 SD[log(ℓ)] = 0.646419549092054
 Δlog(ℓ) = -0.926052810593774
 Δβ/SD[β] = -0.00883949901550316 0.0137803789650391 0.00836676390178024 0.0762631370870306 -0.0165975313608713 0.00961113929525857
Maximizing likelihood @ n=4096×1333=5459968
 SD[log(ℓ)] = 0.463681699108826
 Δlog(ℓ) = -0.0791529375372306
 Δβ/SD[β] = -0.0119050376225371 -0.0573495582390054 -0.0946186247712164 -0.000530315940547884 -0.00544885051264454 -0.165937295989077
Maximizing likelihood @ n=8192×1333=10919936
 SD[log(ℓ)] = 0.326550293519392
 Δlog(ℓ) = -0.189236193834404
 Δβ/SD[β] = 0.00888457803648979 -0.0154429362058049 -0.0012112420273037 0.0317290550002408 -0.0125688514758687 0.0069442808964864
Maximizing likelihood @ n=16384×1333=21839872
 SD[log(ℓ)] = 0.230970017484151
 Δlog(ℓ) = 0.0186174026655976
 Δβ/SD[β] = 0.018329003664069 -0.000205281111649695 -0.00578789451664319 -0.0161502866618624 -0.0022319381693715 -0.0145744787153693
Calculating Hessian
Maximizing likelihood @ n=1×1333=1333
 SD[log(ℓ)] = 15.9887966078943
 Δlog(ℓ) = Inf
 Δβ/SD[β] = -0.343961723320601 0.0621436476410555 -0.0128241307297487 -1.25465081356603 1.09430713497229 0.203517267549493
Maximizing likelihood @ n=2×1333=2666
 SD[log(ℓ)] = 13.1335426925876
 Δlog(ℓ) = 61.1130665158932
 Δβ/SD[β] = -0.458902390914503 -3.29074229621447 -0.865624178058125 0.205299864704273 1.54291831158582 -1.12097211845516
Maximizing likelihood @ n=4×1333=5332
 SD[log(ℓ)] = 10.2734953529547
 Δlog(ℓ) = 38.818431615832
 Δβ/SD[β] = 0.611467590742994 -0.141762299014753 0.0770208633526591 -0.148821579592598 0.148498796113036 0.166609324456818
Maximizing likelihood @ n=8×1333=10664
 SD[log(ℓ)] = 8.00864677410507
 Δlog(ℓ) = 35.5830892522719
 Δβ/SD[β] = -0.251101218610408 -0.979212732375912 -0.861466384440142 -2.14894040166722 0.523387189650688 -0.794922159860916
Maximizing likelihood @ n=16×1333=21328
 SD[log(ℓ)] = 6.04303178809276
 Δlog(ℓ) = 10.9069445138633
 Δβ/SD[β] = -0.00197528306042869 -0.0174426638998078 -0.024771790343026 -0.0976980794966372 0.0217938360547228 -0.0043459976396322
Maximizing likelihood @ n=32×1333=42656
 SD[log(ℓ)] = 4.50977204599252
 Δlog(ℓ) = 3.16907810287915
 Δβ/SD[β] = 0.0341056591262516 0.0150505209924196 0.00611915920628886 -0.00281273449445013 0.0174694926302308 0.18494239799032
Maximizing likelihood @ n=64×1333=85312
 SD[log(ℓ)] = 3.30015307671223
 Δlog(ℓ) = -1.93610870002834
 Δβ/SD[β] = -0.0802979139481515 0.153668669403063 -0.0142692922911003 0.0129688369667289 0.140946916881421 0.311853815491591
Maximizing likelihood @ n=128×1333=170624
 SD[log(ℓ)] = 2.43378143725962
 Δlog(ℓ) = 10.8437262395746
 Δβ/SD[β] = 0.0649147420159227 0.505924611907958 0.0249294809063759 -0.0763098054756179 0.0133758267756967 -0.00411818207724497
Maximizing likelihood @ n=256×1333=341248
 SD[log(ℓ)] = 1.74686947585171
 Δlog(ℓ) = 4.93719994593829
 Δβ/SD[β] = 0.105272731383764 0.0200622875114 0.02279552427979 -0.0338370519040313 0.000859214745177335 0.046197062251639
Maximizing likelihood @ n=512×1333=682496
 SD[log(ℓ)] = 1.25703666412228
 Δlog(ℓ) = 1.97870849892871
 Δβ/SD[β] = 0.180974022036507 0.117239721211313 -0.146510996612576 -0.240255398532513 0.148320622956752 0.110906673708313
Maximizing likelihood @ n=1024×1333=1364992
 SD[log(ℓ)] = 0.869528814026689
 Δlog(ℓ) = -0.238878744187275
 Δβ/SD[β] = 0.0919771369216364 0.0658623866828717 -0.121026242376377 -0.0364166164146979 -0.0153588275745556 -0.0188063850027035
Maximizing likelihood @ n=2048×1333=2729984
 SD[log(ℓ)] = 0.627524446103069
 Δlog(ℓ) = -0.294984582500604
 Δβ/SD[β] = 0.0288363788467742 -0.0249074573079137 -0.0113668253597328 -0.0415127195436189 -0.0409929353569569 -0.00690296623304207
Maximizing likelihood @ n=4096×1333=5459968
 SD[log(ℓ)] = 0.442674216847613
 Δlog(ℓ) = -0.409857716089846
 Δβ/SD[β] = -0.00771848526254496 0.0105992206603477 0.00680752666258945 0.0203448278949937 0.0317358829128126 -0.0121974869255491
Maximizing likelihood @ n=8192×1333=10919936
 SD[log(ℓ)] = 0.313502141699988
 Δlog(ℓ) = -0.536527853494135
 Δβ/SD[β] = 0.00763446624476664 -0.00300890550802058 0.00146696805673302 0.0320690791735157 -0.00877919776008904 -0.000165786448139727
Maximizing likelihood @ n=16384×1333=21839872
 SD[log(ℓ)] = 0.222380518864874
 Δlog(ℓ) = -0.264674142446665
 Δβ/SD[β] = 0 0 0 0 0 0
Calculating Hessian
Maximizing likelihood @ n=1×1333=1333
 SD[log(ℓ)] = 15.8104296995894
 Δlog(ℓ) = Inf
 Δβ/SD[β] = -2.26701661377081 -0.456368153925372 0.664426553270756 -0.977222680796238 1.34669277921573 0.403125595680431
Maximizing likelihood @ n=2×1333=2666
 SD[log(ℓ)] = 13.96950249158
 Δlog(ℓ) = 93.8474902376872
 Δβ/SD[β] = -3.5868826811035 -3.06279388479072 4.1305295873777 -0.766482005902163 4.09424495588148 2.40097941422347
Maximizing likelihood @ n=4×1333=5332
 SD[log(ℓ)] = 11.1663267343266
 Δlog(ℓ) = 47.9115020728942
 Δβ/SD[β] = -3.08319686464666 -2.65634254541126 1.77653195404637 -0.461266302744588 1.93132132948752 1.97453671148645
Maximizing likelihood @ n=8×1333=10664
 SD[log(ℓ)] = 8.57601209969436
 Δlog(ℓ) = 37.8562111352844
 Δβ/SD[β] = -0.108126024739365 -0.127315707704506 0.144927026522915 -0.0321527022199574 0.0753693942778584 0.0824541360998326
Maximizing likelihood @ n=16×1333=21328
 SD[log(ℓ)] = 6.48671563008627
 Δlog(ℓ) = 10.6366910473706
 Δβ/SD[β] = -1.68867607457462 -1.78245300390523 0.965316617824736 1.06134714436991 0.888158015748938 2.1668979813763
Maximizing likelihood @ n=32×1333=42656
 SD[log(ℓ)] = 4.88246568368512
 Δlog(ℓ) = 22.5928572168624
 Δβ/SD[β] = -0.0733780749688835 -0.0865984714419328 0.0768836385915696 -0.0287121323747761 0.0334288739090475 0.0815064059403116
Maximizing likelihood @ n=64×1333=85312
 SD[log(ℓ)] = 3.81838809282929
 Δlog(ℓ) = 1.59043766835254
 Δβ/SD[β] = 0.82012013791697 0.76771405863137 -0.339260584603216 -0.0210177032283477 0.206331607373467 -0.376348653540504
Maximizing likelihood @ n=128×1333=170624
 SD[log(ℓ)] = 2.94446739838432
 Δlog(ℓ) = 5.34346907931791
 Δβ/SD[β] = -0.191700586310567 -0.156166621513378 0.266048768331269 -0.0085187762478384 0.0541439471093486 0.360108774403273
Maximizing likelihood @ n=256×1333=341248
 SD[log(ℓ)] = 2.09332053945082
 Δlog(ℓ) = 2.03135442006948
 Δβ/SD[β] = -0.569338999623848 -0.559323663820452 0.462805575813148 -0.0439318922398615 0.0907333286533169 0.490179308606891
Maximizing likelihood @ n=512×1333=682496
 SD[log(ℓ)] = 1.45493720644856
 Δlog(ℓ) = 2.92099198332272
 Δβ/SD[β] = -0.521686648590279 -0.501628719677339 0.130024230016211 -0.280704937768813 0.0638585311102331 0.25181009179822
Maximizing likelihood @ n=1024×1333=1364992
 SD[log(ℓ)] = 1.00636223041327
 Δlog(ℓ) = 1.70895628228794
 Δβ/SD[β] = -0.149937874188341 -0.185774440046562 0.058651809589043 0.0185014197698717 -0.0207940575032297 0.250481359828363
Maximizing likelihood @ n=2048×1333=2729984
 SD[log(ℓ)] = 0.84125836193736
 Δlog(ℓ) = -1.20968392184881
 Δβ/SD[β] = 0.0759341673793376 0.132314532532401 0.0114585731134326 -0.0892062283177016 0.165263405292922 -0.0150241045234012
Maximizing likelihood @ n=4096×1333=5459968
 SD[log(ℓ)] = 0.628441444377984
 Δlog(ℓ) = -1.04496426993842
 Δβ/SD[β] = 0.132405541604308 0.131857332454452 -0.0602017883673653 0.0291079291279262 -0.0598443670685319 -0.15334205811059
Maximizing likelihood @ n=8192×1333=10919936
 SD[log(ℓ)] = 0.422295203652156
 Δlog(ℓ) = 0.220378439906995
 Δβ/SD[β] = -0.0233712773130821 0.00291883299388017 -0.011154524567968 0.00410688884184926 -0.00629202731518899 -0.0106005794913856
Maximizing likelihood @ n=16384×1333=21839872
 SD[log(ℓ)] = 0.325194734337439
 Δlog(ℓ) = -0.473137681556295
 Δβ/SD[β] = 0.0116873690663406 -0.018094729831839 -0.00247406287636882 -0.000637876635351539 4.99566704246595e-05 -0.0107042996773101
Calculating Hessian
Starting buffer 750 
Maximizing likelihood @ n=1×1333=1333
 SD[log(ℓ)] = 15.4149636389081
 Δlog(ℓ) = Inf
 Δβ/SD[β] = 0.306556562344165 0.014647857985622 -0.00559654058396127 -1.253455738816 1.01055092952973 0.0323892683458705
Maximizing likelihood @ n=2×1333=2666
 SD[log(ℓ)] = 12.7827090331288
 Δlog(ℓ) = 57.4273165411794
 Δβ/SD[β] = 0.0870876652063126 -0.160392864291125 -0.0706698105416472 -0.0854590769518329 0.369644322396789 -0.0432294688563597
Maximizing likelihood @ n=4×1333=5332
 SD[log(ℓ)] = 10.1444946253442
 Δlog(ℓ) = 52.0664611367047
 Δβ/SD[β] = -0.22370042144898 -0.246090790050143 -0.151695799107785 -0.228277880735079 0.158320088217714 -0.339336769736598
Maximizing likelihood @ n=8×1333=10664
 SD[log(ℓ)] = 7.75915208438561
 Δlog(ℓ) = 19.2108555682802
 Δβ/SD[β] = -0.0283153004786617 -0.00949815542808614 0.0408690570072916 -0.0455918088702234 0.0900809594104071 0.0623922862345232
Maximizing likelihood @ n=16×1333=21328
 SD[log(ℓ)] = 5.92839008798681
 Δlog(ℓ) = 27.3308733317349
 Δβ/SD[β] = -0.408661133567245 -0.280445492943971 -0.0166468650355716 -0.101423403989973 0.0429904608314351 1.14158138483232
Maximizing likelihood @ n=32×1333=42656
 SD[log(ℓ)] = 4.33239303524239
 Δlog(ℓ) = 0.856156808880939
 Δβ/SD[β] = -0.0578078489223764 0.0262424712769531 0.0487537340342021 -0.0272980890212731 0.0184569181431255 0.183453733795037
Maximizing likelihood @ n=64×1333=85312
 SD[log(ℓ)] = 3.21800063939868
 Δlog(ℓ) = 12.8128309866685
 Δβ/SD[β] = -0.0678975003041286 0.22937919198151 0.178226741956247 -0.0748910210243265 0.0212737903854294 0.679035770613656
Maximizing likelihood @ n=128×1333=170624
 SD[log(ℓ)] = 2.3508239322294
 Δlog(ℓ) = 4.59492968525205
 Δβ/SD[β] = -0.055746999497386 -0.100883346050684 -0.412739179488438 0.380914588411371 0.234206426823705 2.04476330588993
Maximizing likelihood @ n=256×1333=341248
 SD[log(ℓ)] = 1.68490540967108
 Δlog(ℓ) = 0.89254977529589
 Δβ/SD[β] = 0.0309691468337125 0.0381155379059675 0.082122019009669 -0.107544905400799 0.066803878072026 0.21681129004233
Maximizing likelihood @ n=512×1333=682496
 SD[log(ℓ)] = 1.24531580626049
 Δlog(ℓ) = 1.59497539280864
 Δβ/SD[β] = 0.0115499517151441 0.0399482517138018 -0.0377145694475403 -0.0745211563572289 0.0066269245172718 0.00158712642013749
Maximizing likelihood @ n=1024×1333=1364992
 SD[log(ℓ)] = 0.884715453333013
 Δlog(ℓ) = 0.887114625873664
 Δβ/SD[β] = -0.0405577787749647 0.0757600164954089 -0.0383087925884951 0.00414075251560261 0.0141064866979388 0.115441009879257
Maximizing likelihood @ n=2048×1333=2729984
 SD[log(ℓ)] = 0.634502260696106
 Δlog(ℓ) = 1.15925767782159
 Δβ/SD[β] = -0.00203925396869845 -0.00132046989842859 -0.00181214265770427 -0.00920066899194707 0.00501279958159535 0.00254358413431316
Maximizing likelihood @ n=4096×1333=5459968
 SD[log(ℓ)] = 0.443309941371218
 Δlog(ℓ) = 0.630205691430433
 Δβ/SD[β] = 0.00117265510806762 0.000770936843716765 -0.00294992854919062 -0.045068579035478 -0.0183584694949249 0.0222282371046996
Maximizing likelihood @ n=8192×1333=10919936
 SD[log(ℓ)] = 0.315907209085741
 Δlog(ℓ) = -0.477342477176592
 Δβ/SD[β] = -0.0189944203899454 0.00741538453383829 0.0160453494892976 0.0549132804171946 -0.020401994314281 0.02032382369609
Maximizing likelihood @ n=16384×1333=21839872
 SD[log(ℓ)] = 0.223835936050785
 Δlog(ℓ) = -0.0397512424416391
 Δβ/SD[β] = 0.0440694756611811 0.067318376363769 0.0217521227383395 -0.0412202727058532 0.0476258688293264 0.0968243650226046
Calculating Hessian
Maximizing likelihood @ n=1×1333=1333
 SD[log(ℓ)] = 15.9708810950546
 Δlog(ℓ) = Inf
 Δβ/SD[β] = 4.27962580111435 -1.73434383108574 -0.381423389200319 -51.7614145594235 7.48609236813079 2.34404576787224
Maximizing likelihood @ n=2×1333=2666
 SD[log(ℓ)] = 14.0281972309302
 Δlog(ℓ) = 97.8908386718479
 Δβ/SD[β] = -0.408183478273565 -0.0144640090724076 -0.0600322418398066 -0.388278319538498 0.362578239709136 0.257628713021429
Maximizing likelihood @ n=4×1333=5332
 SD[log(ℓ)] = 10.6713011558157
 Δlog(ℓ) = 22.6714419486346
 Δβ/SD[β] = -0.156622189046601 -0.101538457229216 -0.112192646477459 0.0712714217614811 0.130908993760633 -0.0606268753767122
Maximizing likelihood @ n=8×1333=10664
 SD[log(ℓ)] = 8.16895890403041
 Δlog(ℓ) = 12.6655403234165
 Δβ/SD[β] = -0.121075760303206 0.402064592751558 -0.19894038180253 0.0970583241197547 0.0859934509472171 0.580678021941686
Maximizing likelihood @ n=16×1333=21328
 SD[log(ℓ)] = 6.01913647047586
 Δlog(ℓ) = 14.2864784739535
 Δβ/SD[β] = -0.278317401231646 1.86447384106703 0.43066144921432 -0.68261503563961 0.750837857647106 0.455891639593384
Maximizing likelihood @ n=32×1333=42656
 SD[log(ℓ)] = 4.43300456635301
 Δlog(ℓ) = 3.69260717466972
 Δβ/SD[β] = 0.00512039565225705 0.0714540728507936 -0.0915862146796187 -0.302483159352548 0.304346699189976 -0.108145016482466
Maximizing likelihood @ n=64×1333=85312
 SD[log(ℓ)] = 3.27736314240652
 Δlog(ℓ) = 4.30577094355903
 Δβ/SD[β] = -0.0543640047611649 0.1156613795932 -0.0274510211553885 -0.189001637423353 0.100339204237519 -0.144946597624603
Maximizing likelihood @ n=128×1333=170624
 SD[log(ℓ)] = 2.36693475481067
 Δlog(ℓ) = 2.09989496590003
 Δβ/SD[β] = -0.0250519150039508 -0.00131046512011568 -0.0238284290620029 -0.404886290962789 0.155208567822509 -0.0956033497793652
Maximizing likelihood @ n=256×1333=341248
 SD[log(ℓ)] = 1.72509069597593
 Δlog(ℓ) = 1.19979457618194
 Δβ/SD[β] = 0 0 0 0 0 0
Maximizing likelihood @ n=512×1333=682496
 SD[log(ℓ)] = 1.26146247536206
 Δlog(ℓ) = 0.411533798217022
 Δβ/SD[β] = -0.0249476725947868 0.0110425527494946 0.025218842676722 0.0802749623969102 0.00688661435564402 -0.00723998034399976
Maximizing likelihood @ n=1024×1333=1364992
 SD[log(ℓ)] = 0.884922040191839
 Δlog(ℓ) = 1.32404162362559
 Δβ/SD[β] = 0.000100302290380441 0.019648155339752 -0.013171508294038 -0.0156423307070752 -0.00065393732673888 0.0202083066312282
Maximizing likelihood @ n=2048×1333=2729984
 SD[log(ℓ)] = 0.619374078371891
 Δlog(ℓ) = 0.650615673765458
 Δβ/SD[β] = 0.0232632529852631 0.0254393497036398 -0.0246746520800948 -0.0518851214697935 0.0520960552152612 -0.02630524733983
Maximizing likelihood @ n=4096×1333=5459968
 SD[log(ℓ)] = 0.444935160220364
 Δlog(ℓ) = 0.309073190167794
 Δβ/SD[β] = 0 0 0 0 0 0
Maximizing likelihood @ n=8192×1333=10919936
 SD[log(ℓ)] = 0.315579412118041
 Δlog(ℓ) = 0.157251452309993
 Δβ/SD[β] = -0.000544875538691141 0.00288067711307518 0.00468078434234353 0.0309421837151073 -0.0156641135799423 -0.00983690453076207
Maximizing likelihood @ n=16384×1333=21839872
 SD[log(ℓ)] = 0.223630433202262
 Δlog(ℓ) = 0.0821690483933821
 Δβ/SD[β] = 0.0318816590201901 0.0533524572660708 -0.0384270868036888 -0.029363440832867 0.0172778783061768 0.0489857093378356
Calculating Hessian
Maximizing likelihood @ n=1×1333=1333
 SD[log(ℓ)] = 14.8315032822338
 Δlog(ℓ) = Inf
 Δβ/SD[β] = 0.254019324941795 -0.00170201773151847 -0.00287858625346917 -1.23632130633652 0.966474601076579 0.0402555087856694
Maximizing likelihood @ n=2×1333=2666
 SD[log(ℓ)] = 12.9859385413795
 Δlog(ℓ) = 68.562391279467
 Δβ/SD[β] = -0.20363284839162 -0.201009936307329 0.627338627832175 -0.141312226054992 0.447068218493805 1.42523777379652
Maximizing likelihood @ n=4×1333=5332
 SD[log(ℓ)] = 10.3208075365665
 Δlog(ℓ) = 49.5387213046434
 Δβ/SD[β] = -0.134934391704033 0.457653207726478 -0.529824068648566 -1.1536859318828 2.17890049174138 0.769889714957292
Maximizing likelihood @ n=8×1333=10664
 SD[log(ℓ)] = 7.91722961712403
 Δlog(ℓ) = 28.1181815427536
 Δβ/SD[β] = 0.016580627431297 0.00130758877203955 -0.00239071789073214 -0.100024117823546 0.0654871831982346 0.0554712544751243
Maximizing likelihood @ n=16×1333=21328
 SD[log(ℓ)] = 5.91784079194063
 Δlog(ℓ) = 10.6521042868921
 Δβ/SD[β] = 0.174927764183367 -0.203074037776504 -0.128053983926921 -0.704256339326287 0.359905507652044 0.595799680020424
Maximizing likelihood @ n=32×1333=42656
 SD[log(ℓ)] = 4.51868441473172
 Δlog(ℓ) = 18.3692788050989
 Δβ/SD[β] = 0.0648363050727264 -0.0630373538319577 -0.294330689090292 -0.898422516305582 0.253109896611547 0.16522555759678
Maximizing likelihood @ n=64×1333=85312
 SD[log(ℓ)] = 3.29104222775841
 Δlog(ℓ) = 2.81442293976238
 Δβ/SD[β] = -0.0590997956182952 0.394170113965891 -0.0375807147271101 -0.523966795891885 0.254359256718231 -0.386568935764534
Maximizing likelihood @ n=128×1333=170624
 SD[log(ℓ)] = 2.38279823173869
 Δlog(ℓ) = 1.83961420664048
 Δβ/SD[β] = -0.0856076817801786 -0.0149669761108415 0.0101178814608618 -0.258520263855939 -0.0193619238570006 0.14652692209162
Maximizing likelihood @ n=256×1333=341248
 SD[log(ℓ)] = 1.73354251924178
 Δlog(ℓ) = -0.595543913780887
 Δβ/SD[β] = 0.0133497843055113 -0.0103749936337643 0.0020696674907419 -0.0223739924708535 0.0629845225893415 -0.034369258234797
Maximizing likelihood @ n=512×1333=682496
 SD[log(ℓ)] = 1.22807472242156
 Δlog(ℓ) = -0.333330917338458
 Δβ/SD[β] = -0.0294029002926872 0.0169829886174247 -0.0142692587279212 -0.0801088319872296 -0.0162481231909483 0.0173564244761731
Maximizing likelihood @ n=1024×1333=1364992
 SD[log(ℓ)] = 0.880488079577785
 Δlog(ℓ) = -0.0477059094083074
 Δβ/SD[β] = -0.0472015122664428 -0.0202666731413822 0.0167285863408543 0.0786486463458945 0.0241344624353749 0.0232128301315341
Maximizing likelihood @ n=2048×1333=2729984
 SD[log(ℓ)] = 0.633860520440568
 Δlog(ℓ) = 1.3605823069056
 Δβ/SD[β] = -0.00870544762937727 -0.00812623420500222 0.0644328064812698 -0.0930079273367569 -0.0241731924990127 0.123955341717598
Maximizing likelihood @ n=4096×1333=5459968
 SD[log(ℓ)] = 0.45450914091524
 Δlog(ℓ) = 0.507080368439347
 Δβ/SD[β] = -0.000697709424182986 -0.00208875567196077 -0.00920586543388269 -0.0372103674125738 0.043951309030361 0.0115898329236644
Maximizing likelihood @ n=8192×1333=10919936
 SD[log(ℓ)] = 0.316933296006831
 Δlog(ℓ) = 0.545930805807529
 Δβ/SD[β] = -0.0059368677183603 -0.00620161902006035 -0.00857256222852123 -0.0221609915851635 0.0225933519139478 0.0269090759497256
Maximizing likelihood @ n=16384×1333=21839872
 SD[log(ℓ)] = 0.222908658239014
 Δlog(ℓ) = -0.101778893064647
 Δβ/SD[β] = -0.00999141336400035 0.0073312843756929 -0.0118987829521536 0.0121189471867744 -0.030947381560051 0.0385925886236479
Calculating Hessian
Maximizing likelihood @ n=1×1333=1333
 SD[log(ℓ)] = 17.0073551528883
 Δlog(ℓ) = Inf
 Δβ/SD[β] = -2.68484088751807 -0.619647909750075 0.900039471301388 -1.09162566239838 1.40163292145458 0.520042414269821
Maximizing likelihood @ n=2×1333=2666
 SD[log(ℓ)] = 14.4259329836618
 Δlog(ℓ) = 66.3327017364044
 Δβ/SD[β] = -0.290833802485285 -0.291794091006346 0.317099048003345 0.467929829473574 0.37634991111062 0.210687710322248
Maximizing likelihood @ n=4×1333=5332
 SD[log(ℓ)] = 11.5831110123515
 Δlog(ℓ) = 56.565698742818
 Δβ/SD[β] = -2.4055710905464 -1.90401544439243 2.31132429819411 0.852379117944923 2.48520096628196 2.72295287379046
Maximizing likelihood @ n=8×1333=10664
 SD[log(ℓ)] = 8.96606021746663
 Δlog(ℓ) = 27.5899591205225
 Δβ/SD[β] = -0.133813413954389 -0.114338898460323 0.100336319060653 0.119355987540427 0.0729223818335865 0.0896275656418563
Maximizing likelihood @ n=16×1333=21328
 SD[log(ℓ)] = 6.77385927033518
 Δlog(ℓ) = 13.0926416036063
 Δβ/SD[β] = -0.313047197675622 -0.279052132339068 -0.494447890391348 0.279678785470305 0.819729560259901 -0.616817966358329
Maximizing likelihood @ n=32×1333=42656
 SD[log(ℓ)] = 5.0471571985341
 Δlog(ℓ) = 8.2785579027489
 Δβ/SD[β] = -0.0188895716101519 -0.0279838135631971 0.0227075867788358 0.0170218168886691 0.0234642851658963 0.0026160317958321
Maximizing likelihood @ n=64×1333=85312
 SD[log(ℓ)] = 4.32752957792851
 Δlog(ℓ) = -18.2308989732861
 Δβ/SD[β] = 0.21972863833368 0.249652252055969 -0.213010545812046 0.310403705109439 -0.0498753485398751 -0.161193998848331
Maximizing likelihood @ n=128×1333=170624
 SD[log(ℓ)] = 3.465818171038
 Δlog(ℓ) = 8.77085579627089
 Δβ/SD[β] = -1.84048839796473 -2.15913388445783 1.23860134350973 0.0931605754540276 0.324403030086747 0.726645551639004
Maximizing likelihood @ n=256×1333=341248
 SD[log(ℓ)] = 2.78825601469444
 Δlog(ℓ) = 0.667765576495469
 Δβ/SD[β] = -0.590114137565842 -0.597026367276483 0.273176448155078 -0.371919060147702 0.185265376660984 0.0750003959728256
Maximizing likelihood @ n=512×1333=682496
 SD[log(ℓ)] = 2.14537442859312
 Δlog(ℓ) = 4.25738891921981
 Δβ/SD[β] = -1.37061299085208 -1.48825602620216 0.82091342891211 0.167454209857 0.152338513619037 0.791398186067399
Maximizing likelihood @ n=1024×1333=1364992
 SD[log(ℓ)] = 1.54922847391305
 Δlog(ℓ) = 3.73125595925296
 Δβ/SD[β] = -0.0382764838501705 -0.0452911070563576 0.0257931230551868 0.0512973438064433 0.0020690305516478 0.0417252421885328
Maximizing likelihood @ n=2048×1333=2729984
 SD[log(ℓ)] = 1.07123123082596
 Δlog(ℓ) = 0.654708968316129
 Δβ/SD[β] = -0.36436775117962 -0.398120850668719 0.341231924162854 -0.0466953439990339 0.0892386820771198 0.0967520250602406
Maximizing likelihood @ n=4096×1333=5459968
 SD[log(ℓ)] = 0.734219326870236
 Δlog(ℓ) = 1.57538826927146
 Δβ/SD[β] = -0.0128122222796809 -0.0136502950891563 0.0132072253806948 0.00822655865333309 0.00462258125129392 0.01245065305689
Maximizing likelihood @ n=8192×1333=10919936
 SD[log(ℓ)] = 0.68903072804224
 Δlog(ℓ) = -0.692658136258217
 Δβ/SD[β] = 0.0615656198303507 0.0942069574597234 -0.0350802976102868 0.0769528976472479 0.0815504961614285 -0.0873281870273815
Maximizing likelihood @ n=16384×1333=21839872
 SD[log(ℓ)] = 0.595242243253863
 Δlog(ℓ) = -0.678057584729288
 Δβ/SD[β] = 0.250008064406086 0.23297972767267 -0.243878581068416 -0.16161921651521 0.0196404395327256 -0.338425097898478
Calculating Hessian
Starting buffer 1500 
Maximizing likelihood @ n=1×1333=1333
 SD[log(ℓ)] = 16.5218269111364
 Δlog(ℓ) = Inf
 Δβ/SD[β] = -4.09268788592039 0.716866361908174 -1.75601312238584 -52.4071919413208 13.3574083257261 2.49864067230087
Maximizing likelihood @ n=2×1333=2666
 SD[log(ℓ)] = 14.2122218299237
 Δlog(ℓ) = 93.2844600578129
 Δβ/SD[β] = -0.417288162698767 -0.116334154344955 0.267480334533739 -0.268166220213654 0.40165490142019 0.521070163759731
Maximizing likelihood @ n=4×1333=5332
 SD[log(ℓ)] = 10.8250200924562
 Δlog(ℓ) = 25.1475412462921
 Δβ/SD[β] = 0.207838048019947 0.117893123398418 0.402298527085873 -0.292725410558928 1.63292177977507 1.35474476065635
Maximizing likelihood @ n=8×1333=10664
 SD[log(ℓ)] = 8.01401417627295
 Δlog(ℓ) = 5.69729975039479
 Δβ/SD[β] = -0.136991797234618 -0.140456947305804 0.0294754372746617 -0.270767766027269 0.430662914155262 0.553380374340702
Maximizing likelihood @ n=16×1333=21328
 SD[log(ℓ)] = 5.92467380910156
 Δlog(ℓ) = 6.53321480115778
 Δβ/SD[β] = 0.0175810392401151 -0.00372210726726503 0.00268168792666851 0.0470191863195211 0.0558006715222792 -0.0111275655136266
Maximizing likelihood @ n=32×1333=42656
 SD[log(ℓ)] = 4.43868145463443
 Δlog(ℓ) = 9.66920751706078
 Δβ/SD[β] = -0.0482441955958006 -0.0611580132834236 0.094347691425227 -0.120768796357302 0.0157080274302411 -0.113294323031283
Maximizing likelihood @ n=64×1333=85312
 SD[log(ℓ)] = 3.239930949346
 Δlog(ℓ) = 2.50239513390983
 Δβ/SD[β] = -0.0477869639447445 0.0953796717097485 -0.028165794395579 -0.614203546603399 0.092139667782635 -0.114725488293324
Maximizing likelihood @ n=128×1333=170624
 SD[log(ℓ)] = 2.33412973953636
 Δlog(ℓ) = 3.26956708072487
 Δβ/SD[β] = -0.0114968001562116 -0.10827292485649 0.120921780292485 -0.294712921453503 0.0237218238695278 -0.059284554801241
Maximizing likelihood @ n=256×1333=341248
 SD[log(ℓ)] = 1.67514092528265
 Δlog(ℓ) = 2.09209008218835
 Δβ/SD[β] = 0.0444102399004316 -0.0540196107888159 0.0479619737128182 -0.160193654312147 -0.011631213415109 -0.0516705110865797
Maximizing likelihood @ n=512×1333=682496
 SD[log(ℓ)] = 1.2197682117713
 Δlog(ℓ) = 2.7453746825592
 Δβ/SD[β] = -2.07102900893056e-06 -0.000288285556867619 0.000777378563297842 -0.0150682351952207 0.00615285252076369 -0.000553242887708789
Maximizing likelihood @ n=1024×1333=1364992
 SD[log(ℓ)] = 0.869722987639713
 Δlog(ℓ) = -0.0888787688857064
 Δβ/SD[β] = 0.000743599094057562 -0.00790653374640722 0.00120126314725944 0.0242873430018711 -0.00488760452164001 -0.00326894967591299
Maximizing likelihood @ n=2048×1333=2729984
 SD[log(ℓ)] = 0.621390434220952
 Δlog(ℓ) = -0.19455993777018
 Δβ/SD[β] = -0.00217213095862305 0.0648932372392121 0.0818798776972968 -0.0520859136731365 -0.0271647622534787 -0.0562445281737642
Maximizing likelihood @ n=4096×1333=5459968
 SD[log(ℓ)] = 0.44335739932221
 Δlog(ℓ) = 0.377369523444429
 Δβ/SD[β] = -0.00232333501447344 -0.0109624628414589 0.0071718658914584 0.0302774501367241 0.0363297745858976 0.0156594231615315
Maximizing likelihood @ n=8192×1333=10919936
 SD[log(ℓ)] = 0.318769700311134
 Δlog(ℓ) = -0.142939511404791
 Δβ/SD[β] = 0.00463348918804505 -0.0118976745522952 0.040191245758856 -0.0238402890173754 0.00339649728025906 -0.0163092930511219
Maximizing likelihood @ n=16384×1333=21839872
 SD[log(ℓ)] = 0.223711857739933
 Δlog(ℓ) = 0.216415843177515
 Δβ/SD[β] = 0.0105385259227617 -0.0072391042332891 0.0251116933543736 0.0156447382968984 0.00332076465459589 -0.00329903583338461
Calculating Hessian
Maximizing likelihood @ n=1×1333=1333
 SD[log(ℓ)] = 15.2732133345558
 Δlog(ℓ) = Inf
 Δβ/SD[β] = -0.575808997001141 0.0258977875032464 -0.0416763374868622 -1.25369236682275 0.920649323310751 0.055044639916811
Maximizing likelihood @ n=2×1333=2666
 SD[log(ℓ)] = 12.9801478816496
 Δlog(ℓ) = 67.6107562083558
 Δβ/SD[β] = -0.361573676752252 -1.22722653892127 -0.422715135508131 0.0940513235890507 0.436216154376071 1.58534433865911
Maximizing likelihood @ n=4×1333=5332
 SD[log(ℓ)] = 10.1709348932083
 Δlog(ℓ) = 45.5173612360488
 Δβ/SD[β] = 0.177524840561756 -0.0342906189258341 -0.453980075017911 -0.200943776697736 0.159422226645416 0.45238292779214
Maximizing likelihood @ n=8×1333=10664
 SD[log(ℓ)] = 7.85607549486548
 Δlog(ℓ) = 27.8644226005729
 Δβ/SD[β] = 0.217174909055718 -0.270719411686649 0.5381454271666 -1.89788272065714 1.58035522651781 -0.0427182777713979
Maximizing likelihood @ n=16×1333=21328
 SD[log(ℓ)] = 5.98836943362398
 Δlog(ℓ) = 21.8259388634753
 Δβ/SD[β] = 0.182481772038349 0.0955115451476803 0.0983203488196 -0.16097354150543 0.0421369869709143 -0.0513990071964473
Maximizing likelihood @ n=32×1333=42656
 SD[log(ℓ)] = 4.50857874616849
 Δlog(ℓ) = 8.63516848092223
 Δβ/SD[β] = -0.0710314078156133 -0.0624093452637205 0.0314978166612255 -0.152038856721634 0.1836314219091 0.14998636693707
Maximizing likelihood @ n=64×1333=85312
 SD[log(ℓ)] = 3.37171444723987
 Δlog(ℓ) = 4.71293665108493
 Δβ/SD[β] = 0.119620612196674 0.119848696153405 0.0652686415943254 -0.1910063325694 0.262540083501401 -0.277580926409528
Maximizing likelihood @ n=128×1333=170624
 SD[log(ℓ)] = 2.49740563997684
 Δlog(ℓ) = 2.52814675632243
 Δβ/SD[β] = -0.0236098152431564 0.278376862145811 0.20640874599161 -0.0452822363968548 0.00218400266866053 -0.0842789910695778
Maximizing likelihood @ n=256×1333=341248
 SD[log(ℓ)] = 1.8323062453783
 Δlog(ℓ) = 0.744426862820262
 Δβ/SD[β] = 1.14693316799827e-06 0.000467604070902605 0.000155692855685013 -0.00878460245060327 2.73438345280401e-06 0.00529165272939734
Maximizing likelihood @ n=512×1333=682496
 SD[log(ℓ)] = 1.27334176519019
 Δlog(ℓ) = 0.573971571899506
 Δβ/SD[β] = -0.138998470160122 0.198501338872223 0.0226746939313128 -0.182167324062771 0.0944718644393224 0.374178764321028
Maximizing likelihood @ n=1024×1333=1364992
 SD[log(ℓ)] = 0.880719391668661
 Δlog(ℓ) = -0.34800288482387
 Δβ/SD[β] = 0.0154092463944442 0.0467861769340227 -0.0166304378409577 -0.0202294915467537 -0.108064492832977 0.0751966882478926
Maximizing likelihood @ n=2048×1333=2729984
 SD[log(ℓ)] = 0.620376399332738
 Δlog(ℓ) = 0.195725751508576
 Δβ/SD[β] = -0.00833746957977617 -0.0235311944075825 0.0307227934954046 -0.0713968611438408 0.0199121893150845 0.0247569386707547
Maximizing likelihood @ n=4096×1333=5459968
 SD[log(ℓ)] = 0.441762922219242
 Δlog(ℓ) = -0.608317457642613
 Δβ/SD[β] = 0.0147305799540558 0.0292870865180646 0.0109416734974663 0.0193515646736129 -0.0402331171304074 0.0296167712330926
Maximizing likelihood @ n=8192×1333=10919936
 SD[log(ℓ)] = 0.311066211875219
 Δlog(ℓ) = 0.154009754091135
 Δβ/SD[β] = -0.0307374875383629 -0.0293937769090767 -0.0214668924514182 0.0273441684295296 0.0354074150077665 0.0390072673854876
Maximizing likelihood @ n=16384×1333=21839872
 SD[log(ℓ)] = 0.221766408303871
 Δlog(ℓ) = -0.283940281430546
 Δβ/SD[β] = -0.00599356863703544 0.0140390735668064 -0.0120424509958254 -0.0165124224348149 -0.0184742324964941 0.0393482470468405
Calculating Hessian
Maximizing likelihood @ n=1×1333=1333
 SD[log(ℓ)] = 14.6837045121438
 Δlog(ℓ) = Inf
 Δβ/SD[β] = -0.87669224385571 -0.544146490986389 0.393965651607893 -51.0437675936451 6.61383712516854 1.45947120284782
Maximizing likelihood @ n=2×1333=2666
 SD[log(ℓ)] = 12.5054105576912
 Δlog(ℓ) = 75.1843618499391
 Δβ/SD[β] = -0.232871462431405 -0.182785499909971 0.412431054305101 -0.380249162143967 0.362232208916753 -0.171950920437442
Maximizing likelihood @ n=4×1333=5332
 SD[log(ℓ)] = 10.2830628383305
 Δlog(ℓ) = 57.1650610109565
 Δβ/SD[β] = 0.174235436909865 0.0424451083119299 -0.227029065400523 -0.21491329981025 0.20222104035701 0.928328416938296
Maximizing likelihood @ n=8×1333=10664
 SD[log(ℓ)] = 7.7494247673287
 Δlog(ℓ) = 30.7304349223436
 Δβ/SD[β] = -0.0961955453878462 -0.0227135085981293 -0.274209355470619 -0.0230100813645392 0.0751682726184078 0.262249693353865
Maximizing likelihood @ n=16×1333=21328
 SD[log(ℓ)] = 5.88155610387017
 Δlog(ℓ) = 20.9987051092289
 Δβ/SD[β] = 0.127706990488365 -0.054705084002384 -0.338528476763951 -0.117912617434273 0.0568618896177866 0.361727988143872
Maximizing likelihood @ n=32×1333=42656
 SD[log(ℓ)] = 4.41909130193711
 Δlog(ℓ) = 15.3924205752756
 Δβ/SD[β] = -0.205774872425384 0.348641664154275 -0.112728356452036 -0.62898232094218 0.368592342071356 0.183665463220842
Maximizing likelihood @ n=64×1333=85312
 SD[log(ℓ)] = 3.2766589990026
 Δlog(ℓ) = 7.74571285811408
 Δβ/SD[β] = 0.0259216315288912 0.0923183903417073 -0.0994756420098146 -0.0785270309772801 0.011373723884307 -0.00434622663833506
Maximizing likelihood @ n=128×1333=170624
 SD[log(ℓ)] = 2.44056791936688
 Δlog(ℓ) = -0.796139998184515
 Δβ/SD[β] = -0.00835582182217271 0.0208192489942129 -0.031378981613458 -0.000958576176684578 -0.00765367707519634 0.0373177400697098
Maximizing likelihood @ n=256×1333=341248
 SD[log(ℓ)] = 1.79813386855929
 Δlog(ℓ) = 0.526495256949147
 Δβ/SD[β] = 0.0436063991420266 0.401150927849192 -0.0188121875170975 -0.0389648299996668 0.000162850257512801 -0.00451006870661527
Maximizing likelihood @ n=512×1333=682496
 SD[log(ℓ)] = 1.23294949370926
 Δlog(ℓ) = 0.477464293068692
 Δβ/SD[β] = 0.0345946449928575 0.0466761464040622 -0.0734874703182209 0.212056797725671 0.0314329038265466 -0.0290440754504305
Maximizing likelihood @ n=1024×1333=1364992
 SD[log(ℓ)] = 0.861848283941935
 Δlog(ℓ) = -0.755255096817621
 Δβ/SD[β] = -0.0272092057755105 0.0151969882434535 -0.0188569063973809 -0.0389917229575506 0.0499916647332775 0.0014184735628577
Maximizing likelihood @ n=2048×1333=2729984
 SD[log(ℓ)] = 0.613861526384276
 Δlog(ℓ) = -0.530781916952662
 Δβ/SD[β] = -0.0134916274129336 0.00746986249284146 -0.00787983931490351 -0.0287781813448661 -0.0232321420759606 -0.02495043007015
Maximizing likelihood @ n=4096×1333=5459968
 SD[log(ℓ)] = 0.438239219652466
 Δlog(ℓ) = 0.501070983405555
 Δβ/SD[β] = -0.00860798253031899 0.0182790530537646 0.0064341134735976 0.0354600110292802 -0.00187231409588646 -0.0223441515903945
Maximizing likelihood @ n=8192×1333=10919936
 SD[log(ℓ)] = 0.311307849225485
 Δlog(ℓ) = 0.318830904185234
 Δβ/SD[β] = -0.00722696051642502 0.0208254197343746 0.0210623397574455 -0.0336542417631222 0.00441848085500934 -0.0295967940025302
Maximizing likelihood @ n=16384×1333=21839872
 SD[log(ℓ)] = 0.220112197500099
 Δlog(ℓ) = 0.0121566756475318
 Δβ/SD[β] = 2.11955840199767e-05 0.0211694746024646 0.00356056517518154 0.0147837578325988 -0.0167590248143302 -0.0102345064695424
Calculating Hessian
Maximizing likelihood @ n=1×1333=1333
 SD[log(ℓ)] = 15.5983544942812
 Δlog(ℓ) = Inf
 Δβ/SD[β] = -0.608092145164469 -0.115616981765796 0.143869485477101 -1.20377550664307 1.01070856614706 0.113475506124808
Maximizing likelihood @ n=2×1333=2666
 SD[log(ℓ)] = 13.2118618038146
 Δlog(ℓ) = 75.3028688877042
 Δβ/SD[β] = -0.878011160842707 -0.923459740407263 1.23640048791481 -0.120545958607875 0.379607516046438 0.822419273175109
Maximizing likelihood @ n=4×1333=5332
 SD[log(ℓ)] = 10.6541963869305
 Δlog(ℓ) = 58.1997898469824
 Δβ/SD[β] = -3.57595862867015 -3.26378612067417 3.19841079756534 -0.0210303591075997 2.61020918531414 2.1098957675572
Maximizing likelihood @ n=8×1333=10664
 SD[log(ℓ)] = 8.36746333779137
 Δlog(ℓ) = 37.0980267069991
 Δβ/SD[β] = -0.942582280822316 -0.709928595350648 1.64930405514334 -0.999144098856074 1.36052407492806 1.39088858465373
Maximizing likelihood @ n=16×1333=21328
 SD[log(ℓ)] = 6.40729135757999
 Δlog(ℓ) = 14.3822891981987
 Δβ/SD[β] = -2.57392830237536 -2.40999547805175 2.29750835291283 1.54639751134748 0.470596604027844 2.00361337313657
Maximizing likelihood @ n=32×1333=42656
 SD[log(ℓ)] = 4.98662402847381
 Δlog(ℓ) = 13.8262275556057
 Δβ/SD[β] = -1.05082973224589 -1.23406343280033 0.982297822231837 -0.837146928317632 0.392443880336303 0.677375107472566
Maximizing likelihood @ n=64×1333=85312
 SD[log(ℓ)] = 3.74763074978278
 Δlog(ℓ) = 2.93717269312521
 Δβ/SD[β] = -0.0605993973764349 -0.108992346511209 0.195302722359279 -0.454225138281309 0.220254466782265 -0.142427971064588
Maximizing likelihood @ n=128×1333=170624
 SD[log(ℓ)] = 2.94351543448663
 Δlog(ℓ) = 2.81446688886581
 Δβ/SD[β] = -0.902582364962484 -0.930946821346564 0.839936925137842 0.732796782369464 -0.0337135501859161 0.921315094875093
Maximizing likelihood @ n=256×1333=341248
 SD[log(ℓ)] = 2.16802926439634
 Δlog(ℓ) = 5.00523969777419
 Δβ/SD[β] = -1.3317992203077 -1.45766930508349 0.966476079218278 0.306591450259712 0.0827590442354623 0.836586857462802
Maximizing likelihood @ n=512×1333=682496
 SD[log(ℓ)] = 1.80868829296228
 Δlog(ℓ) = -2.59150597759657
 Δβ/SD[β] = 0.697346528874006 0.630639814291272 -0.859267736417588 0.110986136224493 0.0352642308835717 -0.577930773024014
Maximizing likelihood @ n=1024×1333=1364992
 SD[log(ℓ)] = 1.67602130611971
 Δlog(ℓ) = -3.05365001645686
 Δβ/SD[β] = 0.0880505001457742 0.0937146822085577 -0.08776777364199 3.39386474526662e-05 -0.00506828793966267 -0.0440537637220357
Maximizing likelihood @ n=2048×1333=2729984
 SD[log(ℓ)] = 1.16632312952802
 Δlog(ℓ) = 0.163392727149642
 Δβ/SD[β] = -0.232167004926417 -0.154543540185464 0.156477055992984 -0.423681101438984 -0.0986783860094306 0.0734660580409049
Maximizing likelihood @ n=4096×1333=5459968
 SD[log(ℓ)] = 1.17482924054664
 Δlog(ℓ) = -2.53779826451478
 Δβ/SD[β] = 0.0331300063651033 0.0398274949538378 -0.0267543107389736 0.0560823819113298 -0.00204689451687133 -0.00823736613446566
Maximizing likelihood @ n=8192×1333=10919936
 SD[log(ℓ)] = 0.783529294251436
 Δlog(ℓ) = 1.26405433914471
 Δβ/SD[β] = -0.229384090195557 -0.257373967923386 -0.026360048272545 -0.244554456452652 0.0707216674946234 0.0746915896208925
Maximizing likelihood @ n=16384×1333=21839872
 SD[log(ℓ)] = 0.766732180724986
 Δlog(ℓ) = -0.139282336701456
 Δβ/SD[β] = 0.0713129394373412 0.111703009663464 -0.0233225764756224 -0.0453994616279953 0.134919999176121 -0.277650119440413
Calculating Hessian
There were 12 warnings (use warnings() to see them)
Script complete
Sat Nov 16 12:23:40 MST 2024
