Wed Nov 20 18:46:52 MST 2024
Initiating script
── Attaching core tidyverse packages ──────────────────────── tidyverse 2.0.0 ──
✔ dplyr     1.1.4     ✔ readr     2.1.5
✔ forcats   1.0.0     ✔ stringr   1.5.1
✔ ggplot2   3.5.1     ✔ tibble    3.2.1
✔ lubridate 1.9.3     ✔ tidyr     1.3.1
✔ purrr     1.0.2     
── Conflicts ────────────────────────────────────────── tidyverse_conflicts() ──
✖ ggplot2::annotate() masks ctmm::annotate()
✖ dplyr::filter()     masks stats::filter()
✖ dplyr::lag()        masks stats::lag()
ℹ Use the conflicted package (<http://conflicted.r-lib.org/>) to force all conflicts to become errors
Linking to GEOS 3.9.5, GDAL 3.8.5, PROJ 9.4.0; sf_use_s2() is TRUE
Loading required package: sp

Attaching package: ‘raster’

The following object is masked from ‘package:dplyr’:

    select

The following objects are masked from ‘package:ctmm’:

    projection, projection<-

terra 1.7.78

Attaching package: ‘terra’

The following object is masked from ‘package:tidyr’:

    extract

The following objects are masked from ‘package:ctmm’:

    distance, meta

[1] "/home/u15/mmercer3/proj/habitat_analysis_class/Final/Model_Fit_Results/roads_30/Steve_rr.Rda"
     [,1]                                
[1,] "Data loaded at 2024-11-20 18:47:06"
Default grid size of 40.0611111111111 minutes chosen for bandwidth(...,fast=TRUE).
Some rasters are not loaded in RAM and may be slow to process. See help("raster::readAll").
Maximizing likelihood @ n=1×1308=1308
 SD[log(ℓ)] = 6.71160605431069
 Δlog(ℓ) = Inf
 Δβ/SD[β] = -0.791155465475998 -2.51917186708733 1.56805285272851 0.126555391782767 0.193992370202377 -1.17167546925466 -0.875179417675641 0.249538906081396
Maximizing likelihood @ n=2×1308=2616
 SD[log(ℓ)] = 6.61030703523596
 Δlog(ℓ) = 44.6170295194103
 Δβ/SD[β] = -10.652544318897 -32.4984386949067 -1.04328875534646 -0.482473121438641 2.74286253879521 -3.60591995767286 -0.191367650728641 1.25015203644985
Maximizing likelihood @ n=4×1308=5232
 SD[log(ℓ)] = 5.08387724085475
 Δlog(ℓ) = 0.540798627076711
 Δβ/SD[β] = -0.582120564463975 -0.433695828738952 0.988171132928379 1.01985111180344 0.203850492363197 -0.521662655565446 -0.631009404276573 -0.146908140900216
Maximizing likelihood @ n=8×1308=10464
 SD[log(ℓ)] = 3.82143883428268
 Δlog(ℓ) = 1.15023339380699
 Δβ/SD[β] = 0.0148220166393717 -0.0326388218663228 0.0570556006289147 0.0521579176273804 -0.00438668758395284 -0.24151352425784 -0.0710688185144625 0.496805042263621
Maximizing likelihood @ n=16×1308=20928
 SD[log(ℓ)] = 2.78488947000767
 Δlog(ℓ) = -1.1458260663897
 Δβ/SD[β] = 0.0464223552913388 -0.0333446339984086 0.215835461031961 0.218233090365041 -0.0587476554421165 0.0972190493631407 0.0544305549636683 -0.494769365609334
Maximizing likelihood @ n=32×1308=41856
 SD[log(ℓ)] = 2.06791863654726
 Δlog(ℓ) = 1.10932532395859
 Δβ/SD[β] = -0.0519220465159562 -0.100919126550153 0.234633170276684 0.0659425595195254 0.162847724341628 0.329669872713007 -0.0336909838767195 0.264305991949022
Maximizing likelihood @ n=64×1308=83712
 SD[log(ℓ)] = 1.49735806341242
 Δlog(ℓ) = -0.286836737219204
 Δβ/SD[β] = -0.0163808506141577 0.0144520360830857 0.0337918649888001 -0.0557837018873087 0.0627063060567327 -0.115877643949724 0.0205780196350266 -0.235884987977493
Maximizing likelihood @ n=128×1308=167424
 SD[log(ℓ)] = 1.10351175214551
 Δlog(ℓ) = -0.716661845628039
 Δβ/SD[β] = -0.0312860394327898 -0.033958111149688 -0.0682423136543585 -0.0266315008077521 0.0533442127556343 0.0500299353581787 0.0536266262433896 -0.192408845450343
Maximizing likelihood @ n=256×1308=334848
 SD[log(ℓ)] = 0.794626561475105
 Δlog(ℓ) = 1.34941114300315
 Δβ/SD[β] = 0.0523290184206365 -0.0153365196242827 0.0594143535299791 -0.139604443448947 0.0123517217357672 -0.0269017650383488 0.0870162735118221 -0.014962464513439
Maximizing likelihood @ n=512×1308=669696
 SD[log(ℓ)] = 0.568615538780784
 Δlog(ℓ) = 0.646628776434369
 Δβ/SD[β] = -0.00195790590888615 -0.0109037458721124 0.0454077976843202 -0.0153476889590085 -0.0346935195696691 -0.0596932725709509 0.0175179762918036 0.0127182510011643
Maximizing likelihood @ n=1024×1308=1339392
 SD[log(ℓ)] = 0.404661103056593
 Δlog(ℓ) = -0.222287652985784
 Δβ/SD[β] = 0.0435096823544699 0.0492290097028914 0.0339425599042165 0.0206666218091362 -0.0504370019955781 0.0731235790912474 -0.00648833995883255 -0.0050061347277101
Maximizing likelihood @ n=2048×1308=2678784
 SD[log(ℓ)] = 0.286264059826993
 Δlog(ℓ) = 0.418868152715874
 Δβ/SD[β] = -0.00077339953257894 -0.00607544090795546 0.0273947823986716 -0.0126542845363371 0.0086031688956468 -0.0315634746444975 -0.0243043514026944 0.0462490532008452
Maximizing likelihood @ n=4096×1308=5357568
 SD[log(ℓ)] = 0.202586334324715
 Δlog(ℓ) = 0.133012284309274
 Δβ/SD[β] = -0.009457464784389 -0.00673593035810977 0.0166629709005406 0.00349950034253135 0.00281414945115481 -0.017794350540289 0.0308490154926234 -0.0230649540957068
Maximizing likelihood @ n=8192×1308=10715136
 SD[log(ℓ)] = 0.14409073998871
 Δlog(ℓ) = -0.0875583746860968
 Δβ/SD[β] = 0.00675829980938127 -0.009972926657956 -0.00855102664295775 -0.00925046113117931 -0.00255595575021318 0.0387447370870504 0.0211467275310666 -0.00374312772248114
Maximizing likelihood @ n=16384×1308=21430272
 SD[log(ℓ)] = 0.102088940806387
 Δlog(ℓ) = -0.0283955823062172
 Δβ/SD[β] = 0.0149915055188779 0.0164811235351118 -0.00732820700274889 -0.0168631667757391 -0.00693278913002727 0.00499473830708787 0.0278119187785991 0.0257319580726052
Calculating Hessian
Warning message:
In rsf.fit(individual, individual_akde, R = R, max.mem = "2 Gb") :
  Calculation stopped before 2.6 Gb allocation.
Script complete
Wed Nov 20 19:35:18 MST 2024
