Fri Nov 15 23:05:15 MST 2024
Initiating script
── Attaching core tidyverse packages ──────────────────────── tidyverse 2.0.0 ──
✔ dplyr     1.1.4     ✔ readr     2.1.5
✔ forcats   1.0.0     ✔ stringr   1.5.1
✔ ggplot2   3.5.1     ✔ tibble    3.2.1
✔ lubridate 1.9.3     ✔ tidyr     1.3.1
✔ purrr     1.0.2     
── Conflicts ────────────────────────────────────────── tidyverse_conflicts() ──
✖ ggplot2::annotate() masks ctmm::annotate()
✖ dplyr::filter()     masks stats::filter()
✖ dplyr::lag()        masks stats::lag()
ℹ Use the conflicted package (<http://conflicted.r-lib.org/>) to force all conflicts to become errors
Linking to GEOS 3.9.5, GDAL 3.8.5, PROJ 9.4.0; sf_use_s2() is TRUE
Loading required package: sp

Attaching package: ‘raster’

The following object is masked from ‘package:dplyr’:

    select

The following objects are masked from ‘package:ctmm’:

    projection, projection<-

terra 1.7.78

Attaching package: ‘terra’

The following object is masked from ‘package:tidyr’:

    extract

The following objects are masked from ‘package:ctmm’:

    distance, meta

[1] "/home/u15/mmercer3/proj/habitat_analysis_class/Final/Model_Fit_Results/Michele_rr.Rda"
     [,1]                                
[1,] "Data loaded at 2024-11-15 23:05:26"
Reading layer `major' from data source 
  `/home/u15/mmercer3/proj/habitat_analysis_class/Final/Major_Roads' 
  using driver `ESRI Shapefile'
Simple feature collection with 411 features and 7 fields
Geometry type: LINESTRING
Dimension:     XY
Bounding box:  xmin: 477946 ymin: 3545735 xmax: 511807.9 ymax: 3592212
Projected CRS: WGS 84 / UTM zone 12N
     [,1]                                 
[1,] "Roads loaded at 2024-11-15 23:05:26"
|---------|---------|---------|---------|=========================================                                          [1] 1681968
[1] 1681968
Starting buffer 30 
Maximizing likelihood @ n=1×195=195
 SD[log(ℓ)] = 1.84813784250162
 Δlog(ℓ) = Inf
 Δβ/SD[β] = -0.702425754122547 -0.0813033913436512 -0.302351520144071 -1.47031467057936 4.17221988719631 -0.464383124140179
Maximizing likelihood @ n=2×195=390
 SD[log(ℓ)] = 2.40564187438934
 Δlog(ℓ) = 11.123715525535
 Δβ/SD[β] = -0.113122471234191 -0.243799846727503 1.25320989147094 -1.57651009978295 3.32838112933348 -1.20957871612056
Maximizing likelihood @ n=4×195=780
 SD[log(ℓ)] = 1.85425513842457
 Δlog(ℓ) = 2.33977199533048
 Δβ/SD[β] = 2.96286107624813 0.97881226182338 0.252727614602139 1.16269234306283 -0.0772243669455445 0.681111614864031
Maximizing likelihood @ n=8×195=1560
 SD[log(ℓ)] = 1.34955107278434
 Δlog(ℓ) = -1.1843014589567
 Δβ/SD[β] = -0.168115977571032 0.0488533184080577 -0.167366260316585 0.283713219044397 -0.0333895975055667 0.0422230315838699
Maximizing likelihood @ n=16×195=3120
 SD[log(ℓ)] = 0.968323248867594
 Δlog(ℓ) = -0.163604320830409
 Δβ/SD[β] = -0.148928039396149 -0.119718244189417 -0.11040510532212 -0.160891702455583 0.0197047664526808 -0.00607324836088217
Maximizing likelihood @ n=32×195=6240
 SD[log(ℓ)] = 0.691000368667952
 Δlog(ℓ) = -0.0892109132234253
 Δβ/SD[β] = 0.0845109565163887 0.0393017330128294 -0.134739665884847 -0.0791705735148635 -0.0570053868362103 0.299461906235704
Maximizing likelihood @ n=64×195=12480
 SD[log(ℓ)] = 0.539283945206541
 Δlog(ℓ) = -0.999955459936526
 Δβ/SD[β] = -0.0911462689882113 0.149190499932606 0.1031394522259 0.529785673740839 -0.0462421386032572 -0.137964466797653
Maximizing likelihood @ n=128×195=24960
 SD[log(ℓ)] = 0.407400817477051
 Δlog(ℓ) = 0.481057578084791
 Δβ/SD[β] = 0.0576171367772426 -0.0263890041079138 0.00699039377137244 -0.312209961244808 -0.00889956218605699 0.00020477327525777
Maximizing likelihood @ n=256×195=49920
 SD[log(ℓ)] = 0.268152116266188
 Δlog(ℓ) = -0.125977045359178
 Δβ/SD[β] = 0.0694687051809087 0.0178082625913061 0.0651260955440048 0.0634189234580082 0.0218168661457146 0.126019890532305
Maximizing likelihood @ n=512×195=99840
 SD[log(ℓ)] = 0.191787258510065
 Δlog(ℓ) = -0.0177914336445966
 Δβ/SD[β] = 0.0292099697532698 0.0281593238662322 -0.00641362444092324 -0.0468532384762609 0.00458345949859957 -0.00939600897876333
Maximizing likelihood @ n=1024×195=199680
 SD[log(ℓ)] = 0.139905382410909
 Δlog(ℓ) = 0.0105513234006409
 Δβ/SD[β] = 0.0375535012450419 -0.0233457719871687 -0.0916012938642216 -0.0398698827544639 0.023157384687824 -0.0148532950901205
Maximizing likelihood @ n=2048×195=399360
 SD[log(ℓ)] = 0.0952683400156901
 Δlog(ℓ) = 0.103599167803928
 Δβ/SD[β] = 0.0487421725203276 0.0130227475514544 0.037735726892175 0.0037098721807538 0.02424333629729 0.062869554020993
Maximizing likelihood @ n=4096×195=798720
 SD[log(ℓ)] = 0.0661141967219298
 Δlog(ℓ) = 0.11851604537086
 Δβ/SD[β] = 0.0515691319995536 -0.0158968946506061 -0.0299604362865035 -0.0406978862163064 -0.0321055033208382 0.0586527318885678
Maximizing likelihood @ n=8192×195=1597440
 SD[log(ℓ)] = 0.046983810420725
 Δlog(ℓ) = -0.00355450448991235
 Δβ/SD[β] = 0.129950544883627 0.0012857071947978 -0.0468931255636725 -0.0302724579717801 -0.0336613463429072 0.0880627511367196
Maximizing likelihood @ n=16384×195=3194880
 SD[log(ℓ)] = 0.0331401240018152
 Δlog(ℓ) = 0.0164267470629369
 Δβ/SD[β] = 0.00208260371266389 -0.00195934225193694 -0.00194673842624518 -0.00671735078430446 0.00772407014974471 -0.00350615824351494
Maximizing likelihood @ n=32768×195=6389760
 SD[log(ℓ)] = 0.0262951666985506
 Δlog(ℓ) = 0.000543116202933902
 Δβ/SD[β] = 0.00344574157254344 -0.0104424167542728 0.00178164418564434 0.0239579031068229 -0.000961530132231678 -0.00312396145271045
Maximizing likelihood @ n=65536×195=12779520
 SD[log(ℓ)] = 0.0184571363059296
 Δlog(ℓ) = 0.040971651307558
 Δβ/SD[β] = 0.00237782710699684 0.00149271187742751 0.00107586853247162 0.00635795365548891 0.0020937471551895 0.0018052554881428
Calculating Hessian
Maximizing likelihood @ n=1×195=195
 SD[log(ℓ)] = 2.88020753101793
 Δlog(ℓ) = Inf
 Δβ/SD[β] = -2.24241028844374 0.104081956561238 0.0486302213731049 -2 7.98015730040207 -0.513880064799122
Maximizing likelihood @ n=2×195=390
 SD[log(ℓ)] = 1.92108486779768
 Δlog(ℓ) = -2.76789701694556
 Δβ/SD[β] = 1.79088832610872 -0.0780754435969116 -0.129319519574182 -1.60529610638021 9.19610633318518 0.050659311625849
Maximizing likelihood @ n=4×195=780
 SD[log(ℓ)] = 1.90936663279742
 Δlog(ℓ) = 6.2924613389345
 Δβ/SD[β] = 0.731597815993323 0.81532713972792 1.13929553531923 -0.241473315286599 1.31238422283038 -0.606172667226585
Maximizing likelihood @ n=8×195=1560
 SD[log(ℓ)] = 1.40783768092135
 Δlog(ℓ) = 0.0176965847542192
 Δβ/SD[β] = -0.122333589768713 -0.0787964235219825 0.0802429636349248 0.280979059459879 -0.304695421582253 -0.163771820464347
Maximizing likelihood @ n=16×195=3120
 SD[log(ℓ)] = 0.98941202933743
 Δlog(ℓ) = -0.300732826917006
 Δβ/SD[β] = -0.417597818055752 -0.184608137811918 0.122620265620986 -0.0123895172480058 0.112340035039327 -0.384452909337771
Maximizing likelihood @ n=32×195=6240
 SD[log(ℓ)] = 0.701709881472896
 Δlog(ℓ) = -1.98232809624776
 Δβ/SD[β] = -0.146653660386632 -0.0494165029234394 0.179141790648487 0.917969030620051 -0.0560634728139206 0.103850624331538
Maximizing likelihood @ n=64×195=12480
 SD[log(ℓ)] = 0.489874744762595
 Δlog(ℓ) = 0.0202445749157434
 Δβ/SD[β] = -0.0104752220930799 0.0201640118802073 0.0130746500008993 -0.0298073338996578 -0.0437476843336439 -0.00955200020243712
Maximizing likelihood @ n=128×195=24960
 SD[log(ℓ)] = 0.354832068497348
 Δlog(ℓ) = -0.120423439749644
 Δβ/SD[β] = 0.0263865829126921 0.0174749563584146 0.0616564632422374 -0.0868866937327068 -0.0459786752748413 0.0307941523173842
Maximizing likelihood @ n=256×195=49920
 SD[log(ℓ)] = 0.24995462584409
 Δlog(ℓ) = -0.0111356699141965
 Δβ/SD[β] = 0.00850899432911767 -0.00896835495540443 -0.000547761511862036 -0.0212183915085012 0.0158516245838797 -0.0061649477165822
Maximizing likelihood @ n=512×195=99840
 SD[log(ℓ)] = 0.182046822997507
 Δlog(ℓ) = -0.249300356657329
 Δβ/SD[β] = -0.0103923451028145 0.00352811703994245 0.00233271097204421 0.0658174629565497 -0.00130504803618495 0.00236057845235493
Maximizing likelihood @ n=1024×195=199680
 SD[log(ℓ)] = 0.129357259054862
 Δlog(ℓ) = -0.0227473650926981
 Δβ/SD[β] = -0.00447074752796488 0.00625151391446124 0.00355878074765345 0.0146208989386305 -0.0225246592884314 0.00892558262556349
Maximizing likelihood @ n=2048×195=399360
 SD[log(ℓ)] = 0.113693992255989
 Δlog(ℓ) = -0.169159500138388
 Δβ/SD[β] = -0.00103482993254563 -0.00972562986918588 0.00125836874768698 0.0692990729134798 -0.0361405440489479 0.00178333272379658
Maximizing likelihood @ n=4096×195=798720
 SD[log(ℓ)] = 0.0746780442414099
 Δlog(ℓ) = 0.0258781042501042
 Δβ/SD[β] = 0.0272000620530587 0.0039708655960728 0.00282392641958397 0.0333179965735647 0.0354633758084294 -0.00371939648494957
Maximizing likelihood @ n=8192×195=1597440
 SD[log(ℓ)] = 0.0528356119382629
 Δlog(ℓ) = -0.0086630619845991
 Δβ/SD[β] = 0.00809021504612293 0.00132035244062004 0.00325259025688971 0.0223184874137275 -0.000624010632345986 0.00825007903359508
Maximizing likelihood @ n=16384×195=3194880
 SD[log(ℓ)] = 0.0361340070342324
 Δlog(ℓ) = 0.0951982182942821
 Δβ/SD[β] = 0.0215178062313156 -0.0148404087335983 0.0201408141194511 -0.0678077724228663 0.00907326868468821 0.0025881572071783
Maximizing likelihood @ n=32768×195=6389760
 SD[log(ℓ)] = 0.0247721618663441
 Δlog(ℓ) = 0.0344488953569027
 Δβ/SD[β] = 0.0169151947314987 0.0155394029805296 0.00817047972386636 0.00663300216004431 -0.0150026583073608 -0.00317556505403925
Maximizing likelihood @ n=65536×195=12779520
 SD[log(ℓ)] = 0.017084745343819
 Δlog(ℓ) = 0.102677976285484
 Δβ/SD[β] = 0.841124339625807 -0.315685129685683 2.56241250447037 -0.00318686357808396 -0.00163202952454116 -2.51340674181477
Calculating Hessian
Maximizing likelihood @ n=1×195=195
 SD[log(ℓ)] = 1.93857757957837
 Δlog(ℓ) = Inf
 Δβ/SD[β] = -1.7671540901822 -0.007634769073028 0.562183882541278 -1.42657065602938 4.51765526851187 0.184031834339073
Maximizing likelihood @ n=2×195=390
 SD[log(ℓ)] = 2.20709248126127
 Δlog(ℓ) = 7.23014871177955
 Δβ/SD[β] = -2.61408288208975 -0.585708702035102 -0.161692503432249 -0.435662745881804 1.79166688503657 -0.858798275883874
Maximizing likelihood @ n=4×195=780
 SD[log(ℓ)] = 1.70330679806286
 Δlog(ℓ) = 2.83007135584081
 Δβ/SD[β] = 0.0844697521350224 0.31816423331673 0.0128314513279851 0.106244777796276 0.416743503153349 -0.741247518111259
Maximizing likelihood @ n=8×195=1560
 SD[log(ℓ)] = 1.26642876396522
 Δlog(ℓ) = 0.42118415200169
 Δβ/SD[β] = 0.0777680522270482 0.109886142129573 0.424894046102255 -0.107280409459901 0.0606787673339394 0.415731623849673
Maximizing likelihood @ n=16×195=3120
 SD[log(ℓ)] = 0.938398819910872
 Δlog(ℓ) = 0.321854380960346
 Δβ/SD[β] = -0.123158296801291 -0.014988121740136 0.402594887395763 -0.103143280155997 -0.0295246936758118 0.569209925655753
Maximizing likelihood @ n=32×195=6240
 SD[log(ℓ)] = 0.693275894477264
 Δlog(ℓ) = 0.871072488902012
 Δβ/SD[β] = -0.109048814068454 0.0646324202487029 -0.110292130304591 -0.0126606185563072 -0.00105075446856768 0.112791312789624
Maximizing likelihood @ n=64×195=12480
 SD[log(ℓ)] = 0.50642326013429
 Δlog(ℓ) = 0.511629028006425
 Δβ/SD[β] = 0.0463225044756902 -0.0203839736682396 0.056877585953418 -0.245776261420808 -0.0126293268803326 -0.0153280224862654
Maximizing likelihood @ n=128×195=24960
 SD[log(ℓ)] = 0.361897866634863
 Δlog(ℓ) = -0.167876864213028
 Δβ/SD[β] = 0.142510622129295 -0.0828119754729384 0.0242400859093024 0.144632349932778 0.0378649958449821 -0.0582441162440609
Maximizing likelihood @ n=256×195=49920
 SD[log(ℓ)] = 0.256263124673705
 Δlog(ℓ) = 0.182610406071802
 Δβ/SD[β] = 0.000451714067119955 0.00863349995190239 -0.0172314578715559 -0.00313428248456723 -0.026444195219556 -0.0211725340752067
Maximizing likelihood @ n=512×195=99840
 SD[log(ℓ)] = 0.208448846446871
 Δlog(ℓ) = -0.37734689399953
 Δβ/SD[β] = -0.0013470962639948 0.00474139427239425 -0.00841914588036899 0.277607773531158 -0.000907636984082577 -0.0672564159039444
Maximizing likelihood @ n=1024×195=199680
 SD[log(ℓ)] = 0.140615847216199
 Δlog(ℓ) = 0.0147808992006659
 Δβ/SD[β] = 0.00423782353644777 -0.00438507112645894 -0.00280002244060796 -0.052951955490023 -0.0237330884897292 -0.0145882112617838
Maximizing likelihood @ n=2048×195=399360
 SD[log(ℓ)] = 0.102987608577237
 Δlog(ℓ) = 0.06074743452767
 Δβ/SD[β] = -0.0408749924884648 0.0248442199037829 0.0152957563542919 -0.0147547187946243 0.0147461275505387 -0.0236932382309267
Maximizing likelihood @ n=4096×195=798720
 SD[log(ℓ)] = 0.0771001082694236
 Δlog(ℓ) = 0.0981185366253499
 Δβ/SD[β] = -0.0181737150392431 8.31907575744708e-05 0.0050869598603685 0.0388371437311301 -0.0179162139998558 -0.00221824170032128
Maximizing likelihood @ n=8192×195=1597440
 SD[log(ℓ)] = 0.053543579985608
 Δlog(ℓ) = -0.0300140884024458
 Δβ/SD[β] = 0.00502368684766366 -0.00281303308280766 0.00858391782708145 -0.0162707657528238 0.0123330665879811 -0.000834215276407017
Maximizing likelihood @ n=16384×195=3194880
 SD[log(ℓ)] = 0.0375188888399086
 Δlog(ℓ) = -0.0453288048369842
 Δβ/SD[β] = -0.0384614367912032 -0.0206105209672904 0.00427867114799955 -0.00904249360334134 0.0143210346223902 -0.0587741084480086
Maximizing likelihood @ n=32768×195=6389760
 SD[log(ℓ)] = 0.0262327432600334
 Δlog(ℓ) = 0.0467921928467803
 Δβ/SD[β] = -0.0110992739898431 0.061444762701111 -0.00676267839275744 -0.0101495353848772 -0.014092186787999 -0.107926553351098
Maximizing likelihood @ n=65536×195=12779520
 SD[log(ℓ)] = 0.0182897503715574
 Δlog(ℓ) = 0.0279331549799977
 Δβ/SD[β] = -0.00627310554270735 0.00654396626819918 0.0380863103023601 0.00396513513364464 -0.00258495222581318 -0.0570170384548754
Calculating Hessian
Maximizing likelihood @ n=1×195=195
 SD[log(ℓ)] = 2.75483945500219
 Δlog(ℓ) = Inf
 Δβ/SD[β] = 4.20061213075638 -0.0346040527408051 0.204985119180636 -1.61144370204549 8.43855254871213 0.0918865271044144
Maximizing likelihood @ n=2×195=390
 SD[log(ℓ)] = 2.68260981832779
 Δlog(ℓ) = 5.50555869697399
 Δβ/SD[β] = 0.717410235948849 -0.574533787257555 -0.0686705697775845 -1.40373491867187 1.59937838001208 -0.804988381137432
Maximizing likelihood @ n=4×195=780
 SD[log(ℓ)] = 2.02721722031149
 Δlog(ℓ) = -2.44874196664949
 Δβ/SD[β] = -0.0200848318540269 0.115456405930754 1.01067665690924 2.36577937661366 0.0280975532134233 -0.846138236584349
Maximizing likelihood @ n=8×195=1560
 SD[log(ℓ)] = 1.33616845566769
 Δlog(ℓ) = -0.222925691029872
 Δβ/SD[β] = 0.132250705022955 0.00474674543865438 0.0419818286331014 1.821267264516 -0.224529483352524 -0.535648259395737
Maximizing likelihood @ n=16×195=3120
 SD[log(ℓ)] = 1.00166878737577
 Δlog(ℓ) = 1.81465089879266
 Δβ/SD[β] = 0.3473770535695 -0.790862915320937 0.344092646723767 -0.138767739360212 0.0924817764041074 -0.256579642629765
Maximizing likelihood @ n=32×195=6240
 SD[log(ℓ)] = 0.763447496147615
 Δlog(ℓ) = 1.25563560277165
 Δβ/SD[β] = 0.0282344135292152 -0.106416647952188 -0.0823448687260855 -0.29326176918981 0.188461785698688 -0.0445104052773439
Maximizing likelihood @ n=64×195=12480
 SD[log(ℓ)] = 0.557848120069666
 Δlog(ℓ) = 0.841059938626515
 Δβ/SD[β] = 0.0917192333126049 -0.126196806637793 0.0141340822795959 -0.202352824579282 0.0146735676005088 -0.0880800234385203
Maximizing likelihood @ n=128×195=24960
 SD[log(ℓ)] = 0.40708326378854
 Δlog(ℓ) = -0.28459275832337
 Δβ/SD[β] = -0.0190787217264881 -0.0420026919066633 0.0409034786236815 0.281300881856539 -0.020186695243234 -0.0715188102946483
Maximizing likelihood @ n=256×195=49920
 SD[log(ℓ)] = 0.304651144308415
 Δlog(ℓ) = 0.268090442055112
 Δβ/SD[β] = -0.00745103966373477 0.0173475880332251 0.0066028606740796 -0.0734743273700292 0.0169200775936593 -0.0308767751279105
Maximizing likelihood @ n=512×195=99840
 SD[log(ℓ)] = 0.258881515468739
 Δlog(ℓ) = -0.421126685988675
 Δβ/SD[β] = -0.00959754471060016 0.0615098270939047 -0.0699953528605011 0.520320943368278 -0.0605813168070882 0.0295123209178129
Maximizing likelihood @ n=1024×195=199680
 SD[log(ℓ)] = 0.177194135179828
 Δlog(ℓ) = 0.185150089346656
 Δβ/SD[β] = -0.00462034018881192 -0.000196255598700109 -0.00405774831145032 -0.0496612193397644 0.0187564281163322 -0.00539933860352541
Maximizing likelihood @ n=2048×195=399360
 SD[log(ℓ)] = 0.12317557022014
 Δlog(ℓ) = 0.0267318419805633
 Δβ/SD[β] = -0.0217768588665495 0.0141159858748346 0.0159079638720555 -0.0242709749252966 -0.0101963560775291 -0.0261168686774147
Maximizing likelihood @ n=4096×195=798720
 SD[log(ℓ)] = 0.0847788224789826
 Δlog(ℓ) = 0.0104031630752317
 Δβ/SD[β] = -0.00458846316103549 0.000145168227395385 0.0121995429205638 0.0182830276681916 0.0190792196420396 -0.0218805221481622
Maximizing likelihood @ n=8192×195=1597440
 SD[log(ℓ)] = 0.0606256284612568
 Δlog(ℓ) = 0.0742727711631659
 Δβ/SD[β] = 0.00523516851329671 -0.0012606967344949 0.0147978348470356 -0.0367977816890507 -0.0116748207858751 -0.00960466177322395
Maximizing likelihood @ n=16384×195=3194880
 SD[log(ℓ)] = 0.0427712555752187
 Δlog(ℓ) = -0.00245403736646921
 Δβ/SD[β] = -0.017616279757118 0.0137985468144028 0.0124884791946879 0.0213891517917492 0.011865458849172 -0.0143182609030617
Maximizing likelihood @ n=32768×195=6389760
 SD[log(ℓ)] = 0.0305611090830738
 Δlog(ℓ) = -0.00780221210296617
 Δβ/SD[β] = 0.0188582366035162 -0.0121435004795576 0.0216956556172305 0.0138666201106861 -0.0152132958686897 -0.0794591203246697
Maximizing likelihood @ n=65536×195=12779520
 SD[log(ℓ)] = 0.0251592304929258
 Δlog(ℓ) = -0.0164456555052723
 Δβ/SD[β] = -0.0141920854559119 0.0305092215234999 0.0945133483227023 -0.000345063327633908 0.0588371674133861 -0.298710907324895
Calculating Hessian
Starting buffer 750 
Maximizing likelihood @ n=1×195=195
 SD[log(ℓ)] = 1.95647876019033
 Δlog(ℓ) = Inf
 Δβ/SD[β] = 1.44070961111834 0.0328993598981997 -0.109286416748946 -1.4037443260307 3.53190411144754 -0.119142616171356
Maximizing likelihood @ n=2×195=390
 SD[log(ℓ)] = 2.51403260296308
 Δlog(ℓ) = 12.4607348280438
 Δβ/SD[β] = 4.43464529103692 -0.612656145229363 3.4325031085872 -0.730815994064736 4.07877119896446 -4.22895895645744
Maximizing likelihood @ n=4×195=780
 SD[log(ℓ)] = 2.07770056482342
 Δlog(ℓ) = 1.43858076456531
 Δβ/SD[β] = 0 0 0 -4.78026684272505e-16 0 0
Maximizing likelihood @ n=8×195=1560
 SD[log(ℓ)] = 1.2695655157115
 Δlog(ℓ) = -3.1961438315278
 Δβ/SD[β] = -0.0657414553477658 -0.307824901620046 0.538449096839291 1.51660015028713 -0.491953911294758 0.224791023493646
Maximizing likelihood @ n=16×195=3120
 SD[log(ℓ)] = 0.959621780256194
 Δlog(ℓ) = 1.24991996268204
 Δβ/SD[β] = 0.00381791764186478 -0.0217491712784095 0.328579131110254 -0.117831836008775 0.189876854022007 0.220199935406692
Maximizing likelihood @ n=32×195=6240
 SD[log(ℓ)] = 0.684542908243116
 Δlog(ℓ) = -1.19168002512962
 Δβ/SD[β] = 0.130673938201199 -0.216640619553819 0.103849220366621 0.00150585893859662 -0.111993253364885 0.617810596868868
Maximizing likelihood @ n=64×195=12480
 SD[log(ℓ)] = 0.488392112258894
 Δlog(ℓ) = 0.124403804650733
 Δβ/SD[β] = 0.0419908215006618 0.0195558061507002 0.00545567808565395 -0.0616177051314692 0.0649232352911899 0.0376893147478747
Maximizing likelihood @ n=128×195=24960
 SD[log(ℓ)] = 0.355240580451472
 Δlog(ℓ) = 0.151418405850514
 Δβ/SD[β] = 0.00624513898349578 -0.00382097684320187 -0.000671751299462918 0.0117970456056215 0.0109199174323499 0.00453826537334785
Maximizing likelihood @ n=256×195=49920
 SD[log(ℓ)] = 0.252616385821187
 Δlog(ℓ) = -0.070064971386401
 Δβ/SD[β] = -0.000163005402465631 -0.00069846428230372 -0.00602714918602361 0.0290865188260707 0.0164236646677945 0.00674343331963255
Maximizing likelihood @ n=512×195=99840
 SD[log(ℓ)] = 0.181861611433676
 Δlog(ℓ) = 0.212074878149572
 Δβ/SD[β] = 0.0168157344529914 0.0244001266107363 -0.0191327121988708 -0.0595619504322023 0.014347054759436 0.0186735878089093
Maximizing likelihood @ n=1024×195=199680
 SD[log(ℓ)] = 0.134333995575653
 Δlog(ℓ) = -0.0509382307785486
 Δβ/SD[β] = 0.0116960247839593 -0.0137567331641933 -0.0568682919272494 0.00390732258439867 -0.0495430955702516 0.00338319299941531
Maximizing likelihood @ n=2048×195=399360
 SD[log(ℓ)] = 0.0973990186401326
 Δlog(ℓ) = -0.0141563256941595
 Δβ/SD[β] = 0.00891783297180605 0.00811191653358931 -0.014825954342591 0.0175031324786992 0.0165732797210964 0.010356171875761
Maximizing likelihood @ n=4096×195=798720
 SD[log(ℓ)] = 0.0679279427304977
 Δlog(ℓ) = -0.0948950581687242
 Δβ/SD[β] = -0.00570134353715933 -0.00944133572721274 -0.00764419919074459 -0.00764175163772866 -0.0214939316506125 0.0103875166354626
Maximizing likelihood @ n=8192×195=1597440
 SD[log(ℓ)] = 0.047216624010334
 Δlog(ℓ) = -0.029079497290752
 Δβ/SD[β] = -3.72973443186329e-05 -0.0032891925882443 -0.0016911235538632 0.0136656672830439 0.00355398550916029 0.00985225699705745
Maximizing likelihood @ n=16384×195=3194880
 SD[log(ℓ)] = 0.0334183944011863
 Δlog(ℓ) = 0.0150393980501988
 Δβ/SD[β] = -0.00152352628990113 0.000149918790958128 -0.00142075125818565 0.00957146973577239 -0.00897975968148399 0.0182483513453078
Maximizing likelihood @ n=32768×195=6389760
 SD[log(ℓ)] = 0.0239750565963395
 Δlog(ℓ) = 0.000390768667656971
 Δβ/SD[β] = 0.00587996322162951 0.00447999282756223 0.00135956470274379 -0.00547422411061657 0.0129869187059282 0.0141427007031135
Maximizing likelihood @ n=65536×195=12779520
 SD[log(ℓ)] = 0.0172479519323024
 Δlog(ℓ) = -0.0105599938365657
 Δβ/SD[β] = 0.021276792256306 0.00938381654464828 -0.0111789287562856 0.0178267753018541 0.00140259177364814 0.0351653447812288
Calculating Hessian
Maximizing likelihood @ n=1×195=195
 SD[log(ℓ)] = 2.1764689457942
 Δlog(ℓ) = Inf
 Δβ/SD[β] = 0.839714961308974 0.073079845862603 0.18865114771472 -1.46426171150419 4.04131486572292 -0.0993746428237686
Maximizing likelihood @ n=2×195=390
 SD[log(ℓ)] = 2.36002780103331
 Δlog(ℓ) = 5.78832915710665
 Δβ/SD[β] = -1.4078110056424 -2.96259018036896 2.72786649170749 -0.200812669697171 2.84087216607526 -2.38513226257608
Maximizing likelihood @ n=4×195=780
 SD[log(ℓ)] = 1.79938646495134
 Δlog(ℓ) = 1.10851431000277
 Δβ/SD[β] = -0.451481171469571 1.25468479920345 -0.169207077838025 -0.159235942916102 0.175590768275932 -0.0901557278201941
Maximizing likelihood @ n=8×195=1560
 SD[log(ℓ)] = 1.34952219975373
 Δlog(ℓ) = 0.884296035737066
 Δβ/SD[β] = -0.65826841881105 -0.690893529367619 -0.139832723291993 -0.145887452348736 0.0251435956346403 0.734883089165424
Maximizing likelihood @ n=16×195=3120
 SD[log(ℓ)] = 0.952895902632481
 Δlog(ℓ) = -0.725420010825999
 Δβ/SD[β] = 0.19274464676583 0.129693805807548 0.0358767385501208 1.06304508276055 -0.0675279474391147 0.141850251473163
Maximizing likelihood @ n=32×195=6240
 SD[log(ℓ)] = 0.704885548724175
 Δlog(ℓ) = 0.505588554776381
 Δβ/SD[β] = -0.0112446835854744 0.0409050770724221 -0.0502215155247974 -0.202295826530034 0.0797718170486147 -0.111945340232165
Maximizing likelihood @ n=64×195=12480
 SD[log(ℓ)] = 0.486757496501383
 Δlog(ℓ) = -0.937288862191433
 Δβ/SD[β] = -0.00713710497197032 -0.0688219623424419 0.105064608351607 0.12329441527496 -0.0211973564679095 0.052194378131426
Maximizing likelihood @ n=128×195=24960
 SD[log(ℓ)] = 0.39958598875609
 Δlog(ℓ) = -0.0679339552660778
 Δβ/SD[β] = 0.0144841983058118 -0.0439155820040558 0.00292117673957996 0.276321125721614 0.00328634607350705 -0.024254627787606
Maximizing likelihood @ n=256×195=49920
 SD[log(ℓ)] = 0.268432989830821
 Δlog(ℓ) = 0.0973428469392132
 Δβ/SD[β] = 0.000291792701009968 0.0217672762288707 -0.0511146621299149 -0.0794906107857808 -0.0335873731010464 0.0347319853958207
Maximizing likelihood @ n=512×195=99840
 SD[log(ℓ)] = 0.194837210208971
 Δlog(ℓ) = 0.305856075862305
 Δβ/SD[β] = 0.00205750041880966 -0.00192072655405892 0.0024580913033957 -0.183362042301644 0.00205563002584992 -0.00567242615652228
Maximizing likelihood @ n=1024×195=199680
 SD[log(ℓ)] = 0.134403673920095
 Δlog(ℓ) = 0.172875393739098
 Δβ/SD[β] = 0.0253500328046412 0.0113018182945407 0.00626061904474841 -0.0549353832177078 -0.00237180109542236 -0.00367272840937177
Maximizing likelihood @ n=2048×195=399360
 SD[log(ℓ)] = 0.0939567053506063
 Δlog(ℓ) = 0.0528939379947957
 Δβ/SD[β] = 0.00843715392143858 0.0104960779189864 -0.00314377857433858 -0.0406561082897623 0.0158028929921939 -0.00314715125913715
Maximizing likelihood @ n=4096×195=798720
 SD[log(ℓ)] = 0.0667896114935926
 Δlog(ℓ) = 0.093583265800234
 Δβ/SD[β] = -0.0038075940896194 -0.0185807792734196 -0.00935111818765653 -0.0270288981878893 0.00596772203805122 -0.00438598844738103
Maximizing likelihood @ n=8192×195=1597440
 SD[log(ℓ)] = 0.0470203124254281
 Δlog(ℓ) = -0.0561493994290174
 Δβ/SD[β] = 0.00625224748343044 0.00249324982782673 0.000816916773964673 0.0105210522287347 -0.0095964027502984 -0.000327989860777041
Maximizing likelihood @ n=16384×195=3194880
 SD[log(ℓ)] = 0.0331606471355258
 Δlog(ℓ) = 0.0374198413395206
 Δβ/SD[β] = 0.000762969100774059 -0.00422175054794642 0.00893573812040983 -0.0199784248647706 0.000488613485053691 0.00634797891485045
Maximizing likelihood @ n=32768×195=6389760
 SD[log(ℓ)] = 0.0244764570003291
 Δlog(ℓ) = 0.00092711628185782
 Δβ/SD[β] = 0.00629111253411179 0.0033582805036913 0.00132571818749636 0.0130525745575553 0.00796502076317807 -0.00300706940414741
Maximizing likelihood @ n=65536×195=12779520
 SD[log(ℓ)] = 0.0174772609602519
 Δlog(ℓ) = -0.0103781357401544
 Δβ/SD[β] = 0.00958812667338675 -0.0270356180249418 0.0297639799622795 0.0114256545977282 -0.00881804528640528 -0.0118918230580706
Calculating Hessian
Maximizing likelihood @ n=1×195=195
 SD[log(ℓ)] = 2.25289035388243
 Δlog(ℓ) = Inf
 Δβ/SD[β] = 1.85138064270633 -0.0283205986365084 -0.00754316259090265 -1.368919571728 4.20836349418984 -0.083461087868316
Maximizing likelihood @ n=2×195=390
 SD[log(ℓ)] = 2.29860463881616
 Δlog(ℓ) = 8.23041986363656
 Δβ/SD[β] = -0.0373091499739746 0.631041029646925 0.582190809924597 0.155056734868201 2.74095989598725 -1.1201326003183
Maximizing likelihood @ n=4×195=780
 SD[log(ℓ)] = 1.67970243898629
 Δlog(ℓ) = 0.0507782929438072
 Δβ/SD[β] = -0.0975676916690103 -0.200181944209443 0.0505501978137541 -0.662930658880701 0.0684485474297708 0.105092639573895
Maximizing likelihood @ n=8×195=1560
 SD[log(ℓ)] = 1.3290796864305
 Δlog(ℓ) = 3.04730796714707
 Δβ/SD[β] = 0.0167341811533727 -0.0219859206312828 -0.0019137898648012 -0.553824758282374 0.113506949434435 0.0214727577156409
Maximizing likelihood @ n=16×195=3120
 SD[log(ℓ)] = 0.949155789966498
 Δlog(ℓ) = -1.82926225845251
 Δβ/SD[β] = -0.0194673503288987 -0.0934198695814696 0.0350554504412803 0.126593021188555 -0.00466104182134356 -0.168289026128562
Maximizing likelihood @ n=32×195=6240
 SD[log(ℓ)] = 0.676616410987676
 Δlog(ℓ) = 0.476073007966932
 Δβ/SD[β] = -0.00931341250067679 -0.0199049980898412 -0.00373814564597702 -0.00191993883812283 -0.0627591478654571 0.014054106470828
Maximizing likelihood @ n=64×195=12480
 SD[log(ℓ)] = 0.476336938546126
 Δlog(ℓ) = -0.346962603437973
 Δβ/SD[β] = -0.0486381952946149 -0.00168994267331407 0.0146680196598055 -0.0394398829001808 -0.0816985429835426 -0.0138610505805325
Maximizing likelihood @ n=128×195=24960
 SD[log(ℓ)] = 0.342183743200161
 Δlog(ℓ) = 0.0211255105806742
 Δβ/SD[β] = 0.00245947779139446 0.0094876695116957 -0.00357867475109029 -0.0179457861072759 0.0133503203814512 -0.00276594788512896
Maximizing likelihood @ n=256×195=49920
 SD[log(ℓ)] = 0.275045916360146
 Δlog(ℓ) = -0.373741596680354
 Δβ/SD[β] = -0.0969828890569326 -0.0188831518672464 -0.0935780578111428 0.326625120551245 0.0197758812464455 0.0423385096514943
Maximizing likelihood @ n=512×195=99840
 SD[log(ℓ)] = 0.198057731282885
 Δlog(ℓ) = 0.146205532749207
 Δβ/SD[β] = 0.00817758283016561 0.0152727516134341 -0.00141596812998367 -0.0525057226058235 -0.0375745846785554 -0.0278805054801695
Maximizing likelihood @ n=1024×195=199680
 SD[log(ℓ)] = 0.134765167678129
 Δlog(ℓ) = 0.0325574257714507
 Δβ/SD[β] = -2.49319193370967e-05 0.0246505659307915 0.0135895944254071 -0.0518980526955293 -0.00851265513242023 0.0126170356029877
Maximizing likelihood @ n=2048×195=399360
 SD[log(ℓ)] = 0.0937684474499238
 Δlog(ℓ) = -0.0120715017314339
 Δβ/SD[β] = 0.0127446404603904 -0.00963613757807072 -0.0130978881713694 -0.0318691902330484 0.00447024976174187 -0.00188530098033187
Maximizing likelihood @ n=4096×195=798720
 SD[log(ℓ)] = 0.0671608055035626
 Δlog(ℓ) = -0.02541616267645
 Δβ/SD[β] = 0.00299108892215203 -0.000769796685522223 0.00367186547519394 0.0100839453676431 0.00511641988329414 0.00242983640050443
Maximizing likelihood @ n=8192×195=1597440
 SD[log(ℓ)] = 0.0479185592844806
 Δlog(ℓ) = -0.0209327569237701
 Δβ/SD[β] = 0.0190558498551124 0.00294357872450268 0.0204314023606353 0.0190787721127545 -0.00848877988427225 0.0195979478637234
Maximizing likelihood @ n=16384×195=3194880
 SD[log(ℓ)] = 0.0340931231308899
 Δlog(ℓ) = 0.0336982782870052
 Δβ/SD[β] = 0.00628531398887936 -0.00274094222547904 0.00565380174298446 -0.0216947598338711 0.00107635389493032 0.00628061622698978
Maximizing likelihood @ n=32768×195=6389760
 SD[log(ℓ)] = 0.0249973751896383
 Δlog(ℓ) = 0.0410394295978023
 Δβ/SD[β] = 0 0 0 0 0 0
Maximizing likelihood @ n=65536×195=12779520
 SD[log(ℓ)] = 0.0182634405577112
 Δlog(ℓ) = -0.00337453169949953
 Δβ/SD[β] = -0.0138874972152416 0.0044269297075577 6.4250175925601e-05 0.00159641367400135 0.012623679405043 0.0492613608251875
Calculating Hessian
Maximizing likelihood @ n=1×195=195
 SD[log(ℓ)] = 3.59023944120402
 Δlog(ℓ) = Inf
 Δβ/SD[β] = -0.3992553211133 0.76540829036045 0.42893338209773 -1.95989809630842 14.4817397726243 1.34848157614904
Maximizing likelihood @ n=2×195=390
 SD[log(ℓ)] = 3.52149739738563
 Δlog(ℓ) = -10.1778107230282
 Δβ/SD[β] = -0.0617902082932278 -0.49005555014264 -0.608182459572388 1.20142282873462 -0.00946946101415355 -0.917671082319432
Maximizing likelihood @ n=4×195=780
 SD[log(ℓ)] = 1.65757301120326
 Δlog(ℓ) = 6.24136242956322
 Δβ/SD[β] = 2.49344648645726 -0.755858901495287 1.91197218302236 5.25312893018732 0.160149871505952 0.82044976277377
Maximizing likelihood @ n=8×195=1560
 SD[log(ℓ)] = 1.29731630764451
 Δlog(ℓ) = 3.82377746035682
 Δβ/SD[β] = 11.710500988445 -1.25878587550701 0.971662315322542 -0.094522214248423 0.130306054206329 -0.406107204308904
Maximizing likelihood @ n=16×195=3120
 SD[log(ℓ)] = 1.04145493660775
 Δlog(ℓ) = 1.96521150150096
 Δβ/SD[β] = 1.7876957752972 -0.445162100026522 0.876857343970775 0.068708522236196 0.13658466152507 1.2277617001004
Maximizing likelihood @ n=32×195=6240
 SD[log(ℓ)] = 0.842980098281994
 Δlog(ℓ) = -0.336207822979901
 Δβ/SD[β] = 0.43798727615585 -1.15137251393342 0.0252555872830556 1.12544489109584 -0.0884080502105766 0.739717511539112
Maximizing likelihood @ n=64×195=12480
 SD[log(ℓ)] = 0.630332005697229
 Δlog(ℓ) = 1.09677863700634
 Δβ/SD[β] = 0.0758151075715319 -0.777961568445126 0.0254825306422823 0.0124213370153975 0.0679678360790406 -0.0627746203451821
Maximizing likelihood @ n=128×195=24960
 SD[log(ℓ)] = 0.441098322343263
 Δlog(ℓ) = 0.180633420753551
 Δβ/SD[β] = -0.0148047233418987 -0.357936616651412 0.0849687824226256 -0.240083112080785 0.108756218080238 -0.0204239099082985
Maximizing likelihood @ n=256×195=49920
 SD[log(ℓ)] = 0.321589764165577
 Δlog(ℓ) = 0.420701622840603
 Δβ/SD[β] = -0.019264757925852 -0.153542419814401 -0.0417170865145405 -0.0305226147006192 -0.00783810933978911 0.0320253564116172
Maximizing likelihood @ n=512×195=99840
 SD[log(ℓ)] = 0.233607962131698
 Δlog(ℓ) = -0.154151896537542
 Δβ/SD[β] = 0.101008620446531 -0.126176692619627 0.120424547844398 -0.132705814464023 0.0434854753455912 -0.00216900392933867
Maximizing likelihood @ n=1024×195=199680
 SD[log(ℓ)] = 0.174615659482363
 Δlog(ℓ) = 0.24702022295066
 Δβ/SD[β] = 0.0245553794542181 -0.0174304696419216 -0.00217197510171464 -0.00381372661342197 0.0031044247332842 -0.00486307230189005
Maximizing likelihood @ n=2048×195=399360
 SD[log(ℓ)] = 0.125360770373634
 Δlog(ℓ) = 0.183608399566779
 Δβ/SD[β] = 0.0316070697390332 -0.11025997710619 -0.0275322330217317 -0.022593075766383 0.003183421610804 -0.0150038972930593
Maximizing likelihood @ n=4096×195=798720
 SD[log(ℓ)] = 0.0861036360881476
 Δlog(ℓ) = 0.0958417458107448
 Δβ/SD[β] = -0.0173806086411482 -0.0213955643940137 -0.00985398110381544 0.00138462729814221 0.0192169720283211 0.0187584605569598
Maximizing likelihood @ n=8192×195=1597440
 SD[log(ℓ)] = 0.061059274992764
 Δlog(ℓ) = 0.0245820369058549
 Δβ/SD[β] = 0.0195582117212099 -0.0384603748622889 -0.00436159769910651 -0.0229530347357284 -0.0276445215671437 0.0104996060709241
Maximizing likelihood @ n=16384×195=3194880
 SD[log(ℓ)] = 0.0433899104134225
 Δlog(ℓ) = -0.040072859842418
 Δβ/SD[β] = -0.00723768632702748 -0.0835799180992554 0.024820549807809 0.0765846242596764 -0.00243253888572953 0.0691439199961246
Maximizing likelihood @ n=32768×195=6389760
 SD[log(ℓ)] = 0.0311879901500948
 Δlog(ℓ) = 0.0352368979077227
 Δβ/SD[β] = 0.0973416304003502 -0.0429448302471788 0.0360167676821206 0.0410020802756907 0.0442961569244269 0.0561950850512748
Maximizing likelihood @ n=65536×195=12779520
 SD[log(ℓ)] = 0.0218225526199933
 Δlog(ℓ) = -0.0150702901812849
 Δβ/SD[β] = -0.0157640594714562 -0.0305417326882687 -0.0233362242816126 0.0283417916682062 -0.00713848031822 0.0398628833995013
Calculating Hessian
Starting buffer 1500 
Maximizing likelihood @ n=1×195=195
 SD[log(ℓ)] = 2.46243071713473
 Δlog(ℓ) = Inf
 Δβ/SD[β] = -1.41252370373532 0.0591835471523043 0.508942295979842 -1.68608073375148 5.48993459949104 0.485033217190591
Maximizing likelihood @ n=2×195=390
 SD[log(ℓ)] = 2.39251966196982
 Δlog(ℓ) = 1.90847112291248
 Δβ/SD[β] = -0.122046174636146 -0.0971798815063741 0.608427403207514 0.231258532500475 2.39276757821616 0.29738480509527
Maximizing likelihood @ n=4×195=780
 SD[log(ℓ)] = 1.77688305691347
 Δlog(ℓ) = -0.0513677981546898
 Δβ/SD[β] = 0.0758479742159235 -0.196228796582136 -0.0574650867292653 0.546167856463077 -0.43794096336646 -0.591433710052808
Maximizing likelihood @ n=8×195=1560
 SD[log(ℓ)] = 1.33161079911599
 Δlog(ℓ) = 0.968322988071634
 Δβ/SD[β] = -0.302307288778766 -0.103231602252279 -0.499986694404117 -0.130817134142358 0.0473771973187072 -0.557855749947764
Maximizing likelihood @ n=16×195=3120
 SD[log(ℓ)] = 1.03886595840021
 Δlog(ℓ) = 1.1595530007942
 Δβ/SD[β] = 0.00513789942665788 0.0158969897216218 0.119768578668631 -0.31941996082881 0.0374823127274712 -0.102743533221311
Maximizing likelihood @ n=32×195=6240
 SD[log(ℓ)] = 0.697505268162543
 Δlog(ℓ) = -1.28388425159194
 Δβ/SD[β] = -0.0516546136025148 0.0334480156101316 0.110775040722062 0.777241217232397 0.0642552195032103 0.0580465926385005
Maximizing likelihood @ n=64×195=12480
 SD[log(ℓ)] = 0.485727053154193
 Δlog(ℓ) = -0.588702746704342
 Δβ/SD[β] = 0 0 0 0 0 0
Maximizing likelihood @ n=128×195=24960
 SD[log(ℓ)] = 0.3490887388989
 Δlog(ℓ) = 0.167291322769017
 Δβ/SD[β] = -0.0149542541653689 -0.0176862739508835 -0.0142915413024387 0.0504290924417065 -0.000839751676998588 -0.00918326511173954
Maximizing likelihood @ n=256×195=49920
 SD[log(ℓ)] = 0.25650942441614
 Δlog(ℓ) = -0.125709296866269
 Δβ/SD[β] = -0.0337709669178913 0.00687660352100041 0.0207382862039086 0.0718372151947067 -0.0243401585516561 -0.0208339096500139
Maximizing likelihood @ n=512×195=99840
 SD[log(ℓ)] = 0.181659903297745
 Δlog(ℓ) = 0.37055919022125
 Δβ/SD[β] = 0.00734153861285581 -0.0252163916054722 0.0082753529698977 -0.0447593259779928 0.0379665730405209 -0.0215515466655153
Maximizing likelihood @ n=1024×195=199680
 SD[log(ℓ)] = 0.13212086917276
 Δlog(ℓ) = -0.139063815881563
 Δβ/SD[β] = 0.00334251064124889 -0.0275034342668176 0.00607187420147906 0.0507062215042635 -0.0428156810998921 -0.00570536906510648
Maximizing likelihood @ n=2048×195=399360
 SD[log(ℓ)] = 0.0943344142026276
 Δlog(ℓ) = -0.0343463107192292
 Δβ/SD[β] = 0.0033616217333558 0.00618844777518415 -0.00071708697849771 0.0379943700338301 0.015848039876896 -0.00479126961807979
Maximizing likelihood @ n=4096×195=798720
 SD[log(ℓ)] = 0.0654589544172965
 Δlog(ℓ) = -0.0435447783143061
 Δβ/SD[β] = 0.0026297414137714 -0.0168454232323909 -0.0111479411928425 0.0427512706118198 -0.0219250223644443 -0.0352562112268191
Maximizing likelihood @ n=8192×195=1597440
 SD[log(ℓ)] = 0.0485962614153265
 Δlog(ℓ) = 0.0627852437363217
 Δβ/SD[β] = 0.592362062365685 -0.447980772358167 -0.0428246018929747 -0.0116541400411534 0.0187206128825763 -0.662730497312559
Maximizing likelihood @ n=16384×195=3194880
 SD[log(ℓ)] = 0.0337855711253815
 Δlog(ℓ) = 0.0405085573785229
 Δβ/SD[β] = 0.00384783259394981 -0.00785222208883127 0.000208079166300145 -0.000710024122970402 0.00896238096713301 -0.000922333936086023
Maximizing likelihood @ n=32768×195=6389760
 SD[log(ℓ)] = 0.0242764083385768
 Δlog(ℓ) = -0.028992403839375
 Δβ/SD[β] = -0.00431546804384286 -0.00647709737769304 0.00414747532900122 0.0125603476950892 -0.00367381315681036 0.00098554498838554
Maximizing likelihood @ n=65536×195=12779520
 SD[log(ℓ)] = 0.0188493365361603
 Δlog(ℓ) = -0.0257799473808333
 Δβ/SD[β] = 0.0523070892920289 -0.0895185010308549 -0.0240723165099652 0.0307755439284335 -0.0111509970299099 0.0121511291727241
Calculating Hessian
Maximizing likelihood @ n=1×195=195
 SD[log(ℓ)] = 2.04492582256857
 Δlog(ℓ) = Inf
 Δβ/SD[β] = 1.7734080494984 0.0517988246132307 0.0134332140142775 -1.35568394503338 4.53416059977571 0.00316426402919148
Maximizing likelihood @ n=2×195=390
 SD[log(ℓ)] = 2.05336854947992
 Δlog(ℓ) = 5.06416552288842
 Δβ/SD[β] = 0.117326703574706 -1.67362968856819 0.25708244253639 0.0360984514748706 1.95487578595184 0.00813983822453366
Maximizing likelihood @ n=4×195=780
 SD[log(ℓ)] = 1.57586078655418
 Δlog(ℓ) = 2.26518814531217
 Δβ/SD[β] = -0.082069347766033 0.164867998464248 -0.183390724931583 0.365994013754224 0.106397575658362 -0.119057326236534
Maximizing likelihood @ n=8×195=1560
 SD[log(ℓ)] = 1.19305351443204
 Δlog(ℓ) = 0.292006833782633
 Δβ/SD[β] = 0.100506654907938 0.752150602007512 -0.181050755820276 -0.515069367157465 0.0581762026309408 -0.0476286599267687
Maximizing likelihood @ n=16×195=3120
 SD[log(ℓ)] = 0.919518933573377
 Δlog(ℓ) = 1.92408459393157
 Δβ/SD[β] = -0.0271817348643751 0.00444990423241876 0.00516189806160759 -0.403741111711938 0.0930778750312005 0.0894630930877325
Maximizing likelihood @ n=32×195=6240
 SD[log(ℓ)] = 0.678150267164914
 Δlog(ℓ) = 1.11616567759395
 Δβ/SD[β] = -0.0163106640060507 -0.0139285778155639 -0.00595813186469457 -0.116573925358101 0.106255748144422 -0.0550816698544451
Maximizing likelihood @ n=64×195=12480
 SD[log(ℓ)] = 0.500753571614158
 Δlog(ℓ) = 0.536375287749586
 Δβ/SD[β] = -0.073482094603225 0.0198063661376069 0.0124441744515112 0.173424009833053 0.0440502949338182 0.00187271541018087
Maximizing likelihood @ n=128×195=24960
 SD[log(ℓ)] = 0.352040426491089
 Δlog(ℓ) = -0.0881180789884937
 Δβ/SD[β] = 0.0250094817707354 -0.00679056644571415 0.0413503544160427 -0.0614042404496516 -0.0110513511693305 0.0402263076788226
Maximizing likelihood @ n=256×195=49920
 SD[log(ℓ)] = 0.252354272130956
 Δlog(ℓ) = -0.159936222492597
 Δβ/SD[β] = -0.0122730671114029 -0.0160487277235993 0.00281020853691273 0.0314395992677306 -0.00282314151476721 0.000192609350954491
Maximizing likelihood @ n=512×195=99840
 SD[log(ℓ)] = 0.178504814770933
 Δlog(ℓ) = -0.351129858949008
 Δβ/SD[β] = 2.27162528771169e-06 0.000351389187966204 0.000521454792743033 0.0233104332585671 -0.0135456681908524 -5.35692682763215e-05
Maximizing likelihood @ n=1024×195=199680
 SD[log(ℓ)] = 0.125978731336799
 Δlog(ℓ) = -0.0410084055959032
 Δβ/SD[β] = 0.00345500880654842 -0.00484197902808667 -0.000959896440176503 -0.0310511805057136 -0.00362584716665406 -0.0010116450040288
Maximizing likelihood @ n=2048×195=399360
 SD[log(ℓ)] = 0.0895502104765745
 Δlog(ℓ) = 0.0294945574496239
 Δβ/SD[β] = -0.00654090278841706 -0.000621012442257585 -0.00752812734370174 0.0328093495515844 0.0142471851162674 0.0031678941779327
Maximizing likelihood @ n=4096×195=798720
 SD[log(ℓ)] = 0.0636549096294412
 Δlog(ℓ) = 0.00598329427046451
 Δβ/SD[β] = -0.00200082718466946 -0.00141101887360844 0.00614922198762022 0.0111641322443787 -0.00170871184665234 0.000913268913659227
Maximizing likelihood @ n=8192×195=1597440
 SD[log(ℓ)] = 0.0466647209154338
 Δlog(ℓ) = 0.0058082835666653
 Δβ/SD[β] = -0.00657742329494138 0.00629190745360201 0.00501691118038303 0.0117458641998488 0.00761246255812975 -0.00316705465831451
Maximizing likelihood @ n=16384×195=3194880
 SD[log(ℓ)] = 0.0334054183471013
 Δlog(ℓ) = -0.0372945720070348
 Δβ/SD[β] = 0 0 0 0 0 0
Maximizing likelihood @ n=32768×195=6389760
 SD[log(ℓ)] = 0.0242147378108993
 Δlog(ℓ) = 0.0156421246401237
 Δβ/SD[β] = -0.0040169436389102 -0.000852796978802974 0.00321861006391872 0.0142164215559044 -0.00312401746973378 -0.00269103131350365
Maximizing likelihood @ n=65536×195=12779520
 SD[log(ℓ)] = 0.0180238657367076
 Δlog(ℓ) = -0.00625820738969196
 Δβ/SD[β] = 0.00037633488271611 0.00433908380560599 0.00318021104493952 0.0135125845703621 0.00111428621894102 -0.0022699948976297
Calculating Hessian
Maximizing likelihood @ n=1×195=195
 SD[log(ℓ)] = 2.02065206778605
 Δlog(ℓ) = Inf
 Δβ/SD[β] = 0.560318463376694 -0.320025930139525 0.14278042026948 -2.59840946188036 7.10482491495361 -0.147823437319484
Maximizing likelihood @ n=2×195=390
 SD[log(ℓ)] = 2.3305159817261
 Δlog(ℓ) = 9.5644677859533
 Δβ/SD[β] = -0.46856566415694 0.0390461075219837 4.52816422780143 -0.391734229433873 1.85589810454984 2.0646858936311
Maximizing likelihood @ n=4×195=780
 SD[log(ℓ)] = 1.67589586235709
 Δlog(ℓ) = -1.36091285602835
 Δβ/SD[β] = -1.05103922583833 0.732378711097051 -0.261710249584837 0.492043933982679 -0.0113347945663934 0.0651754324772241
Maximizing likelihood @ n=8×195=1560
 SD[log(ℓ)] = 1.12554120306707
 Δlog(ℓ) = -0.710634254975798
 Δβ/SD[β] = 1.92062875453277 -0.282826056474942 0.529411440566875 1.05457586589537 0.138652980148823 -0.764364326815368
Maximizing likelihood @ n=16×195=3120
 SD[log(ℓ)] = 0.870829164819308
 Δlog(ℓ) = 1.35442619440453
 Δβ/SD[β] = -0.026335196512815 -0.0697176656567526 -0.114100015713121 -0.356394969357825 -0.00293409049600147 -0.10484143777759
Maximizing likelihood @ n=32×195=6240
 SD[log(ℓ)] = 0.649720181906391
 Δlog(ℓ) = 0.612758026161991
 Δβ/SD[β] = 0.0134672312429219 -0.0178964390172835 -0.0906654609174709 -0.1045830979118 0.0620845089848662 -0.000996519470710294
Maximizing likelihood @ n=64×195=12480
 SD[log(ℓ)] = 0.46889510511804
 Δlog(ℓ) = 0.286687141536348
 Δβ/SD[β] = -0.0165205685316515 -0.0800001607843285 -0.162329524545267 -0.159610606133713 0.0598151511270728 -0.0753543061559399
Maximizing likelihood @ n=128×195=24960
 SD[log(ℓ)] = 0.343818140351223
 Δlog(ℓ) = 0.493897622479626
 Δβ/SD[β] = 0.114614664630114 0.224608939960287 -0.143710635381736 -0.124609408955547 -0.0528123335056596 -0.0958136238761134
Maximizing likelihood @ n=256×195=49920
 SD[log(ℓ)] = 0.255091603614144
 Δlog(ℓ) = 0.423536207128542
 Δβ/SD[β] = -0.0352855307006055 0.02843171940695 -0.0712386009845463 -0.0691912806526765 -0.00760323898857778 0.0268450048296068
Maximizing likelihood @ n=512×195=99840
 SD[log(ℓ)] = 0.187131001168113
 Δlog(ℓ) = 0.186429746793941
 Δβ/SD[β] = 0.00620177200277829 0.0357596371094502 -0.0140697048470551 0.0271694572675171 0.0314659897540617 -0.0135805392820287
Maximizing likelihood @ n=1024×195=199680
 SD[log(ℓ)] = 0.131142674474309
 Δlog(ℓ) = -0.0181952923032469
 Δβ/SD[β] = -0.446866761347643 0.308203666540245 0.20055339062128 0.0129755039128129 -0.0122202783287641 -0.390421960755157
Maximizing likelihood @ n=2048×195=399360
 SD[log(ℓ)] = 0.102931587777668
 Δlog(ℓ) = 0.033134079189189
 Δβ/SD[β] = -0.00197697023029758 -0.0134864470091246 0.000895914967168511 0.0501880646147905 0.00834211092073267 0.0154405534953179
Maximizing likelihood @ n=4096×195=798720
 SD[log(ℓ)] = 0.0695772023383644
 Δlog(ℓ) = -0.0218669216138991
 Δβ/SD[β] = 0.00494287429655393 0.00937709434751556 -0.00687803600044211 -0.0379460342909465 -0.015116386509511 0.00911347201036735
Maximizing likelihood @ n=8192×195=1597440
 SD[log(ℓ)] = 0.0477834459144844
 Δlog(ℓ) = 0.0115319082499994
 Δβ/SD[β] = -0.000772320194702355 0.00651704831451532 -0.00876241789821196 0.00271742152505983 0.0185221042766816 0.00273166809703843
Maximizing likelihood @ n=16384×195=3194880
 SD[log(ℓ)] = 0.0338850361984896
 Δlog(ℓ) = 0.038677241881004
 Δβ/SD[β] = 7.32869890914442e-05 0.0162935147307222 -0.0110873235416387 -0.0222579645737995 0.00822622977682898 0.0013690888355223
Maximizing likelihood @ n=32768×195=6389760
 SD[log(ℓ)] = 0.0243696036819273
 Δlog(ℓ) = -0.021714169506879
 Δβ/SD[β] = -0.00973668343544309 0.0345315766948833 -0.0080393653025764 0.0119202891215519 -0.0203848684072583 -0.022320946226341
Maximizing likelihood @ n=65536×195=12779520
 SD[log(ℓ)] = 0.0178310631217456
 Δlog(ℓ) = 0.00350731221853096
 Δβ/SD[β] = -0.000982004471639228 0.00949888845133879 -0.00618099390267045 0.0129072758808125 0.00955647085093761 -0.00246816379657816
Calculating Hessian
Maximizing likelihood @ n=1×195=195
 SD[log(ℓ)] = 2.78206180877968
 Δlog(ℓ) = Inf
 Δβ/SD[β] = 5.29497663968824 -0.0915687590788324 1.06642056457652 -9.06331498762616 8.31813467602657 0.0176512912902485
Maximizing likelihood @ n=2×195=390
 SD[log(ℓ)] = 2.98797576683647
 Δlog(ℓ) = 8.1524438734094
 Δβ/SD[β] = 8.05111849423572 1.02873324615254 2.12910228089058 1.64708534886265 2.7382868496419 -4.67586998713092
Maximizing likelihood @ n=4×195=780
 SD[log(ℓ)] = 2.11184104661348
 Δlog(ℓ) = -1.90018513022938
 Δβ/SD[β] = 0.465927119637489 -0.029429765032194 -0.30493221945388 2.14477931675193 -0.294826444215117 0.668718600198099
Maximizing likelihood @ n=8×195=1560
 SD[log(ℓ)] = 1.54412369296675
 Δlog(ℓ) = 0.248832545665792
 Δβ/SD[β] = 0.0719789005832787 -0.174940367615187 -0.034285693439869 -0.145863793347212 0.120827968208759 -0.059949844675195
Maximizing likelihood @ n=16×195=3120
 SD[log(ℓ)] = 1.0750585004003
 Δlog(ℓ) = -1.11875734177756
 Δβ/SD[β] = -0.733929204425893 -0.451432370530888 0.682727527420236 -0.316453891258665 0.0231807145597835 -0.191908081619856
Maximizing likelihood @ n=32×195=6240
 SD[log(ℓ)] = 0.859514117306986
 Δlog(ℓ) = -0.373506915432564
 Δβ/SD[β] = -0.048333609835941 0.0401166886351603 -0.0501306026303852 -0.466970653058046 -0.0120667745680609 0.0926591814923172
Maximizing likelihood @ n=64×195=12480
 SD[log(ℓ)] = 0.659997577774238
 Δlog(ℓ) = 1.26337096828079
 Δβ/SD[β] = -0.182128640198639 -0.337331996467185 -0.225248306784297 -0.819327954501352 0.0122269913819681 0.400968045536943
Maximizing likelihood @ n=128×195=24960
 SD[log(ℓ)] = 0.479263493724464
 Δlog(ℓ) = -0.174095413872919
 Δβ/SD[β] = -0.124091954939153 -0.0328675702466506 -0.0412399636762127 -0.171709389114377 0.0348945129504479 0.06358084923213
Maximizing likelihood @ n=256×195=49920
 SD[log(ℓ)] = 0.338626645273231
 Δlog(ℓ) = 0.525678969205373
 Δβ/SD[β] = 0.0535793459470931 -0.0107030524735889 -0.0253873245025909 -0.0211697843171488 -0.0213952029375043 0.0191316897126851
Maximizing likelihood @ n=512×195=99840
 SD[log(ℓ)] = 0.245931087537136
 Δlog(ℓ) = -0.306965002304835
 Δβ/SD[β] = -0.152075977956786 -0.0665177032226226 -0.0687297492227049 -0.0627688645700793 -0.00956194540183231 0.0784589942661691
Maximizing likelihood @ n=1024×195=199680
 SD[log(ℓ)] = 0.173593313061126
 Δlog(ℓ) = 0.116127510563707
 Δβ/SD[β] = -0.00279604573725921 -0.0177613586107083 0.0163409081716614 0.0367648152793761 0.0188228230304758 0.0118901517549671
Maximizing likelihood @ n=2048×195=399360
 SD[log(ℓ)] = 0.124584347454049
 Δlog(ℓ) = 0.0628019147201755
 Δβ/SD[β] = 0.0198781071684914 -0.0145289752282265 -0.00950874941470816 -0.0346435174084629 -0.0248117910104872 0.00849243045938417
Maximizing likelihood @ n=4096×195=798720
 SD[log(ℓ)] = 0.089379266091244
 Δlog(ℓ) = -0.0551013635477844
 Δβ/SD[β] = 0.0347252724972197 -0.0054860001356649 0.00190606269733414 0.015993011994604 0.0244162793850157 -0.00360054006673303
Maximizing likelihood @ n=8192×195=1597440
 SD[log(ℓ)] = 0.0624648196816795
 Δlog(ℓ) = -0.0704616100596738
 Δβ/SD[β] = -0.000196273098973396 0.0105544278406315 -0.000301148762899105 0.0268461356111381 0.00978795940862559 0.0174370903929715
Maximizing likelihood @ n=16384×195=3194880
 SD[log(ℓ)] = 0.0443878387262372
 Δlog(ℓ) = 0.0231575905360231
 Δβ/SD[β] = 0.0129706878998642 -0.00482954062085458 0.00545034876191974 0.0092445013846793 -0.010841365710916 0.000910345816717927
Maximizing likelihood @ n=32768×195=6389760
 SD[log(ℓ)] = 0.0312319505849469
 Δlog(ℓ) = -0.0631968019479459
 Δβ/SD[β] = -0.0123305799750319 0.000377218684109261 0.00234816526978288 0.00188525457246404 0.00340727664357602 0.00504849438488677
Maximizing likelihood @ n=65536×195=12779520
 SD[log(ℓ)] = 0.0221135030603004
 Δlog(ℓ) = 0.00809669626713827
 Δβ/SD[β] = 0.00521924692291308 -0.00313829902927114 0.00120374529833823 0.000482596891384773 -0.00590166882835689 0.0014831555877522
Calculating Hessian
There were 13 warnings (use warnings() to see them)
Script complete
Sat Nov 16 04:30:28 MST 2024
