Wed Nov 20 20:45:41 MST 2024
Initiating script
── Attaching core tidyverse packages ──────────────────────── tidyverse 2.0.0 ──
✔ dplyr     1.1.4     ✔ readr     2.1.5
✔ forcats   1.0.0     ✔ stringr   1.5.1
✔ ggplot2   3.5.1     ✔ tibble    3.2.1
✔ lubridate 1.9.3     ✔ tidyr     1.3.1
✔ purrr     1.0.2     
── Conflicts ────────────────────────────────────────── tidyverse_conflicts() ──
✖ ggplot2::annotate() masks ctmm::annotate()
✖ dplyr::filter()     masks stats::filter()
✖ dplyr::lag()        masks stats::lag()
ℹ Use the conflicted package (<http://conflicted.r-lib.org/>) to force all conflicts to become errors
Linking to GEOS 3.9.5, GDAL 3.8.5, PROJ 9.4.0; sf_use_s2() is TRUE
Loading required package: sp

Attaching package: ‘raster’

The following object is masked from ‘package:dplyr’:

    select

The following objects are masked from ‘package:ctmm’:

    projection, projection<-

terra 1.7.78

Attaching package: ‘terra’

The following object is masked from ‘package:tidyr’:

    extract

The following objects are masked from ‘package:ctmm’:

    distance, meta

[1] "/home/u15/mmercer3/proj/habitat_analysis_class/Final/Model_Fit_Results/roads_1500/Lisa_rr.Rda"
     [,1]                                
[1,] "Data loaded at 2024-11-20 20:45:53"
Default grid size of 51.4214285714286 minutes chosen for bandwidth(...,fast=TRUE).
Some rasters are not loaded in RAM and may be slow to process. See help("raster::readAll").
Maximizing likelihood @ n=1×1622=1622
 SD[log(ℓ)] = 4.95006044588655
 Δlog(ℓ) = Inf
 Δβ/SD[β] = 1.02265634893798 1.16470488634475 2.82700237822851 0.739928834027602 -0.609445382169527 -0.770971815296616 -0.90756180064015 -0.334925512431964
Maximizing likelihood @ n=2×1622=3244
 SD[log(ℓ)] = 3.85160058310662
 Δlog(ℓ) = 7.28772315249998
 Δβ/SD[β] = -0.0535560819378236 0.84917256501038 0.265496495703284 0.265538642066763 -0.218114933277481 0.231902239260915 0.313575350342741 -0.154952349686501
Maximizing likelihood @ n=4×1622=6488
 SD[log(ℓ)] = 3.30335827947988
 Δlog(ℓ) = 12.9672449298697
 Δβ/SD[β] = 0.052049111013576 0.504954318509902 0.196377810316823 0.187763248968579 -0.165265601521476 0.144026723610528 0.108341710127361 -0.200449618135772
Maximizing likelihood @ n=8×1622=12976
 SD[log(ℓ)] = 2.88507203747697
 Δlog(ℓ) = 22.3470100895025
 Δβ/SD[β] = 0.0172201592851813 1.40134843037821 0.487808648121691 0.461199349418744 -0.473766377028627 0.505140168749531 0.470853525238014 -0.301321043545607
Maximizing likelihood @ n=16×1622=25952
 SD[log(ℓ)] = 2.57105194221565
 Δlog(ℓ) = 9.11956026349631
 Δβ/SD[β] = 0.037547458287152 0.838618441379295 0.242304907818263 0.221462294784018 -0.235448346866124 0.346180790639402 0.470995866308354 -0.169022823586374
Maximizing likelihood @ n=32×1622=51904
 SD[log(ℓ)] = 1.93649541800661
 Δlog(ℓ) = 2.51178318791317
 Δβ/SD[β] = -0.00387732316178027 0.0687006993544988 0.0349823799783057 0.0409112240540511 -0.0409615148490761 0.055380860177936 0.06807951402615 -0.0390342867259913
Maximizing likelihood @ n=64×1622=103808
 SD[log(ℓ)] = 1.38381297821045
 Δlog(ℓ) = -1.40623526645342
 Δβ/SD[β] = -0.0602279760601521 0.0107356936459274 0.0836995198965785 0.0783115673808966 -0.0874354392398902 0.0881873287755839 0.0442306530081917 -0.060433240755719
Maximizing likelihood @ n=128×1622=207616
 SD[log(ℓ)] = 0.97399990576353
 Δlog(ℓ) = 1.26874704662798
 Δβ/SD[β] = -0.00919029269861283 -0.00209825640887341 0.00391214980884832 0.00576871069473047 -0.0100724056511045 -0.00282633465729028 0.00624982492616845 -0.00514904042444389
Maximizing likelihood @ n=256×1622=415232
 SD[log(ℓ)] = 0.701076774803516
 Δlog(ℓ) = 0.537975148455232
 Δβ/SD[β] = -0.0042497775084014 0.0101606508803374 0.00565027608203983 0.00726012883776546 -0.00528703779646439 -0.00275835457720391 0.00909688447939965 -0.00697600335152033
Maximizing likelihood @ n=512×1622=830464
 SD[log(ℓ)] = 0.500440568465037
 Δlog(ℓ) = 0.268724083480166
 Δβ/SD[β] = 0.00618313433381126 0.0137848744157661 0.00508722389007413 0.00420508159166795 -0.0034636032293503 0.00728702972105077 0.0163339188254668 -0.00188616374377345
Maximizing likelihood @ n=1024×1622=1660928
 SD[log(ℓ)] = 0.352619370670903
 Δlog(ℓ) = -0.243278491462718
 Δβ/SD[β] = 0.000352090425169711 0.00141845923545533 0.00231801226739648 0.00254210445249699 -0.00436404620694962 0.0104707594556714 -0.00330538772386854 -0.0047338232947931
Maximizing likelihood @ n=2048×1622=3321856
 SD[log(ℓ)] = 0.252623215023563
 Δlog(ℓ) = 0.450462711951687
 Δβ/SD[β] = 0.00722992988491935 -0.00140982973125753 0.0262100567185452 0.0268635688509719 -0.0302326888276978 0.0185885528075832 0.0382488437984352 -0.0280076222751476
Maximizing likelihood @ n=4096×1622=6643712
 SD[log(ℓ)] = 0.177138760304209
 Δlog(ℓ) = 0.16885245042576
 Δβ/SD[β] = -0.00171984727128784 -0.000388937644758406 0.00300747628370327 0.00348387579805026 -0.00123343147536035 0.0152146626662293 0.00574954364664796 0.000408598964213375
Maximizing likelihood @ n=8192×1622=13287424
 SD[log(ℓ)] = 0.126191594959419
 Δlog(ℓ) = 0.141465287685662
 Δβ/SD[β] = 0.00325272461016015 0.00522088724989019 0.00969831705700924 0.00786450577422631 -0.00971196783741863 0.00862293486395944 -0.000688604584852604 -0.00743563804618523
Maximizing likelihood @ n=16384×1622=26574848
 SD[log(ℓ)] = 0.0893541957308816
 Δlog(ℓ) = 0.0989813316863319
 Δβ/SD[β] = 0.0121002192134462 -0.00347718298603329 -0.00567925072882016 0.0536432645415076 -0.018454309526095 0.00934410157907638 -0.00282929612294798 -0.0267288724434147
Calculating Hessian
Warning message:
In rsf.fit(individual, individual_akde, R = R, max.mem = "2 Gb") :
  Calculation stopped before 3.2 Gb allocation.
Script complete
Wed Nov 20 21:57:59 MST 2024
