Fri Nov 15 15:54:54 MST 2024
Initiating script
── Attaching core tidyverse packages ──────────────────────── tidyverse 2.0.0 ──
✔ dplyr     1.1.4     ✔ readr     2.1.5
✔ forcats   1.0.0     ✔ stringr   1.5.1
✔ ggplot2   3.5.1     ✔ tibble    3.2.1
✔ lubridate 1.9.3     ✔ tidyr     1.3.1
✔ purrr     1.0.2     
── Conflicts ────────────────────────────────────────── tidyverse_conflicts() ──
✖ ggplot2::annotate() masks ctmm::annotate()
✖ dplyr::filter()     masks stats::filter()
✖ dplyr::lag()        masks stats::lag()
ℹ Use the conflicted package (<http://conflicted.r-lib.org/>) to force all conflicts to become errors
Linking to GEOS 3.9.5, GDAL 3.8.5, PROJ 9.4.0; sf_use_s2() is TRUE
Loading required package: sp

Attaching package: ‘raster’

The following object is masked from ‘package:dplyr’:

    select

The following objects are masked from ‘package:ctmm’:

    projection, projection<-

terra 1.7.78

Attaching package: ‘terra’

The following object is masked from ‘package:tidyr’:

    extract

The following objects are masked from ‘package:ctmm’:

    distance, meta

[1] "/home/u15/mmercer3/proj/habitat_analysis_class/Final/Model_Fit_Results/Bunny_rr.Rda"
     [,1]                                
[1,] "Data loaded at 2024-11-15 15:55:06"
Reading layer `major' from data source 
  `/home/u15/mmercer3/proj/habitat_analysis_class/Final/Major_Roads' 
  using driver `ESRI Shapefile'
Simple feature collection with 411 features and 7 fields
Geometry type: LINESTRING
Dimension:     XY
Bounding box:  xmin: 477946 ymin: 3545735 xmax: 511807.9 ymax: 3592212
Projected CRS: WGS 84 / UTM zone 12N
     [,1]                                 
[1,] "Roads loaded at 2024-11-15 15:55:06"
Default grid size of 52.475 minutes chosen for bandwidth(...,fast=TRUE).
|---------|---------|---------|---------|=========================================                                          [1] 1681968
[1] 1681968
Starting buffer 30 
Maximizing likelihood @ n=1×1310=1310
 SD[log(ℓ)] = 4.59311790831032
 Δlog(ℓ) = Inf
 Δβ/SD[β] = -4.13278840800428 0.0318786079418282 -0.0114786743071459 -1.11405073157002 -0.738867703420429 -0.0160183564141959
Maximizing likelihood @ n=2×1310=2620
 SD[log(ℓ)] = 4.4443387914577
 Δlog(ℓ) = 10.8440289133937
 Δβ/SD[β] = -2.36590167007836 -0.496659875783408 0.735935955238684 -1.08969278882452 1.13735896875181 -0.719317428315618
Maximizing likelihood @ n=4×1310=5240
 SD[log(ℓ)] = 3.38204725495559
 Δlog(ℓ) = 1.11736126985898
 Δβ/SD[β] = -0.104153850256165 -0.046103575748326 -0.0620557782684882 0.181187137726344 0.532272174983718 -0.248915926697207
Maximizing likelihood @ n=8×1310=10480
 SD[log(ℓ)] = 2.52505447342686
 Δlog(ℓ) = 1.15883932628997
 Δβ/SD[β] = 0.391146865057169 0.456845371030063 -0.293404636826928 -0.836242898444161 0.140087831162229 -0.447462971834039
Maximizing likelihood @ n=16×1310=20960
 SD[log(ℓ)] = 1.88184637629929
 Δlog(ℓ) = 2.06596261650419
 Δβ/SD[β] = -0.316750568419629 0.0271205836597737 -0.0147986970770022 0.0251410702824588 0.28181013380803 -0.0668654513958417
Maximizing likelihood @ n=32×1310=41920
 SD[log(ℓ)] = 1.39222143312247
 Δlog(ℓ) = 2.45302507852769
 Δβ/SD[β] = -0.224056199262513 -0.0545946279497505 0.232956603068172 -0.214684949579639 0.0418983236538955 -0.334329843047915
Maximizing likelihood @ n=64×1310=83840
 SD[log(ℓ)] = 1.02304445596225
 Δlog(ℓ) = 2.27689303891867
 Δβ/SD[β] = -0.213711295222606 -0.00743867890677574 -0.0255215197559348 -0.118760437857731 0.0625288764611425 -0.0310722627378179
Maximizing likelihood @ n=128×1310=167680
 SD[log(ℓ)] = 0.722555496499778
 Δlog(ℓ) = -0.792602541988948
 Δβ/SD[β] = -0.0228308481116304 -0.0457384788005001 -0.00317681980843219 0.0756365503414249 -0.0350541037001999 0.0371372793490519
Maximizing likelihood @ n=256×1310=335360
 SD[log(ℓ)] = 0.512245773856842
 Δlog(ℓ) = -0.452338401567282
 Δβ/SD[β] = 0.0435925786240393 -0.00148230648933324 0.00552919571030915 0.0345533003038742 0.0105938635359425 0.0262737321681329
Maximizing likelihood @ n=512×1310=670720
 SD[log(ℓ)] = 0.360908684304404
 Δlog(ℓ) = -0.379194787111054
 Δβ/SD[β] = -0.0195495886974799 -0.0376699752320123 0.0230509225735349 0.0233313886611065 -0.0474788387441661 0.0329812764273431
Maximizing likelihood @ n=1024×1310=1341440
 SD[log(ℓ)] = 0.25544346610882
 Δlog(ℓ) = -0.249848474876757
 Δβ/SD[β] = 0.0068121728296817 -0.0048751859922823 0.00582882936008134 -0.0225219027735726 -0.0336151394105549 -0.00843145341869764
Maximizing likelihood @ n=2048×1310=2682880
 SD[log(ℓ)] = 0.18148600024015
 Δlog(ℓ) = 0.207177129765526
 Δβ/SD[β] = -0.0165736449552073 0.00343971482288101 -0.00425766539775171 -0.0304433762613469 0.0174796093128961 0.000351941627737561
Maximizing likelihood @ n=4096×1310=5365760
 SD[log(ℓ)] = 0.128483591464791
 Δlog(ℓ) = 0.0337567083343018
 Δβ/SD[β] = -0.0254538235039403 -0.00617431466529895 0.00734206806704464 -0.00496273265349785 -0.014410700337341 0.00655452619076315
Maximizing likelihood @ n=8192×1310=10731520
 SD[log(ℓ)] = 0.0909086559550326
 Δlog(ℓ) = 0.030776892924294
 Δβ/SD[β] = -0.00682687582422564 -0.00300303146009227 0.00283153008005932 0.00845315175624402 0.0154919922680344 0.00972483880903131
Maximizing likelihood @ n=16384×1310=21463040
 SD[log(ℓ)] = 0.0642163982571136
 Δlog(ℓ) = 0.0040493845087255
 Δβ/SD[β] = 0.00273491465724848 -0.0054598956485204 0.00675147889845035 -0.0184762762519015 -0.0119120584235043 0.012050410363654
Calculating Hessian
Maximizing likelihood @ n=1×1310=1310
 SD[log(ℓ)] = 4.39172574950048
 Δlog(ℓ) = Inf
 Δβ/SD[β] = 2.49744907432521 0.014820566964125 0.01595423061444 -1.12836406812392 -0.7472132929763 -0.0289279185099014
Maximizing likelihood @ n=2×1310=2620
 SD[log(ℓ)] = 4.33154816119733
 Δlog(ℓ) = 11.193169284848
 Δβ/SD[β] = 3.02375294759063 0.984905357828331 0.137686370378392 -0.602404783800291 1.21927079502214 0.145066254830494
Maximizing likelihood @ n=4×1310=5240
 SD[log(ℓ)] = 3.36584092906386
 Δlog(ℓ) = 1.6295841857759
 Δβ/SD[β] = 0.375098769982769 -0.809412483809488 -0.420565841336193 -0.482999643422876 0.139592155474749 -1.29599935779035
Maximizing likelihood @ n=8×1310=10480
 SD[log(ℓ)] = 2.60778735425785
 Δlog(ℓ) = 3.88162081427219
 Δβ/SD[β] = 0.207985308013565 -0.0213042590912313 0.0454125310589399 -0.204104024879754 0.408004030805519 -0.324922264066926
Maximizing likelihood @ n=16×1310=20960
 SD[log(ℓ)] = 1.95633457437983
 Δlog(ℓ) = 1.71229888583724
 Δβ/SD[β] = 0.344755294196744 0.0510852444664285 -0.0268093277553787 -0.343012139310101 0.0352248214856071 -0.0623868715853865
Maximizing likelihood @ n=32×1310=41920
 SD[log(ℓ)] = 1.4459388582861
 Δlog(ℓ) = 2.62969435233193
 Δβ/SD[β] = 0.272117642231755 0.0414866872485858 0.0439883433542498 0.0104610354725049 0.166547127766396 -0.0587184673143447
Maximizing likelihood @ n=64×1310=83840
 SD[log(ℓ)] = 1.02661226575359
 Δlog(ℓ) = 0.509639791668342
 Δβ/SD[β] = -0.00860656249558494 0.0581164631341726 -0.048920704456587 -0.159816053251859 0.0936665214461105 -0.187308631054821
Maximizing likelihood @ n=128×1310=167680
 SD[log(ℓ)] = 0.733044564516383
 Δlog(ℓ) = 0.110997191637999
 Δβ/SD[β] = -0.0244724407665275 0.00374531807532457 0.010365299445426 -0.00483928538263642 0.0514661374896362 -0.0352345697100376
Maximizing likelihood @ n=256×1310=335360
 SD[log(ℓ)] = 0.520257965794945
 Δlog(ℓ) = 0.0982624823475433
 Δβ/SD[β] = -0.0511337967718109 0.0589361117247896 -0.0171315310585128 -0.00273758066066806 0.0658007176515868 -0.179547803929474
Maximizing likelihood @ n=512×1310=670720
 SD[log(ℓ)] = 0.366022631406702
 Δlog(ℓ) = -0.390959188617607
 Δβ/SD[β] = -0.0158942210994281 0.00995472727042174 0.0275600931759535 0.0409648754007408 -0.0540568770177874 -0.0326836272099193
Maximizing likelihood @ n=1024×1310=1341440
 SD[log(ℓ)] = 0.259346304639364
 Δlog(ℓ) = -0.160090144174575
 Δβ/SD[β] = 0.0250177786508764 0.0659534336992741 -0.0504755931199242 0.00806252282858607 0.0115173002594406 -0.0571282840433172
Maximizing likelihood @ n=2048×1310=2682880
 SD[log(ℓ)] = 0.182133994077689
 Δlog(ℓ) = -0.244957979476546
 Δβ/SD[β] = -0.032499003395251 0.0157487788081252 0.00225956951973846 -0.00309170302119071 -0.0448538898162176 -0.00194393841385627
Maximizing likelihood @ n=4096×1310=5365760
 SD[log(ℓ)] = 0.128677305947547
 Δlog(ℓ) = -0.0309415245730449
 Δβ/SD[β] = -0.0135278717292286 0.035487784979838 -0.00529549589752662 0.0288310910641339 0.0109760136364335 -0.00347663823682954
Maximizing likelihood @ n=8192×1310=10731520
 SD[log(ℓ)] = 0.0910102405312408
 Δlog(ℓ) = -0.0630947907695258
 Δβ/SD[β] = 0.0175924225680789 0.0278143021659705 0.00610975176802781 -0.0205991913804203 -0.0270947680418682 0.0262778281978907
Maximizing likelihood @ n=16384×1310=21463040
 SD[log(ℓ)] = 0.0643195210727113
 Δlog(ℓ) = 0.0245732945659114
 Δβ/SD[β] = -0.0243706050145006 0.0230274861430408 -0.0156872871878704 0.00196847739610017 0.0268082949929327 0.00938149455464399
Calculating Hessian
Maximizing likelihood @ n=1×1310=1310
 SD[log(ℓ)] = 4.7726375671281
 Δlog(ℓ) = Inf
 Δβ/SD[β] = -6.51162996196409 0.191635511844043 -0.420209737170644 -36.2452580267077 -11.1548683031596 -2.18353280078676
Maximizing likelihood @ n=2×1310=2620
 SD[log(ℓ)] = 4.02392357880204
 Δlog(ℓ) = 5.76682532460841
 Δβ/SD[β] = -0.157498919253236 0.125481934387934 0.597981283439436 -0.822395427291341 0.764598550607028 -0.481801992664955
Maximizing likelihood @ n=4×1310=5240
 SD[log(ℓ)] = 2.9802716548078
 Δlog(ℓ) = -0.846859440647464
 Δβ/SD[β] = -0.165256064587066 1.19221149311375 0.634488060095397 -0.0517113637282298 0.0423001738574495 0.151889934897619
Maximizing likelihood @ n=8×1310=10480
 SD[log(ℓ)] = 2.16439706344875
 Δlog(ℓ) = -0.646964936886942
 Δβ/SD[β] = 0.0140402142551228 -0.00520496326526339 0.0609608260685073 -0.272890812109138 0.044876189817206 -0.0222096024973978
Maximizing likelihood @ n=16×1310=20960
 SD[log(ℓ)] = 1.60031206740029
 Δlog(ℓ) = 1.34893877041506
 Δβ/SD[β] = 0.0177646448429857 0.0510740563490637 -0.0386139068695221 -0.3294269619827 0.153217784624756 0.0127918067023113
Maximizing likelihood @ n=32×1310=41920
 SD[log(ℓ)] = 1.17773353544215
 Δlog(ℓ) = 1.61357017047968
 Δβ/SD[β] = -0.109020808867406 0.0624206616316046 -0.170834354101024 -0.28468257530277 0.0469817869567755 -0.193527692248782
Maximizing likelihood @ n=64×1310=83840
 SD[log(ℓ)] = 0.840116887645909
 Δlog(ℓ) = 0.426703799975527
 Δβ/SD[β] = 0.078060690066826 0.0992546416823134 0.00698959304967414 -0.0396905117895186 0.019922617247648 -0.191119085122505
Maximizing likelihood @ n=128×1310=167680
 SD[log(ℓ)] = 0.605607481431915
 Δlog(ℓ) = 0.752085848759108
 Δβ/SD[β] = -0.00733924893838424 0.0113566434652803 -0.0101029985973508 -0.0366096247977711 0.0646363012073917 0.0357422647010604
Maximizing likelihood @ n=256×1310=335360
 SD[log(ℓ)] = 0.429102681594225
 Δlog(ℓ) = 0.366616163644416
 Δβ/SD[β] = 0.0200002129740919 0.0227209328220382 -0.0285472756170476 -0.0135404597506564 0.00754530827257936 0.0645895817009988
Maximizing likelihood @ n=512×1310=670720
 SD[log(ℓ)] = 0.306114833681767
 Δlog(ℓ) = 0.179098749595369
 Δβ/SD[β] = 0.00697972198049267 0.034197004335106 -0.00743817052562533 -0.0404967366056329 0.0205054820635771 0.0225269716395693
Maximizing likelihood @ n=1024×1310=1341440
 SD[log(ℓ)] = 0.214565940860346
 Δlog(ℓ) = -0.196553036821072
 Δβ/SD[β] = 0.0116542681024442 0.0313479373267906 -0.000244266359734144 0.0533285541373792 -0.0105335769893423 -0.0121683363230746
Maximizing likelihood @ n=2048×1310=2682880
 SD[log(ℓ)] = 0.152783277332705
 Δlog(ℓ) = -0.051165469402342
 Δβ/SD[β] = 0.0379412521065497 0.0553644040703343 0.0357035298624124 -0.0344905829670436 -0.00903026088745592 -0.00703408067069786
Maximizing likelihood @ n=4096×1310=5365760
 SD[log(ℓ)] = 0.10721080144946
 Δlog(ℓ) = 0.0536713578737746
 Δβ/SD[β] = -0.00350732122991396 0.030343135541503 -0.000818040488175001 0.0373851670796744 0.00472681381729462 0.0116066692448045
Maximizing likelihood @ n=8192×1310=10731520
 SD[log(ℓ)] = 0.0762627903649677
 Δlog(ℓ) = 0.00434857936185296
 Δβ/SD[β] = 0.0264888651695136 0.0480815420187808 0.00750580994106198 -0.0330670222409754 -0.0110653077186994 -0.0400600467603359
Maximizing likelihood @ n=16384×1310=21463040
 SD[log(ℓ)] = 0.0536594566234984
 Δlog(ℓ) = -0.00221765489296644
 Δβ/SD[β] = 0.022158461216422 0.0925932951491536 -0.0183433061370252 0.0186336455994757 -0.000664560881792129 0.0343582441862259
Calculating Hessian
Maximizing likelihood @ n=1×1310=1310
 SD[log(ℓ)] = 4.68549221750348
 Δlog(ℓ) = Inf
 Δβ/SD[β] = 0.619495764869477 0.222706114712992 -0.0240079392454032 -1.11373818228304 -0.665243841695411 -0.06459514067044
Maximizing likelihood @ n=2×1310=2620
 SD[log(ℓ)] = 4.02148227334654
 Δlog(ℓ) = 11.3354237513213
 Δβ/SD[β] = 2.08450868127381 2.0254101584091 0.815006840323603 -0.313051262378552 0.425964383905893 -0.220764010061753
Maximizing likelihood @ n=4×1310=5240
 SD[log(ℓ)] = 3.27919972262516
 Δlog(ℓ) = 7.46560755796319
 Δβ/SD[β] = 0.337038006085676 0.358575263145956 0.107345353316309 -0.286707237945189 0.204294997291419 -0.0301210797629407
Maximizing likelihood @ n=8×1310=10480
 SD[log(ℓ)] = 2.43742556178676
 Δlog(ℓ) = 2.21368906440398
 Δβ/SD[β] = 0.209392167506547 0.224890167258467 0.0544717605857211 0.0863252706501671 0.108639779099552 0.180301159458706
Maximizing likelihood @ n=16×1310=20960
 SD[log(ℓ)] = 2.10989340681059
 Δlog(ℓ) = 4.15515480020728
 Δβ/SD[β] = 0.413124817188292 0.4042480532921 -0.0625757439437464 -0.193662164941684 0.187547152558338 -0.282075161088747
Maximizing likelihood @ n=32×1310=41920
 SD[log(ℓ)] = 2.57274939909957
 Δlog(ℓ) = -5.42278284599005
 Δβ/SD[β] = -0.0227786840391467 -0.036609421142015 0.000276555941107981 0.0766860504053353 -0.00692748093989737 -0.00177738986029817
Maximizing likelihood @ n=64×1310=83840
 SD[log(ℓ)] = 1.4303148945085
 Δlog(ℓ) = 3.33825424230896
 Δβ/SD[β] = -0.0208273685283395 -0.0111623384731256 0.013794714150191 0.0194068294637906 -0.0111027110662274 -0.0272527935530544
Maximizing likelihood @ n=128×1310=167680
 SD[log(ℓ)] = 0.883980882747074
 Δlog(ℓ) = 1.51853487438839
 Δβ/SD[β] = 0 0 0 0 0 0
Maximizing likelihood @ n=256×1310=335360
 SD[log(ℓ)] = 0.561426513544533
 Δlog(ℓ) = 1.50107747098272
 Δβ/SD[β] = 0.0112616016351258 0.0147464029192257 -0.00484626711148848 0.00142258378846422 0.0030467091056172 -0.00193766585126806
Maximizing likelihood @ n=512×1310=670720
 SD[log(ℓ)] = 0.396622458724167
 Δlog(ℓ) = 0.857443097197731
 Δβ/SD[β] = 0.0241591416119475 0.0240586553027089 -0.0120970662776666 -0.0428201997836141 0.0211103365937101 -0.0717914148150418
Maximizing likelihood @ n=1024×1310=1341440
 SD[log(ℓ)] = 0.346996162795615
 Δlog(ℓ) = -0.573321239878055
 Δβ/SD[β] = -0.00249364259441557 0.00132752445282433 0.000539772202772801 -0.00520832479438506 0.00302159115717516 0.00116991251264474
Maximizing likelihood @ n=2048×1310=2682880
 SD[log(ℓ)] = 0.301586968448129
 Δlog(ℓ) = -0.102527936220589
 Δβ/SD[β] = 0.0647511824157299 0.0664366951443327 -0.00730928746343233 -0.0065997358820493 0.0328624537527325 0.0497764150243301
Maximizing likelihood @ n=4096×1310=5365760
 SD[log(ℓ)] = 0.190108285215733
 Δlog(ℓ) = 0.0493349183670091
 Δβ/SD[β] = 0 0 0 0 0 0
Maximizing likelihood @ n=8192×1310=10731520
 SD[log(ℓ)] = 0.167776656886097
 Δlog(ℓ) = -0.030902954395053
 Δβ/SD[β] = 0.00203585090333867 -4.18866064151988e-05 0.0158213616903152 -0.000810163851581605 0.025985797757347 -0.0112228504445531
Maximizing likelihood @ n=16384×1310=21463040
 SD[log(ℓ)] = 0.14153383999208
 Δlog(ℓ) = -0.0196939093703392
 Δβ/SD[β] = 0.0096822748352502 -0.0223345790341157 -0.00291064890535624 0.0153093011849021 0.00253390781927482 -0.0234233327861201
Calculating Hessian
Starting buffer 750 
Maximizing likelihood @ n=1×1310=1310
 SD[log(ℓ)] = 4.05061973860991
 Δlog(ℓ) = Inf
 Δβ/SD[β] = -4.46266837028488 0.705290866993011 -0.0937122599624827 -33.0070335804488 -13.9972072298283 -1.29777303954003
Maximizing likelihood @ n=2×1310=2620
 SD[log(ℓ)] = 3.40866918595485
 Δlog(ℓ) = 3.96611193299848
 Δβ/SD[β] = 0.0917300408849825 0.119187367568149 0.0628486258022384 -0.259398264319551 0.742910733824129 -0.392587490685025
Maximizing likelihood @ n=4×1310=5240
 SD[log(ℓ)] = 2.68749539674385
 Δlog(ℓ) = 2.95789711161089
 Δβ/SD[β] = 0.291507796042507 -0.0900397956249342 -0.128398552910573 -0.591792184683637 0.387996140337538 -0.233130188966371
Maximizing likelihood @ n=8×1310=10480
 SD[log(ℓ)] = 1.97633378226302
 Δlog(ℓ) = 0.6074378510679
 Δβ/SD[β] = -0.0939077541887885 0.0292696951820608 0.0301014286951681 -0.132846309274914 0.274195075587738 0.0162281227025044
Maximizing likelihood @ n=16×1310=20960
 SD[log(ℓ)] = 1.51736360913502
 Δlog(ℓ) = 3.43914921256113
 Δβ/SD[β] = 0.16818061791648 0.101338351021584 0.0983207282428048 -0.467865058037716 0.16378765738936 -0.341670964676271
Maximizing likelihood @ n=32×1310=41920
 SD[log(ℓ)] = 1.13966916521925
 Δlog(ℓ) = 2.52746022629263
 Δβ/SD[β] = -0.122361212263073 0.110528183836095 0.012452988734524 -0.122971510123483 0.0191266664883868 -0.203982348521083
Maximizing likelihood @ n=64×1310=83840
 SD[log(ℓ)] = 0.832815855783362
 Δlog(ℓ) = 1.33767314411337
 Δβ/SD[β] = 0.0995550631117502 0.0108118520432369 0.00198571240330073 -0.243084687817673 0.0950539139456671 -0.024380816946864
Maximizing likelihood @ n=128×1310=167680
 SD[log(ℓ)] = 0.600871671315146
 Δlog(ℓ) = 0.955335683977289
 Δβ/SD[β] = 0.0798054874958246 -0.00384760698303757 0.0471027668678367 -0.0364404263779821 0.00847816146935346 -0.0275282632720953
Maximizing likelihood @ n=256×1310=335360
 SD[log(ℓ)] = 0.425576778619129
 Δlog(ℓ) = 0.0860872644756583
 Δβ/SD[β] = 0.0216642077330766 0.00927200121722718 0.00497308906973167 -0.0409171270939248 -0.0200254258114028 -0.0748530704626175
Maximizing likelihood @ n=512×1310=670720
 SD[log(ℓ)] = 0.304205063859309
 Δlog(ℓ) = 0.580600546611009
 Δβ/SD[β] = -0.0149860749442726 0.0268278786622597 0.00316760820383791 -0.0446525037195406 0.0283746498958047 -0.00641664993343102
Maximizing likelihood @ n=1024×1310=1341440
 SD[log(ℓ)] = 0.214637624302305
 Δlog(ℓ) = -0.153132314535512
 Δβ/SD[β] = -0.0085153864518474 -0.00267679853065234 -0.00244456779432745 0.00845918591180461 -0.0278859281714819 -0.0212266660651808
Maximizing likelihood @ n=2048×1310=2682880
 SD[log(ℓ)] = 0.152025792192577
 Δlog(ℓ) = 0.00881415958100007
 Δβ/SD[β] = -0.00334079212624712 0.00686445448248531 -0.000666664690136245 0.00871319652619104 0.0168979757691917 -0.010995470993602
Maximizing likelihood @ n=4096×1310=5365760
 SD[log(ℓ)] = 0.107997511709635
 Δlog(ℓ) = 0.0891583830617293
 Δβ/SD[β] = 0.00512135799215304 0.0288879382486592 0.00308717601750972 -0.0188429830731428 0.00645343241329904 0.00405098074505312
Maximizing likelihood @ n=8192×1310=10731520
 SD[log(ℓ)] = 0.0761060856868854
 Δlog(ℓ) = 0.0109500817919965
 Δβ/SD[β] = 8.91261918740032e-06 0.00508471724620516 0.00805470828972245 0.0246155588624122 -0.00531017649620446 -0.00696422099327649
Maximizing likelihood @ n=16384×1310=21463040
 SD[log(ℓ)] = 0.0538902053591447
 Δlog(ℓ) = 9.04724617143415e-05
 Δβ/SD[β] = 0.00435402239658768 0.0117034667289022 0.00195893799124541 -0.00461802548413405 0.0120606915932107 0.00228981953782238
Calculating Hessian
Maximizing likelihood @ n=1×1310=1310
 SD[log(ℓ)] = 3.82911715874928
 Δlog(ℓ) = Inf
 Δβ/SD[β] = -1.27853191576072 0.629802493830497 -0.592485543416727 -34.4580559673927 -15.904206382738 -1.08675465229926
Maximizing likelihood @ n=2×1310=2620
 SD[log(ℓ)] = 3.51286723653106
 Δlog(ℓ) = 7.38548917107597
 Δβ/SD[β] = 0.0978914578708758 0.0858743050171024 0.936113746236005 -0.93118913555087 1.14541147042351 -0.489458557892023
Maximizing likelihood @ n=4×1310=5240
 SD[log(ℓ)] = 2.87636976203652
 Δlog(ℓ) = 5.11445426705055
 Δβ/SD[β] = -0.102249005164463 0.195124711797217 -0.461071586839546 -0.553246566895462 0.532783741889652 -0.636503943988052
Maximizing likelihood @ n=8×1310=10480
 SD[log(ℓ)] = 2.18993243548447
 Δlog(ℓ) = 2.39108231251502
 Δβ/SD[β] = 0.0339569402823591 -0.181029885690448 -0.00348068958792537 -0.848143974861143 0.0146420212527826 0.00659664761425735
Maximizing likelihood @ n=16×1310=20960
 SD[log(ℓ)] = 1.64295878465011
 Δlog(ℓ) = 2.85159464644953
 Δβ/SD[β] = -0.102587772073349 -0.008288533663653 0.022471921996688 -0.124385756572388 0.272293731307139 -0.145126054344598
Maximizing likelihood @ n=32×1310=41920
 SD[log(ℓ)] = 1.20860190554071
 Δlog(ℓ) = 1.72842643975926
 Δβ/SD[β] = 0.00346901882438101 -0.0192316750341177 -0.063429666115192 -0.238829923929724 0.0773931732212773 -0.100685429859673
Maximizing likelihood @ n=64×1310=83840
 SD[log(ℓ)] = 0.855245697610023
 Δlog(ℓ) = -0.676841252512432
 Δβ/SD[β] = -0.0156266916457809 0.0159092960097682 0.0135772474858621 0.0129726149109274 0.0453986084098712 0.00377548580690193
Maximizing likelihood @ n=128×1310=167680
 SD[log(ℓ)] = 0.599286866071516
 Δlog(ℓ) = -0.312389935610064
 Δβ/SD[β] = 0.00180128358990967 0.0518857715412059 0.00227487151307665 0.0380329248285609 -0.00503335103915185 -0.0110056784223703
Maximizing likelihood @ n=256×1310=335360
 SD[log(ℓ)] = 0.425716468512084
 Δlog(ℓ) = -0.16894887108036
 Δβ/SD[β] = 0.0548847817685801 0.0987251882084171 -0.0327003196358 -0.131904361229795 -0.0498176373150782 0.07604940788385
Maximizing likelihood @ n=512×1310=670720
 SD[log(ℓ)] = 0.303858357629023
 Δlog(ℓ) = 0.242149837941561
 Δβ/SD[β] = -0.0060697529332518 0.0128664019759459 -0.0172159529680649 -0.0375433217618694 0.0325652631072099 -0.0156128288003692
Maximizing likelihood @ n=1024×1310=1341440
 SD[log(ℓ)] = 0.216426382205161
 Δlog(ℓ) = 0.124802340727044
 Δβ/SD[β] = -0.0509710459558202 0.0643735677956735 0.0560222818843368 -0.0267462628174163 0.0263227508870078 -0.0372374177282155
Maximizing likelihood @ n=2048×1310=2682880
 SD[log(ℓ)] = 0.152296103754246
 Δlog(ℓ) = -0.0233592162933789
 Δβ/SD[β] = -0.00436014142190414 0.026632513871965 0.0234605438384889 0.00253449621914223 -0.0302400574186137 -0.00974528702437459
Maximizing likelihood @ n=4096×1310=5365760
 SD[log(ℓ)] = 0.107534551485905
 Δlog(ℓ) = -0.0173597689981264
 Δβ/SD[β] = -0.00280971437496359 0.0053677570883038 -0.000600472886521256 0.0193439990181025 0.0176605904861588 -0.00495036708257956
Maximizing likelihood @ n=8192×1310=10731520
 SD[log(ℓ)] = 0.0761159885830339
 Δlog(ℓ) = 0.084249852898914
 Δβ/SD[β] = 0.0414439989507453 0.0623176280869289 -0.0528331561790015 0.00261438541403095 -0.0126578562675224 -0.0297696511341184
Maximizing likelihood @ n=16384×1310=21463040
 SD[log(ℓ)] = 0.0538819940139962
 Δlog(ℓ) = -0.0317071549359085
 Δβ/SD[β] = 0.000290629517179632 0.00600875540675383 -0.00369180243091821 0.00583733010532413 0.0132244371082439 -0.00109497766984148
Calculating Hessian
Maximizing likelihood @ n=1×1310=1310
 SD[log(ℓ)] = 5.04078306388462
 Δlog(ℓ) = Inf
 Δβ/SD[β] = -1.73964480611744 -0.0401922944809546 0.426491986926125 -37.0305948492509 -10.8687932060521 -1.34538194417913
Maximizing likelihood @ n=2×1310=2620
 SD[log(ℓ)] = 4.25542702425186
 Δlog(ℓ) = 6.26633392189136
 Δβ/SD[β] = 0.141942975078142 -0.431512029499214 0.19053909761334 -1.14333402843783 0.987948502690421 -0.202858792387179
Maximizing likelihood @ n=4×1310=5240
 SD[log(ℓ)] = 3.28544571036983
 Δlog(ℓ) = 1.37952571011011
 Δβ/SD[β] = -0.100572084459322 -0.185365490501327 0.322578870200945 -0.562533155400712 0.325752130093655 -0.742165642109011
Maximizing likelihood @ n=8×1310=10480
 SD[log(ℓ)] = 2.27507750017507
 Δlog(ℓ) = -4.35828693576994
 Δβ/SD[β] = -0.0400016293606257 -0.0115156755233016 -0.00226628491302874 -0.121174598382581 -0.228520415028108 -0.227099700414529
Maximizing likelihood @ n=16×1310=20960
 SD[log(ℓ)] = 1.62857234304803
 Δlog(ℓ) = -0.489419848855768
 Δβ/SD[β] = 0.0194904141700859 -0.0311464102165946 -0.00248536405266416 0.0068683690454995 0.0747014176065511 -0.25923648981042
Maximizing likelihood @ n=32×1310=41920
 SD[log(ℓ)] = 1.16699598246892
 Δlog(ℓ) = -0.0548159490268958
 Δβ/SD[β] = -0.0154246079433328 0.0105855039052127 -0.00292350563386491 0.0396198820719434 0.0465851455927873 -0.00719425402197493
Maximizing likelihood @ n=64×1310=83840
 SD[log(ℓ)] = 0.838506594665003
 Δlog(ℓ) = 0.97482717040949
 Δβ/SD[β] = 0.0307774553895932 -0.0696476706317829 -0.132282745202148 0.0724291423374966 0.0807497598413635 -0.0729020700201551
Maximizing likelihood @ n=128×1310=167680
 SD[log(ℓ)] = 0.605463950331464
 Δlog(ℓ) = 1.26283586469637
 Δβ/SD[β] = 0.0178219125371663 0.0115944828952261 -0.0618894075081413 -0.127644089127561 0.0567374539851009 0.0508331732392475
Maximizing likelihood @ n=256×1310=335360
 SD[log(ℓ)] = 0.429582172343945
 Δlog(ℓ) = 0.0517806944842221
 Δβ/SD[β] = -0.00522770172203704 -0.00875413190896018 -0.011348560314567 -0.0156219469315984 0.0301492133186071 0.00700368258941229
Maximizing likelihood @ n=512×1310=670720
 SD[log(ℓ)] = 0.303529342752357
 Δlog(ℓ) = -0.132443292078335
 Δβ/SD[β] = 0 0 0 0 0 0
Maximizing likelihood @ n=1024×1310=1341440
 SD[log(ℓ)] = 0.215509802409711
 Δlog(ℓ) = -0.018121920549973
 Δβ/SD[β] = -0.0332383016718078 0.0137049194693303 -0.0471897737503981 -0.0519436231543459 -0.02436857732018 0.0152074849332965
Maximizing likelihood @ n=2048×1310=2682880
 SD[log(ℓ)] = 0.15130050787368
 Δlog(ℓ) = 0.0261690078157955
 Δβ/SD[β] = -0.0201018730413536 0.03584693810513 -0.113736329871306 0.00438734024366885 -0.0404302080895731 0.0643015168507028
Maximizing likelihood @ n=4096×1310=5365760
 SD[log(ℓ)] = 0.107046846847616
 Δlog(ℓ) = -0.0678779674644474
 Δβ/SD[β] = -0.0439768358133545 -0.011713079166074 -0.0466304326071425 0.0337775146754904 0.0512001696356879 -0.0291486549210333
Maximizing likelihood @ n=8192×1310=10731520
 SD[log(ℓ)] = 0.0758114883284425
 Δlog(ℓ) = -0.135383460792198
 Δβ/SD[β] = -0.0205815054114469 -0.0243085505710008 -0.0369899051667742 -0.0285361221885618 -0.0350702171365702 0.0122226180457123
Maximizing likelihood @ n=16384×1310=21463040
 SD[log(ℓ)] = 0.0538879765442344
 Δlog(ℓ) = 0.0676169095592769
 Δβ/SD[β] = -0.00469427860342501 0.0246825907721993 -0.0366608650235159 -0.000946026289438588 0.0428915713379082 -0.0115494735053214
Calculating Hessian
Maximizing likelihood @ n=1×1310=1310
 SD[log(ℓ)] = 6.25860177746935
 Δlog(ℓ) = Inf
 Δβ/SD[β] = 21.0948738378451 20.0639278013218 -0.335404392990721 -38.5731222213667 -6.71667135381289 -2.42451096699135
Maximizing likelihood @ n=2×1310=2620
 SD[log(ℓ)] = 4.17105648412657
 Δlog(ℓ) = 8.78599800672227
 Δβ/SD[β] = 0.00739577429797537 0.0159906433543241 0.00300944876469128 -0.00410314936589135 -0.0128702229289519 -0.00257639042610116
Maximizing likelihood @ n=4×1310=5240
 SD[log(ℓ)] = 3.20512360746312
 Δlog(ℓ) = 7.67317259243758
 Δβ/SD[β] = 0.199455255365129 0.195330431934051 -0.130704340196866 -0.251091974274072 0.136030642765056 -0.153753925206113
Maximizing likelihood @ n=8×1310=10480
 SD[log(ℓ)] = 2.41423508002749
 Δlog(ℓ) = -2.24205347596246
 Δβ/SD[β] = 0.0778205013552528 0.0807682744882586 -0.0823026539078521 -0.122062400712558 0.0122827771199925 -0.0205936609757342
Maximizing likelihood @ n=16×1310=20960
 SD[log(ℓ)] = 2.0679070856061
 Δlog(ℓ) = 4.24026916566832
 Δβ/SD[β] = 0.207211757191837 0.196016322340398 0.085447149017002 -0.189192007602975 0.186144778198969 -0.116675316479984
Maximizing likelihood @ n=32×1310=41920
 SD[log(ℓ)] = 2.4415278134094
 Δlog(ℓ) = -9.54088879942798
 Δβ/SD[β] = -0.222640802796017 -0.231362397287515 -0.0312405559278271 0.0844502656328959 0.0110252742479586 0.188752115165463
Maximizing likelihood @ n=64×1310=83840
 SD[log(ℓ)] = 1.73731336449856
 Δlog(ℓ) = 4.72792019365997
 Δβ/SD[β] = 0.0763848468493566 0.306352411314694 -0.343664869239951 -0.702335808272408 -0.783735243645756 -0.910241295236849
Maximizing likelihood @ n=128×1310=167680
 SD[log(ℓ)] = 1.41304433286624
 Δlog(ℓ) = 3.77498443874694
 Δβ/SD[β] = 0.11025072348943 0.109970838387635 0.0458363549402422 -0.0197502088334587 0.0408859740546927 -0.000150288034754826
Maximizing likelihood @ n=256×1310=335360
 SD[log(ℓ)] = 0.807750484429838
 Δlog(ℓ) = 1.96395006593973
 Δβ/SD[β] = -0.00287362580473498 0.00472685906510487 1.73370515376621e-05 -0.00117362488768006 -0.000327133664028189 -0.000305265442826238
Maximizing likelihood @ n=512×1310=670720
 SD[log(ℓ)] = 0.645835489963853
 Δlog(ℓ) = 0.420634608488612
 Δβ/SD[β] = 0.0370737423423895 0.0355809375792571 0.0688207699394787 -0.0554650976950304 -0.0330544457457615 -0.0358521215263537
Maximizing likelihood @ n=1024×1310=1341440
 SD[log(ℓ)] = 0.4427203151384
 Δlog(ℓ) = 0.725816285729778
 Δβ/SD[β] = 0.0245363851089443 0.0245169037532555 -0.00682538270159243 -0.0343283403991007 0.0266755072255235 -0.00749309437449904
Maximizing likelihood @ n=2048×1310=2682880
 SD[log(ℓ)] = 0.379961693064205
 Δlog(ℓ) = -0.47510834452838
 Δβ/SD[β] = 0 0 0 0 0 0
Maximizing likelihood @ n=4096×1310=5365760
 SD[log(ℓ)] = 0.466562771005949
 Δlog(ℓ) = 0.522798398354681
 Δβ/SD[β] = 0.0551294320975327 0.0563400138189776 -0.0561159043453907 -0.1368157643581 0.0490471645528812 -0.00479043919322235
Maximizing likelihood @ n=8192×1310=10731520
 SD[log(ℓ)] = 0.385431217056555
 Δlog(ℓ) = -0.3145932561834
 Δβ/SD[β] = 0 0 0 0 0 0
Maximizing likelihood @ n=16384×1310=21463040
 SD[log(ℓ)] = 0.232030325290612
 Δlog(ℓ) = 0.259542266792494
 Δβ/SD[β] = 0.00810615196265728 0.00412943299435691 -0.00327797415148232 -0.00390619053957634 0.00599009461248471 -0.00787996586521507
Calculating Hessian
Starting buffer 1500 
Maximizing likelihood @ n=1×1310=1310
 SD[log(ℓ)] = 4.44326774213907
 Δlog(ℓ) = Inf
 Δβ/SD[β] = -3.22780563140816 -0.0838893229712277 0.0966606644216561 -33.7585939670537 -13.0711438243648 -2.38924897000491
Maximizing likelihood @ n=2×1310=2620
 SD[log(ℓ)] = 3.88408811291422
 Δlog(ℓ) = 6.48593126563534
 Δβ/SD[β] = 0.144051665603506 -0.0313416139407962 0.0615464033560341 -0.692309139497891 0.594790334054601 -0.669810213756147
Maximizing likelihood @ n=4×1310=5240
 SD[log(ℓ)] = 3.27519302968894
 Δlog(ℓ) = 7.38537835406581
 Δβ/SD[β] = 0.171756762554481 0.0685894275167305 -0.0286705240658468 -1.2743894554587 0.552389254937503 -0.199096719103545
Maximizing likelihood @ n=8×1310=10480
 SD[log(ℓ)] = 2.32845809254613
 Δlog(ℓ) = -2.2291200692889
 Δβ/SD[β] = -0.000231616519769184 -0.00284626144081421 0.015261244762037 0.0260729334409829 0.0184112990489134 0.0202860526732285
Maximizing likelihood @ n=16×1310=20960
 SD[log(ℓ)] = 1.68585288833281
 Δlog(ℓ) = 0.406822919786322
 Δβ/SD[β] = 0.0136449098802972 -0.00327846930068266 -0.00800524779774613 -0.00914130034806991 0.0949770963663674 0.11398591670269
Maximizing likelihood @ n=32×1310=41920
 SD[log(ℓ)] = 1.21806291099112
 Δlog(ℓ) = -0.549284390711676
 Δβ/SD[β] = 0.000502096852431022 0.0279329766673585 -0.00180980161145157 0.0613405145096153 0.0813766255722183 0.0930962754241573
Maximizing likelihood @ n=64×1310=83840
 SD[log(ℓ)] = 0.859878000890868
 Δlog(ℓ) = -0.0813778062415693
 Δβ/SD[β] = 0.0119006755249474 0.00729404422069749 -0.000402407005874865 -0.0439807491848098 -0.0267710860785802 -0.00465826715368532
Maximizing likelihood @ n=128×1310=167680
 SD[log(ℓ)] = 0.600860518292027
 Δlog(ℓ) = -0.272547712459392
 Δβ/SD[β] = 0.00558146803245774 -0.011682523546839 -0.00632456515958244 0.0422949370922093 -0.00768222462928306 -0.0284780819833352
Maximizing likelihood @ n=256×1310=335360
 SD[log(ℓ)] = 0.429514575596591
 Δlog(ℓ) = 0.393854066584041
 Δβ/SD[β] = -0.00963553787197497 0.0234429298064953 0.00279018164719355 -0.0519489960468754 0.0474021724908504 -0.00821153824917289
Maximizing likelihood @ n=512×1310=670720
 SD[log(ℓ)] = 0.304609581503729
 Δlog(ℓ) = 0.271462602887226
 Δβ/SD[β] = -0.0100835120078667 0.00747875052665139 0.00185456837623754 0.0238957873738514 0.0279412135772493 -0.0110527565427698
Maximizing likelihood @ n=1024×1310=1341440
 SD[log(ℓ)] = 0.214453249557228
 Δlog(ℓ) = -0.279442514871242
 Δβ/SD[β] = 0.0019934346016822 0.0118694288931069 -0.000356538930811689 0.0168767851867825 -0.00664921867251302 -0.00373655556290229
Maximizing likelihood @ n=2048×1310=2682880
 SD[log(ℓ)] = 0.15157805169322
 Δlog(ℓ) = 0.0174400690546506
 Δβ/SD[β] = 0.00134345597248199 0.00484250056328333 -0.00347441481573205 0.00731917702651247 0.0129641442577358 -0.0019869022819789
Maximizing likelihood @ n=4096×1310=5365760
 SD[log(ℓ)] = 0.106742062386852
 Δlog(ℓ) = -0.153301532809621
 Δβ/SD[β] = 0.0211555849969681 0.0249861962528712 -0.0109877312696967 0.0194859568035739 -0.0149560071821883 -0.00906596378137522
Maximizing likelihood @ n=8192×1310=10731520
 SD[log(ℓ)] = 0.0758052383624721
 Δlog(ℓ) = 0.0720704574393167
 Δβ/SD[β] = -0.00488622372108042 0.0148309620583313 0.000949987501122436 -0.0244297428147384 0.00556320787925332 0.00361333863513473
Maximizing likelihood @ n=16384×1310=21463040
 SD[log(ℓ)] = 0.0535838477381628
 Δlog(ℓ) = -0.0016188746222241
 Δβ/SD[β] = 0.00422967835056375 0.0054035576543601 0.00672998785001283 0.0155529121737246 0.0116428873166507 0.00385090503983883
Calculating Hessian
Maximizing likelihood @ n=1×1310=1310
 SD[log(ℓ)] = 4.23902553867575
 Δlog(ℓ) = Inf
 Δβ/SD[β] = -0.278043993789845 1.44146090573957 0.223641088664152 -35.9690826187678 -16.7628467874556 -1.82734504900965
Maximizing likelihood @ n=2×1310=2620
 SD[log(ℓ)] = 3.38767111901919
 Δlog(ℓ) = 1.40660525812554
 Δβ/SD[β] = 0.326736845948855 0.0795575790060214 -0.857025348035748 -0.0648835037246917 0.242937726020391 0.167195217295433
Maximizing likelihood @ n=4×1310=5240
 SD[log(ℓ)] = 2.77429738478338
 Δlog(ℓ) = 3.88767071199947
 Δβ/SD[β] = -0.187923983181347 -0.0644517397458101 -0.0454786904338375 -0.384722143543127 0.936865771088789 -0.0696787745555321
Maximizing likelihood @ n=8×1310=10480
 SD[log(ℓ)] = 2.13465379409638
 Δlog(ℓ) = 2.95448453572028
 Δβ/SD[β] = -0.184066028294838 -0.424231254142293 0.250543428000209 -0.133874981559215 0.433152808983103 -0.728765470858052
Maximizing likelihood @ n=16×1310=20960
 SD[log(ℓ)] = 1.55831899895061
 Δlog(ℓ) = 0.888887134581285
 Δβ/SD[β] = -0.141907187227439 -0.64982172266846 -0.326648350584551 -0.0417303914935874 0.223794291598656 -0.10909262543567
Maximizing likelihood @ n=32×1310=41920
 SD[log(ℓ)] = 1.16118968061356
 Δlog(ℓ) = 2.43946400477265
 Δβ/SD[β] = -0.0502489298198005 -0.0039639872704952 -0.0252654355589124 -0.364447569416578 0.0299574546720556 -0.127701766285441
Maximizing likelihood @ n=64×1310=83840
 SD[log(ℓ)] = 0.853369457873917
 Δlog(ℓ) = 1.91152352931488
 Δβ/SD[β] = -0.0575512870536579 0.0645658974519933 -0.0651426963366176 -0.147298885847437 0.176924586082248 -0.0970782790812969
Maximizing likelihood @ n=128×1310=167680
 SD[log(ℓ)] = 0.601152058656133
 Δlog(ℓ) = 0.49852448821526
 Δβ/SD[β] = 0.00140449196316566 0.0437313853858435 -0.000158785387973106 0.0679082770047503 0.0185651882963574 -0.0827408677685367
Maximizing likelihood @ n=256×1310=335360
 SD[log(ℓ)] = 0.429808300391059
 Δlog(ℓ) = -0.110861234310512
 Δβ/SD[β] = -0.0313080736542464 0.100675534462268 0.0637644636224449 -0.00857698342876241 -0.0290604887252344 -0.242421160088548
Maximizing likelihood @ n=512×1310=670720
 SD[log(ℓ)] = 0.305895149307008
 Δlog(ℓ) = 0.308273099534091
 Δβ/SD[β] = 0.0175451089620165 0.00697419639604017 -0.0155093900216846 -0.00262155461772526 0.04827752701225 -0.0281981335062753
Maximizing likelihood @ n=1024×1310=1341440
 SD[log(ℓ)] = 0.215646936924962
 Δlog(ℓ) = -0.27072891053075
 Δβ/SD[β] = -0.00987865993559436 0.0310123613880569 -0.00895987872922075 0.0101772752311613 -0.0383138411330195 -0.0247164865578939
Maximizing likelihood @ n=2048×1310=2682880
 SD[log(ℓ)] = 0.153128466432769
 Δlog(ℓ) = 0.014259409560502
 Δβ/SD[β] = 0.0380441837022069 0.0738498344770694 0.00961838413980145 -0.0216978437056718 0.00416653442223177 -0.058172299027852
Maximizing likelihood @ n=4096×1310=5365760
 SD[log(ℓ)] = 0.107537978886577
 Δlog(ℓ) = -0.136293517577535
 Δβ/SD[β] = 0.00779650864982274 0.0336977086762921 0.0114272465068026 0.0360791697980822 0.00669551114087777 0.044908102281614
Maximizing likelihood @ n=8192×1310=10731520
 SD[log(ℓ)] = 0.0763704892398026
 Δlog(ℓ) = 0.00276877372574802
 Δβ/SD[β] = -0.0163978256489366 0.0612022080767282 -0.025281834517788 -0.0378759957977488 -0.0107696846629286 0.0188827249905548
Maximizing likelihood @ n=16384×1310=21463040
 SD[log(ℓ)] = 0.0539565985581437
 Δlog(ℓ) = -0.0495548075708356
 Δβ/SD[β] = 0.0423024665169026 0.0501353796980383 0.0297566910243013 0.0304468189957658 0.0286865205103633 -0.0135606323249938
Calculating Hessian
Maximizing likelihood @ n=1×1310=1310
 SD[log(ℓ)] = 4.2551105513147
 Δlog(ℓ) = Inf
 Δβ/SD[β] = -9.23092497457963 0.499013066936027 -0.32495680415647 -32.9144985826853 -16.3969857299322 -1.93465748293061
Maximizing likelihood @ n=2×1310=2620
 SD[log(ℓ)] = 3.95039763150166
 Δlog(ℓ) = 9.50436069528935
 Δβ/SD[β] = 0.729187669587514 -0.391201932620287 -0.166026914102811 -1.72156992016814 0.88772121869756 -0.159589218994126
Maximizing likelihood @ n=4×1310=5240
 SD[log(ℓ)] = 3.08586337124681
 Δlog(ℓ) = 2.88809975806193
 Δβ/SD[β] = 0.0836074348053095 -0.0685860056264855 0.230523004146466 0.433575541144158 0.960317725249345 -0.337094498989042
Maximizing likelihood @ n=8×1310=10480
 SD[log(ℓ)] = 2.33356340010959
 Δlog(ℓ) = 1.99911621610629
 Δβ/SD[β] = -0.00727844587727136 -0.0286661288130781 -0.106242408227975 -0.0393912957086058 0.399574041819232 -0.386564114086067
Maximizing likelihood @ n=16×1310=20960
 SD[log(ℓ)] = 1.7171456665278
 Δlog(ℓ) = 0.409427189772508
 Δβ/SD[β] = 0.0652429729109446 0.182176654914654 0.104475984786809 -0.258670407228717 0.157849654498391 0.00784832537426589
Maximizing likelihood @ n=32×1310=41920
 SD[log(ℓ)] = 1.21954680604313
 Δlog(ℓ) = 0.343820961492597
 Δβ/SD[β] = -0.0208150519790666 0.0115421766748331 0.010058152130482 0.0244066814866571 0.0111932344451644 0.0232890189590328
Maximizing likelihood @ n=64×1310=83840
 SD[log(ℓ)] = 0.846798787629842
 Δlog(ℓ) = -1.78470158729398
 Δβ/SD[β] = -0.0126150836770328 0.119414147382774 -0.0876621666692941 0.0775358566732368 -0.064685154370179 0.175026051665855
Maximizing likelihood @ n=128×1310=167680
 SD[log(ℓ)] = 0.605125828345394
 Δlog(ℓ) = 0.707169367432357
 Δβ/SD[β] = -0.00723792131311804 0.0558035237734074 0.0570992319761282 -0.102462575779222 0.00867469302729869 -0.0368320879427294
Maximizing likelihood @ n=256×1310=335360
 SD[log(ℓ)] = 0.422537013108765
 Δlog(ℓ) = -0.60021057626993
 Δβ/SD[β] = -0.0166913030632113 0.0546521882869754 0.050386294736385 0.0337107306567855 -0.0277167614880616 0.0354839313439926
Maximizing likelihood @ n=512×1310=670720
 SD[log(ℓ)] = 0.302672078132403
 Δlog(ℓ) = -0.0432166232124658
 Δβ/SD[β] = -0.00756072402130032 0.00963207484525669 0.00866351207057532 -0.0664665313993506 0.0220049968992967 -0.00112700932649126
Maximizing likelihood @ n=1024×1310=1341440
 SD[log(ℓ)] = 0.212965692283437
 Δlog(ℓ) = -0.108833652432899
 Δβ/SD[β] = -0.00811570736934253 0.0164238329562235 0.0110962171432968 0.00102284581443875 -0.0289213496521228 0.00630806421602218
Maximizing likelihood @ n=2048×1310=2682880
 SD[log(ℓ)] = 0.151320362793985
 Δlog(ℓ) = 0.0209686441728891
 Δβ/SD[β] = -0.034143048303939 0.10589343224082 0.0505495315732249 -0.048521595381012 -0.0321670646378084 0.00466793910721534
Maximizing likelihood @ n=4096×1310=5365760
 SD[log(ℓ)] = 0.107086008155557
 Δlog(ℓ) = 0.139376636876491
 Δβ/SD[β] = -0.0343753425225245 0.0457846627564378 0.0154068276700195 0.0126569500287696 0.0604480278441668 0.0336877081992714
Maximizing likelihood @ n=8192×1310=10731520
 SD[log(ℓ)] = 0.0757731104515661
 Δlog(ℓ) = 0.137762010567855
 Δβ/SD[β] = -0.0257154429912574 0.0664454090769568 0.0176817883967218 -0.0322128017188364 -0.0392498024904922 -0.0254721417224336
Maximizing likelihood @ n=16384×1310=21463040
 SD[log(ℓ)] = 0.053475278587773
 Δlog(ℓ) = -0.0271440686257094
 Δβ/SD[β] = -0.0151732834799498 0.216277359953825 0.00993739444220312 0.014868765434243 0.0288518200441044 0.00627904490796294
Calculating Hessian
Maximizing likelihood @ n=1×1310=1310
 SD[log(ℓ)] = 6.00589734198637
 Δlog(ℓ) = Inf
 Δβ/SD[β] = 3.08855362495276 1.20694832393164 -0.115106327529702 -1.23863318323452 -0.684462459124298 -0.0972927353350427
Maximizing likelihood @ n=2×1310=2620
 SD[log(ℓ)] = 4.81758376625048
 Δlog(ℓ) = 8.15783674975848
 Δβ/SD[β] = 0.00581335671457395 -0.00498838759765037 0.136581583307279 -0.192352623932241 0.203707759977928 0.203193791207458
Maximizing likelihood @ n=4×1310=5240
 SD[log(ℓ)] = 3.71870855008182
 Δlog(ℓ) = 5.15726990966762
 Δβ/SD[β] = 0.0657975496967136 0.0699940692895034 0.0129935948759972 0.0412930489321806 0.024858198099245 0.0347620061255214
Maximizing likelihood @ n=8×1310=10480
 SD[log(ℓ)] = 2.80707193200036
 Δlog(ℓ) = 0.0976903013123547
 Δβ/SD[β] = 0.0146460153419617 0.00999899582669957 -0.0325860800310874 -0.00639900863485108 0.0239918437523332 0.0140153608493744
Maximizing likelihood @ n=16×1310=20960
 SD[log(ℓ)] = 2.42693473442254
 Δlog(ℓ) = -0.433438690181326
 Δβ/SD[β] = -0.0170337930643333 -0.0307809557542233 0.0124841546279034 0.0475854706853807 0.0486509673445907 0.0105880943054617
Maximizing likelihood @ n=32×1310=41920
 SD[log(ℓ)] = 1.84672534948525
 Δlog(ℓ) = 4.38435925878593
 Δβ/SD[β] = 0.0396098536727367 0.0321185370717603 -0.0474802431076864 -0.11904722295325 0.081397578570145 -0.000491433479478772
Maximizing likelihood @ n=64×1310=83840
 SD[log(ℓ)] = 1.38782381006163
 Δlog(ℓ) = -0.180651658163015
 Δβ/SD[β] = 0.0328524861570742 0.0306209723903965 -0.00850611431474573 -0.0139370960806255 0.0252250162847769 -0.00232584328759128
Maximizing likelihood @ n=128×1310=167680
 SD[log(ℓ)] = 1.10965978540676
 Δlog(ℓ) = 4.75412802314503
 Δβ/SD[β] = 0.0841781248580358 0.0877785849978661 -0.0424551562199606 -0.119311051497788 -0.0197528086635835 0.0197756451319931
Maximizing likelihood @ n=256×1310=335360
 SD[log(ℓ)] = 0.928190842415965
 Δlog(ℓ) = -0.123983676637252
 Δβ/SD[β] = 0.0139540829162347 -0.0343994059677705 -0.0241129683459836 0.0119078069604626 0.0311204958704298 0.0371204175468014
Maximizing likelihood @ n=512×1310=670720
 SD[log(ℓ)] = 0.657752633000139
 Δlog(ℓ) = 0.377982186701558
 Δβ/SD[β] = 0.0428960793147747 0.0490261638600722 -0.0351860208949655 -0.0112756167582921 -0.0270055738580523 -0.00597947047155894
Maximizing likelihood @ n=1024×1310=1341440
 SD[log(ℓ)] = 0.446939531690318
 Δlog(ℓ) = 0.61612954839228
 Δβ/SD[β] = 0.00504187252626594 0.00264234324342222 -0.00285850700725581 -0.00697840649941323 0.00559882070795733 0.00401421358088311
Maximizing likelihood @ n=2048×1310=2682880
 SD[log(ℓ)] = 0.468531571743401
 Δlog(ℓ) = -0.480728520027881
 Δβ/SD[β] = 0.000828078387232986 -0.00264451487948247 -0.00176284247768607 0.00113385827609432 0.00277989650106372 -0.000359541995402072
Maximizing likelihood @ n=4096×1310=5365760
 SD[log(ℓ)] = 0.300467434333625
 Δlog(ℓ) = 0.110949416190365
 Δβ/SD[β] = -0.00495724711176352 0.0328974357415777 -0.0374845381426077 -0.0133602626920106 0.0189732215240309 0.0209762123764599
Maximizing likelihood @ n=8192×1310=10731520
 SD[log(ℓ)] = 0.221251753175076
 Δlog(ℓ) = -0.247569905616373
 Δβ/SD[β] = 0.000132929701770054 -0.000125257491840878 -6.36892145415438e-05 1.40450543958015e-06 7.81191021150789e-05 3.70184168189763e-05
Maximizing likelihood @ n=16384×1310=21463040
 SD[log(ℓ)] = 0.248679384200635
 Δlog(ℓ) = -0.288521167789099
 Δβ/SD[β] = 0.000101076583931679 -0.00012015679908744 -4.76025189399961e-05 2.53277601221604e-05 5.96467702586894e-05 3.04438747949596e-05
Calculating Hessian
There were 13 warnings (use warnings() to see them)
Script complete
Sat Nov 16 00:36:33 MST 2024
