Wed Nov 20 19:54:46 MST 2024
Initiating script
── Attaching core tidyverse packages ──────────────────────── tidyverse 2.0.0 ──
✔ dplyr     1.1.4     ✔ readr     2.1.5
✔ forcats   1.0.0     ✔ stringr   1.5.1
✔ ggplot2   3.5.1     ✔ tibble    3.2.1
✔ lubridate 1.9.3     ✔ tidyr     1.3.1
✔ purrr     1.0.2     
── Conflicts ────────────────────────────────────────── tidyverse_conflicts() ──
✖ ggplot2::annotate() masks ctmm::annotate()
✖ dplyr::filter()     masks stats::filter()
✖ dplyr::lag()        masks stats::lag()
ℹ Use the conflicted package (<http://conflicted.r-lib.org/>) to force all conflicts to become errors
Linking to GEOS 3.9.5, GDAL 3.8.5, PROJ 9.4.0; sf_use_s2() is TRUE
Loading required package: sp

Attaching package: ‘raster’

The following object is masked from ‘package:dplyr’:

    select

The following objects are masked from ‘package:ctmm’:

    projection, projection<-

terra 1.7.78

Attaching package: ‘terra’

The following object is masked from ‘package:tidyr’:

    extract

The following objects are masked from ‘package:ctmm’:

    distance, meta

[1] "/home/u15/mmercer3/proj/habitat_analysis_class/Final/Model_Fit_Results/roads_750/Val_rr.Rda"
     [,1]                                
[1,] "Data loaded at 2024-11-20 19:54:57"
Default grid size of 40.0277777777778 minutes chosen for bandwidth(...,fast=TRUE).
Some rasters are not loaded in RAM and may be slow to process. See help("raster::readAll").
Maximizing likelihood @ n=1×2660=2660
 SD[log(ℓ)] = 3.04171264158635
 Δlog(ℓ) = Inf
 Δβ/SD[β] = -0.61748798033203 -1.92180911424945 0.99570714468339 0.0375253275570676 0.0376174575682198 -1.03966552931286 -1.05456160592252 0.0685514752231502
Maximizing likelihood @ n=2×2660=5320
 SD[log(ℓ)] = 7.11053302411327
 Δlog(ℓ) = 91.9617717489978
 Δβ/SD[β] = 3.77957421584205 -11.8373209480908 1.79450891810268 2.4136090107092 1.45950652920753 -2.12143062163547 -2.35200532754892 0.214616615675747
Maximizing likelihood @ n=4×2660=10640
 SD[log(ℓ)] = 5.26874997454577
 Δlog(ℓ) = 5.79587742025697
 Δβ/SD[β] = -0.256187175335484 -0.523934940007705 0.611358706087004 0.26766490363214 0.330229980566194 -0.241963856620844 -0.960722810897638 -0.274895280963691
Maximizing likelihood @ n=8×2660=21280
 SD[log(ℓ)] = 3.88378335546677
 Δlog(ℓ) = 7.84507783861181
 Δβ/SD[β] = -0.325950573764101 -0.416664160236186 0.187545723179471 -0.0706352969658115 -0.456583428540045 -0.158689743958852 -0.268932441329569 0.651531485744661
Maximizing likelihood @ n=16×2660=42560
 SD[log(ℓ)] = 2.77643115313861
 Δlog(ℓ) = 0.331292433304441
 Δβ/SD[β] = -0.138134579229808 0.0266612610292373 0.383968640831897 0.0659950605866523 0.0842734179506228 -0.102673019683632 0.000829208176680861 0.00837285850626172
Maximizing likelihood @ n=32×2660=85120
 SD[log(ℓ)] = 1.99921832828849
 Δlog(ℓ) = 3.07457482916197
 Δβ/SD[β] = -0.0950689194295907 -0.0990716779975215 0.1287753901891 -0.0462040966420923 0.0785453730846307 -0.0611196486804024 -0.323567434674736 0.0288801164244951
Maximizing likelihood @ n=64×2660=170240
 SD[log(ℓ)] = 1.42919200344344
 Δlog(ℓ) = 0.546380715441671
 Δβ/SD[β] = -0.0316245005755126 -0.0284281769096016 -0.0387345069843823 -0.0766384178067755 0.0692494478974198 0.155744377765085 -0.143699132198401 0.00824460182743393
Maximizing likelihood @ n=128×2660=340480
 SD[log(ℓ)] = 1.01268366576326
 Δlog(ℓ) = 0.00531803304181722
 Δβ/SD[β] = 0.066769322752017 0.023017280834011 0.0972370053949632 0.214600936650508 0.0208807262525088 0.111049823478403 -0.0472524627230752 0.0622194007089022
Maximizing likelihood @ n=256×2660=680960
 SD[log(ℓ)] = 0.713167560470172
 Δlog(ℓ) = -0.772407684037375
 Δβ/SD[β] = 0.0190922181776212 0.0566018251968501 -0.0263637469940812 0.0323978184898271 -0.00449650674589127 0.031554471174532 0.00340885923694622 0.0331066820060694
Maximizing likelihood @ n=512×2660=1361920
 SD[log(ℓ)] = 0.50495078742519
 Δlog(ℓ) = -0.13138797098199
 Δβ/SD[β] = 0.0320934243540221 -0.0578357152090329 0.0290495621654382 0.0680715090303962 -0.0331278305508119 0.00408633880896428 0.00992149115090398 0.0189169553571948
Maximizing likelihood @ n=1024×2660=2723840
 SD[log(ℓ)] = 0.357421354799426
 Δlog(ℓ) = 0.122275803102553
 Δβ/SD[β] = -0.0479426488145339 0.0452100395503339 0.0386708866389425 0.122938668904417 -0.0387543402589819 0.0232801950699928 -0.0573837049840978 0.00784813599213907
Maximizing likelihood @ n=2048×2660=5447680
 SD[log(ℓ)] = 0.25297492292857
 Δlog(ℓ) = 0.084387947890491
 Δβ/SD[β] = 0.0259236833947817 0.00306315875258265 -0.0187304656908453 -0.00546082279686033 -0.0107805920147386 -0.00153523897202899 -0.0416826834567287 -4.44443911137408e-05
Maximizing likelihood @ n=4096×2660=10895360
 SD[log(ℓ)] = 0.17907189643493
 Δlog(ℓ) = 0.0789474484962795
 Δβ/SD[β] = 0.000497039771299561 -0.0168769559043594 0.0036621389080711 -0.00203582055299906 -0.00473625324491678 -0.0143379564096922 -0.0041082033017479 -0.0105423193934767
Maximizing likelihood @ n=8192×2660=21790720
 SD[log(ℓ)] = 0.126392054074294
 Δlog(ℓ) = 0.094320811017127
 Δβ/SD[β] = 0.0152354752971937 0.0206215677725367 0.00366812700553315 0.0130282195920144 0.00411712963318427 -0.0389999485094931 0.0011016530898677 -0.0597958963660859
Calculating Hessian
Warning message:
In rsf.fit(individual, individual_akde, R = R, max.mem = "2 Gb") :
  Calculation stopped before 2.6 Gb allocation.
Script complete
Wed Nov 20 20:42:29 MST 2024
