Sat Nov 16 04:57:38 MST 2024
Initiating script
── Attaching core tidyverse packages ──────────────────────── tidyverse 2.0.0 ──
✔ dplyr     1.1.4     ✔ readr     2.1.5
✔ forcats   1.0.0     ✔ stringr   1.5.1
✔ ggplot2   3.5.1     ✔ tibble    3.2.1
✔ lubridate 1.9.3     ✔ tidyr     1.3.1
✔ purrr     1.0.2     
── Conflicts ────────────────────────────────────────── tidyverse_conflicts() ──
✖ ggplot2::annotate() masks ctmm::annotate()
✖ dplyr::filter()     masks stats::filter()
✖ dplyr::lag()        masks stats::lag()
ℹ Use the conflicted package (<http://conflicted.r-lib.org/>) to force all conflicts to become errors
Linking to GEOS 3.9.5, GDAL 3.8.5, PROJ 9.4.0; sf_use_s2() is TRUE
Loading required package: sp

Attaching package: ‘raster’

The following object is masked from ‘package:dplyr’:

    select

The following objects are masked from ‘package:ctmm’:

    projection, projection<-

terra 1.7.78

Attaching package: ‘terra’

The following object is masked from ‘package:tidyr’:

    extract

The following objects are masked from ‘package:ctmm’:

    distance, meta

[1] "/home/u15/mmercer3/proj/habitat_analysis_class/Final/Model_Fit_Results/Val_rr.Rda"
     [,1]                                
[1,] "Data loaded at 2024-11-16 04:57:48"
Reading layer `major' from data source 
  `/home/u15/mmercer3/proj/habitat_analysis_class/Final/Major_Roads' 
  using driver `ESRI Shapefile'
Simple feature collection with 411 features and 7 fields
Geometry type: LINESTRING
Dimension:     XY
Bounding box:  xmin: 477946 ymin: 3545735 xmax: 511807.9 ymax: 3592212
Projected CRS: WGS 84 / UTM zone 12N
     [,1]                                 
[1,] "Roads loaded at 2024-11-16 04:57:48"
Default grid size of 40.0277777777778 minutes chosen for bandwidth(...,fast=TRUE).
|---------|---------|---------|---------|=========================================                                          [1] 1681968
[1] 1681968
Starting buffer 30 
Maximizing likelihood @ n=1×2660=2660
 SD[log(ℓ)] = 5.5256570082779
 Δlog(ℓ) = Inf
 Δβ/SD[β] = 146.431132911605 1.2269121146098 -0.718866380261672 -27.7209134771431 -38.9870090686843 2.14679523330531
Maximizing likelihood @ n=2×2660=5320
 SD[log(ℓ)] = 5.06554003149892
 Δlog(ℓ) = 10.2065007853084
 Δβ/SD[β] = 0.35367342242464 0.112381487150447 0.196869422754351 -0.848976650767058 -0.171044609486587 -0.0626939980522525
Maximizing likelihood @ n=4×2660=10640
 SD[log(ℓ)] = 3.98094360671611
 Δlog(ℓ) = 7.54376816637397
 Δβ/SD[β] = 0.121907495452404 0.0727170841916376 -0.0284154989016966 -0.0906492635026377 -0.129570388540559 0.113387840416939
Maximizing likelihood @ n=8×2660=21280
 SD[log(ℓ)] = 2.90134951020881
 Δlog(ℓ) = -0.311562842214698
 Δβ/SD[β] = 0.0161277437310538 -0.00865633362758725 0.0204395119901984 0.0118778269855978 0.000425668206433372 0.00618169103919479
Maximizing likelihood @ n=16×2660=42560
 SD[log(ℓ)] = 2.03335360038004
 Δlog(ℓ) = -2.68158618066951
 Δβ/SD[β] = -0.00922335994340502 -0.0883706929650631 0.0805750438504914 0.0617828208979429 0.000295404318859467 -0.210050540793093
Maximizing likelihood @ n=32×2660=85120
 SD[log(ℓ)] = 1.44743447547531
 Δlog(ℓ) = -0.0521781690182337
 Δβ/SD[β] = 0.0695121381538285 -0.0420524998402379 0.0333378460633864 -0.0744003790168459 0.0842604661247507 0.0221727371223484
Maximizing likelihood @ n=64×2660=170240
 SD[log(ℓ)] = 1.04448018987695
 Δlog(ℓ) = 0.726903736177931
 Δβ/SD[β] = 0.0129461387901911 -0.0145912831483921 0.00753707438662529 0.00390317967586154 0.00558297833959892 0.00540418494604528
Maximizing likelihood @ n=128×2660=340480
 SD[log(ℓ)] = 0.736622368102718
 Δlog(ℓ) = 0.54843335849516
 Δβ/SD[β] = 0.00480171304719099 -0.0909314707809211 0.0979970741373814 -0.0840964252882565 0.00671606921145873 -0.0655335086954622
Maximizing likelihood @ n=256×2660=680960
 SD[log(ℓ)] = 0.521657262219997
 Δlog(ℓ) = -0.0676327373491432
 Δβ/SD[β] = 0.024766750067899 0.0187890635967119 0.0842692505897884 -0.106747042004829 -0.152354491782299 -0.063867614220395
Maximizing likelihood @ n=512×2660=1361920
 SD[log(ℓ)] = 0.369021366211611
 Δlog(ℓ) = 0.278745746732582
 Δβ/SD[β] = -0.023591617380173 -0.0812591887702 0.0384785023251139 -0.104887266671489 -0.139538143379061 0.0868381819928411
Maximizing likelihood @ n=1024×2660=2723840
 SD[log(ℓ)] = 0.262267167853632
 Δlog(ℓ) = 0.409270834517045
 Δβ/SD[β] = 0.0464542963401504 -0.0262077382870027 0.0331589714186122 -0.0376740254908729 -0.036688108365345 -0.0112076193455247
Maximizing likelihood @ n=2048×2660=5447680
 SD[log(ℓ)] = 0.184963399412658
 Δlog(ℓ) = -0.164271981993735
 Δβ/SD[β] = -0.0211048130041823 -0.00154382583439173 0.0103468948732017 0.00375946726461061 0.00894027616974243 -0.0105073679209194
Maximizing likelihood @ n=4096×2660=10895360
 SD[log(ℓ)] = 0.130430542675283
 Δlog(ℓ) = -0.259604278322811
 Δβ/SD[β] = -0.0202155577232381 0.0094948382508883 0.016147438456837 -0.0141585840505353 0.0213996364922807 0.00878209624111913
Maximizing likelihood @ n=8192×2660=21790720
 SD[log(ℓ)] = 0.0922825493444019
 Δlog(ℓ) = -0.159537645579576
 Δβ/SD[β] = 0.011363083465877 0.0191659732225292 0.00700099929663455 -0.0157746417567642 0.0189975696314396 0.0153156146632106
Calculating Hessian
Maximizing likelihood @ n=1×2660=2660
 SD[log(ℓ)] = 1.56587002746405
 Δlog(ℓ) = Inf
 Δβ/SD[β] = -4.66961363068732 -1.14193685705188 -0.318721861082059 -24.8081761084205 -29.309055483013 1.73701041450568
Maximizing likelihood @ n=2×2660=5320
 SD[log(ℓ)] = 1.11728076854647
 Δlog(ℓ) = -0.421907135177054
 Δβ/SD[β] = 0.264625622662461 0.227809959645592 -1.12003374240301 -0.0774052291221756 1.0816881550951 0.382419288863441
Maximizing likelihood @ n=4×2660=10640
 SD[log(ℓ)] = 0.939363896430598
 Δlog(ℓ) = 1.22536212234839
 Δβ/SD[β] = -3.14958709017541 0.240127699706573 0.315767548646709 0.263311253697145 -1.2728255351628 0.251044164996197
Maximizing likelihood @ n=8×2660=21280
 SD[log(ℓ)] = 0.708924292017467
 Δlog(ℓ) = 0.283097896233128
 Δβ/SD[β] = -0.295611279823673 0.0286829005829366 -0.157270843543356 0.100132257231025 0.0877673756652014 0.107612892446129
Maximizing likelihood @ n=16×2660=42560
 SD[log(ℓ)] = 0.518237179958897
 Δlog(ℓ) = 0.462612163079997
 Δβ/SD[β] = -0.0552707874547778 -0.136426866096738 -0.0688599924092713 0.0605312834198533 -0.0250311789904991 0.0199424358361792
Maximizing likelihood @ n=32×2660=85120
 SD[log(ℓ)] = 0.386849289951659
 Δlog(ℓ) = 0.552869379810208
 Δβ/SD[β] = -0.134958155381184 0.0666403987043972 0.0296185747789291 0.120037723264069 -0.0231707055053036 0.0874080038082781
Maximizing likelihood @ n=64×2660=170240
 SD[log(ℓ)] = 0.277220691382827
 Δlog(ℓ) = 0.0268110486189581
 Δβ/SD[β] = -0.0507501714350205 -0.0279158461023211 0.0202532378764583 -0.0994608260541872 -0.0480128986801092 0.0687968588978597
Maximizing likelihood @ n=128×2660=340480
 SD[log(ℓ)] = 0.204974829265259
 Δlog(ℓ) = 0.512900962689978
 Δβ/SD[β] = -0.1076618373632 -0.0709076401995693 0.106450845532287 0.0442446361014323 -0.0309818628775073 0.0825665203386244
Maximizing likelihood @ n=256×2660=680960
 SD[log(ℓ)] = 0.146401041836288
 Δlog(ℓ) = 0.0487104250190811
 Δβ/SD[β] = 0.00710519197903848 -0.00205409604677411 0.00946466964509502 -0.017463662136908 -0.0156039443059728 0.0391917113173317
Maximizing likelihood @ n=512×2660=1361920
 SD[log(ℓ)] = 0.104283245913104
 Δlog(ℓ) = 0.128724502292309
 Δβ/SD[β] = 0.00494783377742499 -0.019912090820723 0.00693708219466771 0.0283013836760882 -0.00260227458802009 0.0122833199014209
Maximizing likelihood @ n=1024×2660=2723840
 SD[log(ℓ)] = 0.0736923504209441
 Δlog(ℓ) = 0.0870583989635874
 Δβ/SD[β] = -0.00583046206589156 0.015474139751374 -0.00302836232093417 0.0230312986532291 -0.0137800963472923 -0.0110312792873813
Maximizing likelihood @ n=2048×2660=5447680
 SD[log(ℓ)] = 0.0521267232720721
 Δlog(ℓ) = -0.0587603513320527
 Δβ/SD[β] = -0.011943303767893 -0.00827499022422053 0.0355871225232703 0.0235538952252703 -0.0391381887178747 -0.00480632970555429
Maximizing likelihood @ n=4096×2660=10895360
 SD[log(ℓ)] = 0.0367396569594383
 Δlog(ℓ) = 0.0377734813007296
 Δβ/SD[β] = 0.00584778311022608 0.021889908953878 -0.0696624802331724 0.00151228382364981 -0.0681018798923209 -0.0120073609282389
Maximizing likelihood @ n=8192×2660=21790720
 SD[log(ℓ)] = 0.0267565816985253
 Δlog(ℓ) = 0.205879366425675
 Δβ/SD[β] = -0.176403072489147 0.00586080333158303 0.0137355337202507 -0.0142880366934877 -1.96856581786132 -0.0587876354551034
Calculating Hessian
Maximizing likelihood @ n=1×2660=2660
 SD[log(ℓ)] = 3.93749432634015
 Δlog(ℓ) = Inf
 Δβ/SD[β] = -4.84484926244329 0.0128547520214581 0.0165263944496951 -0.980158230291721 -1.04882275486047 0.0786003139420268
Maximizing likelihood @ n=2×2660=5320
 SD[log(ℓ)] = 6.64648075910142
 Δlog(ℓ) = 59.1056105107258
 Δβ/SD[β] = -9.56602702453647 2.81172838564471 1.08065068347962 -2.43958744373518 -3.47448730782928 -1.68798165862076
Maximizing likelihood @ n=4×2660=10640
 SD[log(ℓ)] = 4.90216336140815
 Δlog(ℓ) = 5.95652951930185
 Δβ/SD[β] = -0.074607966006713 -0.022723723454907 0.00562681534600456 -0.0388933134772483 -0.0825159186773641 -0.0584681755860042
Maximizing likelihood @ n=8×2660=21280
 SD[log(ℓ)] = 3.57669019511451
 Δlog(ℓ) = 6.29472442902392
 Δβ/SD[β] = -0.0411500291768972 -0.0439460726535449 0.145547728006764 -0.208751920309698 -0.0112804176927495 0.000856669373917417
Maximizing likelihood @ n=16×2660=42560
 SD[log(ℓ)] = 2.57302338082981
 Δlog(ℓ) = 3.49269525958684
 Δβ/SD[β] = -0.0137728889247584 -0.0346017319265604 0.00679216507199068 0.0144463126121413 0.0161317823553982 -0.0241282287562025
Maximizing likelihood @ n=32×2660=85120
 SD[log(ℓ)] = 1.82853682478687
 Δlog(ℓ) = 1.74649024969477
 Δβ/SD[β] = -0.116559448683094 -0.216351031692478 0.130995580432472 -0.107294021196448 -0.0408587828063609 0.042123603303159
Maximizing likelihood @ n=64×2660=170240
 SD[log(ℓ)] = 1.30237854370743
 Δlog(ℓ) = 0.157315516808524
 Δβ/SD[β] = -0.00780811677207 0.000463293594511967 0.057829605678257 -0.0679744167691991 -0.0264907632789186 0.00909563724190573
Maximizing likelihood @ n=128×2660=340480
 SD[log(ℓ)] = 0.921431652053539
 Δlog(ℓ) = 0.304874184084127
 Δβ/SD[β] = 0.0226236150438116 -0.00291761976310612 0.0195116907047247 -0.00830333831522596 0.0214148614757061 -0.00539082922668663
Maximizing likelihood @ n=256×2660=680960
 SD[log(ℓ)] = 0.652901504229846
 Δlog(ℓ) = 0.451905217469374
 Δβ/SD[β] = -0.0255143290226291 0.0114201687039579 -0.00614341828215994 0.000848538430025395 0.00516833316138601 0.0140180740372773
Maximizing likelihood @ n=512×2660=1361920
 SD[log(ℓ)] = 0.464003415715853
 Δlog(ℓ) = 0.0807687097401697
 Δβ/SD[β] = -0.0423780250880378 0.0564474305350991 0.0272825309989074 -0.0481436178937708 -0.063598282315481 0.0648804241209609
Maximizing likelihood @ n=1024×2660=2723840
 SD[log(ℓ)] = 0.327111439596908
 Δlog(ℓ) = 0.144519713617655
 Δβ/SD[β] = 0.0418017094775926 0.0116900027346459 0.0471458355852796 0.026627849584829 0.0586149561778784 0.0124873520523028
Maximizing likelihood @ n=2048×2660=5447680
 SD[log(ℓ)] = 0.231738002918696
 Δlog(ℓ) = 0.18159577294864
 Δβ/SD[β] = -0.0209396094290027 0.018911381585789 -0.0120277782288921 -0.0152554843219328 -0.0170555517765665 0.00802000959503489
Maximizing likelihood @ n=4096×2660=10895360
 SD[log(ℓ)] = 0.16368512720397
 Δlog(ℓ) = 0.483086487352949
 Δβ/SD[β] = 0.0100626266551295 0.0328981019400309 0.00580058480293945 -0.00979600540682519 0.039642169239852 0.01547864709981
Maximizing likelihood @ n=8192×2660=21790720
 SD[log(ℓ)] = 0.115970512318018
 Δlog(ℓ) = -0.0752472313853332
 Δβ/SD[β] = -0.0236837577560509 0.00526221950083616 -0.00254338539122816 -0.0204857531930215 -0.00644951155758518 0.00218218536175088
Calculating Hessian
Maximizing likelihood @ n=1×2660=2660
 SD[log(ℓ)] = 4.63457289382741
 Δlog(ℓ) = Inf
 Δβ/SD[β] = 13.2961872085473 1.35093414714032 0.0069543636715869 -26.0228239961809 -31.1983412316329 3.66127402657039
Maximizing likelihood @ n=2×2660=5320
 SD[log(ℓ)] = 3.97427044210248
 Δlog(ℓ) = 8.18597480743251
 Δβ/SD[β] = 0.659183264078675 0.0468815235593048 -0.126383252554509 -0.000206624107442864 -0.0905312388544319 0.343547735583014
Maximizing likelihood @ n=4×2660=10640
 SD[log(ℓ)] = 3.17176051694944
 Δlog(ℓ) = 3.92229834954632
 Δβ/SD[β] = 0.110987579659658 0.233739283862614 -0.285141716902056 -0.684095839670393 -0.445153639478185 0.181457015917743
Maximizing likelihood @ n=8×2660=21280
 SD[log(ℓ)] = 2.26559376394566
 Δlog(ℓ) = 1.22795853285992
 Δβ/SD[β] = 0 0 0 0 0 0
Maximizing likelihood @ n=16×2660=42560
 SD[log(ℓ)] = 1.69934988759896
 Δlog(ℓ) = 2.81313744108856
 Δβ/SD[β] = 0.0683925430345975 -0.00508979775189204 -0.0448934719056954 -0.0793882352709477 -0.0685466451841979 0.0136584299964997
Maximizing likelihood @ n=32×2660=85120
 SD[log(ℓ)] = 1.21335482211215
 Δlog(ℓ) = -0.61112465580036
 Δβ/SD[β] = 0.0596365597699357 -0.085727806508597 -0.00164876937164829 -0.0109680634789426 0.0254195554971805 -0.0883405599761439
Maximizing likelihood @ n=64×2660=170240
 SD[log(ℓ)] = 0.8595799863405
 Δlog(ℓ) = -0.275822478918286
 Δβ/SD[β] = 0.00598172360175084 -0.152774266944969 0.079499337557239 -0.0747138843690419 -0.00779841762713013 -0.0371940944698067
Maximizing likelihood @ n=128×2660=340480
 SD[log(ℓ)] = 0.61055842545008
 Δlog(ℓ) = 0.00430258705572584
 Δβ/SD[β] = 0.0454779966255496 -0.000328378705501534 0.000641442210394839 -0.0300656540054711 -0.0338413163916424 -0.0400882492519592
Maximizing likelihood @ n=256×2660=680960
 SD[log(ℓ)] = 0.43231067681014
 Δlog(ℓ) = 0.189233535018545
 Δβ/SD[β] = 0.0197415877594939 0.00215945679958679 0.00129532364050537 -0.00208720433815784 0.00945951494722154 -0.00746119904473774
Maximizing likelihood @ n=512×2660=1361920
 SD[log(ℓ)] = 0.307364951233923
 Δlog(ℓ) = 0.207371081250116
 Δβ/SD[β] = 0.0210646633220903 -0.055415581371563 -0.0446823379117022 0.0209538221902726 -0.0315991009219984 0.023772674045878
Maximizing likelihood @ n=1024×2660=2723840
 SD[log(ℓ)] = 0.216028805946421
 Δlog(ℓ) = -0.288140289470562
 Δβ/SD[β] = -0.0354203539924486 -0.00987220019049004 0.0132205016734249 0.0121137980805269 -0.011687463503693 -0.00948244950842216
Maximizing likelihood @ n=2048×2660=5447680
 SD[log(ℓ)] = 0.152749424343211
 Δlog(ℓ) = 0.206844684133706
 Δβ/SD[β] = 0 0 0 0 0 0
Maximizing likelihood @ n=4096×2660=10895360
 SD[log(ℓ)] = 0.108257374878508
 Δlog(ℓ) = -0.074995598554743
 Δβ/SD[β] = 0.0128041205702023 -0.00134417856070124 -0.00333190417702793 -0.000304261565665689 4.05180767328241e-05 0.00275816905383393
Maximizing likelihood @ n=8192×2660=21790720
 SD[log(ℓ)] = 0.0763521413343942
 Δlog(ℓ) = -0.0181802161109346
 Δβ/SD[β] = -0.0110008122436402 -0.0173869706129249 0.0111154156605627 -0.00983945852502585 0.0166703884133036 -0.0150979855568398
Calculating Hessian
Starting buffer 750 
Maximizing likelihood @ n=1×2660=2660
 SD[log(ℓ)] = 1.76602964874107
 Δlog(ℓ) = Inf
 Δβ/SD[β] = -0.47663123671516 -0.942211651245176 0.0505420664523365 -23.6172892093472 -30.3475056719858 2.20344859455737
Maximizing likelihood @ n=2×2660=5320
 SD[log(ℓ)] = 1.37214889915532
 Δlog(ℓ) = 0.311082939396307
 Δβ/SD[β] = -0.00289683060373869 0.0670392860601403 -0.0483502493995204 -0.138001503027108 -0.0496986268665176 0.405071873139783
Maximizing likelihood @ n=4×2660=10640
 SD[log(ℓ)] = 1.05971348624696
 Δlog(ℓ) = 0.413913596439266
 Δβ/SD[β] = -0.0574301226190342 0.187067184225504 -0.000384143077535088 0.162593618406004 -0.178231042611093 0.208155861034953
Maximizing likelihood @ n=8×2660=21280
 SD[log(ℓ)] = 0.800391169173292
 Δlog(ℓ) = 0.727225104191601
 Δβ/SD[β] = -0.00547991496681932 -0.13040821933213 -0.0106197553714556 0.0867685606221799 0.102167025090307 0.0799745997461306
Maximizing likelihood @ n=16×2660=42560
 SD[log(ℓ)] = 0.594114254580729
 Δlog(ℓ) = 0.383814573908898
 Δβ/SD[β] = -0.0161535428582861 -0.0516386601544285 0.0126192743889772 0.0439489151690662 0.0316424272903737 0.1337040066103
Maximizing likelihood @ n=32×2660=85120
 SD[log(ℓ)] = 0.408264758851069
 Δlog(ℓ) = -0.500571653888861
 Δβ/SD[β] = 0.0273040817393128 0.0199897044411552 0.0165521203053815 -0.0859059727050379 0.0531800788235646 -0.0148405102115665
Maximizing likelihood @ n=64×2660=170240
 SD[log(ℓ)] = 0.282109708316331
 Δlog(ℓ) = -0.1748038550771
 Δβ/SD[β] = -0.00804828871886216 0.0130496650835945 -0.033750229551813 -0.0655251838138066 -0.0398841802787076 -0.0346946523067473
Maximizing likelihood @ n=128×2660=340480
 SD[log(ℓ)] = 0.204668533431519
 Δlog(ℓ) = -0.0219151939504805
 Δβ/SD[β] = 0.032140800437897 0.0403295038251438 -0.0655280870310321 0.0925648822061138 -0.0851561707763506 0.0243111444302302
Maximizing likelihood @ n=256×2660=680960
 SD[log(ℓ)] = 0.143067783251816
 Δlog(ℓ) = 0.0549572730648054
 Δβ/SD[β] = 0.0333022461582063 0.0194489559368401 -0.0149621046475744 0.0160622081570647 0.0237815048825319 -0.0484697738098169
Maximizing likelihood @ n=512×2660=1361920
 SD[log(ℓ)] = 0.100536382597401
 Δlog(ℓ) = -0.0167820774938869
 Δβ/SD[β] = -0.00562389750247004 0.0223668432084243 0.0002508321626481 -0.0165409120821657 0.00954957031872709 -0.00843085014682726
Maximizing likelihood @ n=1024×2660=2723840
 SD[log(ℓ)] = 0.0713087270803665
 Δlog(ℓ) = 0.00477405312629475
 Δβ/SD[β] = -0.00561770459442974 -0.00111991384196855 -0.0178630820097137 0.0248709558149021 0.0176864839629758 -0.000317381194851557
Maximizing likelihood @ n=2048×2660=5447680
 SD[log(ℓ)] = 0.0503866028825561
 Δlog(ℓ) = -0.0339523086628475
 Δβ/SD[β] = -0.00157679946798444 -0.0061583358238994 -0.00478638597676868 -0.0140127847859253 0.00519932904279608 0.00256770545666801
Maximizing likelihood @ n=4096×2660=10895360
 SD[log(ℓ)] = 0.0356680385176207
 Δlog(ℓ) = 0.0142014704675963
 Δβ/SD[β] = -0.00118439767451461 0.00636870177776399 -0.0140296154537633 -0.00570799686392137 0.00352170173717757 0.00805170966562781
Maximizing likelihood @ n=8192×2660=21790720
 SD[log(ℓ)] = 0.0251381258383491
 Δlog(ℓ) = -0.00486525519224834
 Δβ/SD[β] = 0.00206653109028274 -0.00144107961863336 -0.00659669535920953 -0.00074538255508586 0.000497932299365921 -0.0066739988330697
Calculating Hessian
Maximizing likelihood @ n=1×2660=2660
 SD[log(ℓ)] = 2.09851897330712
 Δlog(ℓ) = Inf
 Δβ/SD[β] = -8.83546044977878 -0.927226651074435 -0.776096807933361 -23.6851780445913 -26.5293801170742 2.93047144362328
Maximizing likelihood @ n=2×2660=5320
 SD[log(ℓ)] = 1.71155235434267
 Δlog(ℓ) = 1.06981166234274
 Δβ/SD[β] = 0.0951609812315822 -0.443271759272961 0.657553058533853 -0.0149693457094995 -0.337274156282417 0.55245596834086
Maximizing likelihood @ n=4×2660=10640
 SD[log(ℓ)] = 1.2064384536671
 Δlog(ℓ) = -0.757172483555427
 Δβ/SD[β] = -0.0935200195594304 0.133798344933135 -0.113458007873847 0.0705784774707788 -0.0236549002928846 0.0126870224265303
Maximizing likelihood @ n=8×2660=21280
 SD[log(ℓ)] = 0.847509126349332
 Δlog(ℓ) = -0.879458762595637
 Δβ/SD[β] = 0 0 0 0 0 0
Maximizing likelihood @ n=16×2660=42560
 SD[log(ℓ)] = 0.567443196345823
 Δlog(ℓ) = -0.0873063164032066
 Δβ/SD[β] = -0.029143957554846 0.0269276031511487 -0.531888896565355 0.0172413951085582 -1.19161667735671 -0.101925246240523
Maximizing likelihood @ n=32×2660=85120
 SD[log(ℓ)] = 0.417827192677569
 Δlog(ℓ) = 0.556343677221474
 Δβ/SD[β] = -0.064966108708654 0.158103866730903 -0.224061144090349 -0.0488412489367348 -0.12721628508679 0.245941121566151
Maximizing likelihood @ n=64×2660=170240
 SD[log(ℓ)] = 0.290073051049806
 Δlog(ℓ) = -0.345217888654203
 Δβ/SD[β] = -0.0145230115284548 0.0221162866896835 -0.0238222510329024 -0.0592933978805975 -0.0122241756080885 -0.0186212122890227
Maximizing likelihood @ n=128×2660=340480
 SD[log(ℓ)] = 0.207050093888571
 Δlog(ℓ) = 0.0718219875749329
 Δβ/SD[β] = 0.00745826337287553 0.0174559964523117 -0.0270788181996086 0.0361924951901416 -0.0030015681155071 0.010845516442128
Maximizing likelihood @ n=256×2660=680960
 SD[log(ℓ)] = 0.143752465784178
 Δlog(ℓ) = -0.230541817298032
 Δβ/SD[β] = 0.0136978770458717 0.0365389077395458 -0.0312287504384871 -0.0325313645111206 0.0221774219949552 -0.0225440249325497
Maximizing likelihood @ n=512×2660=1361920
 SD[log(ℓ)] = 0.101058469159026
 Δlog(ℓ) = -0.146695814752706
 Δβ/SD[β] = -0.0146254125647945 0.0390829268996094 -0.0235543035452265 0.0214341859223801 0.0189362409872482 -0.0222549969961661
Maximizing likelihood @ n=1024×2660=2723840
 SD[log(ℓ)] = 0.0717305960147694
 Δlog(ℓ) = 0.00814417438795445
 Δβ/SD[β] = -0.0181190510945297 0.013400688000009 -0.0126738285398518 -0.0203645667153825 0.000953255271099406 0.0145171105440131
Maximizing likelihood @ n=2048×2660=5447680
 SD[log(ℓ)] = 0.0504558325523033
 Δlog(ℓ) = -0.0364610983867566
 Δβ/SD[β] = -0.00518418275302904 0.00531628167422356 -0.00584105014393425 -0.0172694967281033 0.00272897027814871 -0.00569770274649025
Maximizing likelihood @ n=4096×2660=10895360
 SD[log(ℓ)] = 0.0357595101292174
 Δlog(ℓ) = 0.00801135198633052
 Δβ/SD[β] = -0.0017327484886605 0.00972768743476379 -0.000403736095884024 0.0149042222320148 -0.00795932048157208 0.000594113300124275
Maximizing likelihood @ n=8192×2660=21790720
 SD[log(ℓ)] = 0.0252559869062685
 Δlog(ℓ) = 0.00681574841387178
 Δβ/SD[β] = -0.0168618676340684 0.00751693754970193 -0.021240256715167 -0.0184273680831127 -0.0211325552656039 0.00311575774246667
Calculating Hessian
Maximizing likelihood @ n=1×2660=2660
 SD[log(ℓ)] = 1.49770898582751
 Δlog(ℓ) = Inf
 Δβ/SD[β] = 1.7827716802847 -0.850235411060461 -0.284457258438212 -24.0375000143514 -27.4782389122647 2.12243696772295
Maximizing likelihood @ n=2×2660=5320
 SD[log(ℓ)] = 1.23556405608577
 Δlog(ℓ) = 0.679744628021638
 Δβ/SD[β] = -0.106858539028126 0.246124191878242 -0.0970275341292644 0.109005954017348 0.119287098444353 0.551679896469083
Maximizing likelihood @ n=4×2660=10640
 SD[log(ℓ)] = 0.993274833460862
 Δlog(ℓ) = 0.75959761584921
 Δβ/SD[β] = 0.0780477380604225 0.0349186194691029 -0.214569616454665 0.143552178839756 -0.037633198362215 0.383585174266965
Maximizing likelihood @ n=8×2660=21280
 SD[log(ℓ)] = 0.709864823296439
 Δlog(ℓ) = 0.138481464641601
 Δβ/SD[β] = -0.0897065524469668 -0.125310263768898 -0.108443478301364 0.147933543775524 0.0915043895661259 -0.0322567170947399
Maximizing likelihood @ n=16×2660=42560
 SD[log(ℓ)] = 0.56619772435743
 Δlog(ℓ) = 1.35077231469654
 Δβ/SD[β] = 0.12705424675996 -0.172831953012697 0.080249633423104 0.180946899321459 -0.0854969249200176 0.248080578532752
Maximizing likelihood @ n=32×2660=85120
 SD[log(ℓ)] = 0.417503296678594
 Δlog(ℓ) = 0.312684468268564
 Δβ/SD[β] = 0.023449610488591 -0.100582793939668 -0.100064624818079 0.0704581044944507 -0.163380573240766 0.0923024345501823
Maximizing likelihood @ n=64×2660=170240
 SD[log(ℓ)] = 0.292306109825296
 Δlog(ℓ) = -0.296418063398757
 Δβ/SD[β] = 0.00260431345672408 -0.00885881048046146 0.00344672315155053 -0.0236442441637584 0.0111320134933237 -0.01713841660371
Maximizing likelihood @ n=128×2660=340480
 SD[log(ℓ)] = 0.207905464351146
 Δlog(ℓ) = -0.0457175960053773
 Δβ/SD[β] = -0.0142862263054255 0.0206583897679403 -0.00138670071948731 -0.0330807176511173 0.0195670422083351 0.0285966061682325
Maximizing likelihood @ n=256×2660=680960
 SD[log(ℓ)] = 0.145615173451232
 Δlog(ℓ) = -0.0530777232609889
 Δβ/SD[β] = -0.00203766496513558 0.00918655634202618 -0.0133758610738733 0.0203005589056958 0.0142820767368946 -0.0266096530689971
Maximizing likelihood @ n=512×2660=1361920
 SD[log(ℓ)] = 0.101097967804975
 Δlog(ℓ) = -0.105698800831987
 Δβ/SD[β] = -0.0274623179929863 0.0749451565540072 0.0267458113672695 0.0330017021377869 0.0930194822329087 -0.0361337798652863
Maximizing likelihood @ n=1024×2660=2723840
 SD[log(ℓ)] = 0.0721166844029074
 Δlog(ℓ) = -0.060999234996495
 Δβ/SD[β] = 0.00841354371587373 0.00393399529968887 -0.000567395851415118 0.00561774844098402 0.011927700674887 0.0206722709202471
Maximizing likelihood @ n=2048×2660=5447680
 SD[log(ℓ)] = 0.0511204523716706
 Δlog(ℓ) = 0.0885633052579475
 Δβ/SD[β] = 0.00300661891705493 0.0131503209510632 0.0113851575553947 0.0148510895492435 0.00906676714938691 0.00182978253222388
Maximizing likelihood @ n=4096×2660=10895360
 SD[log(ℓ)] = 0.0362858821615011
 Δlog(ℓ) = -0.0194239748201062
 Δβ/SD[β] = 0.00856176054672061 -0.0073429618678299 0.0201931012673799 -0.00852995681619625 0.0229180699480245 0.0148697159980093
Maximizing likelihood @ n=8192×2660=21790720
 SD[log(ℓ)] = 0.0254474095025653
 Δlog(ℓ) = -0.00275464790324431
 Δβ/SD[β] = -0.0125205069196056 -0.00980175016306845 -0.000250786950499968 -0.0147657363491013 0.0195197499002185 -0.01889960435359
Calculating Hessian
Maximizing likelihood @ n=1×2660=2660
 SD[log(ℓ)] = 5.52960320397288
 Δlog(ℓ) = Inf
 Δβ/SD[β] = 19.6813924076858 2.89471093405516 0.459962855208597 -30.0229846430902 -35.1651373655626 4.97693515284146
Maximizing likelihood @ n=2×2660=5320
 SD[log(ℓ)] = 4.51249947099017
 Δlog(ℓ) = 4.07397312009431
 Δβ/SD[β] = 1.04244172504435 0.375706783547189 0.133873090405905 -0.317370347286539 0.0824469991200465 0.354386009457272
Maximizing likelihood @ n=4×2660=10640
 SD[log(ℓ)] = 3.39008523115477
 Δlog(ℓ) = 0.201385965072632
 Δβ/SD[β] = 0.0571637403241831 -0.0765328678719848 0.239196793398872 0.0894313465708752 -0.0460978816755881 -0.0281656973237173
Maximizing likelihood @ n=8×2660=21280
 SD[log(ℓ)] = 2.58495274937587
 Δlog(ℓ) = 3.42194819205485
 Δβ/SD[β] = 0.0663095855139408 0.242804910852609 0.68336775443097 0.0825379185116158 0.115117696268637 0.191653068902107
Maximizing likelihood @ n=16×2660=42560
 SD[log(ℓ)] = 1.92305365678655
 Δlog(ℓ) = 3.14704996343766
 Δβ/SD[β] = 0.0532271654249992 -0.0190569901115126 0.461477309208544 0.0182242082722788 -0.257998841555515 -0.0230456661959498
Maximizing likelihood @ n=32×2660=85120
 SD[log(ℓ)] = 1.34270547957979
 Δlog(ℓ) = 0.394298671616681
 Δβ/SD[β] = -0.0429875641853886 -0.00183951256016399 0.128906910029071 0.0122303308190142 0.0194461537791943 0.113041002494662
Maximizing likelihood @ n=64×2660=170240
 SD[log(ℓ)] = 0.967511932158689
 Δlog(ℓ) = -0.258543078702978
 Δβ/SD[β] = 0.0796451519900658 0.014142418543988 0.0185094322339007 -0.0447345382539295 -0.00204821775451484 0.0610827511234279
Maximizing likelihood @ n=128×2660=340480
 SD[log(ℓ)] = 0.676347143405654
 Δlog(ℓ) = 0.144394266597978
 Δβ/SD[β] = -0.00998700231776733 0.0378673019103999 0.0506017014598628 -0.0560616677474111 -0.0546521178398464 0.00165796548427434
Maximizing likelihood @ n=256×2660=680960
 SD[log(ℓ)] = 0.485582794213862
 Δlog(ℓ) = -0.203372515028718
 Δβ/SD[β] = 0.0984888776972498 -0.125728107762107 0.146295847614757 -0.0231998941711649 -0.164719505635857 -0.0124640838251396
Maximizing likelihood @ n=512×2660=1361920
 SD[log(ℓ)] = 0.346717446924482
 Δlog(ℓ) = -0.0787922512422199
 Δβ/SD[β] = 0.0108754161990468 0.002206504603467 0.0530091207229653 0.00749862063708637 0.0224708567318879 0.0061603560669899
Maximizing likelihood @ n=1024×2660=2723840
 SD[log(ℓ)] = 0.244312667825824
 Δlog(ℓ) = 0.127119220222909
 Δβ/SD[β] = -0.00381428491123884 0.0160271918393535 0.157579715485494 -0.109833164376933 0.0139416447675242 -0.0143347582359073
Maximizing likelihood @ n=2048×2660=5447680
 SD[log(ℓ)] = 0.172290701664335
 Δlog(ℓ) = 0.161730177619255
 Δβ/SD[β] = -0.0248978668658983 -0.0200034649014761 0.0159636039664267 -0.018689395765781 -0.0119704909672215 -0.0124355356263588
Maximizing likelihood @ n=4096×2660=10895360
 SD[log(ℓ)] = 0.122578758277614
 Δlog(ℓ) = 0.0126294111314706
 Δβ/SD[β] = 0.0410764079801661 -0.0255985760133645 0.0367541146879015 -0.0496381075769144 -0.0789080022886807 0.0313856137248178
Maximizing likelihood @ n=8192×2660=21790720
 SD[log(ℓ)] = 0.0862969044065135
 Δlog(ℓ) = -0.0890208687264362
 Δβ/SD[β] = -0.0237408451214117 0.0015723664097393 0.00256235804694883 -0.0130453894657573 0.00505869537601065 -0.0150358804376504
Calculating Hessian
Starting buffer 1500 
Maximizing likelihood @ n=1×2660=2660
 SD[log(ℓ)] = 1.99760201001924
 Δlog(ℓ) = Inf
 Δβ/SD[β] = 4.32245114000971 -0.903548536747315 -0.593101800891662 -21.6094246860444 -27.725576335567 3.04313113303556
Maximizing likelihood @ n=2×2660=5320
 SD[log(ℓ)] = 1.43940954435846
 Δlog(ℓ) = -0.543205680982715
 Δβ/SD[β] = -0.344796387656361 0.568495875969076 -0.164115055956489 0.236742156116076 0.12231616854392 0.0138710994614039
Maximizing likelihood @ n=4×2660=10640
 SD[log(ℓ)] = 1.05126621515328
 Δlog(ℓ) = -0.25501642187674
 Δβ/SD[β] = -0.0485612292496575 -0.11998146474444 -0.159496508014123 0.56187094233945 -0.0517377421719919 -0.0177664086298486
Maximizing likelihood @ n=8×2660=21280
 SD[log(ℓ)] = 0.77533248609246
 Δlog(ℓ) = 0.405939837139913
 Δβ/SD[β] = -0.0645831217794625 -0.0476024484077603 -0.00821528857988475 0.206711546593812 -0.0258085154318288 0.0264125564531338
Maximizing likelihood @ n=16×2660=42560
 SD[log(ℓ)] = 0.543897399239331
 Δlog(ℓ) = -0.19751410797145
 Δβ/SD[β] = 0.0218169132004264 -0.2526894867804 0.116840606047409 -0.0300937429762971 -0.173754117480659 0.027488731176724
Maximizing likelihood @ n=32×2660=85120
 SD[log(ℓ)] = 0.385564486208769
 Δlog(ℓ) = 0.125994770849765
 Δβ/SD[β] = -0.028345668927837 -0.0510340750189346 0.0454835645354022 0.0712792281833142 0.00684364445653391 -0.0362142423448687
Maximizing likelihood @ n=64×2660=170240
 SD[log(ℓ)] = 0.279717694767772
 Δlog(ℓ) = -0.0160072258127002
 Δβ/SD[β] = 0.0181690918597041 -0.0292817318675684 0.0157641094359596 0.00669426583975965 0.0308562673550545 0.0620592361938041
Maximizing likelihood @ n=128×2660=340480
 SD[log(ℓ)] = 0.19624189501759
 Δlog(ℓ) = 0.0631997518604512
 Δβ/SD[β] = 0.00220872845836934 -0.0151097116952155 0.0231770647579747 0.0134229443087314 0.00605645759547577 -0.0255730275729094
Maximizing likelihood @ n=256×2660=680960
 SD[log(ℓ)] = 0.142071709142092
 Δlog(ℓ) = 0.108985151487419
 Δβ/SD[β] = -0.019715507839429 -0.0451182987746206 0.0334418646048683 0.0300731561013808 -0.0373140524745045 0.0427879263094633
Maximizing likelihood @ n=512×2660=1361920
 SD[log(ℓ)] = 0.100182404310276
 Δlog(ℓ) = 0.077835799323335
 Δβ/SD[β] = -0.00780320311732746 -0.0161772195183687 0.0169496074852038 0.013377950436666 0.00442714090429897 -0.0142430640826713
Maximizing likelihood @ n=1024×2660=2723840
 SD[log(ℓ)] = 0.0716288632819154
 Δlog(ℓ) = 0.0857164206088372
 Δβ/SD[β] = -0.00169740704538327 -0.0126041164018736 0.00637509460299059 0.00258143340857446 -0.0133253130029497 0.0271564334793375
Maximizing likelihood @ n=2048×2660=5447680
 SD[log(ℓ)] = 0.0501443338498817
 Δlog(ℓ) = -0.100108064896355
 Δβ/SD[β] = -2.27047099751866e-06 -0.0124075682382599 0.00829486665607291 -0.0117420281691715 0.0139762695746429 -0.0197064684424191
Maximizing likelihood @ n=4096×2660=10895360
 SD[log(ℓ)] = 0.0354876080910038
 Δlog(ℓ) = 0.00333988236745331
 Δβ/SD[β] = -0.000404190942379847 -0.00387543513048987 0.000438017984122102 -0.00572164620049641 0.00113030157984075 0.00369930152184565
Maximizing likelihood @ n=8192×2660=21790720
 SD[log(ℓ)] = 0.0252047372271195
 Δlog(ℓ) = 0.0280516327520886
 Δβ/SD[β] = 0.00536807940641396 -0.00460573207191405 -0.0127362197384425 0.00894382063469235 0.00178723726566479 0.00469468455226786
Calculating Hessian
Maximizing likelihood @ n=1×2660=2660
 SD[log(ℓ)] = 2.16462445590882
 Δlog(ℓ) = Inf
 Δβ/SD[β] = -12.0823243325472 -1.21285843723884 -0.945377502688635 -22.967509424793 -29.8969091334803 3.46029298567546
Maximizing likelihood @ n=2×2660=5320
 SD[log(ℓ)] = 1.48916912322074
 Δlog(ℓ) = -1.46933767591247
 Δβ/SD[β] = 0.22851964827254 0.0611067545789104 0.220334337075159 0.358917772070066 0.201362228602268 0.0259874117278212
Maximizing likelihood @ n=4×2660=10640
 SD[log(ℓ)] = 1.01210754479003
 Δlog(ℓ) = -0.725070021197421
 Δβ/SD[β] = -0.171841765672492 0.36739793599166 0.201977072062985 0.208500911509621 0.161080428669647 -0.0284609454265907
Maximizing likelihood @ n=8×2660=21280
 SD[log(ℓ)] = 0.844821563427875
 Δlog(ℓ) = 1.63035927405946
 Δβ/SD[β] = -0.00602921332288159 -0.238578998638732 0.204333367445091 0.313155669464977 -0.569441432637615 0.165945921934611
Maximizing likelihood @ n=16×2660=42560
 SD[log(ℓ)] = 0.593915062345241
 Δlog(ℓ) = -0.1809291499565
 Δβ/SD[β] = -0.0374454014220656 -0.102554251654748 -0.0345329558431057 0.0812343142306264 -0.0333203072704397 -0.0686172106178844
Maximizing likelihood @ n=32×2660=85120
 SD[log(ℓ)] = 0.407865188819802
 Δlog(ℓ) = -0.355607876577591
 Δβ/SD[β] = -0.0192914649798238 0.0610697907823204 -0.0417935652925069 -0.0526285096270788 0.056791140351949 -0.0420350510209993
Maximizing likelihood @ n=64×2660=170240
 SD[log(ℓ)] = 0.287769975765226
 Δlog(ℓ) = -0.141649052414906
 Δβ/SD[β] = -0.0935166509149007 0.151126057770611 -0.116988095949684 0.0578634933530196 -0.0302634317830482 -0.0160592052349985
Maximizing likelihood @ n=128×2660=340480
 SD[log(ℓ)] = 0.201147435382013
 Δlog(ℓ) = -0.129089735623225
 Δβ/SD[β] = -0.00788410843804942 -0.00949561298442779 -0.00468266930413089 0.0227250641179933 0.0107931728652056 -0.0261131710632172
Maximizing likelihood @ n=256×2660=680960
 SD[log(ℓ)] = 0.141827512055648
 Δlog(ℓ) = -0.0725790386320648
 Δβ/SD[β] = 0.0122704945685086 -0.0169743909658008 -0.0023700106385695 0.0211034035977998 -0.000242029251624455 -0.0225192310959702
Maximizing likelihood @ n=512×2660=1361920
 SD[log(ℓ)] = 0.101560830915391
 Δlog(ℓ) = 0.0718873595977954
 Δβ/SD[β] = -0.0234430101127947 -0.0369238402653554 0.0155001778547079 -0.0173460669253216 0.0200486382453182 0.0366957995125673
Maximizing likelihood @ n=1024×2660=2723840
 SD[log(ℓ)] = 0.0725726789699712
 Δlog(ℓ) = 0.133397393476989
 Δβ/SD[β] = -0.0155953044613585 -0.0350737576175142 0.0129392407332341 0.007464056876926 -0.0181586614719445 0.0197926387984991
Maximizing likelihood @ n=2048×2660=5447680
 SD[log(ℓ)] = 0.051030858310816
 Δlog(ℓ) = -0.00980625653508671
 Δβ/SD[β] = 0.00210632665352433 0.00808077186339841 -0.00316337344435087 0.0135768841942346 0.00796895225428792 -0.0208294453991077
Maximizing likelihood @ n=4096×2660=10895360
 SD[log(ℓ)] = 0.0362162802567646
 Δlog(ℓ) = -0.0010486333779518
 Δβ/SD[β] = -0.005206565198232 -0.000769539707800782 0.00357628834860481 0.0051040715676368 0.0090932464341556 0.0084398423429779
Maximizing likelihood @ n=8192×2660=21790720
 SD[log(ℓ)] = 0.0254814483668051
 Δlog(ℓ) = -0.0346986425646358
 Δβ/SD[β] = -0.00488719654201076 0.0006657999950126 -0.000409937671195109 -0.00292196654928635 0.00528797923681689 -0.00965278232546774
Calculating Hessian
Maximizing likelihood @ n=1×2660=2660
 SD[log(ℓ)] = 1.61827586066526
 Δlog(ℓ) = Inf
 Δβ/SD[β] = -0.607026137338615 -0.12566844655136 0.394319999151104 -25.4608612437105 -30.1277002700155 2.34684889328788
Maximizing likelihood @ n=2×2660=5320
 SD[log(ℓ)] = 1.48409541364054
 Δlog(ℓ) = 2.02892088983269
 Δβ/SD[β] = 0.388426994157133 -1.18322967665334 -0.470062475016944 0.504631770776801 0.17405509464909 0.371289747632185
Maximizing likelihood @ n=4×2660=10640
 SD[log(ℓ)] = 1.01738986238506
 Δlog(ℓ) = -0.76160063008664
 Δβ/SD[β] = -0.210371509153295 -0.354494473086346 -0.0415525448254727 -0.0301058527007732 0.502959755175755 0.00396324033670645
Maximizing likelihood @ n=8×2660=21280
 SD[log(ℓ)] = 0.739297132185574
 Δlog(ℓ) = -0.151603247866387
 Δβ/SD[β] = -0.150757306779813 -0.204572933613997 0.047226622399138 0.309259048521318 0.130367308638231 -0.0493789771867472
Maximizing likelihood @ n=16×2660=42560
 SD[log(ℓ)] = 0.544393781825747
 Δlog(ℓ) = 0.475487781156288
 Δβ/SD[β] = -0.000380622031588934 -0.0378642179649172 -0.0736646462721048 0.295932794140384 0.0248373249044065 0.0134791916439308
Maximizing likelihood @ n=32×2660=85120
 SD[log(ℓ)] = 0.408426310765354
 Δlog(ℓ) = 0.61180620273055
 Δβ/SD[β] = -0.251578501269584 -0.000874047397835286 -0.290846171478208 -0.0153519650152428 0.0160704404153765 0.101244789123821
Maximizing likelihood @ n=64×2660=170240
 SD[log(ℓ)] = 0.293301743576077
 Δlog(ℓ) = -0.156555890174281
 Δβ/SD[β] = -0.013058328013711 0.0481729515736515 -0.0035227206213802 -0.0311793867098241 0.0283294541106082 0.0634285794921675
Maximizing likelihood @ n=128×2660=340480
 SD[log(ℓ)] = 0.2041440172449
 Δlog(ℓ) = -0.0400858754579252
 Δβ/SD[β] = 0.03062855699691 0.0286699130462184 -0.0173475703726098 0.0466834825649021 -0.0393885308455402 -0.0777948149195093
Maximizing likelihood @ n=256×2660=680960
 SD[log(ℓ)] = 0.141165014126523
 Δlog(ℓ) = -0.115529152585165
 Δβ/SD[β] = -0.00174428777517225 0.0157611456970546 -0.0672337652378456 -0.00130948751465371 -0.0186800885025243 -0.0505340822819251
Maximizing likelihood @ n=512×2660=1361920
 SD[log(ℓ)] = 0.101258668387594
 Δlog(ℓ) = -0.0296348287273878
 Δβ/SD[β] = -3.28029727116846e-05 0.000825836785154942 -0.00853613698389556 -0.0112247498467226 -0.000620989229790613 0.0254268750647037
Maximizing likelihood @ n=1024×2660=2723840
 SD[log(ℓ)] = 0.0706445175841361
 Δlog(ℓ) = -0.0234390200657693
 Δβ/SD[β] = 0.000311062624134074 0.00327727654566718 -0.044248075170674 0.0157626914374778 -0.0015601382411105 -0.0359704066249819
Maximizing likelihood @ n=2048×2660=5447680
 SD[log(ℓ)] = 0.0503284753384952
 Δlog(ℓ) = -0.00894724036763961
 Δβ/SD[β] = 0.0100619430982955 -0.0034322568137544 -0.0061343909197874 -0.0242600663981925 -0.00646387061700551 0.0268668425890334
Maximizing likelihood @ n=4096×2660=10895360
 SD[log(ℓ)] = 0.0359849037110076
 Δlog(ℓ) = 0.270798924192179
 Δβ/SD[β] = -0.20839748959641 -0.077066470236227 -1.12250780594586 0.00132389144141255 0.00777131226759584 0.0302880632186807
Maximizing likelihood @ n=8192×2660=21790720
 SD[log(ℓ)] = 0.025355591823577
 Δlog(ℓ) = -0.00659825586719176
 Δβ/SD[β] = -0.0039043198764145 0.02359281692911 -0.0264225463162077 0.00658201689496991 0.0009742713976806 -0.0125528509209882
Calculating Hessian
Maximizing likelihood @ n=1×2660=2660
 SD[log(ℓ)] = 2.12928996321954
 Δlog(ℓ) = Inf
 Δβ/SD[β] = 8.49424486144007 1.60814976749247 1.03552814721266 -25.5021804630134 -29.9780673337768 3.97653175743489
Maximizing likelihood @ n=2×2660=5320
 SD[log(ℓ)] = 1.68008856716147
 Δlog(ℓ) = 0.471373347259747
 Δβ/SD[β] = 0.361080965725412 0.565151173856645 0.202906460054808 0.0447572728907929 0.121351978936439 0.137133917355137
Maximizing likelihood @ n=4×2660=10640
 SD[log(ℓ)] = 1.35760733227517
 Δlog(ℓ) = 1.51298456266049
 Δβ/SD[β] = 0.400956583587945 0.439056141971064 0.0926619272701039 0.0877696690201633 -0.0552722885941826 0.35585668961255
Maximizing likelihood @ n=8×2660=21280
 SD[log(ℓ)] = 1.03023327123005
 Δlog(ℓ) = 1.51770498252092
 Δβ/SD[β] = 0.700313019142136 0.613259154055616 0.594376049442148 0.405666539558985 0.117323745744551 0.113483042093361
Maximizing likelihood @ n=16×2660=42560
 SD[log(ℓ)] = 0.732245468183135
 Δlog(ℓ) = -0.0963241769449965
 Δβ/SD[β] = 0.0726086828784809 -0.0263408747481569 0.0300395932518597 0.0135894450683964 -0.0152461243650246 0.0064143981154585
Maximizing likelihood @ n=32×2660=85120
 SD[log(ℓ)] = 0.522798310843401
 Δlog(ℓ) = -0.391433504237343
 Δβ/SD[β] = -0.0475289942342432 0.00737824985058742 0.0108554112508712 0.0214261327949953 -0.0113891979919938 0.0681581428980576
Maximizing likelihood @ n=64×2660=170240
 SD[log(ℓ)] = 0.367084295568851
 Δlog(ℓ) = -0.463343615405925
 Δβ/SD[β] = 0.021866340728637 -0.0656181195008413 -0.0358511608269316 -0.00682769149857914 0.0152215005608157 -0.0406245267298192
Maximizing likelihood @ n=128×2660=340480
 SD[log(ℓ)] = 0.256391463692296
 Δlog(ℓ) = -0.0381207932345546
 Δβ/SD[β] = -0.0148177809662954 -0.0522429562162715 -0.122276625888313 -0.107875449687179 -0.0490908904572994 -0.0418090750468264
Maximizing likelihood @ n=256×2660=680960
 SD[log(ℓ)] = 0.182798568991652
 Δlog(ℓ) = 0.076203467467499
 Δβ/SD[β] = -0.049050591873321 -0.00896825584304771 0.00939612422934726 0.0130670882705398 -0.00299083091088147 0.0660902270860691
Maximizing likelihood @ n=512×2660=1361920
 SD[log(ℓ)] = 0.13011878001518
 Δlog(ℓ) = -0.12457374821056
 Δβ/SD[β] = -0.0162091142687709 -0.0599205801336598 -0.0391698751557225 -0.0385993528277956 0.0152621373810978 0.0367003942052387
Maximizing likelihood @ n=1024×2660=2723840
 SD[log(ℓ)] = 0.0917385009846932
 Δlog(ℓ) = 0.0998687240014018
 Δβ/SD[β] = -0.0297233200740799 0.00203000543342138 -0.021158646341793 0.00165878878125789 0.00952583369510068 -0.00593627179043532
Maximizing likelihood @ n=2048×2660=5447680
 SD[log(ℓ)] = 0.0647210936797145
 Δlog(ℓ) = -0.0197542435834581
 Δβ/SD[β] = 0.0138442673720796 -0.0326084541510537 -0.00249081124759754 -0.00299046384914813 -0.00900246849082526 -0.0198325909924258
Maximizing likelihood @ n=4096×2660=10895360
 SD[log(ℓ)] = 0.0459187272211398
 Δlog(ℓ) = -0.0185627064330891
 Δβ/SD[β] = -0.0197239016077043 -0.0362432637896239 -0.0143033911566563 -0.011380833794783 -0.00689797949609235 0.0209463083000294
Maximizing likelihood @ n=8192×2660=21790720
 SD[log(ℓ)] = 0.0323334263410023
 Δlog(ℓ) = 0.0152591417874781
 Δβ/SD[β] = -0.018292344920176 -0.0047741625713576 0.00952601427671095 -0.0110439422588953 -0.00939866577306125 -0.0132361386947179
Calculating Hessian
There were 12 warnings (use warnings() to see them)
Script complete
Sat Nov 16 14:19:40 MST 2024
