Fri Nov 15 15:54:54 MST 2024
Initiating script
── Attaching core tidyverse packages ──────────────────────── tidyverse 2.0.0 ──
✔ dplyr     1.1.4     ✔ readr     2.1.5
✔ forcats   1.0.0     ✔ stringr   1.5.1
✔ ggplot2   3.5.1     ✔ tibble    3.2.1
✔ lubridate 1.9.3     ✔ tidyr     1.3.1
✔ purrr     1.0.2     
── Conflicts ────────────────────────────────────────── tidyverse_conflicts() ──
✖ ggplot2::annotate() masks ctmm::annotate()
✖ dplyr::filter()     masks stats::filter()
✖ dplyr::lag()        masks stats::lag()
ℹ Use the conflicted package (<http://conflicted.r-lib.org/>) to force all conflicts to become errors
Linking to GEOS 3.9.5, GDAL 3.8.5, PROJ 9.4.0; sf_use_s2() is TRUE
Loading required package: sp

Attaching package: ‘raster’

The following object is masked from ‘package:dplyr’:

    select

The following objects are masked from ‘package:ctmm’:

    projection, projection<-

terra 1.7.78

Attaching package: ‘terra’

The following object is masked from ‘package:tidyr’:

    extract

The following objects are masked from ‘package:ctmm’:

    distance, meta

[1] "/home/u15/mmercer3/proj/habitat_analysis_class/Final/Model_Fit_Results/Catherine_rr.Rda"
     [,1]                                
[1,] "Data loaded at 2024-11-15 15:55:06"
Reading layer `major' from data source 
  `/home/u15/mmercer3/proj/habitat_analysis_class/Final/Major_Roads' 
  using driver `ESRI Shapefile'
Simple feature collection with 411 features and 7 fields
Geometry type: LINESTRING
Dimension:     XY
Bounding box:  xmin: 477946 ymin: 3545735 xmax: 511807.9 ymax: 3592212
Projected CRS: WGS 84 / UTM zone 12N
     [,1]                                 
[1,] "Roads loaded at 2024-11-15 15:55:06"
|---------|---------|---------|---------|=========================================                                          [1] 1681968
[1] 1681968
Starting buffer 30 
Maximizing likelihood @ n=1×49=49
 SD[log(ℓ)] = 1.20143105721038
 Δlog(ℓ) = Inf
 Δβ/SD[β] = -6.06470368094134 -1.47659768390462 -0.21056222013624 -8.83869009616329
Maximizing likelihood @ n=2×49=98
 SD[log(ℓ)] = 0.719348765310906
 Δlog(ℓ) = -0.866566905349565
 Δβ/SD[β] = 0.789642155077153 0.0820831628030509 0.539807855162858 -0.640694588942637
Maximizing likelihood @ n=4×49=196
 SD[log(ℓ)] = 0.301123678972855
 Δlog(ℓ) = -0.614474295864398
 Δβ/SD[β] = 1.97588544347821 0.49696348335057 1.82975337913661 0.509971206597412
Maximizing likelihood @ n=8×49=392
 SD[log(ℓ)] = 0.10838045693369
 Δlog(ℓ) = -0.174433654589199
 Δβ/SD[β] = 0.0445664360188741 0.278635244869676 -0.373967256135133 -0.128883416000433
Maximizing likelihood @ n=16×49=784
 SD[log(ℓ)] = 0.111240121455985
 Δlog(ℓ) = 0.0766068312627907
 Δβ/SD[β] = -0.141768931643242 0.0843697869539462 0.474869751989074 0.219166620563645
Maximizing likelihood @ n=32×49=1568
 SD[log(ℓ)] = 0.0660661878795871
 Δlog(ℓ) = -0.0428556566392952
 Δβ/SD[β] = -0.133693432891659 -0.0326148402276019 0.00380947978938186 -0.0904772242155054
Maximizing likelihood @ n=64×49=3136
 SD[log(ℓ)] = 0.0364968465452795
 Δlog(ℓ) = -0.0578060291131747
 Δβ/SD[β] = -0.0718383271093452 -0.0580494534128894 -0.0834956396106416 -0.0078579964426641
Maximizing likelihood @ n=128×49=6272
 SD[log(ℓ)] = 0.0163300973711825
 Δlog(ℓ) = -0.0216543889811481
 Δβ/SD[β] = -0.000543297835638798 0.0442087647112049 -0.115201444735354 -0.0380965026296834
Maximizing likelihood @ n=256×49=12544
 SD[log(ℓ)] = 0.0118651039122421
 Δlog(ℓ) = -0.00139397996262097
 Δβ/SD[β] = -0.0434271268651551 0.00593755428098732 0.0341623443641639 -0.00948288159421982
Maximizing likelihood @ n=512×49=25088
 SD[log(ℓ)] = 0.0114864623922136
 Δlog(ℓ) = 0.0221611427316161
 Δβ/SD[β] = -0.465903582956628 -0.0435962844290869 0.00419206178647398 -0.043115955943154
Maximizing likelihood @ n=1024×49=50176
 SD[log(ℓ)] = 0.00675892252019293
 Δlog(ℓ) = -0.0138791548526523
 Δβ/SD[β] = 0.0323508578828516 0.0238755216069754 0.00568660073143096 -0.0429293565781255
Maximizing likelihood @ n=2048×49=100352
 SD[log(ℓ)] = 0.00504658776257567
 Δlog(ℓ) = 0.00268777945767573
 Δβ/SD[β] = -0.0390766321960297 0.0468188415942593 -0.0317668566277776 -0.0156341083242217
Maximizing likelihood @ n=4096×49=200704
 SD[log(ℓ)] = 0.0033736285230241
 Δlog(ℓ) = -0.00248931632799234
 Δβ/SD[β] = 0.00360409220720255 0.00205117259984036 -0.00455513840500438 0.00269116852804085
Calculating Hessian
Maximizing likelihood @ n=1×49=49
 SD[log(ℓ)] = 1.03029384898449
 Δlog(ℓ) = Inf
 Δβ/SD[β] = -3.36684306950607 0.0192863571457607 1.46529070313344 -8.38687119476255
Maximizing likelihood @ n=2×49=98
 SD[log(ℓ)] = 0.625913311836824
 Δlog(ℓ) = -0.821106510271645
 Δβ/SD[β] = -2.04584114990056 4.00835071160476 -0.433226467497286 0.959859813013897
Maximizing likelihood @ n=4×49=196
 SD[log(ℓ)] = 0.55189601070745
 Δlog(ℓ) = 0.20981401575152
 Δβ/SD[β] = -0.182247721975917 0.984200956741385 -0.335479810290286 0.465950169421918
Maximizing likelihood @ n=8×49=392
 SD[log(ℓ)] = 0.357773111014068
 Δlog(ℓ) = -0.263547050807356
 Δβ/SD[β] = 0.0918740917580361 -0.0261342879398158 -0.275735920970146 -0.0270546092353141
Maximizing likelihood @ n=16×49=784
 SD[log(ℓ)] = 0.139561516236737
 Δlog(ℓ) = -0.443214345715801
 Δβ/SD[β] = 0.527261966786914 -0.360464228386519 -0.545823150971572 0.108330876711593
Maximizing likelihood @ n=32×49=1568
 SD[log(ℓ)] = 0.0745865783354828
 Δlog(ℓ) = -0.108755073965072
 Δβ/SD[β] = -0.0374003677619474 -0.3019942839846 0.235173739400055 0.128025766859587
Maximizing likelihood @ n=64×49=3136
 SD[log(ℓ)] = 0.0447204628902985
 Δlog(ℓ) = -0.0398440280182703
 Δβ/SD[β] = 0.0730253405116314 -0.0605051453374417 -0.142151175479217 0.0860974133573193
Maximizing likelihood @ n=128×49=6272
 SD[log(ℓ)] = 0.0326153559399454
 Δlog(ℓ) = 0.0078577226244189
 Δβ/SD[β] = -0.0222781153110827 0.003371201660967 0.0105862497875229 -0.020214192856971
Maximizing likelihood @ n=256×49=12544
 SD[log(ℓ)] = 0.0236984780837741
 Δlog(ℓ) = -0.00688098339280539
 Δβ/SD[β] = -0.00776114409478649 0.00635312282370961 0.00300061906849847 -0.00611720947846005
Maximizing likelihood @ n=512×49=25088
 SD[log(ℓ)] = 0.0155034240165663
 Δlog(ℓ) = -0.00877946004934764
 Δβ/SD[β] = 0.0309833506249587 0.111906948977276 0.211054651136909 0.00179859426774849
Maximizing likelihood @ n=1024×49=50176
 SD[log(ℓ)] = 0.0112632600406536
 Δlog(ℓ) = 0.00714123347470826
 Δβ/SD[β] = -0.00448507934975035 0.0385170077872835 0.0468925638772596 -0.00991727719024988
Maximizing likelihood @ n=2048×49=100352
 SD[log(ℓ)] = 0.00883073328340753
 Δlog(ℓ) = 0.0173918338247125
 Δβ/SD[β] = -0.044211638130529 0.0277397396231748 0.0115453136909675 -0.00987864325002431
Maximizing likelihood @ n=4096×49=200704
 SD[log(ℓ)] = 0.00644056397278264
 Δlog(ℓ) = 0.00753561023430969
 Δβ/SD[β] = -0.00849496417846802 0.00179257292455588 0.0123105835878319 0.00507057360987584
Calculating Hessian
Maximizing likelihood @ n=1×49=49
 SD[log(ℓ)] = 0.265726142210229
 Δlog(ℓ) = Inf
 Δβ/SD[β] = 1.40614663353784 -0.421932937570362 0.0576321398701207 -8.55559697614105
Maximizing likelihood @ n=2×49=98
 SD[log(ℓ)] = 0.52561605241008
 Δlog(ℓ) = 0.342709202331534
 Δβ/SD[β] = 0.787009670075684 -0.178948270884046 0.340386696138634 -0.166794487043161
Maximizing likelihood @ n=4×49=196
 SD[log(ℓ)] = 0.597701779636221
 Δlog(ℓ) = 0.460071843735132
 Δβ/SD[β] = 0.802467750082865 0.206921684437806 -0.191370910988748 -0.29035269957255
Maximizing likelihood @ n=8×49=392
 SD[log(ℓ)] = 0.406917200660883
 Δlog(ℓ) = -0.189759101991976
 Δβ/SD[β] = -0.0398996929573771 0.11203929901994 -0.190479978976703 0.207961197309774
Maximizing likelihood @ n=16×49=784
 SD[log(ℓ)] = 0.394779109824638
 Δlog(ℓ) = 0.409558715270571
 Δβ/SD[β] = 0.268003205252833 -0.152388313356023 0.0454851188218306 0.0384454198203853
Maximizing likelihood @ n=32×49=1568
 SD[log(ℓ)] = 0.210455682506949
 Δlog(ℓ) = -0.445768094945041
 Δβ/SD[β] = -0.239968556123846 -0.00760733339343019 0.0513220353551554 -0.01111907876374
Maximizing likelihood @ n=64×49=3136
 SD[log(ℓ)] = 0.16027537501536
 Δlog(ℓ) = 0.0811975217505463
 Δβ/SD[β] = 0.0720625458978453 0.0514428423310915 0.0246866455074708 -0.0211555822454901
Maximizing likelihood @ n=128×49=6272
 SD[log(ℓ)] = 0.107062699044351
 Δlog(ℓ) = -0.0454770445813759
 Δβ/SD[β] = -0.0508796865779094 -0.0154759638206407 0.00726257803830464 0.000809085448145458
Maximizing likelihood @ n=256×49=12544
 SD[log(ℓ)] = 0.0807418053501125
 Δlog(ℓ) = 0.0249269249842464
 Δβ/SD[β] = 0.046403129212737 -0.0537570561034073 0.0451095970141666 -0.0286050670148752
Maximizing likelihood @ n=512×49=25088
 SD[log(ℓ)] = 0.0529248249361846
 Δlog(ℓ) = -0.0802323443129661
 Δβ/SD[β] = -0.0488279650303547 0.0150368201963704 -0.0163431358223463 0.0196305708115276
Maximizing likelihood @ n=1024×49=50176
 SD[log(ℓ)] = 0.0380676894129257
 Δlog(ℓ) = 0.00628562389338694
 Δβ/SD[β] = 0.0100735001700328 0.124674104521799 0.0463837102246266 0.0786800809641256
Maximizing likelihood @ n=2048×49=100352
 SD[log(ℓ)] = 0.0255625440659472
 Δlog(ℓ) = -0.0378467749979531
 Δβ/SD[β] = -0.0365489018085723 -0.0665702503440362 1.04798844848347 2.58968689833563
Maximizing likelihood @ n=4096×49=200704
 SD[log(ℓ)] = 0.0179390711394405
 Δlog(ℓ) = -0.0141760787060796
 Δβ/SD[β] = -0.0106465455718949 0.0415663098793368 0.0921708861229168 0.0210922716033501
Maximizing likelihood @ n=8192×49=401408
 SD[log(ℓ)] = 0.0128377599587506
 Δlog(ℓ) = 0.0110731276178161
 Δβ/SD[β] = 0.00976273473161852 -0.00364937150694897 0.000592429651681637 -0.00485477435210304
Maximizing likelihood @ n=16384×49=802816
 SD[log(ℓ)] = 0.00914874833383826
 Δlog(ℓ) = -0.0010723281106142
 Δβ/SD[β] = 0.00527283338537017 -0.0104118224860431 0.00818637722481409 0.0211568548613642
Maximizing likelihood @ n=32768×49=1605632
 SD[log(ℓ)] = 0.00642618356315517
 Δlog(ℓ) = 0.000828480998681158
 Δβ/SD[β] = -0.00341817312937046 0.00132021644250068 -0.00363554136178337 -0.00123380076549142
Calculating Hessian
Maximizing likelihood @ n=1×49=49
 SD[log(ℓ)] = 1.60612956900121
 Δlog(ℓ) = Inf
 Δβ/SD[β] = 8.73529725953852 2.48771301221629 1.03440490280731 -0.791855579316749
Maximizing likelihood @ n=2×49=98
 SD[log(ℓ)] = 0.671442245452923
 Δlog(ℓ) = -3.38167039794699
 Δβ/SD[β] = 1.49634912249731 1.29866809144831 1.33375718086076 -5.5577844432854
Maximizing likelihood @ n=4×49=196
 SD[log(ℓ)] = 0.363803215760412
 Δlog(ℓ) = -0.502937993953777
 Δβ/SD[β] = -0.582423570239767 -0.219939800435668 -0.44042607646656 -0.99930315159117
Maximizing likelihood @ n=8×49=392
 SD[log(ℓ)] = 0.239915070362999
 Δlog(ℓ) = -0.00673758872278518
 Δβ/SD[β] = -0.127248647412767 -0.155964547629494 0.0973352168549751 0.0804678987112508
Maximizing likelihood @ n=16×49=784
 SD[log(ℓ)] = 0.0911183639849588
 Δlog(ℓ) = -0.267345099826004
 Δβ/SD[β] = 0.0354554019670794 -0.269362559110176 -0.222186149961366 0.0793179524802837
Maximizing likelihood @ n=32×49=1568
 SD[log(ℓ)] = 0.0976796080369891
 Δlog(ℓ) = 0.158946509204023
 Δβ/SD[β] = 0.0521154234704007 -0.00240812326990374 0.0511954135173496 0.263587498594571
Maximizing likelihood @ n=64×49=3136
 SD[log(ℓ)] = 0.0600657880051551
 Δlog(ℓ) = -0.0467932898759129
 Δβ/SD[β] = 0.0957981393008466 0.129956491868696 0.0263336743708807 -0.0785271140579967
Maximizing likelihood @ n=128×49=6272
 SD[log(ℓ)] = 0.0411116306811108
 Δlog(ℓ) = 0.00629004315595846
 Δβ/SD[β] = 0.223685763730487 0.187443502086629 0.100304188503464 -0.0910354284527907
Maximizing likelihood @ n=256×49=12544
 SD[log(ℓ)] = 0.0340227094082781
 Δlog(ℓ) = 0.0270869655038925
 Δβ/SD[β] = 0.211003717303048 0.160322853798732 0.194644595801095 -0.0507556141158926
Maximizing likelihood @ n=512×49=25088
 SD[log(ℓ)] = 0.0243449389149302
 Δlog(ℓ) = 0.032855094744637
 Δβ/SD[β] = 0.0407791844450268 0.111512212906684 -0.0217346968022369 0.00310242600595161
Maximizing likelihood @ n=1024×49=50176
 SD[log(ℓ)] = 0.0182213156810746
 Δlog(ℓ) = -0.0017126151121353
 Δβ/SD[β] = 0.0489943634032768 0.0460820867390632 0.0410130367084583 -0.0154573470735917
Maximizing likelihood @ n=2048×49=100352
 SD[log(ℓ)] = 0.0138292053980486
 Δlog(ℓ) = 0.0020198197206672
 Δβ/SD[β] = 0.0920377365521367 0.0825993778992622 0.030803057193469 0.0508785594922343
Maximizing likelihood @ n=4096×49=200704
 SD[log(ℓ)] = 0.00975944484318385
 Δlog(ℓ) = -0.0189530202247606
 Δβ/SD[β] = -0.00491685302871002 -0.0266018476976139 0.00307239816305896 0.000835671308392897
Maximizing likelihood @ n=8192×49=401408
 SD[log(ℓ)] = 0.00663124582329526
 Δlog(ℓ) = -0.00609780464813914
 Δβ/SD[β] = -0.0274466320926657 -0.0194810415511599 -0.0154646424755125 -0.00826917330117701
Maximizing likelihood @ n=16384×49=802816
 SD[log(ℓ)] = 0.00469495250686592
 Δlog(ℓ) = -0.00293493636266601
 Δβ/SD[β] = 0.00199801139885865 -0.00323321333222673 0.0011404121502358 0.00071371954490568
Calculating Hessian
Starting buffer 750 
Maximizing likelihood @ n=1×49=49
 SD[log(ℓ)] = 1.00356101389175
 Δlog(ℓ) = Inf
 Δβ/SD[β] = 0.375410983365409 0.899087040615557 -0.898355150400926 -7.02090281415208
Maximizing likelihood @ n=2×49=98
 SD[log(ℓ)] = 0.499751881189906
 Δlog(ℓ) = -0.673072431378055
 Δβ/SD[β] = -0.0762989289793368 0.0846456566809786 0.559174046308889 0.0273069553754889
Maximizing likelihood @ n=4×49=196
 SD[log(ℓ)] = 0.168257101362302
 Δlog(ℓ) = -0.361731655103568
 Δβ/SD[β] = -0.0279549312466943 -0.352856499811751 0.55074788186342 0.198661128070376
Maximizing likelihood @ n=8×49=392
 SD[log(ℓ)] = 0.195974306859159
 Δlog(ℓ) = 0.156778851633229
 Δβ/SD[β] = -0.0132227695257833 -0.170436265318399 0.456781413692534 -0.0102411157954575
Maximizing likelihood @ n=16×49=784
 SD[log(ℓ)] = 0.0944534324603449
 Δlog(ℓ) = -0.118240114225335
 Δβ/SD[β] = -0.0282515893280348 -0.117357190914721 -0.20898924542454 0.0555806561999182
Maximizing likelihood @ n=32×49=1568
 SD[log(ℓ)] = 0.0897828789694533
 Δlog(ℓ) = 0.0728524935731413
 Δβ/SD[β] = -0.0187601219199401 -0.118888911053543 0.144244691459812 -0.0165336667644443
Maximizing likelihood @ n=64×49=3136
 SD[log(ℓ)] = 0.0398350326373201
 Δlog(ℓ) = -0.0993452711975762
 Δβ/SD[β] = -0.00895486992830254 0.0244753007455451 -0.123955681697348 -0.136778421149005
Maximizing likelihood @ n=128×49=6272
 SD[log(ℓ)] = 0.0223390215296006
 Δlog(ℓ) = -0.0255853081202442
 Δβ/SD[β] = -0.0144252382834363 -0.0451707125946906 -0.0517060185222663 0.0331372229467713
Maximizing likelihood @ n=256×49=12544
 SD[log(ℓ)] = 0.0109431099558749
 Δlog(ℓ) = -0.0185844787369514
 Δβ/SD[β] = -0.0117352815836167 0.0772612070539058 -0.0655931471586486 0.00574627880083959
Maximizing likelihood @ n=512×49=25088
 SD[log(ℓ)] = 0.00778110481276059
 Δlog(ℓ) = 3.84284011776398e-05
 Δβ/SD[β] = -0.0119553939546857 0.0437889009199712 0.00803069936178399 0.00353420678984332
Maximizing likelihood @ n=1024×49=50176
 SD[log(ℓ)] = 0.00556721613685327
 Δlog(ℓ) = -0.000733467543730743
 Δβ/SD[β] = 0.00537919622961614 0.00864310960765682 -0.00155990055943454 0.00643044758449995
Calculating Hessian
Maximizing likelihood @ n=1×49=49
 SD[log(ℓ)] = 0.841946738774328
 Δlog(ℓ) = Inf
 Δβ/SD[β] = -0.774208174219013 0.0967752736543872 1.10153795080177 -7.63556447854922
Maximizing likelihood @ n=2×49=98
 SD[log(ℓ)] = 0.523987707411977
 Δlog(ℓ) = -0.295997188359536
 Δβ/SD[β] = 0.000780692497658898 0.00687045398920738 -0.0730498546064624 0.00498076047358524
Maximizing likelihood @ n=4×49=196
 SD[log(ℓ)] = 0.152999038141553
 Δlog(ℓ) = -0.431090370448619
 Δβ/SD[β] = 1.30225585957155 2.36352572265057 -0.780789077996146 -0.306064112455587
Maximizing likelihood @ n=8×49=392
 SD[log(ℓ)] = 0.0994071772516517
 Δlog(ℓ) = -0.00851871078538272
 Δβ/SD[β] = -0.0460328026856098 0.0260613799714932 -0.150342444033299 0.0986706737031701
Maximizing likelihood @ n=16×49=784
 SD[log(ℓ)] = 0.0804918276678138
 Δlog(ℓ) = 0.0127053500982884
 Δβ/SD[β] = 0.0127820107155467 0.0223139348395071 -0.00959987778493794 0.00919915709502986
Maximizing likelihood @ n=32×49=1568
 SD[log(ℓ)] = 0.051658965950998
 Δlog(ℓ) = -0.010132068525259
 Δβ/SD[β] = 0.000894204817386083 -0.0130290361871466 0.00362735902662075 0.00482321321013371
Maximizing likelihood @ n=64×49=3136
 SD[log(ℓ)] = 0.025280539820846
 Δlog(ℓ) = -0.0185088942227468
 Δβ/SD[β] = -0.0625320201971327 -0.0637479889882991 0.078925243699724 0.0320508638852227
Maximizing likelihood @ n=128×49=6272
 SD[log(ℓ)] = 0.0282303819828019
 Δlog(ℓ) = 0.0260536301064215
 Δβ/SD[β] = -0.181024291274215 0.0492152528235333 0.119611142955299 0.0188427508185312
Maximizing likelihood @ n=256×49=12544
 SD[log(ℓ)] = 0.0175156541701908
 Δlog(ℓ) = -0.0207654235779126
 Δβ/SD[β] = 0.00421477810683708 -0.0216163542096791 -0.0208719038506766 0.0645921886961782
Maximizing likelihood @ n=512×49=25088
 SD[log(ℓ)] = 0.00968517574292845
 Δlog(ℓ) = -0.0105131684286775
 Δβ/SD[β] = -0.186564631283353 -0.0741869988000771 -0.0610117117526446 0.297286441094522
Maximizing likelihood @ n=1024×49=50176
 SD[log(ℓ)] = 0.00452861700860114
 Δlog(ℓ) = -0.016419407845062
 Δβ/SD[β] = -0.00636549605365067 -0.0844662514500431 -0.01774232056366 -0.027824187489074
Maximizing likelihood @ n=2048×49=100352
 SD[log(ℓ)] = 0.00259548934719422
 Δlog(ℓ) = -0.00447333798983978
 Δβ/SD[β] = 0.0169969605747819 -0.0295692727664477 -0.0147378100945588 -0.0126568279299853
Maximizing likelihood @ n=4096×49=200704
 SD[log(ℓ)] = 0.00179106088767758
 Δlog(ℓ) = 1.68414064597045e-05
 Δβ/SD[β] = -0.00999720774024204 0.0218248258993514 0.00760200347608533 -0.0234496715602983
Maximizing likelihood @ n=8192×49=401408
 SD[log(ℓ)] = 0.00139516754819092
 Δlog(ℓ) = 0.0014657801183413
 Δβ/SD[β] = 0.000553426312678948 -0.00516852151972831 -0.00410879962007545 0.0325607250161584
Maximizing likelihood @ n=16384×49=802816
 SD[log(ℓ)] = 0.001039943488029
 Δlog(ℓ) = 0.000755208786222776
 Δβ/SD[β] = 0.000705206646159604 0.00822786886388896 0.00226746920205807 0.00652767478838203
Calculating Hessian
Maximizing likelihood @ n=1×49=49
 SD[log(ℓ)] = 0.500027042312345
 Δlog(ℓ) = Inf
 Δβ/SD[β] = -2.89971089480391 0.224210212848392 0.301642191173467 -8.78766410762021
Maximizing likelihood @ n=2×49=98
 SD[log(ℓ)] = 0.151311865794551
 Δlog(ℓ) = -0.242350303346281
 Δβ/SD[β] = -0.0803028735164576 -0.0622965098466953 -0.114908972078436 0.393479455642169
Maximizing likelihood @ n=4×49=196
 SD[log(ℓ)] = 0.100165672619796
 Δlog(ℓ) = -0.0111989860836074
 Δβ/SD[β] = 0.1897915881128 -0.244361139886678 -0.207095646493985 0.290130196041729
Maximizing likelihood @ n=8×49=392
 SD[log(ℓ)] = 0.0500620043747999
 Δlog(ℓ) = -0.0141144763176329
 Δβ/SD[β] = -0.0259356684634071 0.0921753105791087 0.116437921638365 -0.0111299785264416
Maximizing likelihood @ n=16×49=784
 SD[log(ℓ)] = 0.027258991071345
 Δlog(ℓ) = -0.00730027177361349
 Δβ/SD[β] = -0.0560543806072503 0.0348384596394404 0.0650035646359097 -0.15375587182597
Maximizing likelihood @ n=32×49=1568
 SD[log(ℓ)] = 0.0204172318785468
 Δlog(ℓ) = 0.0020501511642839
 Δβ/SD[β] = 0.00226608742410513 -0.00300466566701524 -0.0813778060875294 -0.077622998074366
Maximizing likelihood @ n=64×49=3136
 SD[log(ℓ)] = 0.0237368333132863
 Δlog(ℓ) = 0.0184196656272172
 Δβ/SD[β] = 0.307716760944375 -0.436310116667383 -0.0900619641366543 0.00693537978500211
Maximizing likelihood @ n=128×49=6272
 SD[log(ℓ)] = 0.0105749037853013
 Δlog(ℓ) = -0.0176392300795188
 Δβ/SD[β] = -0.00391139292695842 0.0392101534406532 0.0221491635993896 0.106551950381529
Maximizing likelihood @ n=256×49=12544
 SD[log(ℓ)] = 0.00581663072878782
 Δlog(ℓ) = -0.00290970595322028
 Δβ/SD[β] = -0.0222393374053591 0.0624331193358952 0.0326768031061694 0.0894302770213454
Maximizing likelihood @ n=512×49=25088
 SD[log(ℓ)] = 0.00349980011773377
 Δlog(ℓ) = -0.00204026432653703
 Δβ/SD[β] = 0.0387393489249002 0.0401351130397074 0.0422579919745555 0.000266622601065979
Maximizing likelihood @ n=1024×49=50176
 SD[log(ℓ)] = 0.00272247713706716
 Δlog(ℓ) = 0.00112959882519583
 Δβ/SD[β] = 0.00273995494841289 -0.00148617249517097 -0.00272283073137347 0.00575345391166776
Calculating Hessian
Maximizing likelihood @ n=1×49=49
 SD[log(ℓ)] = 0.606712628457069
 Δlog(ℓ) = Inf
 Δβ/SD[β] = 0.799940285237041 0.138766937657049 0.489032881288818 -8.92949463501785
Maximizing likelihood @ n=2×49=98
 SD[log(ℓ)] = 0.61515234319805
 Δlog(ℓ) = 0.432224043599183
 Δβ/SD[β] = 3.37670533877317 22.1911782252313 4.00718494410282 2.04744456803789
Maximizing likelihood @ n=4×49=196
 SD[log(ℓ)] = 0.410740915483324
 Δlog(ℓ) = -0.359092390329625
 Δβ/SD[β] = -0.283894623776994 -0.368138399412837 -0.451800000189093 0.869717490778483
Maximizing likelihood @ n=8×49=392
 SD[log(ℓ)] = 0.266752873369555
 Δlog(ℓ) = -0.269040508789052
 Δβ/SD[β] = -0.456515556245586 -0.43808889768544 -0.260008789582512 -0.211190409829264
Maximizing likelihood @ n=16×49=784
 SD[log(ℓ)] = 0.13882337367583
 Δlog(ℓ) = -0.100257645571968
 Δβ/SD[β] = 0.114472267150405 -0.0604152651296513 0.00411136403912702 -0.228344532134257
Maximizing likelihood @ n=32×49=1568
 SD[log(ℓ)] = 0.0748556623746825
 Δlog(ℓ) = -0.0790269075699289
 Δβ/SD[β] = 0.0527725879664448 0.076346600727697 -0.132512964568922 -0.052834821119524
Maximizing likelihood @ n=64×49=3136
 SD[log(ℓ)] = 0.045471477669632
 Δlog(ℓ) = -0.0478883396214445
 Δβ/SD[β] = 0.0284434749471224 0.0302658404614446 -0.00225056914665173 -0.0958578136435461
Maximizing likelihood @ n=128×49=6272
 SD[log(ℓ)] = 0.0254840182796044
 Δlog(ℓ) = -0.00791251969926646
 Δβ/SD[β] = -0.225359963082903 -0.21821840973558 -0.164944628010977 -0.130693235286931
Maximizing likelihood @ n=256×49=12544
 SD[log(ℓ)] = 0.0139513959665476
 Δlog(ℓ) = -0.014962767165875
 Δβ/SD[β] = -0.139113000225321 -0.147794144418708 -0.126915371151891 -0.0825934844114582
Maximizing likelihood @ n=512×49=25088
 SD[log(ℓ)] = 0.00820285311477068
 Δlog(ℓ) = -0.00980804355265407
 Δβ/SD[β] = -0.115827419862207 -0.114343614330052 -0.108674264273979 -0.0809147888764318
Maximizing likelihood @ n=1024×49=50176
 SD[log(ℓ)] = 0.0042329648873944
 Δlog(ℓ) = -0.00881270846099124
 Δβ/SD[β] = -0.0348563965459085 -0.0496513331472249 -0.0651320401052233 -0.0488181259495195
Maximizing likelihood @ n=2048×49=100352
 SD[log(ℓ)] = 0.00265890688725233
 Δlog(ℓ) = -0.00357606163002995
 Δβ/SD[β] = 0.0193713813434087 0.0156256338068847 -0.010605085631712 0.0166717735610009
Maximizing likelihood @ n=4096×49=200704
 SD[log(ℓ)] = 0.00191993662557351
 Δlog(ℓ) = -0.000299841562107804
 Δβ/SD[β] = -0.00343595892833896 0.00202092337432998 -0.000510978676528302 -0.001525309602235
Calculating Hessian
Starting buffer 1500 
Maximizing likelihood @ n=1×49=49
 SD[log(ℓ)] = 0.448006252331507
 Δlog(ℓ) = Inf
 Δβ/SD[β] = -0.344672143950096 -0.0259920388368992 0.587549792154747 -7.49036227111939
Maximizing likelihood @ n=2×49=98
 SD[log(ℓ)] = 0.310157818375524
 Δlog(ℓ) = -0.0502267200032249
 Δβ/SD[β] = 0.0318887217381811 0.0150960500143876 -0.127417334358296 -0.198924181234818
Maximizing likelihood @ n=4×49=196
 SD[log(ℓ)] = 0.145018625945663
 Δlog(ℓ) = -0.108344709554341
 Δβ/SD[β] = -0.00559157106882563 0.161862469401927 -0.424024065271925 0.660027811377092
Maximizing likelihood @ n=8×49=392
 SD[log(ℓ)] = 0.145241245874513
 Δlog(ℓ) = 0.0521030604347982
 Δβ/SD[β] = 1.0373387721718e-05 -0.000155236844132676 0.00965663018592058 0.335233747357361
Maximizing likelihood @ n=16×49=784
 SD[log(ℓ)] = 0.0639196690012124
 Δlog(ℓ) = -0.0683422219351329
 Δβ/SD[β] = 0.0217763081106698 0.06505269556901 0.126401938630245 -0.138624750153926
Maximizing likelihood @ n=32×49=1568
 SD[log(ℓ)] = 0.0605902281791717
 Δlog(ℓ) = 0.0286700444696729
 Δβ/SD[β] = 0.0541548418492316 -0.0052204466265422 0.0144392342286089 0.0759317998707865
Maximizing likelihood @ n=64×49=3136
 SD[log(ℓ)] = 0.0304834146370318
 Δlog(ℓ) = -0.0364707217000424
 Δβ/SD[β] = -0.0181968035098471 -0.0137136253159586 0.00530451179988006 -0.100482805154864
Maximizing likelihood @ n=128×49=6272
 SD[log(ℓ)] = 0.0215696679983603
 Δlog(ℓ) = 0.00117780403762767
 Δβ/SD[β] = -0.0077366096873808 0.00579927028742965 0.0421586555895762 -0.015941380434485
Maximizing likelihood @ n=256×49=12544
 SD[log(ℓ)] = 0.0130772979028258
 Δlog(ℓ) = -0.0105039331172881
 Δβ/SD[β] = 0.00744168927409493 -0.0038763988605452 -0.00636011712026281 -0.0364803181589358
Maximizing likelihood @ n=512×49=25088
 SD[log(ℓ)] = 0.00911665196308648
 Δlog(ℓ) = -0.00127478566909423
 Δβ/SD[β] = 0.00258633306102225 0.00324348087145993 0.0021864733691975 -0.00557620806912366
Calculating Hessian
Maximizing likelihood @ n=1×49=49
 SD[log(ℓ)] = 0.785092771551239
 Δlog(ℓ) = Inf
 Δβ/SD[β] = 0.0056409187730106 -0.0118254007726293 1.15319326568416 -9.24014210665859
Maximizing likelihood @ n=2×49=98
 SD[log(ℓ)] = 0.0812349653199188
 Δlog(ℓ) = -0.664150573956926
 Δβ/SD[β] = 0.395336208012458 0.163440110923879 -0.507494353798673 0.478064673797041
Maximizing likelihood @ n=4×49=196
 SD[log(ℓ)] = 0.148680909064708
 Δlog(ℓ) = 0.072544012298131
 Δβ/SD[β] = -0.435324449217662 0.489843653887009 -0.00978340511413302 0.10313814031369
Maximizing likelihood @ n=8×49=392
 SD[log(ℓ)] = 0.142447736871961
 Δlog(ℓ) = 0.0455946377508015
 Δβ/SD[β] = -0.0266802002463247 0.0126867331798995 0.142373760479162 0.0344667268148421
Maximizing likelihood @ n=16×49=784
 SD[log(ℓ)] = 0.0484721397347428
 Δlog(ℓ) = -0.0935458503827108
 Δβ/SD[β] = 0.0152517958750983 -0.0892795009389608 -0.29267243430503 -0.000171389795235166
Maximizing likelihood @ n=32×49=1568
 SD[log(ℓ)] = 0.0325213941516372
 Δlog(ℓ) = 0.00255531340076276
 Δβ/SD[β] = -0.0479565728511677 -0.00835781098898472 0.0882323954156428 -0.130776126670362
Maximizing likelihood @ n=64×49=3136
 SD[log(ℓ)] = 0.0162991337627988
 Δlog(ℓ) = -0.0153672768529391
 Δβ/SD[β] = -0.0181098819377901 -0.053319168458373 0.11343732400401 0.121120640343688
Maximizing likelihood @ n=128×49=6272
 SD[log(ℓ)] = 0.0148034391914437
 Δlog(ℓ) = 0.00600494388162658
 Δβ/SD[β] = -0.00626718985404406 -0.068268154632585 0.0956784007386415 0.0210514906813254
Maximizing likelihood @ n=256×49=12544
 SD[log(ℓ)] = 0.00677009191684413
 Δlog(ℓ) = -0.00968697933616375
 Δβ/SD[β] = -0.00463547102432693 -0.0358246893404691 -0.0628247592078298 0.00757519332930467
Maximizing likelihood @ n=512×49=25088
 SD[log(ℓ)] = 0.00438843274935742
 Δlog(ℓ) = -0.00109907059007287
 Δβ/SD[β] = -0.00964683353545391 0.0623905117107427 -0.00583117884368114 -0.00318540565233984
Maximizing likelihood @ n=1024×49=50176
 SD[log(ℓ)] = 0.00367279355955652
 Δlog(ℓ) = 0.00268924124240167
 Δβ/SD[β] = -0.0288388425756415 0.0540858443122583 -0.000325741330167661 0.0250159442752816
Maximizing likelihood @ n=2048×49=100352
 SD[log(ℓ)] = 0.0029415155686354
 Δlog(ℓ) = 0.00248211126504318
 Δβ/SD[β] = -0.012293621261373 0.0379727496028162 -0.0138010881407528 0.0197586340244383
Maximizing likelihood @ n=4096×49=200704
 SD[log(ℓ)] = 0.0022166065338096
 Δlog(ℓ) = 0.000967211607832454
 Δβ/SD[β] = 0.00394232427201019 -0.00855331777841885 0.0192731371510293 0.00163233168490784
Maximizing likelihood @ n=8192×49=401408
 SD[log(ℓ)] = 0.00157827901866233
 Δlog(ℓ) = 4.58606511683658e-05
 Δβ/SD[β] = 0.00201864063974694 -3.866334432666e-05 0.0181678249571808 -0.0114771766519696
Maximizing likelihood @ n=16384×49=802816
 SD[log(ℓ)] = 0.00107581268037937
 Δlog(ℓ) = -0.000476507619457051
 Δβ/SD[β] = -0.000727905100408924 -0.00558584432303005 -0.00239110006104494 -0.00266266596116756
Calculating Hessian
Maximizing likelihood @ n=1×49=49
 SD[log(ℓ)] = 0.647314063571488
 Δlog(ℓ) = Inf
 Δβ/SD[β] = 0.556441888441599 0.458379869062926 -0.891738813280269 -8.32692790152059
Maximizing likelihood @ n=2×49=98
 SD[log(ℓ)] = 0.765281423025093
 Δlog(ℓ) = 0.536933649416595
 Δβ/SD[β] = -0.0469833831087813 -0.457743394199574 -0.376576061717688 0.400196268965418
Maximizing likelihood @ n=4×49=196
 SD[log(ℓ)] = 0.373448605758813
 Δlog(ℓ) = -0.594785112929335
 Δβ/SD[β] = -0.0376222368940468 -0.193453607682697 0.316858870206891 -0.315750097883803
Maximizing likelihood @ n=8×49=392
 SD[log(ℓ)] = 0.135084414724601
 Δlog(ℓ) = -0.300209186112284
 Δβ/SD[β] = 0.0569988760880518 -0.0145110153726669 0.309830719583884 -0.38578990804518
Maximizing likelihood @ n=16×49=784
 SD[log(ℓ)] = 0.0573070522600781
 Δlog(ℓ) = -0.0508413966658252
 Δβ/SD[β] = 0.0358707790924659 0.0408030971022569 0.182450689609385 0.349553575493493
Maximizing likelihood @ n=32×49=1568
 SD[log(ℓ)] = 0.023715738908634
 Δlog(ℓ) = -0.0268759469754993
 Δβ/SD[β] = 0.0184567822050131 -0.00529043444241974 0.00602823950624588 -0.109731953830969
Maximizing likelihood @ n=64×49=3136
 SD[log(ℓ)] = 0.0321278697357798
 Δlog(ℓ) = 0.0282838570659541
 Δβ/SD[β] = -0.0705914894393898 0.0206940548377969 0.315629998236665 0.0944365435389801
Maximizing likelihood @ n=128×49=6272
 SD[log(ℓ)] = 0.0122289028084984
 Δlog(ℓ) = -0.0274114322028545
 Δβ/SD[β] = -0.00158129272854883 0.000241011480510896 -0.0880369670937304 -0.0107841250083748
Maximizing likelihood @ n=256×49=12544
 SD[log(ℓ)] = 0.00970967934276715
 Δlog(ℓ) = 0.00299274768412747
 Δβ/SD[β] = -0.0205936293195724 0.0504277180033426 0.00525887350464542 -0.00182128591720855
Maximizing likelihood @ n=512×49=25088
 SD[log(ℓ)] = 0.00503125737199233
 Δlog(ℓ) = -0.00734362255943776
 Δβ/SD[β] = 0.0124838002285522 -0.0338405841487797 -0.0380665312454706 -0.0125603084426087
Maximizing likelihood @ n=1024×49=50176
 SD[log(ℓ)] = 0.00362751822759953
 Δlog(ℓ) = 0.00251031005427311
 Δβ/SD[β] = -0.0107171014797931 -0.00254541063791077 0.00924187072860064 -0.0128617349543149
Calculating Hessian
Maximizing likelihood @ n=1×49=49
 SD[log(ℓ)] = 1.27582290475795
 Δlog(ℓ) = Inf
 Δβ/SD[β] = 3.57310059236428 0.829978800487502 0.349539408640393 -0.835738454031864
Maximizing likelihood @ n=2×49=98
 SD[log(ℓ)] = 0.984411025656341
 Δlog(ℓ) = -0.16151852703974
 Δβ/SD[β] = 0.0621978799513534 0.107277334925088 0.195841817657351 0.290332190410154
Maximizing likelihood @ n=4×49=196
 SD[log(ℓ)] = 0.768219677648718
 Δlog(ℓ) = -0.28853468497435
 Δβ/SD[β] = -0.355869132540315 -0.568488106739513 -0.471001676183561 0.201361736435909
Maximizing likelihood @ n=8×49=392
 SD[log(ℓ)] = 0.345741827561144
 Δlog(ℓ) = -0.984672762965441
 Δβ/SD[β] = -0.203850470430252 -0.0828845026662305 -0.272834485953345 -0.173877573773676
Maximizing likelihood @ n=16×49=784
 SD[log(ℓ)] = 0.26297183720971
 Δlog(ℓ) = 0.278280040693132
 Δβ/SD[β] = 0.263068382272678 0.224832415021517 0.0259622995726858 -0.330117517507838
Maximizing likelihood @ n=32×49=1568
 SD[log(ℓ)] = 0.164379037836506
 Δlog(ℓ) = -0.414152305725124
 Δβ/SD[β] = -0.100656533774636 -0.0518433577775223 0.143046465416239 0.0294697612624741
Maximizing likelihood @ n=64×49=3136
 SD[log(ℓ)] = 0.109865280657678
 Δlog(ℓ) = -0.0104897758539086
 Δβ/SD[β] = -0.107638279168567 0.00237674943540838 -0.0376326395151362 -0.00861739175079589
Maximizing likelihood @ n=128×49=6272
 SD[log(ℓ)] = 0.0759670648112432
 Δlog(ℓ) = 0.0200033600500518
 Δβ/SD[β] = -0.0366712966524685 0.0135565172251905 0.0248209553020558 -0.0407048767086003
Maximizing likelihood @ n=256×49=12544
 SD[log(ℓ)] = 0.0468285932219372
 Δlog(ℓ) = 0.0412231057945015
 Δβ/SD[β] = -0.126534198796994 -0.124280278298126 -0.150030297145777 -0.2010932598422
Maximizing likelihood @ n=512×49=25088
 SD[log(ℓ)] = 0.0334493575886401
 Δlog(ℓ) = 0.00595703163328454
 Δβ/SD[β] = -0.0134233475870116 0.0191483429286341 0.0157739134631452 -0.0113192318907171
Maximizing likelihood @ n=1024×49=50176
 SD[log(ℓ)] = 0.0240652012898168
 Δlog(ℓ) = 0.0189887417327312
 Δβ/SD[β] = 0.00879232262404044 -0.0110748206690453 0.0637553269014532 -0.0467245624490092
Maximizing likelihood @ n=2048×49=100352
 SD[log(ℓ)] = 0.0175848353670095
 Δlog(ℓ) = 0.0512109249928165
 Δβ/SD[β] = 0.0446947297371203 0.0317957000654907 0.0501695417869199 -0.014093666773927
Maximizing likelihood @ n=4096×49=200704
 SD[log(ℓ)] = 0.0124308601064564
 Δlog(ℓ) = 0.00270280800985662
 Δβ/SD[β] = -0.00324046691629839 0.000972388560925868 -0.000796802781458713 -0.00343742646221504
Maximizing likelihood @ n=8192×49=401408
 SD[log(ℓ)] = 0.00876137876373284
 Δlog(ℓ) = -0.00442107668686009
 Δβ/SD[β] = -0.0042805509235656 -0.000288999881783774 -0.0191809051973269 0.00678555914122936
Maximizing likelihood @ n=16384×49=802816
 SD[log(ℓ)] = 0.00619033356389831
 Δlog(ℓ) = -0.00031844500132866
 Δβ/SD[β] = 0.0069509993715549 0.00757650946496147 -0.0100653658113252 0.00584231392058633
Calculating Hessian
Script complete
Fri Nov 15 16:09:43 MST 2024
