Fri Nov 15 15:54:54 MST 2024
Initiating script
── Attaching core tidyverse packages ──────────────────────── tidyverse 2.0.0 ──
✔ dplyr     1.1.4     ✔ readr     2.1.5
✔ forcats   1.0.0     ✔ stringr   1.5.1
✔ ggplot2   3.5.1     ✔ tibble    3.2.1
✔ lubridate 1.9.3     ✔ tidyr     1.3.1
✔ purrr     1.0.2     
── Conflicts ────────────────────────────────────────── tidyverse_conflicts() ──
✖ ggplot2::annotate() masks ctmm::annotate()
✖ dplyr::filter()     masks stats::filter()
✖ dplyr::lag()        masks stats::lag()
ℹ Use the conflicted package (<http://conflicted.r-lib.org/>) to force all conflicts to become errors
Linking to GEOS 3.9.5, GDAL 3.8.5, PROJ 9.4.0; sf_use_s2() is TRUE
Loading required package: sp

Attaching package: ‘raster’

The following object is masked from ‘package:dplyr’:

    select

The following objects are masked from ‘package:ctmm’:

    projection, projection<-

terra 1.7.78

Attaching package: ‘terra’

The following object is masked from ‘package:tidyr’:

    extract

The following objects are masked from ‘package:ctmm’:

    distance, meta

[1] "/home/u15/mmercer3/proj/habitat_analysis_class/Final/Model_Fit_Results/Cassidy_rr.Rda"
     [,1]                                
[1,] "Data loaded at 2024-11-15 15:55:06"
Reading layer `major' from data source 
  `/home/u15/mmercer3/proj/habitat_analysis_class/Final/Major_Roads' 
  using driver `ESRI Shapefile'
Simple feature collection with 411 features and 7 fields
Geometry type: LINESTRING
Dimension:     XY
Bounding box:  xmin: 477946 ymin: 3545735 xmax: 511807.9 ymax: 3592212
Projected CRS: WGS 84 / UTM zone 12N
     [,1]                                 
[1,] "Roads loaded at 2024-11-15 15:55:06"
|---------|---------|---------|---------|=========================================                                          [1] 1681968
[1] 1681968
Starting buffer 30 
Maximizing likelihood @ n=1×255=255
 SD[log(ℓ)] = 3.75462101892696
 Δlog(ℓ) = Inf
 Δβ/SD[β] = 6.69711222975925 0.141200290480281 0.119403150633782 -1.45417497066505 1.6808924827194 -0.379163490366156
Maximizing likelihood @ n=2×255=510
 SD[log(ℓ)] = 3.07258459523517
 Δlog(ℓ) = 2.63562501907799
 Δβ/SD[β] = 0.836726478867394 -1.02916815311188 0.731737027367419 0.0761543336609331 0.691825213306686 -0.464692638845572
Maximizing likelihood @ n=4×255=1020
 SD[log(ℓ)] = 2.27555240056125
 Δlog(ℓ) = -1.1322142450213
 Δβ/SD[β] = 0.409305924369821 -1.65220525976553 0.193316607601274 0.927447828530003 0.0730942237155884 -0.716565119309042
Maximizing likelihood @ n=8×255=2040
 SD[log(ℓ)] = 1.76181471768793
 Δlog(ℓ) = 1.33883484773193
 Δβ/SD[β] = 0.321379063929199 0.0246274979486464 0.14454205521641 -0.778675383600609 0.106881878177099 0.00137631765615271
Maximizing likelihood @ n=16×255=4080
 SD[log(ℓ)] = 1.34221649452735
 Δlog(ℓ) = 1.41300701320636
 Δβ/SD[β] = 0.00545148927517327 0.395289589039211 0.522416309630226 -0.0204115065289518 0.00022808228603751 -0.157188972000232
Maximizing likelihood @ n=32×255=8160
 SD[log(ℓ)] = 1.01451806511976
 Δlog(ℓ) = -0.841507900670265
 Δβ/SD[β] = -0.0557496596653825 0.405238157881166 0.21524663591789 0.217841200625883 -0.0351515730888823 0.124654616897013
Maximizing likelihood @ n=64×255=16320
 SD[log(ℓ)] = 0.742111037793889
 Δlog(ℓ) = -0.0932950529128647
 Δβ/SD[β] = 0.0455046315911519 -0.0195722885092253 -0.0427596063301664 0.467508759922662 0.130582251134358 -0.195430377534813
Maximizing likelihood @ n=128×255=32640
 SD[log(ℓ)] = 0.53587066267717
 Δlog(ℓ) = 0.42494079181369
 Δβ/SD[β] = 0.121145271115163 0.0919520211241619 0.0116861402993262 -0.230269141304957 0.00179759631912772 -0.0606403817079243
Maximizing likelihood @ n=256×255=65280
 SD[log(ℓ)] = 0.378683898066906
 Δlog(ℓ) = -0.191712809560954
 Δβ/SD[β] = 0.0437570195367017 -0.00317504951062755 -0.0312120770929774 -0.051270242662357 -0.0586404994512745 -0.0283359020939319
Maximizing likelihood @ n=512×255=130560
 SD[log(ℓ)] = 0.299751513757671
 Δlog(ℓ) = -0.480254980490443
 Δβ/SD[β] = 0.041173253594564 -0.0139447357452978 -0.0561071637941245 0.0687045902828598 -0.0130807413141477 0.110693758097219
Maximizing likelihood @ n=1024×255=261120
 SD[log(ℓ)] = 0.211124865665833
 Δlog(ℓ) = -0.0868421622324576
 Δβ/SD[β] = -0.0442086593905927 0.0159308215242747 -0.0133890767838617 0.0982341692142314 0.0209324581164276 0.0280473481787956
Maximizing likelihood @ n=2048×255=522240
 SD[log(ℓ)] = 0.147098690998029
 Δlog(ℓ) = 0.0753282047414316
 Δβ/SD[β] = -0.00533304424415577 0.00891094314672187 0.0139704313493386 -0.0134000251070094 -0.022948890121258 -0.0330807920201901
Maximizing likelihood @ n=4096×255=1044480
 SD[log(ℓ)] = 0.0998512297708907
 Δlog(ℓ) = -0.0947412900603339
 Δβ/SD[β] = -0.025043916981598 0.0228563111829603 0.00419018569350575 0.0101276898777384 0.0289419440902057 -0.0148012046731891
Maximizing likelihood @ n=8192×255=2088960
 SD[log(ℓ)] = 0.0845977936117012
 Δlog(ℓ) = -0.083816778309
 Δβ/SD[β] = 0.000707574399700798 0.0687676032910344 -0.0588547467429282 0.0852965207513635 -0.0277045776976011 0.00496693478569261
Maximizing likelihood @ n=16384×255=4177920
 SD[log(ℓ)] = 0.0558472188201059
 Δlog(ℓ) = 0.105592568685154
 Δβ/SD[β] = 0.00100908652106626 0.00593931866929266 0.00778641327237256 -0.0380098635017103 0.00788487028951753 -0.0165165032593658
Maximizing likelihood @ n=32768×255=8355840
 SD[log(ℓ)] = 0.0423461191619385
 Δlog(ℓ) = -0.0789442976753492
 Δβ/SD[β] = 0.000564040154028402 0.025005884622936 0.0179247166234535 0.0152448692901426 -0.00188659404089673 0.0285625270001392
Maximizing likelihood @ n=65536×255=16711680
 SD[log(ℓ)] = 0.0288522872177982
 Δlog(ℓ) = 0.0708099875815549
 Δβ/SD[β] = 0.0161859459076022 0.0686518390979898 0.00273865170765577 -0.0414052874522074 -0.00748749522772895 0.0166723705424714
Calculating Hessian
Maximizing likelihood @ n=1×255=255
 SD[log(ℓ)] = 3.6273527510127
 Δlog(ℓ) = Inf
 Δβ/SD[β] = -3.23930936203793 0.0197501614021401 0.148431459019207 -1.68116070587182 1.13882556756459 -0.597842897985529
Maximizing likelihood @ n=2×255=510
 SD[log(ℓ)] = 2.42046573117598
 Δlog(ℓ) = -6.61702020571586
 Δβ/SD[β] = -1.88007910946289 2.72065258477523 0.199579363140779 2.3940761226643 0.625407031389725 0.287713256705622
Maximizing likelihood @ n=4×255=1020
 SD[log(ℓ)] = 2.02453865459401
 Δlog(ℓ) = 4.76229429873666
 Δβ/SD[β] = 0.5607776475767 1.02044207704927 -0.386647219660788 -0.434971178892446 0.485473996176298 -0.538309964960226
Maximizing likelihood @ n=8×255=2040
 SD[log(ℓ)] = 1.54022169522733
 Δlog(ℓ) = 1.46513503760908
 Δβ/SD[β] = -0.537553588183797 -0.174531338475622 0.0163296587747511 -0.173108404176264 0.0981376086209289 0.403347878567374
Maximizing likelihood @ n=16×255=4080
 SD[log(ℓ)] = 1.08216075906896
 Δlog(ℓ) = -0.124295794311688
 Δβ/SD[β] = 0.0504675991573165 -0.0297923015202953 0.0773487012536135 0.100434171528096 0.0653666877039377 0.31038566897923
Maximizing likelihood @ n=32×255=8160
 SD[log(ℓ)] = 0.830092236506494
 Δlog(ℓ) = 0.731034988776013
 Δβ/SD[β] = -0.245554206521751 -0.445681589100593 0.152616972225201 -0.203341205955019 0.0882008398849222 0.103467731152614
Maximizing likelihood @ n=64×255=16320
 SD[log(ℓ)] = 0.590403523013627
 Δlog(ℓ) = -0.768984912805251
 Δβ/SD[β] = -0.105292463365848 0.232214943470456 0.541519340367837 0.0907461215264485 0.00283362645335011 0.0329213059752798
Maximizing likelihood @ n=128×255=32640
 SD[log(ℓ)] = 0.43546592912565
 Δlog(ℓ) = 0.333614898702557
 Δβ/SD[β] = 0.133840490569841 -0.201371687770334 0.106285359617327 -0.173532709894749 0.0441317578703194 -0.252588671777678
Maximizing likelihood @ n=256×255=65280
 SD[log(ℓ)] = 0.386529841122425
 Δlog(ℓ) = -0.608447639994818
 Δβ/SD[β] = 0.0270502158494406 0.0554763028225036 -0.0392122335897668 0.326767543518704 -0.0209188607868495 0.0849114479872521
Maximizing likelihood @ n=512×255=130560
 SD[log(ℓ)] = 0.264671045050161
 Δlog(ℓ) = 0.356738409609168
 Δβ/SD[β] = 0.0194888885020972 -0.128401274169537 -0.0838544326484865 -0.18481644719925 0.0342365052104101 -0.0386862633115793
Maximizing likelihood @ n=1024×255=261120
 SD[log(ℓ)] = 0.189649017266311
 Δlog(ℓ) = 0.0534534416729535
 Δβ/SD[β] = -0.0154321317014234 -0.018769314426525 -0.0136524804012421 0.0432960873882264 -0.0428079887893235 -0.0338814260753823
Maximizing likelihood @ n=2048×255=522240
 SD[log(ℓ)] = 0.125976965744017
 Δlog(ℓ) = -0.00879743156133017
 Δβ/SD[β] = 0.0283364770711686 -0.0633034155960297 0.0396411426076877 -0.0763924819149276 0.0299284126674405 -0.00653745268014141
Maximizing likelihood @ n=4096×255=1044480
 SD[log(ℓ)] = 0.0868429607609948
 Δlog(ℓ) = 0.0716753703887569
 Δβ/SD[β] = -0.10117556673944 -0.0520739983433488 -0.0697242393805066 -0.0760260408386921 0.00274690517576487 0.0402859891860009
Maximizing likelihood @ n=8192×255=2088960
 SD[log(ℓ)] = 0.0718211167591064
 Δlog(ℓ) = -0.0859360504242055
 Δβ/SD[β] = 0.00394095017922269 -0.0564546143591266 -0.0406134148965275 0.0608149399725602 -0.0226201147366733 -0.0357989821910135
Maximizing likelihood @ n=16384×255=4177920
 SD[log(ℓ)] = 0.0566065846418973
 Δlog(ℓ) = -0.0678648548684677
 Δβ/SD[β] = 0.028548991925269 -0.104656376892494 0.051063978035366 0.0696178131623202 8.08447449338469e-05 -0.0062383593896302
Maximizing likelihood @ n=32768×255=8355840
 SD[log(ℓ)] = 0.0366762176459817
 Δlog(ℓ) = 0.0424674751581229
 Δβ/SD[β] = -0.00467427763402675 0.00353952441472051 0.00345397252358233 -0.0135379799459846 0.00769261075593724 -0.00636508141493744
Maximizing likelihood @ n=65536×255=16711680
 SD[log(ℓ)] = 0.0243864288707069
 Δlog(ℓ) = 0.0141901140105389
 Δβ/SD[β] = -0.00586413567645436 -0.000288488084533423 0.0150868523750675 -0.015175482942999 0.00538897302444585 0.00659808042377577
Calculating Hessian
Maximizing likelihood @ n=1×255=255
 SD[log(ℓ)] = 3.25395308997887
 Δlog(ℓ) = Inf
 Δβ/SD[β] = -7.22595401624735 0.157794718103389 0.121233862924485 -1.26213583018226 1.18421352714311 -0.682725806083766
Maximizing likelihood @ n=2×255=510
 SD[log(ℓ)] = 2.79626156285544
 Δlog(ℓ) = 4.00738727648948
 Δβ/SD[β] = -2.31056836931839 -1.37307198209585 1.16296261910768 0.238864621961847 0.377769017833083 0.204116892626662
Maximizing likelihood @ n=4×255=1020
 SD[log(ℓ)] = 2.10786292135714
 Δlog(ℓ) = 1.80049300272357
 Δβ/SD[β] = -0.324068719864976 -2.31153245050556 0.620647668701986 0.420351990345167 0.367317768702532 0.0267231852739938
Maximizing likelihood @ n=8×255=2040
 SD[log(ℓ)] = 1.57323026378596
 Δlog(ℓ) = 0.662052916974545
 Δβ/SD[β] = 5.7399925066218e-05 -0.372049731348193 -0.37283544852958 -0.00311120655875032 0.429046024326099 0.278074275531742
Maximizing likelihood @ n=16×255=4080
 SD[log(ℓ)] = 1.19512590247199
 Δlog(ℓ) = 1.47628156829067
 Δβ/SD[β] = -0.0601307167384966 0.119159822435641 0.198142029002012 -0.366080821819171 -0.00716926384024914 -0.180726961121835
Maximizing likelihood @ n=32×255=8160
 SD[log(ℓ)] = 0.902250913194894
 Δlog(ℓ) = 0.488046971428894
 Δβ/SD[β] = -0.0340543348161919 -0.071804533982145 -0.139355989061044 -0.593213629660728 0.0137034381259943 -0.0987073984581833
Maximizing likelihood @ n=64×255=16320
 SD[log(ℓ)] = 0.655691463440067
 Δlog(ℓ) = 0.525105581992328
 Δβ/SD[β] = 0.0186553175992393 0.0369600254543525 0.0978643820065283 -0.433770844885026 0.0120977128076018 0.0988650128737946
Maximizing likelihood @ n=128×255=32640
 SD[log(ℓ)] = 0.480966599586026
 Δlog(ℓ) = 0.73186073411982
 Δβ/SD[β] = -0.0283840908324155 0.0692381155705139 0.0476165749447189 -0.193477975160796 -0.0167561687458732 -0.167266589461053
Maximizing likelihood @ n=256×255=65280
 SD[log(ℓ)] = 0.338614107726553
 Δlog(ℓ) = -0.0188128952317186
 Δβ/SD[β] = 0.00566369261084559 0.0479486837311348 0.0380229415479682 -0.0706855512866373 -0.00118351218064313 -0.0347887494382686
Maximizing likelihood @ n=512×255=130560
 SD[log(ℓ)] = 0.240110472412407
 Δlog(ℓ) = -0.436222600888861
 Δβ/SD[β] = 0.0169876819382978 0.033646416095445 0.00216954247999514 0.176833087782146 -0.0279885574931539 -0.00321163787618161
Maximizing likelihood @ n=1024×255=261120
 SD[log(ℓ)] = 0.170541057452078
 Δlog(ℓ) = -0.147194171584196
 Δβ/SD[β] = -0.01806528024329 0.11178637001957 0.0286672769903685 0.148824306418951 -0.014780939084316 -0.0334944652022193
Maximizing likelihood @ n=2048×255=522240
 SD[log(ℓ)] = 0.131865978473423
 Δlog(ℓ) = -0.021329723943424
 Δβ/SD[β] = 0.016258379130656 0.0486050084469326 0.0166011119872777 0.036325987785287 -0.0342625735315143 -0.0387645912854423
Maximizing likelihood @ n=4096×255=1044480
 SD[log(ℓ)] = 0.088455431525923
 Δlog(ℓ) = -0.0242248777144809
 Δβ/SD[β] = -0.000906701549474253 0.0115443006422659 -0.0106771037300035 -0.0028983594732672 0.0299436943386126 0.00775128651586319
Maximizing likelihood @ n=8192×255=2088960
 SD[log(ℓ)] = 0.0619650320818065
 Δlog(ℓ) = -0.0389332705868171
 Δβ/SD[β] = 0.0383740193078368 0.0881372973451872 0.0374296548778194 -0.00466947863942819 0.00422104204508343 -0.00165242031593956
Maximizing likelihood @ n=16384×255=4177920
 SD[log(ℓ)] = 0.0436026391374845
 Δlog(ℓ) = -0.00538957199621137
 Δβ/SD[β] = -0.0326752015264553 0.0180649844648714 -0.00652819040424282 0.00913728875552417 -0.00622315258100085 0.0202352932724415
Maximizing likelihood @ n=32768×255=8355840
 SD[log(ℓ)] = 0.0326783867274154
 Δlog(ℓ) = -0.0168995718850553
 Δβ/SD[β] = 0.00754815344530391 0.00565732184428963 -0.0168141096739064 0.00350034002463073 0.0123301837193155 0.00888760561452108
Maximizing likelihood @ n=65536×255=16711680
 SD[log(ℓ)] = 0.0225468836730765
 Δlog(ℓ) = 0.0295256255193408
 Δβ/SD[β] = -0.00790373579207948 0.0329307191349869 -0.00191983833072537 -0.0300531761289791 -0.00680719056719403 0.0106397521698652
Calculating Hessian
Maximizing likelihood @ n=1×255=255
 SD[log(ℓ)] = 3.31404470348304
 Δlog(ℓ) = Inf
 Δβ/SD[β] = 1.47436881586503 0.0149865571995582 -0.0804499403809392 -1.28154833714802 0.99740515706755 -0.469755222219779
Maximizing likelihood @ n=2×255=510
 SD[log(ℓ)] = 2.9282610245222
 Δlog(ℓ) = 6.34912267991345
 Δβ/SD[β] = 6.12641380892398 -0.633069158042874 5.48716022521406 -0.211902029338915 -0.846648216353688 0.543088226988986
Maximizing likelihood @ n=4×255=1020
 SD[log(ℓ)] = 2.13743475109063
 Δlog(ℓ) = 0.536818001843727
 Δβ/SD[β] = 0.0688172215496853 -0.288016359202188 0.113879894847826 -0.355762601754834 0.0901617755817468 -0.208182642757281
Maximizing likelihood @ n=8×255=2040
 SD[log(ℓ)] = 1.68929354562251
 Δlog(ℓ) = 2.65714451357005
 Δβ/SD[β] = 0.515376875044997 -0.116346319451353 0.204245069417661 -0.202349211186812 0.298030214375077 -0.299980727989156
Maximizing likelihood @ n=16×255=4080
 SD[log(ℓ)] = 1.23898543972723
 Δlog(ℓ) = -0.161386861969874
 Δβ/SD[β] = 0.131874869375652 -0.132415148828852 0.130598389318708 0.0978686277031813 0.1641113622505 0.31791145189084
Maximizing likelihood @ n=32×255=8160
 SD[log(ℓ)] = 0.96315169419064
 Δlog(ℓ) = 0.978276584526199
 Δβ/SD[β] = -0.00792328819273659 -0.0130804919243996 0.149971205014617 0.0370631723694075 0.377256132605599 0.137672699237613
Maximizing likelihood @ n=64×255=16320
 SD[log(ℓ)] = 0.737483165667831
 Δlog(ℓ) = 0.756434091459212
 Δβ/SD[β] = 0.0078915687383752 -0.0112406420374356 0.0495053032237983 -0.18876420839906 0.222600734231359 0.0122015813349541
Maximizing likelihood @ n=128×255=32640
 SD[log(ℓ)] = 0.526579060068062
 Δlog(ℓ) = 0.56060470619213
 Δβ/SD[β] = -0.0420818208473855 -0.0049502193514371 0.0187600916891344 -0.293924090587307 0.101272158169001 -0.0219217538789234
Maximizing likelihood @ n=256×255=65280
 SD[log(ℓ)] = 0.368753806035596
 Δlog(ℓ) = 0.00298930453287483
 Δβ/SD[β] = 0.0230738825700634 -0.0082116533947349 0.0672697891845444 -0.0746543333662844 -0.0284006427551412 -0.0539741388626833
Maximizing likelihood @ n=512×255=130560
 SD[log(ℓ)] = 0.330961096885781
 Δlog(ℓ) = -0.569503176290304
 Δβ/SD[β] = -0.0401156972504765 -0.0215166588851587 -0.0240900528735306 0.456987599037739 0.0611100865384018 -0.192748685456264
Maximizing likelihood @ n=1024×255=261120
 SD[log(ℓ)] = 0.233248678896579
 Δlog(ℓ) = -0.116827325183117
 Δβ/SD[β] = -0.0183975457844565 0.0164989718065713 0.0631024354579204 0.077609927284673 0.0439606767608932 -0.115692774937571
Maximizing likelihood @ n=2048×255=522240
 SD[log(ℓ)] = 0.160550251279873
 Δlog(ℓ) = 0.459695977931332
 Δβ/SD[β] = 0.0187052122716948 -0.0182886571605314 0.00215610827845628 -0.187017289588849 -0.0593137135824842 -0.0116286796863907
Maximizing likelihood @ n=4096×255=1044480
 SD[log(ℓ)] = 0.110552128968143
 Δlog(ℓ) = -0.125999948348309
 Δβ/SD[β] = 0.0232165530153652 -0.0110834205068816 -0.00107746271112591 0.00249762636491377 0.0212745430200686 -0.0103563132338718
Maximizing likelihood @ n=8192×255=2088960
 SD[log(ℓ)] = 0.0740168857090936
 Δlog(ℓ) = 0.0293903569194356
 Δβ/SD[β] = -0.00759414770604629 -0.00426305880305077 0.0116411821990595 -0.0431595302059383 0.00713911935375882 -0.00760928293065143
Maximizing likelihood @ n=16384×255=4177920
 SD[log(ℓ)] = 0.0536380780863198
 Δlog(ℓ) = -0.0374584017695412
 Δβ/SD[β] = -0.0063450432225621 0.00231513702731936 -0.01924975505338 0.0290126100005556 0.0223536057286882 -0.000800604943037866
Maximizing likelihood @ n=32768×255=8355840
 SD[log(ℓ)] = 0.0368829473384695
 Δlog(ℓ) = 0.0416497619069887
 Δβ/SD[β] = -0.00192825585185557 0.0118853976016032 0.0118270425336314 -0.0294439059390869 0.0145274377996075 -0.0083279911835307
Maximizing likelihood @ n=65536×255=16711680
 SD[log(ℓ)] = 0.0256230440476468
 Δlog(ℓ) = 0.0214305881507215
 Δβ/SD[β] = 0.00386084685672657 0.0020311363392041 -9.57155619236473e-05 -0.0095724171598311 0.00245145032958979 0.00215888282974941
Calculating Hessian
Starting buffer 750 
Maximizing likelihood @ n=1×255=255
 SD[log(ℓ)] = 3.60102409238521
 Δlog(ℓ) = Inf
 Δβ/SD[β] = -2.20417871829747 -1.01890541030185 0.910672815601957 -13.0802977501757 6.47786207872703 -4.6906376730267
Maximizing likelihood @ n=2×255=510
 SD[log(ℓ)] = 2.81799003200452
 Δlog(ℓ) = 3.04781939508676
 Δβ/SD[β] = 0.527322534306094 1.07508027160369 0.255644096956022 -0.0307799161249511 0.00511439684742737 0.0299921509470767
Maximizing likelihood @ n=4×255=1020
 SD[log(ℓ)] = 2.09066539668874
 Δlog(ℓ) = -0.886675015895765
 Δβ/SD[β] = 0.21048639516893 -0.0467688773429813 -0.198490788198199 -0.0355868051014303 -0.484714931584833 0.367106945035207
Maximizing likelihood @ n=8×255=2040
 SD[log(ℓ)] = 1.4876564564259
 Δlog(ℓ) = -2.88738825540243
 Δβ/SD[β] = 0.329109795612617 0.309140147965563 0.000224579286172321 0.637103135656363 -0.0946798308093897 -0.184648143024508
Maximizing likelihood @ n=16×255=4080
 SD[log(ℓ)] = 1.04451920674807
 Δlog(ℓ) = -0.252685875402154
 Δβ/SD[β] = -0.0743378149256913 -0.0153694875115503 -0.517077983407219 0.0974192486314128 0.0221038055122219 0.0891505410196657
Maximizing likelihood @ n=32×255=8160
 SD[log(ℓ)] = 0.770557947578711
 Δlog(ℓ) = -0.160129627024986
 Δβ/SD[β] = -0.0223569693174879 0.0155235757855027 0.0147189439045824 0.203145580229027 -0.0488355623344816 -0.0549411982506453
Maximizing likelihood @ n=64×255=16320
 SD[log(ℓ)] = 0.557122591680981
 Δlog(ℓ) = 0.15206446066917
 Δβ/SD[β] = -0.000321977317537146 0.0491590999417757 0.0716369303472611 -0.222988725856639 -0.00289673396688366 -0.0395597732669087
Maximizing likelihood @ n=128×255=32640
 SD[log(ℓ)] = 0.397415973875212
 Δlog(ℓ) = -0.139085655796325
 Δβ/SD[β] = -0.00130029143870894 0.00371656882497356 0.0207787605069475 -0.0104801067831252 -0.00196017835132005 -0.0727970564693905
Maximizing likelihood @ n=256×255=65280
 SD[log(ℓ)] = 0.287107638443942
 Δlog(ℓ) = 0.129365419855734
 Δβ/SD[β] = -0.00210562614749799 0.0299524156815683 0.0329031051130499 0.100775744698762 0.088481569657907 -0.0386598293260296
Maximizing likelihood @ n=512×255=130560
 SD[log(ℓ)] = 0.208150239615699
 Δlog(ℓ) = -0.0652858206561682
 Δβ/SD[β] = 0.00733938672774346 0.0101060167041393 0.0186751494301994 -0.0436070149978278 -0.0263123164706192 0.0198856608600944
Maximizing likelihood @ n=1024×255=261120
 SD[log(ℓ)] = 0.14694582691693
 Δlog(ℓ) = 0.0795137008836271
 Δβ/SD[β] = 0.00423145835337005 -0.00131007817516452 0.00456035716169902 0.0121692655619712 0.0174874931716661 0.0173618247095421
Maximizing likelihood @ n=2048×255=522240
 SD[log(ℓ)] = 0.129357934747942
 Δlog(ℓ) = 0.106440813275562
 Δβ/SD[β] = 0.00759904930330023 0.00033382151675167 0.0126340257172837 0.0241799797887865 0.00142702033328195 0.0205499207384839
Maximizing likelihood @ n=4096×255=1044480
 SD[log(ℓ)] = 0.0853718673851196
 Δlog(ℓ) = 0.10917085630167
 Δβ/SD[β] = -0.00768195858553741 0.0111661325093812 0.0165065348628051 -0.0314703204830724 -0.00642575785278935 -0.0347066567631465
Maximizing likelihood @ n=8192×255=2088960
 SD[log(ℓ)] = 0.0604914480229109
 Δlog(ℓ) = -0.0349591381826428
 Δβ/SD[β] = 0.00715353176168158 0.00322484312892376 0.018806882273802 -0.00142633043366899 0.0108454868765064 0.00839855692323342
Maximizing likelihood @ n=16384×255=4177920
 SD[log(ℓ)] = 0.0419180365546242
 Δlog(ℓ) = -0.0550099771611166
 Δβ/SD[β] = -0.00487731873009672 0.0133889575471557 0.019364622533779 -0.00527535005376645 -0.0166953227902998 -0.00776141236986926
Maximizing likelihood @ n=32768×255=8355840
 SD[log(ℓ)] = 0.0285393650910595
 Δlog(ℓ) = 0.0437765214070005
 Δβ/SD[β] = -0.144949423711453 0.144982239847367 0.202175182213659 -0.000895467172237095 0.0349829895144209 -0.0197258853957978
Maximizing likelihood @ n=65536×255=16711680
 SD[log(ℓ)] = 0.0197096880575211
 Δlog(ℓ) = 0.0145789515735189
 Δβ/SD[β] = -0.00299156676089547 -0.0131451995399007 -0.00318926284650647 -0.0214705948048886 -0.0169359468400587 0.00988870165550437
Calculating Hessian
Maximizing likelihood @ n=1×255=255
 SD[log(ℓ)] = 3.17402846982404
 Δlog(ℓ) = Inf
 Δβ/SD[β] = -0.184145025441773 -0.0210485226152693 -0.0636480256190607 -1.14788572154012 1.12123044286338 -0.678437171765628
Maximizing likelihood @ n=2×255=510
 SD[log(ℓ)] = 2.37634508106108
 Δlog(ℓ) = 0.952503806538026
 Δβ/SD[β] = 0.262126664012988 0.827551925348746 0.881014931507116 0.736634208719994 0.711405534704434 -0.275531941493817
Maximizing likelihood @ n=4×255=1020
 SD[log(ℓ)] = 1.8145147090768
 Δlog(ℓ) = 2.06837637266568
 Δβ/SD[β] = 0.138199922748391 -0.0812329155590577 -0.190482583935225 -0.687879607786498 0.121636025015398 -0.0388048001950842
Maximizing likelihood @ n=8×255=2040
 SD[log(ℓ)] = 1.41785091464622
 Δlog(ℓ) = 0.62909768454686
 Δβ/SD[β] = 0.35394133943686 -0.161427000849298 0.34970763322413 -0.921964531958838 -0.0100909852869659 0.126324905986619
Maximizing likelihood @ n=16×255=4080
 SD[log(ℓ)] = 1.06805465449544
 Δlog(ℓ) = 0.738821296821961
 Δβ/SD[β] = 0.103713707056533 0.127068243192308 0.081831346766201 -0.197078122972917 0.0487300633150929 0.0459421175882355
Maximizing likelihood @ n=32×255=8160
 SD[log(ℓ)] = 0.806245418854648
 Δlog(ℓ) = 1.15134602183694
 Δβ/SD[β] = 0.000825386721447664 -0.0487685622174905 0.104566083924915 -0.194436513825056 0.0113754756366695 0.0710824684211819
Maximizing likelihood @ n=64×255=16320
 SD[log(ℓ)] = 0.586943879776417
 Δlog(ℓ) = -0.369273487758083
 Δβ/SD[β] = -0.0046830025469608 0.0301361849886694 0.0412321386749249 -0.319900270728072 0.0160039538672916 0.112964138934846
Maximizing likelihood @ n=128×255=32640
 SD[log(ℓ)] = 0.417603100052341
 Δlog(ℓ) = -0.0795902663493955
 Δβ/SD[β] = 0.0395160538810613 -0.011969510940969 0.0449440927318546 0.00613764677668621 -0.1244551926353 0.0551860493763322
Maximizing likelihood @ n=256×255=65280
 SD[log(ℓ)] = 0.338529069943481
 Δlog(ℓ) = -0.520052765126643
 Δβ/SD[β] = 0.0424965307670894 0.0615722393203989 0.105578390571567 0.268863766381148 -0.0396701790114798 -0.0223871578080446
Maximizing likelihood @ n=512×255=130560
 SD[log(ℓ)] = 0.231776746410912
 Δlog(ℓ) = 0.0770831664873803
 Δβ/SD[β] = -0.0144985260178016 -0.0206827741048372 0.0354543800935366 -0.088483672659768 -0.00138492324376782 -0.0410209695809514
Maximizing likelihood @ n=1024×255=261120
 SD[log(ℓ)] = 0.157268886910956
 Δlog(ℓ) = -0.0199701494730107
 Δβ/SD[β] = 0.0243476920269027 0.0244715687512204 0.0220192146488679 -0.11315226925889 -0.0508825452510797 0.0388924704778035
Maximizing likelihood @ n=2048×255=522240
 SD[log(ℓ)] = 0.109697902545582
 Δlog(ℓ) = 0.128681540512105
 Δβ/SD[β] = 0.0274711399395085 -0.00206573130451324 0.00589092450360524 -0.0184859146282699 0.0460692513024445 -0.00173893128779467
Maximizing likelihood @ n=4096×255=1044480
 SD[log(ℓ)] = 0.0778374553873478
 Δlog(ℓ) = 0.00638945901160071
 Δβ/SD[β] = -0.000601951794153467 0.0164746135977324 0.0112826539752009 -0.0334821085918688 0.0141597859811263 0.0194888630116471
Maximizing likelihood @ n=8192×255=2088960
 SD[log(ℓ)] = 0.0540839764543832
 Δlog(ℓ) = -0.045714238113213
 Δβ/SD[β] = -0.00310132412338703 0.00949157316232434 0.00841208954025923 -0.0112282741965998 -0.0154140232809589 -0.000879446280297173
Maximizing likelihood @ n=16384×255=4177920
 SD[log(ℓ)] = 0.0380428073186281
 Δlog(ℓ) = -0.0373901115476087
 Δβ/SD[β] = -0.00242926310392653 0.00173853023230423 0.00895296146429512 0.00186435947167021 0.00797258268438139 0.00698523910747738
Maximizing likelihood @ n=32768×255=8355840
 SD[log(ℓ)] = 0.0277811134252161
 Δlog(ℓ) = 0.0285093264224159
 Δβ/SD[β] = 0.00343205786198577 0.0121263597273644 0.0190708701000455 -0.00807618680962515 0.0103688143506382 0.00935396304977744
Maximizing likelihood @ n=65536×255=16711680
 SD[log(ℓ)] = 0.0193561197759222
 Δlog(ℓ) = -0.0152708439423783
 Δβ/SD[β] = 0.00326495452870503 0.00896736238297921 0.00242770883737798 -0.00280319254462269 -0.013488658679069 -0.00413591534592621
Calculating Hessian
Maximizing likelihood @ n=1×255=255
 SD[log(ℓ)] = 3.03182677914328
 Δlog(ℓ) = Inf
 Δβ/SD[β] = -0.255461145158109 -0.0815006381411647 0.269852726313164 -1.11570744981178 1.37661865965343 -0.331591352032698
Maximizing likelihood @ n=2×255=510
 SD[log(ℓ)] = 2.26745778616626
 Δlog(ℓ) = -0.437950807421689
 Δβ/SD[β] = -0.16655017403946 1.05865990931086 -0.482711884458241 -0.500823436899444 0.317466859161433 -0.554452090572378
Maximizing likelihood @ n=4×255=1020
 SD[log(ℓ)] = 1.71228159818618
 Δlog(ℓ) = 1.8368150112387
 Δβ/SD[β] = 0.0801647489905672 -0.111801763608685 -0.0362710750736132 0.308090633951086 0.091505643221101 -0.309724635756889
Maximizing likelihood @ n=8×255=2040
 SD[log(ℓ)] = 1.31703412539437
 Δlog(ℓ) = 1.29448518805595
 Δβ/SD[β] = -0.0402397309411255 0.409457175965886 0.020477159973216 -0.777013694972004 0.0889144940836042 0.021448400352078
Maximizing likelihood @ n=16×255=4080
 SD[log(ℓ)] = 1.02152504446346
 Δlog(ℓ) = 0.692160937045216
 Δβ/SD[β] = 0.105267132149893 0.060863309279819 0.0785759933009059 -0.561779299356682 -0.074639462192423 -0.0318152232612049
Maximizing likelihood @ n=32×255=8160
 SD[log(ℓ)] = 0.838603124436287
 Δlog(ℓ) = 1.52736882157926
 Δβ/SD[β] = -0.235104811208554 -0.0224798824191989 -0.0360503527103331 -0.501810862879132 0.0696047764427254 -0.174259848537905
Maximizing likelihood @ n=64×255=16320
 SD[log(ℓ)] = 0.614183613509461
 Δlog(ℓ) = 0.416613657720664
 Δβ/SD[β] = 0.0742812242953775 0.00167054605930732 0.0841655245665567 -0.132843958267492 0.0281715313926421 0.0304405260351823
Maximizing likelihood @ n=128×255=32640
 SD[log(ℓ)] = 0.432646580206801
 Δlog(ℓ) = 0.60207995716835
 Δβ/SD[β] = -0.00917872083885078 -0.00644683247498817 -0.153804817481902 -0.170666707310177 -0.0244446330406939 -0.00993175264585124
Maximizing likelihood @ n=256×255=65280
 SD[log(ℓ)] = 0.317252540972552
 Δlog(ℓ) = -0.23575214699579
 Δβ/SD[β] = -0.0176016138700977 0.0049264291303832 -0.0297951635289346 0.0319362437443508 -0.0117628975413999 -0.0312893796494334
Maximizing likelihood @ n=512×255=130560
 SD[log(ℓ)] = 0.223851119852715
 Δlog(ℓ) = 0.0222141826600826
 Δβ/SD[β] = 0.00109187497557842 -0.00146163782104871 0.0156393537468858 0.0407998891600671 0.0292266746104306 0.0100675448656575
Maximizing likelihood @ n=1024×255=261120
 SD[log(ℓ)] = 0.156463731282229
 Δlog(ℓ) = 0.191903017769882
 Δβ/SD[β] = 0.0224838394163536 0.00330133062756387 -0.0273197413106986 -0.113052218917512 0.0172032928870502 -0.00894177493838324
Maximizing likelihood @ n=2048×255=522240
 SD[log(ℓ)] = 0.107013286823318
 Δlog(ℓ) = -0.0855513265050405
 Δβ/SD[β] = 0.0049434437346435 -0.00314043451384187 -0.00234023661562426 0.00510888809539748 0.00509633847752085 0.0173110415024125
Maximizing likelihood @ n=4096×255=1044480
 SD[log(ℓ)] = 0.0799938149770739
 Δlog(ℓ) = -0.112326200469703
 Δβ/SD[β] = 0.0125389656987148 -0.00781593182728979 -0.0167817054695543 0.0178027007202185 -0.00439064863699581 0.0398163140315545
Maximizing likelihood @ n=8192×255=2088960
 SD[log(ℓ)] = 0.0556890212011795
 Δlog(ℓ) = 0.037238402278561
 Δβ/SD[β] = -0.00909059396456565 0.00994546696647369 0.00823766602672339 -0.026570471028414 0.000378677034540274 0.00518129461091514
Maximizing likelihood @ n=16384×255=4177920
 SD[log(ℓ)] = 0.0405686156022016
 Δlog(ℓ) = -0.0168822605817418
 Δβ/SD[β] = 0.00461623141388775 0.00372009931805547 -0.00824763602835593 0.00703438772476155 -0.00923970472477715 -0.00662827670142246
Maximizing likelihood @ n=32768×255=8355840
 SD[log(ℓ)] = 0.028562637953462
 Δlog(ℓ) = -0.0153032895162291
 Δβ/SD[β] = 0.000816489392472954 0.00572328429870203 -0.00551261793188953 0.00325579173773322 -0.00122482854702312 0.0054210825251169
Maximizing likelihood @ n=65536×255=16711680
 SD[log(ℓ)] = 0.0201543299121362
 Δlog(ℓ) = 0.0145281740533214
 Δβ/SD[β] = -0.00561472226269721 -0.00132811702425804 -0.00914682151057972 -0.0135924088381645 0.00344388677071421 0.00393671357029956
Calculating Hessian
Maximizing likelihood @ n=1×255=255
 SD[log(ℓ)] = 3.69350052376054
 Δlog(ℓ) = Inf
 Δβ/SD[β] = 0.488857116616537 0.827991920623467 -0.264886911689857 -10.8983392534404 2.76553908126989 -4.69506462150408
Maximizing likelihood @ n=2×255=510
 SD[log(ℓ)] = 2.9897693108836
 Δlog(ℓ) = 4.8885054498299
 Δβ/SD[β] = -1.34998359481202 2.79912296003284 -0.221877984549877 -0.419208311963325 0.580757791161518 0.0805672618393842
Maximizing likelihood @ n=4×255=1020
 SD[log(ℓ)] = 1.82070991553869
 Δlog(ℓ) = -9.90135210921332
 Δβ/SD[β] = -1.44988105247238 0.330416414371911 0.142930433195043 -11.32432029933 5.14708806817035 -2.72439861520218
Maximizing likelihood @ n=8×255=2040
 SD[log(ℓ)] = 1.44375992738442
 Δlog(ℓ) = 1.86168202879182
 Δβ/SD[β] = 0.000267784315148623 0.0553720002959515 -0.0805006730657634 -0.564654454333036 0.203465018615583 -0.138795690581222
Maximizing likelihood @ n=16×255=4080
 SD[log(ℓ)] = 1.0622043455831
 Δlog(ℓ) = 0.217426421977244
 Δβ/SD[β] = -0.0364336209358617 -0.0126501332618653 0.0397016415905214 -0.121529928517406 0.0977764008300374 -0.24315954322637
Maximizing likelihood @ n=32×255=8160
 SD[log(ℓ)] = 0.761192320639889
 Δlog(ℓ) = 0.632713097386858
 Δβ/SD[β] = -0.00740638592291761 -0.101696169459137 0.0911197464387365 -0.0302901892654869 0.0492737364457924 -0.105387912071946
Maximizing likelihood @ n=64×255=16320
 SD[log(ℓ)] = 0.590472420379703
 Δlog(ℓ) = -0.381632535397586
 Δβ/SD[β] = -0.0439054972891084 0.0032421147600066 0.0287706568254705 0.00847454996812696 -0.0174554316698326 0.100122332020858
Maximizing likelihood @ n=128×255=32640
 SD[log(ℓ)] = 0.402019220295594
 Δlog(ℓ) = -0.514344074267417
 Δβ/SD[β] = -0.012350283218018 -0.0279493116212199 -0.002476960729996 -0.0448729439219407 0.00590910344426386 -0.0488795968170078
Maximizing likelihood @ n=256×255=65280
 SD[log(ℓ)] = 0.286173922444651
 Δlog(ℓ) = 0.396589979462352
 Δβ/SD[β] = -0.0138754055418535 -0.00434905031207817 0.0186068151501041 -0.016182983507524 0.0519748807140132 0.00568190533429805
Maximizing likelihood @ n=512×255=130560
 SD[log(ℓ)] = 0.204832278554613
 Δlog(ℓ) = 0.0367371433538182
 Δβ/SD[β] = -0.00872642621353825 -0.00161581725434397 0.0115957194689485 -0.0355411861719223 0.0112595936392887 0.000201577803704011
Maximizing likelihood @ n=1024×255=261120
 SD[log(ℓ)] = 0.149630206017665
 Δlog(ℓ) = 0.195343107549096
 Δβ/SD[β] = 0.0125784859983046 -0.00605554684076335 0.0168098527758778 0.0131548293715408 0.0203106520998409 0.0218254970941994
Maximizing likelihood @ n=2048×255=522240
 SD[log(ℓ)] = 0.106230853500128
 Δlog(ℓ) = 0.226169063487646
 Δβ/SD[β] = -0.0166271054615885 -0.0360687795640781 0.0612773952935335 -0.0658096097443495 -0.0355740889297007 -0.0271384998896401
Maximizing likelihood @ n=4096×255=1044480
 SD[log(ℓ)] = 0.0775809292818508
 Δlog(ℓ) = 0.00812352333629462
 Δβ/SD[β] = 0.000171212775637648 -0.00328507932025746 0.027713293506776 -0.0332228207968157 0.00106454256609991 0.0229345261981186
Maximizing likelihood @ n=8192×255=2088960
 SD[log(ℓ)] = 0.0554329145662541
 Δlog(ℓ) = -0.0155448423162063
 Δβ/SD[β] = -0.00766222918180614 -0.00628968452067114 0.0248624245072236 0.0418608684462132 -0.00212820295075688 -0.0233837323187658
Maximizing likelihood @ n=16384×255=4177920
 SD[log(ℓ)] = 0.0390621653336883
 Δlog(ℓ) = 0.01579485519526
 Δβ/SD[β] = -0.0383851299092175 0.0124583488746194 0.0328480729013515 0.0184620681958714 0.0297779072778992 -0.00834628238497572
Maximizing likelihood @ n=32768×255=8355840
 SD[log(ℓ)] = 0.0271904051952398
 Δlog(ℓ) = 0.254642894845034
 Δβ/SD[β] = -10.2942202105412 -0.17943647702648 1.50371178588702 0.0396730173353852 0.0198965569624227 -0.00983398414844387
Maximizing likelihood @ n=65536×255=16711680
 SD[log(ℓ)] = 0.0201302057048964
 Δlog(ℓ) = 0.389727792711923
 Δβ/SD[β] = -1.4736590215714 0.350681084433229 -0.884640645813214 0.605194062295154 0.33684918805361 -0.170248891703165
Calculating Hessian
Starting buffer 1500 
Maximizing likelihood @ n=1×255=255
 SD[log(ℓ)] = 3.35398075742555
 Δlog(ℓ) = Inf
 Δβ/SD[β] = -0.280520557512644 0.14337360713937 0.676150653480143 -10.9108766014261 3.06227878932685 -3.19209896954101
Maximizing likelihood @ n=2×255=510
 SD[log(ℓ)] = 2.7592249193045
 Δlog(ℓ) = 4.87495021223796
 Δβ/SD[β] = 0.219019640696272 0.131979677154136 0.150542674284042 -0.644808719608687 0.628413586410153 -0.740673896228029
Maximizing likelihood @ n=4×255=1020
 SD[log(ℓ)] = 2.17504643127919
 Δlog(ℓ) = 3.39072926704939
 Δβ/SD[β] = -0.187910156484626 0.357844025291597 0.17298025240838 -0.598224107103533 0.349086190055487 -0.15505682943966
Maximizing likelihood @ n=8×255=2040
 SD[log(ℓ)] = 1.49296040089304
 Δlog(ℓ) = -4.61536123680112
 Δβ/SD[β] = 0.262365681398049 0.225874005047329 -0.666565584398036 0.810854496822083 -0.243893834711359 0.896817704613535
Maximizing likelihood @ n=16×255=4080
 SD[log(ℓ)] = 1.04704108456896
 Δlog(ℓ) = -1.14081562728983
 Δβ/SD[β] = 0.0799339196293638 -0.00815997708431155 0.0398170144628086 0.335730361409859 -0.00787594731053357 -0.0962388620979182
Maximizing likelihood @ n=32×255=8160
 SD[log(ℓ)] = 0.781593836177352
 Δlog(ℓ) = -0.186503669822695
 Δβ/SD[β] = -0.0629177666787779 -0.0330672818396784 -0.186334066517868 0.164954945325445 -0.010225352684385 -0.0921849333275165
Maximizing likelihood @ n=64×255=16320
 SD[log(ℓ)] = 0.542346230100616
 Δlog(ℓ) = -0.388405118118186
 Δβ/SD[β] = -0.00668863367346778 0.0160057252610795 -0.0320308567581942 0.0550493755337286 -0.000871180676296887 0.0700975680954083
Maximizing likelihood @ n=128×255=32640
 SD[log(ℓ)] = 0.436919528280105
 Δlog(ℓ) = 0.204372256757267
 Δβ/SD[β] = 0.000232343831317819 0.0180860316367899 0.000263635606899179 0.0309354798624414 0.0114715326568087 -0.00481156555781649
Maximizing likelihood @ n=256×255=65280
 SD[log(ℓ)] = 0.299353609268502
 Δlog(ℓ) = 0.0964031738194926
 Δβ/SD[β] = -0.0177581469950833 -0.018876893314292 -0.0302373149016619 -0.0403502905833704 -0.00456273247536555 -0.03735467990589
Maximizing likelihood @ n=512×255=130560
 SD[log(ℓ)] = 0.208011528905802
 Δlog(ℓ) = 0.116391783480697
 Δβ/SD[β] = -0.0254366178910539 0.00517298143178751 0.00797500153851739 -0.0273808727452527 0.0462134745317818 -0.00134705375281157
Maximizing likelihood @ n=1024×255=261120
 SD[log(ℓ)] = 0.148504436368883
 Δlog(ℓ) = 0.102994578957777
 Δβ/SD[β] = 0.01509417124563 -0.0217155961491784 -0.00041309016235814 -0.0540801501919061 0.0243398935464957 0.0307870369181451
Maximizing likelihood @ n=2048×255=522240
 SD[log(ℓ)] = 0.104775861259764
 Δlog(ℓ) = -0.0139448443467103
 Δβ/SD[β] = 0.00742133927324274 0.00011678986835657 -0.00772594124899432 0.00388151597502524 -0.0293860727450773 -0.0229040611494945
Maximizing likelihood @ n=4096×255=1044480
 SD[log(ℓ)] = 0.0755001606925031
 Δlog(ℓ) = 0.0621172174206031
 Δβ/SD[β] = -0.000202345964694192 -0.00213635102767742 -0.0128526816701172 -0.00220476314511082 0.00199893518247546 0.0111213371418235
Maximizing likelihood @ n=8192×255=2088960
 SD[log(ℓ)] = 0.0550243805267199
 Δlog(ℓ) = -0.0438394562688345
 Δβ/SD[β] = -0.00788506160800656 -0.00218949089115935 -0.00570861952460903 0.0230944025202981 -0.00739292631325646 0.0125019743865614
Maximizing likelihood @ n=16384×255=4177920
 SD[log(ℓ)] = 0.0383216482425643
 Δlog(ℓ) = -0.0124888766081845
 Δβ/SD[β] = 0.00118948251684489 -0.00203741729906324 0.00145367650587125 -0.00989685427533787 -0.00284261995115822 -0.00693498376040863
Maximizing likelihood @ n=32768×255=8355840
 SD[log(ℓ)] = 0.0269916823392215
 Δlog(ℓ) = 0.0230542226629886
 Δβ/SD[β] = 0.00286603241538335 0.00157566142048823 -0.00598808380327387 -0.0113819316177426 0.00365960474476535 0.0059239047197966
Maximizing likelihood @ n=65536×255=16711680
 SD[log(ℓ)] = 0.020139131345984
 Δlog(ℓ) = -0.0298804357535225
 Δβ/SD[β] = 0.00893483807726484 -0.0130374024244255 -0.0147817363820095 0.0110320348562056 -0.00719140746717668 0.00309396995797545
Calculating Hessian
Maximizing likelihood @ n=1×255=255
 SD[log(ℓ)] = 3.26594372586972
 Δlog(ℓ) = Inf
 Δβ/SD[β] = -0.739768497545045 0.0167902776252611 0.229978388870769 -13.9481587639171 3.09092416518183 -3.3817402020425
Maximizing likelihood @ n=2×255=510
 SD[log(ℓ)] = 2.36759695989488
 Δlog(ℓ) = -0.956251687818352
 Δβ/SD[β] = -0.100098421569901 0.023705972454956 -0.0644616842491441 -0.0391306700329108 0.0929027316713674 0.0565293496372458
Maximizing likelihood @ n=4×255=1020
 SD[log(ℓ)] = 1.89056428326988
 Δlog(ℓ) = 4.10661473365137
 Δβ/SD[β] = 0.0575127022677101 0.163411004610617 -0.143985763756101 -0.338321242945875 0.207382376091987 -0.0766490749661497
Maximizing likelihood @ n=8×255=2040
 SD[log(ℓ)] = 1.44331247215589
 Δlog(ℓ) = 1.27877769609791
 Δβ/SD[β] = 0.109046168937997 -0.0150898451933927 -0.0311578755966509 -0.344609139245664 0.0372251158176903 -0.0952225725932282
Maximizing likelihood @ n=16×255=4080
 SD[log(ℓ)] = 1.06988495395265
 Δlog(ℓ) = -1.84450906184872
 Δβ/SD[β] = 0.128408004095118 0.321423290120798 -0.623367565191837 0.332344116099559 -0.1042342831787 0.183844548964074
Maximizing likelihood @ n=32×255=8160
 SD[log(ℓ)] = 0.849451519216759
 Δlog(ℓ) = 1.06511340290507
 Δβ/SD[β] = -0.032956460356926 -0.0377476978784417 -0.00966967432755762 -0.00842445408635803 0.1512728374342 -0.274636272243082
Maximizing likelihood @ n=64×255=16320
 SD[log(ℓ)] = 0.616966468824354
 Δlog(ℓ) = -0.270871665253281
 Δβ/SD[β] = -0.0765030224570502 -0.0166908708505714 0.061875360422748 -0.234740739043466 0.0143263024102691 -0.0781007791111516
Maximizing likelihood @ n=128×255=32640
 SD[log(ℓ)] = 0.440036914733632
 Δlog(ℓ) = 0.30253682349877
 Δβ/SD[β] = 0.0280748728527487 0.0188045023680409 -0.0016811941771785 -0.179469026622341 -8.78557367821643e-05 -0.0344935116641991
Maximizing likelihood @ n=256×255=65280
 SD[log(ℓ)] = 0.31317176273197
 Δlog(ℓ) = -0.208577109689472
 Δβ/SD[β] = 0.00369831737102531 0.00714341870648646 0.0212502312583375 -0.00565909122551493 -0.0231045828231832 0.0319799700677769
Maximizing likelihood @ n=512×255=130560
 SD[log(ℓ)] = 0.217498296320826
 Δlog(ℓ) = -0.0405261055517947
 Δβ/SD[β] = 0.0276847174510498 0.00193366351236935 0.0196627203392005 -0.0654984392975152 0.00772874683011129 -0.0394594034968321
Maximizing likelihood @ n=1024×255=261120
 SD[log(ℓ)] = 0.149489840579119
 Δlog(ℓ) = -0.000510324800128359
 Δβ/SD[β] = 0.00303442812756627 0.00907228177821213 0.0127807405523676 -0.0305034865015738 -0.00977658134227506 -0.0325338482268658
Maximizing likelihood @ n=2048×255=522240
 SD[log(ℓ)] = 0.108170549481879
 Δlog(ℓ) = -0.0734527411192119
 Δβ/SD[β] = -0.00559037132706893 -0.00123293834540849 0.00602950296405215 -0.0152299889109838 0.0291760839115668 0.0409309812443741
Maximizing likelihood @ n=4096×255=1044480
 SD[log(ℓ)] = 0.0748281115394897
 Δlog(ℓ) = 0.0467373216858142
 Δβ/SD[β] = -0.00883994342750605 -0.0048487525669935 0.00391244334522822 -0.0253726684198243 -0.025277583214321 -0.0170830278413226
Maximizing likelihood @ n=8192×255=2088960
 SD[log(ℓ)] = 0.0535604359482709
 Δlog(ℓ) = 0.0624479199010288
 Δβ/SD[β] = 0.00165184542415258 -0.00370430520021985 0.00609615596771045 -0.0280323697780356 0.0112095590316321 0.00252710745811911
Maximizing likelihood @ n=16384×255=4177920
 SD[log(ℓ)] = 0.0381723923795135
 Δlog(ℓ) = 0.0597868613389316
 Δβ/SD[β] = 0.000642649967070173 -0.0021914889040557 0.00112462658245699 -0.0128183650184437 -0.00377192762997917 -0.00281413339009321
Maximizing likelihood @ n=32768×255=8355840
 SD[log(ℓ)] = 0.0272588245097369
 Δlog(ℓ) = 0.0454283665014898
 Δβ/SD[β] = -0.000401053805591868 0.00153451142997938 0.0123375472054398 -0.01713926158299 0.00202046277775877 0.000290371991660954
Maximizing likelihood @ n=65536×255=16711680
 SD[log(ℓ)] = 0.0194208237151607
 Δlog(ℓ) = 0.173948555523012
 Δβ/SD[β] = 4.00498133022616 4.09229766555152 7.05004594006133 -0.00277431467734225 0.00485208550276302 0.00510998247219847
Calculating Hessian
Maximizing likelihood @ n=1×255=255
 SD[log(ℓ)] = 3.13084803839905
 Δlog(ℓ) = Inf
 Δβ/SD[β] = -0.750878934323427 0.58754706553872 0.517750493889794 -11.1520962464719 2.69545968175849 -1.58379070270382
Maximizing likelihood @ n=2×255=510
 SD[log(ℓ)] = 2.40862349127713
 Δlog(ℓ) = 2.01839325630791
 Δβ/SD[β] = 0.197099004910079 -0.379880969270695 -0.868227040188289 0.0769258743748646 0.222744752117284 -0.112970041392068
Maximizing likelihood @ n=4×255=1020
 SD[log(ℓ)] = 1.82495308069698
 Δlog(ℓ) = 0.970188556265303
 Δβ/SD[β] = 0.0387228788743312 0.0290724429038735 0.0730271345851806 0.0139347030708988 0.225647248673448 -0.35552851483684
Maximizing likelihood @ n=8×255=2040
 SD[log(ℓ)] = 1.41091398926065
 Δlog(ℓ) = 1.96315322398437
 Δβ/SD[β] = -0.0489303953316955 -0.116116800910411 0.0724990688866672 -0.168380154274326 0.192022668266897 -0.417678426245831
Maximizing likelihood @ n=16×255=4080
 SD[log(ℓ)] = 1.07576571326466
 Δlog(ℓ) = 1.14959268820825
 Δβ/SD[β] = -0.18558578246467 -0.169360503445362 -0.125978121273303 -0.436554658600566 0.0824221309235392 0.186269793104927
Maximizing likelihood @ n=32×255=8160
 SD[log(ℓ)] = 0.756836288467741
 Δlog(ℓ) = -1.07946371361153
 Δβ/SD[β] = 0.0435102969065398 0.108989283557435 0.0107757984733575 0.50332213451075 -0.016574792042137 -0.0955162573256399
Maximizing likelihood @ n=64×255=16320
 SD[log(ℓ)] = 0.532671074722778
 Δlog(ℓ) = -0.443253791646871
 Δβ/SD[β] = 0.00185525061147126 0.00517067418364334 0.000205694753428652 0.0184006739184044 0.0187908547293029 0.00343804696195756
Maximizing likelihood @ n=128×255=32640
 SD[log(ℓ)] = 0.39006698421239
 Δlog(ℓ) = 0.448812333765503
 Δβ/SD[β] = 0.00105549361798475 -0.0209350937804064 -0.00491165233962813 -0.0531163355954767 0.0329849292975116 -0.0165662718418869
Maximizing likelihood @ n=256×255=65280
 SD[log(ℓ)] = 0.292137140780757
 Δlog(ℓ) = 0.174414829489773
 Δβ/SD[β] = 0.0201255867518572 0.0343532132817239 0.0331120582346178 -0.0369815014687601 -0.0106952458165791 -0.0212974925042995
Maximizing likelihood @ n=512×255=130560
 SD[log(ℓ)] = 0.204528100675615
 Δlog(ℓ) = 0.112582154836705
 Δβ/SD[β] = -0.00453451397369487 0.0123884363296723 0.00325353740189327 0.00341530551372857 0.0235981374361608 0.000542860131717247
Maximizing likelihood @ n=1024×255=261120
 SD[log(ℓ)] = 0.153140802323176
 Δlog(ℓ) = 0.140405618736096
 Δβ/SD[β] = -0.00454379183901262 0.0115318681202103 0.0292323827391772 -0.019810886179339 0.0173906202411844 -0.0323444497610849
Maximizing likelihood @ n=2048×255=522240
 SD[log(ℓ)] = 0.112474842366421
 Δlog(ℓ) = 0.0173504896488872
 Δβ/SD[β] = 0 0 0 0 0 0
Maximizing likelihood @ n=4096×255=1044480
 SD[log(ℓ)] = 0.0771401886915397
 Δlog(ℓ) = -0.119732511928905
 Δβ/SD[β] = -0.00831524664813796 0.0174324586662174 0.0166569982340056 -0.00458531433331286 0.00259270963369891 0.028230670487372
Maximizing likelihood @ n=8192×255=2088960
 SD[log(ℓ)] = 0.0556835185550296
 Δlog(ℓ) = 0.0918949913194567
 Δβ/SD[β] = -0.000918018521407019 0.00579275571758597 0.00372375504348957 -0.00698220240663408 -0.00896271440346921 -0.00443520913581186
Maximizing likelihood @ n=16384×255=4177920
 SD[log(ℓ)] = 0.0389801667775698
 Δlog(ℓ) = -0.00950092834980509
 Δβ/SD[β] = 0.000352284209599905 0.00513829875711803 0.0052761808751765 0.00795681463646712 0.00798814230620979 0.00554626148515681
Maximizing likelihood @ n=32768×255=8355840
 SD[log(ℓ)] = 0.0277590149651338
 Δlog(ℓ) = 0.0698025734141545
 Δβ/SD[β] = -0.00197781427914319 0.00390535517257717 0.00655324325996643 -0.00849413504599341 -0.00544509363063525 -0.0108968058610134
Maximizing likelihood @ n=65536×255=16711680
 SD[log(ℓ)] = 0.019623854019403
 Δlog(ℓ) = 0.0113455215208482
 Δβ/SD[β] = 0.0406743956380097 0.0572293051206894 0.0257529619215213 -0.0210288059719883 -0.00183190711061518 0.0111589551464163
Calculating Hessian
Maximizing likelihood @ n=1×255=255
 SD[log(ℓ)] = 2.49793338990117
 Δlog(ℓ) = Inf
 Δβ/SD[β] = -0.524092954244761 0.121733400846733 0.204193070170151 -1.08270102411661 0.766643575616646 -0.409021183738565
Maximizing likelihood @ n=2×255=510
 SD[log(ℓ)] = 2.28027587295844
 Δlog(ℓ) = 4.53223346516813
 Δβ/SD[β] = 2.90197878463102 0.189872722083412 -0.705747152801161 -1.29019203976353 0.85600207277188 -0.303252161302655
Maximizing likelihood @ n=4×255=1020
 SD[log(ℓ)] = 1.7339246173362
 Δlog(ℓ) = 1.8788397773629
 Δβ/SD[β] = 0.0878793840688027 -0.245138369323545 -0.0581811658684787 -0.0278464731176186 0.0993431643949963 -0.105824613952211
Maximizing likelihood @ n=8×255=2040
 SD[log(ℓ)] = 1.36112895603666
 Δlog(ℓ) = 1.56696476332035
 Δβ/SD[β] = 3.67901225698133 0.00318378052747975 -0.946182480901979 -0.714830281912803 -0.00140044031522057 0.148974444481394
Maximizing likelihood @ n=16×255=4080
 SD[log(ℓ)] = 1.31805523156788
 Δlog(ℓ) = 8.29274301363709
 Δβ/SD[β] = 23.5321354275934 -4.44066170215644 -0.263307510831291 -0.973961548858794 0.32427485964953 0.830289731669365
Maximizing likelihood @ n=32×255=8160
 SD[log(ℓ)] = 1.26331237647688
 Δlog(ℓ) = 3.10487872993237
 Δβ/SD[β] = 1.80212894765742 -1.74764158827322 0.22188763452106 -0.963272279093639 0.455435335603202 0.324000655217312
Maximizing likelihood @ n=64×255=16320
 SD[log(ℓ)] = 1.03510264805462
 Δlog(ℓ) = 0.915503071244011
 Δβ/SD[β] = 0.0424514845911426 -0.120594136091208 0.049275669044181 -0.0527167462162915 0.0114586581695379 -0.0760199806520502
Maximizing likelihood @ n=128×255=32640
 SD[log(ℓ)] = 0.838552842062093
 Δlog(ℓ) = 0.892370607383711
 Δβ/SD[β] = 0.0335906481634935 -0.0880817836590796 0.130882094082372 -0.049972926933012 0.0210875264936816 -0.332547007913116
Maximizing likelihood @ n=256×255=65280
 SD[log(ℓ)] = 0.648653214064168
 Δlog(ℓ) = 1.21901782619214
 Δβ/SD[β] = 0.0812831504755837 -0.135538070054153 -0.0479570242281121 -0.432745353916998 0.0954062776987947 -0.365077544692732
Maximizing likelihood @ n=512×255=130560
 SD[log(ℓ)] = 0.514882713401626
 Δlog(ℓ) = -0.324320502985223
 Δβ/SD[β] = -0.0898174534486008 0.122558829267569 0.0109066971358128 0.274416888301872 -0.00612924714630944 -0.108955615574535
Maximizing likelihood @ n=1024×255=261120
 SD[log(ℓ)] = 0.37969377609201
 Δlog(ℓ) = 0.0553128435620422
 Δβ/SD[β] = -0.0247428179207309 -0.0640747871901856 0.021585414118653 -0.0328582717430649 0.022517681079431 -0.0493766616838798
Maximizing likelihood @ n=2048×255=522240
 SD[log(ℓ)] = 0.303279871305622
 Δlog(ℓ) = 0.306563596075648
 Δβ/SD[β] = 0.111937612313131 -0.0921171827352506 0.197997218734316 -0.0242970543448671 0.123358243721538 -0.349650677958233
Maximizing likelihood @ n=4096×255=1044480
 SD[log(ℓ)] = 0.214150323625829
 Δlog(ℓ) = 0.0188599002248822
 Δβ/SD[β] = -0.0308165256969065 -0.030189915742012 0.00525456545684395 -0.0312127371220695 0.00217077072232069 -0.0290870942491748
Maximizing likelihood @ n=8192×255=2088960
 SD[log(ℓ)] = 0.185948717564551
 Δlog(ℓ) = 0.237261900884512
 Δβ/SD[β] = 0.102265359644152 -0.0694115357669194 0.00668633049741666 -0.106706089190995 0.0487412166793774 -0.0265796992146651
Maximizing likelihood @ n=16384×255=4177920
 SD[log(ℓ)] = 0.15784863288046
 Δlog(ℓ) = -0.0682181768908592
 Δβ/SD[β] = 0.00392431593353727 -0.0169225077235105 -0.0170719995102167 0.0502204622638124 0.0337026383467625 -0.00707112428320944
Maximizing likelihood @ n=32768×255=8355840
 SD[log(ℓ)] = 0.115060189110816
 Δlog(ℓ) = 0.0597820329711851
 Δβ/SD[β] = -0.0112874191669599 -0.0131049735864941 -0.00332741982200314 -0.00655311702848922 -0.00979279236645915 0.00235855684035534
Maximizing likelihood @ n=65536×255=16711680
 SD[log(ℓ)] = 0.0859895786902269
 Δlog(ℓ) = -0.062824634708349
 Δβ/SD[β] = 0.0237584692810305 -0.00795296308295417 -0.0018796845338367 0.0231488090878008 -0.011117908310851 -0.00266703040514676
Calculating Hessian
There were 15 warnings (use warnings() to see them)
Script complete
Fri Nov 15 23:26:40 MST 2024
