Wed Nov 20 18:46:52 MST 2024
Initiating script
── Attaching core tidyverse packages ──────────────────────── tidyverse 2.0.0 ──
✔ dplyr     1.1.4     ✔ readr     2.1.5
✔ forcats   1.0.0     ✔ stringr   1.5.1
✔ ggplot2   3.5.1     ✔ tibble    3.2.1
✔ lubridate 1.9.3     ✔ tidyr     1.3.1
✔ purrr     1.0.2     
── Conflicts ────────────────────────────────────────── tidyverse_conflicts() ──
✖ ggplot2::annotate() masks ctmm::annotate()
✖ dplyr::filter()     masks stats::filter()
✖ dplyr::lag()        masks stats::lag()
ℹ Use the conflicted package (<http://conflicted.r-lib.org/>) to force all conflicts to become errors
Linking to GEOS 3.9.5, GDAL 3.8.5, PROJ 9.4.0; sf_use_s2() is TRUE
Loading required package: sp

Attaching package: ‘raster’

The following object is masked from ‘package:dplyr’:

    select

The following objects are masked from ‘package:ctmm’:

    projection, projection<-

terra 1.7.78

Attaching package: ‘terra’

The following object is masked from ‘package:tidyr’:

    extract

The following objects are masked from ‘package:ctmm’:

    distance, meta

[1] "/home/u15/mmercer3/proj/habitat_analysis_class/Final/Model_Fit_Results/roads_30/Shannan_rr.Rda"
     [,1]                                
[1,] "Data loaded at 2024-11-20 18:47:06"
Default grid size of 52.4958333333333 minutes chosen for bandwidth(...,fast=TRUE).
Some rasters are not loaded in RAM and may be slow to process. See help("raster::readAll").
Maximizing likelihood @ n=1×1333=1333
 SD[log(ℓ)] = 15.1626544260052
 Δlog(ℓ) = Inf
 Δβ/SD[β] = -1.35568235155866 0.238143608500454 -1.48809537474958 -0.307487241683753 0.463804953219374 -1.12020006742479 1.14265809129783 0.302923614144238
Maximizing likelihood @ n=2×1333=2666
 SD[log(ℓ)] = 14.4001366662195
 Δlog(ℓ) = 99.4947745548175
 Δβ/SD[β] = 1.87295737962357 -0.0302509014989524 -0.925697965324494 -0.959875754650084 0.835998209891911 0.590911805041576 0.546352728170509 0.781782534236498
Maximizing likelihood @ n=4×1333=5332
 SD[log(ℓ)] = 11.9866398060603
 Δlog(ℓ) = 74.4728874773617
 Δβ/SD[β] = 0.738557294327186 0.110260280406943 -0.247293868853763 -0.243846928446685 0.293157164654425 -0.157172930766957 0.167685625318281 0.17887474096384
Maximizing likelihood @ n=8×1333=10664
 SD[log(ℓ)] = 9.00739855004372
 Δlog(ℓ) = 13.5718575371599
 Δβ/SD[β] = 1.11197180003168 0.105076379914515 -0.0317568021002969 -0.0521841517804365 0.0722630592492344 0.189228277198863 0.0130088851857457 0.0057644111653727
Maximizing likelihood @ n=16×1333=21328
 SD[log(ℓ)] = 6.9489455397366
 Δlog(ℓ) = 27.972997224605
 Δβ/SD[β] = 0.2663812948586 -0.165704508092649 -0.118346297936521 -0.118267017989683 0.10766104792535 -0.0133718254322162 0.0404387556366039 0.130727121253138
Maximizing likelihood @ n=32×1333=42656
 SD[log(ℓ)] = 5.11852816163723
 Δlog(ℓ) = -0.427139384497309
 Δβ/SD[β] = 0.0372702104662337 0.00159515554301385 0.00243953442803229 0.007478217134095 -0.0156080021117103 0.0127987791884318 0.0163181981572292 -0.0356812747850186
Maximizing likelihood @ n=64×1333=85312
 SD[log(ℓ)] = 3.72973357733466
 Δlog(ℓ) = 1.53207680888949
 Δβ/SD[β] = 0.100710621005597 -0.00535048499515185 0.01799803945703 0.0224995726978005 -0.034559876794207 0.0127188348738163 -0.00401851462064558 0.0181384480178344
Maximizing likelihood @ n=128×1333=170624
 SD[log(ℓ)] = 2.71122735262869
 Δlog(ℓ) = 2.14183359012742
 Δβ/SD[β] = 0.0689922619943757 -0.0114214961012266 -0.00941091029654135 -0.0124891109594767 0.0150489610509367 -0.0358210160535337 -0.00964269713229623 -0.00774967280225165
Maximizing likelihood @ n=256×1333=341248
 SD[log(ℓ)] = 1.93464778500578
 Δlog(ℓ) = 0.651671951752064
 Δβ/SD[β] = 0.0798819229087768 0.0175829795065971 -0.0217757134934689 -0.0232404099336752 0.0162037569529861 0.00852351239581883 -0.00227732963122132 0.0267152130500616
Maximizing likelihood @ n=512×1333=682496
 SD[log(ℓ)] = 1.37517792900259
 Δlog(ℓ) = 0.739608311930226
 Δβ/SD[β] = 0.0149603792758946 -0.00816978180729986 -0.00725002022007996 -0.00965218787487209 0.0117460634776017 -0.00314124273817298 0.00211772105699032 0.00853651052707161
Maximizing likelihood @ n=1024×1333=1364992
 SD[log(ℓ)] = 1.02780489224964
 Δlog(ℓ) = -1.53375134358527
 Δβ/SD[β] = 0.223729235337145 0.0385199205833326 0.132237953653482 0.227007459084735 -0.0698674353607353 0.236755505434832 -0.0291972952512486 -0.159130952490595
Maximizing likelihood @ n=2048×1333=2729984
 SD[log(ℓ)] = 0.840559672695729
 Δlog(ℓ) = 0.249354836607324
 Δβ/SD[β] = 0.120561339071713 0.0448693767583331 0.212541166539757 0.130690893838109 -0.130172764485625 0.0817503128073217 0.0228058918786932 -0.292119778862784
Maximizing likelihood @ n=4096×1333=5459968
 SD[log(ℓ)] = 0.573696079889515
 Δlog(ℓ) = 1.16648723439187
 Δβ/SD[β] = 0.0187812841179985 0.0199599203703972 0.0415458111362007 -0.0248559444640098 0.0130117818509365 -0.00770617538062505 -0.010096568743927 0.0200756098412014
Maximizing likelihood @ n=8192×1333=10919936
 SD[log(ℓ)] = 0.402830066001414
 Δlog(ℓ) = -0.247072608877886
 Δβ/SD[β] = 0.0630130999818705 -0.059688205708554 -0.0612367127222708 -0.00870012794339219 0.0658170345209839 0.0196433282465839 -0.0458798280334995 0.0750099444459923
Maximizing likelihood @ n=16384×1333=21839872
 SD[log(ℓ)] = 0.277593590344322
 Δlog(ℓ) = 0.520683182806238
 Δβ/SD[β] = 0.0134072050222221 0.018487442293204 0.0068289455201804 -0.0510172752653807 -0.00783735556906766 0.0145179802292577 0.0142575513601838 0.0218077059994029
Calculating Hessian
Warning message:
In rsf.fit(individual, individual_akde, R = R, max.mem = "2 Gb") :
  Calculation stopped before 2.6 Gb allocation.
Script complete
Wed Nov 20 19:35:39 MST 2024
