Wed Nov 20 20:42:33 MST 2024
Initiating script
── Attaching core tidyverse packages ──────────────────────── tidyverse 2.0.0 ──
✔ dplyr     1.1.4     ✔ readr     2.1.5
✔ forcats   1.0.0     ✔ stringr   1.5.1
✔ ggplot2   3.5.1     ✔ tibble    3.2.1
✔ lubridate 1.9.3     ✔ tidyr     1.3.1
✔ purrr     1.0.2     
── Conflicts ────────────────────────────────────────── tidyverse_conflicts() ──
✖ ggplot2::annotate() masks ctmm::annotate()
✖ dplyr::filter()     masks stats::filter()
✖ dplyr::lag()        masks stats::lag()
ℹ Use the conflicted package (<http://conflicted.r-lib.org/>) to force all conflicts to become errors
Linking to GEOS 3.9.5, GDAL 3.8.5, PROJ 9.4.0; sf_use_s2() is TRUE
Loading required package: sp

Attaching package: ‘raster’

The following object is masked from ‘package:dplyr’:

    select

The following objects are masked from ‘package:ctmm’:

    projection, projection<-

terra 1.7.78

Attaching package: ‘terra’

The following object is masked from ‘package:tidyr’:

    extract

The following objects are masked from ‘package:ctmm’:

    distance, meta

[1] "/home/u15/mmercer3/proj/habitat_analysis_class/Final/Model_Fit_Results/roads_1500/Hal_rr.Rda"
     [,1]                                
[1,] "Data loaded at 2024-11-20 20:42:44"
Some rasters are not loaded in RAM and may be slow to process. See help("raster::readAll").
Maximizing likelihood @ n=1×548=548
 SD[log(ℓ)] = 3.56581118881969
 Δlog(ℓ) = Inf
 Δβ/SD[β] = 0.510955634168671 0.144888193166648 0.985895206584051 0.193433562959892 0.236221474236378 -1.12637109899019 -0.460848320119382 0.0792732507856529
Maximizing likelihood @ n=2×548=1096
 SD[log(ℓ)] = 3.04941555616688
 Δlog(ℓ) = 3.70226089013156
 Δβ/SD[β] = 0.0546029382068501 0.105766931816045 0.369588106124839 0.297032351892712 0.169825987025327 -0.40103382724986 0.150966844945767 0.238691491550504
Maximizing likelihood @ n=4×548=2192
 SD[log(ℓ)] = 2.72618885902254
 Δlog(ℓ) = 8.45806486429588
 Δβ/SD[β] = 0.892497303562154 -0.420963322320854 0.982509849163147 1.27907119063309 1.20508083084858 0.243153183704866 0.419452939390625 1.89778731635245
Maximizing likelihood @ n=8×548=4384
 SD[log(ℓ)] = 2.00985557180345
 Δlog(ℓ) = 0.509106270769855
 Δβ/SD[β] = 0.012051726305756 -0.0860988620238493 0.107679470253651 0.10029901948495 0.110513728907805 0.0304849586373157 0.0117392532822198 0.211734995173439
Maximizing likelihood @ n=16×548=8768
 SD[log(ℓ)] = 1.54401708318469
 Δlog(ℓ) = 1.03967497222237
 Δβ/SD[β] = 0.0755409146465247 -0.0451357786169191 0.0897316897907181 0.0838254058767398 0.119358498719361 0.0228117542992646 0.0634640847494874 0.0812349865182728
Maximizing likelihood @ n=32×548=17536
 SD[log(ℓ)] = 1.17368851095829
 Δlog(ℓ) = 1.74926924706621
 Δβ/SD[β] = 0.00533252335350266 -0.026297074461562 0.0855922816192704 0.0974322741811155 0.0935969768138938 -0.0134914641336448 0.0349279737631014 0.0698196442735974
Maximizing likelihood @ n=64×548=35072
 SD[log(ℓ)] = 0.846396653270689
 Δlog(ℓ) = -0.184414457302552
 Δβ/SD[β] = 0.0130437137169107 0.0110416808277605 0.00258700575754075 0.00417450454259692 -0.00679538781285165 0.0226457676721857 0.0102305198497739 0.0301588274931725
Maximizing likelihood @ n=128×548=70144
 SD[log(ℓ)] = 0.648546274273475
 Δlog(ℓ) = -0.322048407103651
 Δβ/SD[β] = -0.000729329473260333 -0.034911919144296 0.00280992433692172 -0.0108578738106376 0.017935954914684 0.0379420316297804 0.0104954820514939 -0.0291034514178618
Maximizing likelihood @ n=256×548=140288
 SD[log(ℓ)] = 0.444348035989509
 Δlog(ℓ) = -0.0433757561674213
 Δβ/SD[β] = -0.00352339717922712 0.046261247381609 -0.0744979284721976 -0.0441177164744593 -0.00076281112137364 0.0525980653196629 -0.0186287316562801 0.0516977318130509
Maximizing likelihood @ n=512×548=280576
 SD[log(ℓ)] = 0.323050564925023
 Δlog(ℓ) = -0.578193599460576
 Δβ/SD[β] = 0 0 0 0 0 0 0 0
Maximizing likelihood @ n=1024×548=561152
 SD[log(ℓ)] = 0.217473568497236
 Δlog(ℓ) = -0.0267116125389251
 Δβ/SD[β] = 0.260130466142186 0.0946004520829546 0.149743833786707 0.0884604733701666 0.0283754045463032 0.669907344052325 0.0291662063326894 0.191452959727188
Maximizing likelihood @ n=2048×548=1122304
 SD[log(ℓ)] = 0.152622025832407
 Δlog(ℓ) = -0.124895822382662
 Δβ/SD[β] = 0.0228544107403715 0.0222123030564387 0.0151560758109254 -0.0220340475164569 0.00701322450976753 0.0182948236878393 -0.0150298570435244 -0.0169485728216153
Maximizing likelihood @ n=4096×548=2244608
 SD[log(ℓ)] = 0.109260446515565
 Δlog(ℓ) = 0.0248829945815956
 Δβ/SD[β] = 0.0085882160601328 -0.009746317140692 -0.0124428330818265 0.00110830778319028 0.0105366041107017 0.00649988493917711 -0.00417618190927972 6.50579983249356e-06
Maximizing likelihood @ n=8192×548=4489216
 SD[log(ℓ)] = 0.0776610905415098
 Δlog(ℓ) = 0.0546615526063903
 Δβ/SD[β] = 0.0321363618585579 -0.00711495895986796 0.0238867589397285 0.00426621392741466 0.0381833298897016 0.0294562372728803 0.00265572670113177 -0.0412684775089428
Maximizing likelihood @ n=16384×548=8978432
 SD[log(ℓ)] = 0.055421013050481
 Δlog(ℓ) = -0.0448772272830666
 Δβ/SD[β] = 0.0140156655097245 -0.00897322070758617 -0.0152997860768223 0.0112071831991244 -0.000343825717249016 0.0124064960661971 0.0093300873534106 0.00773269631240386
Maximizing likelihood @ n=32768×548=17956864
 SD[log(ℓ)] = 0.0389433392813916
 Δlog(ℓ) = 0.0349788382295841
 Δβ/SD[β] = 0.00939826703912345 0.00182314236751168 0.0145978374372959 0.00169153872389856 -0.00635485185966178 0.0175102593474078 -0.000996714042056712 -0.0059556253317923
Calculating Hessian
Warning message:
In rsf.fit(individual, individual_akde, R = R, max.mem = "2 Gb") :
  Calculation stopped before 2.1 Gb allocation.
Script complete
Wed Nov 20 21:22:37 MST 2024
