Sat Nov 16 04:30:33 MST 2024
Initiating script
── Attaching core tidyverse packages ──────────────────────── tidyverse 2.0.0 ──
✔ dplyr     1.1.4     ✔ readr     2.1.5
✔ forcats   1.0.0     ✔ stringr   1.5.1
✔ ggplot2   3.5.1     ✔ tibble    3.2.1
✔ lubridate 1.9.3     ✔ tidyr     1.3.1
✔ purrr     1.0.2     
── Conflicts ────────────────────────────────────────── tidyverse_conflicts() ──
✖ ggplot2::annotate() masks ctmm::annotate()
✖ dplyr::filter()     masks stats::filter()
✖ dplyr::lag()        masks stats::lag()
ℹ Use the conflicted package (<http://conflicted.r-lib.org/>) to force all conflicts to become errors
Linking to GEOS 3.9.5, GDAL 3.8.5, PROJ 9.4.0; sf_use_s2() is TRUE
Loading required package: sp

Attaching package: ‘raster’

The following object is masked from ‘package:dplyr’:

    select

The following objects are masked from ‘package:ctmm’:

    projection, projection<-

terra 1.7.78

Attaching package: ‘terra’

The following object is masked from ‘package:tidyr’:

    extract

The following objects are masked from ‘package:ctmm’:

    distance, meta

[1] "/home/u15/mmercer3/proj/habitat_analysis_class/Final/Model_Fit_Results/Sylvia_rr.Rda"
     [,1]                                
[1,] "Data loaded at 2024-11-16 04:30:43"
Reading layer `major' from data source 
  `/home/u15/mmercer3/proj/habitat_analysis_class/Final/Major_Roads' 
  using driver `ESRI Shapefile'
Simple feature collection with 411 features and 7 fields
Geometry type: LINESTRING
Dimension:     XY
Bounding box:  xmin: 477946 ymin: 3545735 xmax: 511807.9 ymax: 3592212
Projected CRS: WGS 84 / UTM zone 12N
     [,1]                                 
[1,] "Roads loaded at 2024-11-16 04:30:43"
Default grid size of 48.06 minutes chosen for bandwidth(...,fast=TRUE).
|---------|---------|---------|---------|=========================================                                          [1] 1681968
[1] 1681968
Starting buffer 30 
Maximizing likelihood @ n=1×1785=1785
 SD[log(ℓ)] = 11.816862530399
 Δlog(ℓ) = Inf
 Δβ/SD[β] = -0.273855369282453 -0.0552394177200673 -0.0711495345173401 -1.23462807315505 0.983746884473694 0.0767973164087525
Maximizing likelihood @ n=2×1785=3570
 SD[log(ℓ)] = 9.80209806888208
 Δlog(ℓ) = 52.5974901830838
 Δβ/SD[β] = -0.127836340606699 0.0988846432956346 -0.498919654075785 -0.242239638240901 0.21685781684494 -0.107210222622102
Maximizing likelihood @ n=4×1785=7140
 SD[log(ℓ)] = 7.68912137303658
 Δlog(ℓ) = 27.6590441774658
 Δβ/SD[β] = -3.22306374641342 0.209109799518055 -0.36489909412533 -0.101952720657132 0.125347453155281 0.764616158232075
Maximizing likelihood @ n=8×1785=14280
 SD[log(ℓ)] = 6.46718166202059
 Δlog(ℓ) = 45.6180784456348
 Δβ/SD[β] = -13.2860094459669 -3.59249172775789 -1.0286903083901 -0.47228398447367 -0.793003287227784 -1.36227477980153
Maximizing likelihood @ n=16×1785=28560
 SD[log(ℓ)] = 4.8811535485058
 Δlog(ℓ) = 7.43193678475507
 Δβ/SD[β] = -0.58474625312159 0.0707614326315364 -0.250977394728809 -0.617236673004755 0.349320678167611 -0.0264526429848664
Maximizing likelihood @ n=32×1785=57120
 SD[log(ℓ)] = 3.69168560992642
 Δlog(ℓ) = 6.81207605428881
 Δβ/SD[β] = 0.150706848252452 0.479537507678498 -0.295237253512039 -0.487498975171369 0.222442747744842 0.232108743373096
Maximizing likelihood @ n=64×1785=114240
 SD[log(ℓ)] = 2.70503251753563
 Δlog(ℓ) = 8.66328750633858
 Δβ/SD[β] = -0.168588670672548 -0.0731668141019862 0.0589224611628065 -0.790625636377252 0.113853265122354 0.149116583340986
Maximizing likelihood @ n=128×1785=228480
 SD[log(ℓ)] = 1.93584512087397
 Δlog(ℓ) = 5.14354194744072
 Δβ/SD[β] = 0.0901702517764806 -0.301847557680762 0.0347640145313296 -0.348613991800403 0.22050783307951 -0.0371612142666347
Maximizing likelihood @ n=256×1785=456960
 SD[log(ℓ)] = 1.3731379190862
 Δlog(ℓ) = 1.4156705288176
 Δβ/SD[β] = -0.0883619838691386 -0.156238140831375 -0.186439175849476 -0.085821835431284 0.085089934259784 0.0752884966648015
Maximizing likelihood @ n=512×1785=913920
 SD[log(ℓ)] = 0.977746197354652
 Δlog(ℓ) = -0.956750959806925
 Δβ/SD[β] = 0.135098222387643 -0.108467687864626 0.0500396653428208 -0.200917481592129 -0.034751382081852 0.110887696779235
Maximizing likelihood @ n=1024×1785=1827840
 SD[log(ℓ)] = 0.691686748008452
 Δlog(ℓ) = 0.0544783425318087
 Δβ/SD[β] = 0 0 0 0 0 0
Maximizing likelihood @ n=2048×1785=3655680
 SD[log(ℓ)] = 0.496659005184309
 Δlog(ℓ) = -0.189451857722588
 Δβ/SD[β] = -0.0162912989957525 0.0115109757092203 -0.0349186269065359 -0.066622574206392 0.0359169265899969 0.0356059204189442
Maximizing likelihood @ n=4096×1785=7311360
 SD[log(ℓ)] = 0.356277732764229
 Δlog(ℓ) = -0.168729497419349
 Δβ/SD[β] = 0.0372327471829559 -0.0227336300918525 0.000448395258982866 0.0284080156804601 -0.013552769511646 0.0124912875824916
Maximizing likelihood @ n=8192×1785=14622720
 SD[log(ℓ)] = 0.257602373353942
 Δlog(ℓ) = -0.25449663921961
 Δβ/SD[β] = 0.0195368342586139 -0.0151225449165173 0.0109850040071343 0.023566919276229 0.0210394981392026 0.0170942899702721
Calculating Hessian
Maximizing likelihood @ n=1×1785=1785
 SD[log(ℓ)] = 12.2466110245877
 Δlog(ℓ) = Inf
 Δβ/SD[β] = 0.505223340551026 -0.0246949670354286 -0.135000454195447 -1.24920522168063 1.11406232760743 0.105303315150937
Maximizing likelihood @ n=2×1785=3570
 SD[log(ℓ)] = 10.1992850005394
 Δlog(ℓ) = 60.46110027213
 Δβ/SD[β] = 8.67862765491007 -0.367232751985072 0.23404029987245 -0.261112452558557 0.170998604902623 0.112671802031817
Maximizing likelihood @ n=4×1785=7140
 SD[log(ℓ)] = 8.19313495549501
 Δlog(ℓ) = 24.2480114586108
 Δβ/SD[β] = 0.836726847282351 -1.38720633533571 -0.492147164503696 -0.0438893915660284 0.0545697538968469 -0.081090753540698
Maximizing likelihood @ n=8×1785=14280
 SD[log(ℓ)] = 6.40690150657445
 Δlog(ℓ) = 23.2189767727349
 Δβ/SD[β] = 0.593170725307019 -0.0610149811749009 -0.0976835071849137 -1.72154544972034 0.458582090939162 0.045333504350665
Maximizing likelihood @ n=16×1785=28560
 SD[log(ℓ)] = 4.85438874060741
 Δlog(ℓ) = 15.0960152668173
 Δβ/SD[β] = 0.340717648869424 0.436752687936836 -0.40966423606857 -1.4934654224344 0.26134331159028 -0.0908063959676612
Maximizing likelihood @ n=32×1785=57120
 SD[log(ℓ)] = 3.57303480013214
 Δlog(ℓ) = -1.01120223799626
 Δβ/SD[β] = 0.352535911247844 0.418555625724143 -0.63330619925633 0.23336495487923 0.0139218560554279 -0.513876850907623
Maximizing likelihood @ n=64×1785=114240
 SD[log(ℓ)] = 2.62118734963216
 Δlog(ℓ) = 3.24775009180627
 Δβ/SD[β] = -0.0426031544165259 -0.240907632972937 -0.258566750073492 0.131521810754381 0.168715762726005 0.145262946419322
Maximizing likelihood @ n=128×1785=228480
 SD[log(ℓ)] = 1.87821749994518
 Δlog(ℓ) = 5.72959785706303
 Δβ/SD[β] = 0.0027202129465561 0.0871130845193726 -0.0863140986352163 -0.468749721413331 0.00884063311389728 -0.0133031223808921
Maximizing likelihood @ n=256×1785=456960
 SD[log(ℓ)] = 1.35135714394505
 Δlog(ℓ) = 2.08942309650274
 Δβ/SD[β] = 0.22809828089033 0.0510332362397674 -0.0493725141873427 -0.0416491918842349 0.0550697503749434 -0.0301073291838421
Maximizing likelihood @ n=512×1785=913920
 SD[log(ℓ)] = 0.952491898044961
 Δlog(ℓ) = 0.107091112936189
 Δβ/SD[β] = 0.121029645355815 0.0589265634575948 -0.12120700914432 -0.0229741332527733 -0.0154375945598326 0.0845249169031805
Maximizing likelihood @ n=1024×1785=1827840
 SD[log(ℓ)] = 0.676852788756054
 Δlog(ℓ) = 0.0782616231247175
 Δβ/SD[β] = 0.02914220032987 0.000890038447968055 -0.0297114734846652 0.0459917610259329 0.0126031970315182 -0.00357061874852928
Maximizing likelihood @ n=2048×1785=3655680
 SD[log(ℓ)] = 0.489237708472007
 Δlog(ℓ) = 0.231255688241333
 Δβ/SD[β] = -0.0299873438145415 0.0610758464333303 -0.129143723656422 0.00807545763650297 0.0684478204131638 0.0315902631063018
Maximizing likelihood @ n=4096×1785=7311360
 SD[log(ℓ)] = 0.345493662726262
 Δlog(ℓ) = -0.451428299305405
 Δβ/SD[β] = -0.000734122616797314 0.0223387890211958 -0.00967282824377686 0.0127631866837349 -0.0458934796603271 -0.00598225027082613
Maximizing likelihood @ n=8192×1785=14622720
 SD[log(ℓ)] = 0.247440565457376
 Δlog(ℓ) = -0.513022876446541
 Δβ/SD[β] = -0.0222931084545855 0.0150640873510876 -0.0125228517042173 0.0249933843618973 -0.000496462452695712 -0.00758723996347917
Calculating Hessian
Maximizing likelihood @ n=1×1785=1785
 SD[log(ℓ)] = 12.2327438390904
 Δlog(ℓ) = Inf
 Δβ/SD[β] = 0.371133013495837 -0.0502086960342805 -0.122734414237385 -1.22852038104446 1.06339909949736 0.0982166392841108
Maximizing likelihood @ n=2×1785=3570
 SD[log(ℓ)] = 9.82798714285087
 Δlog(ℓ) = 44.6463298385061
 Δβ/SD[β] = 0.502712626918702 0.0254668934640638 0.00140670876855159 -0.26775222720112 0.224438075599218 0.0894636103603916
Maximizing likelihood @ n=4×1785=7140
 SD[log(ℓ)] = 7.8728332530919
 Δlog(ℓ) = 34.3723251123201
 Δβ/SD[β] = 2.91203369005034 0.0944577086399769 -0.284959619990266 -0.162448221571667 0.115194456484575 0.439295246863132
Maximizing likelihood @ n=8×1785=14280
 SD[log(ℓ)] = 6.17780948187866
 Δlog(ℓ) = 32.3305153087284
 Δβ/SD[β] = 2.54979830090271 -0.543901892528877 -0.149796499227385 -0.168531842830707 0.0334407779217612 0.0512852658402165
Maximizing likelihood @ n=16×1785=28560
 SD[log(ℓ)] = 4.81849228961423
 Δlog(ℓ) = 12.7292867138361
 Δβ/SD[β] = 2.42062142783852 0.0783544950454233 0.0114276399635255 -0.836918904511153 0.20431361962153 -0.263125228434456
Maximizing likelihood @ n=32×1785=57120
 SD[log(ℓ)] = 3.55711813393894
 Δlog(ℓ) = -1.80110815052757
 Δβ/SD[β] = 0.191495184244828 -0.0208383544850625 0.070360270195545 0.309791283231411 0.0369953534611139 -0.106303868435935
Maximizing likelihood @ n=64×1785=114240
 SD[log(ℓ)] = 2.576793885115
 Δlog(ℓ) = 1.76799314075157
 Δβ/SD[β] = -0.0552397230286625 -0.432027838823478 0.388913370939106 -0.206632425773651 0.142066855864408 -0.00438519305041769
Maximizing likelihood @ n=128×1785=228480
 SD[log(ℓ)] = 1.93756755372842
 Δlog(ℓ) = 0.123875159134741
 Δβ/SD[β] = 0.0381848170492379 -0.0216223291918781 0.0507099884064836 0.0322230199534987 0.00346982813008861 0.0566426163798999
Maximizing likelihood @ n=256×1785=456960
 SD[log(ℓ)] = 1.38884383064096
 Δlog(ℓ) = 1.35548782994277
 Δβ/SD[β] = -0.013570656019984 0.097183580944258 -0.161036846410789 -0.302221952786628 0.0564229327141147 0.062501474007925
Maximizing likelihood @ n=512×1785=913920
 SD[log(ℓ)] = 0.97697875153625
 Δlog(ℓ) = -0.0503544232155377
 Δβ/SD[β] = -0.0172200120067958 -0.00591033279937273 -0.117891988326114 -0.142072996328884 -0.0444097812268661 -0.109731705024897
Maximizing likelihood @ n=1024×1785=1827840
 SD[log(ℓ)] = 0.680985845739285
 Δlog(ℓ) = 0.789102438505552
 Δβ/SD[β] = -0.0366618993533898 0.0890805396916063 -0.0091356194511441 -0.129703414037147 0.0114018047272065 -0.141493915269086
Maximizing likelihood @ n=2048×1785=3655680
 SD[log(ℓ)] = 0.507848635070359
 Δlog(ℓ) = -0.215709914016372
 Δβ/SD[β] = -0.0349659992140563 -0.000880587543852891 -0.0663862110372706 -0.0372463229260546 0.0588850720578065 -0.0385334574914988
Maximizing likelihood @ n=4096×1785=7311360
 SD[log(ℓ)] = 0.350948974622055
 Δlog(ℓ) = 0.29125969414514
 Δβ/SD[β] = -0.0299617364673306 0.00573145339725414 -0.0270146116922634 -0.0566815504754305 -0.0167891710061478 -0.0229006968336345
Maximizing likelihood @ n=8192×1785=14622720
 SD[log(ℓ)] = 0.245807502839145
 Δlog(ℓ) = -0.130568582849207
 Δβ/SD[β] = 0.00856564571531429 0.0116651488839161 -0.0553907281296315 0.0500053942623594 -0.0299498689290101 -0.0542788222934741
Calculating Hessian
Maximizing likelihood @ n=1×1785=1785
 SD[log(ℓ)] = 12.5330538557062
 Δlog(ℓ) = Inf
 Δβ/SD[β] = -0.831510630818115 -0.100401127993798 0.189191413669795 -1.25869943726441 1.04079847005455 0.0846316362430378
Maximizing likelihood @ n=2×1785=3570
 SD[log(ℓ)] = 10.2523900859853
 Δlog(ℓ) = 41.1216911987793
 Δβ/SD[β] = -0.915902624770845 -0.631995011257538 1.2745141959386 0.166875298538513 0.297658379678469 1.10687655158861
Maximizing likelihood @ n=4×1785=7140
 SD[log(ℓ)] = 7.97590303496577
 Δlog(ℓ) = 22.2856877099042
 Δβ/SD[β] = -3.24982011929256 -3.20625939614342 3.26292764976324 1.86797157374072 1.72598374216485 1.41909898231379
Maximizing likelihood @ n=8×1785=14280
 SD[log(ℓ)] = 6.12669101036193
 Δlog(ℓ) = 15.1800956707052
 Δβ/SD[β] = -0.382503818943311 0.273774605256528 0.295106915828964 -0.37838735392629 0.5533645622989 -0.0209138689871663
Maximizing likelihood @ n=16×1785=28560
 SD[log(ℓ)] = 4.51160063939462
 Δlog(ℓ) = 2.27381914089665
 Δβ/SD[β] = -0.425961597934326 -0.681654899075126 0.634722275512208 -0.00890265131818081 0.0317327043736479 0.828102260639029
Maximizing likelihood @ n=32×1785=57120
 SD[log(ℓ)] = 3.47681535699287
 Δlog(ℓ) = 9.64661116370934
 Δβ/SD[β] = -0.276221024375297 -0.180469500237533 0.21321688433056 -0.422071332221712 0.349539228342255 -0.0883322736136846
Maximizing likelihood @ n=64×1785=114240
 SD[log(ℓ)] = 2.51239116573827
 Δlog(ℓ) = 5.04458684466118
 Δβ/SD[β] = 0.0803659416775161 -0.0860980747600202 -0.0351981997724582 -0.391436276891018 0.212719900104257 0.310274447028293
Maximizing likelihood @ n=128×1785=228480
 SD[log(ℓ)] = 1.80795315253443
 Δlog(ℓ) = 3.60087799969045
 Δβ/SD[β] = -0.121763090296479 -0.143235063206523 0.13846601355844 -0.426125709247459 0.0556305663969037 0.203611857923609
Maximizing likelihood @ n=256×1785=456960
 SD[log(ℓ)] = 1.3934423534785
 Δlog(ℓ) = 1.05661505958284
 Δβ/SD[β] = 0.0656163532352505 0.159107686542558 -0.0330847625572582 0.199776723270104 0.0367094073477094 0.212543016557168
Maximizing likelihood @ n=512×1785=913920
 SD[log(ℓ)] = 0.982552380458747
 Δlog(ℓ) = -0.771302926374517
 Δβ/SD[β] = -0.0120508777188853 0.0195449315375357 -0.0270491617068551 0.023897186151291 0.0484838651859577 -0.0493393576996229
Maximizing likelihood @ n=1024×1785=1827840
 SD[log(ℓ)] = 0.764466829446458
 Δlog(ℓ) = 0.204256804319641
 Δβ/SD[β] = 0.0275609203790405 -0.00510686494694261 0.00380031388157855 -0.00508001862483506 0.0001253442113418 0.00672345619865252
Maximizing likelihood @ n=2048×1785=3655680
 SD[log(ℓ)] = 0.548659187727039
 Δlog(ℓ) = 0.910676620256538
 Δβ/SD[β] = -0.0195935658831183 -0.012015497380027 0.00479262164472364 -0.043879635993062 -0.0415109981897015 0.0587673784855188
Maximizing likelihood @ n=4096×1785=7311360
 SD[log(ℓ)] = 0.365729469341463
 Δlog(ℓ) = 0.383842190296036
 Δβ/SD[β] = 0.0221009355019845 -0.0314947240068952 0.0243838821195883 -0.0278410739178416 0.0372578183724188 0.0304776343401221
Maximizing likelihood @ n=8192×1785=14622720
 SD[log(ℓ)] = 0.251154015991694
 Δlog(ℓ) = 0.168556020416133
 Δβ/SD[β] = -0.0569057846873524 -0.0323635509127931 -0.0169848435165178 -0.0407344611214317 0.0151263910001503 0.0183825170916135
Calculating Hessian
Starting buffer 750 
Maximizing likelihood @ n=1×1785=1785
 SD[log(ℓ)] = 12.3908519041615
 Δlog(ℓ) = Inf
 Δβ/SD[β] = -2.57204332552354 -4.46676912734458 -2.33035614185194 -53.4479911253323 10.2045421368534 2.25370616576877
Maximizing likelihood @ n=2×1785=3570
 SD[log(ℓ)] = 10.1438582455369
 Δlog(ℓ) = 43.5262353611572
 Δβ/SD[β] = 0.00671565522404 0.0563523386487893 -0.0814267593992863 -0.190045591350647 0.248783280115303 0.0738177748475695
Maximizing likelihood @ n=4×1785=7140
 SD[log(ℓ)] = 7.86550894885764
 Δlog(ℓ) = 22.2580668295207
 Δβ/SD[β] = 0.0243130243215927 0.309883210407151 0.0214974661777626 -0.0268601004094913 0.118770142783459 0.455603619255645
Maximizing likelihood @ n=8×1785=14280
 SD[log(ℓ)] = 5.94617185301593
 Δlog(ℓ) = 8.63362300119672
 Δβ/SD[β] = -0.01227372219325 0.216495840075302 -0.437698372809621 -0.640437493387632 0.725108620744656 -0.141283803307775
Maximizing likelihood @ n=16×1785=28560
 SD[log(ℓ)] = 4.57217404295935
 Δlog(ℓ) = 14.3684913056462
 Δβ/SD[β] = 0.0147307181991458 0.209052680055474 -0.115739991438529 -0.137937988136221 0.0426926654421944 -0.027073142429329
Maximizing likelihood @ n=32×1785=57120
 SD[log(ℓ)] = 3.59790461813983
 Δlog(ℓ) = -2.92262024108987
 Δβ/SD[β] = 0.269688083240357 -0.255562676197317 0.0846356146529693 0.155573880188337 0.014396728091312 0.0113689526515383
Maximizing likelihood @ n=64×1785=114240
 SD[log(ℓ)] = 2.7171457357168
 Δlog(ℓ) = 5.5622619516995
 Δβ/SD[β] = -0.0774469207504997 0.0452826765329784 0.00175390115907289 -0.083652228902654 0.018138314812724 0.125026570426612
Maximizing likelihood @ n=128×1785=228480
 SD[log(ℓ)] = 2.02546567096467
 Δlog(ℓ) = 3.08428660731505
 Δβ/SD[β] = -0.000679477275192333 0.0128219055687974 0.00953953397206254 -0.0574298582966622 0.00376896969066091 0.00360753977424107
Maximizing likelihood @ n=256×1785=456960
 SD[log(ℓ)] = 1.50152883226013
 Δlog(ℓ) = 2.09829610061462
 Δβ/SD[β] = -0.849480997175412 1.62779426735296 -0.174496372321418 -0.491204166033645 0.039070719426144 -0.495471917893133
Maximizing likelihood @ n=512×1785=913920
 SD[log(ℓ)] = 1.07676510511064
 Δlog(ℓ) = 1.64252736462959
 Δβ/SD[β] = 0.0626975931832707 0.484047395351015 -0.0587325962773169 -0.61887861940646 -0.0277994733155888 -0.262584976784732
Maximizing likelihood @ n=1024×1785=1827840
 SD[log(ℓ)] = 0.721052285944773
 Δlog(ℓ) = 0.241677115777236
 Δβ/SD[β] = -0.0115181537033709 0.00731990752197898 -0.00250048278358711 -0.0552968130223988 0.0267752744213866 0.0131605867103074
Maximizing likelihood @ n=2048×1785=3655680
 SD[log(ℓ)] = 0.491535413678309
 Δlog(ℓ) = 0.947878376457311
 Δβ/SD[β] = -8.7998509813881e-05 0.024742609647449 -0.00049608176463888 -0.00672495660059404 0.0055511113915869 -0.0200112817373944
Maximizing likelihood @ n=4096×1785=7311360
 SD[log(ℓ)] = 0.35031830964316
 Δlog(ℓ) = 0.0791668749890277
 Δβ/SD[β] = -0.0128508834531878 0.00696412757024998 -0.0161346780914093 -0.0568568512626755 -0.0149190039071162 -0.0137168739366942
Maximizing likelihood @ n=8192×1785=14622720
 SD[log(ℓ)] = 0.243785899807914
 Δlog(ℓ) = 0.243247231696614
 Δβ/SD[β] = 0.00311919980460061 0.0394179090197441 0.00781713066881659 -0.0579359569586539 -0.0231238905844443 -0.0267658710159629
Calculating Hessian
Maximizing likelihood @ n=1×1785=1785
 SD[log(ℓ)] = 10.3552104287312
 Δlog(ℓ) = Inf
 Δβ/SD[β] = -0.030118748115316 -0.0525336482310462 -0.15129480046667 -1.28824816173026 0.450482875827974 0.0287307366478058
Maximizing likelihood @ n=2×1785=3570
 SD[log(ℓ)] = 9.64825869741776
 Δlog(ℓ) = 50.6366949917819
 Δβ/SD[β] = 0.307900725609951 -0.365530093866701 0.0966480753581227 -0.123219817580161 0.623936280535012 0.370613528597242
Maximizing likelihood @ n=4×1785=7140
 SD[log(ℓ)] = 7.70328301174986
 Δlog(ℓ) = 35.5137559529777
 Δβ/SD[β] = -0.000709321663234712 1.10950057236712 -0.261004556094655 -1.74955862486208 1.54720807828815 2.57942321971743
Maximizing likelihood @ n=8×1785=14280
 SD[log(ℓ)] = 5.77282413317011
 Δlog(ℓ) = 19.9945119811818
 Δβ/SD[β] = 0.128359066168005 -0.0310951390204263 -0.180311788220704 -0.00918271724511886 0.0645405937577387 0.361506621256271
Maximizing likelihood @ n=16×1785=28560
 SD[log(ℓ)] = 4.48043995800798
 Δlog(ℓ) = 13.6201716001211
 Δβ/SD[β] = -0.0133193918575235 -0.0368048490255255 0.0432217948000155 -0.948331144869865 0.526089105901034 0.0676289616550314
Maximizing likelihood @ n=32×1785=57120
 SD[log(ℓ)] = 3.35030388941038
 Δlog(ℓ) = 7.49236216168435
 Δβ/SD[β] = 0.0695272910963345 -0.143464179563259 -0.0503062126412167 -0.459955798741125 0.171385595862099 -0.11397677014656
Maximizing likelihood @ n=64×1785=114240
 SD[log(ℓ)] = 2.4356866656319
 Δlog(ℓ) = 2.64703042620744
 Δβ/SD[β] = 0.0144458479975913 0.00192753751186344 -0.00163419853130254 -0.339415925690916 0.138475127030135 0.0230083738315949
Maximizing likelihood @ n=128×1785=228480
 SD[log(ℓ)] = 1.76488160935736
 Δlog(ℓ) = 1.17342368165032
 Δβ/SD[β] = -0.0082068762468004 -0.00717389362744353 -0.0531795640424035 0.0513877549827667 0.0392803902642206 0.00389792218413389
Maximizing likelihood @ n=256×1785=456960
 SD[log(ℓ)] = 1.26746646107033
 Δlog(ℓ) = 1.94932845042143
 Δβ/SD[β] = 0.000821247915420442 0.104237885078449 -0.119063638876421 -0.252017917775423 0.0340241964863888 0.0190962837096492
Maximizing likelihood @ n=512×1785=913920
 SD[log(ℓ)] = 0.918509093168061
 Δlog(ℓ) = -0.867137913652812
 Δβ/SD[β] = 0.0103150329124209 0.00185972178744956 0.0382130556621913 0.069808585668342 0.0169803220628515 -0.00650714593136493
Maximizing likelihood @ n=1024×1785=1827840
 SD[log(ℓ)] = 0.712657609062443
 Δlog(ℓ) = 0.123028254422024
 Δβ/SD[β] = -0.0205380993934926 0.00299930771738157 0.0164931183160424 0.07980784559735 -0.00238373964939504 -0.0101527617617035
Maximizing likelihood @ n=2048×1785=3655680
 SD[log(ℓ)] = 0.495042975119589
 Δlog(ℓ) = 0.502713557641982
 Δβ/SD[β] = -0.00758730598919965 0.0287713765419345 -0.00394133157776514 -0.0857424780225758 -0.00413342531704435 -0.000944714489538112
Maximizing likelihood @ n=4096×1785=7311360
 SD[log(ℓ)] = 0.349809054150351
 Δlog(ℓ) = 0.122251655341927
 Δβ/SD[β] = -0.0114364417681052 0.0715538587674033 0.0272694462512402 -0.0071951449509333 -0.000161563775947629 0.0126782440627049
Maximizing likelihood @ n=8192×1785=14622720
 SD[log(ℓ)] = 0.241344538284507
 Δlog(ℓ) = 0.107674765158549
 Δβ/SD[β] = 0.00251933207184785 0.00825800002138738 0.00912118291003149 0.030495841176701 -0.0116975352043692 0.0198116855159564
Calculating Hessian
Maximizing likelihood @ n=1×1785=1785
 SD[log(ℓ)] = 12.8747554827052
 Δlog(ℓ) = Inf
 Δβ/SD[β] = -0.883889382403131 -3.20752066046602 -2.70348122097138 -56.1531316513437 8.69676033782973 3.10118353347254
Maximizing likelihood @ n=2×1785=3570
 SD[log(ℓ)] = 10.3537583005464
 Δlog(ℓ) = 37.1753827445647
 Δβ/SD[β] = 0.20585521574791 0.160452952680798 -0.382827165301178 -2.48911231163137 1.51892819604761 -0.341086504663572
Maximizing likelihood @ n=4×1785=7140
 SD[log(ℓ)] = 7.82241295819015
 Δlog(ℓ) = 7.6537463029569
 Δβ/SD[β] = 0.0830790849750435 0.369250764373867 -0.0610738536426902 -0.274407687728482 0.897081305836281 -0.384136324414135
Maximizing likelihood @ n=8×1785=14280
 SD[log(ℓ)] = 6.01829502428535
 Δlog(ℓ) = 20.5282513775425
 Δβ/SD[β] = 0.0243592846997297 0.269942108802596 0.0526183500799527 -0.126574383128605 0.0695098245100182 0.0146930052684799
Maximizing likelihood @ n=16×1785=28560
 SD[log(ℓ)] = 4.53706924481381
 Δlog(ℓ) = 7.3513770223156
 Δβ/SD[β] = 0.00320336644081975 0.205425050953054 -0.00835690212784629 -0.0386456653564795 0.00882385494315855 0.00941359091645276
Maximizing likelihood @ n=32×1785=57120
 SD[log(ℓ)] = 3.3482876170587
 Δlog(ℓ) = 1.52212077582055
 Δβ/SD[β] = -0.0504303930258441 0.0862838624598409 0.0572790048563533 -0.026496035941193 0.147543164428547 0.0607063430562524
Maximizing likelihood @ n=64×1785=114240
 SD[log(ℓ)] = 2.44073646769482
 Δlog(ℓ) = 3.1531743252097
 Δβ/SD[β] = 0.0340940261306023 0.0953509504422747 -0.0645733192758317 -0.328818124786646 0.0944260291611051 0.0869159122105317
Maximizing likelihood @ n=128×1785=228480
 SD[log(ℓ)] = 1.77477419248342
 Δlog(ℓ) = 1.65506206769311
 Δβ/SD[β] = 0.0106583442332837 -0.0907970767998946 0.082604487869447 -0.174851444595444 -0.000363596863866075 0.235723935387839
Maximizing likelihood @ n=256×1785=456960
 SD[log(ℓ)] = 1.2959557020708
 Δlog(ℓ) = 4.43291418182821
 Δβ/SD[β] = -0.0456670000181168 0.0109996313064222 -0.0128272671093921 -0.019114695660815 0.0106533387387891 0.0634505604903943
Maximizing likelihood @ n=512×1785=913920
 SD[log(ℓ)] = 0.917438236318014
 Δlog(ℓ) = 0.308050875166032
 Δβ/SD[β] = -0.00857847861216874 -0.0239125149781263 0.0289979070271465 -0.064706613541877 0.00829891654550709 0.00109504409986354
Maximizing likelihood @ n=1024×1785=1827840
 SD[log(ℓ)] = 0.668935363061733
 Δlog(ℓ) = -0.143372442012208
 Δβ/SD[β] = 0.00187162723774322 0.0109552020034736 0.0103650612166421 0.0791619327014845 0.00351216184002262 0.0198009661737379
Maximizing likelihood @ n=2048×1785=3655680
 SD[log(ℓ)] = 0.513860731397806
 Δlog(ℓ) = -0.731994519133593
 Δβ/SD[β] = -0.0106724321394051 -0.024551922907895 0.0139886837835691 0.134898629335141 0.0462218534818467 0.0715973378019714
Maximizing likelihood @ n=4096×1785=7311360
 SD[log(ℓ)] = 0.351293888801632
 Δlog(ℓ) = -0.305155574765081
 Δβ/SD[β] = -0.0269210424420514 0.0226038571464968 0.0694263878306251 0.00989909627097427 -0.068475997944678 0.0484914410978908
Maximizing likelihood @ n=8192×1785=14622720
 SD[log(ℓ)] = 0.272047604422513
 Δlog(ℓ) = -0.109604742115607
 Δβ/SD[β] = -0.0131350400521034 5.14645608464831e-06 0.00814274355654341 0.0298055781921251 0.021819452669458 0.00620705950357811
Calculating Hessian
Maximizing likelihood @ n=1×1785=1785
 SD[log(ℓ)] = 13.190449588776
 Δlog(ℓ) = Inf
 Δβ/SD[β] = -2.96376233088942 -0.363897217495598 1.21818800746586 -1.03544747292169 1.36750768639397 0.339078034373538
Maximizing likelihood @ n=2×1785=3570
 SD[log(ℓ)] = 10.455355941022
 Δlog(ℓ) = 30.7696467014862
 Δβ/SD[β] = -2.33955735831506 -2.63300976147127 0.846501159622115 0.569591345338371 1.27589074039848 1.09682639873821
Maximizing likelihood @ n=4×1785=7140
 SD[log(ℓ)] = 8.20892552719454
 Δlog(ℓ) = 31.1057574644354
 Δβ/SD[β] = -1.13941784784642 -0.318476679617399 1.11098023031009 -0.0589827549638621 1.88695789661849 -0.0595077004305516
Maximizing likelihood @ n=8×1785=14280
 SD[log(ℓ)] = 6.14495502071572
 Δlog(ℓ) = 6.13685289701408
 Δβ/SD[β] = 0.539544816959589 0.700214954475323 -0.646763420469703 0.0810727838506564 0.471897879883633 -0.862851741206355
Maximizing likelihood @ n=16×1785=28560
 SD[log(ℓ)] = 4.75117254857257
 Δlog(ℓ) = 13.1831353058676
 Δβ/SD[β] = -2.21267539054647 -1.35997172686854 1.93089697653102 -0.723609792004356 0.453398990399259 0.835577369342525
Maximizing likelihood @ n=32×1785=57120
 SD[log(ℓ)] = 3.46375583482985
 Δlog(ℓ) = 3.66123401713389
 Δβ/SD[β] = -0.910004691776578 -0.882206922650939 1.27878005630563 0.733393003350362 0.131969168342472 0.757821996844507
Maximizing likelihood @ n=64×1785=114240
 SD[log(ℓ)] = 2.64890130203142
 Δlog(ℓ) = 1.51701192843791
 Δβ/SD[β] = 0.267048093503522 0.515954143734053 -0.180172497826261 -0.0133313833258028 0.153352088054181 0.169306334552798
Maximizing likelihood @ n=128×1785=228480
 SD[log(ℓ)] = 1.92785103907413
 Δlog(ℓ) = 1.99830835344295
 Δβ/SD[β] = -0.304800496383156 -0.437951934667052 0.298573502182129 -0.0755881118498316 0.139214483044272 0.386153777585787
Maximizing likelihood @ n=256×1785=456960
 SD[log(ℓ)] = 1.40638963829166
 Δlog(ℓ) = 0.389180902114731
 Δβ/SD[β] = -0.00370544498776319 -0.0660006974472514 0.0592473194735691 -0.0587700070503994 0.0291108661080638 0.0324799063264157
Maximizing likelihood @ n=512×1785=913920
 SD[log(ℓ)] = 0.999416022205009
 Δlog(ℓ) = 1.06703451538891
 Δβ/SD[β] = -0.0828422932842655 -0.0452668900586953 0.102647145160333 -0.0156838795850399 -0.0416328871566961 0.108787739988752
Maximizing likelihood @ n=1024×1785=1827840
 SD[log(ℓ)] = 0.723926719741512
 Δlog(ℓ) = 0.693809959223358
 Δβ/SD[β] = -0.12888668394174 -0.0570356891201007 0.128032892173467 -0.0441095191081388 -0.0686870636675626 0.271569979242598
Maximizing likelihood @ n=2048×1785=3655680
 SD[log(ℓ)] = 0.759350457576005
 Δlog(ℓ) = -0.308486304500491
 Δβ/SD[β] = 0.267582357061945 0.260015997808269 -0.269092359462986 1.22517785679878e-05 0.092532729488694 -0.356417601260671
Maximizing likelihood @ n=4096×1785=7311360
 SD[log(ℓ)] = 0.492866084416757
 Δlog(ℓ) = -0.240813773410423
 Δβ/SD[β] = -0.0679614951513711 0.00483223152559656 0.0618785830811014 -0.0737746305984851 -0.0585763950101999 0.0987070112830509
Maximizing likelihood @ n=8192×1785=14622720
 SD[log(ℓ)] = 0.31665897263665
 Δlog(ℓ) = 0.369541784842284
 Δβ/SD[β] = -0.0597813311934828 -0.0706173239971982 0.125039784684348 -0.0182271387800088 0.0152500244523227 0.0574144261843938
Calculating Hessian
Starting buffer 1500 
Maximizing likelihood @ n=1×1785=1785
 SD[log(ℓ)] = 11.7011615930768
 Δlog(ℓ) = Inf
 Δβ/SD[β] = 3.7956500165081 0.210404112574655 -1.54855390719192 -53.9467480718136 7.71706409473497 0.390034433274669
Maximizing likelihood @ n=2×1785=3570
 SD[log(ℓ)] = 9.75089274232183
 Δlog(ℓ) = 44.6109840293647
 Δβ/SD[β] = -0.615145319288566 -0.0511919844988293 -0.0116689923573893 -0.0942061872056525 2.52712877403217 0.346543063321065
Maximizing likelihood @ n=4×1785=7140
 SD[log(ℓ)] = 7.49067118969863
 Δlog(ℓ) = 28.5723941234236
 Δβ/SD[β] = -0.273238338152049 0.161123459224117 -0.597183982707088 -0.0621834966513096 0.106846187987454 0.388826156913046
Maximizing likelihood @ n=8×1785=14280
 SD[log(ℓ)] = 5.77681045654579
 Δlog(ℓ) = 17.1826851235174
 Δβ/SD[β] = -1.81360254129168e-06 -0.00226466731283637 -0.00130411815521308 -0.0950558485028798 0.0372070762475072 0.0103834606204827
Maximizing likelihood @ n=16×1785=28560
 SD[log(ℓ)] = 4.43381895076848
 Δlog(ℓ) = 16.4882501832021
 Δβ/SD[β] = -0.0222257108156594 -0.47477906113631 -0.0442366458913363 -0.163022733464007 0.0331950977821608 0.598885784251293
Maximizing likelihood @ n=32×1785=57120
 SD[log(ℓ)] = 3.37043676710329
 Δlog(ℓ) = 7.9780497792043
 Δβ/SD[β] = -0.00335126538193391 -0.0379532061534051 0.00270291024939299 -0.095763305009877 0.0174757876446296 0.0888623992968844
Maximizing likelihood @ n=64×1785=114240
 SD[log(ℓ)] = 2.43693990048631
 Δlog(ℓ) = 5.13500750471457
 Δβ/SD[β] = -0.0669132900305529 -0.18827538339119 -0.140657466157008 -0.0324489503923007 0.0127342677859026 0.939013459618134
Maximizing likelihood @ n=128×1785=228480
 SD[log(ℓ)] = 1.78220516652502
 Δlog(ℓ) = 2.4226869479528
 Δβ/SD[β] = -0.00118568779746924 0.0165292905092241 -0.00782689263074583 -0.0248199222535469 0.0119732226626938 0.0407296724133172
Maximizing likelihood @ n=256×1785=456960
 SD[log(ℓ)] = 1.27340931836351
 Δlog(ℓ) = 1.4719749398763
 Δβ/SD[β] = -0.0621483415718427 -0.0376933036960704 0.0342712974325895 -0.0121431627786497 0.00230912483437867 0.250466856890901
Maximizing likelihood @ n=512×1785=913920
 SD[log(ℓ)] = 0.900327127112535
 Δlog(ℓ) = -0.937814883399483
 Δβ/SD[β] = 0.0250459791364815 -0.0343146198866844 0.0503199455082842 0.0515206377469324 -0.0312711019803569 0.0573806135355084
Maximizing likelihood @ n=1024×1785=1827840
 SD[log(ℓ)] = 0.658123725721296
 Δlog(ℓ) = 1.104432901878
 Δβ/SD[β] = -0.00578204758159692 -0.0223593870172727 0.039133210283763 -0.0452803097669483 0.0664419955242046 0.00520133077935316
Maximizing likelihood @ n=2048×1785=3655680
 SD[log(ℓ)] = 0.474513932121502
 Δlog(ℓ) = 0.370298736517441
 Δβ/SD[β] = 0.00702352661601044 -0.0218154522602705 0.0773582528286185 -0.029247565555434 0.0309325989752629 0.0276504015107436
Maximizing likelihood @ n=4096×1785=7311360
 SD[log(ℓ)] = 0.350501938085404
 Δlog(ℓ) = -0.27733759997659
 Δβ/SD[β] = -0.0341832162157292 -0.0157907112967409 0.00905541841789451 0.0689889793876321 -0.0340501216508341 0.00944645683461093
Maximizing likelihood @ n=8192×1785=14622720
 SD[log(ℓ)] = 0.258683152845956
 Δlog(ℓ) = -0.179142827619785
 Δβ/SD[β] = -0.0162314150089754 -0.0610446390894359 0.0010645791630838 0.00227558225822535 0.00104334644404937 0.0503511671801333
Calculating Hessian
Maximizing likelihood @ n=1×1785=1785
 SD[log(ℓ)] = 12.5178721147942
 Δlog(ℓ) = Inf
 Δβ/SD[β] = -1.35252418297127 0.178104973797119 -2.14498753736255 -50.3554845116745 7.98567099380523 0.796087731447894
Maximizing likelihood @ n=2×1785=3570
 SD[log(ℓ)] = 9.93698211203427
 Δlog(ℓ) = 33.6796700221163
 Δβ/SD[β] = -0.0249204349301768 -0.0918683077332456 -0.0612076388102032 0.0172751401604098 0.181693982001298 -0.0699649189452857
Maximizing likelihood @ n=4×1785=7140
 SD[log(ℓ)] = 7.92571787092408
 Δlog(ℓ) = 29.0858309880697
 Δβ/SD[β] = -0.204066729946395 -0.723377900614635 -0.195706903723509 -0.0887471562889006 0.121742940109503 0.911290697426356
Maximizing likelihood @ n=8×1785=14280
 SD[log(ℓ)] = 6.00323887731046
 Δlog(ℓ) = 9.54471540297493
 Δβ/SD[β] = 0.0721766919149833 -0.0413053333023793 -0.0642102348753125 -0.0307380514988535 0.0567992161039728 0.0446759718915979
Maximizing likelihood @ n=16×1785=28560
 SD[log(ℓ)] = 4.56638353889698
 Δlog(ℓ) = 13.041877967959
 Δβ/SD[β] = -0.0147708175483208 -0.0308695212317826 0.013757078674503 -0.0864890328706527 0.0269648157638382 0.163100798933456
Maximizing likelihood @ n=32×1785=57120
 SD[log(ℓ)] = 3.37092510750609
 Δlog(ℓ) = 5.91346340230604
 Δβ/SD[β] = -0.0884082777907819 -0.0639600746375493 0.0401980912263094 -0.0588563528557407 0.0268480324972121 0.113476194595622
Maximizing likelihood @ n=64×1785=114240
 SD[log(ℓ)] = 2.4277419303307
 Δlog(ℓ) = -0.0908910849406084
 Δβ/SD[β] = -0.0523458338383685 0.0114503812288658 -0.04409333199598 -0.00954599812824136 0.00911280763412666 0.25123854645949
Maximizing likelihood @ n=128×1785=228480
 SD[log(ℓ)] = 1.74228837233751
 Δlog(ℓ) = -0.107732851316769
 Δβ/SD[β] = -0.0560243787642464 0.0556808871975774 -0.0670528534841217 0.0229305064194502 0.0817968917259074 0.055957264664739
Maximizing likelihood @ n=256×1785=456960
 SD[log(ℓ)] = 1.25884234959186
 Δlog(ℓ) = 1.79938609926216
 Δβ/SD[β] = 0.028366202314631 0.104121011438882 -0.23729679921687 -0.126700122343092 -0.00961604643847385 0.521850419124958
Maximizing likelihood @ n=512×1785=913920
 SD[log(ℓ)] = 0.929526412928371
 Δlog(ℓ) = 0.0984378537631301
 Δβ/SD[β] = -0.00172313244795479 0.0224908276973924 -0.00708835341348294 0.0101842790743867 0.0525699530493311 0.0164993953092631
Maximizing likelihood @ n=1024×1785=1827840
 SD[log(ℓ)] = 0.654568791625021
 Δlog(ℓ) = 0.931752659161077
 Δβ/SD[β] = -0.0184504614826359 0.0252133932660445 -0.000755229271683019 -0.102926384822556 -0.019257003819284 0.0471679235131411
Maximizing likelihood @ n=2048×1785=3655680
 SD[log(ℓ)] = 0.464138342268557
 Δlog(ℓ) = 0.838267133070531
 Δβ/SD[β] = 0.00227130488452838 0.0010863968810214 -0.0173988320087169 -0.053844132016787 0.0407274458734518 -0.0278697138334233
Maximizing likelihood @ n=4096×1785=7311360
 SD[log(ℓ)] = 0.329121579234064
 Δlog(ℓ) = 0.274129263400482
 Δβ/SD[β] = -0.0241513493319864 0.00584232887047593 0.0220733575511034 -0.0343018439814387 0.000135657859965663 0.0185489270091267
Maximizing likelihood @ n=8192×1785=14622720
 SD[log(ℓ)] = 0.23472926146496
 Δlog(ℓ) = -0.257723476568231
 Δβ/SD[β] = -0.0159808455918485 -0.00339819841217572 0.00976836877137813 0.0319609751157348 0.0109151290373308 -0.00942540558794527
Calculating Hessian
Maximizing likelihood @ n=1×1785=1785
 SD[log(ℓ)] = 12.2718048879888
 Δlog(ℓ) = Inf
 Δβ/SD[β] = -0.592929222001996 -0.0323006627609411 -0.0955037227259227 -1.28052769040048 0.996765830178233 0.0454027039153047
Maximizing likelihood @ n=2×1785=3570
 SD[log(ℓ)] = 10.3795897416722
 Δlog(ℓ) = 50.4263956811464
 Δβ/SD[β] = 0.497885160365992 -0.10276640858042 -0.126348175614344 -0.281920182326434 0.283412126236636 0.905614019874573
Maximizing likelihood @ n=4×1785=7140
 SD[log(ℓ)] = 7.97026345369733
 Δlog(ℓ) = 17.8937443525817
 Δβ/SD[β] = -0.0845868666578845 0.0807292976751073 0.021785254816978 -0.0846301857955685 0.0943465367868503 0.159369648076362
Maximizing likelihood @ n=8×1785=14280
 SD[log(ℓ)] = 6.0548638457995
 Δlog(ℓ) = 11.7265354572855
 Δβ/SD[β] = 0.342477614443229 0.0746143300717643 -0.387825326972584 -0.0705476771499888 0.0702969912469414 0.424322074950507
Maximizing likelihood @ n=16×1785=28560
 SD[log(ℓ)] = 4.47868884525276
 Δlog(ℓ) = 0.9564674941779
 Δβ/SD[β] = 0.0615533491283392 0.0750596482758858 -0.0684518852888232 -0.0110133462209726 0.00907190559020181 -0.00579502924378121
Maximizing likelihood @ n=32×1785=57120
 SD[log(ℓ)] = 3.5468426864219
 Δlog(ℓ) = 1.40554996987834
 Δβ/SD[β] = 0.140871179235139 -0.352957204332545 -0.146770594461017 0.0900554063089336 0.0192317836507221 -0.0776295740585035
Maximizing likelihood @ n=64×1785=114240
 SD[log(ℓ)] = 2.64952757350308
 Δlog(ℓ) = 9.27928579285521
 Δβ/SD[β] = -0.102598421499488 -0.179003968611994 0.0044934396880437 -0.835833589228041 0.179899528891067 0.000369488086710129
Maximizing likelihood @ n=128×1785=228480
 SD[log(ℓ)] = 1.89901422991436
 Δlog(ℓ) = 1.98456511002252
 Δβ/SD[β] = -0.226210100204079 0.149503243719731 -0.101781183728504 -0.53511583513955 -0.0223531808540612 0.0292150655253835
Maximizing likelihood @ n=256×1785=456960
 SD[log(ℓ)] = 1.32697134800278
 Δlog(ℓ) = 0.950818815357593
 Δβ/SD[β] = -0.0566351048801281 0.0579021580107118 0.112278484398032 -0.131579235314056 -0.00870707828724171 0.168504203486635
Maximizing likelihood @ n=512×1785=913920
 SD[log(ℓ)] = 0.937546017872482
 Δlog(ℓ) = -0.18546991735451
 Δβ/SD[β] = 0.110341512349425 0.0619011394642886 -0.0980489131124018 -0.0751080836214715 0.017649613595295 0.120417846136403
Maximizing likelihood @ n=1024×1785=1827840
 SD[log(ℓ)] = 0.682828742193473
 Δlog(ℓ) = 0.262296027851733
 Δβ/SD[β] = -0.00537907535998336 -0.00272749001539245 -0.000276846046397922 -0.0297217086751173 0.0360942602108675 -0.0013617580983489
Maximizing likelihood @ n=2048×1785=3655680
 SD[log(ℓ)] = 0.484735991136361
 Δlog(ℓ) = 0.243940648641967
 Δβ/SD[β] = 0.024372016285663 0.00526141738602646 -0.00340742280956868 -0.0569903660459806 -0.0151895082341429 0.00257889099578006
Maximizing likelihood @ n=4096×1785=7311360
 SD[log(ℓ)] = 0.341947416610553
 Δlog(ℓ) = -0.1919479286978
 Δβ/SD[β] = 0.0118705897933779 0.0192819695759341 -0.0061166387049506 -0.0269737439884926 0.0121749796590988 0.00143691491001923
Maximizing likelihood @ n=8192×1785=14622720
 SD[log(ℓ)] = 0.253039138503803
 Δlog(ℓ) = 0.145771700135356
 Δβ/SD[β] = 0.000843081367403406 0.0271981603631147 -0.0321381554314059 0.0363467713893564 -0.0108709933221985 0.0101816194950369
Calculating Hessian
Maximizing likelihood @ n=1×1785=1785
 SD[log(ℓ)] = 11.9317015081921
 Δlog(ℓ) = Inf
 Δβ/SD[β] = -0.736988273592091 -0.122827479060804 0.206990007539323 -1.18422582963908 0.872792230639 0.164868728072427
Maximizing likelihood @ n=2×1785=3570
 SD[log(ℓ)] = 9.93614028795912
 Δlog(ℓ) = 50.1826300490183
 Δβ/SD[β] = -2.13874657069271 -1.54680537349575 3.59555374474078 0.585322432084375 0.232839161900389 0.929756413530285
Maximizing likelihood @ n=4×1785=7140
 SD[log(ℓ)] = 7.98795119598826
 Δlog(ℓ) = 40.7522397293671
 Δβ/SD[β] = -2.1184657170826 -1.681681422581 1.85232377490735 -0.149582765015489 1.57286561099621 1.34873906825372
Maximizing likelihood @ n=8×1785=14280
 SD[log(ℓ)] = 6.28227985348188
 Δlog(ℓ) = 29.6717794035213
 Δβ/SD[β] = -2.31080248858473 -1.59252286171316 2.0161736780781 -1.31337697366105 0.92524470816599 0.992304073427105
Maximizing likelihood @ n=16×1785=28560
 SD[log(ℓ)] = 4.68937204472436
 Δlog(ℓ) = 5.36709201660273
 Δβ/SD[β] = -0.491691087415666 -0.390228155099959 0.326958394839632 -0.331196739508901 0.272434420856687 0.324919599150437
Maximizing likelihood @ n=32×1785=57120
 SD[log(ℓ)] = 3.44123401775568
 Δlog(ℓ) = -2.97394798382015
 Δβ/SD[β] = -0.245666822541468 -0.394587727797949 0.187090713105479 -0.222028182194395 0.274218901696848 -0.359489544228326
Maximizing likelihood @ n=64×1785=114240
 SD[log(ℓ)] = 2.47978804634595
 Δlog(ℓ) = 3.81957389247134
 Δβ/SD[β] = -0.202100168864916 -0.305289803422484 0.118563647944115 -0.0925519252540206 0.151807933238545 -0.122324301008926
Maximizing likelihood @ n=128×1785=228480
 SD[log(ℓ)] = 2.05072525204831
 Δlog(ℓ) = -3.36270668746812
 Δβ/SD[β] = 0.962150829533042 1.04082902871869 -0.651186377430973 0.0502309422748996 -0.0323880457519236 -0.354458363225362
Maximizing likelihood @ n=256×1785=456960
 SD[log(ℓ)] = 1.45491434302703
 Δlog(ℓ) = -0.0899678834300062
 Δβ/SD[β] = 0.169788790219195 0.0452274991926798 -0.0926590538217747 0.045711713967713 0.112437075875773 -0.221979743679606
Maximizing likelihood @ n=512×1785=913920
 SD[log(ℓ)] = 1.02789137885119
 Δlog(ℓ) = 0.0830439476434321
 Δβ/SD[β] = -0.00463568991449596 -0.0298831790960092 -0.0345283501083809 -0.0267065490890947 -0.0047366692862204 0.0159377385592525
Maximizing likelihood @ n=1024×1785=1827840
 SD[log(ℓ)] = 0.751594083048339
 Δlog(ℓ) = 1.92196175286108
 Δβ/SD[β] = -0.0348426692667545 -0.0603035895957637 -0.0374422389285797 -0.0509797464694299 0.073659830050803 -0.0220339427020253
Maximizing likelihood @ n=2048×1785=3655680
 SD[log(ℓ)] = 0.528423295212217
 Δlog(ℓ) = 0.0207575243168208
 Δβ/SD[β] = 0.021181357958171 -0.0264465708359165 0.0336435332806908 -0.0566403205100198 0.00932500271139864 0.024736000314114
Maximizing likelihood @ n=4096×1785=7311360
 SD[log(ℓ)] = 0.37877864543065
 Δlog(ℓ) = -0.0379831213721218
 Δβ/SD[β] = -0.0434619673916431 0.00648054458530229 0.0172332480015194 -0.0287235020511181 0.0116009133122853 0.0316114764685457
Maximizing likelihood @ n=8192×1785=14622720
 SD[log(ℓ)] = 0.277559178502028
 Δlog(ℓ) = 0.185954661049038
 Δβ/SD[β] = 0.00693643287715373 -0.0403715209553765 -0.00491282631184571 -0.0110691447161102 0.0380121912923872 -0.0228721858234797
Calculating Hessian
There were 14 warnings (use warnings() to see them)
Script complete
Sat Nov 16 10:13:31 MST 2024
