Sat Nov 16 04:11:17 MST 2024
Initiating script
── Attaching core tidyverse packages ──────────────────────── tidyverse 2.0.0 ──
✔ dplyr     1.1.4     ✔ readr     2.1.5
✔ forcats   1.0.0     ✔ stringr   1.5.1
✔ ggplot2   3.5.1     ✔ tibble    3.2.1
✔ lubridate 1.9.3     ✔ tidyr     1.3.1
✔ purrr     1.0.2     
── Conflicts ────────────────────────────────────────── tidyverse_conflicts() ──
✖ ggplot2::annotate() masks ctmm::annotate()
✖ dplyr::filter()     masks stats::filter()
✖ dplyr::lag()        masks stats::lag()
ℹ Use the conflicted package (<http://conflicted.r-lib.org/>) to force all conflicts to become errors
Linking to GEOS 3.9.5, GDAL 3.8.5, PROJ 9.4.0; sf_use_s2() is TRUE
Loading required package: sp

Attaching package: ‘raster’

The following object is masked from ‘package:dplyr’:

    select

The following objects are masked from ‘package:ctmm’:

    projection, projection<-

terra 1.7.78

Attaching package: ‘terra’

The following object is masked from ‘package:tidyr’:

    extract

The following objects are masked from ‘package:ctmm’:

    distance, meta

[1] "/home/u15/mmercer3/proj/habitat_analysis_class/Final/Model_Fit_Results/Sweetwater_rr.Rda"
     [,1]                                
[1,] "Data loaded at 2024-11-16 04:11:29"
Reading layer `major' from data source 
  `/home/u15/mmercer3/proj/habitat_analysis_class/Final/Major_Roads' 
  using driver `ESRI Shapefile'
Simple feature collection with 411 features and 7 fields
Geometry type: LINESTRING
Dimension:     XY
Bounding box:  xmin: 477946 ymin: 3545735 xmax: 511807.9 ymax: 3592212
Projected CRS: WGS 84 / UTM zone 12N
     [,1]                                 
[1,] "Roads loaded at 2024-11-16 04:11:29"
|---------|---------|---------|---------|=========================================                                          [1] 1681968
[1] 1681968
Starting buffer 30 
Maximizing likelihood @ n=1×813=813
 SD[log(ℓ)] = 3.7248718740542
 Δlog(ℓ) = Inf
 Δβ/SD[β] = -13.5054110675075 -0.537745311054216 0.301734926172764 -22.5182490962114 -14.6768422378675 -4.15199724228078
Maximizing likelihood @ n=2×813=1626
 SD[log(ℓ)] = 3.078722270698
 Δlog(ℓ) = 1.47526498451234
 Δβ/SD[β] = -0.0878688944318032 -0.316295164762995 0.274613393438653 -0.419050031864119 0.527242226165088 0.0198590165562556
Maximizing likelihood @ n=4×813=3252
 SD[log(ℓ)] = 2.62689861211515
 Δlog(ℓ) = 5.70888914496899
 Δβ/SD[β] = -0.373490102159664 -1.66654570447008 1.2893117609244 -0.135681775106755 0.29798311096317 -0.116790597447876
Maximizing likelihood @ n=8×813=6504
 SD[log(ℓ)] = 1.86004740266541
 Δlog(ℓ) = -2.47510660383388
 Δβ/SD[β] = -0.0224188639107704 0.0562124400377988 -0.00645327406951 0.522840381761244 -0.127856947862238 -0.0325732038206321
Maximizing likelihood @ n=16×813=13008
 SD[log(ℓ)] = 1.3906076933907
 Δlog(ℓ) = 1.76267673763063
 Δβ/SD[β] = -0.245813286652728 0.0710969131599218 -0.0683231429935264 -0.11337247220271 0.295179193823731 -0.156665225013013
Maximizing likelihood @ n=32×813=26016
 SD[log(ℓ)] = 0.972237259299158
 Δlog(ℓ) = -0.957057353493063
 Δβ/SD[β] = 0.0516989056090249 -0.0336187472845623 -0.0752751387759308 0.0204843120078889 0.0461273647872543 0.00625336784494606
Maximizing likelihood @ n=64×813=52032
 SD[log(ℓ)] = 0.720494909127608
 Δlog(ℓ) = 1.83286369362702
 Δβ/SD[β] = -0.20015693725128 -0.0374574261062987 -0.120537378806369 -0.0900285741304111 -0.0133260253969723 -0.201227897912335
Maximizing likelihood @ n=128×813=104064
 SD[log(ℓ)] = 0.517778375084771
 Δlog(ℓ) = 0.648676117025424
 Δβ/SD[β] = 0.0374238607581538 -0.0139347009027726 -0.0395039301449469 -0.154834694984454 0.0877203723206431 -0.129262890754012
Maximizing likelihood @ n=256×813=208128
 SD[log(ℓ)] = 0.373049955191317
 Δlog(ℓ) = 0.876867939816378
 Δβ/SD[β] = -0.0625010857403396 -0.0682961673301224 0.0016818212529728 -0.0621905306939868 -0.0522076992395589 -0.119668248032505
Maximizing likelihood @ n=512×813=416256
 SD[log(ℓ)] = 0.266489115749387
 Δlog(ℓ) = 0.278750437207194
 Δβ/SD[β] = -0.018873304346045 -0.0149723465036082 -0.043323042379728 -0.0543764571210949 -0.0230249709316926 -0.0507503175992973
Maximizing likelihood @ n=1024×813=832512
 SD[log(ℓ)] = 0.189386743560619
 Δlog(ℓ) = 0.227866882283223
 Δβ/SD[β] = 0.00346337239295157 -0.0785203337901347 -0.0542506835055192 -0.118178680469985 0.0695768821240252 -0.0116692874084976
Maximizing likelihood @ n=2048×813=1665024
 SD[log(ℓ)] = 0.134270038285649
 Δlog(ℓ) = -0.0791437790168921
 Δβ/SD[β] = -0.0261178390412882 0.0112247486835633 -0.00909823857868778 -0.0110769725149124 -0.0454455300699828 0.00480613943727545
Maximizing likelihood @ n=4096×813=3330048
 SD[log(ℓ)] = 0.0945777511458715
 Δlog(ℓ) = 0.0385198909444497
 Δβ/SD[β] = 0.00119921981367722 0.0142711538701273 -0.0055568320739942 -0.0189166169327126 0.00604755645083576 0.0320867433180126
Maximizing likelihood @ n=8192×813=6660096
 SD[log(ℓ)] = 0.0671919305156145
 Δlog(ℓ) = 0.0992708823477031
 Δβ/SD[β] = -0.012453611656702 0.0146860197443309 -0.0132488692940484 -0.0176255642079898 -0.0183350660860929 -0.0229070427149683
Maximizing likelihood @ n=16384×813=13320192
 SD[log(ℓ)] = 0.0473307814921827
 Δlog(ℓ) = -0.0423128654659202
 Δβ/SD[β] = 0.0140080208106486 0.0170451719730657 -0.0092388128507214 -0.0114494718134035 0.0145958283681563 0.0192427978792866
Calculating Hessian
Maximizing likelihood @ n=1×813=813
 SD[log(ℓ)] = 3.54117903352905
 Δlog(ℓ) = Inf
 Δβ/SD[β] = 1.34602602980074 -0.0170199191273666 0.00339006532846618 -1.07350133861943 -0.856378657610981 -0.163996741253678
Maximizing likelihood @ n=2×813=1626
 SD[log(ℓ)] = 3.41246695536656
 Δlog(ℓ) = 6.14242351654685
 Δβ/SD[β] = 2.60271736569286 0.476845532309641 1.14560394566125 -0.566498580971468 0.0943305967775958 -0.249187330442962
Maximizing likelihood @ n=4×813=3252
 SD[log(ℓ)] = 2.720404167749
 Δlog(ℓ) = 2.16851462203856
 Δβ/SD[β] = 0.374889053962813 -0.212286754394277 -0.128474021171739 0.470645168491031 0.768348885243545 -0.494829099349191
Maximizing likelihood @ n=8×813=6504
 SD[log(ℓ)] = 1.91474389006284
 Δlog(ℓ) = -2.06300145611906
 Δβ/SD[β] = 0.0693470428450988 -0.131522427092186 0.231072753409577 0.298207151870304 -0.0753925254302396 0.00808381567137503
Maximizing likelihood @ n=16×813=13008
 SD[log(ℓ)] = 1.42588835625959
 Δlog(ℓ) = 1.63225551744294
 Δβ/SD[β] = 0.0353852639273475 -0.913917814254405 -0.528269245262397 -0.136157632784072 0.0720395162924789 -0.0395459799021817
Maximizing likelihood @ n=32×813=26016
 SD[log(ℓ)] = 1.05456401266671
 Δlog(ℓ) = 1.58834543204755
 Δβ/SD[β] = 0.00664061800849428 -0.984387978330413 0.122080074450845 -0.262082957135754 0.122479219878852 -0.319658425785011
Maximizing likelihood @ n=64×813=52032
 SD[log(ℓ)] = 0.752386629512516
 Δlog(ℓ) = 0.160400589227105
 Δβ/SD[β] = 0.15332217891954 -0.221290861932507 -0.00598839899997438 -0.0919739221798216 0.0788403127031153 0.092921214053711
Maximizing likelihood @ n=128×813=104064
 SD[log(ℓ)] = 0.546587283358885
 Δlog(ℓ) = 0.973435108463747
 Δβ/SD[β] = 0.118464117624576 -0.106483109810846 -0.0911619064915686 -0.145233056681226 0.086503864702257 0.0134080922925215
Maximizing likelihood @ n=256×813=208128
 SD[log(ℓ)] = 0.389044338775542
 Δlog(ℓ) = 0.43778937904813
 Δβ/SD[β] = 0.0201603911869935 -0.0621813875112427 -0.00452516240479276 -0.0404002101293792 0.0634632095509684 -0.00938221328195156
Maximizing likelihood @ n=512×813=416256
 SD[log(ℓ)] = 0.275182023549061
 Δlog(ℓ) = -0.422525115172938
 Δβ/SD[β] = -0.0107216680192336 0.0101175483780257 0.017650381166589 0.0250458660987673 -0.00813131938863824 0.0498294087738206
Maximizing likelihood @ n=1024×813=832512
 SD[log(ℓ)] = 0.194689572174236
 Δlog(ℓ) = 7.1485332142629e-05
 Δβ/SD[β] = 0.00428277229749877 -0.0128957604752809 -0.00367194834590909 0.00999358391834559 -0.0270963080616989 -0.0171880875026287
Maximizing likelihood @ n=2048×813=1665024
 SD[log(ℓ)] = 0.137807639223494
 Δlog(ℓ) = 0.245862675434445
 Δβ/SD[β] = 0.0319864328597951 -0.00232375263721522 0.00264414369890197 0.00201249517009333 0.0122584120194037 0.0161630506819757
Maximizing likelihood @ n=4096×813=3330048
 SD[log(ℓ)] = 0.0978628331810827
 Δlog(ℓ) = 0.160375257558478
 Δβ/SD[β] = 0.0243264862015365 -0.00739996114273955 -0.00262723856652652 -0.020759323000573 -0.00719163110022851 -0.0108062939896337
Maximizing likelihood @ n=8192×813=6660096
 SD[log(ℓ)] = 0.0693421615749528
 Δlog(ℓ) = 0.0493619174150588
 Δβ/SD[β] = 0.0100428382333075 0.00777807402980932 0.00658239840678572 -0.00363887350110026 0.0140538099461899 -0.00312277620218095
Maximizing likelihood @ n=16384×813=13320192
 SD[log(ℓ)] = 0.0490335415195969
 Δlog(ℓ) = 0.0452887793926671
 Δβ/SD[β] = -0.00215225206315365 0.00311353916856979 0.00347444959999046 -0.000408044131748364 0.00343417455694815 -0.00484352977892023
Calculating Hessian
Maximizing likelihood @ n=1×813=813
 SD[log(ℓ)] = 3.24852191579733
 Δlog(ℓ) = Inf
 Δβ/SD[β] = 0.0349241008825798 0.0123718184117429 0.0358360732876974 -1.06202566867906 -0.823828054966001 -0.130221445012175
Maximizing likelihood @ n=2×813=1626
 SD[log(ℓ)] = 2.87948674125526
 Δlog(ℓ) = 3.62865448404521
 Δβ/SD[β] = 0.251527991563386 -0.498892811777259 -0.110408555322409 -0.14978233449914 0.280737949804927 -1.00307683090175
Maximizing likelihood @ n=4×813=3252
 SD[log(ℓ)] = 2.38763960692782
 Δlog(ℓ) = 3.680614799408
 Δβ/SD[β] = -0.183933968342825 -0.648225170231909 -1.09950249415314 0.0754602366477256 0.413702216637469 -0.882932271338344
Maximizing likelihood @ n=8×813=6504
 SD[log(ℓ)] = 1.8290315524841
 Δlog(ℓ) = 1.87488609998598
 Δβ/SD[β] = 0.114350585119423 -0.174310692486495 0.020355615679715 -0.176138591015194 -0.0755925314612385 -0.424900506721958
Maximizing likelihood @ n=16×813=13008
 SD[log(ℓ)] = 1.28457989716466
 Δlog(ℓ) = -0.951584485212255
 Δβ/SD[β] = -0.0569353448671622 -0.0444458077194398 -0.0907591784560294 -0.191306089865561 0.00551854462344203 0.0220600177951243
Maximizing likelihood @ n=32×813=26016
 SD[log(ℓ)] = 0.929954973762333
 Δlog(ℓ) = -0.470330197118695
 Δβ/SD[β] = 0.0119751342669197 -0.0155497470871528 -0.00472366429807345 0.0129065109056793 0.0264572022351115 -0.0365606037840967
Maximizing likelihood @ n=64×813=52032
 SD[log(ℓ)] = 0.654014828456836
 Δlog(ℓ) = -0.602294940165255
 Δβ/SD[β] = 0.0107991665310408 0.0255965651458387 0.0555497962276433 -0.0909808098660554 0.010558713643946 0.0840439832104514
Maximizing likelihood @ n=128×813=104064
 SD[log(ℓ)] = 0.466689934596489
 Δlog(ℓ) = -0.152101731852071
 Δβ/SD[β] = 0 0 0 0 0 0
Maximizing likelihood @ n=256×813=208128
 SD[log(ℓ)] = 0.326323545856165
 Δlog(ℓ) = 0.117962720265943
 Δβ/SD[β] = -0.0220147664106267 -0.0134026425646437 0.0101396126430253 0.0124968724197479 0.0416906226308756 0.0430664055724267
Maximizing likelihood @ n=512×813=416256
 SD[log(ℓ)] = 0.229070174383698
 Δlog(ℓ) = -0.160098314757413
 Δβ/SD[β] = 0 0 0 0 0 0
Maximizing likelihood @ n=1024×813=832512
 SD[log(ℓ)] = 0.163351626860761
 Δlog(ℓ) = -0.053339994857577
 Δβ/SD[β] = -0.0071677741296181 -0.0337371287490786 -0.0209065271885004 0.0452925311344953 0.0376781878736454 -0.0392374374074234
Maximizing likelihood @ n=2048×813=1665024
 SD[log(ℓ)] = 0.114863658973712
 Δlog(ℓ) = -0.076805994404193
 Δβ/SD[β] = 0.00186769335777022 -0.01437295508333 0.000791665112366244 0.0126256143318319 -0.0107648574131833 0.017714630205932
Maximizing likelihood @ n=4096×813=3330048
 SD[log(ℓ)] = 0.0813523546708125
 Δlog(ℓ) = 0.0295776682647038
 Δβ/SD[β] = 0.00168914169021295 0.00142628135150847 -0.00413003160372527 0.00847452356538177 -0.00226379529831031 -0.0118837544874729
Maximizing likelihood @ n=8192×813=6660096
 SD[log(ℓ)] = 0.0574373658145694
 Δlog(ℓ) = -0.0871629382410184
 Δβ/SD[β] = 0.000631535768501145 -6.73127018720354e-06 -0.00584743583819835 0.0109056172945018 0.00622121144251656 0.010294713650687
Maximizing likelihood @ n=16384×813=13320192
 SD[log(ℓ)] = 0.0405901102339944
 Δlog(ℓ) = -0.0315914735617966
 Δβ/SD[β] = 0.00229772209408935 -0.00252075597011815 -0.0071289690645344 0.0221056102233739 -0.0175336472989687 -0.00671241629165567
Calculating Hessian
Maximizing likelihood @ n=1×813=813
 SD[log(ℓ)] = 2.50296974960015
 Δlog(ℓ) = Inf
 Δβ/SD[β] = -4.62681926524643 -3.47281169854613 3.20360253672882 -24.3120509316517 -13.7533537716891 -2.18703788142796
Maximizing likelihood @ n=2×813=1626
 SD[log(ℓ)] = 2.36656809140803
 Δlog(ℓ) = 3.08823671177616
 Δβ/SD[β] = 0.537484206581346 0.194766570116548 -0.671652634099992 -0.353069853214637 0.640781046150961 -1.26188470955208
Maximizing likelihood @ n=4×813=3252
 SD[log(ℓ)] = 2.1777646304034
 Δlog(ℓ) = 5.19580981149059
 Δβ/SD[β] = -0.121414499523828 -0.193756228000552 -0.616548800577271 -0.0971821359520549 0.633147784617005 -1.06694421144809
Maximizing likelihood @ n=8×813=6504
 SD[log(ℓ)] = 1.59062894967137
 Δlog(ℓ) = -0.165239495899442
 Δβ/SD[β] = 0.368978877136135 0.380898013748771 0.318040367606575 0.316455814648418 0.408694713309253 -0.0705566743626148
Maximizing likelihood @ n=16×813=13008
 SD[log(ℓ)] = 1.18431090568568
 Δlog(ℓ) = 0.613172739406295
 Δβ/SD[β] = 0.647671176198362 0.945840333508405 -0.610468230989101 0.467310589107844 0.481309355412832 -0.232954767811647
Maximizing likelihood @ n=32×813=26016
 SD[log(ℓ)] = 0.885457584833827
 Δlog(ℓ) = 1.95247185843617
 Δβ/SD[β] = 0.331234101595151 0.225515766010445 0.0913012713520055 0.192544243717548 0.244471759298547 -0.44961757189993
Maximizing likelihood @ n=64×813=52032
 SD[log(ℓ)] = 0.639994968235705
 Δlog(ℓ) = 0.684182801188051
 Δβ/SD[β] = 0.0423646858446105 -0.0946019508544911 -0.0628081486548659 0.0243203083298389 0.183888814734602 -0.162922984849506
Maximizing likelihood @ n=128×813=104064
 SD[log(ℓ)] = 0.448985201768376
 Δlog(ℓ) = -0.167246586805675
 Δβ/SD[β] = 0.0811963815720446 -0.0755226937905441 -0.0157747610945459 0.0232286795575469 -0.0195770184905464 0.0291024302433413
Maximizing likelihood @ n=256×813=208128
 SD[log(ℓ)] = 0.321469595558966
 Δlog(ℓ) = 0.106209505666165
 Δβ/SD[β] = 0.134101747230942 0.106946145593892 0.110644093662572 0.0752951808055446 0.0850324935540259 -0.098898076960723
Maximizing likelihood @ n=512×813=416256
 SD[log(ℓ)] = 0.230136107114683
 Δlog(ℓ) = 0.271305578812655
 Δβ/SD[β] = 0.0287255972450101 -0.0256438296699858 -0.0359085039867569 -0.0643343752230885 -0.011330624799284 -0.0250798216161005
Maximizing likelihood @ n=1024×813=832512
 SD[log(ℓ)] = 0.163271970537823
 Δlog(ℓ) = 0.0826361330512633
 Δβ/SD[β] = 0.000207284452682358 0.00178167477395694 -0.0187780573476859 -0.00970201162394724 -0.0201398956811285 -0.0129364332789068
Maximizing likelihood @ n=2048×813=1665024
 SD[log(ℓ)] = 0.115481433854405
 Δlog(ℓ) = 0.079507747643234
 Δβ/SD[β] = 0.00176013738751551 -0.00654034500181695 -0.0105936016383822 0.00215012339029518 0.0127540952516428 0.0198087654577875
Maximizing likelihood @ n=4096×813=3330048
 SD[log(ℓ)] = 0.0811433451150689
 Δlog(ℓ) = -0.0387922442640551
 Δβ/SD[β] = 0.0238424348380344 0.0124096312441179 -0.0270880632610783 0.0125155256708975 -0.000498227317018438 0.021295973644599
Maximizing likelihood @ n=8192×813=6660096
 SD[log(ℓ)] = 0.0577692626617713
 Δlog(ℓ) = 0.0521718923385706
 Δβ/SD[β] = 0.00864673129182872 0.00248042691546438 -0.00458788813396317 -0.00172692598483351 0.00478172769951614 -0.0217852198260162
Maximizing likelihood @ n=16384×813=13320192
 SD[log(ℓ)] = 0.0407484169963613
 Δlog(ℓ) = -0.0501371422635266
 Δβ/SD[β] = 0.00393645970562504 0.0132774204726195 -0.0126299355815656 -0.00342604917398218 -0.0186754610568057 -0.00262976372941924
Calculating Hessian
Starting buffer 750 
Maximizing likelihood @ n=1×813=813
 SD[log(ℓ)] = 3.01778511753728
 Δlog(ℓ) = Inf
 Δβ/SD[β] = -0.516841627455628 -0.440006661624564 0.176294762467732 -25.7883908640611 -13.6808192380143 -3.2723207814402
Maximizing likelihood @ n=2×813=1626
 SD[log(ℓ)] = 2.68057517045853
 Δlog(ℓ) = 3.51296025034227
 Δβ/SD[β] = 0.463770028793404 0.0391669333124822 0.0782467323160274 -0.439307373436585 0.471364631681646 -0.413761395305296
Maximizing likelihood @ n=4×813=3252
 SD[log(ℓ)] = 2.09575105164148
 Δlog(ℓ) = 1.55363195582293
 Δβ/SD[β] = -0.0092524283630409 0.127971683758062 -0.0673064369512673 -0.194238325862401 0.0696983405920369 -0.434045851723294
Maximizing likelihood @ n=8×813=6504
 SD[log(ℓ)] = 1.59180125481138
 Δlog(ℓ) = 1.2754496019396
 Δβ/SD[β] = 0.164660191472215 -0.177049554187645 0.128095630504882 -0.24710290751303 0.0229480178713713 -0.0701959974352382
Maximizing likelihood @ n=16×813=13008
 SD[log(ℓ)] = 1.14399043906997
 Δlog(ℓ) = -0.527857789700846
 Δβ/SD[β] = 0.00882991051888637 0.00373621305779152 0.005919231821583 -0.102246244249843 0.066577184083633 -0.043235087790554
Maximizing likelihood @ n=32×813=26016
 SD[log(ℓ)] = 0.832855496882773
 Δlog(ℓ) = 1.64150567078891
 Δβ/SD[β] = 0.00338102940650766 -0.07226024518732 0.041693657995578 -0.136933699855428 -0.0267433309738142 -0.0287720023987827
Maximizing likelihood @ n=64×813=52032
 SD[log(ℓ)] = 0.620518303892775
 Δlog(ℓ) = 1.06774857818931
 Δβ/SD[β] = 0.0237002288370483 -0.0719291144843066 -0.0375545178692773 0.0236181916006607 0.0461421062140318 -0.225137582889495
Maximizing likelihood @ n=128×813=104064
 SD[log(ℓ)] = 0.449827793643466
 Δlog(ℓ) = 0.655353246935789
 Δβ/SD[β] = 0.0142086768702939 -0.0102000334581617 -0.0184707745310231 -0.0115321638900125 -0.00943777780911368 -0.0386130403736482
Maximizing likelihood @ n=256×813=208128
 SD[log(ℓ)] = 0.320551170355041
 Δlog(ℓ) = -0.163736827083188
 Δβ/SD[β] = -0.0468354285518166 -0.0273390757956943 0.00041928453173591 -0.0770849804644126 -0.0507279510520205 -0.0188964316334002
Maximizing likelihood @ n=512×813=416256
 SD[log(ℓ)] = 0.227577624814265
 Δlog(ℓ) = -0.010280086703446
 Δβ/SD[β] = -0.000125857862654158 -0.23838491244923 0.00602432230469695 -0.0895177380426215 0.0237658614173493 0.0138037002779455
Maximizing likelihood @ n=1024×813=832512
 SD[log(ℓ)] = 0.162376612166796
 Δlog(ℓ) = -0.0568724630192357
 Δβ/SD[β] = -0.00236761577414374 0.0185545722629738 -0.0163032648116797 -0.0339501092681568 -0.0246561144932107 -0.0174140854448081
Maximizing likelihood @ n=2048×813=1665024
 SD[log(ℓ)] = 0.114419402720853
 Δlog(ℓ) = 0.0230486492225275
 Δβ/SD[β] = 0.00303411193566276 0.000478808581241775 -0.0160045645707244 0.00364581404343706 -0.0038411964221472 0.0361333752705634
Maximizing likelihood @ n=4096×813=3330048
 SD[log(ℓ)] = 0.0811580944323797
 Δlog(ℓ) = -0.000357757250863955
 Δβ/SD[β] = -0.0141812028735598 0.00995910602741228 -0.0021414495994782 -0.0242444938750731 -0.0226345590649381 -0.00488043652374544
Maximizing likelihood @ n=8192×813=6660096
 SD[log(ℓ)] = 0.0571641817132131
 Δlog(ℓ) = -0.0399252992598811
 Δβ/SD[β] = -0.00342793805279164 -0.00691308955798982 -0.00124812445413141 -0.00244568786156524 0.00450313923120063 0.015466766168802
Maximizing likelihood @ n=16384×813=13320192
 SD[log(ℓ)] = 0.0405025979208757
 Δlog(ℓ) = -0.0257041596024941
 Δβ/SD[β] = 0.00415320512872336 0.00470881178845945 -0.0102359699629263 -0.0235662604450258 -0.00448364476969687 0.00397335252651446
Calculating Hessian
Maximizing likelihood @ n=1×813=813
 SD[log(ℓ)] = 2.66342448308403
 Δlog(ℓ) = Inf
 Δβ/SD[β] = -5.33242467861532 0.996280825871302 0.318780148951287 -20.9823419719948 -16.2765814519413 -2.82914440655298
Maximizing likelihood @ n=2×813=1626
 SD[log(ℓ)] = 2.45963129417285
 Δlog(ℓ) = 3.64144565731811
 Δβ/SD[β] = 0.189630181760809 -0.30528541649889 -0.506966159044304 -0.287743026076562 0.0850067638254475 -1.29712824579855
Maximizing likelihood @ n=4×813=3252
 SD[log(ℓ)] = 1.9366950739648
 Δlog(ℓ) = 2.16771743556515
 Δβ/SD[β] = -0.120715859401267 -0.191714976312937 0.379028633614306 -0.461905498625244 0.130553022231152 -0.13351762313623
Maximizing likelihood @ n=8×813=6504
 SD[log(ℓ)] = 1.56288073798427
 Δlog(ℓ) = 2.2854545556741
 Δβ/SD[β] = 0.166190386448376 -0.0801297536530673 -0.198469092089692 -0.212702403554312 0.198327603511833 -0.10741481734967
Maximizing likelihood @ n=16×813=13008
 SD[log(ℓ)] = 1.26080685748271
 Δlog(ℓ) = 3.49790154298612
 Δβ/SD[β] = 0.0714860995715565 -0.302425377073124 0.0906092623744408 -0.477876088983419 0.0627384444260712 -0.101186446640415
Maximizing likelihood @ n=32×813=26016
 SD[log(ℓ)] = 0.935293932189494
 Δlog(ℓ) = 0.695766492676793
 Δβ/SD[β] = 0.400697422912727 -1.32704605640173 -0.0724201173788457 -0.0627056817509013 0.0938611450770113 -0.11111223107414
Maximizing likelihood @ n=64×813=52032
 SD[log(ℓ)] = 0.650687030674992
 Δlog(ℓ) = -0.823502079127206
 Δβ/SD[β] = -0.0310843997070774 -0.000991852543869163 -0.0296013616531507 0.070119439210058 -0.0292756954300058 0.00197433042924338
Maximizing likelihood @ n=128×813=104064
 SD[log(ℓ)] = 0.458660433698113
 Δlog(ℓ) = -0.0249691685425724
 Δβ/SD[β] = 0.003477556132619 0.0272017472830135 0.0176703804618033 0.191984167002594 0.0445512698514394 -0.0312923968395741
Maximizing likelihood @ n=256×813=208128
 SD[log(ℓ)] = 0.327131353438292
 Δlog(ℓ) = 0.174529281679611
 Δβ/SD[β] = 0.0212981950598832 -0.0060223980151517 0.0050648686255425 -0.0229540031464894 0.000335769017270988 -0.029242641352653
Maximizing likelihood @ n=512×813=416256
 SD[log(ℓ)] = 0.233744080830231
 Δlog(ℓ) = 0.330597125987676
 Δβ/SD[β] = 0.0106890680292526 -0.00798052958158607 -0.00353316305460353 -0.0169273598811923 -0.00411859566014501 -0.0242776633074813
Maximizing likelihood @ n=1024×813=832512
 SD[log(ℓ)] = 0.163490710874674
 Δlog(ℓ) = -0.342403185341741
 Δβ/SD[β] = -0.0111971376801527 -0.0137055361524971 0.00537304289231542 -0.0175088444308493 -0.00341537596665585 0.0438581583667792
Maximizing likelihood @ n=2048×813=1665024
 SD[log(ℓ)] = 0.114788795542049
 Δlog(ℓ) = -0.264519659080737
 Δβ/SD[β] = 1.03841961417375e-05 -0.00105370415526698 2.58303041577941e-06 -0.000485154531909794 -0.00124603445762345 0.00658875911116439
Maximizing likelihood @ n=4096×813=3330048
 SD[log(ℓ)] = 0.081235687103892
 Δlog(ℓ) = -0.0724232780755401
 Δβ/SD[β] = -0.0352086750860819 0.00545380912741485 0.0326365488494877 -0.053181488592166 -0.0173174100366828 0.0119897434028836
Maximizing likelihood @ n=8192×813=6660096
 SD[log(ℓ)] = 0.0573397427640942
 Δlog(ℓ) = -0.0955368445531128
 Δβ/SD[β] = -0.00191597143413028 0.000284060146137846 0.0039549476030859 -0.00137634895747835 -0.00165917285961798 0.015323808778723
Maximizing likelihood @ n=16384×813=13320192
 SD[log(ℓ)] = 0.0403706067847076
 Δlog(ℓ) = -0.0496066225324832
 Δβ/SD[β] = 0.00337780825494191 -0.0104714780657455 0.00737948534283176 0.00927648135076486 -0.00740177343523604 0.00730961405636692
Calculating Hessian
Maximizing likelihood @ n=1×813=813
 SD[log(ℓ)] = 3.53614803701526
 Δlog(ℓ) = Inf
 Δβ/SD[β] = 2.10722764322901 1.15614781941943 0.788863498444549 -21.576199419357 -13.5256319345192 -4.29255838939489
Maximizing likelihood @ n=2×813=1626
 SD[log(ℓ)] = 2.95456723494764
 Δlog(ℓ) = 1.80249074083664
 Δβ/SD[β] = 0.233712045431578 -0.652374867579228 -0.565784661484582 -0.154221313232711 0.452989491220608 -0.807826412299115
Maximizing likelihood @ n=4×813=3252
 SD[log(ℓ)] = 2.23882250486214
 Δlog(ℓ) = 0.391341197246412
 Δβ/SD[β] = -0.224340482120597 -0.206367135250731 -0.337719425745503 0.135625840826453 -0.12663808134164 -0.408845541915591
Maximizing likelihood @ n=8×813=6504
 SD[log(ℓ)] = 1.62295262726534
 Δlog(ℓ) = -1.52983614928684
 Δβ/SD[β] = -0.153393829670651 -0.897425091708543 -0.548578262509609 -0.00554909225668844 0.0330806203538867 0.164196811356913
Maximizing likelihood @ n=16×813=13008
 SD[log(ℓ)] = 1.20780262527006
 Δlog(ℓ) = 1.00385875795569
 Δβ/SD[β] = 0.0867010162390083 -0.00220978322583794 -0.0424947440174846 0.0966325008980448 0.0953895461794523 -0.0829345414961811
Maximizing likelihood @ n=32×813=26016
 SD[log(ℓ)] = 0.880943808851973
 Δlog(ℓ) = 1.36002707066041
 Δβ/SD[β] = -0.041938855399543 0.0569442958366887 0.088389516880367 0.0133457206631413 0.216785920129414 -0.105327162937357
Maximizing likelihood @ n=64×813=52032
 SD[log(ℓ)] = 0.647227633587348
 Δlog(ℓ) = 0.819024653414992
 Δβ/SD[β] = -0.0335888900772879 -0.040896795087195 -0.0354233802762357 -0.0227513111008386 -0.0269916009557609 -0.0587136207851931
Maximizing likelihood @ n=128×813=104064
 SD[log(ℓ)] = 0.453313433500691
 Δlog(ℓ) = -0.0264438981576411
 Δβ/SD[β] = 4.52612550605227e-05 -0.0151289814697031 -0.00523752120961641 -0.0112301643443372 0.0309041844623633 0.0296396176302176
Maximizing likelihood @ n=256×813=208128
 SD[log(ℓ)] = 0.322989099257369
 Δlog(ℓ) = -0.25315130696691
 Δβ/SD[β] = -0.0711380645370016 -0.0537078685538856 0.0074166296983036 -0.121199531364389 0.0202539726458575 -0.00150767795217056
Maximizing likelihood @ n=512×813=416256
 SD[log(ℓ)] = 0.225003699131889
 Δlog(ℓ) = -0.0803227596876539
 Δβ/SD[β] = 0.00539672174703991 -0.020638337296395 0.00759109558743753 -0.0189051610813454 -0.0432535390246554 0.0466776094613896
Maximizing likelihood @ n=1024×813=832512
 SD[log(ℓ)] = 0.160649074643547
 Δlog(ℓ) = 0.26465976361257
 Δβ/SD[β] = -0.00955574483952019 -0.00430574622272905 0.00940759488642801 -0.0150326047426061 0.0133913553488088 -0.02904513112209
Maximizing likelihood @ n=2048×813=1665024
 SD[log(ℓ)] = 0.112728005987811
 Δlog(ℓ) = 0.0642097705153439
 Δβ/SD[β] = 0.018153660215546 -0.030073737054036 -0.0388283887525779 -0.0981464277821119 -0.0171967724143154 0.0468966156008934
Maximizing likelihood @ n=4096×813=3330048
 SD[log(ℓ)] = 0.0808584574954269
 Δlog(ℓ) = -0.0649969831750354
 Δβ/SD[β] = 0.024454695103929 0.00615146209455226 -0.00768331204252461 -0.0319846366144646 0.0232974277518613 -0.0375378624819173
Maximizing likelihood @ n=8192×813=6660096
 SD[log(ℓ)] = 0.0568697866179504
 Δlog(ℓ) = 0.0828539277824589
 Δβ/SD[β] = 0.00934124843560044 -0.0414076245324562 0.02953156350971 -0.0459054185177489 0.00462328660587908 0.0286549776857202
Maximizing likelihood @ n=16384×813=13320192
 SD[log(ℓ)] = 0.0405228858275239
 Δlog(ℓ) = -0.0646639614518314
 Δβ/SD[β] = -0.0123461926231896 -0.0191973319164991 -0.00946566311050005 -0.0112159599558441 -0.01775091798132 -0.0169300413848786
Calculating Hessian
Maximizing likelihood @ n=1×813=813
 SD[log(ℓ)] = 3.26401646618721
 Δlog(ℓ) = Inf
 Δβ/SD[β] = 0.156465513978376 -0.131641608829148 -0.0152867255284801 -19.7898642861529 -12.8869160603048 -4.47749062621071
Maximizing likelihood @ n=2×813=1626
 SD[log(ℓ)] = 2.50827249990428
 Δlog(ℓ) = -0.0317732757697673
 Δβ/SD[β] = 0.143704937218341 0.0582598005119019 0.158394310444639 -0.0723358516560689 0.0540554495496004 -0.201607747812303
Maximizing likelihood @ n=4×813=3252
 SD[log(ℓ)] = 1.95469519869927
 Δlog(ℓ) = 1.15625564206307
 Δβ/SD[β] = -0.125566821692891 0.212159971518692 0.0680679810177975 -0.693707166130121 0.100904952374886 -0.412294742469322
Maximizing likelihood @ n=8×813=6504
 SD[log(ℓ)] = 1.62366997106433
 Δlog(ℓ) = 3.91646492276645
 Δβ/SD[β] = -0.037319893936759 0.0396123929505128 0.113435294484342 0.029189232069303 0.0841455887737592 -0.200295117390094
Maximizing likelihood @ n=16×813=13008
 SD[log(ℓ)] = 1.16182252880511
 Δlog(ℓ) = 0.581070771728506
 Δβ/SD[β] = 0.0803404970635031 0.00435593167618236 0.0709984208699512 -0.0978341014220977 0.0221847881976984 0.002140552721008
Maximizing likelihood @ n=32×813=26016
 SD[log(ℓ)] = 0.810880223563196
 Δlog(ℓ) = -0.533215086302242
 Δβ/SD[β] = 0.392937574975868 0.00639749727092149 -0.315685515354732 -0.451193168493977 -0.041561223496263 0.00600370645736039
Maximizing likelihood @ n=64×813=52032
 SD[log(ℓ)] = 0.611945190548209
 Δlog(ℓ) = 0.830306074940282
 Δβ/SD[β] = 0.0598283736593234 0.0512367522729531 -0.0998554887236098 -0.221929980642925 -0.0187869904543528 -0.0587924052353049
Maximizing likelihood @ n=128×813=104064
 SD[log(ℓ)] = 0.429702029912056
 Δlog(ℓ) = 0.404255101817974
 Δβ/SD[β] = 0.0475614896948315 0.019047413871633 -0.127090849946199 -0.270480096888481 0.0581984793370612 0.0373367281537192
Maximizing likelihood @ n=256×813=208128
 SD[log(ℓ)] = 0.312425896035969
 Δlog(ℓ) = 0.241198913420568
 Δβ/SD[β] = -0.155970036268123 0.0584512532540825 0.319565584268239 -1.15901674294685 -0.0408660273272082 0.0477437592867256
Maximizing likelihood @ n=512×813=416256
 SD[log(ℓ)] = 0.2244987215331
 Δlog(ℓ) = -0.0734474863324657
 Δβ/SD[β] = 0.0366632729151448 -0.0652148036347332 -0.0304144592396981 -0.148626217085658 0.0534944860467756 0.0187028788878382
Maximizing likelihood @ n=1024×813=832512
 SD[log(ℓ)] = 0.160451382768639
 Δlog(ℓ) = 0.119022370069761
 Δβ/SD[β] = -0.000559524763743946 0.00553440916114355 0.0110638595541676 -0.00620016702328304 -0.0190797371408525 -0.0341657782506257
Maximizing likelihood @ n=2048×813=1665024
 SD[log(ℓ)] = 0.113417843753131
 Δlog(ℓ) = -0.0852940770457522
 Δβ/SD[β] = 0.00499710380449937 -0.0132429016864213 -0.00497199649565929 0.00440248726383409 0.012009778192221 0.00581918449830056
Maximizing likelihood @ n=4096×813=3330048
 SD[log(ℓ)] = 0.0806514890198361
 Δlog(ℓ) = 0.0602080046989677
 Δβ/SD[β] = 0.0277438680982036 -0.0198541354496591 -0.00440505352294673 -0.0276582584200805 0.00846861539490059 -0.0116677897795733
Maximizing likelihood @ n=8192×813=6660096
 SD[log(ℓ)] = 0.0568523558959058
 Δlog(ℓ) = 0.0554586289404035
 Δβ/SD[β] = 0.00466609723159777 -0.0121009593523825 -0.00347715403687138 -0.00477076376751847 0.000305990562249254 0.0115114488041167
Maximizing likelihood @ n=16384×813=13320192
 SD[log(ℓ)] = 0.0404031774018623
 Δlog(ℓ) = 0.0430671505262552
 Δβ/SD[β] = 0.00326965109775795 -0.0127994648886501 0.0021508650054927 -0.0113676533895822 0.00332915922606644 -0.00972010458197291
Calculating Hessian
Starting buffer 1500 
Maximizing likelihood @ n=1×813=813
 SD[log(ℓ)] = 3.31635188700149
 Δlog(ℓ) = Inf
 Δβ/SD[β] = 1.52088019783736 0.229970879567433 1.1530925473321 -25.705209528381 -15.8439281862612 -3.99030260562736
Maximizing likelihood @ n=2×813=1626
 SD[log(ℓ)] = 2.91258799474879
 Δlog(ℓ) = 3.89452938714991
 Δβ/SD[β] = 0.0932546254103589 0.0849811316140523 -1.14101989814619 -0.401718605562462 0.315425535548986 -0.867537282891694
Maximizing likelihood @ n=4×813=3252
 SD[log(ℓ)] = 2.10877690968387
 Δlog(ℓ) = -2.11712657714629
 Δβ/SD[β] = 0.0344946504896588 -0.012593978482479 0.0161252661229426 0.0182164186874822 0.00935134341826219 -0.0787293472193346
Maximizing likelihood @ n=8×813=6504
 SD[log(ℓ)] = 1.65252131464395
 Δlog(ℓ) = 2.53010785238889
 Δβ/SD[β] = -0.141473528848914 -0.427716634343019 -0.278911454148614 -0.0712011699577993 0.253536854395151 -0.0780020427211267
Maximizing likelihood @ n=16×813=13008
 SD[log(ℓ)] = 1.24419330632931
 Δlog(ℓ) = 1.29653338709014
 Δβ/SD[β] = 0.146670315321219 -0.0519981331252168 -0.150741943311583 -0.267308695925246 -0.0263077884761671 -0.147006685208507
Maximizing likelihood @ n=32×813=26016
 SD[log(ℓ)] = 0.888163381432988
 Δlog(ℓ) = -0.0214238239073197
 Δβ/SD[β] = 0.012049598725621 -0.0804670226451081 0.0236163721736441 0.350623214968217 -0.0537817999719897 -0.212776819474041
Maximizing likelihood @ n=64×813=52032
 SD[log(ℓ)] = 0.635958109479785
 Δlog(ℓ) = 0.0353894111735933
 Δβ/SD[β] = -0.0129661433059921 -0.0279984945803184 -0.0609759158659029 0.0605190663458351 0.132992734087773 0.0134628741394122
Maximizing likelihood @ n=128×813=104064
 SD[log(ℓ)] = 0.447186066793407
 Δlog(ℓ) = 0.126827211951849
 Δβ/SD[β] = 0.00323898993679803 -0.0149784442370882 0.0060244635731413 -0.00061412134856681 0.0294692134242224 0.0217468290397394
Maximizing likelihood @ n=256×813=208128
 SD[log(ℓ)] = 0.320779848533608
 Δlog(ℓ) = 0.202115527310056
 Δβ/SD[β] = 0.0291812000789956 -0.08343836484302 0.0261981601565615 -0.138663083602637 0.0887158838674735 0.0166427406183165
Maximizing likelihood @ n=512×813=416256
 SD[log(ℓ)] = 0.228003228979579
 Δlog(ℓ) = -0.0832070462890826
 Δβ/SD[β] = 0.0120635925368736 -0.00149154961586618 0.00408251413664929 -0.00467933752060808 -0.0330264507908674 -0.00973688570177773
Maximizing likelihood @ n=1024×813=832512
 SD[log(ℓ)] = 0.160120849851453
 Δlog(ℓ) = 0.0469820475916016
 Δβ/SD[β] = -0.0202713064356823 -0.0726445125768669 -0.0373905623759575 -0.0461917439472747 -0.0320265367441818 0.0357657472523535
Maximizing likelihood @ n=2048×813=1665024
 SD[log(ℓ)] = 0.114710112007846
 Δlog(ℓ) = 0.186633052248446
 Δβ/SD[β] = 0.00251488936442529 0.000898361519155501 0.00270364539335836 0.00647627745233863 0.0186338659870631 -0.0291990327315338
Maximizing likelihood @ n=4096×813=3330048
 SD[log(ℓ)] = 0.0805185506989144
 Δlog(ℓ) = -0.0492962674322257
 Δβ/SD[β] = -0.0101943891848491 -0.0344213309673196 0.0115153472451625 -0.0130936146961805 0.0192859648814978 0.0222347236273016
Maximizing likelihood @ n=8192×813=6660096
 SD[log(ℓ)] = 0.0571857895740328
 Δlog(ℓ) = -0.123983166331367
 Δβ/SD[β] = -0.00617277673764847 0.00253498600880742 -0.00675874309958574 0.00475317147148707 -0.0114031616311413 -0.0170589430977504
Maximizing likelihood @ n=16384×813=13320192
 SD[log(ℓ)] = 0.0401722230301771
 Δlog(ℓ) = 0.0328445528794248
 Δβ/SD[β] = 0.0285485963240983 -0.0826131293471978 0.0157792631206024 0.00823247459383669 -0.0466373622671079 0.0146112132541445
Calculating Hessian
Maximizing likelihood @ n=1×813=813
 SD[log(ℓ)] = 3.17172682514446
 Δlog(ℓ) = Inf
 Δβ/SD[β] = -2.831278038431 0.046151855361125 -0.256456583128874 -21.9640984829335 -12.8233626828671 -3.6252771402691
Maximizing likelihood @ n=2×813=1626
 SD[log(ℓ)] = 2.66680091569421
 Δlog(ℓ) = 2.77591766631576
 Δβ/SD[β] = 0.529089834574042 -0.505500062304498 0.500947903712261 -0.52724494893409 0.14708830605751 -0.380546336168736
Maximizing likelihood @ n=4×813=3252
 SD[log(ℓ)] = 1.94757451756033
 Δlog(ℓ) = -0.649839236798607
 Δβ/SD[β] = 0.0664919460085512 0.0570025428540399 -0.0442936750905882 0.0152093595953783 0.0407415819975494 -0.0936999637125635
Maximizing likelihood @ n=8×813=6504
 SD[log(ℓ)] = 1.64167166884101
 Δlog(ℓ) = 4.63338873923259
 Δβ/SD[β] = -0.0417724441999671 -0.25292897182282 -0.00772322833711062 0.101736061592081 0.10052932903951 -0.220674819603109
Maximizing likelihood @ n=16×813=13008
 SD[log(ℓ)] = 1.17333339942135
 Δlog(ℓ) = 1.20849061424295
 Δβ/SD[β] = 0 0 0 0 0 0
Maximizing likelihood @ n=32×813=26016
 SD[log(ℓ)] = 0.833866265387307
 Δlog(ℓ) = -0.946394437139535
 Δβ/SD[β] = -0.0493484391494351 -0.0769666928452716 0.092673420014103 -0.0887626678843797 -0.127285472544466 -0.068684921863789
Maximizing likelihood @ n=64×813=52032
 SD[log(ℓ)] = 0.594395280157695
 Δlog(ℓ) = -0.449400411700452
 Δβ/SD[β] = -0.0258314090079747 0.00575378573721712 0.00537545111382071 -0.0427427469235537 0.0615497473243725 -0.0358554605482984
Maximizing likelihood @ n=128×813=104064
 SD[log(ℓ)] = 0.420188026598541
 Δlog(ℓ) = -0.111268064477429
 Δβ/SD[β] = 0.024409911775978 0.00667554884491339 0.0294333347020752 0.00564651803217787 -0.046811581455641 -0.00387249989612245
Maximizing likelihood @ n=256×813=208128
 SD[log(ℓ)] = 0.304595757835225
 Δlog(ℓ) = 0.217235676337765
 Δβ/SD[β] = -0.00431808852185844 0.0386572275543798 0.0969944353956208 -0.179984745231884 0.014225909866298 -0.0706009933330451
Maximizing likelihood @ n=512×813=416256
 SD[log(ℓ)] = 0.211562764066695
 Δlog(ℓ) = -0.0129019803548722
 Δβ/SD[β] = -0.0160537325073967 0.00254687295154191 -0.0114247139623412 -0.0380042609717154 0.0110168329287958 0.0629155168324027
Maximizing likelihood @ n=1024×813=832512
 SD[log(ℓ)] = 0.149280467397665
 Δlog(ℓ) = -0.087993387920239
 Δβ/SD[β] = 0 0 0 0 0 0
Maximizing likelihood @ n=2048×813=1665024
 SD[log(ℓ)] = 0.105893489652413
 Δlog(ℓ) = 0.130006910834688
 Δβ/SD[β] = -0.0104180301165545 0.020963911728625 -0.0146093373211659 -0.00559023795818159 -0.0538947489886079 -0.00671812916819795
Maximizing likelihood @ n=4096×813=3330048
 SD[log(ℓ)] = 0.0756621474966705
 Δlog(ℓ) = 0.209771350481184
 Δβ/SD[β] = 0.0129529805111136 0.0042438936193091 -0.0178898845934692 -0.0346368574380363 0.028075493019444 -0.0262817228661673
Maximizing likelihood @ n=8192×813=6660096
 SD[log(ℓ)] = 0.0531016465696041
 Δlog(ℓ) = -0.00919364030480097
 Δβ/SD[β] = -0.00732926691057931 -0.0500063643588869 -0.0188902419401982 -0.0931917713893398 -0.00300118530585201 0.00837528130700698
Maximizing likelihood @ n=16384×813=13320192
 SD[log(ℓ)] = 0.0395667515917344
 Δlog(ℓ) = 0.869668495825184
 Δβ/SD[β] = 1.9352551250459 -2.01158925415231 1.27265804819212 -19.8044924879072 -0.0863104146829435 0.168663089004959
Calculating Hessian
Maximizing likelihood @ n=1×813=813
 SD[log(ℓ)] = 3.51967122628496
 Δlog(ℓ) = Inf
 Δβ/SD[β] = -4.57550910947172 -1.73351631440627 0.330529674749812 -20.3771631178507 -16.0233348111514 -4.56048445563158
Maximizing likelihood @ n=2×813=1626
 SD[log(ℓ)] = 2.69600925289349
 Δlog(ℓ) = -1.30989233872101
 Δβ/SD[β] = -0.243892106312082 0.399534755696009 0.0762128192670067 0.408052816637044 0.615866251393312 -0.214609919281552
Maximizing likelihood @ n=4×813=3252
 SD[log(ℓ)] = 2.20093530261208
 Δlog(ℓ) = 2.7951726236744
 Δβ/SD[β] = -0.0457780105840892 0.567282263692728 -0.0449644736043126 0.078363510885002 0.440322721260703 -0.640573079431672
Maximizing likelihood @ n=8×813=6504
 SD[log(ℓ)] = 1.64707713833218
 Δlog(ℓ) = 0.692976117157841
 Δβ/SD[β] = -0.0472085803547703 0.0673686084238731 -0.0148127761741211 -0.0444921096948656 0.0957190274206957 -0.268628543923696
Maximizing likelihood @ n=16×813=13008
 SD[log(ℓ)] = 1.2052172563455
 Δlog(ℓ) = 0.379037302987857
 Δβ/SD[β] = -0.0384194538982211 -0.196319689703815 -0.48385155390491 -0.285024797010215 0.123951965291604 0.00970960889140792
Maximizing likelihood @ n=32×813=26016
 SD[log(ℓ)] = 0.868082344260636
 Δlog(ℓ) = 0.0593701105513809
 Δβ/SD[β] = 0.010875752292539 -0.0181499802689534 -0.0175117102680175 -0.0470098877185553 -0.0099592400042484 -0.0602779882697047
Maximizing likelihood @ n=64×813=52032
 SD[log(ℓ)] = 0.628496364599152
 Δlog(ℓ) = 0.458481171813229
 Δβ/SD[β] = 0.0437168104682746 -0.0661046556978228 -0.0156750795198906 -0.289441949513187 -0.00380214919126525 -0.0127775393028372
Maximizing likelihood @ n=128×813=104064
 SD[log(ℓ)] = 0.45117065186225
 Δlog(ℓ) = 0.3517505808917
 Δβ/SD[β] = 0.00886523132668937 0.0043148741315153 -0.00174139728228044 -0.0327821314777412 0.0105805563168222 -0.047962117761925
Maximizing likelihood @ n=256×813=208128
 SD[log(ℓ)] = 0.318797541633332
 Δlog(ℓ) = -0.0389502303334126
 Δβ/SD[β] = -0.00531206678799364 0.00807053221740974 0.00171506361723218 0.00466245759214593 0.0285724714185159 0.0215935849286244
Maximizing likelihood @ n=512×813=416256
 SD[log(ℓ)] = 0.228618164884325
 Δlog(ℓ) = 0.366071249669474
 Δβ/SD[β] = 0.00304977813875531 -0.0042716076213967 0.00765712030328526 -0.0185930858862369 0.0433998281261332 -0.0467602588754676
Maximizing likelihood @ n=1024×813=832512
 SD[log(ℓ)] = 0.160778094217197
 Δlog(ℓ) = -0.103503498574831
 Δβ/SD[β] = -0.0107931745442577 0.0102262299610493 -0.013781858746755 0.0246555450547591 0.00594369913845941 0.0117087861673045
Maximizing likelihood @ n=2048×813=1665024
 SD[log(ℓ)] = 0.114295899168891
 Δlog(ℓ) = 0.0935204924900965
 Δβ/SD[β] = 0.00765617280200981 0.00292911730395084 0.00853497867946498 0.00468185288552162 -0.00986379511936593 -0.018547838207536
Maximizing likelihood @ n=4096×813=3330048
 SD[log(ℓ)] = 0.081306736720606
 Δlog(ℓ) = 0.194509412686731
 Δβ/SD[β] = -0.00205919915058004 -0.00309892508190081 -0.00156581282152234 0.00512595044041978 0.000787771216130807 -0.0258364128377814
Maximizing likelihood @ n=8192×813=6660096
 SD[log(ℓ)] = 0.0575359028080225
 Δlog(ℓ) = -0.069993347867463
 Δβ/SD[β] = 0.000708703256166936 0.00167590767035823 0.00272780550618658 -0.000194473449486947 -0.00833825603003823 -0.00343227592708162
Maximizing likelihood @ n=16384×813=13320192
 SD[log(ℓ)] = 0.0405443244638398
 Δlog(ℓ) = -0.0823304843243875
 Δβ/SD[β] = 0.00159195072558096 0.00156358854702848 0.0024048514001617 -0.00424159823071455 -0.00267920870255933 0.0117996114466401
Calculating Hessian
Maximizing likelihood @ n=1×813=813
 SD[log(ℓ)] = 3.17076819295806
 Δlog(ℓ) = Inf
 Δβ/SD[β] = 0.672372680018478 0.158733623476269 -0.118955662383953 -0.916742553101408 -0.860353156746843 -0.183536417666436
Maximizing likelihood @ n=2×813=1626
 SD[log(ℓ)] = 2.66519500794869
 Δlog(ℓ) = 2.7792640514399
 Δβ/SD[β] = 0.282555829907353 0.284827335436292 0.144542110818999 -0.368894660027162 0.318675974576529 -1.0217402059256
Maximizing likelihood @ n=4×813=3252
 SD[log(ℓ)] = 2.02371203197268
 Δlog(ℓ) = 0.538150599755351
 Δβ/SD[β] = 0.0558770761594991 0.0141809026704936 0.0800422757177599 -0.457874532294566 0.228084445423569 -0.22721432625719
Maximizing likelihood @ n=8×813=6504
 SD[log(ℓ)] = 1.59398396782195
 Δlog(ℓ) = 1.95296644467188
 Δβ/SD[β] = 0.369979411985323 -0.0309286347341344 -0.0919638085758561 -0.672033338919984 0.435870636683368 -0.353982625850712
Maximizing likelihood @ n=16×813=13008
 SD[log(ℓ)] = 1.19028481555123
 Δlog(ℓ) = 1.28421621525866
 Δβ/SD[β] = 0.254436016886734 0.38362998387523 -0.273315801109679 -0.190840494050526 0.090644388368794 -0.331968789435637
Maximizing likelihood @ n=32×813=26016
 SD[log(ℓ)] = 0.874819840184944
 Δlog(ℓ) = 0.781707466630916
 Δβ/SD[β] = 0.0781315009013519 0.0672016208871649 0.0207315446860141 -0.0780887845875334 -0.053674121896975 -0.250878975717088
Maximizing likelihood @ n=64×813=52032
 SD[log(ℓ)] = 0.630706432086635
 Δlog(ℓ) = 0.595082335511787
 Δβ/SD[β] = 0.107603508389827 0.33376290987336 -0.0687500090232448 -0.196961037264399 -0.130932110075035 -0.140325903139194
Maximizing likelihood @ n=128×813=104064
 SD[log(ℓ)] = 0.452103395141439
 Δlog(ℓ) = 0.0949061728216662
 Δβ/SD[β] = 0.0114004466785834 0.0268611217983307 -0.179609207631871 -0.103996912906848 0.110039015575477 -0.0598338001563371
Maximizing likelihood @ n=256×813=208128
 SD[log(ℓ)] = 0.315815469271662
 Δlog(ℓ) = 0.18033789136452
 Δβ/SD[β] = 0.0689910141266438 0.106380360255436 -0.0528229008345302 -0.0803434607007549 -0.123693601940582 0.0750552428064453
Maximizing likelihood @ n=512×813=416256
 SD[log(ℓ)] = 0.22630250841411
 Δlog(ℓ) = 0.121629735922006
 Δβ/SD[β] = -0.0136548870930805 0.0227814519615557 0.00483781977613671 -0.00189149946227779 -0.000556121249156782 -0.0547951320892711
Maximizing likelihood @ n=1024×813=832512
 SD[log(ℓ)] = 0.160822693111616
 Δlog(ℓ) = -0.0719608815551354
 Δβ/SD[β] = 0.020772689958373 -0.0227831071597865 -0.00517175604798022 0.00175187609404172 -0.013763817916854 -0.0129054088269431
Maximizing likelihood @ n=2048×813=1665024
 SD[log(ℓ)] = 0.113480398560124
 Δlog(ℓ) = -0.177311596230012
 Δβ/SD[β] = 0.00466417553520193 0.00522262397893618 -0.060678780593954 -0.0152401638174897 -0.0415602631281388 0.0152912559724756
Maximizing likelihood @ n=4096×813=3330048
 SD[log(ℓ)] = 0.0799210424174424
 Δlog(ℓ) = -0.117135930967308
 Δβ/SD[β] = 0.0305208537526504 0.0186310098403037 0.0012742817372366 -0.00918002967742688 -0.0108997778334543 0.0256979572863875
Maximizing likelihood @ n=8192×813=6660096
 SD[log(ℓ)] = 0.0567349170072849
 Δlog(ℓ) = 0.01990701994945
 Δβ/SD[β] = -0.00359934887046947 0.0110722353293064 0.00906724547536956 -0.00531832752553804 0.000440190074739289 -0.0141810424478138
Maximizing likelihood @ n=16384×813=13320192
 SD[log(ℓ)] = 0.0400828798556098
 Δlog(ℓ) = -0.0333270255310083
 Δβ/SD[β] = 0.0194155796920707 0.0266998301311305 -0.0185035946994906 -0.0286081164786347 0.0176013655313804 0.0103672597547351
Calculating Hessian
There were 13 warnings (use warnings() to see them)
Script complete
Sat Nov 16 09:48:08 MST 2024
