Fri Nov 15 15:54:54 MST 2024
Initiating script
── Attaching core tidyverse packages ──────────────────────── tidyverse 2.0.0 ──
✔ dplyr     1.1.4     ✔ readr     2.1.5
✔ forcats   1.0.0     ✔ stringr   1.5.1
✔ ggplot2   3.5.1     ✔ tibble    3.2.1
✔ lubridate 1.9.3     ✔ tidyr     1.3.1
✔ purrr     1.0.2     
── Conflicts ────────────────────────────────────────── tidyverse_conflicts() ──
✖ ggplot2::annotate() masks ctmm::annotate()
✖ dplyr::filter()     masks stats::filter()
✖ dplyr::lag()        masks stats::lag()
ℹ Use the conflicted package (<http://conflicted.r-lib.org/>) to force all conflicts to become errors
Linking to GEOS 3.9.5, GDAL 3.8.5, PROJ 9.4.0; sf_use_s2() is TRUE
Loading required package: sp

Attaching package: ‘raster’

The following object is masked from ‘package:dplyr’:

    select

The following objects are masked from ‘package:ctmm’:

    projection, projection<-

terra 1.7.78

Attaching package: ‘terra’

The following object is masked from ‘package:tidyr’:

    extract

The following objects are masked from ‘package:ctmm’:

    distance, meta

[1] "/home/u15/mmercer3/proj/habitat_analysis_class/Final/Model_Fit_Results/Dave_rr.Rda"
     [,1]                                
[1,] "Data loaded at 2024-11-15 15:55:06"
Reading layer `major' from data source 
  `/home/u15/mmercer3/proj/habitat_analysis_class/Final/Major_Roads' 
  using driver `ESRI Shapefile'
Simple feature collection with 411 features and 7 fields
Geometry type: LINESTRING
Dimension:     XY
Bounding box:  xmin: 477946 ymin: 3545735 xmax: 511807.9 ymax: 3592212
Projected CRS: WGS 84 / UTM zone 12N
     [,1]                                 
[1,] "Roads loaded at 2024-11-15 15:55:06"
|---------|---------|---------|---------|=========================================                                          [1] 1681968
[1] 1681968
Starting buffer 30 
Maximizing likelihood @ n=1×145=145
 SD[log(ℓ)] = 6.07759796890041
 Δlog(ℓ) = Inf
 Δβ/SD[β] = -0.319092160330288 0.798193929307694 0.99189707161322 -15.6993982712168 3.96912288407069 -1.3978505681654
Maximizing likelihood @ n=2×145=290
 SD[log(ℓ)] = 5.56852372797473
 Δlog(ℓ) = 14.44908459655
 Δβ/SD[β] = 0.205299838245867 0.38670225672795 -0.932399987928367 -0.757454849893121 1.52054406561979 0.419261689467119
Maximizing likelihood @ n=4×145=580
 SD[log(ℓ)] = 4.4674685926542
 Δlog(ℓ) = 8.02799381386685
 Δβ/SD[β] = 0.534877999846482 0.831885128597563 -0.199261780928559 -1.5775436050253 0.653104118235076 0.138515822664882
Maximizing likelihood @ n=8×145=1160
 SD[log(ℓ)] = 3.37457221736692
 Δlog(ℓ) = 1.88368301527234
 Δβ/SD[β] = -0.108096961833085 -0.189699476546831 -0.0205958164712086 0.121705613027719 0.365322561179997 -0.0681642016895857
Maximizing likelihood @ n=16×145=2320
 SD[log(ℓ)] = 2.514730552266
 Δlog(ℓ) = 1.64714420483183
 Δβ/SD[β] = 0.108997070200356 -0.180030259194014 -0.107354249656484 0.159514436900361 0.0317484786459614 -0.11532156367339
Maximizing likelihood @ n=32×145=4640
 SD[log(ℓ)] = 1.83436016018339
 Δlog(ℓ) = -0.952672149743528
 Δβ/SD[β] = -0.0147590498812371 -0.150196865828439 0.0869522146526379 0.0168616145655749 -0.0226500885817168 0.0096128846629932
Maximizing likelihood @ n=64×145=9280
 SD[log(ℓ)] = 1.38006737529329
 Δlog(ℓ) = 3.26562023806412
 Δβ/SD[β] = -0.638071022662865 -0.60931670727497 0.327973729874491 -0.306418901137142 0.214184084101107 -0.0505523431873145
Maximizing likelihood @ n=128×145=18560
 SD[log(ℓ)] = 0.96529978126342
 Δlog(ℓ) = 0.853022898614633
 Δβ/SD[β] = -0.169889486358582 -0.397301031584386 -0.219712395876375 0.115874388597102 0.0461901521098124 0.130434481736568
Maximizing likelihood @ n=256×145=37120
 SD[log(ℓ)] = 0.786425968870756
 Δlog(ℓ) = 0.575814789929908
 Δβ/SD[β] = -0.0315653777344422 0.0120591552991798 -0.0292773322219423 0.13369550909967 0.0224443488453618 -0.0174389067612429
Maximizing likelihood @ n=512×145=74240
 SD[log(ℓ)] = 0.537158701153382
 Δlog(ℓ) = 0.229336309343644
 Δβ/SD[β] = 0.0156220050640906 -0.263116833171912 0.0257325461112182 -0.0665164836568257 -0.0107836595755467 -0.145798000349961
Maximizing likelihood @ n=1024×145=148480
 SD[log(ℓ)] = 0.384184158576618
 Δlog(ℓ) = 0.568511818537061
 Δβ/SD[β] = 0.0490992590889235 -0.0280165055585375 -0.0239118488518398 -0.267789374485621 0.0441820179836794 0.0145606730099147
Maximizing likelihood @ n=2048×145=296960
 SD[log(ℓ)] = 0.329709487491047
 Δlog(ℓ) = 0.107046232880776
 Δβ/SD[β] = 0.0115440500283339 -0.00759027823092848 -0.0334439323150631 0.0762236604243823 0.0320093673156983 0.0378720828160925
Maximizing likelihood @ n=4096×145=593920
 SD[log(ℓ)] = 0.215116547251146
 Δlog(ℓ) = 0.342412411396573
 Δβ/SD[β] = -0.0542059501852753 -0.0474465329054643 0.0434947782315314 -0.0635460865728353 -0.0177983860194436 0.120675427445106
Maximizing likelihood @ n=8192×145=1187840
 SD[log(ℓ)] = 0.162055280360761
 Δlog(ℓ) = -0.117508995234694
 Δβ/SD[β] = 0.015266256404429 0.00771809732280248 0.0125452822873668 -0.0393102915354258 0.0127892339045481 -0.0113111434595413
Maximizing likelihood @ n=16384×145=2375680
 SD[log(ℓ)] = 0.107853932104377
 Δlog(ℓ) = 0.217176134697681
 Δβ/SD[β] = 0.0121550265140548 -0.00842828660106595 0.00559254478029772 -0.0608205896785682 0.0187307409154726 0.0246256189530647
Maximizing likelihood @ n=32768×145=4751360
 SD[log(ℓ)] = 0.0803407033959722
 Δlog(ℓ) = -0.0754190820381808
 Δβ/SD[β] = 4.21548064351285e-06 0.000775862327624062 -0.00257228648731396 0.0178778536290542 -0.0128534053676757 0.00136135876726378
Maximizing likelihood @ n=65536×145=9502720
 SD[log(ℓ)] = 0.0536480695397849
 Δlog(ℓ) = 0.0351182280808899
 Δβ/SD[β] = 0.0143763833740121 -0.0131357482077983 -0.0183719789170623 -0.0256915339528257 -0.0033146725856808 0.00742989082077073
Maximizing likelihood @ n=131072×145=19005440
 SD[log(ℓ)] = 0.0370290714212866
 Δlog(ℓ) = 0.0575496386155407
 Δβ/SD[β] = -0.00685880829809298 -0.0456564377489865 -0.0153542603915478 0.0234624052206248 -0.0192526024992924 0.0210164025923565
Calculating Hessian
Maximizing likelihood @ n=1×145=145
 SD[log(ℓ)] = 5.54661926994483
 Δlog(ℓ) = Inf
 Δβ/SD[β] = 0.313768103865716 0.0578056938916054 0.0760310676121468 -1.35274639445857 0.454309220750321 -0.0170761309408199
Maximizing likelihood @ n=2×145=290
 SD[log(ℓ)] = 5.49795948893336
 Δlog(ℓ) = 15.6253678187131
 Δβ/SD[β] = 1.77171450624886 0.432447606399422 -2.08055148660421 -0.190477970713437 1.05945024825515 1.12026820396118
Maximizing likelihood @ n=4×145=580
 SD[log(ℓ)] = 4.85235216368802
 Δlog(ℓ) = 16.9129790823755
 Δβ/SD[β] = 4.11812327581103 -0.354891608456693 1.12863514639462 -0.254669281066026 0.24963241856448 -0.790482949488526
Maximizing likelihood @ n=8×145=1160
 SD[log(ℓ)] = 3.57996684597153
 Δlog(ℓ) = -0.217933328581736
 Δβ/SD[β] = 0.137632257130321 0.129908421290668 0.049729817323165 1.31554459531445 0.0236521310297827 0.0691915932701904
Maximizing likelihood @ n=16×145=2320
 SD[log(ℓ)] = 2.68749164220821
 Δlog(ℓ) = 2.84164573675947
 Δβ/SD[β] = 0.413726841065293 -0.238439084858489 -0.286373750633204 0.127663040934983 0.380371063311646 -0.117063609457408
Maximizing likelihood @ n=32×145=4640
 SD[log(ℓ)] = 2.0369630354809
 Δlog(ℓ) = 2.84764449123112
 Δβ/SD[β] = 0.271697063938152 -0.532361007745589 0.145151197500941 0.018183747049982 0.0330280048117576 -0.132824875487499
Maximizing likelihood @ n=64×145=9280
 SD[log(ℓ)] = 1.48298563350522
 Δlog(ℓ) = 0.927125571601991
 Δβ/SD[β] = 0.437466254963052 -0.141699539906886 0.00435708391903069 -0.210975546294971 0.0193668755527136 0.0317925621600115
Maximizing likelihood @ n=128×145=18560
 SD[log(ℓ)] = 1.13107433054638
 Δlog(ℓ) = -1.07771113889551
 Δβ/SD[β] = 0.0187493564882989 -0.00269133088004091 -0.076066904698528 0.301873606185263 -0.0230338518848855 -0.0795903973278239
Maximizing likelihood @ n=256×145=37120
 SD[log(ℓ)] = 0.771593450567649
 Δlog(ℓ) = -0.69102089565564
 Δβ/SD[β] = 0.086890724890605 -0.0244343129241189 0.0404848565917491 -0.0398041831740437 0.0586535760690079 0.0535564777710297
Maximizing likelihood @ n=512×145=74240
 SD[log(ℓ)] = 0.550009963445557
 Δlog(ℓ) = 0.904260608262177
 Δβ/SD[β] = 0.0487375419225218 -0.0478525829724027 -0.0239292764173968 -0.250027027526565 0.0142691127034849 0.00243792362569297
Maximizing likelihood @ n=1024×145=148480
 SD[log(ℓ)] = 0.38800534809487
 Δlog(ℓ) = 0.242296155421414
 Δβ/SD[β] = -0.00632639028952313 -0.00461034576031251 -0.00430827475037832 -0.074014959219708 0.0153400337343227 -0.0112422322279464
Maximizing likelihood @ n=2048×145=296960
 SD[log(ℓ)] = 0.274047878336024
 Δlog(ℓ) = 0.253249692752732
 Δβ/SD[β] = 0.00456081972081296 -0.0119739402169158 -0.00783857903642816 0.0568953754526749 -0.0062785245058559 0.00843595974234269
Maximizing likelihood @ n=4096×145=593920
 SD[log(ℓ)] = 0.193152028552167
 Δlog(ℓ) = -0.135920935862018
 Δβ/SD[β] = 0.000399002260905664 0.00094791636582202 -0.00244101798611915 0.0224599253360669 0.0177044187853855 0.000815398986494769
Maximizing likelihood @ n=8192×145=1187840
 SD[log(ℓ)] = 0.137937529473813
 Δlog(ℓ) = 0.163447535019984
 Δβ/SD[β] = 0.0456339624603389 -0.0129855928260864 0.0041620673563032 0.00905339196470805 0.00823032327983284 0.000388181865547683
Maximizing likelihood @ n=16384×145=2375680
 SD[log(ℓ)] = 0.0978020836425342
 Δlog(ℓ) = 0.0437196973133354
 Δβ/SD[β] = -0.00375107403790423 -0.00514980806160567 0.00182223807713385 -0.0226526783304348 -0.00909647049966375 -0.00196469736595354
Maximizing likelihood @ n=32768×145=4751360
 SD[log(ℓ)] = 0.0691228191805279
 Δlog(ℓ) = -0.00966014106002433
 Δβ/SD[β] = -0.00116541579433453 -0.00940005002634059 0.000915388286159884 -0.00743690777089907 0.00822072103063026 0.00558738011180185
Maximizing likelihood @ n=65536×145=9502720
 SD[log(ℓ)] = 0.0489679903669461
 Δlog(ℓ) = 0.0645143439156186
 Δβ/SD[β] = 0.0162991419502809 -0.0040852181687612 0.00444547144253339 0.00758633354981123 -0.00577015087430322 0.00117893037137189
Maximizing likelihood @ n=131072×145=19005440
 SD[log(ℓ)] = 0.0349948176923332
 Δlog(ℓ) = 0.000568593299220765
 Δβ/SD[β] = 0.00652979166603071 -0.00536780835770595 -0.00415916073155087 0.00997374643422309 0.0110231971587435 0.000144038524397039
Calculating Hessian
Maximizing likelihood @ n=1×145=145
 SD[log(ℓ)] = 5.8544702230684
 Δlog(ℓ) = Inf
 Δβ/SD[β] = -1.57308086103817 -0.0497315535138232 -0.126428324288137 -1.22229431496717 0.445026783210324 0.073959455588635
Maximizing likelihood @ n=2×145=290
 SD[log(ℓ)] = 5.91260325818066
 Δlog(ℓ) = 20.6297967617841
 Δβ/SD[β] = -5.11498456872491 1.18311108922342 1.48841063695059 -0.83768160294751 0.575288813397081 -0.849668629557179
Maximizing likelihood @ n=4×145=580
 SD[log(ℓ)] = 4.64157593034781
 Δlog(ℓ) = 6.23338346288138
 Δβ/SD[β] = -0.183630636570433 -0.173929449763879 0.129016186071083 -0.0127985813974077 0.402969544586371 0.0617485530393263
Maximizing likelihood @ n=8×145=1160
 SD[log(ℓ)] = 3.67593211710678
 Δlog(ℓ) = 7.39777008170329
 Δβ/SD[β] = -0.226189081613305 0.0697427985034111 -0.022708701076445 -0.450708942324386 0.489876216875379 0.0609073144110807
Maximizing likelihood @ n=16×145=2320
 SD[log(ℓ)] = 2.83568725958735
 Δlog(ℓ) = 5.12524601437554
 Δβ/SD[β] = -0.11714234431317 0.0293115240154568 -0.0435924170675322 -0.70650453101736 0.26371068532934 -0.171742053549178
Maximizing likelihood @ n=32×145=4640
 SD[log(ℓ)] = 2.1142067096022
 Δlog(ℓ) = -0.739942010279265
 Δβ/SD[β] = 0.0829066867368197 0.0164729383388643 0.060212107498692 0.846643221253791 0.290898382087483 0.0382902663583334
Maximizing likelihood @ n=64×145=9280
 SD[log(ℓ)] = 1.40568917244381
 Δlog(ℓ) = 1.23600638340065
 Δβ/SD[β] = 0 0 0 0 0 0
Maximizing likelihood @ n=128×145=18560
 SD[log(ℓ)] = 1.10850344753737
 Δlog(ℓ) = -1.06506945326862
 Δβ/SD[β] = 0.0612485390218113 0.0227670671324666 0.0182600473399256 -0.409559527432492 0.174568247091415 -0.00276397087336309
Maximizing likelihood @ n=256×145=37120
 SD[log(ℓ)] = 0.797866891918919
 Δlog(ℓ) = 0.0707630144856495
 Δβ/SD[β] = -0.0710794004730408 0.0582487663731964 -0.078084624467448 0.249027524793012 0.0673578063315006 0.0055153773563535
Maximizing likelihood @ n=512×145=74240
 SD[log(ℓ)] = 0.575622820273814
 Δlog(ℓ) = -0.33742355697089
 Δβ/SD[β] = 0.00205487345699889 -0.0083268123335023 0.0175683683839585 0.0510839271912763 -0.00519964368644661 0.00152943921612423
Maximizing likelihood @ n=1024×145=148480
 SD[log(ℓ)] = 0.411852572058328
 Δlog(ℓ) = -0.310790828206336
 Δβ/SD[β] = -0.0161246292568851 0.0245111349800427 0.0188361664195221 0.0509621296254651 -0.0144848194996998 -0.00393298650687415
Maximizing likelihood @ n=2048×145=296960
 SD[log(ℓ)] = 0.296318440101294
 Δlog(ℓ) = 0.60302094206385
 Δβ/SD[β] = 0.00440511431445138 0.0183603852897333 -0.0028922093161389 -0.0261495308166135 0.00485855979945899 -0.00483545922504865
Maximizing likelihood @ n=4096×145=593920
 SD[log(ℓ)] = 0.209659939163824
 Δlog(ℓ) = 0.34794700210243
 Δβ/SD[β] = -0.0231925813610069 0.0360908563568773 0.0658364201194972 -0.0730677231413432 -0.0013734739740927 -0.0424861392686228
Maximizing likelihood @ n=8192×145=1187840
 SD[log(ℓ)] = 0.149727075714742
 Δlog(ℓ) = -0.0250029874835462
 Δβ/SD[β] = 0.0138826005501646 0.0108524806014807 0.0192045199020002 0.0343418541104279 0.0243465696089623 -0.00441453446768866
Maximizing likelihood @ n=16384×145=2375680
 SD[log(ℓ)] = 0.109247676694693
 Δlog(ℓ) = 0.0193637844046606
 Δβ/SD[β] = 0.0423697381584468 0.0319119059637139 0.0644164596156764 0.0319102946292552 -0.0323772825962625 -0.0525753187610802
Maximizing likelihood @ n=32768×145=4751360
 SD[log(ℓ)] = 0.0772803977266042
 Δlog(ℓ) = 0.0279726334591714
 Δβ/SD[β] = -0.0245023968197123 0.00342815655046138 0.02021105095525 0.0106185844208336 0.0339965570497137 -0.0123082871279604
Maximizing likelihood @ n=65536×145=9502720
 SD[log(ℓ)] = 0.0612044829530179
 Δlog(ℓ) = -0.058944137618937
 Δβ/SD[β] = -0.00480238351945843 0.0357951745256886 0.0362931986853276 0.0186056671802693 -0.0254263966804805 -0.0163100081958136
Maximizing likelihood @ n=131072×145=19005440
 SD[log(ℓ)] = 0.0424893381757192
 Δlog(ℓ) = 0.0218621759259605
 Δβ/SD[β] = -0.00775090947896585 0.0219834848810974 0.00381870763145719 -0.0251048119918852 0.0267114577160926 0.00197723957901366
Calculating Hessian
Maximizing likelihood @ n=1×145=145
 SD[log(ℓ)] = 5.88124141752322
 Δlog(ℓ) = Inf
 Δβ/SD[β] = -1.0503862990667 -0.0365938065182583 -0.108303817904173 -1.19362041952725 0.613271247708568 0.0670656539297606
Maximizing likelihood @ n=2×145=290
 SD[log(ℓ)] = 5.29497714848715
 Δlog(ℓ) = 13.1802292216265
 Δβ/SD[β] = 0.52452064751551 0.927668226416436 0.388707363788885 -1.00474450134585 2.22371340393365 -1.54654132899748
Maximizing likelihood @ n=4×145=580
 SD[log(ℓ)] = 4.40899280302191
 Δlog(ℓ) = 11.3506949310513
 Δβ/SD[β] = 0.0668360107757977 0.0495341908026189 0.032705872651538 -0.408190983305624 0.208163567986313 -0.0853619012610021
Maximizing likelihood @ n=8×145=1160
 SD[log(ℓ)] = 3.30279071684358
 Δlog(ℓ) = 1.39055308922633
 Δβ/SD[β] = 0.0799999020505578 0.0994376005493726 0.259215848733178 -0.0575460350850017 0.0704148430571739 -0.299864123769114
Maximizing likelihood @ n=16×145=2320
 SD[log(ℓ)] = 2.54779157232213
 Δlog(ℓ) = 6.60849512573767
 Δβ/SD[β] = -0.00833648127636485 0.0875720118765637 -0.0501228560791443 0.18469048392669 0.350910173920639 -0.2711520751206
Maximizing likelihood @ n=32×145=4640
 SD[log(ℓ)] = 1.89659931040228
 Δlog(ℓ) = 1.63260120976784
 Δβ/SD[β] = 0.0392296989343214 0.00752130653960568 -0.0731224074275696 -0.773460090081795 0.0813420245742841 -0.484778152602399
Maximizing likelihood @ n=64×145=9280
 SD[log(ℓ)] = 1.42666559458757
 Δlog(ℓ) = 0.79752488357758
 Δβ/SD[β] = -0.0657515222385055 -0.0643003182394962 -0.0104488183520426 -0.212378520671174 0.028307170795896 0.080182217886784
Maximizing likelihood @ n=128×145=18560
 SD[log(ℓ)] = 1.05938863752646
 Δlog(ℓ) = 2.00469493741175
 Δβ/SD[β] = 0.101437068365514 0.115460130405396 0.03903038923789 -0.0560942903893766 0.0175529863430295 0.159557314805508
Maximizing likelihood @ n=256×145=37120
 SD[log(ℓ)] = 0.728352117389748
 Δlog(ℓ) = -2.05545550376657
 Δβ/SD[β] = 0.0202466839493819 -0.0519723645702293 -0.0395147629899798 0.398538882625321 -0.0416584480338751 0.209217441761211
Maximizing likelihood @ n=512×145=74240
 SD[log(ℓ)] = 0.526998007269109
 Δlog(ℓ) = -0.0032975355976177
 Δβ/SD[β] = -0.0175587072955575 -0.0190450049243006 0.0114205176105814 0.0310233495616123 0.0352250781925631 0.0168305655823764
Maximizing likelihood @ n=1024×145=148480
 SD[log(ℓ)] = 0.390390007028384
 Δlog(ℓ) = 0.146806673786465
 Δβ/SD[β] = 0.0293754640566207 -0.0944509954549574 0.0899434387343429 0.127298887192341 0.0383781119951888 0.00808476130213454
Maximizing likelihood @ n=2048×145=296960
 SD[log(ℓ)] = 0.273509359479322
 Δlog(ℓ) = -0.0155930406272162
 Δβ/SD[β] = -0.0855743481180244 -0.0838839157194044 -0.020508794264359 -0.124417933089573 -0.0371382560172693 -0.0552354752241033
Maximizing likelihood @ n=4096×145=593920
 SD[log(ℓ)] = 0.191568962775965
 Δlog(ℓ) = -0.0813627741457168
 Δβ/SD[β] = -0.00195299110925845 -0.0137761764748129 0.00631766760520799 -0.0200568023830365 -0.0130254250901961 -0.000891674612911342
Maximizing likelihood @ n=8192×145=1187840
 SD[log(ℓ)] = 0.145012482771797
 Δlog(ℓ) = -0.0447383036646087
 Δβ/SD[β] = -0.00951281358420953 -0.00332532617052258 3.23172336305038e-05 0.0518551309112488 0.00688708335941657 0.00793897584409362
Maximizing likelihood @ n=16384×145=2375680
 SD[log(ℓ)] = 0.10001519231316
 Δlog(ℓ) = -0.10165025282339
 Δβ/SD[β] = -4.38032097581144e-05 -0.000603036171460077 0.00034251242009394 0.00211911525766969 0.000113503269346068 6.45916664384944e-05
Maximizing likelihood @ n=32768×145=4751360
 SD[log(ℓ)] = 0.0698184166245261
 Δlog(ℓ) = -0.0145943466432428
 Δβ/SD[β] = 0.0161228124960832 -0.0110949699897782 0.0234565832028941 -0.0101247110657261 -0.0173108318666279 -0.00697623515084721
Maximizing likelihood @ n=65536×145=9502720
 SD[log(ℓ)] = 0.048617030519789
 Δlog(ℓ) = -0.058488406952911
 Δβ/SD[β] = -0.00756181714919694 -0.00730570490814669 0.00512149506843572 0.0233409250544994 0.0102803974683988 -0.00485667708307281
Maximizing likelihood @ n=131072×145=19005440
 SD[log(ℓ)] = 0.0339551033166924
 Δlog(ℓ) = 0.01593035913438
 Δβ/SD[β] = 0.0287183018334775 -0.357279499677938 0.38165232678165 -0.000952108346669861 -0.00198325819756566 0.0656685006902483
Calculating Hessian
Starting buffer 750 
Maximizing likelihood @ n=1×145=145
 SD[log(ℓ)] = 7.25611877919832
 Δlog(ℓ) = Inf
 Δβ/SD[β] = -0.758580419736645 -2.08313615352495 1.45244597457743 -18.8564999220639 2.30658740012061 1.16128530229552
Maximizing likelihood @ n=2×145=290
 SD[log(ℓ)] = 6.09539942483957
 Δlog(ℓ) = 9.28488437977948
 Δβ/SD[β] = 1.61560910146364 -0.386811044988682 -0.941447893093253 -0.153015082079677 1.63216190006308 -0.283565527728591
Maximizing likelihood @ n=4×145=580
 SD[log(ℓ)] = 4.93772539779532
 Δlog(ℓ) = 9.43697083052862
 Δβ/SD[β] = -0.136299258763926 -0.289835048499904 0.98643769665221 -1.55955178729311 1.06281143615804 -0.231952806295771
Maximizing likelihood @ n=8×145=1160
 SD[log(ℓ)] = 3.47882574433185
 Δlog(ℓ) = -6.23244076543608
 Δβ/SD[β] = -0.790577093312135 0.789324434894786 -1.18322927966589 1.44557667664929 0.179954272469911 -0.858193915867673
Maximizing likelihood @ n=16×145=2320
 SD[log(ℓ)] = 2.58928439216956
 Δlog(ℓ) = 3.27080486668969
 Δβ/SD[β] = -0.0623203534344288 -0.00599775808371253 -0.0541330202291426 -0.570771070114109 0.243186538831648 -0.17955996744142
Maximizing likelihood @ n=32×145=4640
 SD[log(ℓ)] = 1.80810815666447
 Δlog(ℓ) = -0.150356864093062
 Δβ/SD[β] = 0.0692440586203518 0.121383931726111 -0.298536412149355 0.103470901613137 0.00915393113632695 -0.49575166930144
Maximizing likelihood @ n=64×145=9280
 SD[log(ℓ)] = 1.44252263211059
 Δlog(ℓ) = 2.69315563199502
 Δβ/SD[β] = -0.146810245735456 0.0532973724841836 0.0490407570111005 -0.794505403630919 0.106056355216185 -0.0127272016850126
Maximizing likelihood @ n=128×145=18560
 SD[log(ℓ)] = 1.03130268468423
 Δlog(ℓ) = -0.300480551360621
 Δβ/SD[β] = 0.096677014192295 0.0969489055837131 -0.0851378245884066 0.0250073259150201 -0.00390705041175644 0.00513560879435943
Maximizing likelihood @ n=256×145=37120
 SD[log(ℓ)] = 0.726223493948451
 Δlog(ℓ) = 0.522599677296846
 Δβ/SD[β] = -0.00737587513103847 0.0204929608919025 -0.0144707910670454 -0.0108191302586124 0.127530089579525 0.00153712691085144
Maximizing likelihood @ n=512×145=74240
 SD[log(ℓ)] = 0.590794362562519
 Δlog(ℓ) = -0.802430449621681
 Δβ/SD[β] = 0.0455032093223404 0.188343193404051 -0.235799246124104 0.0794788486620975 -0.0163653565490101 -0.00930410806559453
Maximizing likelihood @ n=1024×145=148480
 SD[log(ℓ)] = 0.402222149348854
 Δlog(ℓ) = -0.677322366086457
 Δβ/SD[β] = -0.0189216659240193 0.012295859475575 -0.0033588041907893 0.052456273742523 -0.00648557847009031 -0.0209141072590629
Maximizing likelihood @ n=2048×145=296960
 SD[log(ℓ)] = 0.281427210626804
 Δlog(ℓ) = 0.588998201578931
 Δβ/SD[β] = -0.0484516976017863 0.0968406632548509 0.0297830090263625 -0.137258263286566 0.0351458065874608 -0.0457073232163441
Maximizing likelihood @ n=4096×145=593920
 SD[log(ℓ)] = 0.198246839191704
 Δlog(ℓ) = 0.369155337387625
 Δβ/SD[β] = -0.0237686568358966 0.0177157739920324 -0.040173663043602 -0.0668591580242743 0.0113874233408949 0.0345542132954676
Maximizing likelihood @ n=8192×145=1187840
 SD[log(ℓ)] = 0.136232896460714
 Δlog(ℓ) = -0.199105461664757
 Δβ/SD[β] = -0.00217784811225353 0.00226756160455537 -0.00118357123889685 -0.031834550885795 -0.0231620989167264 0.0104749701603987
Maximizing likelihood @ n=16384×145=2375680
 SD[log(ℓ)] = 0.0957326100295038
 Δlog(ℓ) = -0.12156326129292
 Δβ/SD[β] = -0.0155922075251836 0.000350292681721005 -0.0318322796457697 0.0308487562686281 0.012308280159028 -0.0309466884722277
Maximizing likelihood @ n=32768×145=4751360
 SD[log(ℓ)] = 0.0676257104162254
 Δlog(ℓ) = -0.142168695175933
 Δβ/SD[β] = -0.000557757829528508 0.00172293158537342 0.00095717835850066 -0.00021910923634287 -0.0237990560367367 -0.0203472051174223
Maximizing likelihood @ n=65536×145=9502720
 SD[log(ℓ)] = 0.0481150571870868
 Δlog(ℓ) = -0.0756208889612395
 Δβ/SD[β] = 0.0957432380743551 -0.00648727945666608 -0.0620824351692243 0.00610353048999884 -0.00288478230470705 -0.168472728535841
Maximizing likelihood @ n=131072×145=19005440
 SD[log(ℓ)] = 0.0344675027299421
 Δlog(ℓ) = -0.0348731300186458
 Δβ/SD[β] = -0.00460124896963706 0.000369060506971627 -0.00147777431481781 0.0115389232778863 0.00681479943353142 -0.00444243385228595
Calculating Hessian
Maximizing likelihood @ n=1×145=145
 SD[log(ℓ)] = 6.29014463555326
 Δlog(ℓ) = Inf
 Δβ/SD[β] = -0.192116201215368 -0.0393611325444345 -0.0113947886119719 -1.27335418569585 0.418463175195079 -0.0650441512362648
Maximizing likelihood @ n=2×145=290
 SD[log(ℓ)] = 5.88315052146511
 Δlog(ℓ) = 13.1852445605556
 Δβ/SD[β] = 0.6851336866833 0.130813835769626 -0.0510096776850855 -0.3090204149207 0.744213710135455 1.22758549682301
Maximizing likelihood @ n=4×145=580
 SD[log(ℓ)] = 4.76385305156965
 Δlog(ℓ) = 10.9707388217831
 Δβ/SD[β] = 0.160624193521094 0.469374266516799 -0.181660808144077 -0.25715514565803 0.415988470235084 -0.163918808627813
Maximizing likelihood @ n=8×145=1160
 SD[log(ℓ)] = 3.46791745680459
 Δlog(ℓ) = -3.00620367395444
 Δβ/SD[β] = -0.0123216101532884 -0.056788008177961 -0.0739344617623444 0.0528331317887274 0.0104857548773351 -0.0495947893752667
Maximizing likelihood @ n=16×145=2320
 SD[log(ℓ)] = 2.56479429117757
 Δlog(ℓ) = 0.0524523388351952
 Δβ/SD[β] = 0.399400181110554 -0.614041330611949 -0.240601004567274 0.0947374279383367 0.015806424846855 -0.62251672603936
Maximizing likelihood @ n=32×145=4640
 SD[log(ℓ)] = 1.92526216353597
 Δlog(ℓ) = 0.977375549225755
 Δβ/SD[β] = -0.0819094399155369 -0.0663478639473967 -0.0163324865131115 -0.18279708086209 0.139012242623326 -0.00834508934542605
Maximizing likelihood @ n=64×145=9280
 SD[log(ℓ)] = 1.43194156365074
 Δlog(ℓ) = 1.72086195709829
 Δβ/SD[β] = -0.0616092378215981 0.0810766624194409 0.0182065992353919 -0.320962718181392 0.0852676224603812 -0.135547467353502
Maximizing likelihood @ n=128×145=18560
 SD[log(ℓ)] = 1.02502876541861
 Δlog(ℓ) = 0.810076463461037
 Δβ/SD[β] = -0.0126931050314208 0.00243939326543259 0.0124474015016221 0.018915030428415 0.167599296974252 -0.0176553049266427
Maximizing likelihood @ n=256×145=37120
 SD[log(ℓ)] = 0.727390976643133
 Δlog(ℓ) = -0.0968071842616141
 Δβ/SD[β] = -0.00234794275828609 0.0239318196233321 -0.0175476137951131 0.0612447223943444 0.0256402012052054 0.0126374452815248
Maximizing likelihood @ n=512×145=74240
 SD[log(ℓ)] = 0.512687582201533
 Δlog(ℓ) = -0.0423714984462862
 Δβ/SD[β] = -0.00896802844282034 0.0181628199100123 0.00321279926396711 0.0373631221994447 0.013046145359913 -0.00837947685094487
Maximizing likelihood @ n=1024×145=148480
 SD[log(ℓ)] = 0.374819914203609
 Δlog(ℓ) = 0.0478516002239786
 Δβ/SD[β] = -0.00935059844615454 0.0138494075398141 0.0171463491912141 0.0280071807041096 -0.00544442546303903 -0.0129745810404805
Maximizing likelihood @ n=2048×145=296960
 SD[log(ℓ)] = 0.262810189526754
 Δlog(ℓ) = -0.298810278525977
 Δβ/SD[β] = -0.00743789979613927 -0.000767708070881495 0.00875751356564793 0.0266804003884391 -0.0212038189914355 0.00628375571314077
Maximizing likelihood @ n=4096×145=593920
 SD[log(ℓ)] = 0.19147967723818
 Δlog(ℓ) = 0.145778873547833
 Δβ/SD[β] = 0.00820008819327592 0.0292042655761353 -0.0103040066782802 0.0536257802939329 0.015664135984211 0.0177828291859408
Maximizing likelihood @ n=8192×145=1187840
 SD[log(ℓ)] = 0.136654236374641
 Δlog(ℓ) = 0.0516508264887676
 Δβ/SD[β] = -0.00593013969647739 0.00731208345975171 0.000299290831920831 0.00204359368411888 -0.0209736962234124 -0.00714771878885156
Maximizing likelihood @ n=16384×145=2375680
 SD[log(ℓ)] = 0.0969707527417534
 Δlog(ℓ) = 0.113225299196877
 Δβ/SD[β] = -0.00836964179452404 0.0212820963173685 -0.00452288958933078 0.0156991912348581 0.0191672121678895 -0.00966206532800793
Maximizing likelihood @ n=32768×145=4751360
 SD[log(ℓ)] = 0.0724566853809264
 Δlog(ℓ) = 0.0153249968540621
 Δβ/SD[β] = -0.103322628433192 0.126797789320654 0.108353924283326 -0.0509614565363636 -0.0040921160385363 -0.0717739962480671
Maximizing likelihood @ n=65536×145=9502720
 SD[log(ℓ)] = 0.0486762674409288
 Δlog(ℓ) = -0.00606952307696673
 Δβ/SD[β] = 0.00587175258917086 0.041249338850863 -0.031091971562175 0.0870811964662104 -0.0227684661662645 -0.040535598251247
Maximizing likelihood @ n=131072×145=19005440
 SD[log(ℓ)] = 0.0344116967874834
 Δlog(ℓ) = 0.00562239278040977
 Δβ/SD[β] = 0.0137908775879364 0.0278313367998822 0.0179868415665008 -0.00329757220990956 0.0297754345626367 -0.0248625846737473
Calculating Hessian
Maximizing likelihood @ n=1×145=145
 SD[log(ℓ)] = 7.12591520257075
 Δlog(ℓ) = Inf
 Δβ/SD[β] = -1.51196344587021 -2.26502596878527 -0.0363615474731157 -20.2755620712839 2.68733475655804 1.44362990716495
Maximizing likelihood @ n=2×145=290
 SD[log(ℓ)] = 5.90311832002489
 Δlog(ℓ) = 5.49932130358594
 Δβ/SD[β] = -0.0198688146665528 2.10023557495198 -0.537427254117588 0.16197630234652 2.01994668442069 -2.97066127750957
Maximizing likelihood @ n=4×145=580
 SD[log(ℓ)] = 4.58743649746465
 Δlog(ℓ) = 5.15841079353504
 Δβ/SD[β] = 0.0118425178099547 -0.368483413207467 -0.0552502200988521 0.0674394406907732 0.166791515070331 -0.198648452604778
Maximizing likelihood @ n=8×145=1160
 SD[log(ℓ)] = 3.48491469173559
 Δlog(ℓ) = 1.64929191182269
 Δβ/SD[β] = 0.112151015579113 0.116706348673415 -0.0254999614767765 -0.508593438951184 0.226932967644216 0.112830356597137
Maximizing likelihood @ n=16×145=2320
 SD[log(ℓ)] = 2.45691685611239
 Δlog(ℓ) = -1.75872064851546
 Δβ/SD[β] = -3.13457279508213e-05 -0.00845219338239017 0.000252719493789866 0.19739006890914 0.0193281829396501 -0.0011063522411205
Maximizing likelihood @ n=32×145=4640
 SD[log(ℓ)] = 1.86055215709288
 Δlog(ℓ) = 1.51713323221777
 Δβ/SD[β] = 0.0210366804687607 -1.17045337978879 0.0234766023909042 -0.182141009553073 0.238837569637086 -0.392360784370526
Maximizing likelihood @ n=64×145=9280
 SD[log(ℓ)] = 1.38333218738711
 Δlog(ℓ) = 3.39364790866449
 Δβ/SD[β] = -0.0395879805279656 0.00161717572460369 0.0647774251036184 -0.438998463774299 0.118546947239691 -0.0544987351413161
Maximizing likelihood @ n=128×145=18560
 SD[log(ℓ)] = 1.01034101644328
 Δlog(ℓ) = 1.79599729923173
 Δβ/SD[β] = 0.0611021700655841 -0.0585816955539384 0.086524941313902 -0.189634502790815 0.0401908451403601 0.256136685068657
Maximizing likelihood @ n=256×145=37120
 SD[log(ℓ)] = 0.719734620845324
 Δlog(ℓ) = -0.198108413861313
 Δβ/SD[β] = 0.00938791963295154 -0.0135456217655568 0.015107339614504 -0.0470324670833313 0.0273768110428682 0.00141956022256423
Maximizing likelihood @ n=512×145=74240
 SD[log(ℓ)] = 0.526906162987241
 Δlog(ℓ) = 0.0397666883123051
 Δβ/SD[β] = -0.00873073930561589 -0.00766368869875909 -0.00485379542723337 0.00265854051593776 -0.0133449318179335 -0.00644951469969926
Maximizing likelihood @ n=1024×145=148480
 SD[log(ℓ)] = 0.371044519244481
 Δlog(ℓ) = -0.179962002998089
 Δβ/SD[β] = -0.0127153345201578 -0.024260638888836 -0.00229238712066921 -0.0832203342630751 -0.00300188995376273 -0.0341927177531169
Maximizing likelihood @ n=2048×145=296960
 SD[log(ℓ)] = 0.267623738713705
 Δlog(ℓ) = 0.0415362932204317
 Δβ/SD[β] = 0.00248764434401651 -0.0193084786214821 0.00765362611833998 0.0367702820130027 0.0114562123047071 0.0213119685946658
Maximizing likelihood @ n=4096×145=593920
 SD[log(ℓ)] = 0.188638375142218
 Δlog(ℓ) = -0.150259800911464
 Δβ/SD[β] = 0.0086790880897179 0.0238139680297027 -0.00251316395016815 0.0469245824531671 -0.00424362038542192 0.0116195459766236
Maximizing likelihood @ n=8192×145=1187840
 SD[log(ℓ)] = 0.132883380163521
 Δlog(ℓ) = -0.0326731984552211
 Δβ/SD[β] = 0 0 0 0 0 0
Maximizing likelihood @ n=16384×145=2375680
 SD[log(ℓ)] = 0.0966223833715628
 Δlog(ℓ) = -0.150890878504008
 Δβ/SD[β] = -0.00945829316568867 -0.0110832848061429 -2.62779190808079e-05 0.0215617729629471 0.00125096776725731 0.00181629097852538
Maximizing likelihood @ n=32768×145=4751360
 SD[log(ℓ)] = 0.0700910017533128
 Δlog(ℓ) = 0.0138141705271906
 Δβ/SD[β] = -0.0041621653027674 -0.00598762153358234 0.00347241127574473 0.0110409493324768 -0.00537361819395089 -0.00870866740097597
Maximizing likelihood @ n=65536×145=9502720
 SD[log(ℓ)] = 0.0490621224854568
 Δlog(ℓ) = 0.0417198627020241
 Δβ/SD[β] = 0.000523558550007256 -9.10231008301294e-05 0.000486916634380936 -0.00962522709246787 0.00118718887893946 0.00321745778409656
Maximizing likelihood @ n=131072×145=19005440
 SD[log(ℓ)] = 0.0351798081349874
 Δlog(ℓ) = -0.0475524578665656
 Δβ/SD[β] = -0.00124456432005771 -0.00272141936558912 0.00117478800690579 0.00382606230352578 -0.00412287933957121 -0.000431501838937108
Calculating Hessian
Maximizing likelihood @ n=1×145=145
 SD[log(ℓ)] = 7.36320132183697
 Δlog(ℓ) = Inf
 Δβ/SD[β] = 2.75504397317999 -0.0660402286634995 0.103506496136406 -1.6061171964944 0.909833432675506 0.0071213972683194
Maximizing likelihood @ n=2×145=290
 SD[log(ℓ)] = 5.75384363768389
 Δlog(ℓ) = 1.82169340336755
 Δβ/SD[β] = -0.323683851728615 0.474738690953988 -1.41511176843493 0.297731224511525 0.180436998121742 0.342618616619225
Maximizing likelihood @ n=4×145=580
 SD[log(ℓ)] = 4.37368250824725
 Δlog(ℓ) = 0.513536379712349
 Δβ/SD[β] = -0.528054152787074 -0.456592353154365 0.596898421485121 0.269961541798507 0.235534488194353 -0.407480935198978
Maximizing likelihood @ n=8×145=1160
 SD[log(ℓ)] = 3.27987275734003
 Δlog(ℓ) = 1.3717089890052
 Δβ/SD[β] = -0.837522848109016 0.334072686203595 -0.211348902595282 -0.130875258289903 0.10683802251879 -0.209176826362275
Maximizing likelihood @ n=16×145=2320
 SD[log(ℓ)] = 2.51558236411839
 Δlog(ℓ) = 2.59717971836773
 Δβ/SD[β] = -0.981519726037836 0.544274025824786 -0.190904227729548 -0.0174614020436878 0.116507079803616 -0.090771949549152
Maximizing likelihood @ n=32×145=4640
 SD[log(ℓ)] = 1.88687818517239
 Δlog(ℓ) = 3.39285740572651
 Δβ/SD[β] = 0.0567827750088372 -0.0322790489973691 -0.0309281112179089 -0.110239980612149 0.199129867458976 -0.0597414369945982
Maximizing likelihood @ n=64×145=9280
 SD[log(ℓ)] = 1.37631042173484
 Δlog(ℓ) = 0.897414118390337
 Δβ/SD[β] = 0.005586453255141 0.00652316096671439 -0.0352697753933766 0.152502672797658 0.167353779872997 0.0265563579471843
Maximizing likelihood @ n=128×145=18560
 SD[log(ℓ)] = 0.972376780925408
 Δlog(ℓ) = -0.98708654688032
 Δβ/SD[β] = -0.00724472629455097 0.0280841162763903 0.0103059962501433 0.125705297482335 0.0529976528746841 -0.000891531013494333
Maximizing likelihood @ n=256×145=37120
 SD[log(ℓ)] = 0.825441569198329
 Δlog(ℓ) = -0.0109699661515563
 Δβ/SD[β] = 0.085760425918241 0.0335056012867599 -0.0472486953640714 0.272599205131453 0.0468716044164111 0.0644444664839446
Maximizing likelihood @ n=512×145=74240
 SD[log(ℓ)] = 0.613611457085261
 Δlog(ℓ) = 1.20545770307061
 Δβ/SD[β] = -9.63198884873227e-06 -0.00043337058832483 0.000221792219975105 -0.0763111639256957 0.00679239739209576 -0.000500963558391779
Maximizing likelihood @ n=1024×145=148480
 SD[log(ℓ)] = 0.437395853333229
 Δlog(ℓ) = 0.431395341197636
 Δβ/SD[β] = 0.0103153597433075 -0.0114941305605741 -0.0381575765396404 -0.237611247991129 -0.0129568307641957 -0.0496778271300088
Maximizing likelihood @ n=2048×145=296960
 SD[log(ℓ)] = 0.306779496237785
 Δlog(ℓ) = 0.577436791974996
 Δβ/SD[β] = 0.0198589089438325 -0.0389590109734015 0.0726588722129183 -0.171819913703852 -0.00958452475353749 0.0893613759102475
Maximizing likelihood @ n=4096×145=593920
 SD[log(ℓ)] = 0.210229102267948
 Δlog(ℓ) = 0.677402353902082
 Δβ/SD[β] = 0.0322217286386637 -0.00586409063980731 -0.0185874907063775 -0.137942176222055 0.0141460936759515 -0.0238355772416228
Maximizing likelihood @ n=8192×145=1187840
 SD[log(ℓ)] = 0.14335381667472
 Δlog(ℓ) = 0.25680639026389
 Δβ/SD[β] = -0.00735511227884102 -0.0198538226571444 0.00239561942314185 -0.0575086446851093 -0.0207778266162009 -0.0045920417897912
Maximizing likelihood @ n=16384×145=2375680
 SD[log(ℓ)] = 0.0989060026125148
 Δlog(ℓ) = 0.0856332693720603
 Δβ/SD[β] = 2.59587677473594e-05 0.00688009910513635 -0.0140721327291977 -0.0188030107716351 0.0275344902791538 0.00930482110296534
Maximizing likelihood @ n=32768×145=4751360
 SD[log(ℓ)] = 0.0723726720241679
 Δlog(ℓ) = 0.0235063523039187
 Δβ/SD[β] = 0.00251379845291128 -0.00105090595615162 0.00214174033557061 -0.00642516000156357 0.00112847502498748 0.000397211494072671
Maximizing likelihood @ n=65536×145=9502720
 SD[log(ℓ)] = 0.0496717070538869
 Δlog(ℓ) = -0.0318139162512949
 Δβ/SD[β] = 1.21202861497616e-05 0.00277402840663641 -0.000516859778853781 -0.00369530674107852 -0.00118681025649334 -0.00333139229821024
Maximizing likelihood @ n=131072×145=19005440
 SD[log(ℓ)] = 0.0348937576842677
 Δlog(ℓ) = 0.0159274736551964
 Δβ/SD[β] = 0.00780423351080806 0.0120178178477354 0.00728182537675184 -0.00626352632564659 0.00466652878668275 -0.0101472985530467
Calculating Hessian
Starting buffer 1500 
Maximizing likelihood @ n=1×145=145
 SD[log(ℓ)] = 6.13504270580416
 Δlog(ℓ) = Inf
 Δβ/SD[β] = -4.34804604344373 -0.0436789610524825 -0.63141241914114 -15.7345336640057 2.02146353525949 -0.540803498904343
Maximizing likelihood @ n=2×145=290
 SD[log(ℓ)] = 5.24547350870438
 Δlog(ℓ) = 9.31865957347784
 Δβ/SD[β] = 0.33527601686131 0.52527897551134 1.02133827648138 -0.217322580977249 0.66902000322872 0.290090185172885
Maximizing likelihood @ n=4×145=580
 SD[log(ℓ)] = 4.1821633396284
 Δlog(ℓ) = 9.21980792027436
 Δβ/SD[β] = 0.0445786477455816 -0.137212042716601 -0.604532771676776 -0.179871958611974 0.261953512158146 -0.721088775521699
Maximizing likelihood @ n=8×145=1160
 SD[log(ℓ)] = 3.18478403151255
 Δlog(ℓ) = 4.71267494142957
 Δβ/SD[β] = -0.0182200804440214 -0.0471870800452701 0.0223618621365687 0.0860051527439338 0.124360322630571 -0.057763168552894
Maximizing likelihood @ n=16×145=2320
 SD[log(ℓ)] = 2.40708450581774
 Δlog(ℓ) = 3.02741432658191
 Δβ/SD[β] = 0.0500429634926332 0.0478272855186259 0.478473993718134 -1.20091523015526 -0.0376371275020644 -0.0150262243941582
Maximizing likelihood @ n=32×145=4640
 SD[log(ℓ)] = 1.8172754979132
 Δlog(ℓ) = 2.08053654873483
 Δβ/SD[β] = -0.236188680041428 -0.259498526223094 -0.18948570346177 -0.196922235877984 0.0112242594829825 0.309158203472569
Maximizing likelihood @ n=64×145=9280
 SD[log(ℓ)] = 1.30700779521328
 Δlog(ℓ) = 2.01883719626037
 Δβ/SD[β] = -0.0634495204838153 -0.00494711482323456 0.0439084642014902 -0.0839822999618989 -0.0438534111292851 -0.184053341130556
Maximizing likelihood @ n=128×145=18560
 SD[log(ℓ)] = 1.0354364312044
 Δlog(ℓ) = 0.981623237607309
 Δβ/SD[β] = 0.0610160025853295 -0.04187727549548 0.0563066235501422 -0.0103134500945995 0.0711135491286597 -0.0468620045986198
Maximizing likelihood @ n=256×145=37120
 SD[log(ℓ)] = 0.749007978801644
 Δlog(ℓ) = 1.15481566596874
 Δβ/SD[β] = -0.00234682730280644 0.0224888636299657 -0.0249619792655263 -0.0691430075266441 -0.00233877849486273 0.0822870947843912
Maximizing likelihood @ n=512×145=74240
 SD[log(ℓ)] = 0.543746021135406
 Δlog(ℓ) = 0.0714328034374603
 Δβ/SD[β] = 0.0105911360669109 0.00460585153446907 -0.00877416762209727 0.000277679425067847 0.0261547274759691 0.00570968500607781
Maximizing likelihood @ n=1024×145=148480
 SD[log(ℓ)] = 0.379873025503897
 Δlog(ℓ) = 0.0850130432307665
 Δβ/SD[β] = 0.0104998627992619 -0.0140773026265796 0.0194473758945865 -0.171121777170641 0.00667069117197942 -0.0523557940547742
Maximizing likelihood @ n=2048×145=296960
 SD[log(ℓ)] = 0.267000223913322
 Δlog(ℓ) = -0.207505949235077
 Δβ/SD[β] = 0.00971011763198213 0.00625718582088891 -0.00793383839428038 -0.0190957280929806 -0.00390681614881427 -0.00823211174724484
Maximizing likelihood @ n=4096×145=593920
 SD[log(ℓ)] = 0.188683451391169
 Δlog(ℓ) = -0.152959847765324
 Δβ/SD[β] = -0.00379501735188416 -0.00283188405679908 0.00759192420903339 0.0135478968882973 -0.0112010929266413 0.00259771813607944
Maximizing likelihood @ n=8192×145=1187840
 SD[log(ℓ)] = 0.133857295159938
 Δlog(ℓ) = -0.0798479804216043
 Δβ/SD[β] = -0.0172287626154654 -0.000572171590191606 0.0159470963223251 0.0337644327800495 0.00220038337340412 -0.0116096928085628
Maximizing likelihood @ n=16384×145=2375680
 SD[log(ℓ)] = 0.0975356828097355
 Δlog(ℓ) = -0.0930561284855855
 Δβ/SD[β] = 0.00656506878935099 0.0071405686604628 -0.000538754783563749 0.0233807148781418 -0.0036762259078833 0.0119708975828625
Maximizing likelihood @ n=32768×145=4751360
 SD[log(ℓ)] = 0.0688498762423528
 Δlog(ℓ) = -0.0263864292904898
 Δβ/SD[β] = -0.00218444233895297 0.00206884072037078 -0.00371839272010401 -0.00924256483787439 -0.00113082270709397 -0.00186030959599152
Maximizing likelihood @ n=65536×145=9502720
 SD[log(ℓ)] = 0.0483730901655453
 Δlog(ℓ) = -0.0584982661078755
 Δβ/SD[β] = -0.00121523191493516 0.000458423223027809 -0.00618648511564962 0.013208573610535 -0.00119852677664622 -0.00664474128298901
Maximizing likelihood @ n=131072×145=19005440
 SD[log(ℓ)] = 0.034323980983331
 Δlog(ℓ) = -0.0322314564711093
 Δβ/SD[β] = 0.00183105754858571 -0.00104584429354302 -0.00234671505485321 0.00612237871473733 -0.000927963920967428 0.000684946206704815
Calculating Hessian
Maximizing likelihood @ n=1×145=145
 SD[log(ℓ)] = 6.16552956501125
 Δlog(ℓ) = Inf
 Δβ/SD[β] = -0.210660900288923 0.304153309946274 0.251487568303798 -21.7575004450117 2.85346354714857 0.216336155563693
Maximizing likelihood @ n=2×145=290
 SD[log(ℓ)] = 5.26411441651669
 Δlog(ℓ) = 10.6063534891529
 Δβ/SD[β] = -0.157002594533436 -0.65780778116975 -0.545123066378033 -0.604896322132434 0.480724004848891 0.0894608369080672
Maximizing likelihood @ n=4×145=580
 SD[log(ℓ)] = 4.02795446480993
 Δlog(ℓ) = 4.2159763174645
 Δβ/SD[β] = -0.177684130209293 -0.0149471091799539 -0.0117180814755887 -0.228443477553262 0.413141187628345 0.0229718242679637
Maximizing likelihood @ n=8×145=1160
 SD[log(ℓ)] = 3.16050197186287
 Δlog(ℓ) = 5.24479930251297
 Δβ/SD[β] = -0.0910925164120049 0.154650630574878 -0.63324095631749 -1.01325639677102 0.359366938456383 0.197029647813397
Maximizing likelihood @ n=16×145=2320
 SD[log(ℓ)] = 2.46314863394335
 Δlog(ℓ) = 6.76610054421969
 Δβ/SD[β] = 0.0784313105186254 -0.0462891080809983 -0.138103954943679 -0.222936405427863 0.328318155085248 0.0636827308482783
Maximizing likelihood @ n=32×145=4640
 SD[log(ℓ)] = 1.88425730681091
 Δlog(ℓ) = 3.74230497035039
 Δβ/SD[β] = -0.141740110705808 -0.109659117043535 -0.100000355143515 -0.839659635828942 0.276583773315924 -0.200715056357952
Maximizing likelihood @ n=64×145=9280
 SD[log(ℓ)] = 1.38040124006946
 Δlog(ℓ) = -1.25585557024741
 Δβ/SD[β] = 0.0601863852778621 -0.0495331954219351 0.0931028562175237 0.320825622724594 0.085133608659333 -0.210688561600027
Maximizing likelihood @ n=128×145=18560
 SD[log(ℓ)] = 1.02904928411092
 Δlog(ℓ) = 2.1312516796172
 Δβ/SD[β] = 0.131630193560971 -0.0338675142379228 -0.00664002770593415 -0.371652840094108 -0.0323984515106907 -0.0917285136522414
Maximizing likelihood @ n=256×145=37120
 SD[log(ℓ)] = 0.744512246396702
 Δlog(ℓ) = -0.368788818497173
 Δβ/SD[β] = -0.0264541568006906 -0.0929668169919957 -0.00322956381898852 -0.0653767629935535 -0.0623241807919447 -0.175009795696675
Maximizing likelihood @ n=512×145=74240
 SD[log(ℓ)] = 0.532529110896725
 Δlog(ℓ) = 0.167676542022207
 Δβ/SD[β] = -0.00556225823336636 -0.0327822663097667 0.00845381030882268 -0.0333039692299888 0.0234274316636956 -0.0131182739673917
Maximizing likelihood @ n=1024×145=148480
 SD[log(ℓ)] = 0.367882752252148
 Δlog(ℓ) = -0.132053386311796
 Δβ/SD[β] = -0.046163265243643 -0.0104049417158122 0.0194359686183071 0.0688168887147897 -0.0339374445673599 0.000500775393124271
Maximizing likelihood @ n=2048×145=296960
 SD[log(ℓ)] = 0.256689967001253
 Δlog(ℓ) = 0.485713177086176
 Δβ/SD[β] = 0 0 0 0 0 0
Maximizing likelihood @ n=4096×145=593920
 SD[log(ℓ)] = 0.184761111175762
 Δlog(ℓ) = -0.0817233176571364
 Δβ/SD[β] = 0.0237546505719319 -0.0258867732524779 0.00402039454720207 -0.0800894736191101 -0.00376179954300907 -0.0117412352372404
Maximizing likelihood @ n=8192×145=1187840
 SD[log(ℓ)] = 0.132736763240668
 Δlog(ℓ) = -0.0309175698504305
 Δβ/SD[β] = 0.00728252115370854 -0.00360927568226121 -0.00357592297729717 -0.00401519878388498 0.0185701130799313 -0.00496276326226636
Maximizing likelihood @ n=16384×145=2375680
 SD[log(ℓ)] = 0.0949058130683092
 Δlog(ℓ) = 0.159416165232507
 Δβ/SD[β] = -0.00640378486911233 0.00485233959223111 -0.00599848716568512 -0.0198473547839362 -0.000706049063993197 -0.00144242967198806
Maximizing likelihood @ n=32768×145=4751360
 SD[log(ℓ)] = 0.0666648605093211
 Δlog(ℓ) = 0.0263731342368985
 Δβ/SD[β] = 6.19394604498087e-05 -0.0069657352633486 0.00382981908706573 0.0130058724907729 0.00562124688307486 -0.00779295085229117
Maximizing likelihood @ n=65536×145=9502720
 SD[log(ℓ)] = 0.0483269996600819
 Δlog(ℓ) = 0.0379249724819175
 Δβ/SD[β] = -0.0100579768348902 -0.00474883262466573 0.0124160525519347 -0.0137130476023918 -0.000567167846558488 -0.0178814627319896
Maximizing likelihood @ n=131072×145=19005440
 SD[log(ℓ)] = 0.0345793002200472
 Δlog(ℓ) = -0.0366645743153242
 Δβ/SD[β] = -0.00481504395641373 -0.00785190242785475 -0.00266319924978029 0.0203009676323692 -0.00695045627648745 -0.0132731674387871
Calculating Hessian
Maximizing likelihood @ n=1×145=145
 SD[log(ℓ)] = 6.27294873222388
 Δlog(ℓ) = Inf
 Δβ/SD[β] = -0.598070958977729 1.43691812288072 0.763943867867655 -17.8862249208637 4.01758233877611 1.58492850159589
Maximizing likelihood @ n=2×145=290
 SD[log(ℓ)] = 5.60504123438884
 Δlog(ℓ) = 8.93052941957792
 Δβ/SD[β] = -0.0498021915019712 0.530777218862761 -0.0663209058255126 0.181069539272593 0.515935575269405 -0.873637622423043
Maximizing likelihood @ n=4×145=580
 SD[log(ℓ)] = 4.53077121957503
 Δlog(ℓ) = 8.2343161768962
 Δβ/SD[β] = -0.178222565950462 -0.590001865023633 -0.39822288978506 -0.156562014452612 1.12827715945107 -0.297910173744432
Maximizing likelihood @ n=8×145=1160
 SD[log(ℓ)] = 3.34277973964237
 Δlog(ℓ) = 1.63803319949717
 Δβ/SD[β] = 0.148584699559389 -0.909924675165902 -0.38908668074411 0.099821956089998 0.0227068383429565 -0.346105312139372
Maximizing likelihood @ n=16×145=2320
 SD[log(ℓ)] = 2.65774038450887
 Δlog(ℓ) = 6.02552677346134
 Δβ/SD[β] = 0.0440288927587402 0.0942381107902407 -0.143815520938653 -0.679499984385051 0.281280698631999 0.0173216048005469
Maximizing likelihood @ n=32×145=4640
 SD[log(ℓ)] = 1.99725073849276
 Δlog(ℓ) = 1.45445245025228
 Δβ/SD[β] = -0.00955529948865817 0.11415289881896 0.0316513874722057 -0.54157169919471 0.0262660902121446 -0.240237150345081
Maximizing likelihood @ n=64×145=9280
 SD[log(ℓ)] = 1.49584063077848
 Δlog(ℓ) = -0.000767770966341175
 Δβ/SD[β] = -0.116948355388968 -0.0591720749709917 -0.0223108958457879 -0.193014447876822 0.115973100322455 -0.0657628223754563
Maximizing likelihood @ n=128×145=18560
 SD[log(ℓ)] = 1.04345632613612
 Δlog(ℓ) = -1.11809622275412
 Δβ/SD[β] = 0.00707250191283227 -0.0144314589100204 -0.0334229053646686 -0.0508857849684159 0.00114945292159378 0.0048720372373816
Maximizing likelihood @ n=256×145=37120
 SD[log(ℓ)] = 0.743776102524967
 Δlog(ℓ) = -0.897715622188194
 Δβ/SD[β] = 0.0415340479719121 -0.234439305307198 -0.160656958548154 0.28581782129405 0.0121775406907275 0.0344045394282766
Maximizing likelihood @ n=512×145=74240
 SD[log(ℓ)] = 0.560519989146312
 Δlog(ℓ) = 0.067110755144185
 Δβ/SD[β] = 0.0341641167136628 -0.0146033156070169 -0.0246369370881319 0.138947118710307 -0.00617373569759669 -0.0337813168622833
Maximizing likelihood @ n=1024×145=148480
 SD[log(ℓ)] = 0.393623996369473
 Δlog(ℓ) = 0.521343314583689
 Δβ/SD[β] = 0.0365499233940558 0.0434514508100473 -0.0411847827562545 -0.114082883232532 0.0405125523222739 0.000888651695838624
Maximizing likelihood @ n=2048×145=296960
 SD[log(ℓ)] = 0.275087924179193
 Δlog(ℓ) = -0.0683012621461572
 Δβ/SD[β] = 0.00122336212915695 -0.00482850021149546 -0.0014209590433032 0.00886107007270479 0.0155658784964413 0.0050250338393504
Maximizing likelihood @ n=4096×145=593920
 SD[log(ℓ)] = 0.191304916879307
 Δlog(ℓ) = -0.182361671548541
 Δβ/SD[β] = 0.00221651822548676 -0.00765275899767008 -0.00827985281446007 0.0156963181836489 -0.00123516562763754 0.00463062658888678
Maximizing likelihood @ n=8192×145=1187840
 SD[log(ℓ)] = 0.143334831382917
 Δlog(ℓ) = -0.149819235809971
 Δβ/SD[β] = 0.000348650980189062 -0.00745349053812117 0.000936212004693509 0.023092034807343 -0.00901428552143808 -0.000630562229195111
Maximizing likelihood @ n=16384×145=2375680
 SD[log(ℓ)] = 0.0983090635596693
 Δlog(ℓ) = 0.0399382809690252
 Δβ/SD[β] = 0.00141512948161871 -0.00242033275628907 -0.00147532420308041 -0.0233927653510384 -0.00568378821462675 -0.00296055619148719
Maximizing likelihood @ n=32768×145=4751360
 SD[log(ℓ)] = 0.0695841154641608
 Δlog(ℓ) = 0.0913773559052942
 Δβ/SD[β] = 0.0161180367732214 -0.00952550189836552 -0.0172847466830049 -0.031430792285026 0.000699056131098644 -0.0100129854470348
Maximizing likelihood @ n=65536×145=9502720
 SD[log(ℓ)] = 0.0484219989577786
 Δlog(ℓ) = 0.0179512643663102
 Δβ/SD[β] = 0.000168181425536818 -0.00150920608265252 0.00105444582758991 -0.0088747576256457 0.0078907871377849 -0.00404405935628461
Maximizing likelihood @ n=131072×145=19005440
 SD[log(ℓ)] = 0.0353075474815348
 Δlog(ℓ) = -0.00654889564199124
 Δβ/SD[β] = 0.0122253306935963 -0.00792366501289527 -0.0180940091639709 -0.00738533148938342 -0.0147748079592944 -0.0168574691580353
Calculating Hessian
Maximizing likelihood @ n=1×145=145
 SD[log(ℓ)] = 6.48739599629264
 Δlog(ℓ) = Inf
 Δβ/SD[β] = -0.354414055006906 -0.00342411493728723 -0.0454544777812145 -1.25610693666131 0.696527948283008 -0.107279203351331
Maximizing likelihood @ n=2×145=290
 SD[log(ℓ)] = 5.33322059677935
 Δlog(ℓ) = 5.94751750263588
 Δβ/SD[β] = -0.567056940306227 0.741147864130718 -0.0938598333840497 -0.0722958607586372 0.839319514699504 0.982377712927792
Maximizing likelihood @ n=4×145=580
 SD[log(ℓ)] = 4.3127966713825
 Δlog(ℓ) = 10.6859192968875
 Δβ/SD[β] = -0.347037915295109 0.293485939195833 -0.284093053400239 -0.240239306160198 0.262994062626197 0.126530895050009
Maximizing likelihood @ n=8×145=1160
 SD[log(ℓ)] = 3.38731839216859
 Δlog(ℓ) = 5.31434630493804
 Δβ/SD[β] = 0.416908808969417 0.320237720945608 -0.200502468800094 -0.186461044639458 0.085161046683409 -0.404836079755151
Maximizing likelihood @ n=16×145=2320
 SD[log(ℓ)] = 2.48617293535729
 Δlog(ℓ) = 0.265694607578638
 Δβ/SD[β] = 1.56416041368867 -0.0668982739370167 0.817379555954176 1.73739002200128 0.0693500639061789 -0.700958498395462
Maximizing likelihood @ n=32×145=4640
 SD[log(ℓ)] = 1.89410954272842
 Δlog(ℓ) = 2.25906630876215
 Δβ/SD[β] = 0.379260482339863 0.155401014499248 -0.00972964945055503 -0.147186458931642 0.0247817904089593 -0.0635310908538154
Maximizing likelihood @ n=64×145=9280
 SD[log(ℓ)] = 1.36617983946877
 Δlog(ℓ) = -1.01891453244173
 Δβ/SD[β] = -0.0217752020130933 0.0480348472562885 -0.0327291134385534 -0.468187325306064 0.0242913566380208 -0.0275887196501174
Maximizing likelihood @ n=128×145=18560
 SD[log(ℓ)] = 1.00161658171193
 Δlog(ℓ) = 1.51093558820397
 Δβ/SD[β] = 0.00986089461080537 -0.00504569100364398 -0.0229167048197517 -0.0754726280098193 0.0308956913745859 -0.0556496562468199
Maximizing likelihood @ n=256×145=37120
 SD[log(ℓ)] = 0.746871948179261
 Δlog(ℓ) = 0.982525830418957
 Δβ/SD[β] = 0.0667713248701507 -0.149139519490827 -0.0157881615614083 -0.37405346849709 0.0463923336168104 -0.0704946436996025
Maximizing likelihood @ n=512×145=74240
 SD[log(ℓ)] = 0.544739938319469
 Δlog(ℓ) = 0.424966694063663
 Δβ/SD[β] = 0.0128475895508604 -0.0312764703915716 -0.0051522015355422 -0.0521064609883378 0.010320677067816 0.0133318517300935
Maximizing likelihood @ n=1024×145=148480
 SD[log(ℓ)] = 0.39088124431534
 Δlog(ℓ) = 0.28541945461302
 Δβ/SD[β] = 0.0517309883303455 0.0415788389036887 0.0622741201371502 -0.0270797416353825 0.00729236171677443 0.0112775969099393
Maximizing likelihood @ n=2048×145=296960
 SD[log(ℓ)] = 0.275489072336025
 Δlog(ℓ) = 0.306252491142146
 Δβ/SD[β] = 0.0226321814540309 0.0308124154894291 0.0360442574491901 -0.0734888779053442 -0.0290321838129033 0.0325259491000345
Maximizing likelihood @ n=4096×145=593920
 SD[log(ℓ)] = 0.19533064111802
 Δlog(ℓ) = -0.129729507518668
 Δβ/SD[β] = -0.0057412053769485 0.00200242020182546 0.00512157516415282 0.0238248228998957 0.02305720093137 0.00326246370958282
Maximizing likelihood @ n=8192×145=1187840
 SD[log(ℓ)] = 0.136188371007807
 Δlog(ℓ) = -0.153892518711544
 Δβ/SD[β] = 0.220009451953 -0.0559768609205351 -0.00289633784263763 0.0197831708940739 0.0163994420424342 0.0201401757414584
Maximizing likelihood @ n=16384×145=2375680
 SD[log(ℓ)] = 0.100648896486385
 Δlog(ℓ) = -0.0503847844172753
 Δβ/SD[β] = 0.0549165378581843 0.044445727206992 0.0149194943670111 -0.121060854563506 -0.0664204053203182 -0.0812254458937037
Maximizing likelihood @ n=32768×145=4751360
 SD[log(ℓ)] = 0.0692510642147679
 Δlog(ℓ) = 0.0448398676544528
 Δβ/SD[β] = 0.323858355774175 -0.137604781279366 -0.0334379379244514 0.023678625703908 -0.00786923248704493 -0.166045295263754
Maximizing likelihood @ n=65536×145=9502720
 SD[log(ℓ)] = 0.0494530251034631
 Δlog(ℓ) = 0.00739194695125889
 Δβ/SD[β] = 0.0283598551259547 -0.0029769013157406 0.0122543852066509 -0.0262470717219298 -0.0167799885243686 -0.0119346142720562
Maximizing likelihood @ n=131072×145=19005440
 SD[log(ℓ)] = 0.034953277263963
 Δlog(ℓ) = 0.0682905086495964
 Δβ/SD[β] = 0.0812211044332222 0.0327718476972953 0.00719002477884127 0.00549597688848997 0.0125826630741445 0.00889326000570736
Calculating Hessian
There were 14 warnings (use warnings() to see them)
Script complete
Fri Nov 15 23:29:07 MST 2024
