Wed Nov 20 18:46:58 MST 2024
Initiating script
── Attaching core tidyverse packages ──────────────────────── tidyverse 2.0.0 ──
✔ dplyr     1.1.4     ✔ readr     2.1.5
✔ forcats   1.0.0     ✔ stringr   1.5.1
✔ ggplot2   3.5.1     ✔ tibble    3.2.1
✔ lubridate 1.9.3     ✔ tidyr     1.3.1
✔ purrr     1.0.2     
── Conflicts ────────────────────────────────────────── tidyverse_conflicts() ──
✖ ggplot2::annotate() masks ctmm::annotate()
✖ dplyr::filter()     masks stats::filter()
✖ dplyr::lag()        masks stats::lag()
ℹ Use the conflicted package (<http://conflicted.r-lib.org/>) to force all conflicts to become errors
Linking to GEOS 3.9.5, GDAL 3.8.5, PROJ 9.4.0; sf_use_s2() is TRUE
Loading required package: sp

Attaching package: ‘raster’

The following object is masked from ‘package:dplyr’:

    select

The following objects are masked from ‘package:ctmm’:

    projection, projection<-

terra 1.7.78

Attaching package: ‘terra’

The following object is masked from ‘package:tidyr’:

    extract

The following objects are masked from ‘package:ctmm’:

    distance, meta

[1] "/home/u15/mmercer3/proj/habitat_analysis_class/Final/Model_Fit_Results/roads_750/Cynthia_rr.Rda"
     [,1]                                
[1,] "Data loaded at 2024-11-20 18:47:07"
Default grid size of 47.9666666666667 minutes chosen for bandwidth(...,fast=TRUE).
Some rasters are not loaded in RAM and may be slow to process. See help("raster::readAll").
Maximizing likelihood @ n=1×1886=1886
 SD[log(ℓ)] = 11.7917331663179
 Δlog(ℓ) = Inf
 Δβ/SD[β] = -0.196238109610444 -0.106793517196318 -0.799794913175682 -0.0098884638765953 -0.0658730448686173 -1.23111513112939 0.764621730175202 -0.00596792701236941
Maximizing likelihood @ n=2×1886=3772
 SD[log(ℓ)] = 9.63880309302361
 Δlog(ℓ) = 63.6107132936357
 Δβ/SD[β] = -1.02856524672376 0.813752854932047 -3.87639766947133 -2.6568244298818 0.981338067602793 0.203944057963898 0.175362682962336 1.25830647901827
Maximizing likelihood @ n=4×1886=7544
 SD[log(ℓ)] = 7.95754844917532
 Δlog(ℓ) = 34.4484513837382
 Δβ/SD[β] = 0.316463708700833 0.716158318933257 -0.724525300140432 -0.309031420422981 0.089522655946248 0.292347142662816 0.182219269526916 -0.293869732059093
Maximizing likelihood @ n=8×1886=15088
 SD[log(ℓ)] = 5.90557351813479
 Δlog(ℓ) = 14.3302942587314
 Δβ/SD[β] = 0.00398965459380116 0.0538849394269525 -0.0809940248513579 0.00628131009249951 0.038706733171351 -0.0212691810014808 0.0458198907926077 -0.000351189209576832
Maximizing likelihood @ n=16×1886=30176
 SD[log(ℓ)] = 4.36664813946607
 Δlog(ℓ) = 14.9325516691591
 Δβ/SD[β] = 0.0261108274023464 -0.0407936025762386 -0.0684526951550999 -0.00301455750176676 0.0104815524163096 -0.0724751933162638 0.030331183296618 -0.043022401199025
Maximizing likelihood @ n=32×1886=60352
 SD[log(ℓ)] = 3.13238862721484
 Δlog(ℓ) = 7.3194484130043
 Δβ/SD[β] = 0.0254568823552387 -0.00493370262718201 -0.00145265271482218 -0.0079005869630473 0.0165053887751675 -0.0751625836928762 0.0141274052477349 -0.000325742596059778
Maximizing likelihood @ n=64×1886=120704
 SD[log(ℓ)] = 2.23666344987518
 Δlog(ℓ) = 1.52422681086085
 Δβ/SD[β] = 0.016353351988136 -0.0158427590548676 -0.00906650208533312 -0.0119236212127147 -0.0070297618150145 -0.0222966957785073 0.0117760386020518 0.00112891490714876
Maximizing likelihood @ n=128×1886=241408
 SD[log(ℓ)] = 1.58426992604479
 Δlog(ℓ) = 0.503203486906898
 Δβ/SD[β] = 0.0562814614819055 -0.0345562986915378 0.0209945849224142 -0.135762550005345 0.0384452406903741 -0.0432542492464255 0.00339606753458085 0.00701723348762285
Maximizing likelihood @ n=256×1886=482816
 SD[log(ℓ)] = 1.12684349260212
 Δlog(ℓ) = 0.382353190127276
 Δβ/SD[β] = 0.0331980697171625 -0.00114836865246216 -0.0444765737536323 0.0220106141870274 0.0450628995132232 -0.0443989235423258 0.0459338088643238 -0.0455831176513447
Maximizing likelihood @ n=512×1886=965632
 SD[log(ℓ)] = 0.79416315575816
 Δlog(ℓ) = -1.63470927180197
 Δβ/SD[β] = 0.00645345433924113 -0.021107558886568 0.00787696628623873 0.0114162159307824 0.0214491692766556 -0.0227292966241487 -0.0571300709676017 0.0313955462480505
Maximizing likelihood @ n=1024×1886=1931264
 SD[log(ℓ)] = 0.564645004907861
 Δlog(ℓ) = -0.601301971239195
 Δβ/SD[β] = 0.0123262609610582 -0.0396842046961692 -0.00329482973643685 -0.00265749231895479 0.0244967632491973 -0.0360732559766714 0.00221497998102806 0.020902140886828
Maximizing likelihood @ n=2048×1886=3862528
 SD[log(ℓ)] = 0.397145824587397
 Δlog(ℓ) = 0.61491996789988
 Δβ/SD[β] = 0.0713364738709844 0.0154691130973999 0.0643446006372069 -0.00660832702221919 -0.0195450785862634 -0.010768256319065 -0.0466029067413715 -0.0453032407537209
Maximizing likelihood @ n=4096×1886=7725056
 SD[log(ℓ)] = 0.281119272571893
 Δlog(ℓ) = 0.0607064490235985
 Δβ/SD[β] = 0.305308827587104 -0.0482593730563889 -0.000526887491823605 -0.0110746237910839 0.183385753246567 -0.0156633888048778 -0.00201568098188768 -0.131822618734034
Maximizing likelihood @ n=8192×1886=15450112
 SD[log(ℓ)] = 0.199243457025737
 Δlog(ℓ) = 0.357525408645188
 Δβ/SD[β] = 0.014519992049029 0.00151489633684814 0.00961209849239465 0.0209204584643795 0.012043309404182 0.0031011604075572 0.0637052381376642 0.00903060588069156
Maximizing likelihood @ n=16384×1886=30900224
 SD[log(ℓ)] = 0.140941106916473
 Δlog(ℓ) = -0.0969263272384637
 Δβ/SD[β] = 0.0742876063487498 0.00347158550591914 0.000618598153440779 -0.0490513492859793 0.0200205966210088 -0.0131255560498574 -0.00556498158744715 -0.0138315522425302
Calculating Hessian
Warning message:
In rsf.fit(individual, individual_akde, R = R, max.mem = "2 Gb") :
  Calculation stopped before 3.7 Gb allocation.
Script complete
Wed Nov 20 19:59:40 MST 2024
