Sat Nov 16 00:36:37 MST 2024
Initiating script
── Attaching core tidyverse packages ──────────────────────── tidyverse 2.0.0 ──
✔ dplyr     1.1.4     ✔ readr     2.1.5
✔ forcats   1.0.0     ✔ stringr   1.5.1
✔ ggplot2   3.5.1     ✔ tibble    3.2.1
✔ lubridate 1.9.3     ✔ tidyr     1.3.1
✔ purrr     1.0.2     
── Conflicts ────────────────────────────────────────── tidyverse_conflicts() ──
✖ ggplot2::annotate() masks ctmm::annotate()
✖ dplyr::filter()     masks stats::filter()
✖ dplyr::lag()        masks stats::lag()
ℹ Use the conflicted package (<http://conflicted.r-lib.org/>) to force all conflicts to become errors
Linking to GEOS 3.9.5, GDAL 3.8.5, PROJ 9.4.0; sf_use_s2() is TRUE
Loading required package: sp

Attaching package: ‘raster’

The following object is masked from ‘package:dplyr’:

    select

The following objects are masked from ‘package:ctmm’:

    projection, projection<-

terra 1.7.78

Attaching package: ‘terra’

The following object is masked from ‘package:tidyr’:

    extract

The following objects are masked from ‘package:ctmm’:

    distance, meta

[1] "/home/u15/mmercer3/proj/habitat_analysis_class/Final/Model_Fit_Results/Sadie_rr.Rda"
     [,1]                                
[1,] "Data loaded at 2024-11-16 00:36:50"
Reading layer `major' from data source 
  `/home/u15/mmercer3/proj/habitat_analysis_class/Final/Major_Roads' 
  using driver `ESRI Shapefile'
Simple feature collection with 411 features and 7 fields
Geometry type: LINESTRING
Dimension:     XY
Bounding box:  xmin: 477946 ymin: 3545735 xmax: 511807.9 ymax: 3592212
Projected CRS: WGS 84 / UTM zone 12N
     [,1]                                 
[1,] "Roads loaded at 2024-11-16 00:36:50"
Default grid size of 1.00041666666667 hours chosen for bandwidth(...,fast=TRUE).
|---------|---------|---------|---------|=========================================                                          [1] 1681968
[1] 1681968
Starting buffer 30 
Maximizing likelihood @ n=1×1548=1548
 SD[log(ℓ)] = 6.11032516519788
 Δlog(ℓ) = Inf
 Δβ/SD[β] = -4.54226424575873 -0.0453579298296953 0.0323323778798778 -0.591467688566562 -1.01029840478848 0.325366851427327
Maximizing likelihood @ n=2×1548=3096
 SD[log(ℓ)] = 5.19550111922321
 Δlog(ℓ) = 11.1340073726381
 Δβ/SD[β] = -0.489529010440731 -1.59784298081647 0.445389568869568 0.0286907321183707 -0.496602375461868 0.150003335763071
Maximizing likelihood @ n=4×1548=6192
 SD[log(ℓ)] = 4.07927688340114
 Δlog(ℓ) = 9.4701254079605
 Δβ/SD[β] = -1.09262683344775 -1.04211282662971 -0.60320168553789 0.31288191622638 -0.72990750542888 0.658687297161299
Maximizing likelihood @ n=8×1548=12384
 SD[log(ℓ)] = 3.06056419941675
 Δlog(ℓ) = 4.03052843188681
 Δβ/SD[β] = -0.051776493889059 0.102375808201411 -0.139165707523728 0.072983701730071 -0.480405214107693 0.025584211867008
Maximizing likelihood @ n=16×1548=24768
 SD[log(ℓ)] = 2.25643315227348
 Δlog(ℓ) = 1.37773827370214
 Δβ/SD[β] = -0.00148923834694219 -0.143274993370363 -0.547087763733901 0.0643294936388092 -1.08358202704473 0.271324229421187
Maximizing likelihood @ n=32×1548=49536
 SD[log(ℓ)] = 1.63160392006781
 Δlog(ℓ) = 3.7501513167926
 Δβ/SD[β] = -0.219872946054591 -0.18897875138164 0.0767639940569003 0.0945179432898144 -0.0420076441409227 0.171607532543416
Maximizing likelihood @ n=64×1548=99072
 SD[log(ℓ)] = 1.1684172679213
 Δlog(ℓ) = 0.987686399049096
 Δβ/SD[β] = -0.0729112623927059 -0.0296189103817173 -0.0146209827835535 -0.0428951752569753 -0.0050285338600502 0.104691276327186
Maximizing likelihood @ n=128×1548=198144
 SD[log(ℓ)] = 0.832477974746309
 Δlog(ℓ) = 1.10016506324811
 Δβ/SD[β] = -0.00523402044123439 -0.0106274229375996 -0.00523745232019993 -0.0144839117039402 0.00142466732952059 0.0721219087659975
Maximizing likelihood @ n=256×1548=396288
 SD[log(ℓ)] = 0.593133861712977
 Δlog(ℓ) = 0.4004145739476
 Δβ/SD[β] = -0.0541233506086444 -0.0434146208984062 -0.0248567338194224 0.0746457934811696 0.00220243582371134 -0.036852064761162
Maximizing likelihood @ n=512×1548=792576
 SD[log(ℓ)] = 0.422678760248529
 Δlog(ℓ) = 0.797451633910015
 Δβ/SD[β] = -0.0411197890012853 -0.00990376195322895 -0.0116210098597464 0.00466173318518826 -0.0304120859715812 0.0615880950527453
Maximizing likelihood @ n=1024×1548=1585152
 SD[log(ℓ)] = 0.299663553906119
 Δlog(ℓ) = 0.354740273990771
 Δβ/SD[β] = -0.0331050328756821 -0.0144025876942119 0.0325815066818851 0.065836630652906 -0.0341930507568723 0.0464278108444136
Maximizing likelihood @ n=2048×1548=3170304
 SD[log(ℓ)] = 0.213167667825829
 Δlog(ℓ) = 0.025376469023783
 Δβ/SD[β] = 0.0142716732692117 -0.0670780468255338 0.0281517517276136 0.00944872170657839 -0.0137843959621045 -0.0267504981885762
Maximizing likelihood @ n=4096×1548=6340608
 SD[log(ℓ)] = 0.15028477300271
 Δlog(ℓ) = 0.0795046481473491
 Δβ/SD[β] = -0.0220954152344235 -0.00951931781451999 0.00319297396745878 -0.000990325075047748 -0.00654385146727614 0.0210157014081057
Maximizing likelihood @ n=8192×1548=12681216
 SD[log(ℓ)] = 0.105892495274736
 Δlog(ℓ) = -0.0464175494504673
 Δβ/SD[β] = -0.00163302756534627 -0.0101455998826096 -0.00801192721282842 7.69519768600218e-05 -0.00499953222808924 -0.0262039644636033
Calculating Hessian
Maximizing likelihood @ n=1×1548=1548
 SD[log(ℓ)] = 5.25328487269555
 Δlog(ℓ) = Inf
 Δβ/SD[β] = 2.08835353423054 -0.0261312164895299 -0.00950175524802797 -0.610854621569307 -0.971390791206738 0.352805094366282
Maximizing likelihood @ n=2×1548=3096
 SD[log(ℓ)] = 5.026667387174
 Δlog(ℓ) = 18.5968077280995
 Δβ/SD[β] = 2.19251089897563 -1.30363492673818 -1.05446717915583 0.134900605955829 -0.707333385126838 0.210523309293821
Maximizing likelihood @ n=4×1548=6192
 SD[log(ℓ)] = 4.04857919323935
 Δlog(ℓ) = 12.3242097887944
 Δβ/SD[β] = 0.177058832825316 -0.295692176182027 0.0921413256863511 0.133871350746705 -0.0601664756148497 0.113217988650598
Maximizing likelihood @ n=8×1548=12384
 SD[log(ℓ)] = 2.99922650838474
 Δlog(ℓ) = 3.99361693312015
 Δβ/SD[β] = 0.0527467146080387 -0.0178827217651454 -0.0138441031148992 0.0329648471976863 -0.0206520758169656 0.0523320077301348
Maximizing likelihood @ n=16×1548=24768
 SD[log(ℓ)] = 2.17559474894253
 Δlog(ℓ) = 4.09552580137705
 Δβ/SD[β] = 0 0 0 0 0 0
Maximizing likelihood @ n=32×1548=49536
 SD[log(ℓ)] = 1.65091645863958
 Δlog(ℓ) = 4.68242271869676
 Δβ/SD[β] = 0.471605657228383 -0.287668425556213 -0.0942004392253507 0.193804583957551 -0.0475900337162502 0.559179331298884
Maximizing likelihood @ n=64×1548=99072
 SD[log(ℓ)] = 1.15831360291478
 Δlog(ℓ) = -2.54703784366647
 Δβ/SD[β] = -0.0119964000784401 -0.0438686955604135 -0.0507086162054684 -0.113765195028386 0.0484799923907098 -0.0657307134535038
Maximizing likelihood @ n=128×1548=198144
 SD[log(ℓ)] = 0.817467538067265
 Δlog(ℓ) = -0.59674215159437
 Δβ/SD[β] = -0.0539474407142066 -0.0185254864588259 -0.0453504714231978 0.0248164982346563 -0.0156387795381145 -0.0167516943283352
Maximizing likelihood @ n=256×1548=396288
 SD[log(ℓ)] = 0.582881178596355
 Δlog(ℓ) = 0.250269607049518
 Δβ/SD[β] = 0.0826383660069505 0.0264579787987505 -0.0402037636378367 -0.033125251360024 -0.031154951323401 0.0188940195432916
Maximizing likelihood @ n=512×1548=792576
 SD[log(ℓ)] = 0.410522335959149
 Δlog(ℓ) = -0.0714890068725822
 Δβ/SD[β] = -0.043169582561553 -0.0252410616041803 -0.00597468589505539 -0.00733183176487619 0.013408657486393 -0.0313898475306023
Maximizing likelihood @ n=1024×1548=1585152
 SD[log(ℓ)] = 0.29196606476863
 Δlog(ℓ) = -0.0863220113484431
 Δβ/SD[β] = 0.00868230835297238 -0.00656068930217737 -0.0285517186734623 0.0036516697050505 -0.0239174408398218 0.0391972655562345
Maximizing likelihood @ n=2048×1548=3170304
 SD[log(ℓ)] = 0.206233053037747
 Δlog(ℓ) = -0.0655738214774857
 Δβ/SD[β] = -0.129170863640999 0.00342123788395367 -0.320896748843449 0.0275640574684896 -0.132286795724655 0.00533246563187349
Maximizing likelihood @ n=4096×1548=6340608
 SD[log(ℓ)] = 0.146818276333692
 Δlog(ℓ) = 0.0184806140055684
 Δβ/SD[β] = 0.139776678145044 -0.0475989473900598 -0.0370287739525935 -0.00897262325881999 0.0165017005052215 -0.00241883242713925
Maximizing likelihood @ n=8192×1548=12681216
 SD[log(ℓ)] = 0.10341445710646
 Δlog(ℓ) = 0.007224353967203
 Δβ/SD[β] = -0.0566341881909054 -0.0768193989028273 -0.149619410532039 0.00267468083007711 0.0244305467593239 -0.0417999444487342
Calculating Hessian
Maximizing likelihood @ n=1×1548=1548
 SD[log(ℓ)] = 5.53444848251975
 Δlog(ℓ) = Inf
 Δβ/SD[β] = 2.82761104208003 0.767587557679502 -0.994476471947966 -6.75484775977543 -15.9287884616332 7.68863398411771
Maximizing likelihood @ n=2×1548=3096
 SD[log(ℓ)] = 4.44991367556762
 Δlog(ℓ) = 10.9174286490555
 Δβ/SD[β] = -0.188325378396402 0.428814226980584 -0.57715097181647 0.404562981664254 -0.254662367260687 1.04486488262654
Maximizing likelihood @ n=4×1548=6192
 SD[log(ℓ)] = 3.46775579700135
 Δlog(ℓ) = 5.86867331600735
 Δβ/SD[β] = 1.44242587060695 -0.0280072104092427 0.40819956765123 0.255906545134069 1.32918452492913 1.16105329700515
Maximizing likelihood @ n=8×1548=12384
 SD[log(ℓ)] = 2.61448661571435
 Δlog(ℓ) = 2.89929486936218
 Δβ/SD[β] = 0.044086382588124 -0.0328726034167105 0.0121052963447739 0.00185081431544774 -0.112134536712863 0.063803056631783
Maximizing likelihood @ n=16×1548=24768
 SD[log(ℓ)] = 1.89329424201532
 Δlog(ℓ) = 3.29218777810358
 Δβ/SD[β] = 0.0071838799485137 0.0241798226109185 -0.00330359686525257 -0.00175748729918566 0.000952661718272881 0.0357741992369272
Maximizing likelihood @ n=32×1548=49536
 SD[log(ℓ)] = 1.38403071125206
 Δlog(ℓ) = 2.48228054084801
 Δβ/SD[β] = 0.00111704478228196 -9.92915746840429e-06 -0.000693208214143534 -0.0006583577530586 -0.0038005126872104 0.0257981003642832
Maximizing likelihood @ n=64×1548=99072
 SD[log(ℓ)] = 0.999524427990356
 Δlog(ℓ) = 0.357558191709657
 Δβ/SD[β] = 0.2056902977085 -0.0137981793604907 -0.0171363684550294 0.0357568115660787 -0.264835874217043 0.00195575000783623
Maximizing likelihood @ n=128×1548=198144
 SD[log(ℓ)] = 0.705256573671195
 Δlog(ℓ) = -0.634863490034988
 Δβ/SD[β] = 0.0794686288013991 -0.057808101332027 -0.0657034225440469 -0.112690046772128 0.0452722365838119 -0.0223190696335862
Maximizing likelihood @ n=256×1548=396288
 SD[log(ℓ)] = 0.496502540165849
 Δlog(ℓ) = -0.453773914337319
 Δβ/SD[β] = 0.14004918610362 -0.0756897338012463 0.0323489945835999 0.0594215632296058 -0.0536198062454296 -0.0279022157735985
Maximizing likelihood @ n=512×1548=792576
 SD[log(ℓ)] = 0.356222369475577
 Δlog(ℓ) = -0.108898954571302
 Δβ/SD[β] = 0.0108470690361501 0.0114881622131464 -0.0227396636195685 -0.0342708137892473 0.017846841320919 0.0481642399479218
Maximizing likelihood @ n=1024×1548=1585152
 SD[log(ℓ)] = 0.255625890558613
 Δlog(ℓ) = -0.411626211895339
 Δβ/SD[β] = 0 0 0 0 0 0
Maximizing likelihood @ n=2048×1548=3170304
 SD[log(ℓ)] = 0.180062823750938
 Δlog(ℓ) = -0.0359400281554514
 Δβ/SD[β] = 0 0 0 0 0 0
Maximizing likelihood @ n=4096×1548=6340608
 SD[log(ℓ)] = 0.126202491333533
 Δlog(ℓ) = 0.0171858594379728
 Δβ/SD[β] = -6.60376977758603e-05 -0.0149084017368844 0.0059053350385006 -0.00468865196661091 -0.0052328523128498 -0.033549712045049
Maximizing likelihood @ n=8192×1548=12681216
 SD[log(ℓ)] = 0.0894988348929113
 Δlog(ℓ) = 0.000624102053137676
 Δβ/SD[β] = 0.00213058501528796 -0.00074570712792601 0.000136104022208859 -0.00286853892424692 -0.000115924194604996 0.00217039611380196
Calculating Hessian
Maximizing likelihood @ n=1×1548=1548
 SD[log(ℓ)] = 6.24560604851002
 Δlog(ℓ) = Inf
 Δβ/SD[β] = -1.11382877723267 0.0644179219422416 -0.0190394798194072 -0.493965241371124 -0.934771305592565 0.463435380491776
Maximizing likelihood @ n=2×1548=3096
 SD[log(ℓ)] = 4.98441306577452
 Δlog(ℓ) = 6.46873562902145
 Δβ/SD[β] = 0.0156243123083503 0.0320253369238332 0.157043586982333 0.172613991792881 -0.0802923666703602 0.0787341832499396
Maximizing likelihood @ n=4×1548=6192
 SD[log(ℓ)] = 3.7471925766664
 Δlog(ℓ) = -0.66234604127925
 Δβ/SD[β] = -0.322949827807429 0.282305820155268 -0.140381318603157 0.0251538646489493 0.967288658581675 0.0990638593904267
Maximizing likelihood @ n=8×1548=12384
 SD[log(ℓ)] = 2.78653956787497
 Δlog(ℓ) = 5.7354627270898
 Δβ/SD[β] = -0.0501423182396663 -0.0708805920684557 -0.019252964345415 -0.0240908671524352 0.286169725126097 0.0817682243201423
Maximizing likelihood @ n=16×1548=24768
 SD[log(ℓ)] = 2.0722856876571
 Δlog(ℓ) = 3.33570286882077
 Δβ/SD[β] = -0.116285742729401 -0.0123692755648444 0.055046551902147 0.0532998130651252 0.0440747910834449 0.0461994852472839
Maximizing likelihood @ n=32×1548=49536
 SD[log(ℓ)] = 1.50176713680595
 Δlog(ℓ) = 2.70469480194591
 Δβ/SD[β] = -0.0027160448844506 -0.00279611144963891 -0.0117933019563767 0.00712578591201661 -0.00189466993179566 0.00898978898999917
Maximizing likelihood @ n=64×1548=99072
 SD[log(ℓ)] = 1.06675894250509
 Δlog(ℓ) = -1.77396990257824
 Δβ/SD[β] = -0.0622139903632756 0.0303340840182284 -0.0692000685459419 0.0727985744473233 0.0924381920742713 -0.00159210319421618
Maximizing likelihood @ n=128×1548=198144
 SD[log(ℓ)] = 0.750055398642869
 Δlog(ℓ) = -0.24790130720281
 Δβ/SD[β] = -0.0157254297394462 -0.0706066582523451 -0.0520032158014281 0.0854240290681348 0.138979179234197 0.00914038484323136
Maximizing likelihood @ n=256×1548=396288
 SD[log(ℓ)] = 0.535272401258586
 Δlog(ℓ) = 0.345694167558037
 Δβ/SD[β] = -0.0149523993856469 -0.0557953889422756 -0.0308175707316991 -0.00858198400680135 0.077051724717628 0.0181071782597408
Maximizing likelihood @ n=512×1548=792576
 SD[log(ℓ)] = 0.379778633594271
 Δlog(ℓ) = 0.371238853162552
 Δβ/SD[β] = -0.00896499387924538 -0.0117099639556302 -0.0187490214854296 0.00552435297081808 0.016545760691864 0.0239494604167371
Maximizing likelihood @ n=1024×1548=1585152
 SD[log(ℓ)] = 0.269566150403139
 Δlog(ℓ) = 0.0480317213085897
 Δβ/SD[β] = -0.0271180004765359 0.0425875592487048 -0.078978446095112 -0.0593487555732472 0.0419178283702603 0.00919088598965993
Maximizing likelihood @ n=2048×1548=3170304
 SD[log(ℓ)] = 0.189900917765825
 Δlog(ℓ) = -0.191449473885001
 Δβ/SD[β] = -0.0144915785286776 -0.0107630806971907 -0.000998523798835902 0.0283935175073293 0.00384697955677203 -0.0166744624413842
Maximizing likelihood @ n=4096×1548=6340608
 SD[log(ℓ)] = 0.133386382414513
 Δlog(ℓ) = -0.181002000430794
 Δβ/SD[β] = -0.0926736204833198 0.106822303928506 -0.132355463462385 -0.0364817055880792 0.138787492909684 0.00918981602859195
Maximizing likelihood @ n=8192×1548=12681216
 SD[log(ℓ)] = 0.0952610980158579
 Δlog(ℓ) = 0.0660109627841337
 Δβ/SD[β] = -0.0298353467096602 -0.00692198935841713 -0.0546194421211896 0.0586013141059362 0.00554273022827656 0.0658901507795963
Calculating Hessian
Starting buffer 750 
Maximizing likelihood @ n=1×1548=1548
 SD[log(ℓ)] = 6.0581615515653
 Δlog(ℓ) = Inf
 Δβ/SD[β] = 2.92775456741325 0.978907307730851 -0.158218060000112 -10.7798111764868 -17.6511791849564 9.33354962598605
Maximizing likelihood @ n=2×1548=3096
 SD[log(ℓ)] = 4.9101893892769
 Δlog(ℓ) = 11.7073338309104
 Δβ/SD[β] = -0.0221580122228362 -0.0534269335793567 -0.0572661120031719 0.0319241583034138 0.128753036598298 0.223276236642621
Maximizing likelihood @ n=4×1548=6192
 SD[log(ℓ)] = 3.7772992688418
 Δlog(ℓ) = 3.33541216412634
 Δβ/SD[β] = 0.0467256638009711 0.0340591979034291 -0.0243513740977941 0.222002962871075 0.299817464138023 0.0732197244295288
Maximizing likelihood @ n=8×1548=12384
 SD[log(ℓ)] = 2.70649749814795
 Δlog(ℓ) = -0.991280038707885
 Δβ/SD[β] = -0.0312189431408651 0.0122132305618752 0.0121583110509334 0.254694294623589 -0.0567509895107743 -0.0703890759501754
Maximizing likelihood @ n=16×1548=24768
 SD[log(ℓ)] = 2.00047287722099
 Δlog(ℓ) = 0.953553448412706
 Δβ/SD[β] = -0.000824649941580616 -0.0528305821805287 -0.00233818059232035 0.0427316197068353 0.0390825645726953 0.0102854113875021
Maximizing likelihood @ n=32×1548=49536
 SD[log(ℓ)] = 1.41666522732376
 Δlog(ℓ) = -0.799353949093771
 Δβ/SD[β] = 0 0 0 0 0 0
Maximizing likelihood @ n=64×1548=99072
 SD[log(ℓ)] = 1.01735834139491
 Δlog(ℓ) = -1.04610315616877
 Δβ/SD[β] = 9.10474436548806e-07 0.000150093469260004 -0.000401923478440041 -0.00780763000961187 0.000703485017440287 0.0116604615489862
Maximizing likelihood @ n=128×1548=198144
 SD[log(ℓ)] = 0.717481537881672
 Δlog(ℓ) = -0.736875862803942
 Δβ/SD[β] = 0.0232883228864049 -0.118118543300827 0.0384197856630676 -0.0376185841391302 0.0822257266364715 -0.118843327720456
Maximizing likelihood @ n=256×1548=396288
 SD[log(ℓ)] = 0.500463974420995
 Δlog(ℓ) = 0.0979252112133082
 Δβ/SD[β] = -0.0324237235295431 -0.0267762402426192 -0.0328912036469539 0.0089008777204027 0.0398435569297236 -0.034337245685769
Maximizing likelihood @ n=512×1548=792576
 SD[log(ℓ)] = 0.354826116408864
 Δlog(ℓ) = -0.153129867870021
 Δβ/SD[β] = 0.021030534690282 -0.00157895743485392 -0.0263626706414243 -0.0227729194255232 0.0180858044297887 0.0511773520306487
Maximizing likelihood @ n=1024×1548=1585152
 SD[log(ℓ)] = 0.25507464159341
 Δlog(ℓ) = 0.0551527086750525
 Δβ/SD[β] = 1.25674641990074e-05 0.0150361145820615 -0.0136692911966474 0.0167458326787615 0.023569448419627 0.00623869423318522
Maximizing likelihood @ n=2048×1548=3170304
 SD[log(ℓ)] = 0.179096535424798
 Δlog(ℓ) = 0.155004703097816
 Δβ/SD[β] = -0.0759303252452838 0.0422266816346888 -0.0356099460463294 -0.095186857286705 0.0770509459322336 -0.0349619442751818
Maximizing likelihood @ n=4096×1548=6340608
 SD[log(ℓ)] = 0.127574732684734
 Δlog(ℓ) = 0.102294960224484
 Δβ/SD[β] = -0.0307507549533669 0.0511863997011869 -0.0319950329264338 0.0367208950870707 0.0147685722609236 0.0525307663424974
Maximizing likelihood @ n=8192×1548=12681216
 SD[log(ℓ)] = 0.0902475680552672
 Δlog(ℓ) = -0.0256663859369723
 Δβ/SD[β] = 0 0 0 0 0 0
Calculating Hessian
Maximizing likelihood @ n=1×1548=1548
 SD[log(ℓ)] = 5.70898218852965
 Δlog(ℓ) = Inf
 Δβ/SD[β] = -2.1932718642373 1.09634081871092 0.388979935780668 -8.17022582740739 -18.0784499618501 9.36301142109601
Maximizing likelihood @ n=2×1548=3096
 SD[log(ℓ)] = 4.38766512445765
 Δlog(ℓ) = 1.87401420632868
 Δβ/SD[β] = 0.00552247726511108 0.0601821069001422 0.0147975638091654 0.129274462251608 -0.0106258380507344 0.0377746172526119
Maximizing likelihood @ n=4×1548=6192
 SD[log(ℓ)] = 3.55208486227449
 Δlog(ℓ) = 10.470884331149
 Δβ/SD[β] = 0.0467930191819756 -0.0652793115386974 -0.185561290696139 0.148082987706232 0.0145605586200347 0.141834644630539
Maximizing likelihood @ n=8×1548=12384
 SD[log(ℓ)] = 2.64472054699247
 Δlog(ℓ) = 2.88621509438333
 Δβ/SD[β] = 0 0 0 0 0 0
Maximizing likelihood @ n=16×1548=24768
 SD[log(ℓ)] = 1.93719234407382
 Δlog(ℓ) = 0.167379014179275
 Δβ/SD[β] = 0.145432100656238 0.0772864723760909 -0.0799823248178528 0.237155923957786 0.16545405558895 0.255633900604272
Maximizing likelihood @ n=32×1548=49536
 SD[log(ℓ)] = 1.40338877303287
 Δlog(ℓ) = 1.67783192994729
 Δβ/SD[β] = 8.08119789333416e-07 0.000591607681208002 -0.00185261169724141 0.000242418520301092 3.98709914640054e-05 0.0223366996283348
Maximizing likelihood @ n=64×1548=99072
 SD[log(ℓ)] = 1.00091959084104
 Δlog(ℓ) = -0.275077382221284
 Δβ/SD[β] = 0.0279703459916999 0.00553322976676856 -0.0181626003723207 0.0219732629325112 -0.0216581701563485 0.00692999393400778
Maximizing likelihood @ n=128×1548=198144
 SD[log(ℓ)] = 0.704596209085048
 Δlog(ℓ) = 0.696252425739161
 Δβ/SD[β] = 0.0113162698329891 0.0505014631466786 -0.0196634621549278 0.063616017519162 -0.0248668795130549 0.0615213449283398
Maximizing likelihood @ n=256×1548=396288
 SD[log(ℓ)] = 0.496646751808521
 Δlog(ℓ) = 0.81702095787422
 Δβ/SD[β] = 0 0 0 0 0 0
Maximizing likelihood @ n=512×1548=792576
 SD[log(ℓ)] = 0.35833069344909
 Δlog(ℓ) = 0.306061860208715
 Δβ/SD[β] = -0.00111096218752256 0.0576193350730249 -0.026295871673525 0.0271668945846201 -0.000247763969561693 0.0139140712480858
Maximizing likelihood @ n=1024×1548=1585152
 SD[log(ℓ)] = 0.256975655986297
 Δlog(ℓ) = -0.111436353411989
 Δβ/SD[β] = 0.017007415377877 0.10462268055603 -0.0726224669078475 -0.065038751000972 0.048676411581604 0.0183420293949499
Maximizing likelihood @ n=2048×1548=3170304
 SD[log(ℓ)] = 0.182939732342191
 Δlog(ℓ) = 0.221292494214282
 Δβ/SD[β] = 0 0 0 0 0 0
Maximizing likelihood @ n=4096×1548=6340608
 SD[log(ℓ)] = 0.129184886091636
 Δlog(ℓ) = 0.194575017330493
 Δβ/SD[β] = -0.0225451315475045 -0.00453079894675681 -0.0411434046019601 0.0177058623796762 -0.00132064859529309 0.00397200251321705
Maximizing likelihood @ n=8192×1548=12681216
 SD[log(ℓ)] = 0.0905571986623638
 Δlog(ℓ) = 0.00700387072981812
 Δβ/SD[β] = -0.0109769765881199 0.00398528542636043 -0.0181937114974606 -0.0131999634548413 -0.00724846762249748 -0.0297351674535966
Calculating Hessian
Maximizing likelihood @ n=1×1548=1548
 SD[log(ℓ)] = 5.64766809400793
 Δlog(ℓ) = Inf
 Δβ/SD[β] = 4.33671559085737 0.982391002744871 -0.313632289449844 -7.28870645370918 -15.8194833270802 8.82252971108621
Maximizing likelihood @ n=2×1548=3096
 SD[log(ℓ)] = 4.52194999680375
 Δlog(ℓ) = 8.72528854191675
 Δβ/SD[β] = -0.0384017849186848 -0.108083699150633 0.00624537785299768 0.118734708260532 -0.0431104858487908 0.148912124277949
Maximizing likelihood @ n=4×1548=6192
 SD[log(ℓ)] = 3.53732501804238
 Δlog(ℓ) = 7.68131016853373
 Δβ/SD[β] = 0.249651874165311 0.0983813486008262 -0.0146534928682474 0.145856525929103 -0.0629697761314668 0.115317686889226
Maximizing likelihood @ n=8×1548=12384
 SD[log(ℓ)] = 2.58404586086054
 Δlog(ℓ) = -1.73433098430324
 Δβ/SD[β] = 0.0235173062086555 -0.0235171617040914 0.0115337111352598 -0.0248202259641427 -0.0112677010871491 -0.0079407775278814
Maximizing likelihood @ n=16×1548=24768
 SD[log(ℓ)] = 1.92574699631525
 Δlog(ℓ) = 5.10200745287075
 Δβ/SD[β] = -0.109452863834231 0.0350924364376222 -0.00812673718193129 0.0193796760678942 -0.0718776901753105 0.0418887394212805
Maximizing likelihood @ n=32×1548=49536
 SD[log(ℓ)] = 1.38333154081139
 Δlog(ℓ) = 1.02492771808485
 Δβ/SD[β] = 0.000758791994405492 0.0413732110609881 -0.00206863846793008 0.0618916008713122 0.00248974855990723 0.00936996113651542
Maximizing likelihood @ n=64×1548=99072
 SD[log(ℓ)] = 0.981799404166024
 Δlog(ℓ) = 0.134194265102479
 Δβ/SD[β] = 0.00201149871807401 0.0158832374108111 -0.0194251327653522 0.00956900065736514 -0.0195442127294823 0.000681122207421043
Maximizing likelihood @ n=128×1548=198144
 SD[log(ℓ)] = 0.697173328929196
 Δlog(ℓ) = 0.715361815015982
 Δβ/SD[β] = -0.0242436119255284 -0.00944020353572099 -0.0288791387726626 -0.0223690282485126 -0.00144588755634172 0.043721062245871
Maximizing likelihood @ n=256×1548=396288
 SD[log(ℓ)] = 0.500831415434179
 Δlog(ℓ) = -0.185489170186173
 Δβ/SD[β] = 0 0 0 0 0 0
Maximizing likelihood @ n=512×1548=792576
 SD[log(ℓ)] = 0.352126095782765
 Δlog(ℓ) = -0.0672414130037851
 Δβ/SD[β] = 0.0175960830422511 0.0605939265002241 -0.000685626373127398 0.0704277767347999 0.0119922835487104 -0.012581637051074
Maximizing likelihood @ n=1024×1548=1585152
 SD[log(ℓ)] = 0.250973618514954
 Δlog(ℓ) = -0.1056818066305
 Δβ/SD[β] = -0.0662269935811002 -0.0927685328924288 -0.102104947998666 -0.019913484924795 -0.062996914900006 0.0241981181751435
Maximizing likelihood @ n=2048×1548=3170304
 SD[log(ℓ)] = 0.176120522589045
 Δlog(ℓ) = 0.0492809386945083
 Δβ/SD[β] = -0.0312334177354703 0.0211647339726786 -0.0230955646113021 0.0130507647391116 -0.000703709037176044 -0.0480495528090395
Maximizing likelihood @ n=4096×1548=6340608
 SD[log(ℓ)] = 0.125044164291776
 Δlog(ℓ) = 0.0680776465929114
 Δβ/SD[β] = 0.00815458477424072 -0.00887609803264482 -0.0204655759833895 -0.00215210252150816 -0.00832991913407332 0.0249749040918459
Maximizing likelihood @ n=8192×1548=12681216
 SD[log(ℓ)] = 0.0885084465591568
 Δlog(ℓ) = 0.00872271029682281
 Δβ/SD[β] = 0.0124743584034168 0.00314879771741617 -0.0141482821813268 0.017994457639829 -0.00755281481302649 -0.0101955213641172
Calculating Hessian
Maximizing likelihood @ n=1×1548=1548
 SD[log(ℓ)] = 5.40339432337041
 Δlog(ℓ) = Inf
 Δβ/SD[β] = -3.76053841167336 0.0926113297707744 -0.02168709624178 -0.498236631185314 -0.888906593434827 0.416420637381153
Maximizing likelihood @ n=2×1548=3096
 SD[log(ℓ)] = 4.50092125864577
 Δlog(ℓ) = 11.5907110849418
 Δβ/SD[β] = -0.071162303024488 0.0125718525205697 -0.104414240773699 0.0807744678238541 0.0773075879481642 0.10184496458104
Maximizing likelihood @ n=4×1548=6192
 SD[log(ℓ)] = 3.78429411336701
 Δlog(ℓ) = 12.7671072833433
 Δβ/SD[β] = -0.181904208105257 0.110824740653423 0.0602849526861438 0.179629571794152 -0.0400516950885757 0.16988888416714
Maximizing likelihood @ n=8×1548=12384
 SD[log(ℓ)] = 2.86040431732064
 Δlog(ℓ) = 4.69258408000611
 Δβ/SD[β] = -0.376598156262272 0.238313462142323 0.517861858615818 0.0594298509379267 0.698150853556763 0.136945396926691
Maximizing likelihood @ n=16×1548=24768
 SD[log(ℓ)] = 2.12723451398925
 Δlog(ℓ) = 2.23808584430225
 Δβ/SD[β] = -0.12524486711856 0.121124931505656 0.0258263101106285 0.0367384544393746 0.0870015327353055 0.065082333449403
Maximizing likelihood @ n=32×1548=49536
 SD[log(ℓ)] = 1.56221064631344
 Δlog(ℓ) = 1.58853579179394
 Δβ/SD[β] = -0.0576827379694388 0.0812804868147292 -0.0019491944127396 0.0318394075805489 -0.00351648533721834 0.00688361863142809
Maximizing likelihood @ n=64×1548=99072
 SD[log(ℓ)] = 1.11744042101458
 Δlog(ℓ) = -0.641772832561003
 Δβ/SD[β] = -0.0281102177207915 0.0524942839288441 -0.0102922137400174 -0.0682705405634449 -0.0385370108396695 0.0153030626541057
Maximizing likelihood @ n=128×1548=198144
 SD[log(ℓ)] = 0.802869687039459
 Δlog(ℓ) = 1.10558536054249
 Δβ/SD[β] = -0.0194567871102294 0.0718382292414538 0.0140671282011635 -0.0794094106394564 0.00739264940483055 0.0156320543928864
Maximizing likelihood @ n=256×1548=396288
 SD[log(ℓ)] = 0.57849326185783
 Δlog(ℓ) = 1.07964542023937
 Δβ/SD[β] = -0.444440173615967 0.51932072340632 0.143047440181606 0.0816950150221587 0.319407951942917 0.285718728303756
Maximizing likelihood @ n=512×1548=792576
 SD[log(ℓ)] = 0.409845048887617
 Δlog(ℓ) = -0.210062010095641
 Δβ/SD[β] = -0.0100228263238309 -0.00589661882125187 -0.00826071821110278 0.0214729866907219 0.0251286044377423 -0.0308570825867899
Maximizing likelihood @ n=1024×1548=1585152
 SD[log(ℓ)] = 0.291707380277693
 Δlog(ℓ) = 0.381488252150234
 Δβ/SD[β] = -0.0194337407037368 -0.0280723769666982 0.0661465105573239 -0.0263977664877631 0.0395372231846539 0.0740961041592248
Maximizing likelihood @ n=2048×1548=3170304
 SD[log(ℓ)] = 0.204769764329744
 Δlog(ℓ) = -0.163924033061065
 Δβ/SD[β] = 0.00358359239509937 -0.00922119389519256 -0.00929319948283581 0.0452802677373748 0.0273568295231321 -0.0255121758537837
Maximizing likelihood @ n=4096×1548=6340608
 SD[log(ℓ)] = 0.145870315787339
 Δlog(ℓ) = -0.0872396657683936
 Δβ/SD[β] = -0.0463188997340576 -0.0121094674858179 0.0644988621489855 0.0429883588326277 -0.0106779671001157 0.0422701906311642
Maximizing likelihood @ n=8192×1548=12681216
 SD[log(ℓ)] = 0.102606518137536
 Δlog(ℓ) = 0.0886419568993801
 Δβ/SD[β] = 0.000299691738276275 0.000105109814954547 -0.00304751233316789 0.00696472826221166 0.0147362396176665 -0.0125840984215819
Calculating Hessian
Starting buffer 1500 
Maximizing likelihood @ n=1×1548=1548
 SD[log(ℓ)] = 5.5772621530344
 Δlog(ℓ) = Inf
 Δβ/SD[β] = -0.200601755751426 0.35813511125216 -1.20343193923736 -6.88967543630829 -17.4247805172346 7.17392221552016
Maximizing likelihood @ n=2×1548=3096
 SD[log(ℓ)] = 4.40239995162597
 Δlog(ℓ) = 5.18219518452774
 Δβ/SD[β] = -0.124634480714731 0.275914123268646 0.0754308551876172 0.233293771662801 0.29937211609212 0.0838041917404713
Maximizing likelihood @ n=4×1548=6192
 SD[log(ℓ)] = 3.44178310654985
 Δlog(ℓ) = 7.27612743087098
 Δβ/SD[β] = 0.0116265202393929 -0.297024959845944 -0.26411612391557 0.431582018317162 0.274135182193162 1.03845315188876
Maximizing likelihood @ n=8×1548=12384
 SD[log(ℓ)] = 2.53047783507313
 Δlog(ℓ) = 2.6250400477597
 Δβ/SD[β] = 0.0807713061280066 0.147086127971348 -0.104782116240546 0.0440684594736793 0.197680824080057 0.0334986299412456
Maximizing likelihood @ n=16×1548=24768
 SD[log(ℓ)] = 1.89051149396138
 Δlog(ℓ) = 4.79371845800205
 Δβ/SD[β] = -0.00981269753576663 0.0400866068981273 0.0717210033459907 0.0354584070182703 -0.0806303357255905 0.0456672073794754
Maximizing likelihood @ n=32×1548=49536
 SD[log(ℓ)] = 1.34050119760241
 Δlog(ℓ) = -0.169860041045595
 Δβ/SD[β] = 4.545601858121e-08 0.000473226009758179 -0.000180633634436149 0.021254707132441 -0.00229391899297843 0.00789131439461591
Maximizing likelihood @ n=64×1548=99072
 SD[log(ℓ)] = 0.972791488158523
 Δlog(ℓ) = 1.62975332458691
 Δβ/SD[β] = -0.0601642864708533 0.0913766265158956 -0.0364933963027935 0.0847609282301885 -0.0175927762722413 0.120908030769806
Maximizing likelihood @ n=128×1548=198144
 SD[log(ℓ)] = 0.717241077675001
 Δlog(ℓ) = 0.695329763888495
 Δβ/SD[β] = -0.00267258216104937 0.00179730925574302 -0.00389114282328824 -0.000232673115358074 -0.00308455078557395 0.0105294344327108
Maximizing likelihood @ n=256×1548=396288
 SD[log(ℓ)] = 0.496819126021188
 Δlog(ℓ) = 0.436527583667527
 Δβ/SD[β] = 0 0 0 0 0 0
Maximizing likelihood @ n=512×1548=792576
 SD[log(ℓ)] = 0.357209122660533
 Δlog(ℓ) = 0.244853268081343
 Δβ/SD[β] = -0.00973897390536907 0.0345382030576457 0.00900545620199199 -0.0395814830606993 -0.0472256634755052 0.115680856106301
Maximizing likelihood @ n=1024×1548=1585152
 SD[log(ℓ)] = 0.251579072517839
 Δlog(ℓ) = -0.135752169708013
 Δβ/SD[β] = 0 0 0 0 0 0
Maximizing likelihood @ n=2048×1548=3170304
 SD[log(ℓ)] = 0.177395755955347
 Δlog(ℓ) = -0.153043986828152
 Δβ/SD[β] = 0.0287308867142019 0.0258750625866786 0.00654301220148759 -0.0666206352098827 -0.05787507010203 -0.0204293848945496
Maximizing likelihood @ n=4096×1548=6340608
 SD[log(ℓ)] = 0.125932367652168
 Δlog(ℓ) = 0.0451841877908379
 Δβ/SD[β] = -0.0189580807833422 0.0194568106054989 0.0399728681176672 0.046850388496418 -0.0618779874455662 0.0404502027184498
Maximizing likelihood @ n=8192×1548=12681216
 SD[log(ℓ)] = 0.089225071791765
 Δlog(ℓ) = 0.204970320713201
 Δβ/SD[β] = 0.143317579446994 0.0715767801127539 -0.0950638164256194 -0.104507856289702 -0.21120821468601 -0.0743050314246763
Calculating Hessian
Maximizing likelihood @ n=1×1548=1548
 SD[log(ℓ)] = 5.92242549457671
 Δlog(ℓ) = Inf
 Δβ/SD[β] = 2.33819197180882 -0.130108791766167 -1.7276586777617 -7.72045254540517 -16.8225280538961 8.65966065145042
Maximizing likelihood @ n=2×1548=3096
 SD[log(ℓ)] = 4.59496160347218
 Δlog(ℓ) = 3.45162522395594
 Δβ/SD[β] = -0.0280708457697262 0.00435864581564643 -0.00909693810252485 0.154767016224789 0.13427548027063 0.076865260650246
Maximizing likelihood @ n=4×1548=6192
 SD[log(ℓ)] = 3.59938128890515
 Δlog(ℓ) = 5.25119847620149
 Δβ/SD[β] = -0.0089644067022931 0.0126672440512589 0.0989842614237705 0.0743801938336158 0.0505527987236462 0.0754099213566848
Maximizing likelihood @ n=8×1548=12384
 SD[log(ℓ)] = 2.72656582500887
 Δlog(ℓ) = 4.56930298151727
 Δβ/SD[β] = 0.0600901014749847 0.0172046066371532 0.118327842360665 0.0279118885486007 0.0143752546364226 0.0637546041095432
Maximizing likelihood @ n=16×1548=24768
 SD[log(ℓ)] = 1.94143992075338
 Δlog(ℓ) = -1.00252345023647
 Δβ/SD[β] = -0.0155260010635863 -0.0119533890987658 -0.00115858558174769 0.0348920503231814 0.0670160968365244 -0.00156219581528353
Maximizing likelihood @ n=32×1548=49536
 SD[log(ℓ)] = 1.43599469157925
 Δlog(ℓ) = 0.435932382221168
 Δβ/SD[β] = 0 0 0 0 0 0
Maximizing likelihood @ n=64×1548=99072
 SD[log(ℓ)] = 1.00370821759842
 Δlog(ℓ) = 0.991811261434961
 Δβ/SD[β] = -0.0406160258387443 -0.0148254354444392 0.0288088046860124 0.190222778910641 0.0755080843987969 0.145317384695716
Maximizing likelihood @ n=128×1548=198144
 SD[log(ℓ)] = 0.718316363286967
 Δlog(ℓ) = 0.0331075172539244
 Δβ/SD[β] = 0.0172403116876054 0.0379237369135523 -0.00950869045269206 0.0363461122973287 0.0706517393601448 0.0905393549506347
Maximizing likelihood @ n=256×1548=396288
 SD[log(ℓ)] = 0.502736224815568
 Δlog(ℓ) = 0.468413799514991
 Δβ/SD[β] = 0 0 0 0 0 0
Maximizing likelihood @ n=512×1548=792576
 SD[log(ℓ)] = 0.357398582230092
 Δlog(ℓ) = 0.435388561255976
 Δβ/SD[β] = 0 0 0 0 0 0
Maximizing likelihood @ n=1024×1548=1585152
 SD[log(ℓ)] = 0.255615526229922
 Δlog(ℓ) = 0.392291581785628
 Δβ/SD[β] = -0.0152122677268049 -0.019032878562975 -0.0115509165175755 0.00910951789465376 0.0228119088510698 0.0614924494149502
Maximizing likelihood @ n=2048×1548=3170304
 SD[log(ℓ)] = 0.180111665363671
 Δlog(ℓ) = 0.0339496425051493
 Δβ/SD[β] = 0.00758129519698055 -0.00460616600124305 0.00424581339274021 0.0118880554359226 0.025089551692713 -0.0199576005998345
Maximizing likelihood @ n=4096×1548=6340608
 SD[log(ℓ)] = 0.12804493239261
 Δlog(ℓ) = 0.138620832380752
 Δβ/SD[β] = 0.00416579324209883 -0.0119501875173266 0.00941835862283385 -0.00196543469318559 0.00758594896688705 0.0272154673561703
Maximizing likelihood @ n=8192×1548=12681216
 SD[log(ℓ)] = 0.0907536254204762
 Δlog(ℓ) = 0.101377657095938
 Δβ/SD[β] = 0.0176965830451379 0.00245646834124551 0.00811458246761125 0.0340141604778601 0.0338453400704956 0.0103632002034611
Calculating Hessian
Maximizing likelihood @ n=1×1548=1548
 SD[log(ℓ)] = 5.69704960555053
 Δlog(ℓ) = Inf
 Δβ/SD[β] = -1.99028106174558 0.298695996127529 -1.23967693972054 -7.6593407166235 -18.4045270591714 9.40489460312392
Maximizing likelihood @ n=2×1548=3096
 SD[log(ℓ)] = 4.61192441754613
 Δlog(ℓ) = 8.59777976464586
 Δβ/SD[β] = 0.0322278151143055 -0.0147054948046739 -0.0286010630936876 0.749360548027036 0.183748250398396 0.954955764647352
Maximizing likelihood @ n=4×1548=6192
 SD[log(ℓ)] = 3.59357712515327
 Δlog(ℓ) = 7.5811237398151
 Δβ/SD[β] = 0.00933174482931578 0.0453350776711129 0.00678446419371985 0.0464140832850971 0.104537784680582 0.140269539995087
Maximizing likelihood @ n=8×1548=12384
 SD[log(ℓ)] = 2.70858172618652
 Δlog(ℓ) = 3.64586456838944
 Δβ/SD[β] = -0.025859880981353 0.0688344168168887 0.0904688512638037 0.110244973703274 0.0454940202974394 0.362847806940182
Maximizing likelihood @ n=16×1548=24768
 SD[log(ℓ)] = 1.95277286517124
 Δlog(ℓ) = -0.0561165173996017
 Δβ/SD[β] = 0.00168216399614923 -0.0110753625357806 -0.00125557231306874 0.00979366739192271 -0.00715848633810139 0.0241858017476029
Maximizing likelihood @ n=32×1548=49536
 SD[log(ℓ)] = 1.40194959364571
 Δlog(ℓ) = 0.233183632661806
 Δβ/SD[β] = -0.00418266930395463 -0.00540372227425051 -0.00695716805653628 0.0127947536705721 0.00295821977993197 -0.00550914062255779
Maximizing likelihood @ n=64×1548=99072
 SD[log(ℓ)] = 0.991250138909467
 Δlog(ℓ) = 0.845973762202632
 Δβ/SD[β] = 0 0 0 0 0 0
Maximizing likelihood @ n=128×1548=198144
 SD[log(ℓ)] = 0.704231979539333
 Δlog(ℓ) = -0.0793349264440621
 Δβ/SD[β] = 0 0 0 0 0 0
Maximizing likelihood @ n=256×1548=396288
 SD[log(ℓ)] = 0.5211431846899
 Δlog(ℓ) = -0.757314199560824
 Δβ/SD[β] = 0.00352806341187355 0.0151910014597931 -0.00192805463247111 0.0204277259502459 -0.00184167933992137 -0.00566071152331879
Maximizing likelihood @ n=512×1548=792576
 SD[log(ℓ)] = 0.364431779054087
 Δlog(ℓ) = -0.125585686455494
 Δβ/SD[β] = -0.00469839885730832 0.00896808566802456 0.00517118663773982 -0.00278654310454794 0.00654862900311243 0.0412792653263659
Maximizing likelihood @ n=1024×1548=1585152
 SD[log(ℓ)] = 0.252350153522375
 Δlog(ℓ) = -0.0681371688173158
 Δβ/SD[β] = 0 0 0 0 0 0
Maximizing likelihood @ n=2048×1548=3170304
 SD[log(ℓ)] = 0.178915418175447
 Δlog(ℓ) = 0.146631654654158
 Δβ/SD[β] = 0.0186006977716558 0.0173123872527049 0.0197973928161395 -0.0237073268154184 0.0191845844124178 0.0523595541359343
Maximizing likelihood @ n=4096×1548=6340608
 SD[log(ℓ)] = 0.125967819337372
 Δlog(ℓ) = 0.110487729124955
 Δβ/SD[β] = 0.039238805208409 -0.0215629952856027 -0.02747447722042 0.0534652996471838 0.0494417416333571 -0.00374824774167919
Maximizing likelihood @ n=8192×1548=12681216
 SD[log(ℓ)] = 0.0891439751223554
 Δlog(ℓ) = 0.132245214561365
 Δβ/SD[β] = 0 0 0 0 0 0
Calculating Hessian
Maximizing likelihood @ n=1×1548=1548
 SD[log(ℓ)] = 5.43377573343268
 Δlog(ℓ) = Inf
 Δβ/SD[β] = -0.147990289178152 -0.139523617656362 -0.110273669881744 -7.31216726887242 -16.6886600731981 6.86457272598763
Maximizing likelihood @ n=2×1548=3096
 SD[log(ℓ)] = 4.47586462787612
 Δlog(ℓ) = 10.8011470320796
 Δβ/SD[β] = -0.115612250828269 0.0919026099178668 -0.101743326251048 0.235169571035892 -0.0285356917904403 0.168221829719668
Maximizing likelihood @ n=4×1548=6192
 SD[log(ℓ)] = 3.43096442118501
 Δlog(ℓ) = 4.10413510442351
 Δβ/SD[β] = -0.195899724749809 0.247246069868766 0.0233485297005037 0.695873562339339 0.210792382960856 0.473801132103521
Maximizing likelihood @ n=8×1548=12384
 SD[log(ℓ)] = 2.50737412737403
 Δlog(ℓ) = 1.9642032500133
 Δβ/SD[β] = -3.94272278436617e-05 0.000960622417002225 -0.000874654645591532 -0.00604192220975725 -0.000744767329027595 0.0323048355105337
Maximizing likelihood @ n=16×1548=24768
 SD[log(ℓ)] = 1.87365814736145
 Δlog(ℓ) = 2.61379101552158
 Δβ/SD[β] = 0.0167135865421648 0.0740898346652225 -0.0649933092247662 0.0700137128742062 0.0376830163137947 0.0384628925982629
Maximizing likelihood @ n=32×1548=49536
 SD[log(ℓ)] = 1.34408503913487
 Δlog(ℓ) = 2.12703378019222
 Δβ/SD[β] = 0.00433099952327823 0.00327837720161135 0.0216178544446705 -0.00294441747890972 0.0145626041246733 0.0217051697136567
Maximizing likelihood @ n=64×1548=99072
 SD[log(ℓ)] = 0.964506316354363
 Δlog(ℓ) = 1.15302797049391
 Δβ/SD[β] = 0.00908362874844795 0.0088923522493625 -0.0308456960547383 0.164952241953632 -0.027407073735472 0.154422191730961
Maximizing likelihood @ n=128×1548=198144
 SD[log(ℓ)] = 0.6933804118737
 Δlog(ℓ) = 0.936775472883156
 Δβ/SD[β] = -0.0265669301753962 -0.0210471336875145 -0.00858585609579182 -0.00310743460921939 -0.0147123446941707 0.0692867249615597
Maximizing likelihood @ n=256×1548=396288
 SD[log(ℓ)] = 0.495639178089338
 Δlog(ℓ) = -0.247606535738868
 Δβ/SD[β] = -0.0225922972303437 0.0389311778828274 -0.0487498170671956 0.0527402116450507 0.00534650234684589 0.0362223988928616
Maximizing likelihood @ n=512×1548=792576
 SD[log(ℓ)] = 0.348962163095554
 Δlog(ℓ) = 0.368906681632907
 Δβ/SD[β] = -0.00236747861288856 0.00560318015227056 -0.00937656873135324 0.000316259991356566 -0.00105495494670633 -0.0185449233189871
Maximizing likelihood @ n=1024×1548=1585152
 SD[log(ℓ)] = 0.24977429549683
 Δlog(ℓ) = 0.0311416301820486
 Δβ/SD[β] = -0.00741696912422464 0.0150736073773777 -0.0189539583193586 -0.00441525765485547 0.0103390689770501 0.016981230019108
Maximizing likelihood @ n=2048×1548=3170304
 SD[log(ℓ)] = 0.176960623835132
 Δlog(ℓ) = 0.199586383277918
 Δβ/SD[β] = 0.0443881833717872 0.0776163374801967 -0.0566361770057173 0.0531969257985749 0.0198964556736131 0.025054661659416
Maximizing likelihood @ n=4096×1548=6340608
 SD[log(ℓ)] = 0.125941589799742
 Δlog(ℓ) = -0.0625853285400382
 Δβ/SD[β] = -0.0112362553933227 -0.00489150576349117 -0.00818465444082034 -0.0127711443447621 0.00703372454764371 -0.0253152707872544
Maximizing likelihood @ n=8192×1548=12681216
 SD[log(ℓ)] = 0.0888747895824873
 Δlog(ℓ) = 0.0107160263470973
 Δβ/SD[β] = -0.00733266881787161 -0.00201279334267449 -0.0092517832305524 -0.0156815603691915 0.00547369605102949 0.0185509300258211
Calculating Hessian
There were 14 warnings (use warnings() to see them)
Script complete
Sat Nov 16 05:44:37 MST 2024
