Fri Nov 15 15:54:55 MST 2024
Initiating script
── Attaching core tidyverse packages ──────────────────────── tidyverse 2.0.0 ──
✔ dplyr     1.1.4     ✔ readr     2.1.5
✔ forcats   1.0.0     ✔ stringr   1.5.1
✔ ggplot2   3.5.1     ✔ tibble    3.2.1
✔ lubridate 1.9.3     ✔ tidyr     1.3.1
✔ purrr     1.0.2     
── Conflicts ────────────────────────────────────────── tidyverse_conflicts() ──
✖ ggplot2::annotate() masks ctmm::annotate()
✖ dplyr::filter()     masks stats::filter()
✖ dplyr::lag()        masks stats::lag()
ℹ Use the conflicted package (<http://conflicted.r-lib.org/>) to force all conflicts to become errors
Linking to GEOS 3.9.5, GDAL 3.8.5, PROJ 9.4.0; sf_use_s2() is TRUE
Loading required package: sp

Attaching package: ‘raster’

The following object is masked from ‘package:dplyr’:

    select

The following objects are masked from ‘package:ctmm’:

    projection, projection<-

terra 1.7.78

Attaching package: ‘terra’

The following object is masked from ‘package:tidyr’:

    extract

The following objects are masked from ‘package:ctmm’:

    distance, meta

[1] "/home/u15/mmercer3/proj/habitat_analysis_class/Final/Model_Fit_Results/Elsie_rr.Rda"
     [,1]                                
[1,] "Data loaded at 2024-11-15 15:55:06"
Reading layer `major' from data source 
  `/home/u15/mmercer3/proj/habitat_analysis_class/Final/Major_Roads' 
  using driver `ESRI Shapefile'
Simple feature collection with 411 features and 7 fields
Geometry type: LINESTRING
Dimension:     XY
Bounding box:  xmin: 477946 ymin: 3545735 xmax: 511807.9 ymax: 3592212
Projected CRS: WGS 84 / UTM zone 12N
     [,1]                                 
[1,] "Roads loaded at 2024-11-15 15:55:06"
Default grid size of 40.0277777777778 minutes chosen for bandwidth(...,fast=TRUE).
|---------|---------|---------|---------|=========================================                                          [1] 1681968
[1] 1681968
Starting buffer 30 
Maximizing likelihood @ n=1×2474=2474
 SD[log(ℓ)] = 5.98617208735893
 Δlog(ℓ) = Inf
 Δβ/SD[β] = 63.2922795555343 0.849748980770847 -0.833840085518317 -36.8705710791649 -15.4455481931421 3.51930053687944
Maximizing likelihood @ n=2×2474=4948
 SD[log(ℓ)] = 5.17799014810437
 Δlog(ℓ) = 12.583971240079
 Δβ/SD[β] = 2.87663030643498 0.759659060159891 0.227407295873517 -1.24152399765301 -0.782704350098745 0.482458233379698
Maximizing likelihood @ n=4×2474=9896
 SD[log(ℓ)] = 3.8431827940368
 Δlog(ℓ) = 2.54678921901616
 Δβ/SD[β] = 0.305286748092482 0.375811073779739 0.169075982749779 -0.612887161527602 0.0231653650638831 0.25365609156356
Maximizing likelihood @ n=8×2474=19792
 SD[log(ℓ)] = 2.80909037554914
 Δlog(ℓ) = 1.37097018566598
 Δβ/SD[β] = 0.137655309389449 0.133460421297527 0.851594758870981 -0.485857279417685 0.1021965780952 0.514118044312135
Maximizing likelihood @ n=16×2474=39584
 SD[log(ℓ)] = 2.06960873262334
 Δlog(ℓ) = 3.4014700077698
 Δβ/SD[β] = 0.242620946171422 -0.196509994809938 -0.0107253461361365 -0.29374972981109 -0.0853054611299703 0.55387178848494
Maximizing likelihood @ n=32×2474=79168
 SD[log(ℓ)] = 1.49721405088717
 Δlog(ℓ) = 2.59064030580133
 Δβ/SD[β] = 0.183653241523629 0.205316827797833 -0.0521515342815864 -0.147204194084161 -0.0899077080249459 0.121529850585671
Maximizing likelihood @ n=64×2474=158336
 SD[log(ℓ)] = 1.07138786591785
 Δlog(ℓ) = 0.772976721616104
 Δβ/SD[β] = 0.084148340935871 0.117470334815284 -0.0127848936570097 -0.222297881647074 -0.0044515836146441 0.0248771005125587
Maximizing likelihood @ n=128×2474=316672
 SD[log(ℓ)] = 0.764005678212497
 Δlog(ℓ) = 0.387722316612297
 Δβ/SD[β] = 0.0109362879654439 0.0504786275266419 0.0297689527833126 0.016818553734144 -0.0717598380051501 0.0578659808413311
Maximizing likelihood @ n=256×2474=633344
 SD[log(ℓ)] = 0.53913081843412
 Δlog(ℓ) = -0.178431188870647
 Δβ/SD[β] = -0.0434433383385484 0.011207150119687 -0.013707342016079 -0.0105095996767048 0.00798383659815695 0.00166660355276058
Maximizing likelihood @ n=512×2474=1266688
 SD[log(ℓ)] = 0.383125769956515
 Δlog(ℓ) = 0.539683279660565
 Δβ/SD[β] = 0.0279538308475012 0.0353485912071953 -0.00937828388996234 -0.0661261555939824 -0.00582352567037644 0.0280637067671732
Maximizing likelihood @ n=1024×2474=2533376
 SD[log(ℓ)] = 0.270488073429734
 Δlog(ℓ) = -0.153131023731163
 Δβ/SD[β] = 0.0290606346076103 0.0220321328745653 0.000687365971811728 0.0110842691891741 -0.0152963156631581 -0.0204168661611216
Maximizing likelihood @ n=2048×2474=5066752
 SD[log(ℓ)] = 0.191317541120044
 Δlog(ℓ) = 0.0635138697002446
 Δβ/SD[β] = 0.0115688660068779 0.000224745483236566 -0.00657078104850687 0.00970611996618184 0.0127567995639593 -0.0135745973235667
Maximizing likelihood @ n=4096×2474=10133504
 SD[log(ℓ)] = 0.135396504775869
 Δlog(ℓ) = 0.150777150165467
 Δβ/SD[β] = -0.00364447097110937 0.00151468570759601 -6.27162054505916e-05 -0.000243661681056264 0.00192689514090127 0.0200715884220942
Maximizing likelihood @ n=8192×2474=20267008
 SD[log(ℓ)] = 0.0957133191951458
 Δlog(ℓ) = -0.0436804879163333
 Δβ/SD[β] = -0.006164612077733 -0.00157548659759152 -0.00273915066243377 0.0255219570297657 0.0122567463672576 0.0103506306078448
Calculating Hessian
Maximizing likelihood @ n=1×2474=2474
 SD[log(ℓ)] = 5.12641191251279
 Δlog(ℓ) = Inf
 Δβ/SD[β] = -3.97616420403422 0.0364911248096574 0.00443196549043013 -1.08673369060257 -0.741545195841942 0.122511106389623
Maximizing likelihood @ n=2×2474=4948
 SD[log(ℓ)] = 4.80011210245511
 Δlog(ℓ) = 16.030487149803
 Δβ/SD[β] = -2.3817431068166 0.331612337211745 0.564056354275688 -1.40961238198914 0.458558839147118 0.68137494119639
Maximizing likelihood @ n=4×2474=9896
 SD[log(ℓ)] = 3.62646179061974
 Δlog(ℓ) = 4.60852693697765
 Δβ/SD[β] = -0.322977040919456 0.0534511973292098 0.0875341847799066 0.464339368708071 0.660675812580503 0.51353775886249
Maximizing likelihood @ n=8×2474=19792
 SD[log(ℓ)] = 2.71058058592959
 Δlog(ℓ) = 3.72021225112707
 Δβ/SD[β] = -0.480669705470906 0.925707653782755 -0.621316193832056 -0.332001516623891 -0.0306262145989141 0.349215203644686
Maximizing likelihood @ n=16×2474=39584
 SD[log(ℓ)] = 1.99055752426857
 Δlog(ℓ) = 3.52617341988369
 Δβ/SD[β] = -0.0591199986256557 -0.112288650146309 -0.0544213222979391 -0.212409509374264 0.0196507396589273 0.258867514430126
Maximizing likelihood @ n=32×2474=79168
 SD[log(ℓ)] = 1.44122653910513
 Δlog(ℓ) = 1.82727583722559
 Δβ/SD[β] = -0.114086168337715 -0.119269581748421 -0.03481067905031 -0.11771096173945 0.0445592983517558 0.241332455134796
Maximizing likelihood @ n=64×2474=158336
 SD[log(ℓ)] = 1.01696177458736
 Δlog(ℓ) = -0.460336096623948
 Δβ/SD[β] = 0.127123826160936 0.0729122611177235 -0.0193231041628918 0.252045978593425 0.113321964739001 0.0817344138495672
Maximizing likelihood @ n=128×2474=316672
 SD[log(ℓ)] = 0.722182032834873
 Δlog(ℓ) = 0.390640745385213
 Δβ/SD[β] = 0.0319740362471121 0.0134606123218508 -0.04853170504853 0.000125153754242386 0.091016054219761 0.0324709779006015
Maximizing likelihood @ n=256×2474=633344
 SD[log(ℓ)] = 0.505771994540084
 Δlog(ℓ) = -1.23852412478412
 Δβ/SD[β] = 0.06449610181887 -0.129316482214809 -0.101334124774196 0.0483719099695694 0.00314692748010804 -0.0677923990124632
Maximizing likelihood @ n=512×2474=1266688
 SD[log(ℓ)] = 0.356489389090721
 Δlog(ℓ) = 0.173034030430657
 Δβ/SD[β] = 0.00200594174997463 0.0112694402233681 -0.038654716585243 0.0697295092494568 0.0156830829016251 -0.039391028008433
Maximizing likelihood @ n=1024×2474=2533376
 SD[log(ℓ)] = 0.252721938756365
 Δlog(ℓ) = 0.240728869940426
 Δβ/SD[β] = 0.0201990790981096 -0.008586911395243 0.0102363263838108 0.0483412705277114 0.0366927024589673 0.0644601595769836
Maximizing likelihood @ n=2048×2474=5066752
 SD[log(ℓ)] = 0.178664242761205
 Δlog(ℓ) = -0.177521195829598
 Δβ/SD[β] = -0.0105511662438486 0.00332977716940691 -0.0125851687392765 0.00559111328490348 0.00565572838734146 -0.011133008265442
Maximizing likelihood @ n=4096×2474=10133504
 SD[log(ℓ)] = 0.126156517755937
 Δlog(ℓ) = -0.153405758643643
 Δβ/SD[β] = 0.0175033372256074 -0.00548780343979424 -0.0191933336029316 0.0142678480960297 -0.0146097340273908 0.00135526902177137
Maximizing likelihood @ n=8192×2474=20267008
 SD[log(ℓ)] = 0.0891991692130825
 Δlog(ℓ) = -0.0437637273979163
 Δβ/SD[β] = -0.0160403249353183 0.000339130582863343 -0.0101989023637233 0.0117906492622606 0.0104477976108611 0.00119925198037688
Calculating Hessian
Maximizing likelihood @ n=1×2474=2474
 SD[log(ℓ)] = 5.39508454600184
 Δlog(ℓ) = Inf
 Δβ/SD[β] = -4.86436603215992 0.0299825286131948 0.0266332621400438 -1.05492961120789 -0.701832802000467 0.130642706907655
Maximizing likelihood @ n=2×2474=4948
 SD[log(ℓ)] = 4.64333410484716
 Δlog(ℓ) = 11.4063268006768
 Δβ/SD[β] = -3.17898403366998 0.779050281886196 0.15786589963229 -1.43803562939602 -0.570577232467571 0.170497290909856
Maximizing likelihood @ n=4×2474=9896
 SD[log(ℓ)] = 3.62804726030248
 Δlog(ℓ) = 8.87444825406087
 Δβ/SD[β] = -0.354829757432664 -0.377747713847295 -0.0203208067032276 -0.91010768904431 0.51104335038241 0.605630951184262
Maximizing likelihood @ n=8×2474=19792
 SD[log(ℓ)] = 2.67057830590821
 Δlog(ℓ) = 3.1851315831954
 Δβ/SD[β] = 0.153604639601088 0.117088141567837 -0.66855068335492 0.0799609995564666 0.432584339585602 0.517987524164541
Maximizing likelihood @ n=16×2474=39584
 SD[log(ℓ)] = 1.9097427401622
 Δlog(ℓ) = 0.390803839531443
 Δβ/SD[β] = -0.0979197828385636 -0.0383907685169906 0.0117424925086655 0.035555526729771 0.0316764377500969 0.1120757111998
Maximizing likelihood @ n=32×2474=79168
 SD[log(ℓ)] = 1.39000870258447
 Δlog(ℓ) = 3.80959331982895
 Δβ/SD[β] = -0.175765340159627 -0.197125629182452 0.00254251195420244 -0.0236647350098913 0.0753427532241882 0.22889810242795
Maximizing likelihood @ n=64×2474=158336
 SD[log(ℓ)] = 0.989509590699723
 Δlog(ℓ) = 0.0916891653541825
 Δβ/SD[β] = -0.000697285851422129 -0.0542047994945183 -0.0493207422878706 -0.102824458561331 -0.0224077704155171 0.107103876734344
Maximizing likelihood @ n=128×2474=316672
 SD[log(ℓ)] = 0.699617451501686
 Δlog(ℓ) = -0.71190057661012
 Δβ/SD[β] = -0.0107589968486101 -0.0142151939186459 -0.025963609858811 0.0301515029145345 0.0293380222496713 -0.0214779357475271
Maximizing likelihood @ n=256×2474=633344
 SD[log(ℓ)] = 0.492965531376452
 Δlog(ℓ) = -0.309552657283533
 Δβ/SD[β] = -0.0168402015776128 -0.0839175274650754 -0.0684920365747465 -0.017217680070747 -0.0553238619223404 0.0044423538552831
Maximizing likelihood @ n=512×2474=1266688
 SD[log(ℓ)] = 0.34885172852591
 Δlog(ℓ) = -0.00717448053008241
 Δβ/SD[β] = 0.0109950252933177 -0.00218357147854431 -0.015299476880218 0.0138262371348561 0.0427723753224253 -0.00945177608010145
Maximizing likelihood @ n=1024×2474=2533376
 SD[log(ℓ)] = 0.245849237941549
 Δlog(ℓ) = -0.487955156821016
 Δβ/SD[β] = 0.0278752656882338 -0.00389750212440054 -0.010998801880896 0.0151531407276078 -0.0138874596922776 -0.0048880341778228
Maximizing likelihood @ n=2048×2474=5066752
 SD[log(ℓ)] = 0.17386857191403
 Δlog(ℓ) = -0.0731837654052896
 Δβ/SD[β] = 0.0169982085806064 0.0113472469713805 -0.0223092887749928 0.00640613253094645 -0.00225890450617378 0.00494087852476278
Maximizing likelihood @ n=4096×2474=10133504
 SD[log(ℓ)] = 0.122948931292332
 Δlog(ℓ) = 0.105203462554513
 Δβ/SD[β] = -0.0150252704932016 0.00049064463238182 -0.00907880772117763 0.00810260885872975 0.0121551800538313 -0.0114222783077713
Maximizing likelihood @ n=8192×2474=20267008
 SD[log(ℓ)] = 0.0869593127380894
 Δlog(ℓ) = 0.0249240946393456
 Δβ/SD[β] = -0.00687013378400045 0.00963210629571316 -0.0334336957480947 0.0208007851077344 -0.000229949954691324 0.0134845850159801
Calculating Hessian
Maximizing likelihood @ n=1×2474=2474
 SD[log(ℓ)] = 5.74919872861873
 Δlog(ℓ) = Inf
 Δβ/SD[β] = 10.1756827738358 0.515046745203475 -1.00063618029778 -36.818802400823 -20.24054577861 4.95614130671442
Maximizing likelihood @ n=2×2474=4948
 SD[log(ℓ)] = 4.92053239830007
 Δlog(ℓ) = 13.4006784219496
 Δβ/SD[β] = 1.54834404213048 0.0263888205864049 -0.26120311594257 -0.8440223982338 0.434053583199725 0.185875007127447
Maximizing likelihood @ n=4×2474=9896
 SD[log(ℓ)] = 3.85287440553549
 Δlog(ℓ) = 8.8083463147858
 Δβ/SD[β] = 0.169856198926283 0.0521655570178225 -0.408238015918247 -0.225644752968757 -0.173503726369671 0.0496914275903362
Maximizing likelihood @ n=8×2474=19792
 SD[log(ℓ)] = 3.01573730949171
 Δlog(ℓ) = 7.72679334012965
 Δβ/SD[β] = 0.828706231035819 -0.0271635023092781 -0.654407543117817 -0.422128655828668 0.271946598330936 0.367413405334495
Maximizing likelihood @ n=16×2474=39584
 SD[log(ℓ)] = 2.18878917648098
 Δlog(ℓ) = 0.661659756327097
 Δβ/SD[β] = 0.072009678012957 -0.0534223205369748 -0.0342155832520524 0.116564410233844 -0.0778772416818205 0.273309520798468
Maximizing likelihood @ n=32×2474=79168
 SD[log(ℓ)] = 1.55496842815503
 Δlog(ℓ) = -1.21466104845209
 Δβ/SD[β] = -0.0731800908891455 -0.0134333018117893 0.0843717238220504 -0.221489356210021 0.00150688471097511 0.150563873935188
Maximizing likelihood @ n=64×2474=158336
 SD[log(ℓ)] = 1.09711524861664
 Δlog(ℓ) = -0.98792886861564
 Δβ/SD[β] = -0.00756502468037701 0.0383897251839564 0.087159246719065 -0.105923788829718 -0.0484631691322603 -0.0944385429945165
Maximizing likelihood @ n=128×2474=316672
 SD[log(ℓ)] = 0.788807134348403
 Δlog(ℓ) = 1.27006237128194
 Δβ/SD[β] = 0.0799857914781325 0.0238958965326958 0.0502325113472075 -0.172211574901451 0.00750492997524054 -0.0429155842128776
Maximizing likelihood @ n=256×2474=633344
 SD[log(ℓ)] = 0.560123010297208
 Δlog(ℓ) = 0.556638884318588
 Δβ/SD[β] = 0.0343678107117543 0.00275571691116484 0.0131869049772343 -0.087307416016337 0.0316648621683714 0.0428854868448268
Maximizing likelihood @ n=512×2474=1266688
 SD[log(ℓ)] = 0.395535963288744
 Δlog(ℓ) = -0.0714440429556333
 Δβ/SD[β] = 0.0135451218411364 -0.00135586102462501 -0.0271919065503165 -0.0178824561038008 -0.0017820213333126 0.0338038286816023
Maximizing likelihood @ n=1024×2474=2533376
 SD[log(ℓ)] = 0.279481236394602
 Δlog(ℓ) = 0.125292233445933
 Δβ/SD[β] = 0.0181111945826489 0.0163431850652617 -0.025034322836491 0.00811084071735249 0.011972229189771 0.0307785785953577
Maximizing likelihood @ n=2048×2474=5066752
 SD[log(ℓ)] = 0.197733722465974
 Δlog(ℓ) = 0.0395507590166915
 Δβ/SD[β] = 0.0117109734920203 0.0233802998206463 -0.0247466186108233 0.0239188249381433 -0.00717649675016761 -0.00633854128630793
Maximizing likelihood @ n=4096×2474=10133504
 SD[log(ℓ)] = 0.139696019660101
 Δlog(ℓ) = -0.0136819542032924
 Δβ/SD[β] = -0.021355520049362 0.0016235592958506 -0.00694485297619534 -0.00242800986048651 -0.00970540706223808 0.000920325857300693
Maximizing likelihood @ n=8192×2474=20267008
 SD[log(ℓ)] = 0.100108118799614
 Δlog(ℓ) = 0.0903059655539948
 Δβ/SD[β] = 0.0128613169588003 0.0135002465375725 -0.0178712285223069 0.00678813903841447 -0.003572229285702 0.00473470151288885
Calculating Hessian
Starting buffer 750 
Maximizing likelihood @ n=1×2474=2474
 SD[log(ℓ)] = 5.1312548037224
 Δlog(ℓ) = Inf
 Δβ/SD[β] = 1.5911117000417 0.192010018084948 -0.201837644048972 -30.7796304658898 -14.652229898065 4.55067154641656
Maximizing likelihood @ n=2×2474=4948
 SD[log(ℓ)] = 4.30973523629807
 Δlog(ℓ) = 9.10472342408748
 Δβ/SD[β] = 0.0819302541266149 0.0345876204917057 0.20023882386152 -0.0918844886795765 1.00608428367664 1.05709429348019
Maximizing likelihood @ n=4×2474=9896
 SD[log(ℓ)] = 3.13558664198795
 Δlog(ℓ) = 0.0206593156138695
 Δβ/SD[β] = -0.00446277541929512 0.134734146918127 0.102529412254132 0.185130587012615 0.210522214347384 0.256413114429368
Maximizing likelihood @ n=8×2474=19792
 SD[log(ℓ)] = 2.41294394197556
 Δlog(ℓ) = 7.24804282395806
 Δβ/SD[β] = 0.0242146111611989 -0.0283897567520837 0.0300987357631758 0.00288207002188692 0.392977154557441 0.555065354185951
Maximizing likelihood @ n=16×2474=39584
 SD[log(ℓ)] = 1.70803730612697
 Δlog(ℓ) = -0.117795309066402
 Δβ/SD[β] = 0.00675883215945901 0.0327994237560255 0.023177040973621 0.149928512060489 0.0291170236997541 0.0295709939022529
Maximizing likelihood @ n=32×2474=79168
 SD[log(ℓ)] = 1.2177201762181
 Δlog(ℓ) = 0.670214045939296
 Δβ/SD[β] = -0.174162658150692 0.0973648319962539 -0.0158038990774645 0.293100787992428 0.197529671345948 0.0709828743583302
Maximizing likelihood @ n=64×2474=158336
 SD[log(ℓ)] = 0.869109994784262
 Δlog(ℓ) = 0.867283139862501
 Δβ/SD[β] = 0.0141002541244416 0.0409695927051822 0.0240146261177879 -0.0489479712012101 0.0473702572807091 0.0295437298288252
Maximizing likelihood @ n=128×2474=316672
 SD[log(ℓ)] = 0.617834883762954
 Δlog(ℓ) = 0.328680845473833
 Δβ/SD[β] = 0.0534674761334483 0.174458469546809 -0.130834208236346 0.0610910715845647 0.0741843571110643 -0.00800814392359583
Maximizing likelihood @ n=256×2474=633344
 SD[log(ℓ)] = 0.437698007514201
 Δlog(ℓ) = 0.491108779287572
 Δβ/SD[β] = 0.0276757366383563 0.0428771559933647 0.0358067878719708 -0.0246368504509611 -0.0392330154364077 0.0468076059792288
Maximizing likelihood @ n=512×2474=1266688
 SD[log(ℓ)] = 0.311680427239297
 Δlog(ℓ) = 0.206252921677859
 Δβ/SD[β] = -0.0276068507612593 0.0628134309132787 0.00489396800160879 -0.0392385530455126 0.0488515854791349 0.0371507386462991
Maximizing likelihood @ n=1024×2474=2533376
 SD[log(ℓ)] = 0.219279003118211
 Δlog(ℓ) = 0.013932579361331
 Δβ/SD[β] = -0.0130967920846156 0.00850574144541537 -0.00555100935709313 -0.0198142733453275 -0.0462014566024778 -0.00917607332593172
Maximizing likelihood @ n=2048×2474=5066752
 SD[log(ℓ)] = 0.154789812052551
 Δlog(ℓ) = -0.175831500641813
 Δβ/SD[β] = -0.151024768641942 0.16940128262599 0.0490690165427649 -0.188072388699025 -0.0340921904715821 -0.0429629249301525
Maximizing likelihood @ n=4096×2474=10133504
 SD[log(ℓ)] = 0.108870328087922
 Δlog(ℓ) = 0.0972602789658978
 Δβ/SD[β] = 0.323911367807014 0.634419555956892 -0.0204287675517487 0.127526600786962 0.00424329714536146 0.00814960477092424
Maximizing likelihood @ n=8192×2474=20267008
 SD[log(ℓ)] = 0.077644254590641
 Δlog(ℓ) = 0.0858643750789412
 Δβ/SD[β] = -0.381933225072879 0.28274951984994 -0.174804642291072 -0.139495127749201 0.0014069227352309 -0.00650708332065933
Calculating Hessian
Maximizing likelihood @ n=1×2474=2474
 SD[log(ℓ)] = 5.02606713752737
 Δlog(ℓ) = Inf
 Δβ/SD[β] = -0.805964845914629 0.822409640985936 -0.138724518104593 -32.4623891690708 -12.2290032659664 5.03753054575062
Maximizing likelihood @ n=2×2474=4948
 SD[log(ℓ)] = 4.01927467264276
 Δlog(ℓ) = 5.30337932448962
 Δβ/SD[β] = 0.4098769477001 0.436079818185009 -0.89134934276987 0.00416585324125357 0.489430068474272 0.462124843351276
Maximizing likelihood @ n=4×2474=9896
 SD[log(ℓ)] = 3.11624631239285
 Δlog(ℓ) = 6.16201856827523
 Δβ/SD[β] = -0.0480824354433033 0.277694386631269 -0.106176733855142 -0.311933022802328 0.117057193101535 0.073360515688679
Maximizing likelihood @ n=8×2474=19792
 SD[log(ℓ)] = 2.29371053547984
 Δlog(ℓ) = 2.08673279991181
 Δβ/SD[β] = 0.216843944936777 0.104178147062914 0.0488206074449351 -0.0272083325806289 0.316044851489573 0.248983159963606
Maximizing likelihood @ n=16×2474=39584
 SD[log(ℓ)] = 1.67455929365536
 Δlog(ℓ) = 2.4982447887444
 Δβ/SD[β] = 0.0967816530727746 -0.416797355325712 -0.200111380297744 -0.0868562058398626 0.411225452831717 0.0393671334515217
Maximizing likelihood @ n=32×2474=79168
 SD[log(ℓ)] = 1.20703465397195
 Δlog(ℓ) = 1.98892749360381
 Δβ/SD[β] = -0.0722131953353541 -0.00744247607498021 -0.0354869865601985 -0.0537452991596595 0.0107287725021186 0.0484462008237861
Maximizing likelihood @ n=64×2474=158336
 SD[log(ℓ)] = 0.868133256000195
 Δlog(ℓ) = 1.0239300588082
 Δβ/SD[β] = 0.0129712841492722 -0.0188498471070005 0.00911767533812039 -0.0446172344238181 0.0098880380714506 0.025098917539639
Maximizing likelihood @ n=128×2474=316672
 SD[log(ℓ)] = 0.613803237852328
 Δlog(ℓ) = -0.390054797369096
 Δβ/SD[β] = 0.0356471888928781 -0.0165963430472943 -0.0348495858055123 -0.0570053780499124 0.0121914627835602 -0.0142521443588059
Maximizing likelihood @ n=256×2474=633344
 SD[log(ℓ)] = 0.43852338658579
 Δlog(ℓ) = 1.06449456414553
 Δβ/SD[β] = -0.00342708729899272 0.0131014102393598 -0.00189758575478204 -0.000796160692213174 0.0213925930998445 0.0515536374846646
Maximizing likelihood @ n=512×2474=1266688
 SD[log(ℓ)] = 0.309980075215207
 Δlog(ℓ) = -0.0373538834079881
 Δβ/SD[β] = 0.00602587173711814 -0.00384491568784989 -0.011919964814113 0.0106817750826064 0.0151725284311286 -0.0237293415221204
Maximizing likelihood @ n=1024×2474=2533376
 SD[log(ℓ)] = 0.219798659217629
 Δlog(ℓ) = 0.319742058498377
 Δβ/SD[β] = -0.000315224407930605 -0.00222478305607043 -0.0115063396285627 0.00795567318164942 0.0128204156675639 0.0117235675074219
Maximizing likelihood @ n=2048×2474=5066752
 SD[log(ℓ)] = 0.155798387761846
 Δlog(ℓ) = 0.310639274025995
 Δβ/SD[β] = -0.00265941907636981 -0.000311765059157617 -2.47605817295824e-05 0.00253205661836917 0.00420197963941774 0.0178629869715382
Maximizing likelihood @ n=4096×2474=10133504
 SD[log(ℓ)] = 0.110297557703367
 Δlog(ℓ) = 0.0823188332953393
 Δβ/SD[β] = 0.001655505172048 -0.00238246862723535 -0.00585929563446448 0.00209307578388157 0.00595836782121241 0.00515835343185279
Maximizing likelihood @ n=8192×2474=20267008
 SD[log(ℓ)] = 0.0780108214571705
 Δlog(ℓ) = 0.0069151609548328
 Δβ/SD[β] = -0.00042811112895571 0.00594845109380315 -0.0119990509951739 0.00707908717802458 0.00635075303934571 -0.00905377188794985
Calculating Hessian
Maximizing likelihood @ n=1×2474=2474
 SD[log(ℓ)] = 4.73229208191527
 Δlog(ℓ) = Inf
 Δβ/SD[β] = 3.5930907476555 0.484446732661124 -0.399083862437008 -30.6434700465004 -13.4993614668017 3.54700603485278
Maximizing likelihood @ n=2×2474=4948
 SD[log(ℓ)] = 3.88499918188387
 Δlog(ℓ) = 7.05346954395624
 Δβ/SD[β] = -0.0401919704358392 -0.054553168297905 -0.165651844483655 -0.163937577314331 0.732192100496609 1.00885879111823
Maximizing likelihood @ n=4×2474=9896
 SD[log(ℓ)] = 2.97208623718404
 Δlog(ℓ) = 5.36282720967571
 Δβ/SD[β] = -0.212066379896838 -0.105737507299596 0.217088593784758 -0.523326927537076 0.470808224204409 0.311141370665593
Maximizing likelihood @ n=8×2474=19792
 SD[log(ℓ)] = 2.25733357037638
 Δlog(ℓ) = 5.58907476519921
 Δβ/SD[β] = -0.0378651611763203 -0.0549240121235408 0.0271588743635449 -0.165251167829261 0.0948871140966459 0.0866534899100356
Maximizing likelihood @ n=16×2474=39584
 SD[log(ℓ)] = 1.65633013198495
 Δlog(ℓ) = 4.00086624968573
 Δβ/SD[β] = -0.0502610859312687 -0.0415799634053983 -0.0717907179631765 -0.0824070194617936 0.00796772188072635 0.105060699818063
Maximizing likelihood @ n=32×2474=79168
 SD[log(ℓ)] = 1.17000657266244
 Δlog(ℓ) = 0.403621150073249
 Δβ/SD[β] = -7.50751701002025e-07 0.000349010418784816 -4.71016685661168e-05 -0.00210185486623842 0.00232726596383398 0.00219644762055495
Maximizing likelihood @ n=64×2474=158336
 SD[log(ℓ)] = 0.836055630748697
 Δlog(ℓ) = 0.197873059759928
 Δβ/SD[β] = -0.0239461423505986 0.0042435036110476 -0.00959640331292218 0.0153737145087959 0.0252090487474562 0.0690149141520592
Maximizing likelihood @ n=128×2474=316672
 SD[log(ℓ)] = 0.610656241351627
 Δlog(ℓ) = 1.55906108337766
 Δβ/SD[β] = 0.0984458791602772 0.577382938178538 0.347448376991428 -0.803785121000284 0.03017219069186 -0.00780299490395535
Maximizing likelihood @ n=256×2474=633344
 SD[log(ℓ)] = 0.439953061859882
 Δlog(ℓ) = 0.679271307910788
 Δβ/SD[β] = 0.0413280412955496 0.591388839248863 0.206581712809238 -0.828981570818034 -0.00335225554536175 -0.0664259689373492
Maximizing likelihood @ n=512×2474=1266688
 SD[log(ℓ)] = 0.309767836680826
 Δlog(ℓ) = -0.135294211134138
 Δβ/SD[β] = -0.0220651456758518 0.00983907107658412 -0.0090937140752651 -0.0260071829882151 -0.033643407346224 -0.00672548362134261
Maximizing likelihood @ n=1024×2474=2533376
 SD[log(ℓ)] = 0.219481723855001
 Δlog(ℓ) = 0.0270302042246016
 Δβ/SD[β] = -0.00799482482016575 0.0404225161291802 -0.00355632654983162 -0.00582195799284431 0.037564793635154 -0.013556254235032
Maximizing likelihood @ n=2048×2474=5066752
 SD[log(ℓ)] = 0.154966281203168
 Δlog(ℓ) = 0.0814146820199539
 Δβ/SD[β] = 0.116008276107694 0.158031244515162 -0.0275779399066231 -0.0143555153152639 -0.0114383173181199 -0.000221516233106893
Maximizing likelihood @ n=4096×2474=10133504
 SD[log(ℓ)] = 0.110079598647903
 Δlog(ℓ) = 0.0694797354803072
 Δβ/SD[β] = 0.00376855250778598 -0.00922941881717502 -0.00330817923903453 -0.000984373429928128 0.0336535707513236 0.0134597382080321
Maximizing likelihood @ n=8192×2474=20267008
 SD[log(ℓ)] = 0.0780710092364667
 Δlog(ℓ) = 0.0939673359051625
 Δβ/SD[β] = 0.0268817316209474 0.0349207128357741 -0.00251442322185283 -0.0274763640639438 0.0148017550879157 0.00944427499687102
Calculating Hessian
Maximizing likelihood @ n=1×2474=2474
 SD[log(ℓ)] = 6.98241079782983
 Δlog(ℓ) = Inf
 Δβ/SD[β] = 4.76341697845864 0.0665763800089598 -0.0527325551716739 -1.30062696916943 -1.07432903354269 0.0763590375466941
Maximizing likelihood @ n=2×2474=4948
 SD[log(ℓ)] = 6.13265231484388
 Δlog(ℓ) = 12.3891891892849
 Δβ/SD[β] = 1.84007238123767 -0.934385340869269 -0.487013906906756 -0.163734362664609 0.53304285014199 1.65103810633297
Maximizing likelihood @ n=4×2474=9896
 SD[log(ℓ)] = 4.70750158331902
 Δlog(ℓ) = 5.16042985085082
 Δβ/SD[β] = 0.0571872003419915 -0.13474209999184 0.0883827499981776 -0.115387088596408 -0.0725306588403778 0.276237609175012
Maximizing likelihood @ n=8×2474=19792
 SD[log(ℓ)] = 3.44738448166152
 Δlog(ℓ) = -1.55147547024151
 Δβ/SD[β] = 0.0315455501297781 -0.0872824897589095 -0.0426790826558529 -0.0980503867965324 -0.0903343087032878 0.0154564522138569
Maximizing likelihood @ n=16×2474=39584
 SD[log(ℓ)] = 2.51544532746929
 Δlog(ℓ) = -2.27846328005926
 Δβ/SD[β] = -0.0365327196397402 -0.0176346668514612 0.0170335038120082 0.010565686404883 -0.129932204291123 0.00435981599707095
Maximizing likelihood @ n=32×2474=79168
 SD[log(ℓ)] = 1.85969911417198
 Δlog(ℓ) = 3.51001949688127
 Δβ/SD[β] = 0.0516753034646744 -0.0554328480206842 -0.0647609033547003 -0.0907295491961593 -0.245385871263646 0.061074285234053
Maximizing likelihood @ n=64×2474=158336
 SD[log(ℓ)] = 1.34221104884794
 Δlog(ℓ) = 1.10862931006362
 Δβ/SD[β] = 0.0445243225515546 -0.041620017777461 0.057526191636667 -0.0475490654261994 -0.406466812237948 -0.0386656850452162
Maximizing likelihood @ n=128×2474=316672
 SD[log(ℓ)] = 0.947591853812946
 Δlog(ℓ) = 0.692421497780785
 Δβ/SD[β] = 0.0346567776937389 -0.101348924796902 -0.0818184313474422 -0.0234084923684532 -0.207453939390941 0.00671189051834373
Maximizing likelihood @ n=256×2474=633344
 SD[log(ℓ)] = 0.730638076505914
 Δlog(ℓ) = -0.0101989726581166
 Δβ/SD[β] = 0.0284311789285018 0.0288794014222546 0.0151016409367769 0.0266520255154031 0.0190656124181297 -0.0905283318689227
Maximizing likelihood @ n=512×2474=1266688
 SD[log(ℓ)] = 0.508965159331736
 Δlog(ℓ) = 0.166330169300693
 Δβ/SD[β] = 0.0294393877187464 0.0379258198687862 -0.00532334402028836 -0.0674229122596518 -0.0335983756793248 -0.00139146857340087
Maximizing likelihood @ n=1024×2474=2533376
 SD[log(ℓ)] = 0.360596737000104
 Δlog(ℓ) = 0.0345371751957231
 Δβ/SD[β] = -0.00750399759271186 0.112809378055018 -0.135589403687023 0.0341857550384766 0.040141056216959 -0.0491803337732945
Maximizing likelihood @ n=2048×2474=5066752
 SD[log(ℓ)] = 0.27543445003392
 Δlog(ℓ) = -0.29545674215278
 Δβ/SD[β] = -0.00398683241470459 -0.00975998768320457 -0.00640780042751825 0.0421163807788384 8.43298688841023e-05 -0.00605526169299104
Maximizing likelihood @ n=4096×2474=10133504
 SD[log(ℓ)] = 0.190979670659351
 Δlog(ℓ) = 0.0478378043598724
 Δβ/SD[β] = -0.0136202265256512 -0.00106708073634256 -0.00460341477719793 -0.00332848969355303 0.00193087746917377 0.0120022174749564
Maximizing likelihood @ n=8192×2474=20267008
 SD[log(ℓ)] = 0.134183951770618
 Δlog(ℓ) = -0.0527902784927363
 Δβ/SD[β] = 0.0022646988435044 0.00536623642169779 -0.00342466892095688 0.0118219365046281 0.00484146566271262 0.00922183626326071
Calculating Hessian
Starting buffer 1500 
Maximizing likelihood @ n=1×2474=2474
 SD[log(ℓ)] = 5.22252487681425
 Δlog(ℓ) = Inf
 Δβ/SD[β] = -3.52778287816235 0.389021666133411 0.187335483879352 -35.8954806893967 -14.6420955692144 4.83472102308917
Maximizing likelihood @ n=2×2474=4948
 SD[log(ℓ)] = 4.35068792163745
 Δlog(ℓ) = 9.52131093297796
 Δβ/SD[β] = -0.32359036814238 0.790798886150919 0.527456166718882 0.683222914288465 0.568980310171556 1.4263798013867
Maximizing likelihood @ n=4×2474=9896
 SD[log(ℓ)] = 3.2203901036391
 Δlog(ℓ) = 2.33792320588445
 Δβ/SD[β] = 0.0174115540129496 0.760959334257506 -0.178900303358721 -0.231899271540675 0.110349371827049 -0.0307597534226685
Maximizing likelihood @ n=8×2474=19792
 SD[log(ℓ)] = 2.40586891576042
 Δlog(ℓ) = 3.12028399049517
 Δβ/SD[β] = -0.032498797969386 0.416801945957746 -0.302302476415165 -0.499967159620202 0.0524893935277564 0.0723692882353494
Maximizing likelihood @ n=16×2474=39584
 SD[log(ℓ)] = 1.73997600698176
 Δlog(ℓ) = 2.66444340562995
 Δβ/SD[β] = 0.101307535071798 -0.157263576865326 -0.0284409119861776 -0.206405377895501 0.151602382869126 0.0146527495986534
Maximizing likelihood @ n=32×2474=79168
 SD[log(ℓ)] = 1.22696636993875
 Δlog(ℓ) = -0.395888097814101
 Δβ/SD[β] = -0.0279659554860457 0.0645135862820313 -0.00429525047760358 -0.0579507694635426 -0.0166290974099451 0.0154767501264324
Maximizing likelihood @ n=64×2474=158336
 SD[log(ℓ)] = 0.888368374442864
 Δlog(ℓ) = 1.48522862285044
 Δβ/SD[β] = 0.0753561605359346 -0.0390162039050712 -0.0433339641230192 -0.29529152766459 0.0761949275110859 0.0649291410814388
Maximizing likelihood @ n=128×2474=316672
 SD[log(ℓ)] = 0.622993298135896
 Δlog(ℓ) = -1.12712675368289
 Δβ/SD[β] = -0.00545523404893175 -0.0240743556516854 -0.0302126490195011 0.0143737982314035 -0.069039249602558 -0.0376655167845306
Maximizing likelihood @ n=256×2474=633344
 SD[log(ℓ)] = 0.44177317745172
 Δlog(ℓ) = 0.309833810422781
 Δβ/SD[β] = 0.0744510967369443 -0.0862866559474685 -0.079421811935468 0.0302866714986091 0.0555603840638098 -0.0130238759263117
Maximizing likelihood @ n=512×2474=1266688
 SD[log(ℓ)] = 0.312038316615562
 Δlog(ℓ) = -0.0106758087772434
 Δβ/SD[β] = -0.00714189615498117 0.0050014932100295 -0.0111529543709484 -0.0160319878968411 -0.0308131894430951 0.000748707555550864
Maximizing likelihood @ n=1024×2474=2533376
 SD[log(ℓ)] = 0.220690858525026
 Δlog(ℓ) = -0.148876347242989
 Δβ/SD[β] = -0.00601024425615342 -0.0162250947696094 -0.00128985424518455 -0.00967584026897086 0.0225217113948605 -0.020642346379873
Maximizing likelihood @ n=2048×2474=5066752
 SD[log(ℓ)] = 0.155515103094294
 Δlog(ℓ) = -0.0616199260312627
 Δβ/SD[β] = -0.0192838318617961 -0.0224206163511197 -0.00810094961394249 -0.0128765732864869 -0.0263029269976019 -0.0124516214722187
Maximizing likelihood @ n=4096×2474=10133504
 SD[log(ℓ)] = 0.110395596344488
 Δlog(ℓ) = -0.0261656239293586
 Δβ/SD[β] = -0.0036043764603681 -0.0145747674269135 -0.0242112275832714 -0.012061645600999 0.0216339035018696 0.00940799778096392
Maximizing likelihood @ n=8192×2474=20267008
 SD[log(ℓ)] = 0.0779025329736268
 Δlog(ℓ) = 0.0700525855264118
 Δβ/SD[β] = 0.00353544356597531 -0.0227425908584399 -0.010659904523398 0.0119452310853473 -0.00126021224953254 -0.0229818450812144
Calculating Hessian
Maximizing likelihood @ n=1×2474=2474
 SD[log(ℓ)] = 5.61899646549544
 Δlog(ℓ) = Inf
 Δβ/SD[β] = -3.19285033816419 0.608699524962871 -0.531656489078576 -28.8191037253921 -12.9529663094519 6.29767713066528
Maximizing likelihood @ n=2×2474=4948
 SD[log(ℓ)] = 4.71906277715396
 Δlog(ℓ) = 12.5982700437401
 Δβ/SD[β] = -0.130892546657747 -0.10099202459817 0.142914108313015 -0.107513485542856 1.61015417316218 0.617081391674555
Maximizing likelihood @ n=4×2474=9896
 SD[log(ℓ)] = 3.40454505339815
 Δlog(ℓ) = -0.154369235313474
 Δβ/SD[β] = 0.0127766563431322 0.432425875888727 -0.216399062838028 -0.490952201819134 0.183005985908123 0.214860103784866
Maximizing likelihood @ n=8×2474=19792
 SD[log(ℓ)] = 2.39120423292807
 Δlog(ℓ) = -2.69319734058381
 Δβ/SD[β] = -0.117088982407676 0.0412607926612261 -0.163012766831031 -0.20574633264374 0.0185534429780778 -0.0587886740677884
Maximizing likelihood @ n=16×2474=39584
 SD[log(ℓ)] = 1.75901821234504
 Δlog(ℓ) = 2.05274823796593
 Δβ/SD[β] = 0.0479381445164009 0.162333876039379 -0.222268844106914 -0.35755596697962 0.061062947897312 0.32182792788586
Maximizing likelihood @ n=32×2474=79168
 SD[log(ℓ)] = 1.24888389076441
 Δlog(ℓ) = 0.243980521271936
 Δβ/SD[β] = -0.0124810605736032 -0.00942282748436748 -0.00589020722679483 -0.0210729235324719 0.0134272333327036 0.0574495926130188
Maximizing likelihood @ n=64×2474=158336
 SD[log(ℓ)] = 0.878703116041293
 Δlog(ℓ) = -1.15753145967919
 Δβ/SD[β] = -0.0368070430072566 -0.00188723255654426 0.018142365320622 -0.0189448856227384 0.00596985382421609 -0.0773926209884442
Maximizing likelihood @ n=128×2474=316672
 SD[log(ℓ)] = 0.621085844060742
 Δlog(ℓ) = -0.0385261489436175
 Δβ/SD[β] = 0.00944890434279213 0.0284387308950395 0.0163642479866103 0.00542663303816595 0.0217178636683563 -0.0246604463085185
Maximizing likelihood @ n=256×2474=633344
 SD[log(ℓ)] = 0.443086676919206
 Δlog(ℓ) = 0.983934566240279
 Δβ/SD[β] = -0.00235279838181473 -0.0167508734170693 0.0315827719251399 -0.0113046243422215 0.00102452207930599 0.0724688597632486
Maximizing likelihood @ n=512×2474=1266688
 SD[log(ℓ)] = 0.312819170272479
 Δlog(ℓ) = -0.0748110497357644
 Δβ/SD[β] = 0.000660024592163887 0.0388663960346412 0.0687219820370031 0.0286883048993989 0.0164668857870514 -0.0286588847547358
Maximizing likelihood @ n=1024×2474=2533376
 SD[log(ℓ)] = 0.220756960943005
 Δlog(ℓ) = -0.451002236653771
 Δβ/SD[β] = -0.00160259015087225 0.00522143702279041 0.000882479618954384 -0.00360166144648522 -0.0295579837441967 0.00496762983532838
Maximizing likelihood @ n=2048×2474=5066752
 SD[log(ℓ)] = 0.155778959988439
 Δlog(ℓ) = -0.118678036238776
 Δβ/SD[β] = -0.0400577208481345 -0.00348979686465221 0.0547699307277794 0.0704390782142599 0.0264604014816065 -0.0288901512227303
Maximizing likelihood @ n=4096×2474=10133504
 SD[log(ℓ)] = 0.110059558138062
 Δlog(ℓ) = 0.18003324277106
 Δβ/SD[β] = -0.0248173195104097 0.0155699494556007 0.0134025690675066 0.00583253658633033 -0.0305383286503411 0.0208086894696975
Maximizing likelihood @ n=8192×2474=20267008
 SD[log(ℓ)] = 0.0781327787308129
 Δlog(ℓ) = -0.107379716914068
 Δβ/SD[β] = -0.0368906213955162 0.0498466500150245 0.00271292815121253 -0.0401189141006648 0.0307492074977998 -0.00457403002034485
Calculating Hessian
Maximizing likelihood @ n=1×2474=2474
 SD[log(ℓ)] = 4.92233450415731
 Δlog(ℓ) = Inf
 Δβ/SD[β] = 1.1406679706442 0.26495615891806 -0.844254675387831 -30.8691261327306 -15.2963351097489 4.8164655791757
Maximizing likelihood @ n=2×2474=4948
 SD[log(ℓ)] = 4.09486903002044
 Δlog(ℓ) = 9.83476464085361
 Δβ/SD[β] = 0.141640160964211 0.734161031339943 0.234980437243641 -1.38905445412009 0.245966797067002 0.213107166796467
Maximizing likelihood @ n=4×2474=9896
 SD[log(ℓ)] = 3.22693747650207
 Δlog(ℓ) = 7.36759846696778
 Δβ/SD[β] = 0.1201231950482 0.150105474952397 0.0668079384316889 -0.182793291133408 0.12516172505024 0.142460475156365
Maximizing likelihood @ n=8×2474=19792
 SD[log(ℓ)] = 2.3830340815858
 Δlog(ℓ) = 3.41005489587342
 Δβ/SD[β] = -0.503689053316673 -0.295311226958709 0.0520982782869061 -0.340615715964054 0.0490550432430457 0.0540709633079154
Maximizing likelihood @ n=16×2474=39584
 SD[log(ℓ)] = 1.74024996971358
 Δlog(ℓ) = 1.82964040417758
 Δβ/SD[β] = -0.186529635985118 0.194307224356715 0.0371943197659808 -0.473782230012126 0.300164630643096 0.0439204497180887
Maximizing likelihood @ n=32×2474=79168
 SD[log(ℓ)] = 1.24155111055457
 Δlog(ℓ) = 0.0726033410563431
 Δβ/SD[β] = 0.0293857531176774 0.0840295019188643 -0.000241980875303886 -0.12305938961701 -0.0420494670840931 0.108711843151688
Maximizing likelihood @ n=64×2474=158336
 SD[log(ℓ)] = 0.87407129844121
 Δlog(ℓ) = -0.208719035461861
 Δβ/SD[β] = 0.00290801058544531 0.0119781876537233 0.00899900269018645 -0.0151658053005453 0.0151727998644716 -0.0326730066174719
Maximizing likelihood @ n=128×2474=316672
 SD[log(ℓ)] = 0.620757518050909
 Δlog(ℓ) = 0.16856504144905
 Δβ/SD[β] = 0.0192032736365164 0.00756076292352231 0.0142921950530802 -0.00159446673686369 0.0102449892181958 0.0277370228847487
Maximizing likelihood @ n=256×2474=633344
 SD[log(ℓ)] = 0.436571883213425
 Δlog(ℓ) = 0.220002478484211
 Δβ/SD[β] = -0.0245138738490436 0.0854503860599364 -0.00312295422648974 -0.0729080105312707 -0.0201452078682718 -0.0662443238140091
Maximizing likelihood @ n=512×2474=1266688
 SD[log(ℓ)] = 0.310549321094687
 Δlog(ℓ) = -0.310261900417743
 Δβ/SD[β] = 0.023680427441712 0.0643362978058524 0.0553051579308341 0.0351367291966412 -0.00559284873542492 0.0735139025893779
Maximizing likelihood @ n=1024×2474=2533376
 SD[log(ℓ)] = 0.219505067982493
 Δlog(ℓ) = -0.179597293896521
 Δβ/SD[β] = -0.329039073612667 0.183439931587548 0.00519904575795428 -0.0154826827119975 0.00111668508328288 -0.00859294976532254
Maximizing likelihood @ n=2048×2474=5066752
 SD[log(ℓ)] = 0.15458398490657
 Δlog(ℓ) = 0.0380095177171356
 Δβ/SD[β] = -0.0866586957708419 0.146179235867018 -0.0133508478539431 0.0439247834754789 -0.0204149045204266 -0.0230152692265885
Maximizing likelihood @ n=4096×2474=10133504
 SD[log(ℓ)] = 0.109862021548702
 Δlog(ℓ) = 0.205654734103916
 Δβ/SD[β] = -0.00764717583428022 0.0170768689927018 0.0111464781857138 -0.0305007297317741 0.00686136717785094 0.0460132629305645
Maximizing likelihood @ n=8192×2474=20267008
 SD[log(ℓ)] = 0.0777458602757408
 Δlog(ℓ) = -0.055101734866696
 Δβ/SD[β] = -0.00906135848067338 0.0587186917873811 0.0134376826399781 -0.0345991315247654 0.0325434160223952 -0.0417909461794824
Calculating Hessian
Maximizing likelihood @ n=1×2474=2474
 SD[log(ℓ)] = 4.98881734074496
 Δlog(ℓ) = Inf
 Δβ/SD[β] = -3.52610269090805 -0.0312298049805104 -0.0232962157897586 -1.00016930368124 -0.664487511414724 0.128991145665457
Maximizing likelihood @ n=2×2474=4948
 SD[log(ℓ)] = 4.88906034873875
 Δlog(ℓ) = 18.9774452752799
 Δβ/SD[β] = -6.69480785651383 -3.91467021056079 -3.68509382080658 -0.767596746428161 0.831113784095304 0.512319519704284
Maximizing likelihood @ n=4×2474=9896
 SD[log(ℓ)] = 3.9750704850827
 Δlog(ℓ) = 8.12221804353175
 Δβ/SD[β] = -1.78657934690435 -2.30582359763981 -1.23895442483436 -0.685125017489435 0.896091401207877 -0.47942490981141
Maximizing likelihood @ n=8×2474=19792
 SD[log(ℓ)] = 2.89770445995762
 Δlog(ℓ) = -1.19530899395787
 Δβ/SD[β] = -0.0921400402387958 -0.00729967607444647 -0.479111762396466 0.0861305715215369 0.0536024870561974 0.112263660191767
Maximizing likelihood @ n=16×2474=39584
 SD[log(ℓ)] = 2.1739578800107
 Δlog(ℓ) = 4.44225623085435
 Δβ/SD[β] = -0.460501344697692 -0.384036709541992 -0.505687922921908 0.240592119654302 0.217932412485645 0.540526195082354
Maximizing likelihood @ n=32×2474=79168
 SD[log(ℓ)] = 1.57721973189877
 Δlog(ℓ) = 2.80802930676202
 Δβ/SD[β] = -0.164683712377984 -0.0940749154196104 -0.0622066959554774 0.00152738656034005 0.129364006681053 0.0649332455452644
Maximizing likelihood @ n=64×2474=158336
 SD[log(ℓ)] = 1.13365364941518
 Δlog(ℓ) = 1.82965939486972
 Δβ/SD[β] = -0.119225423208671 -0.0159899133708269 -0.0699887124292077 -0.0223746876637182 0.150814189599682 0.106532135769166
Maximizing likelihood @ n=128×2474=316672
 SD[log(ℓ)] = 0.810176475296759
 Δlog(ℓ) = 1.00139941451941
 Δβ/SD[β] = -0.0822419630878812 -0.0374628258945246 -0.14648355044889 0.0066620953719574 0.0616993900444167 0.146773702886955
Maximizing likelihood @ n=256×2474=633344
 SD[log(ℓ)] = 0.579155810056441
 Δlog(ℓ) = 0.172295398582961
 Δβ/SD[β] = -0.105619487811044 -0.0274602726194481 -0.0714041098342842 0.0578592717830277 0.00636897494837543 0.0705550328117153
Maximizing likelihood @ n=512×2474=1266688
 SD[log(ℓ)] = 0.411798006227584
 Δlog(ℓ) = 0.484676182444701
 Δβ/SD[β] = -0.0054950763365458 0.0142346449423508 0.0311012363184319 0.0130656171848878 0.0763150663336885 0.0352184177139906
Maximizing likelihood @ n=1024×2474=2533376
 SD[log(ℓ)] = 0.290675021142121
 Δlog(ℓ) = 0.133470202457303
 Δβ/SD[β] = 0.0119373576648344 -0.0202341130946049 -0.000250358724893553 0.00384765114028599 -0.00373339377910051 0.00820992951521571
Maximizing likelihood @ n=2048×2474=5066752
 SD[log(ℓ)] = 0.206202395622141
 Δlog(ℓ) = 0.472598650379524
 Δβ/SD[β] = -0.0286566048652019 -0.000533538900456188 -0.00727825018874283 0.0165067774463512 0.0194800272334607 0.00158437369622652
Maximizing likelihood @ n=4096×2474=10133504
 SD[log(ℓ)] = 0.14580069553655
 Δlog(ℓ) = 0.119839763026761
 Δβ/SD[β] = 0.00259981359243844 -0.021871148667348 -0.00320020076436237 0.0095166085133564 0.0194271849624405 -0.0012443562011568
Maximizing likelihood @ n=8192×2474=20267008
 SD[log(ℓ)] = 0.103394129325765
 Δlog(ℓ) = 0.150029159746751
 Δβ/SD[β] = -0.0395364262311814 -0.0410206052303122 -0.00771865065074552 -0.00289249230029381 0.0017355070385408 0.0103356805523179
Calculating Hessian
There were 14 warnings (use warnings() to see them)
Script complete
Fri Nov 15 23:53:16 MST 2024
