Fri Nov 15 22:25:22 MST 2024
Initiating script
── Attaching core tidyverse packages ──────────────────────── tidyverse 2.0.0 ──
✔ dplyr     1.1.4     ✔ readr     2.1.5
✔ forcats   1.0.0     ✔ stringr   1.5.1
✔ ggplot2   3.5.1     ✔ tibble    3.2.1
✔ lubridate 1.9.3     ✔ tidyr     1.3.1
✔ purrr     1.0.2     
── Conflicts ────────────────────────────────────────── tidyverse_conflicts() ──
✖ ggplot2::annotate() masks ctmm::annotate()
✖ dplyr::filter()     masks stats::filter()
✖ dplyr::lag()        masks stats::lag()
ℹ Use the conflicted package (<http://conflicted.r-lib.org/>) to force all conflicts to become errors
Linking to GEOS 3.9.5, GDAL 3.8.5, PROJ 9.4.0; sf_use_s2() is TRUE
Loading required package: sp

Attaching package: ‘raster’

The following object is masked from ‘package:dplyr’:

    select

The following objects are masked from ‘package:ctmm’:

    projection, projection<-

terra 1.7.78

Attaching package: ‘terra’

The following object is masked from ‘package:tidyr’:

    extract

The following objects are masked from ‘package:ctmm’:

    distance, meta

[1] "/home/u15/mmercer3/proj/habitat_analysis_class/Final/Model_Fit_Results/Lisa_rr.Rda"
     [,1]                                
[1,] "Data loaded at 2024-11-15 22:25:32"
Reading layer `major' from data source 
  `/home/u15/mmercer3/proj/habitat_analysis_class/Final/Major_Roads' 
  using driver `ESRI Shapefile'
Simple feature collection with 411 features and 7 fields
Geometry type: LINESTRING
Dimension:     XY
Bounding box:  xmin: 477946 ymin: 3545735 xmax: 511807.9 ymax: 3592212
Projected CRS: WGS 84 / UTM zone 12N
     [,1]                                 
[1,] "Roads loaded at 2024-11-15 22:25:32"
Default grid size of 51.4214285714286 minutes chosen for bandwidth(...,fast=TRUE).
|---------|---------|---------|---------|=========================================                                          [1] 1681968
[1] 1681968
Starting buffer 30 
Maximizing likelihood @ n=1×1622=1622
 SD[log(ℓ)] = 4.95803615893901
 Δlog(ℓ) = Inf
 Δβ/SD[β] = -2.58915886712698 0.0821797466873589 0.0191084393083449 -0.97553408861252 -0.868108217770016 -0.123200163371181
Maximizing likelihood @ n=2×1622=3244
 SD[log(ℓ)] = 4.31115663653138
 Δlog(ℓ) = 3.63646044240168
 Δβ/SD[β] = -1.99645670687406 -0.65160812452837 -0.418642340545182 -0.791410222738122 0.01419055871304 -1.5323468492337
Maximizing likelihood @ n=4×1622=6488
 SD[log(ℓ)] = 3.40065832927845
 Δlog(ℓ) = 3.11979808706757
 Δβ/SD[β] = -0.597151193979361 0.259009692717017 -0.114594277403259 0.20455770865445 -0.139152755831799 -0.429972825148643
Maximizing likelihood @ n=8×1622=12976
 SD[log(ℓ)] = 2.45289442223906
 Δlog(ℓ) = -2.05293964994921
 Δβ/SD[β] = -0.0860295447117676 0.151744640635474 -0.0138754999875665 0.0704999205313995 -0.00661414169027239 0.180516062314078
Maximizing likelihood @ n=16×1622=25952
 SD[log(ℓ)] = 1.83685488184368
 Δlog(ℓ) = 3.28445317418031
 Δβ/SD[β] = -0.0720925501135148 0.353391251918448 0.599409240082288 0.734132247638384 0.135498462996673 -0.643276037267255
Maximizing likelihood @ n=32×1622=51904
 SD[log(ℓ)] = 1.30043189716528
 Δlog(ℓ) = -0.167098346993875
 Δβ/SD[β] = -0.0257344559505832 -0.0316890868243573 0.0833910765560954 -0.0931928857862849 0.197958642718145 -0.0411654235521749
Maximizing likelihood @ n=64×1622=103808
 SD[log(ℓ)] = 0.934655370937433
 Δlog(ℓ) = 0.286799275361254
 Δβ/SD[β] = -0.195712061525792 -0.0341424179899948 0.0793874794322185 0.039876175678183 0.0226759456209993 -0.0639711313635924
Maximizing likelihood @ n=128×1622=207616
 SD[log(ℓ)] = 0.666243053639168
 Δlog(ℓ) = 0.14646066969155
 Δβ/SD[β] = -0.0139169369327252 0.0583913572216822 0.0180897054057929 -0.0428666174259126 -0.0228926441904431 -0.0267821929200151
Maximizing likelihood @ n=256×1622=415232
 SD[log(ℓ)] = 0.47200227992298
 Δlog(ℓ) = 0.539126126699976
 Δβ/SD[β] = -0.0277603212093315 0.111390087022501 0.071092810882933 0.00778522634413956 0.054411926072642 -0.0102752523498435
Maximizing likelihood @ n=512×1622=830464
 SD[log(ℓ)] = 0.336155252065039
 Δlog(ℓ) = 0.188843190470983
 Δβ/SD[β] = 0.0177946875435419 -0.0283173792400041 0.00608012238287085 -0.0147434268390173 0.0110177808968435 -0.075531396637032
Maximizing likelihood @ n=1024×1622=1660928
 SD[log(ℓ)] = 0.238590977817797
 Δlog(ℓ) = 0.262957516142045
 Δβ/SD[β] = -0.0131176744745173 -0.0133432720930252 0.000812853650462096 -0.0336547923235556 -0.0056973556656058 -0.0359901855328923
Maximizing likelihood @ n=2048×1622=3321856
 SD[log(ℓ)] = 0.168248022456831
 Δlog(ℓ) = 0.0329408348884002
 Δβ/SD[β] = 0.0169429386903139 -0.00514987136140548 0.00397961167191118 -0.0173325112739486 -0.00554988703366 0.00884919090852001
Maximizing likelihood @ n=4096×1622=6643712
 SD[log(ℓ)] = 0.119140279508313
 Δlog(ℓ) = -0.102203989741973
 Δβ/SD[β] = -0.000898282491258718 0.0290572362850431 0.047193647571684 -0.0344801905545547 -0.0416932422865753 0.00114666035485771
Maximizing likelihood @ n=8192×1622=13287424
 SD[log(ℓ)] = 0.0847649215139464
 Δlog(ℓ) = 0.0656262504536329
 Δβ/SD[β] = -0.00917103626733087 0.00598953615296478 0.0346783174776319 -0.167706402946321 0.0420850553625759 -0.0307011932549048
Calculating Hessian
Maximizing likelihood @ n=1×1622=1622
 SD[log(ℓ)] = 4.02539861940001
 Δlog(ℓ) = Inf
 Δβ/SD[β] = 0.0407791241336912 0.0814042182957266 -0.00112454006172987 -0.978123094037175 -0.911242954461527 -0.13075968319772
Maximizing likelihood @ n=2×1622=3244
 SD[log(ℓ)] = 3.31149921265912
 Δlog(ℓ) = 2.27840236179798
 Δβ/SD[β] = -0.459491423290061 0.204349816223121 -0.170883512917124 0.661953491559057 0.239164689470239 -0.167973652760538
Maximizing likelihood @ n=4×1622=6488
 SD[log(ℓ)] = 2.61324018268265
 Δlog(ℓ) = 2.83796011474882
 Δβ/SD[β] = 0.786366668322925 0.158780997607094 -0.199031025118346 0.391098669624896 0.731769696763423 -0.372552910551118
Maximizing likelihood @ n=8×1622=12976
 SD[log(ℓ)] = 1.99476533903685
 Δlog(ℓ) = 1.54695467501411
 Δβ/SD[β] = 0.0127501631903185 0.08930941647154 0.0773927595682768 -0.265347179895193 0.0250670869655889 -0.52577094290155
Maximizing likelihood @ n=16×1622=25952
 SD[log(ℓ)] = 1.45022373848491
 Δlog(ℓ) = 0.655939126769994
 Δβ/SD[β] = 0.0506489012170271 0.100580085153682 -0.0199538071685369 0.0427344666780604 -0.311798283434351 -0.171050066863553
Maximizing likelihood @ n=32×1622=51904
 SD[log(ℓ)] = 1.02364778079031
 Δlog(ℓ) = -0.158707432556124
 Δβ/SD[β] = 0.0119394577365063 -0.0416656678328605 -0.0139263372870681 0.0316330135243441 0.0988866711458185 0.0231027006378763
Maximizing likelihood @ n=64×1622=103808
 SD[log(ℓ)] = 0.736107269768133
 Δlog(ℓ) = 0.697365334519599
 Δβ/SD[β] = 0.00629695049970036 -0.0420390468597619 0.0254650443783852 0.0108842573735652 0.144425821431093 -0.108199082184341
Maximizing likelihood @ n=128×1622=207616
 SD[log(ℓ)] = 0.526303988787935
 Δlog(ℓ) = -0.0348413338759173
 Δβ/SD[β] = 0.0224747409227443 0.0754568034164033 -0.0187157729867328 0.0422230428644196 0.0579505519492865 -0.0214119844917275
Maximizing likelihood @ n=256×1622=415232
 SD[log(ℓ)] = 0.37165081617711
 Δlog(ℓ) = -0.0339383915790563
 Δβ/SD[β] = 0.0080331736975684 0.0583230297059362 -0.0144132947121599 -0.0513771896438373 0.0409452887977329 0.0230703642861298
Maximizing likelihood @ n=512×1622=830464
 SD[log(ℓ)] = 0.265145321125038
 Δlog(ℓ) = 0.116024282921181
 Δβ/SD[β] = 0.047114212862963 -0.0267049068809054 -0.0145415565078599 -0.0687894754890544 -0.0212348304602034 -0.0583043505981923
Maximizing likelihood @ n=1024×1622=1660928
 SD[log(ℓ)] = 0.18696418938406
 Δlog(ℓ) = 0.0780822924587525
 Δβ/SD[β] = 0.0182535045355392 0.0241762570560564 0.00396321663786728 -0.0248722869102776 0.015907369817378 0.0282914425890578
Maximizing likelihood @ n=2048×1622=3321856
 SD[log(ℓ)] = 0.132530135789014
 Δlog(ℓ) = -0.0405438437016414
 Δβ/SD[β] = 0.0104899612093998 -0.0183143803918921 -0.00391271182433724 -0.0137558075656985 -0.0113267745702762 -0.0153489454290517
Maximizing likelihood @ n=4096×1622=6643712
 SD[log(ℓ)] = 0.0932676496076617
 Δlog(ℓ) = -0.0238304572338066
 Δβ/SD[β] = 0.0727320485035393 -0.024699419327433 0.013257092946199 -0.0757020786560375 0.0381336843880951 0.0315571362283997
Maximizing likelihood @ n=8192×1622=13287424
 SD[log(ℓ)] = 0.0662860588518708
 Δlog(ℓ) = 0.0890315200499678
 Δβ/SD[β] = -0.0032320772793853 0.0134824011116157 -0.00360363622309029 -0.00587459051480217 -0.0238686968271403 -0.0247287162110979
Calculating Hessian
Maximizing likelihood @ n=1×1622=1622
 SD[log(ℓ)] = 4.48769194736647
 Δlog(ℓ) = Inf
 Δβ/SD[β] = 3.88715819812065 0.0425488884888958 0.0247104593983569 -0.965522582589758 -0.944739613249919 -0.170202623687716
Maximizing likelihood @ n=2×1622=3244
 SD[log(ℓ)] = 5.11582839206835
 Δlog(ℓ) = 18.2789252269831
 Δβ/SD[β] = 6.03842705915644 0.0400810093846047 1.57063466555326 -0.510300246750552 1.30542153079306 0.0969492439151457
Maximizing likelihood @ n=4×1622=6488
 SD[log(ℓ)] = 4.06085333145314
 Δlog(ℓ) = 2.63018845821893
 Δβ/SD[β] = 0.0830816389498514 0.0821887350228865 0.0880902827089382 1.15184569197617 0.387146106775459 -0.0985223653875421
Maximizing likelihood @ n=8×1622=12976
 SD[log(ℓ)] = 3.2697943067219
 Δlog(ℓ) = 8.14299503768277
 Δβ/SD[β] = 1.0486878897647 0.452689196196766 0.430948813210539 0.0505456750026192 0.0336622194202145 -0.512034875539972
Maximizing likelihood @ n=16×1622=25952
 SD[log(ℓ)] = 2.4291799293167
 Δlog(ℓ) = 1.3059988021386
 Δβ/SD[β] = 0.329679101557342 0.563148283929533 -0.0895245531487182 0.285353453218647 0.150705431630779 -0.0406632149697417
Maximizing likelihood @ n=32×1622=51904
 SD[log(ℓ)] = 1.75588514689665
 Δlog(ℓ) = 0.704693938756989
 Δβ/SD[β] = 0.110602580477578 0.372530101814145 -0.0466026066044805 -0.126278064904683 0.199300528760129 -0.0844800462169912
Maximizing likelihood @ n=64×1622=103808
 SD[log(ℓ)] = 1.26097251746064
 Δlog(ℓ) = -0.776376347645794
 Δβ/SD[β] = 0.000996965427159233 0.168552639634808 -0.185348136510946 -0.109984366446314 0.0951631166265853 0.00101615865017964
Maximizing likelihood @ n=128×1622=207616
 SD[log(ℓ)] = 0.883334642948169
 Δlog(ℓ) = -0.595717527617879
 Δβ/SD[β] = -0.0481169539284432 0.0222920240850217 -0.00338356773479588 0.00784429316897464 0.0233558684963075 0.0212313954491562
Maximizing likelihood @ n=256×1622=415232
 SD[log(ℓ)] = 0.6294423242623
 Δlog(ℓ) = 0.169370567754243
 Δβ/SD[β] = 0.0435113399500601 0.0925376459785322 0.0266031570636121 -0.0267257834715813 0.0502712022866366 0.0322871912158998
Maximizing likelihood @ n=512×1622=830464
 SD[log(ℓ)] = 0.443086211149614
 Δlog(ℓ) = -0.259036118568901
 Δβ/SD[β] = -0.0688074747007021 0.053835444012447 0.00303130704297988 0.0125553029717681 0.0091024478031016 -0.055994213064731
Maximizing likelihood @ n=1024×1622=1660928
 SD[log(ℓ)] = 0.311569738145856
 Δlog(ℓ) = -0.174178342964112
 Δβ/SD[β] = -0.0382615282908873 0.0505333181490886 0.00347163038024216 -0.0141900533906203 0.0419949961886944 -0.00518834710532535
Maximizing likelihood @ n=2048×1622=3321856
 SD[log(ℓ)] = 0.222701951044463
 Δlog(ℓ) = 0.540455371981665
 Δβ/SD[β] = 0.0810740898589718 0.0240851652766255 0.0390211310074627 0.00259574255579062 0.0142253990288556 -0.0065290888006862
Maximizing likelihood @ n=4096×1622=6643712
 SD[log(ℓ)] = 0.156986329464874
 Δlog(ℓ) = -0.069911765441546
 Δβ/SD[β] = -0.0270870159171128 0.0183471227334559 0.00725506033870008 -0.012659467693632 0.0240614523561546 -0.0202836871157874
Maximizing likelihood @ n=8192×1622=13287424
 SD[log(ℓ)] = 0.111440141146726
 Δlog(ℓ) = -0.121747363120463
 Δβ/SD[β] = 0.0150434564093763 0.0101188802862522 0.0177681732496547 -0.00727362256690352 0.0250066088656528 0.00345737995173487
Calculating Hessian
Maximizing likelihood @ n=1×1622=1622
 SD[log(ℓ)] = 4.51376328458219
 Δlog(ℓ) = Inf
 Δβ/SD[β] = -1.0527851250162 -0.165704278715972 0.217980094235216 -1.06604661967216 -0.970190362042524 -0.0909323148044172
Maximizing likelihood @ n=2×1622=3244
 SD[log(ℓ)] = 3.92547623842213
 Δlog(ℓ) = 5.55075311788108
 Δβ/SD[β] = -0.279879377795299 -0.30321915809373 0.198754864736859 -0.10193434597418 0.387394852540398 -0.105317484080605
Maximizing likelihood @ n=4×1622=6488
 SD[log(ℓ)] = 2.93629291890673
 Δlog(ℓ) = 2.26345381386466
 Δβ/SD[β] = -0.0555241429451288 -0.0302829211061285 0.118140648232115 -0.0312721347856393 0.0264743388155721 0.0217663375368935
Maximizing likelihood @ n=8×1622=12976
 SD[log(ℓ)] = 2.1734557213366
 Δlog(ℓ) = 1.00328465044286
 Δβ/SD[β] = -0.170797169503366 -0.262958438904742 0.125012501106004 0.0720357356773695 0.0893622668876018 0.0817119288925406
Maximizing likelihood @ n=16×1622=25952
 SD[log(ℓ)] = 1.59368380759343
 Δlog(ℓ) = 2.26472228938831
 Δβ/SD[β] = -0.106148712581359 -0.173175612176561 0.117109397102765 -0.100261094617656 -0.109973497566758 -0.0258898953781751
Maximizing likelihood @ n=32×1622=51904
 SD[log(ℓ)] = 1.2268381442297
 Δlog(ℓ) = 1.55758983570212
 Δβ/SD[β] = -0.104934719378376 -0.154549071394868 0.11506686326813 -0.327240186926475 0.23593815187362 -0.149799555134998
Maximizing likelihood @ n=64×1622=103808
 SD[log(ℓ)] = 0.873081241745237
 Δlog(ℓ) = 0.425141590091513
 Δβ/SD[β] = -0.0215179511198787 0.00646039292953721 -0.0676524651841844 -0.0569762354670638 -0.0256463901268129 -0.0347296561906131
Maximizing likelihood @ n=128×1622=207616
 SD[log(ℓ)] = 0.614668242093394
 Δlog(ℓ) = -0.753667660565014
 Δβ/SD[β] = 0.0547403986582064 -0.00986721744792587 0.00788984422840097 -0.0284334113865827 -0.00521429064433295 0.0298573591354308
Maximizing likelihood @ n=256×1622=415232
 SD[log(ℓ)] = 0.432484188444636
 Δlog(ℓ) = 0.288095776269735
 Δβ/SD[β] = 0.0225427317275402 0.0302605337107233 -0.0150123529264852 -0.0496473885002097 0.0354024620145461 -0.0146741091343095
Maximizing likelihood @ n=512×1622=830464
 SD[log(ℓ)] = 0.310602148369223
 Δlog(ℓ) = 0.462838832951832
 Δβ/SD[β] = -0.13235350951053 -0.0261612387740259 0.0411037701521352 -0.13066464281192 0.089268573783992 -0.064292160514743
Maximizing likelihood @ n=1024×1622=1660928
 SD[log(ℓ)] = 0.221711993537121
 Δlog(ℓ) = -0.0928423970462973
 Δβ/SD[β] = -0.127478001163591 -0.180286387014362 0.105534370394613 -0.112320785763154 0.278691106034201 -0.0340120557905896
Maximizing likelihood @ n=2048×1622=3321856
 SD[log(ℓ)] = 0.157862608212938
 Δlog(ℓ) = -0.199807930867927
 Δβ/SD[β] = -0.017678297276707 0.0464539697741872 0.0514011034563135 -0.0366948803557509 0.0349612414888932 0.0520958393577885
Maximizing likelihood @ n=4096×1622=6643712
 SD[log(ℓ)] = 0.11127434799396
 Δlog(ℓ) = -0.0651147569816644
 Δβ/SD[β] = -0.0691724007926452 -0.103615227060497 0.0655766430709515 -0.0850395381103701 0.0936229036741316 0.0636995932457359
Maximizing likelihood @ n=8192×1622=13287424
 SD[log(ℓ)] = 0.0791775869656089
 Δlog(ℓ) = 0.00467477511043057
 Δβ/SD[β] = -0.033815406704233 0.0297305191104175 0.028326618201913 0.000100150214689889 0.0348764449540539 -0.000788882385008551
Calculating Hessian
Starting buffer 750 
Maximizing likelihood @ n=1×1622=1622
 SD[log(ℓ)] = 4.0342636111704
 Δlog(ℓ) = Inf
 Δβ/SD[β] = 1.28905447372424 3.04651114165032 0.436457187621926 -29.3473753383007 -25.1958877624817 -5.03593009342931
Maximizing likelihood @ n=2×1622=3244
 SD[log(ℓ)] = 3.60563311631966
 Δlog(ℓ) = 6.18299557021592
 Δβ/SD[β] = 0.319683452212751 0.896450522619133 -2.38779897133721 -0.0353629485735041 0.492079181813267 -0.532285571832535
Maximizing likelihood @ n=4×1622=6488
 SD[log(ℓ)] = 2.52568932435266
 Δlog(ℓ) = -2.46908503756387
 Δβ/SD[β] = -0.00378399931749151 0.0195718207145664 -0.22802671455967 -0.0523960189403523 0.298601112927091 0.045618656960331
Maximizing likelihood @ n=8×1622=12976
 SD[log(ℓ)] = 1.93949296554659
 Δlog(ℓ) = 2.0414250586533
 Δβ/SD[β] = -0.156098051859275 0.0513207260446052 -0.11363500197877 -0.168923618466498 0.451307851653276 -0.353788433440616
Maximizing likelihood @ n=16×1622=25952
 SD[log(ℓ)] = 1.45631727559398
 Δlog(ℓ) = 2.00928802313148
 Δβ/SD[β] = -0.0362597996706109 0.0345334716969467 -0.00739450415430486 -0.0358372403683171 0.106820615381276 -0.275959535397419
Maximizing likelihood @ n=32×1622=51904
 SD[log(ℓ)] = 1.0298295064008
 Δlog(ℓ) = -0.526930459293474
 Δβ/SD[β] = -0.0556645428236311 -0.0842372492497669 0.0293166807070016 0.0335633128454017 0.124800188784715 -0.0415936832639817
Maximizing likelihood @ n=64×1622=103808
 SD[log(ℓ)] = 0.746117508851171
 Δlog(ℓ) = 1.08550964882411
 Δβ/SD[β] = 0.0162826878248652 0.0200605153684668 -0.00044113546778669 -0.00421887607910588 0.0937316262319644 -0.167014732584829
Maximizing likelihood @ n=128×1622=207616
 SD[log(ℓ)] = 0.532779046827407
 Δlog(ℓ) = 0.311043312404706
 Δβ/SD[β] = 0.0201248602156133 0.131134542472578 0.0148507746244112 -0.0025293810511145 0.03328403304285 0.0239244859881598
Maximizing likelihood @ n=256×1622=415232
 SD[log(ℓ)] = 0.37822954383994
 Δlog(ℓ) = -0.0418864461667461
 Δβ/SD[β] = -0.0325015777118817 0.0325132993710203 0.0367931151760366 -0.0417047286398278 0.0173521830579193 -0.00621261849209367
Maximizing likelihood @ n=512×1622=830464
 SD[log(ℓ)] = 0.265218677612683
 Δlog(ℓ) = -0.0944307980354075
 Δβ/SD[β] = -0.0202162504627302 -0.0287046307261585 0.0228013275895315 0.0293512652202924 0.0463755932042983 0.04809273941926
Maximizing likelihood @ n=1024×1622=1660928
 SD[log(ℓ)] = 0.186350879757353
 Δlog(ℓ) = -0.394367881467105
 Δβ/SD[β] = -0.0175438300161685 -0.0572377716176074 0.0247315097229849 0.0280948299807339 -0.00528995204039955 -0.000644919665719741
Maximizing likelihood @ n=2048×1622=3321856
 SD[log(ℓ)] = 0.131988348355127
 Δlog(ℓ) = -0.0036686751060131
 Δβ/SD[β] = 0.00490579690725652 -0.00627357286329065 0.00501619130558419 -0.00806682615521106 -0.00298778848665323 -0.0129221761724784
Maximizing likelihood @ n=4096×1622=6643712
 SD[log(ℓ)] = 0.0931890770172138
 Δlog(ℓ) = -0.0367662915192355
 Δβ/SD[β] = 0.00231204514114654 -0.0198197182267311 0.00928754344603393 -0.0057841001766212 0.00282123612615519 0.00398396875304815
Maximizing likelihood @ n=8192×1622=13287424
 SD[log(ℓ)] = 0.0659967155816991
 Δlog(ℓ) = 0.0386297303007304
 Δβ/SD[β] = 0.00218643865146957 0.0108773335153258 0.00827564766726808 0.00198880338995354 0.00314784830547329 -0.00261733511844024
Calculating Hessian
Maximizing likelihood @ n=1×1622=1622
 SD[log(ℓ)] = 3.68298238732107
 Δlog(ℓ) = Inf
 Δβ/SD[β] = 4.43570982191267 2.87570816039625 -0.196963552117691 -27.1821215191733 -20.4727309737946 -4.49424298204454
Maximizing likelihood @ n=2×1622=3244
 SD[log(ℓ)] = 3.20115044661372
 Δlog(ℓ) = 4.19872052858709
 Δβ/SD[β] = 0.515889109794229 0.644758106241271 0.413479535724712 0.108612392297316 0.44247616649884 -0.871580256734932
Maximizing likelihood @ n=4×1622=6488
 SD[log(ℓ)] = 2.54822580765224
 Δlog(ℓ) = 2.90035008740083
 Δβ/SD[β] = -0.0138678580565789 -0.0455232039903778 -0.02725113521965 -0.0609217865597079 0.566195443396232 -0.413575658021188
Maximizing likelihood @ n=8×1622=12976
 SD[log(ℓ)] = 1.97104358515245
 Δlog(ℓ) = 2.91844167264965
 Δβ/SD[β] = 0.0816671348561591 -0.0886459495314259 -0.157881711415533 0.105532568117149 0.460962391360019 -0.47249070430321
Maximizing likelihood @ n=16×1622=25952
 SD[log(ℓ)] = 1.39683970633905
 Δlog(ℓ) = -0.78772375185472
 Δβ/SD[β] = -0.0461928960341713 0.346718669469919 -0.0289880268486667 -0.0173202244856517 0.0150480487255406 0.234371536762204
Maximizing likelihood @ n=32×1622=51904
 SD[log(ℓ)] = 1.01249399572268
 Δlog(ℓ) = 1.05297442320085
 Δβ/SD[β] = 0.0353337610485981 0.115599430837628 -0.00824591304827976 0.0172014335288577 0.076638983876088 -0.102319824972979
Maximizing likelihood @ n=64×1622=103808
 SD[log(ℓ)] = 0.744190494979389
 Δlog(ℓ) = 1.41888679995258
 Δβ/SD[β] = 0.0855624723568056 0.253691284865381 -0.120276968736965 -0.162965372786782 -0.0373919001295876 -0.14821498128645
Maximizing likelihood @ n=128×1622=207616
 SD[log(ℓ)] = 0.532597746139598
 Δlog(ℓ) = 0.339711969017078
 Δβ/SD[β] = 0.00137855424050623 0.0493862790620579 -0.0151728226080677 -0.0524856424707162 0.146369512568874 -0.0280795269485154
Maximizing likelihood @ n=256×1622=415232
 SD[log(ℓ)] = 0.374426860355001
 Δlog(ℓ) = -0.2700903972116
 Δβ/SD[β] = -0.0130207926885013 -0.0327648519391275 -0.0146280340725894 -0.00630288637827313 -0.00714516798390454 0.0291712541304242
Maximizing likelihood @ n=512×1622=830464
 SD[log(ℓ)] = 0.265777015360799
 Δlog(ℓ) = -0.0518679744765329
 Δβ/SD[β] = 0.00101409001243131 -0.0250108852610166 -0.01797390729046 -0.00836580289545923 -0.0174158587111232 -0.0474289935779971
Maximizing likelihood @ n=1024×1622=1660928
 SD[log(ℓ)] = 0.187807998379158
 Δlog(ℓ) = 0.0359285386230219
 Δβ/SD[β] = -0.00556682010484908 -0.0453964144459021 -0.00342875967819269 -0.054913230933289 -0.0404666549012847 -0.0265809180105836
Maximizing likelihood @ n=2048×1622=3321856
 SD[log(ℓ)] = 0.132579521917038
 Δlog(ℓ) = 0.0173493701596641
 Δβ/SD[β] = -0.00830708379221135 0.0367122364000772 -0.024393220182233 -0.0389862026040355 -0.00488374365412394 0.0241298748602459
Maximizing likelihood @ n=4096×1622=6643712
 SD[log(ℓ)] = 0.0936265465800249
 Δlog(ℓ) = -0.151783273311864
 Δβ/SD[β] = -0.00987575879641659 -0.0334284678193314 -0.000807672110359414 -0.0281080278812562 -0.00364255642411183 -0.01345815207185
Maximizing likelihood @ n=8192×1622=13287424
 SD[log(ℓ)] = 0.0659278530281127
 Δlog(ℓ) = -0.0767738206431652
 Δβ/SD[β] = 0.00441633329231736 -0.00313612552258935 -0.0133922578612719 -0.0370929514393811 0.00606709300448185 0.0302948319794345
Calculating Hessian
Maximizing likelihood @ n=1×1622=1622
 SD[log(ℓ)] = 3.86874893046943
 Δlog(ℓ) = Inf
 Δβ/SD[β] = -1.12889492760033 2.94177875464453 -0.341153453067104 -24.9757314734862 -24.1972177958367 -4.26623420058975
Maximizing likelihood @ n=2×1622=3244
 SD[log(ℓ)] = 3.37692980060884
 Δlog(ℓ) = 5.10737770607582
 Δβ/SD[β] = -0.0334355726404684 0.168289692534979 0.194207159571845 0.626920620178994 0.0682297421751195 -1.44252223091172
Maximizing likelihood @ n=4×1622=6488
 SD[log(ℓ)] = 2.65446957294148
 Δlog(ℓ) = 2.41045163089367
 Δβ/SD[β] = 0.130409584368367 0.577671996874669 -0.244764892511361 -0.679951276130876 0.419904091069733 -0.323800530114048
Maximizing likelihood @ n=8×1622=12976
 SD[log(ℓ)] = 2.04280253831915
 Δlog(ℓ) = 3.22675113914379
 Δβ/SD[β] = 0.014553691176784 0.186176483272584 -0.149569441958707 0.302857900622119 0.353092524050326 -0.500367845310083
Maximizing likelihood @ n=16×1622=25952
 SD[log(ℓ)] = 1.50748994815657
 Δlog(ℓ) = 1.34256471700062
 Δβ/SD[β] = -0.15677303312091 0.0550022257310041 -0.0304828978796222 -0.432506741244609 0.230552434243124 -0.158000038279857
Maximizing likelihood @ n=32×1622=51904
 SD[log(ℓ)] = 1.05044529012379
 Δlog(ℓ) = -1.70037470053031
 Δβ/SD[β] = -0.023962400139224 -0.137440582852011 0.00116563354709062 0.00787716615800745 -0.0884983166444017 0.0197440940159065
Maximizing likelihood @ n=64×1622=103808
 SD[log(ℓ)] = 0.745707307991599
 Δlog(ℓ) = -0.281857936681366
 Δβ/SD[β] = 0.00703734916203522 -0.0101411410385526 0.00197129848363687 3.83077935617718e-05 -0.0446109623340482 -0.0500470405467429
Maximizing likelihood @ n=128×1622=207616
 SD[log(ℓ)] = 0.53308185914353
 Δlog(ℓ) = 0.255440280567726
 Δβ/SD[β] = 0.0280386372164608 0.0703505116807408 -0.00278211882234646 -0.00825788722888338 -0.0445228718676137 -0.0367334110561395
Maximizing likelihood @ n=256×1622=415232
 SD[log(ℓ)] = 0.372856132100516
 Δlog(ℓ) = 0.0739363840844653
 Δβ/SD[β] = 0.0129532591684185 -0.0151953012150502 -0.0139702018015362 0.0474317050514825 -0.0688938510370693 0.052648219348494
Maximizing likelihood @ n=512×1622=830464
 SD[log(ℓ)] = 0.264894871030606
 Δlog(ℓ) = -0.159720835812426
 Δβ/SD[β] = -0.00141404100872075 0.0169794833496189 0.00700928977194439 0.00707051895239482 -0.0187511200412107 -0.0213701154738971
Maximizing likelihood @ n=1024×1622=1660928
 SD[log(ℓ)] = 0.186864127128954
 Δlog(ℓ) = -0.00583348979331788
 Δβ/SD[β] = -0.00335153943490237 0.019017673862459 -0.00935204801141119 0.0121154993790888 0.00686144907114141 0.0234722155775507
Maximizing likelihood @ n=2048×1622=3321856
 SD[log(ℓ)] = 0.132135532337081
 Δlog(ℓ) = -0.0443589094129422
 Δβ/SD[β] = -0.00160634761429279 0.0264753930713665 0.00339236395013335 0.000301941324187081 0.00594985310247339 0.0169589021612497
Maximizing likelihood @ n=4096×1622=6643712
 SD[log(ℓ)] = 0.0933013475811645
 Δlog(ℓ) = -0.0389521767851448
 Δβ/SD[β] = -0.0188822438304175 0.0327797090782605 0.0260104372073297 0.138105526389462 -0.00895539123192361 0.0101225670503208
Maximizing likelihood @ n=8192×1622=13287424
 SD[log(ℓ)] = 0.0661880355401953
 Δlog(ℓ) = -0.00699441357987141
 Δβ/SD[β] = -0.00470567300511296 -0.00710191505519334 0.00605765189712632 0.00323113553676436 0.00172955774181706 -0.0228978112798248
Calculating Hessian
Maximizing likelihood @ n=1×1622=1622
 SD[log(ℓ)] = 3.21618826031481
 Δlog(ℓ) = Inf
 Δβ/SD[β] = -1.97842664662816 -0.307265680037831 1.63273795279633 -26.7418411111955 -23.698789255988 -2.23570337410995
Maximizing likelihood @ n=2×1622=3244
 SD[log(ℓ)] = 2.93241593181775
 Δlog(ℓ) = 4.87519715884721
 Δβ/SD[β] = -0.65431376344175 -0.309301293803548 0.540377636912494 0.2800636272749 0.144630498483363 -1.39698949207104
Maximizing likelihood @ n=4×1622=6488
 SD[log(ℓ)] = 2.43410226917133
 Δlog(ℓ) = 3.95957213848292
 Δβ/SD[β] = -0.993129364351431 -0.844650260334012 0.666569292572033 1.35828679130877 -0.256178038100992 -0.888555893445076
Maximizing likelihood @ n=8×1622=12976
 SD[log(ℓ)] = 1.96012327807318
 Δlog(ℓ) = 5.11422332655212
 Δβ/SD[β] = -0.353503529880284 -0.781420573285312 0.402745855673498 0.139196296209483 0.000363144227584624 -0.105547681683829
Maximizing likelihood @ n=16×1622=25952
 SD[log(ℓ)] = 1.4682036509162
 Δlog(ℓ) = 2.21007406435893
 Δβ/SD[β] = -0.232190740722436 0.0756914121743907 0.14102637109822 -0.0774044348741143 0.155942532405035 -0.246070795129475
Maximizing likelihood @ n=32×1622=51904
 SD[log(ℓ)] = 1.06650354211608
 Δlog(ℓ) = 0.43604467618318
 Δβ/SD[β] = 0.00305569342334795 -0.0194374167765411 0.152938630052589 -0.0791121790703428 0.0571210002161012 -0.239404310217314
Maximizing likelihood @ n=64×1622=103808
 SD[log(ℓ)] = 0.75533752832053
 Δlog(ℓ) = -0.0232800824749617
 Δβ/SD[β] = -0.0419131917792502 -0.0197935627590234 -0.0758169595531882 -0.010254089867397 -0.00409873591276926 -0.0071347404507611
Maximizing likelihood @ n=128×1622=207616
 SD[log(ℓ)] = 0.531917159969178
 Δlog(ℓ) = -0.365297101608576
 Δβ/SD[β] = 0.0237247696165839 -0.0105861348746201 -0.0548819359568181 -0.059151944070694 0.135534069109895 -0.018379223663343
Maximizing likelihood @ n=256×1622=415232
 SD[log(ℓ)] = 0.376256940180843
 Δlog(ℓ) = 0.392762986828973
 Δβ/SD[β] = 0.0139945269409179 -0.0242855387870053 0.0219338502314278 -0.0789362133325937 0.204537091664097 0.0186407256629945
Maximizing likelihood @ n=512×1622=830464
 SD[log(ℓ)] = 0.269376965351259
 Δlog(ℓ) = 0.215051578263743
 Δβ/SD[β] = -0.0673182549746773 -0.0216889826764271 0.0147364138760034 -0.0219947773414531 0.113197679589388 -0.036039394118117
Maximizing likelihood @ n=1024×1622=1660928
 SD[log(ℓ)] = 0.189562885274674
 Δlog(ℓ) = 0.0469874807232209
 Δβ/SD[β] = 0.0640414432824697 -0.00321335376311694 -0.000178054421841271 -0.0625051802552609 0.0633691218653107 -0.0192059811865569
Maximizing likelihood @ n=2048×1622=3321856
 SD[log(ℓ)] = 0.13493410523961
 Δlog(ℓ) = 0.21108720247274
 Δβ/SD[β] = -0.0438765316543555 0.00941762364658104 -0.00292692657362973 -0.0164714041658947 0.00545474009184664 -0.00388854838570291
Maximizing likelihood @ n=4096×1622=6643712
 SD[log(ℓ)] = 0.0967786784284538
 Δlog(ℓ) = 0.140556956626622
 Δβ/SD[β] = -0.0971281006702068 -0.113167557674856 0.063654965960011 -0.143487224444372 0.131908665686938 -0.0536224997913694
Maximizing likelihood @ n=8192×1622=13287424
 SD[log(ℓ)] = 0.0677720806017673
 Δlog(ℓ) = 0.0211556507866177
 Δβ/SD[β] = 0.0633425109240049 0.0577361325223622 -0.0569029042251124 -0.10399456748441 -0.00463439845238694 0.0727349038555869
Calculating Hessian
Starting buffer 1500 
Maximizing likelihood @ n=1×1622=1622
 SD[log(ℓ)] = 3.7980888631182
 Δlog(ℓ) = Inf
 Δβ/SD[β] = 2.17717894852096 3.36793345701617 -1.23452197925159 -25.5070070834494 -21.5384400623907 -4.18563191551598
Maximizing likelihood @ n=2×1622=3244
 SD[log(ℓ)] = 3.17893853901332
 Δlog(ℓ) = 3.03010130710723
 Δβ/SD[β] = 0.0680235001750686 -0.0813069617640863 -0.396256575194249 0.0879398013870607 0.254248375175796 -1.17816155700551
Maximizing likelihood @ n=4×1622=6488
 SD[log(ℓ)] = 2.44894051382791
 Δlog(ℓ) = 1.38438921616302
 Δβ/SD[β] = -0.172059730038404 0.541329664350461 0.779883893855152 -0.109513295881116 0.582447350847872 -0.0671866964564418
Maximizing likelihood @ n=8×1622=12976
 SD[log(ℓ)] = 1.95024104197517
 Δlog(ℓ) = 4.02359813366316
 Δβ/SD[β] = 0.0375088597714944 0.590277280610634 0.455065083430317 0.227787285835161 0.0775788892456831 -0.492347835604192
Maximizing likelihood @ n=16×1622=25952
 SD[log(ℓ)] = 1.4192734208321
 Δlog(ℓ) = 0.461807478581413
 Δβ/SD[β] = 0.012613947046524 -0.00378544511505925 0.0516819702899621 -0.00859742760861689 0.0639142636172649 -0.0431505497404061
Maximizing likelihood @ n=32×1622=51904
 SD[log(ℓ)] = 1.00129226803372
 Δlog(ℓ) = 0.229043248259192
 Δβ/SD[β] = -0.0460601048922633 -0.214701401144429 0.0822707462922725 -0.105197948418861 0.00764558986034431 -0.0404932236923444
Maximizing likelihood @ n=64×1622=103808
 SD[log(ℓ)] = 0.734550379146228
 Δlog(ℓ) = 0.926876504423774
 Δβ/SD[β] = -0.0138131288947588 0.0547251315065375 0.0526637301725573 -0.118709694148214 0.0243463025812378 -0.279190158477123
Maximizing likelihood @ n=128×1622=207616
 SD[log(ℓ)] = 0.521869598573761
 Δlog(ℓ) = -0.399614192965196
 Δβ/SD[β] = 0.0813743041678905 0.00387862774811708 0.0717918082416714 -0.0985519721880766 -0.107811179803501 -0.00422857647966473
Maximizing likelihood @ n=256×1622=415232
 SD[log(ℓ)] = 0.37081224349372
 Δlog(ℓ) = 0.641245002960641
 Δβ/SD[β] = -0.0911887559101255 -0.0266987630085494 0.0605462630045038 -0.0956796178865977 0.0774468432432239 -0.00884471376413224
Maximizing likelihood @ n=512×1622=830464
 SD[log(ℓ)] = 0.264774585901017
 Δlog(ℓ) = 0.501041495182918
 Δβ/SD[β] = -0.00331982832669503 0.0216638481805503 -0.00462201274032097 -0.0163373312361293 -0.0148698480461446 -0.0383741228855935
Maximizing likelihood @ n=1024×1622=1660928
 SD[log(ℓ)] = 0.186212449253646
 Δlog(ℓ) = -0.228091498385027
 Δβ/SD[β] = -0.00670134554766791 -0.0159535329565447 0.0177541510863488 -0.0156072062980849 0.00815657494127258 0.0283530189694109
Maximizing likelihood @ n=2048×1622=3321856
 SD[log(ℓ)] = 0.132421031843006
 Δlog(ℓ) = 0.190346563226413
 Δβ/SD[β] = -0.00679838376710139 -0.00840973502572772 -0.00774041839204245 0.000150337763185195 -0.022333587788145 -0.037934342331114
Maximizing likelihood @ n=4096×1622=6643712
 SD[log(ℓ)] = 0.0930058693826414
 Δlog(ℓ) = -0.0486778513223385
 Δβ/SD[β] = -0.0258991851419147 -0.0160782632009077 0.0467798193651268 -0.021914060327043 -0.0422578101750455 0.0271285822403135
Maximizing likelihood @ n=8192×1622=13287424
 SD[log(ℓ)] = 0.0660241007690739
 Δlog(ℓ) = -0.00473229516401119
 Δβ/SD[β] = -0.00751568931106743 0.0104589173440128 0.00920907213049281 -0.0113554813641811 -0.0136439537674067 -0.0199364423934485
Calculating Hessian
Maximizing likelihood @ n=1×1622=1622
 SD[log(ℓ)] = 3.63443200098308
 Δlog(ℓ) = Inf
 Δβ/SD[β] = -1.6623804413011 3.60208310559785 -0.60075101833157 -27.4601831425408 -22.5145015644684 -3.63477393984056
Maximizing likelihood @ n=2×1622=3244
 SD[log(ℓ)] = 3.61512837889534
 Δlog(ℓ) = 9.96524330441915
 Δβ/SD[β] = -0.403013141598172 0.754549384794994 -0.0859130832488127 1.5703831066471 1.85545877875567 -0.877203584734807
Maximizing likelihood @ n=4×1622=6488
 SD[log(ℓ)] = 2.65051319001393
 Δlog(ℓ) = -1.10585580004458
 Δβ/SD[β] = 0.0910448687623037 -0.0347727936825981 -0.1789236373887 0.0291934014854529 1.02667297588409 -0.305294238601486
Maximizing likelihood @ n=8×1622=12976
 SD[log(ℓ)] = 2.1047924624684
 Δlog(ℓ) = 4.70389633780126
 Δβ/SD[β] = -0.123027496185243 0.0472081984806114 0.0607932114719859 -0.0730810528460904 0.834241183294408 -0.616985523795415
Maximizing likelihood @ n=16×1622=25952
 SD[log(ℓ)] = 1.41190171714739
 Δlog(ℓ) = -3.66952435662768
 Δβ/SD[β] = 0.146684312309137 -0.199411845962701 -0.0180339783942579 -0.160733431472768 0.117074070737207 0.260135250203111
Maximizing likelihood @ n=32×1622=51904
 SD[log(ℓ)] = 1.01878654216936
 Δlog(ℓ) = 0.129751330453967
 Δβ/SD[β] = -0.0416565419246968 0.165187301782865 0.444393576189415 -0.268696240412235 0.0145704526208845 0.0475521649034094
Maximizing likelihood @ n=64×1622=103808
 SD[log(ℓ)] = 0.733209450448228
 Δlog(ℓ) = 0.516201035349244
 Δβ/SD[β] = -0.0165750882054972 0.042287225969553 0.00592793260107902 0.0197601127395488 -0.0415354946880399 -0.0604726782350501
Maximizing likelihood @ n=128×1622=207616
 SD[log(ℓ)] = 0.523850468123515
 Δlog(ℓ) = 0.363634076956394
 Δβ/SD[β] = 0.00027934874760792 -0.0386989623720356 -0.0163395977523843 -0.0207859121162214 -0.0399703460759977 -0.0603566233201608
Maximizing likelihood @ n=256×1622=415232
 SD[log(ℓ)] = 0.373024141526153
 Δlog(ℓ) = 0.609073340560759
 Δβ/SD[β] = 0.00365935749655076 -0.0106774870331243 0.00487868791175272 -0.00818513215354961 0.0247700417715772 -0.0397910137606977
Maximizing likelihood @ n=512×1622=830464
 SD[log(ℓ)] = 0.265534027193329
 Δlog(ℓ) = 0.1965511067514
 Δβ/SD[β] = 0.0300686835936922 -0.0389037725989232 0.029908098251699 0.0152841168909952 0.0282303143500506 -0.0502970533090626
Maximizing likelihood @ n=1024×1622=1660928
 SD[log(ℓ)] = 0.186906043386195
 Δlog(ℓ) = -0.0754052366793871
 Δβ/SD[β] = -0.00564390235536269 -0.0486304608411486 0.0224477481566041 0.00489586821993855 -0.00719438163559809 -0.00608608965661018
Maximizing likelihood @ n=2048×1622=3321856
 SD[log(ℓ)] = 0.132270256926729
 Δlog(ℓ) = 0.0484957946231752
 Δβ/SD[β] = -0.000956959534737645 -0.0133536036611156 0.00127063414409704 -0.00136145556519376 0.0023879409947259 -0.0142999935792011
Maximizing likelihood @ n=4096×1622=6643712
 SD[log(ℓ)] = 0.0934563770105729
 Δlog(ℓ) = 0.0617876384760407
 Δβ/SD[β] = 0.00271903141295826 -0.0100086301658335 0.00329797688062768 0.0224834982564836 0.0261218597494436 -0.000402986621801171
Maximizing likelihood @ n=8192×1622=13287424
 SD[log(ℓ)] = 0.0662437129456995
 Δlog(ℓ) = -0.0314607413526389
 Δβ/SD[β] = 0.0102609909494636 -0.00199350753391873 0.00225336671229265 0.00753078848490465 -0.0117699114893149 -0.0155766151744985
Calculating Hessian
Maximizing likelihood @ n=1×1622=1622
 SD[log(ℓ)] = 4.24592897229803
 Δlog(ℓ) = Inf
 Δβ/SD[β] = 7.37895383727252 3.33413871317351 -0.155309731719683 -28.769812618353 -22.435579518615 -5.21407736335003
Maximizing likelihood @ n=2×1622=3244
 SD[log(ℓ)] = 3.76534026308728
 Δlog(ℓ) = 6.67851227000773
 Δβ/SD[β] = -0.148489127467396 0.29101258882865 -0.104066530775101 0.392583763122494 0.696085338576421 -1.38887649506512
Maximizing likelihood @ n=4×1622=6488
 SD[log(ℓ)] = 2.69253352920602
 Δlog(ℓ) = -2.5543961966908
 Δβ/SD[β] = -0.0438976834187572 0.0520049397795832 -0.0519817034527086 0.12741553218513 -0.0672093149756045 0.00874751729379028
Maximizing likelihood @ n=8×1622=12976
 SD[log(ℓ)] = 1.945777128803
 Δlog(ℓ) = -0.426600722740123
 Δβ/SD[β] = -0.0624053996503752 0.126369792539385 -0.0750597917144981 -0.155469420085314 0.0117731355948526 -0.164484361365934
Maximizing likelihood @ n=16×1622=25952
 SD[log(ℓ)] = 1.46280287744415
 Δlog(ℓ) = 2.18190510267398
 Δβ/SD[β] = 0.0786933905523126 0.0499861020102355 -0.031605677947683 -0.0633472834373863 0.0778894369469623 -0.0618903820697056
Maximizing likelihood @ n=32×1622=51904
 SD[log(ℓ)] = 1.04659083422116
 Δlog(ℓ) = 0.14440426220299
 Δβ/SD[β] = 0.0255212157433899 -0.0736186924811931 -0.00549299400222153 -0.0102832369394541 0.106285178600737 -0.148747976405481
Maximizing likelihood @ n=64×1622=103808
 SD[log(ℓ)] = 0.747475183301509
 Δlog(ℓ) = -0.21163963351534
 Δβ/SD[β] = -0.0389816272816798 0.0666528164350747 0.00264943547556049 -0.182649282395264 0.196138374230845 0.0460204958632577
Maximizing likelihood @ n=128×1622=207616
 SD[log(ℓ)] = 0.524859714702271
 Δlog(ℓ) = -0.105885027221859
 Δβ/SD[β] = -0.0676279773456836 -0.0684338794141251 0.0319020827864111 -0.0768706709578102 -0.110221220709774 0.00327625403990443
Maximizing likelihood @ n=256×1622=415232
 SD[log(ℓ)] = 0.370725305352997
 Δlog(ℓ) = -0.197418734170238
 Δβ/SD[β] = 0.00660295923860529 0.000687383015743922 -0.00885336082455142 -0.00474141254359591 0.0055708894269124 0.0205058632944042
Maximizing likelihood @ n=512×1622=830464
 SD[log(ℓ)] = 0.264470867170203
 Δlog(ℓ) = 0.323108539767919
 Δβ/SD[β] = 0.00576986747976329 0.0255214259398831 -0.0154161046728081 0.0210010268100717 -0.0033510410637241 -0.0230744155735031
Maximizing likelihood @ n=1024×1622=1660928
 SD[log(ℓ)] = 0.188201708567659
 Δlog(ℓ) = 0.249807064390527
 Δβ/SD[β] = 0.0117519472211273 0.0592997328226178 -0.0335722248316011 0.058459360585287 0.0200408321500827 -0.010085499601097
Maximizing likelihood @ n=2048×1622=3321856
 SD[log(ℓ)] = 0.132396901511078
 Δlog(ℓ) = -0.00600745635449229
 Δβ/SD[β] = -0.00031284207068772 -0.00598721202162754 -0.00371002968914049 0.0118001640564941 -0.0139801923164031 0.0200619400064058
Maximizing likelihood @ n=4096×1622=6643712
 SD[log(ℓ)] = 0.0937921721741905
 Δlog(ℓ) = -0.0302227058136459
 Δβ/SD[β] = -0.0150506975952553 0.0374357969978029 0.00415860580919062 0.0147869375319798 -0.0203754323470139 0.00628222247866183
Maximizing likelihood @ n=8192×1622=13287424
 SD[log(ℓ)] = 0.0660792830249555
 Δlog(ℓ) = -0.0859926046968127
 Δβ/SD[β] = 0.00524024558310685 -0.0218990508445704 -0.0118821079296928 0.018886695142163 -0.0142118835139253 0.00576875057000353
Calculating Hessian
Maximizing likelihood @ n=1×1622=1622
 SD[log(ℓ)] = 5.12403976411995
 Δlog(ℓ) = Inf
 Δβ/SD[β] = 2.90736402788691 0.78583804593108 -0.606045827457328 -0.77354686112699 -0.900538480086573 -0.34379429344198
Maximizing likelihood @ n=2×1622=3244
 SD[log(ℓ)] = 3.97574316592612
 Δlog(ℓ) = 3.33578480082114
 Δβ/SD[β] = 0.601171465043094 0.54730845000352 -0.591842338478975 0.756176148179254 0.614365641525415 -0.317610819371974
Maximizing likelihood @ n=4×1622=6488
 SD[log(ℓ)] = 3.48317061376756
 Δlog(ℓ) = 10.5698528675929
 Δβ/SD[β] = 20.4219001570641 18.4959761099531 -19.2847159105215 17.7245631130133 14.9364901242538 -12.590516253887
Maximizing likelihood @ n=8×1622=12976
 SD[log(ℓ)] = 2.65168335118508
 Δlog(ℓ) = 5.3169920415417
 Δβ/SD[β] = 0.00466141338591643 0.00556974198518498 -0.00857787534789784 -0.0363478650975348 0.0212775073311361 -0.0385650459289235
Maximizing likelihood @ n=16×1622=25952
 SD[log(ℓ)] = 1.91157080846917
 Δlog(ℓ) = -0.417285517825469
 Δβ/SD[β] = 0.0107398370919169 0.00903097434778056 -0.00738846707599088 0.0184912951810544 0.0399504606745489 -0.00718371984930882
Maximizing likelihood @ n=32×1622=51904
 SD[log(ℓ)] = 1.32386568910807
 Δlog(ℓ) = -0.264672795879626
 Δβ/SD[β] = 0.0110710142758708 0.0107339541440301 -0.0157636123909369 0.0273461388440359 0.015420734710165 -0.000587069228856574
Maximizing likelihood @ n=64×1622=103808
 SD[log(ℓ)] = 0.977374165892634
 Δlog(ℓ) = 0.484673683682246
 Δβ/SD[β] = 0.0583436013505249 0.0574780093598249 -0.0475362484875019 0.0534411672515763 0.0477237060893398 -0.0452730807222904
Maximizing likelihood @ n=128×1622=207616
 SD[log(ℓ)] = 0.704528285494166
 Δlog(ℓ) = 0.245969413318491
 Δβ/SD[β] = 0.0500601649692926 0.0479468874897629 -0.0526629006962452 0.0549927863578301 0.0662839279079635 -0.0429167507222003
Maximizing likelihood @ n=256×1622=415232
 SD[log(ℓ)] = 0.495280610212441
 Δlog(ℓ) = -0.603989224092913
 Δβ/SD[β] = 0.0127052194880419 0.0102536577191426 -0.0158449730429328 0.0141049031524233 0.0162964562014655 -0.0118721141558393
Maximizing likelihood @ n=512×1622=830464
 SD[log(ℓ)] = 0.35527581141509
 Δlog(ℓ) = 0.266357113797447
 Δβ/SD[β] = 0.305180269998003 0.266398384301395 -0.145112646742224 0.0702661279195171 0.296104647480873 -0.246061939972991
Maximizing likelihood @ n=1024×1622=1660928
 SD[log(ℓ)] = 0.25406589455098
 Δlog(ℓ) = 0.183272184496353
 Δβ/SD[β] = 0.0129957315376439 0.0146495046191686 -0.016512841992478 0.0159651246033762 0.0412499494040498 -0.0137196038244081
Maximizing likelihood @ n=2048×1622=3321856
 SD[log(ℓ)] = 0.178460896440404
 Δlog(ℓ) = -0.0998937225049374
 Δβ/SD[β] = 0.0706450168882875 0.0611302104220589 -0.0486491968601956 0.117581183786726 0.00414597063282806 0.0353246023128822
Maximizing likelihood @ n=4096×1622=6643712
 SD[log(ℓ)] = 0.125745453425047
 Δlog(ℓ) = -0.0611475529169638
 Δβ/SD[β] = 0.0246637956408379 -0.00420337559881594 -0.0680991285480607 -0.00804914363515476 0.0223758187147925 -0.017911326155338
Maximizing likelihood @ n=8192×1622=13287424
 SD[log(ℓ)] = 0.0894239826037988
 Δlog(ℓ) = 0.196305869356983
 Δβ/SD[β] = 0.0258300277133561 0.024025192873651 -0.025713038965399 0.027818166040223 0.0284589746632595 -0.0190437412364992
Calculating Hessian
There were 14 warnings (use warnings() to see them)
Script complete
Sat Nov 16 03:43:55 MST 2024
