Fri Nov 15 22:48:00 MST 2024
Initiating script
── Attaching core tidyverse packages ──────────────────────── tidyverse 2.0.0 ──
✔ dplyr     1.1.4     ✔ readr     2.1.5
✔ forcats   1.0.0     ✔ stringr   1.5.1
✔ ggplot2   3.5.1     ✔ tibble    3.2.1
✔ lubridate 1.9.3     ✔ tidyr     1.3.1
✔ purrr     1.0.2     
── Conflicts ────────────────────────────────────────── tidyverse_conflicts() ──
✖ ggplot2::annotate() masks ctmm::annotate()
✖ dplyr::filter()     masks stats::filter()
✖ dplyr::lag()        masks stats::lag()
ℹ Use the conflicted package (<http://conflicted.r-lib.org/>) to force all conflicts to become errors
Linking to GEOS 3.9.5, GDAL 3.8.5, PROJ 9.4.0; sf_use_s2() is TRUE
Loading required package: sp

Attaching package: ‘raster’

The following object is masked from ‘package:dplyr’:

    select

The following objects are masked from ‘package:ctmm’:

    projection, projection<-

terra 1.7.78

Attaching package: ‘terra’

The following object is masked from ‘package:tidyr’:

    extract

The following objects are masked from ‘package:ctmm’:

    distance, meta

[1] "/home/u15/mmercer3/proj/habitat_analysis_class/Final/Model_Fit_Results/Margaret_rr.Rda"
     [,1]                                
[1,] "Data loaded at 2024-11-15 22:48:11"
Reading layer `major' from data source 
  `/home/u15/mmercer3/proj/habitat_analysis_class/Final/Major_Roads' 
  using driver `ESRI Shapefile'
Simple feature collection with 411 features and 7 fields
Geometry type: LINESTRING
Dimension:     XY
Bounding box:  xmin: 477946 ymin: 3545735 xmax: 511807.9 ymax: 3592212
Projected CRS: WGS 84 / UTM zone 12N
     [,1]                                 
[1,] "Roads loaded at 2024-11-15 22:48:11"
Default grid size of 51.4309523809524 minutes chosen for bandwidth(...,fast=TRUE).
|---------|---------|---------|---------|=========================================                                          [1] 1681968
[1] 1681968
Starting buffer 30 
Maximizing likelihood @ n=1×2890=2890
 SD[log(ℓ)] = 8.04417914091826
 Δlog(ℓ) = Inf
 Δβ/SD[β] = 1.07897951476317 0.0214280613064828 0.0190613633899582 -1.15083148007801 -0.419477516172164 0.00296431151192225
Maximizing likelihood @ n=2×2890=5780
 SD[log(ℓ)] = 7.06535723575989
 Δlog(ℓ) = 25.2494034727631
 Δβ/SD[β] = 2.06658256130055 -0.200717869008343 -0.413266577360128 -0.476133322976769 0.071291949487033 0.395914652878712
Maximizing likelihood @ n=4×2890=11560
 SD[log(ℓ)] = 5.2362649267465
 Δlog(ℓ) = 8.71133726769577
 Δβ/SD[β] = 0.263084797203705 0.358851756482836 -0.160140356370036 -0.160782368424148 -0.0307225832650174 -0.3448516552811
Maximizing likelihood @ n=8×2890=23120
 SD[log(ℓ)] = 3.94476210753978
 Δlog(ℓ) = 8.5186561745106
 Δβ/SD[β] = 0.251351921017818 2.36086030655509 0.0451690376044093 -0.658769908951266 0.3988732890171 -0.265983288156154
Maximizing likelihood @ n=16×2890=46240
 SD[log(ℓ)] = 2.92105564630943
 Δlog(ℓ) = 7.6721827973885
 Δβ/SD[β] = 0.133860428338935 0.243580263056083 0.236764555547678 -0.497500468997973 0.242162800457456 0.0717541964140548
Maximizing likelihood @ n=32×2890=92480
 SD[log(ℓ)] = 2.11075598921769
 Δlog(ℓ) = 4.65530788054247
 Δβ/SD[β] = 0.0541455724262815 0.105795830390368 0.0956176026839437 -0.42766323701853 0.117306867304461 0.039730064135663
Maximizing likelihood @ n=64×2890=184960
 SD[log(ℓ)] = 1.50353735531536
 Δlog(ℓ) = -0.34938075868223
 Δβ/SD[β] = 0.155021748479926 -0.00685169538572465 0.0578383496123485 0.0448994243808272 -0.0305379609317758 0.033966162016393
Maximizing likelihood @ n=128×2890=369920
 SD[log(ℓ)] = 1.05891228179926
 Δlog(ℓ) = -1.25232493248146
 Δβ/SD[β] = -0.0907771603150897 0.0423499511733639 0.0562751962849458 -0.00445895416413239 0.0330271951472692 0.0602842914130834
Maximizing likelihood @ n=256×2890=739840
 SD[log(ℓ)] = 0.768295388972141
 Δlog(ℓ) = 1.45372885744777
 Δβ/SD[β] = 0.022417730549647 0.0552919189070119 0.0380572023220571 0.0156813520583226 0.0523224729972951 -0.0399931158392142
Maximizing likelihood @ n=512×2890=1479680
 SD[log(ℓ)] = 0.542284509287232
 Δlog(ℓ) = 0.616965056766446
 Δβ/SD[β] = -0.0336549583071562 0.0406972041597595 0.0269223293695071 -0.0400415511981354 0.0120112147586528 0.0305984087373226
Maximizing likelihood @ n=1024×2890=2959360
 SD[log(ℓ)] = 0.380636913509813
 Δlog(ℓ) = -0.0259068777921811
 Δβ/SD[β] = 0.0104003859349149 0.016593460679629 0.0234439289459977 0.0267331802944137 0.0149732846739999 0.0110041056777426
Maximizing likelihood @ n=2048×2890=5918720
 SD[log(ℓ)] = 0.269304386447744
 Δlog(ℓ) = 0.185570900131182
 Δβ/SD[β] = 0.00135879757924671 0.020034454231855 0.0038017180344256 -0.0371900518325634 -0.00239034038152736 0.0050022054705174
Maximizing likelihood @ n=4096×2890=11837440
 SD[log(ℓ)] = 0.190528857055325
 Δlog(ℓ) = -0.0650818694369661
 Δβ/SD[β] = 0.058483459470777 0.113334993334119 0.0649486599202778 -0.0504913543398075 -0.0139146220499077 0.0692684110174544
Calculating Hessian
Maximizing likelihood @ n=1×2890=2890
 SD[log(ℓ)] = 7.91703758283307
 Δlog(ℓ) = Inf
 Δβ/SD[β] = -2.24998191434064 1.46431895390366 -0.307823710130806 -49.1443690328344 -7.36704477834905 0.4052125692631
Maximizing likelihood @ n=2×2890=5780
 SD[log(ℓ)] = 6.58032338111192
 Δlog(ℓ) = 24.8370191655836
 Δβ/SD[β] = 0.0798200690608961 0.0241936372742634 0.12720070738821 -0.250342801579103 0.213236134433252 -0.224465846337372
Maximizing likelihood @ n=4×2890=11560
 SD[log(ℓ)] = 5.15879905918706
 Δlog(ℓ) = 15.2046921752769
 Δβ/SD[β] = 0.0670242590365595 -0.431530765318123 -0.022575966780892 -0.364553405205836 0.89433979226525 0.0296931206317116
Maximizing likelihood @ n=8×2890=23120
 SD[log(ℓ)] = 3.85775277612083
 Δlog(ℓ) = 8.89509144299416
 Δβ/SD[β] = -0.0161030262337112 0.0433302433608553 0.0774705810468598 -0.157275980297386 0.034012932369126 -0.155890678062978
Maximizing likelihood @ n=16×2890=46240
 SD[log(ℓ)] = 2.81463631154804
 Δlog(ℓ) = 0.644741738916309
 Δβ/SD[β] = -0.244382230416593 -0.361660204963979 0.0313966297391852 -0.105130798180216 0.0162483603432426 -0.0788454856995131
Maximizing likelihood @ n=32×2890=92480
 SD[log(ℓ)] = 1.9894333802732
 Δlog(ℓ) = -0.341138122635385
 Δβ/SD[β] = -0.244176023061706 -0.322866606608286 -0.108133871155883 -0.221113916301897 0.0764950393465256 0.552794373533789
Maximizing likelihood @ n=64×2890=184960
 SD[log(ℓ)] = 1.42120854305625
 Δlog(ℓ) = 1.98079214795519
 Δβ/SD[β] = -0.00132541019582578 0.148970733952173 0.0657211237245401 -0.236450721368879 0.024864334992402 0.140350976001358
Maximizing likelihood @ n=128×2890=369920
 SD[log(ℓ)] = 1.00693150740242
 Δlog(ℓ) = 1.06736522047154
 Δβ/SD[β] = -0.0309449200516718 -0.00193306003432412 -0.0202319178164268 -0.122929876622246 0.0185046240603299 0.0237516407883259
Maximizing likelihood @ n=256×2890=739840
 SD[log(ℓ)] = 0.715521128477292
 Δlog(ℓ) = 1.29368359718674
 Δβ/SD[β] = -0.0665553594807564 0.0362343675256456 -0.0140516997560953 -0.0697284235416791 -0.0106145347164082 0.11372955483659
Maximizing likelihood @ n=512×2890=1479680
 SD[log(ℓ)] = 0.506653303141766
 Δlog(ℓ) = -0.363214237239447
 Δβ/SD[β] = -0.0563782606135973 -0.0118393597686373 0.018477469385408 -0.0224872506609796 0.0751854527777256 0.037019158818492
Maximizing likelihood @ n=1024×2890=2959360
 SD[log(ℓ)] = 0.358946628996705
 Δlog(ℓ) = 0.635503034299205
 Δβ/SD[β] = -0.0169406707221351 -0.00347854451865078 0.0033889300725387 -0.0540622322792602 -0.0129867985170553 0.0129242210918837
Maximizing likelihood @ n=2048×2890=5918720
 SD[log(ℓ)] = 0.255058299783996
 Δlog(ℓ) = 0.00131133825490792
 Δβ/SD[β] = -0.00368062621361455 0.0131812042954936 -0.0363681157956099 -0.0410968074154148 0.0365479789103058 0.0707891380877761
Maximizing likelihood @ n=4096×2890=11837440
 SD[log(ℓ)] = 0.17949767537484
 Δlog(ℓ) = -0.0626740676405859
 Δβ/SD[β] = 0.00200008591394065 -0.0245325569107235 -0.00485044579479348 0.0314056899134973 -0.0498774020297641 0.0400339515422513
Calculating Hessian
Maximizing likelihood @ n=1×2890=2890
 SD[log(ℓ)] = 8.05055355794192
 Δlog(ℓ) = Inf
 Δβ/SD[β] = -2.05864701082771 0.0124735265895644 -0.0074191514876733 -1.18003377590765 -0.429386137466766 0.056145454424808
Maximizing likelihood @ n=2×2890=5780
 SD[log(ℓ)] = 7.28315895334824
 Δlog(ℓ) = 37.7094224495518
 Δβ/SD[β] = -3.19518919483262 0.658960591715247 0.996022419464419 -0.41002449557142 -0.020769118280986 -0.35296147842988
Maximizing likelihood @ n=4×2890=11560
 SD[log(ℓ)] = 5.69554744694411
 Δlog(ℓ) = 15.8195794647136
 Δβ/SD[β] = -0.0933383275289548 1.51159634429399 0.276669864513875 -0.138949724816989 0.101115738077068 -0.18293216240765
Maximizing likelihood @ n=8×2890=23120
 SD[log(ℓ)] = 4.31618050952324
 Δlog(ℓ) = 14.3931567345792
 Δβ/SD[β] = -0.687273759951302 0.554389746873589 -0.0733369064156234 -0.823030204235909 0.1710844914102 -0.450976564790024
Maximizing likelihood @ n=16×2890=46240
 SD[log(ℓ)] = 3.11613451700769
 Δlog(ℓ) = 2.13323252618494
 Δβ/SD[β] = -0.221482345850091 -0.00128814745319788 -0.0958687092413772 -0.389560011906365 0.104565553384193 -0.0889818543421992
Maximizing likelihood @ n=32×2890=92480
 SD[log(ℓ)] = 2.22840786375246
 Δlog(ℓ) = -0.45033911095922
 Δβ/SD[β] = -0.0644467491313307 -0.205924479344923 -0.0739366041954827 -0.0485239670098797 -0.0161590286118678 -0.00475220082317836
Maximizing likelihood @ n=64×2890=184960
 SD[log(ℓ)] = 1.5728352506461
 Δlog(ℓ) = -0.280331185435273
 Δβ/SD[β] = -0.106933472050141 -0.0758218911954876 0.00592557259272827 0.0161663025859893 -0.0172406615512654 -0.0107098707244614
Maximizing likelihood @ n=128×2890=369920
 SD[log(ℓ)] = 1.12118151978146
 Δlog(ℓ) = 0.0758260969564333
 Δβ/SD[β] = -0.103385115676941 0.0558634871086073 -0.0591904554015556 -0.142870601388924 -0.043699852609588 -0.00830371474019537
Maximizing likelihood @ n=256×2890=739840
 SD[log(ℓ)] = 0.794994490329397
 Δlog(ℓ) = 1.39800415338848
 Δβ/SD[β] = -0.105896511767464 0.0979272989587563 0.00242683958664317 -0.1114535376005 -0.109333254798777 0.0595413957039693
Maximizing likelihood @ n=512×2890=1479680
 SD[log(ℓ)] = 0.567031269933074
 Δlog(ℓ) = -0.173430168976154
 Δβ/SD[β] = 0.0672747373177245 0.101296490914423 0.00761382519483814 -0.00182204173540362 0.0579621206739252 0.0608281802116971
Maximizing likelihood @ n=1024×2890=2959360
 SD[log(ℓ)] = 0.401294822561486
 Δlog(ℓ) = -0.275307802521326
 Δβ/SD[β] = -0.0243833289713048 0.0117264008721469 -0.021078911542413 0.0280926127239671 -0.00864181787548811 -0.00382909815191365
Maximizing likelihood @ n=2048×2890=5918720
 SD[log(ℓ)] = 0.283274149362062
 Δlog(ℓ) = 0.00229868565949687
 Δβ/SD[β] = 0.028663065339763 0.0226834028291828 -0.00127784208813808 0.0114814237807611 -0.00670012325789889 0.0148376735782462
Maximizing likelihood @ n=4096×2890=11837440
 SD[log(ℓ)] = 0.200816145712646
 Δlog(ℓ) = 0.202925377696801
 Δβ/SD[β] = -0.00762460298605114 0.0181552421021954 -0.0186581023913137 -0.0138795678798329 0.0236528487108235 -0.00228421147101288
Calculating Hessian
Maximizing likelihood @ n=1×2890=2890
 SD[log(ℓ)] = 8.38577818232707
 Δlog(ℓ) = Inf
 Δβ/SD[β] = -1.18745527674786 -0.746497260502247 -0.457053754439097 -52.8776925461086 -4.04492253211939 1.32305054604876
Maximizing likelihood @ n=2×2890=5780
 SD[log(ℓ)] = 6.62419621580148
 Δlog(ℓ) = 13.8261352241782
 Δβ/SD[β] = -0.1178263139041 -0.116774965052738 0.0604424302021671 -0.351855359109117 0.148512114795633 -0.126445504212371
Maximizing likelihood @ n=4×2890=11560
 SD[log(ℓ)] = 5.10640855099229
 Δlog(ℓ) = 10.8167829147303
 Δβ/SD[β] = -0.524502588310867 0.2941650239913 -0.148652016769526 -0.152004426021609 0.0768499928310988 0.115217606232364
Maximizing likelihood @ n=8×2890=23120
 SD[log(ℓ)] = 3.85927316914647
 Δlog(ℓ) = 12.2656913688356
 Δβ/SD[β] = 0.158896042802448 0.000753248682194979 0.0609282024749434 -0.127966855267357 0.0538932801684851 0.0884645207861409
Maximizing likelihood @ n=16×2890=46240
 SD[log(ℓ)] = 2.8039809422907
 Δlog(ℓ) = 3.73714747891407
 Δβ/SD[β] = -0.0106838509534726 0.00365862900869902 0.0098425273485102 -0.0331088745489831 0.0254882249706554 0.000946002684605284
Maximizing likelihood @ n=32×2890=92480
 SD[log(ℓ)] = 2.01230900654623
 Δlog(ℓ) = -0.273144974157276
 Δβ/SD[β] = 0.0587946895194737 -0.00493573238725623 -0.0424469320204696 -0.0863615555694168 -0.00921390531831706 -0.0138988960489613
Maximizing likelihood @ n=64×2890=184960
 SD[log(ℓ)] = 1.42125352235302
 Δlog(ℓ) = 0.873791302868966
 Δβ/SD[β] = 0.0758288028022703 0.0765602412333961 -0.0484725215385178 0.0119161594528466 0.0189287484315693 -0.0373123332350321
Maximizing likelihood @ n=128×2890=369920
 SD[log(ℓ)] = 1.01141817596897
 Δlog(ℓ) = -0.0175202470304612
 Δβ/SD[β] = 0.0488305992111979 0.00291267921245021 0.0185878468636386 -0.0743375896388666 0.0479280792372355 0.0370695778962875
Maximizing likelihood @ n=256×2890=739840
 SD[log(ℓ)] = 0.713360561448385
 Δlog(ℓ) = 0.584209529562315
 Δβ/SD[β] = 0.0529609445512611 0.144953868140537 -0.0593633531158924 0.0117035279731209 0.00423611397882764 0.0637172533069667
Maximizing likelihood @ n=512×2890=1479680
 SD[log(ℓ)] = 0.506537382053304
 Δlog(ℓ) = -0.222235280459927
 Δβ/SD[β] = 0.0591364021617848 0.0686097448534557 -0.0290225332460452 -0.0625828155029658 -0.010701624158947 0.0191508138236774
Maximizing likelihood @ n=1024×2890=2959360
 SD[log(ℓ)] = 0.355799242245035
 Δlog(ℓ) = -0.268670974552748
 Δβ/SD[β] = 0.110483825409286 0.0722850786912349 -0.00912375279321041 0.0645375054230162 -0.0520575500458193 -0.0836587764883356
Maximizing likelihood @ n=2048×2890=5918720
 SD[log(ℓ)] = 0.252467358070949
 Δlog(ℓ) = 0.0317651061317008
 Δβ/SD[β] = 0.0580030692826727 0.0377062789415641 -0.0391850984783641 -0.00866008105079997 -0.0024565833219016 -0.067093479503423
Maximizing likelihood @ n=4096×2890=11837440
 SD[log(ℓ)] = 0.178609195806053
 Δlog(ℓ) = -0.0503917860926606
 Δβ/SD[β] = 0 0 0 0 0 0
Calculating Hessian
Starting buffer 750 
Maximizing likelihood @ n=1×2890=2890
 SD[log(ℓ)] = 8.45230596095768
 Δlog(ℓ) = Inf
 Δβ/SD[β] = -3.44823225157745 0.576294470186239 -0.0882748514200205 -48.3425677518066 -5.78847937296018 1.08159326788028
Maximizing likelihood @ n=2×2890=5780
 SD[log(ℓ)] = 6.78133932446022
 Δlog(ℓ) = 17.7946003557502
 Δβ/SD[β] = 8.80987330747527e-05 0.0162549470316198 0.000257216845873174 -0.1336780925789 0.194372354950828 0.0123225475592259
Maximizing likelihood @ n=4×2890=11560
 SD[log(ℓ)] = 5.08377200589591
 Δlog(ℓ) = 5.15398600182198
 Δβ/SD[β] = 0.000274209838894106 0.0276839596989395 0.000808957352661173 0.0195437036327369 0.0859304655981286 0.027626094546561
Maximizing likelihood @ n=8×2890=23120
 SD[log(ℓ)] = 3.59793678840493
 Δlog(ℓ) = 7.17922125963219
 Δβ/SD[β] = 0 0 0 0 0 0
Maximizing likelihood @ n=16×2890=46240
 SD[log(ℓ)] = 2.80762022658911
 Δlog(ℓ) = 7.30635381249178
 Δβ/SD[β] = 0.310256629470675 -0.154673171367759 0.30187623030316 -0.856719915324724 0.508349856460822 -0.0622404858378815
Maximizing likelihood @ n=32×2890=92480
 SD[log(ℓ)] = 2.00961668272843
 Δlog(ℓ) = 0.878801985885559
 Δβ/SD[β] = -0.000233274185422781 0.00548683934673601 0.00393057158548081 -0.0256312986054623 0.00948015746816003 -0.0016355346877949
Maximizing likelihood @ n=64×2890=184960
 SD[log(ℓ)] = 1.42702005821279
 Δlog(ℓ) = 0.540594715558569
 Δβ/SD[β] = 0.0259947195072062 0.0224610330821973 0.0319256768289998 -0.0736279207053672 0.0103202161046567 0.0241774226366917
Maximizing likelihood @ n=128×2890=369920
 SD[log(ℓ)] = 1.01183762428419
 Δlog(ℓ) = 0.101137510865328
 Δβ/SD[β] = 0.00459180963698185 0.0128920945493585 0.0164301273670977 -0.0560501733896286 -0.0420099379863833 0.0370901021812827
Maximizing likelihood @ n=256×2890=739840
 SD[log(ℓ)] = 0.7153944640902
 Δlog(ℓ) = -0.333702338379624
 Δβ/SD[β] = -0.008599694055879 0.00597979348665695 0.00695308332484648 0.015106958289311 0.0274686090128261 0.014932433418366
Maximizing likelihood @ n=512×2890=1479680
 SD[log(ℓ)] = 0.510124529479041
 Δlog(ℓ) = 0.466500880604713
 Δβ/SD[β] = -0.0180893371621191 0.0114978183593595 0.0300506146057538 -0.00662286335264289 0.0074658487178667 0.140473763271548
Maximizing likelihood @ n=1024×2890=2959360
 SD[log(ℓ)] = 0.358810594712962
 Δlog(ℓ) = 0.12697401172872
 Δβ/SD[β] = -0.00958182712411267 -0.000913849552275246 -0.00478356288644347 0.0314715921529506 -0.017855547297343 0.0190810514602767
Maximizing likelihood @ n=2048×2890=5918720
 SD[log(ℓ)] = 0.25385622756328
 Δlog(ℓ) = -0.106017881939152
 Δβ/SD[β] = -0.00811291501818128 0.00693072864807622 0.0030919775538133 0.0256032764640742 0.00919591010621144 0.00246713897849048
Maximizing likelihood @ n=4096×2890=11837440
 SD[log(ℓ)] = 0.179397394190403
 Δlog(ℓ) = -0.0537622445575039
 Δβ/SD[β] = 0.00680648052274169 0.0028022111795982 -0.00376921019103649 0.00896344545813788 -0.0097360756001638 0.0179679622170168
Calculating Hessian
Maximizing likelihood @ n=1×2890=2890
 SD[log(ℓ)] = 8.20613912340022
 Δlog(ℓ) = Inf
 Δβ/SD[β] = 2.69384282838671 0.842580002490163 -0.427653492880886 -47.0011756043385 -7.37831247810331 -0.400601018221899
Maximizing likelihood @ n=2×2890=5780
 SD[log(ℓ)] = 6.70804003025756
 Δlog(ℓ) = 22.9363389245754
 Δβ/SD[β] = -0.0661386262557411 0.0776171574799377 -0.505278344756958 -0.154116687374174 0.21532972712805 0.300720188221615
Maximizing likelihood @ n=4×2890=11560
 SD[log(ℓ)] = 5.29415647807839
 Δlog(ℓ) = 16.6855109840968
 Δβ/SD[β] = 0.123003032033983 0.0564675003416274 -0.0412768434924023 -0.178264744438278 0.111960008287606 -0.0577068982468543
Maximizing likelihood @ n=8×2890=23120
 SD[log(ℓ)] = 3.89678204705122
 Δlog(ℓ) = 2.51306025103906
 Δβ/SD[β] = -4.19421566595879e-05 -0.000920308726532466 0.00559741334144377 -0.0916568129213632 0.0218471001153344 0.0106351839402374
Maximizing likelihood @ n=16×2890=46240
 SD[log(ℓ)] = 2.78148112074815
 Δlog(ℓ) = 0.55747136223502
 Δβ/SD[β] = -0.00171192300935364 -0.0267953665014643 -0.00165893296012505 -0.0111752143102363 -0.000975749884553497 0.0327927604627273
Maximizing likelihood @ n=32×2890=92480
 SD[log(ℓ)] = 2.01402427062184
 Δlog(ℓ) = 1.23660055786007
 Δβ/SD[β] = -0.0750783473488792 -0.00276874483206086 0.082579724829318 -0.0298815482224142 0.241142000754303 0.119563460141052
Maximizing likelihood @ n=64×2890=184960
 SD[log(ℓ)] = 1.44020955736232
 Δlog(ℓ) = -0.0491124629432989
 Δβ/SD[β] = -0.0324897047194562 -0.0483243731820736 -0.0144050775292455 -0.0289234698262001 -0.00588355163488785 0.210341017079905
Maximizing likelihood @ n=128×2890=369920
 SD[log(ℓ)] = 1.01282894213973
 Δlog(ℓ) = 0.946114355207101
 Δβ/SD[β] = 0.00637764293730788 0.00598065304905247 -0.0108762604344888 0.0224746867277728 0.0191741302631994 0.000125024523336901
Maximizing likelihood @ n=256×2890=739840
 SD[log(ℓ)] = 0.715157705086914
 Δlog(ℓ) = 0.61763566810825
 Δβ/SD[β] = 0.00213976425228034 -0.0111502627800086 0.00452257533469393 0.0494550736707188 0.0125537448440864 0.0304872343690749
Maximizing likelihood @ n=512×2890=1479680
 SD[log(ℓ)] = 0.504404086824455
 Δlog(ℓ) = -0.217106716001666
 Δβ/SD[β] = 0.0869326364863799 -0.0344384218761215 0.0113949009322644 0.0909491878657993 -0.0037327364937178 0.083834310329709
Maximizing likelihood @ n=1024×2890=2959360
 SD[log(ℓ)] = 0.359316939866902
 Δlog(ℓ) = 0.337291567932255
 Δβ/SD[β] = -0.027893988268545 -0.0124665053848008 0.0315482400960202 -0.0409455733308417 0.0341264498346815 0.0127704104423575
Maximizing likelihood @ n=2048×2890=5918720
 SD[log(ℓ)] = 0.254744008994387
 Δlog(ℓ) = 0.286767791296
 Δβ/SD[β] = -0.492959772191009 -0.512881862116643 -0.072160053196206 0.00494731156013969 0.0138854401532742 0.501592319137477
Maximizing likelihood @ n=4096×2890=11837440
 SD[log(ℓ)] = 0.178637192588856
 Δlog(ℓ) = 0.0188266657653458
 Δβ/SD[β] = 0.033156985167243 0.0241238625782393 0.043496639937295 0.01709184878114 -0.130239877811892 0.0730675593864076
Calculating Hessian
Maximizing likelihood @ n=1×2890=2890
 SD[log(ℓ)] = 8.50936511442738
 Δlog(ℓ) = Inf
 Δβ/SD[β] = 2.03734159582273 0.896236802182535 -0.0706740767594143 -47.6651215857186 -6.63723859153396 -0.217746616299251
Maximizing likelihood @ n=2×2890=5780
 SD[log(ℓ)] = 6.7843372176959
 Δlog(ℓ) = 14.7271712349508
 Δβ/SD[β] = -0.126458914721075 0.454297140512349 0.169402085732498 -1.03999014768829 0.872211410088174 0.482090083048052
Maximizing likelihood @ n=4×2890=11560
 SD[log(ℓ)] = 5.1622310944531
 Δlog(ℓ) = 9.19912160641465
 Δβ/SD[β] = -2.20309102744013e-05 -0.00814413157339084 -0.000204221486535305 -0.0915740188407662 0.0934587209582461 0.00374648954489172
Maximizing likelihood @ n=8×2890=23120
 SD[log(ℓ)] = 3.84095518967059
 Δlog(ℓ) = 6.03761642701519
 Δβ/SD[β] = -0.0793310750691762 -0.0614316740273011 0.0058589057982716 0.0192446185795535 0.0617804390013532 0.0618548547079359
Maximizing likelihood @ n=16×2890=46240
 SD[log(ℓ)] = 2.74272907612445
 Δlog(ℓ) = -0.422776677162233
 Δβ/SD[β] = -0.0398735730925164 -0.0653926872500282 0.0244675029625616 -0.0639825407782248 0.19185841864309 0.0356953281853315
Maximizing likelihood @ n=32×2890=92480
 SD[log(ℓ)] = 2.01267830848709
 Δlog(ℓ) = 5.75206846567764
 Δβ/SD[β] = 0.038390208262779 -0.0943833247014812 0.041210701379343 -0.241152335844996 0.195762026450493 0.0573156558162295
Maximizing likelihood @ n=64×2890=184960
 SD[log(ℓ)] = 1.43348023631063
 Δlog(ℓ) = 1.52221352229154
 Δβ/SD[β] = -0.0186442079772632 -0.0187333136714171 0.0198480295301158 -0.00988585398172054 0.0686714596039306 0.0372353443212068
Maximizing likelihood @ n=128×2890=369920
 SD[log(ℓ)] = 1.00889514118069
 Δlog(ℓ) = 0.428208402887179
 Δβ/SD[β] = -0.0408004218306854 -0.0655186042820419 0.0281026698746238 0.102680452931337 0.0283948124495298 0.0536547952501361
Maximizing likelihood @ n=256×2890=739840
 SD[log(ℓ)] = 0.717438691732955
 Δlog(ℓ) = -0.209595174749609
 Δβ/SD[β] = 0.0191731918455173 -0.397590167349759 -0.0260988132432777 -0.0817666961231645 0.0541234958850213 0.279347440771791
Maximizing likelihood @ n=512×2890=1479680
 SD[log(ℓ)] = 0.506257690108176
 Δlog(ℓ) = 0.0953257907800662
 Δβ/SD[β] = 0.0202438228363376 -0.0151893710755462 -0.00536832578755016 0.0169416320348244 -0.0382273521130985 0.0313963149265089
Maximizing likelihood @ n=1024×2890=2959360
 SD[log(ℓ)] = 0.358823197695051
 Δlog(ℓ) = -0.149485790019696
 Δβ/SD[β] = 0.00599510460333135 0.00514666427908 -0.00205959471309973 -0.00808338033675194 0.016464394181408 0.0086317913781614
Maximizing likelihood @ n=2048×2890=5918720
 SD[log(ℓ)] = 0.253177405635195
 Δlog(ℓ) = -0.187332344234761
 Δβ/SD[β] = -0.0340420125800744 -0.0267990321517115 0.0172067096593747 -0.0251071546005923 -0.0526125483283014 0.0950963909596184
Maximizing likelihood @ n=4096×2890=11837440
 SD[log(ℓ)] = 0.179537632067543
 Δlog(ℓ) = 0.279317199909116
 Δβ/SD[β] = -0.0117612440332686 0.0107061917731182 -0.00294046931142771 -0.00494646665583938 0.0404332960042493 0.00632604408326487
Calculating Hessian
Maximizing likelihood @ n=1×2890=2890
 SD[log(ℓ)] = 8.39076129880884
 Δlog(ℓ) = Inf
 Δβ/SD[β] = 5.47386428865028 2.58578277497332 -0.323612251455354 -50.773531309486 -8.24329352830472 -0.0172273500626698
Maximizing likelihood @ n=2×2890=5780
 SD[log(ℓ)] = 6.89491171743301
 Δlog(ℓ) = 19.6493774971804
 Δβ/SD[β] = 0.252761395845547 0.457147410312912 0.150562783209594 -0.298777741041013 1.39296168635958 0.0603251921129755
Maximizing likelihood @ n=4×2890=11560
 SD[log(ℓ)] = 5.27289801933159
 Δlog(ℓ) = 10.3410671536033
 Δβ/SD[β] = 0.310402535121108 -0.349525878580917 0.0500799909078093 -0.873097629857311 0.943322673173976 0.149755085662594
Maximizing likelihood @ n=8×2890=23120
 SD[log(ℓ)] = 3.85627810986179
 Δlog(ℓ) = 3.16772862765916
 Δβ/SD[β] = 0.0750202546068632 0.100166873041124 0.184521484523563 0.0220136301906135 0.03427146262895 0.0688081049193623
Maximizing likelihood @ n=16×2890=46240
 SD[log(ℓ)] = 2.814545130573
 Δlog(ℓ) = 6.08530736920227
 Δβ/SD[β] = 0.0943967693276016 0.00190389304894526 -0.0545154768496067 -0.114771434759799 -0.0175327766194102 0.0734357070708798
Maximizing likelihood @ n=32×2890=92480
 SD[log(ℓ)] = 2.0902013569509
 Δlog(ℓ) = 3.25315295729476
 Δβ/SD[β] = 0.496342648499544 0.482090904443637 0.134477456926612 -0.420153946973843 0.100776323848175 -0.201052091777581
Maximizing likelihood @ n=64×2890=184960
 SD[log(ℓ)] = 1.49066125238229
 Δlog(ℓ) = 0.779067965266108
 Δβ/SD[β] = 0.010207763012493 0.0170615517433225 0.00428937113493094 0.00495115335818722 0.0530681325692729 0.0216273933676053
Maximizing likelihood @ n=128×2890=369920
 SD[log(ℓ)] = 1.06583799263763
 Δlog(ℓ) = 1.34526650269376
 Δβ/SD[β] = 0.04722651823139 0.065785151722308 -0.035446591520769 0.00881563876688827 0.0495725480286181 0.00731389912404589
Maximizing likelihood @ n=256×2890=739840
 SD[log(ℓ)] = 0.753892807395306
 Δlog(ℓ) = -0.571676110109536
 Δβ/SD[β] = -0.00751186400255667 0.014946651526607 -0.0307970090391643 0.0602893806540642 -0.0116163078963096 -0.000669843707601162
Maximizing likelihood @ n=512×2890=1479680
 SD[log(ℓ)] = 0.533017895957245
 Δlog(ℓ) = 0.261400359188173
 Δβ/SD[β] = 0.134361742125679 0.201477075828452 -0.0320407476305032 -0.115796363277062 -0.070938063532734 0.0356341013237003
Maximizing likelihood @ n=1024×2890=2959360
 SD[log(ℓ)] = 0.380818253026259
 Δlog(ℓ) = 0.178719567791575
 Δβ/SD[β] = -0.0342904268646379 0.0573071214568253 7.8503433864837e-05 -0.0510953728093741 0.0379030697696304 0.0352679033172646
Maximizing likelihood @ n=2048×2890=5918720
 SD[log(ℓ)] = 0.267922552903746
 Δlog(ℓ) = -0.31580439212172
 Δβ/SD[β] = 0.00225057691493973 0.0310681598182374 -0.00255000079210565 0.0557971236607162 -0.0111847124618198 0.017064036865694
Maximizing likelihood @ n=4096×2890=11837440
 SD[log(ℓ)] = 0.189842151888665
 Δlog(ℓ) = 0.00800285950336388
 Δβ/SD[β] = -0.0162267489513577 0.0889139417857362 0.0254963730593517 -0.0188584638800572 0.00781656430259134 -0.00535686030788556
Calculating Hessian
Starting buffer 1500 
Maximizing likelihood @ n=1×2890=2890
 SD[log(ℓ)] = 7.68363160386901
 Δlog(ℓ) = Inf
 Δβ/SD[β] = -8.22753162633145 0.894877030028188 -0.237378475767722 -52.8664787360499 -5.9445719998575 1.1224331063344
Maximizing likelihood @ n=2×2890=5780
 SD[log(ℓ)] = 6.53497536088246
 Δlog(ℓ) = 25.8310970121569
 Δβ/SD[β] = -0.120144074361245 -0.212679222720005 0.165461835558603 -0.851325657405144 0.496244507305111 -0.0986072445776696
Maximizing likelihood @ n=4×2890=11560
 SD[log(ℓ)] = 5.00873137146423
 Δlog(ℓ) = 11.091978648852
 Δβ/SD[β] = 0.00368296234830724 -0.190398835175987 -0.140556379263531 -0.113149067018824 0.320793353571761 0.0225405544783969
Maximizing likelihood @ n=8×2890=23120
 SD[log(ℓ)] = 3.82375527869791
 Δlog(ℓ) = 12.8062416481482
 Δβ/SD[β] = 0.125225399131953 0.136138903088389 0.145655622278256 -0.596690635336436 0.346925458417728 -0.130960889711871
Maximizing likelihood @ n=16×2890=46240
 SD[log(ℓ)] = 2.75429999499195
 Δlog(ℓ) = 2.73879124384484
 Δβ/SD[β] = -0.0556659155765486 -0.0343873566003302 0.0248764183168559 -0.24732599352108 0.0796778117734311 0.0641389705387784
Maximizing likelihood @ n=32×2890=92480
 SD[log(ℓ)] = 1.97258125489156
 Δlog(ℓ) = 0.982515566093667
 Δβ/SD[β] = -0.030233736306743 -0.0416520064306675 -0.0243272878607248 0.139960857607355 0.139647782635049 0.103990115533723
Maximizing likelihood @ n=64×2890=184960
 SD[log(ℓ)] = 1.42811033428667
 Δlog(ℓ) = 4.05178382024113
 Δβ/SD[β] = 0.029123446947372 -0.0619799752413109 -0.012632261843579 -0.205357003418766 0.0871207209136699 0.127202949147594
Maximizing likelihood @ n=128×2890=369920
 SD[log(ℓ)] = 1.01295130935391
 Δlog(ℓ) = -0.181815158209076
 Δβ/SD[β] = 0.0103697195059148 -0.00343316115368782 0.00991450509883122 0.0082438241896019 0.049184345653858 0.0145651911586961
Maximizing likelihood @ n=256×2890=739840
 SD[log(ℓ)] = 0.718491114467261
 Δlog(ℓ) = 0.493692417547891
 Δβ/SD[β] = -0.0124117364987117 0.0161891513417161 -0.000669389108569526 -0.0208750731880193 0.0295724848954448 0.0230105796045092
Maximizing likelihood @ n=512×2890=1479680
 SD[log(ℓ)] = 0.509977463892268
 Δlog(ℓ) = 0.289552220186721
 Δβ/SD[β] = 0.00206828170302952 -0.00625591065224555 0.0180055592214124 -0.0409876189821887 0.00540263370346764 0.0425682331274128
Maximizing likelihood @ n=1024×2890=2959360
 SD[log(ℓ)] = 0.35895142345125
 Δlog(ℓ) = -0.00355352200463699
 Δβ/SD[β] = 0.00038052460726526 0.0151762310049902 0.0126349065835523 0.030396623433237 -0.00946873234841959 -0.000472037849599283
Maximizing likelihood @ n=2048×2890=5918720
 SD[log(ℓ)] = 0.253493339436313
 Δlog(ℓ) = -0.392615014967049
 Δβ/SD[β] = 0 0 0 0 0 0
Maximizing likelihood @ n=4096×2890=11837440
 SD[log(ℓ)] = 0.178517570289597
 Δlog(ℓ) = 0.154486947172188
 Δβ/SD[β] = -0.0432037419401412 -0.0315860110685346 0.0360257957792366 0.037351886722094 -0.0198865948335489 0.330099031888727
Calculating Hessian
Maximizing likelihood @ n=1×2890=2890
 SD[log(ℓ)] = 7.91439052767246
 Δlog(ℓ) = Inf
 Δβ/SD[β] = 4.07447713640309 0.509993476630828 -0.317501629028853 -48.3859491256557 -4.92117087358674 0.338354721003586
Maximizing likelihood @ n=2×2890=5780
 SD[log(ℓ)] = 6.22876451594399
 Δlog(ℓ) = 11.8840475487771
 Δβ/SD[β] = 0.0865060344902931 -0.141096850573261 -0.0106046203270593 -0.193467749905649 0.146769963589571 0.262813448190509
Maximizing likelihood @ n=4×2890=11560
 SD[log(ℓ)] = 5.10860789097247
 Δlog(ℓ) = 24.0035660346106
 Δβ/SD[β] = 5.60511423394089e-06 0.011759770281311 0.00193977183943224 -0.251490494616758 0.135630413387727 0.00790596892642512
Maximizing likelihood @ n=8×2890=23120
 SD[log(ℓ)] = 3.7452859676437
 Δlog(ℓ) = 4.59443872526018
 Δβ/SD[β] = 0.0369277308504747 0.13034724211755 -0.0865178142179951 -0.0105038693198169 0.370813679799518 0.0694253492691218
Maximizing likelihood @ n=16×2890=46240
 SD[log(ℓ)] = 2.75432735182299
 Δlog(ℓ) = 6.01874657928386
 Δβ/SD[β] = -0.00641059269214413 -0.00726739113432838 0.0161990973716592 -0.0324225101509026 0.038646873513613 -0.00267904118120105
Maximizing likelihood @ n=32×2890=92480
 SD[log(ℓ)] = 2.00212149677219
 Δlog(ℓ) = 5.48769519049623
 Δβ/SD[β] = 0.00450483204835717 0.0379316341800098 0.0217143639211331 -0.0636572425928143 0.0159576560601473 0.0900368990948037
Maximizing likelihood @ n=64×2890=184960
 SD[log(ℓ)] = 1.41846897063182
 Δlog(ℓ) = -1.15388167671043
 Δβ/SD[β] = -0.0340184534302126 -0.0118967457512279 -0.0651611755297265 -0.107295772464183 0.0354101132045819 0.146515749406389
Maximizing likelihood @ n=128×2890=369920
 SD[log(ℓ)] = 1.00037035975575
 Δlog(ℓ) = -0.906158107553551
 Δβ/SD[β] = 0.0183095954694523 -0.0101916997463547 0.0186862988287744 0.00127061770505115 -0.0473866497709875 -0.00286812100835267
Maximizing likelihood @ n=256×2890=739840
 SD[log(ℓ)] = 0.713751378504433
 Δlog(ℓ) = 1.8994832291464
 Δβ/SD[β] = -0.0186573049929282 0.0105311337979879 0.0350884382428542 -0.0465039503006053 0.0518731696107552 0.0200899102033911
Maximizing likelihood @ n=512×2890=1479680
 SD[log(ℓ)] = 0.506449892606194
 Δlog(ℓ) = 0.737054856244242
 Δβ/SD[β] = 2.32634051913209e-06 0.00136965531694551 0.000677343547914707 -0.00839319094717707 0.00224329349515753 0.00537481338821926
Maximizing likelihood @ n=1024×2890=2959360
 SD[log(ℓ)] = 0.356920509560875
 Δlog(ℓ) = -0.393066688089334
 Δβ/SD[β] = 0.0181610421418629 0.00577082889334667 0.0150544538730945 -0.00357822724907187 -0.0451991429636912 0.0401342565482472
Maximizing likelihood @ n=2048×2890=5918720
 SD[log(ℓ)] = 0.253071223754281
 Δlog(ℓ) = 0.345966331400007
 Δβ/SD[β] = -0.0112360289994793 0.00670626197573292 0.0147262683679455 -0.00967208210511351 0.0335865475515442 0.0145131676712287
Maximizing likelihood @ n=4096×2890=11837440
 SD[log(ℓ)] = 0.179048700123044
 Δlog(ℓ) = -0.0380174754994869
 Δβ/SD[β] = 0 0 0 0 0 0
Calculating Hessian
Maximizing likelihood @ n=1×2890=2890
 SD[log(ℓ)] = 8.35897502232388
 Δlog(ℓ) = Inf
 Δβ/SD[β] = -1.39268594767543 1.1259554268656 0.369469234959339 -45.9506231577353 -4.47676630887224 0.870037871984772
Maximizing likelihood @ n=2×2890=5780
 SD[log(ℓ)] = 6.73459174973301
 Δlog(ℓ) = 17.1208092605878
 Δβ/SD[β] = -0.0378448015247435 -0.1961050110152 0.150179841375413 -0.318269087524147 0.160331650593415 -0.00445338248577876
Maximizing likelihood @ n=4×2890=11560
 SD[log(ℓ)] = 5.17789078934428
 Δlog(ℓ) = 14.8479852066662
 Δβ/SD[β] = -0.0160715266349902 -0.0129210348442367 0.0967347330642695 -0.498381483818839 0.663889584478571 0.117879460110994
Maximizing likelihood @ n=8×2890=23120
 SD[log(ℓ)] = 3.75881265797095
 Δlog(ℓ) = -0.267794446720984
 Δβ/SD[β] = -0.0177839673568525 -0.0316351954348304 -0.0493580606610784 -0.071895384410847 0.142234617306538 0.0669577227900958
Maximizing likelihood @ n=16×2890=46240
 SD[log(ℓ)] = 2.74179538143108
 Δlog(ℓ) = 5.95491783807802
 Δβ/SD[β] = 0.145047173099348 -0.0344514703853925 0.0083581574562325 -0.198436697626074 0.182598396187608 0.0735378393432756
Maximizing likelihood @ n=32×2890=92480
 SD[log(ℓ)] = 1.97984373660779
 Δlog(ℓ) = 3.14563090237039
 Δβ/SD[β] = 0.0586421501082274 -0.0200208830414371 0.0603817546659576 -0.0623337817742828 0.00916263561995678 -0.0218641171002262
Maximizing likelihood @ n=64×2890=184960
 SD[log(ℓ)] = 1.41590396604433
 Δlog(ℓ) = 1.03718547939937
 Δβ/SD[β] = 0.064288953324185 -0.0431692752065576 -0.0214234707843612 -0.232465819902401 0.022138343481676 0.0261406871009331
Maximizing likelihood @ n=128×2890=369920
 SD[log(ℓ)] = 1.00884423331464
 Δlog(ℓ) = 0.476796212376371
 Δβ/SD[β] = 0.264713628563774 -0.333227102120669 -0.276488647654099 -0.0653898294748009 0.0936289359031104 0.374969562920036
Maximizing likelihood @ n=256×2890=739840
 SD[log(ℓ)] = 0.715423315817587
 Δlog(ℓ) = -0.0951977301530462
 Δβ/SD[β] = -0.00493606776759992 -0.0190753101399275 0.00239678436392368 -0.0612397603677196 -0.0250840370766239 -0.0235441242784788
Maximizing likelihood @ n=512×2890=1479680
 SD[log(ℓ)] = 0.505302001794905
 Δlog(ℓ) = -0.219733889597251
 Δβ/SD[β] = 0.00453683603124523 -0.00850372191592785 -0.00136224716198866 0.0436327469455565 0.00833995266058207 0.0231255530023713
Maximizing likelihood @ n=1024×2890=2959360
 SD[log(ℓ)] = 0.358507478796851
 Δlog(ℓ) = 0.602916584290256
 Δβ/SD[β] = 0.0284408750045033 0.00293950320127153 -0.0181948340018808 -0.0389579274456441 -0.00258853314633149 0.00822411977597245
Maximizing likelihood @ n=2048×2890=5918720
 SD[log(ℓ)] = 0.254420166844397
 Δlog(ℓ) = 0.312989692553344
 Δβ/SD[β] = -0.0218859332285768 0.032658258339195 -0.042329113203627 -0.0138843409748292 0.0386033358015568 0.0396962446190267
Maximizing likelihood @ n=4096×2890=11837440
 SD[log(ℓ)] = 0.179407138675167
 Δlog(ℓ) = 0.192538934548907
 Δβ/SD[β] = 0.0223511956951415 -0.0056579371796691 -0.0299304881560591 8.10659810569547e-05 -0.0340409932349191 0.0214511607187306
Calculating Hessian
Maximizing likelihood @ n=1×2890=2890
 SD[log(ℓ)] = 8.69276749519524
 Δlog(ℓ) = Inf
 Δβ/SD[β] = -2.48773047703384 -0.0678018547450584 -0.0615237639651525 -1.13554421454541 -0.290805956187583 0.0260197400572677
Maximizing likelihood @ n=2×2890=5780
 SD[log(ℓ)] = 7.29060916410336
 Δlog(ℓ) = 29.9301948910513
 Δβ/SD[β] = -4.7799386824595 -8.45823991911639 -4.34468037792182 1.70508610015765 1.0990651467913 -0.125930675759134
Maximizing likelihood @ n=4×2890=11560
 SD[log(ℓ)] = 5.98558909148246
 Δlog(ℓ) = 16.0222614733793
 Δβ/SD[β] = -0.443706889028226 -0.460918719512661 -0.397713276244486 1.06788633165165 0.131115275859359 0.197869582554307
Maximizing likelihood @ n=8×2890=23120
 SD[log(ℓ)] = 4.34925677170499
 Δlog(ℓ) = 7.32322293134851
 Δβ/SD[β] = -0.0383167499568149 -0.0450464609276921 0.0685360473478478 -0.0416737895433328 0.0281654532107118 0.0013331317613159
Maximizing likelihood @ n=16×2890=46240
 SD[log(ℓ)] = 3.19478622887611
 Δlog(ℓ) = 3.51485368123554
 Δβ/SD[β] = -0.262062146775381 -0.286384203918432 -0.189781036842473 -0.162462985286122 0.33383702114104 0.15729496525685
Maximizing likelihood @ n=32×2890=92480
 SD[log(ℓ)] = 2.31714879413286
 Δlog(ℓ) = 2.60664365481114
 Δβ/SD[β] = -0.32715480498934 -0.30070917635884 -0.288709633166492 -0.0309071583585124 0.251813562127654 0.519359553004573
Maximizing likelihood @ n=64×2890=184960
 SD[log(ℓ)] = 1.63579819499888
 Δlog(ℓ) = -0.796058628190735
 Δβ/SD[β] = -0.0568503845985194 -0.130088832592165 0.0712386827394556 0.0553920421221073 -0.0597220766704336 -0.0405091567600079
Maximizing likelihood @ n=128×2890=369920
 SD[log(ℓ)] = 1.1638951423369
 Δlog(ℓ) = -0.144490268088617
 Δβ/SD[β] = 0.0362163467304961 -0.0123785049716147 0.0407591709363887 0.00475031006284057 0.0391808474051642 0.048403443929032
Maximizing likelihood @ n=256×2890=739840
 SD[log(ℓ)] = 0.823183674145443
 Δlog(ℓ) = 0.539115432166881
 Δβ/SD[β] = -0.0418518861669839 -0.0170224662493136 0.018052850643403 -0.00410358804722895 0.014626302364464 0.0232695973150034
Maximizing likelihood @ n=512×2890=1479680
 SD[log(ℓ)] = 0.583367027371294
 Δlog(ℓ) = -0.304791715591733
 Δβ/SD[β] = 0.00231736466334264 -0.00439842747732682 -0.00869592536582028 0.0164687431623694 0.00210893232974156 0.0262638366843304
Maximizing likelihood @ n=1024×2890=2959360
 SD[log(ℓ)] = 0.412570991430095
 Δlog(ℓ) = 0.445552164352421
 Δβ/SD[β] = -0.058858138252628 0.0372265273953673 0.0108380768551544 -0.0240669321400603 -0.0254406059123035 0.0267637553193036
Maximizing likelihood @ n=2048×2890=5918720
 SD[log(ℓ)] = 0.292246227195467
 Δlog(ℓ) = -0.241318742132137
 Δβ/SD[β] = -0.0445328134090139 0.0200843973675492 0.0505485549369985 0.107015565976693 0.0158418074249591 0.205196500018231
Maximizing likelihood @ n=4096×2890=11837440
 SD[log(ℓ)] = 0.206275876520744
 Δlog(ℓ) = -0.0840324488994497
 Δβ/SD[β] = 0.0353018805327981 -0.0358690392309708 -0.0338212012320394 -0.0248312405602515 -0.00807136804776447 0.0430105909655256
Calculating Hessian
There were 14 warnings (use warnings() to see them)
Script complete
Sat Nov 16 03:36:39 MST 2024
