Fri Nov 15 23:29:11 MST 2024
Initiating script
── Attaching core tidyverse packages ──────────────────────── tidyverse 2.0.0 ──
✔ dplyr     1.1.4     ✔ readr     2.1.5
✔ forcats   1.0.0     ✔ stringr   1.5.1
✔ ggplot2   3.5.1     ✔ tibble    3.2.1
✔ lubridate 1.9.3     ✔ tidyr     1.3.1
✔ purrr     1.0.2     
── Conflicts ────────────────────────────────────────── tidyverse_conflicts() ──
✖ ggplot2::annotate() masks ctmm::annotate()
✖ dplyr::filter()     masks stats::filter()
✖ dplyr::lag()        masks stats::lag()
ℹ Use the conflicted package (<http://conflicted.r-lib.org/>) to force all conflicts to become errors
Linking to GEOS 3.9.5, GDAL 3.8.5, PROJ 9.4.0; sf_use_s2() is TRUE
Loading required package: sp

Attaching package: ‘raster’

The following object is masked from ‘package:dplyr’:

    select

The following objects are masked from ‘package:ctmm’:

    projection, projection<-

terra 1.7.78

Attaching package: ‘terra’

The following object is masked from ‘package:tidyr’:

    extract

The following objects are masked from ‘package:ctmm’:

    distance, meta

[1] "/home/u15/mmercer3/proj/habitat_analysis_class/Final/Model_Fit_Results/Morgan_rr.Rda"
     [,1]                                
[1,] "Data loaded at 2024-11-15 23:29:21"
Reading layer `major' from data source 
  `/home/u15/mmercer3/proj/habitat_analysis_class/Final/Major_Roads' 
  using driver `ESRI Shapefile'
Simple feature collection with 411 features and 7 fields
Geometry type: LINESTRING
Dimension:     XY
Bounding box:  xmin: 477946 ymin: 3545735 xmax: 511807.9 ymax: 3592212
Projected CRS: WGS 84 / UTM zone 12N
     [,1]                                 
[1,] "Roads loaded at 2024-11-15 23:29:21"
Default grid size of 51.4166666666667 minutes chosen for bandwidth(...,fast=TRUE).
|---------|---------|---------|---------|=========================================                                          [1] 1681968
[1] 1681968
Starting buffer 30 
Maximizing likelihood @ n=1×3390=3390
 SD[log(ℓ)] = 5.66231207354904
 Δlog(ℓ) = Inf
 Δβ/SD[β] = 7.18633172522796 0.558608120188574 -0.469565104699395 -58.1903557086253 -22.5492816242983 0.996167269037282
Maximizing likelihood @ n=2×3390=6780
 SD[log(ℓ)] = 4.89415603530076
 Δlog(ℓ) = 10.0785526795138
 Δβ/SD[β] = 0.823534744864065 0.831017977958456 -0.31906190442711 -0.790749585661342 1.23859049998344 0.490562728647181
Maximizing likelihood @ n=4×3390=13560
 SD[log(ℓ)] = 3.96901792975546
 Δlog(ℓ) = 8.50907322571765
 Δβ/SD[β] = 0.538727669987071 0.161135719940011 0.13847211966262 -0.673510783695739 0.822397793195742 0.14915928591352
Maximizing likelihood @ n=8×3390=27120
 SD[log(ℓ)] = 2.87523835760604
 Δlog(ℓ) = -0.504501040660315
 Δβ/SD[β] = 0.240615834218277 0.319429978041931 0.0768268595152221 -0.00890921470825549 0.145619471765002 0.333523635295754
Maximizing likelihood @ n=16×3390=54240
 SD[log(ℓ)] = 2.08031412898402
 Δlog(ℓ) = 0.439276382423678
 Δβ/SD[β] = -0.0463165032436914 0.212691076097409 0.277124750187134 -0.0111670601162923 0.0265883888080775 0.150796511099176
Maximizing likelihood @ n=32×3390=108480
 SD[log(ℓ)] = 1.51948521631018
 Δlog(ℓ) = 1.59560390473165
 Δβ/SD[β] = -0.16413224122614 0.177418937979926 0.193921444649509 -0.312001043643013 0.0436657674946916 0.285943475510053
Maximizing likelihood @ n=64×3390=216960
 SD[log(ℓ)] = 1.07623024611073
 Δlog(ℓ) = -0.0121106613030264
 Δβ/SD[β] = 0.0847414183455978 0.0671390851080915 0.0381184944152968 0.0316197049145046 0.0250778138252259 0.0533585890698127
Maximizing likelihood @ n=128×3390=433920
 SD[log(ℓ)] = 0.769817726430237
 Δlog(ℓ) = 1.2480795972486
 Δβ/SD[β] = 0.068263707222193 0.134544566952857 -0.027686907451936 -0.0232646311222051 0.0401738545429609 -0.00924805940355386
Maximizing likelihood @ n=256×3390=867840
 SD[log(ℓ)] = 0.551667798374626
 Δlog(ℓ) = 0.796240086992469
 Δβ/SD[β] = -0.0848178465525901 0.320779170622824 0.00690372868444697 -0.126618450264163 0.0403745749275729 0.0724624312305611
Maximizing likelihood @ n=512×3390=1735680
 SD[log(ℓ)] = 0.388288727075554
 Δlog(ℓ) = -0.131649557736168
 Δβ/SD[β] = 0.0319655116806895 0.0542313438244503 0.0163528835258177 0.0632908219125874 -0.00453875338451446 0.0198687477311746
Maximizing likelihood @ n=1024×3390=3471360
 SD[log(ℓ)] = 0.274689298441647
 Δlog(ℓ) = -0.302458174892692
 Δβ/SD[β] = 0.0146596295272784 0.0110597252838442 0.013401378985773 -0.00417658673420568 -0.0271695469258503 0.00483320920893706
Maximizing likelihood @ n=2048×3390=6942720
 SD[log(ℓ)] = 0.195259427719776
 Δlog(ℓ) = 0.116268451169219
 Δβ/SD[β] = 0.00596308254724681 0.0217418615083257 0.00202259592400852 -0.0247327253351995 0.0291235178011514 0.0633299412772685
Maximizing likelihood @ n=4096×3390=13885440
 SD[log(ℓ)] = 0.137869195585409
 Δlog(ℓ) = 0.281805591675422
 Δβ/SD[β] = 0.00643040941468829 0.0056678106502796 0.0174819290285293 0.0175827287462479 -0.0130974578514118 0.0295128020616167
Calculating Hessian
Maximizing likelihood @ n=1×3390=3390
 SD[log(ℓ)] = 5.5538564087974
 Δlog(ℓ) = Inf
 Δβ/SD[β] = -9.67662703780251 1.70837805380877 -1.32641677188021 -51.9459942807435 -23.4734575087303 2.40823783660223
Maximizing likelihood @ n=2×3390=6780
 SD[log(ℓ)] = 4.3009745555061
 Δlog(ℓ) = -0.352657869486215
 Δβ/SD[β] = -0.101316244027801 -0.137021299936068 0.494684556604102 -0.210737489037678 0.727731654586645 -0.21080261767671
Maximizing likelihood @ n=4×3390=13560
 SD[log(ℓ)] = 3.69934029856014
 Δlog(ℓ) = 12.7137130200687
 Δβ/SD[β] = 0.118710118430082 0.389349826920799 0.111096139291917 -1.52600782484132 0.990456146149662 0.26403410698264
Maximizing likelihood @ n=8×3390=27120
 SD[log(ℓ)] = 2.81280492143427
 Δlog(ℓ) = 3.59392949431636
 Δβ/SD[β] = -0.262919322929267 0.569240634235294 0.29241293470085 -0.28733875696233 0.365034107776196 0.282920804638766
Maximizing likelihood @ n=16×3390=54240
 SD[log(ℓ)] = 2.06085538051434
 Δlog(ℓ) = 1.41898829779778
 Δβ/SD[β] = -0.000847739353128601 -0.0679451092137898 0.189715447152529 -0.512039609979886 0.0934915402583887 -0.211476291157029
Maximizing likelihood @ n=32×3390=108480
 SD[log(ℓ)] = 1.44813820154169
 Δlog(ℓ) = -1.31746371906767
 Δβ/SD[β] = -0.0378414890574172 -0.0875079744221678 0.060111066515172 0.0781767312280403 -0.00890984194734128 0.055080562078974
Maximizing likelihood @ n=64×3390=216960
 SD[log(ℓ)] = 1.06476721713293
 Δlog(ℓ) = 3.01525758519443
 Δβ/SD[β] = -0.0372319059538134 -0.000537211364997951 0.0925724062593814 -0.367104438684112 0.15917439880042 0.154198943178941
Maximizing likelihood @ n=128×3390=433920
 SD[log(ℓ)] = 0.758060870343399
 Δlog(ℓ) = 0.537223319819887
 Δβ/SD[β] = -0.0306646427153324 -0.0685042684652164 -0.0227411860267239 -0.0948570290685316 -0.00601301523573787 0.0691743583728346
Maximizing likelihood @ n=256×3390=867840
 SD[log(ℓ)] = 0.542204609928966
 Δlog(ℓ) = 0.905704945261938
 Δβ/SD[β] = -0.00071995258936598 -0.00150652458866459 0.0120327709611165 -0.0584873164651216 0.0259739800010046 0.00294900175992144
Maximizing likelihood @ n=512×3390=1735680
 SD[log(ℓ)] = 0.385770703473397
 Δlog(ℓ) = 0.230629733524573
 Δβ/SD[β] = 0.023191518737091 0.000967755999530633 0.00720618670026949 -0.0116593383279319 0.0525238614810276 -0.023511701606842
Maximizing likelihood @ n=1024×3390=3471360
 SD[log(ℓ)] = 0.270958351579
 Δlog(ℓ) = -0.189368484719196
 Δβ/SD[β] = 0.113112234405676 -0.0606568576782352 0.0499297410188791 0.0417928194368889 -0.00197755991622149 -0.106689557318196
Maximizing likelihood @ n=2048×3390=6942720
 SD[log(ℓ)] = 0.191822086391726
 Δlog(ℓ) = -0.223496425012506
 Δβ/SD[β] = 0.0149326751404332 -0.00889834914461293 0.00856817745228985 -0.0325427524903224 -0.0283556565970527 -0.00119734245157683
Maximizing likelihood @ n=4096×3390=13885440
 SD[log(ℓ)] = 0.135641309005262
 Δlog(ℓ) = 0.11229736221668
 Δβ/SD[β] = 0.141889057527536 -0.0259166764052837 -0.0435011095264416 -0.00990872003727928 0.00679437496843183 0.030527712077639
Calculating Hessian
Maximizing likelihood @ n=1×3390=3390
 SD[log(ℓ)] = 5.05298770140185
 Δlog(ℓ) = Inf
 Δβ/SD[β] = -1.24419508642031 0.025397191106742 -0.0149585186184552 -1.10194077860149 -0.798502237033083 0.0177491964866585
Maximizing likelihood @ n=2×3390=6780
 SD[log(ℓ)] = 4.86486697770344
 Δlog(ℓ) = 16.0722551251073
 Δβ/SD[β] = -2.74085753157458 -0.052916195354847 -0.0138160259134831 -1.03180942770795 1.78570990360047 1.20927873073563
Maximizing likelihood @ n=4×3390=13560
 SD[log(ℓ)] = 3.987432143144
 Δlog(ℓ) = 10.6097485913747
 Δβ/SD[β] = -0.0396882337409103 0.5505630026753 0.204446686977395 -0.913825971958902 1.03995266869699 0.362924531827597
Maximizing likelihood @ n=8×3390=27120
 SD[log(ℓ)] = 2.94754906081821
 Δlog(ℓ) = 1.45258530214642
 Δβ/SD[β] = 0.0863691898140102 -0.280968224018245 -0.0361550859606897 -0.527565978456574 0.279727956785733 -0.409741093650841
Maximizing likelihood @ n=16×3390=54240
 SD[log(ℓ)] = 2.15121015751318
 Δlog(ℓ) = 1.33769888085992
 Δβ/SD[β] = 0.00963204729857432 0.18282101361144 0.138281895114481 -0.150577790799999 0.121305744234762 0.217728524525601
Maximizing likelihood @ n=32×3390=108480
 SD[log(ℓ)] = 1.55811397008273
 Δlog(ℓ) = 0.463712008923807
 Δβ/SD[β] = 0.00904392342973643 -0.0249411006186958 -0.0697772189148456 -0.320090965948376 -0.036276707099127 0.342338589177605
Maximizing likelihood @ n=64×3390=216960
 SD[log(ℓ)] = 1.09214596728133
 Δlog(ℓ) = -1.33884362312129
 Δβ/SD[β] = 0.0155268302873266 0.0557934566002269 0.0119602889608074 0.0798004548832029 -0.0296174784619913 -0.0027390575246707
Maximizing likelihood @ n=128×3390=433920
 SD[log(ℓ)] = 0.773296555956001
 Δlog(ℓ) = -0.23033676476409
 Δβ/SD[β] = 0.0241179100192979 -0.00931243324450002 0.00691369116810708 0.0134360579158394 0.021916814761266 0.0273536236044525
Maximizing likelihood @ n=256×3390=867840
 SD[log(ℓ)] = 0.550986960841396
 Δlog(ℓ) = 0.566156792379658
 Δβ/SD[β] = 0.0112543717684203 -0.0518548751798811 0.0617151017193184 -0.142069878025347 -0.0285463973987176 0.0656354621792156
Maximizing likelihood @ n=512×3390=1735680
 SD[log(ℓ)] = 0.391176596299739
 Δlog(ℓ) = -0.134450449061092
 Δβ/SD[β] = -0.00352298871427891 -0.0099604799516332 0.0153223918951253 -0.0492477095645394 0.0010879090994797 0.0322618925602464
Maximizing likelihood @ n=1024×3390=3471360
 SD[log(ℓ)] = 0.275505463587043
 Δlog(ℓ) = 0.268358840961227
 Δβ/SD[β] = 0.0289600092869835 -0.0444621804698053 -0.0125057519760554 0.0200782450264416 -0.026775851516179 0.0743338395542793
Maximizing likelihood @ n=2048×3390=6942720
 SD[log(ℓ)] = 0.19590831846842
 Δlog(ℓ) = 0.162195843280259
 Δβ/SD[β] = -0.00222057965908956 -0.00657724019658485 0.0122631490415154 -0.0448547033736222 0.0223003004176164 0.0123137579628749
Maximizing likelihood @ n=4096×3390=13885440
 SD[log(ℓ)] = 0.138679384169801
 Δlog(ℓ) = 0.1550926475186
 Δβ/SD[β] = 0.00988019177952891 -0.0208285087379557 0.0211062388337313 -0.0017908945728207 0.0181269034071777 -0.00260614248848513
Calculating Hessian
Maximizing likelihood @ n=1×3390=3390
 SD[log(ℓ)] = 5.37971388076925
 Δlog(ℓ) = Inf
 Δβ/SD[β] = 6.95515186442393 2.66831361875707 2.4463193348734 -54.5024452142988 -21.2300279639523 1.43365289636542
Maximizing likelihood @ n=2×3390=6780
 SD[log(ℓ)] = 4.75754012134931
 Δlog(ℓ) = 11.8008142720177
 Δβ/SD[β] = 0.807042873763264 1.48769690044069 0.0992467772119258 -0.709015109816489 1.60999714283694 0.441411146471756
Maximizing likelihood @ n=4×3390=13560
 SD[log(ℓ)] = 3.80224058662847
 Δlog(ℓ) = 7.20672592732689
 Δβ/SD[β] = 1.0574810995348 -0.226112266520747 0.303339630522314 -0.578125272196533 1.33247712109418 -0.374428579177519
Maximizing likelihood @ n=8×3390=27120
 SD[log(ℓ)] = 3.01051755751588
 Δlog(ℓ) = 8.59653708763528
 Δβ/SD[β] = 0.458909666586372 0.334199022937711 0.488987947523981 -1.1112893277795 0.698709627548715 -0.100117061060871
Maximizing likelihood @ n=16×3390=54240
 SD[log(ℓ)] = 2.25535001389217
 Δlog(ℓ) = 4.51441238092576
 Δβ/SD[β] = -0.139054009138796 -0.393067276494302 -0.104590564779681 -0.823034810213682 0.0787859309717744 0.545904125175855
Maximizing likelihood @ n=32×3390=108480
 SD[log(ℓ)] = 1.5954219667076
 Δlog(ℓ) = -0.71953971039531
 Δβ/SD[β] = 0.0732012165015992 0.319639015225404 0.00583975376501103 0.17951971840516 0.0764649140518872 0.0376954325538323
Maximizing likelihood @ n=64×3390=216960
 SD[log(ℓ)] = 1.13279146543766
 Δlog(ℓ) = 0.573873147433233
 Δβ/SD[β] = 0.0401978770642725 0.136208859989373 0.0267742173444026 0.116424993154125 0.101257992960677 0.0104969209743281
Maximizing likelihood @ n=128×3390=433920
 SD[log(ℓ)] = 0.823185227791697
 Δlog(ℓ) = 1.24999657432188
 Δβ/SD[β] = 0.130609667289437 0.101009844804001 0.186906784058636 -0.301121218513998 0.0916364293442221 0.195933260985939
Maximizing likelihood @ n=256×3390=867840
 SD[log(ℓ)] = 0.585376688798122
 Δlog(ℓ) = 0.3100449103231
 Δβ/SD[β] = -0.0333467903299871 0.0286207461829172 -0.0421835881197228 -0.0847126323347388 -0.0379452256364859 0.0252899071700489
Maximizing likelihood @ n=512×3390=1735680
 SD[log(ℓ)] = 0.415219666785934
 Δlog(ℓ) = 0.0428673601321634
 Δβ/SD[β] = -0.0532895677402411 0.0466742868279272 -0.00789309606270855 -0.00727769367436852 0.000851364325829191 0.0256364599539962
Maximizing likelihood @ n=1024×3390=3471360
 SD[log(ℓ)] = 0.291988777935573
 Δlog(ℓ) = 0.155418951112608
 Δβ/SD[β] = 0.0146197041993983 0.0335869759503846 0.00737124378579418 0.00187814582289558 -0.0456403323716747 0.00271570769130563
Maximizing likelihood @ n=2048×3390=6942720
 SD[log(ℓ)] = 0.207220031186098
 Δlog(ℓ) = -0.110185358355025
 Δβ/SD[β] = -0.0355997512738899 0.0321127662952582 0.00309420258238235 0.00592297238249553 0.0334752530786043 0.00686340719767149
Maximizing likelihood @ n=4096×3390=13885440
 SD[log(ℓ)] = 0.146008757497454
 Δlog(ℓ) = -0.104112274578043
 Δβ/SD[β] = 0.0242037809610026 0.0476202598006706 0.0163021182427558 0.0352725033449522 -0.0154385365926924 0.00652833155386848
Calculating Hessian
Starting buffer 750 
Maximizing likelihood @ n=1×3390=3390
 SD[log(ℓ)] = 5.55914130386526
 Δlog(ℓ) = Inf
 Δβ/SD[β] = -2.74516027762551 2.42333871422532 0.0494574594072448 -54.1171738021658 -23.9631569635312 1.72843595024365
Maximizing likelihood @ n=2×3390=6780
 SD[log(ℓ)] = 4.5652984469778
 Δlog(ℓ) = 4.8270061011962
 Δβ/SD[β] = -0.356920261866354 -1.04522346991752 -0.611044372970214 -1.22029991998827 0.671916365602637 0.621915253030585
Maximizing likelihood @ n=4×3390=13560
 SD[log(ℓ)] = 3.60058878850311
 Δlog(ℓ) = 5.51785653402018
 Δβ/SD[β] = -0.100062780627387 -0.0522776254180458 -0.167614638774878 -0.272301814989784 0.736368424844687 0.2125137821109
Maximizing likelihood @ n=8×3390=27120
 SD[log(ℓ)] = 2.76292828901656
 Δlog(ℓ) = 4.86784374387317
 Δβ/SD[β] = -0.238606109304145 0.632403935789811 -0.111348202238232 -0.651543976199927 0.248842582771137 -0.09562011003788
Maximizing likelihood @ n=16×3390=54240
 SD[log(ℓ)] = 2.01538782999841
 Δlog(ℓ) = 0.984001448234451
 Δβ/SD[β] = -0.225020712048799 0.394739639817227 -0.153268113312994 -0.242510135272426 0.0793996590171984 -0.0295454511147541
Maximizing likelihood @ n=32×3390=108480
 SD[log(ℓ)] = 1.46305357094546
 Δlog(ℓ) = 1.45521833215638
 Δβ/SD[β] = -0.0111556582696364 -0.0685555871002487 0.071061745010664 -0.158231955079007 0.182611886983142 0.0244172389829531
Maximizing likelihood @ n=64×3390=216960
 SD[log(ℓ)] = 1.05727084345289
 Δlog(ℓ) = 1.7738294176347
 Δβ/SD[β] = -0.0238830410509873 -0.105716713004336 0.0687661818330365 -0.245691046240738 0.0402664920482892 0.0916661974085769
Maximizing likelihood @ n=128×3390=433920
 SD[log(ℓ)] = 0.749320615613354
 Δlog(ℓ) = -0.297382691441648
 Δβ/SD[β] = 0.00377398855812835 0.037359078061012 -0.000168372692758222 0.0593327901597901 0.0282794032399423 0.0158643553245643
Maximizing likelihood @ n=256×3390=867840
 SD[log(ℓ)] = 0.529634781669343
 Δlog(ℓ) = 0.0505405044472269
 Δβ/SD[β] = -0.0030064681196292 -0.00812529482173445 -0.0298705878448473 -0.0574029166695145 -0.057059037224694 -0.023833725773515
Maximizing likelihood @ n=512×3390=1735680
 SD[log(ℓ)] = 0.376638808320357
 Δlog(ℓ) = 0.0951768774669972
 Δβ/SD[β] = 0.00937393905489006 -0.005293301781188 0.00214903995866064 -0.0334343000055 0.00320360704883843 0.0124754194814509
Maximizing likelihood @ n=1024×3390=3471360
 SD[log(ℓ)] = 0.266566074050149
 Δlog(ℓ) = -0.100927890164471
 Δβ/SD[β] = 0.000230604758995972 0.0114530159793278 -0.0111560290449215 0.0184032910296193 0.010528594885523 -0.00952762416195518
Maximizing likelihood @ n=2048×3390=6942720
 SD[log(ℓ)] = 0.188780499486448
 Δlog(ℓ) = 0.328221036563718
 Δβ/SD[β] = 0.00131519775940496 0.0250722464463239 0.000532040558846649 -0.0454268054819389 -0.0155386436304142 -0.0156254218367003
Maximizing likelihood @ n=4096×3390=13885440
 SD[log(ℓ)] = 0.133750411299044
 Δlog(ℓ) = -0.0290861472696733
 Δβ/SD[β] = 0.000750171464640532 0.00427943580853202 9.82617490120172e-06 -0.00652812504287724 0.00910218971956091 -0.000232296431872165
Calculating Hessian
Maximizing likelihood @ n=1×3390=3390
 SD[log(ℓ)] = 5.27415075092453
 Δlog(ℓ) = Inf
 Δβ/SD[β] = 0.0232727263438319 2.67771839187853 -0.126534399335398 -51.9502668893249 -26.3380524132985 1.68921641076854
Maximizing likelihood @ n=2×3390=6780
 SD[log(ℓ)] = 4.48588871333432
 Δlog(ℓ) = 7.0275055935012
 Δβ/SD[β] = -0.0772739437606091 -0.290713753822967 0.0283929195814784 -0.489335577093558 1.26848315412714 0.250280338011335
Maximizing likelihood @ n=4×3390=13560
 SD[log(ℓ)] = 3.5028592589508
 Δlog(ℓ) = 3.98486758447116
 Δβ/SD[β] = 0.055514977090958 0.12891844499375 -0.00881648780231264 -0.465587817026139 0.44215738994531 0.00902874690662682
Maximizing likelihood @ n=8×3390=27120
 SD[log(ℓ)] = 2.69017948978202
 Δlog(ℓ) = 3.83486647595993
 Δβ/SD[β] = 0.0127971832025038 0.194692146736572 -0.193838850775304 -0.607265643301573 0.319149068171047 0.526275315500255
Maximizing likelihood @ n=16×3390=54240
 SD[log(ℓ)] = 1.98052789423372
 Δlog(ℓ) = 2.63146679812579
 Δβ/SD[β] = -0.00114136033125722 -0.206631629185726 -0.0360138786569934 -0.210764078835358 0.357338744918234 0.0419887725947894
Maximizing likelihood @ n=32×3390=108480
 SD[log(ℓ)] = 1.45308141982933
 Δlog(ℓ) = 2.86992575706292
 Δβ/SD[β] = 0.065007164513242 0.129151102835886 0.108006393568835 -0.0240000135480933 0.184206047613038 0.17035095741779
Maximizing likelihood @ n=64×3390=216960
 SD[log(ℓ)] = 1.04612321782723
 Δlog(ℓ) = 1.33957482913949
 Δβ/SD[β] = -0.0464703044149296 -0.10634069685775 0.0417875786583398 -0.256824298784744 0.0410076324997239 -0.0352248313127371
Maximizing likelihood @ n=128×3390=433920
 SD[log(ℓ)] = 0.750044123245844
 Δlog(ℓ) = 0.638808801638625
 Δβ/SD[β] = 0.000920919599549971 0.00521528605683862 -0.0189632950180828 -0.0643490148635146 0.0363135105917915 -0.0086986190956851
Maximizing likelihood @ n=256×3390=867840
 SD[log(ℓ)] = 0.532311195730951
 Δlog(ℓ) = -0.101755155821394
 Δβ/SD[β] = -0.000624794665141706 -0.00495602491325569 -0.00419335168263956 -0.0497969516206422 -0.014635851577155 0.0176746391452742
Maximizing likelihood @ n=512×3390=1735680
 SD[log(ℓ)] = 0.377803513028024
 Δlog(ℓ) = 0.462690095306407
 Δβ/SD[β] = 0.013474356535016 0.0315222664409358 -0.0425899596154183 -0.0744849944517097 -0.0261976604908139 -0.0437004229270978
Maximizing likelihood @ n=1024×3390=3471360
 SD[log(ℓ)] = 0.267395598690787
 Δlog(ℓ) = 0.00215078871438124
 Δβ/SD[β] = 0.00239490599430949 -0.0118686133547994 -0.00760662936854624 -0.00473347741359191 0.021521803609227 -0.00283737878768132
Maximizing likelihood @ n=2048×3390=6942720
 SD[log(ℓ)] = 0.18966569670638
 Δlog(ℓ) = 0.156417600833592
 Δβ/SD[β] = 0.0130583574835702 -0.0170495365235034 -0.00122908366029633 -0.0312253816511666 0.00163228926607092 -0.0105451422238669
Maximizing likelihood @ n=4096×3390=13885440
 SD[log(ℓ)] = 0.133856270786602
 Δlog(ℓ) = 0.0280838715709137
 Δβ/SD[β] = -0.0311386498084055 -0.0259383159130786 -0.0514924817791501 -0.0115744431017899 -0.0243742625257933 -0.0711015421922673
Calculating Hessian
Maximizing likelihood @ n=1×3390=3390
 SD[log(ℓ)] = 5.23101687586769
 Δlog(ℓ) = Inf
 Δβ/SD[β] = -1.0615830936307 1.46438347413759 0.257231673772539 -52.2760455381255 -24.370623193121 2.45165903192282
Maximizing likelihood @ n=2×3390=6780
 SD[log(ℓ)] = 4.3960842599947
 Δlog(ℓ) = 6.15436901552572
 Δβ/SD[β] = -0.122702091966001 -0.196775154395982 -0.599581728259898 -0.81438127040004 0.733120905840124 0.55359918673176
Maximizing likelihood @ n=4×3390=13560
 SD[log(ℓ)] = 3.75097856610799
 Δlog(ℓ) = 12.5394011194591
 Δβ/SD[β] = -0.123531632251045 0.322118195516432 -0.37295492292111 -1.05954326826623 1.01068352924045 0.111561538335721
Maximizing likelihood @ n=8×3390=27120
 SD[log(ℓ)] = 2.88033576484578
 Δlog(ℓ) = 4.14439839976836
 Δβ/SD[β] = -0.439627488982622 0.370909964879213 -0.729268514573938 -0.127509652732477 0.0403139080646441 -0.0436876545683658
Maximizing likelihood @ n=16×3390=54240
 SD[log(ℓ)] = 2.14418328578472
 Δlog(ℓ) = 3.61242889363086
 Δβ/SD[β] = -0.0947659509634665 0.319064121429717 0.0227287268282634 -0.401578929267277 0.232834581060344 -0.0591607988215725
Maximizing likelihood @ n=32×3390=108480
 SD[log(ℓ)] = 1.50345628323369
 Δlog(ℓ) = -2.10336760682598
 Δβ/SD[β] = -0.116188748281569 -0.123352801753526 -0.147617378063547 0.145103581694368 0.0653907853081994 0.0430413869823867
Maximizing likelihood @ n=64×3390=216960
 SD[log(ℓ)] = 1.07486141956378
 Δlog(ℓ) = 0.678282597116947
 Δβ/SD[β] = -0.0292890474322533 -0.104939367208374 -0.022824069441333 -0.17533628309108 -0.0127015776135158 0.0153032504291467
Maximizing likelihood @ n=128×3390=433920
 SD[log(ℓ)] = 0.757897945072089
 Δlog(ℓ) = -0.747013741239719
 Δβ/SD[β] = 0.0129183321205472 -0.00185925199222551 -0.0135512175138073 0.0307360707200821 -0.00854795470997395 0.0103488277933364
Maximizing likelihood @ n=256×3390=867840
 SD[log(ℓ)] = 0.533971395545704
 Δlog(ℓ) = -0.570068018914419
 Δβ/SD[β] = 0.0079388054955237 0.0140251197578699 -0.00525495304508143 -0.0284134585978669 -0.0473189588552376 -0.0113631321686215
Maximizing likelihood @ n=512×3390=1735680
 SD[log(ℓ)] = 0.37947391711427
 Δlog(ℓ) = 0.354263839045075
 Δβ/SD[β] = -0.01781758389895 0.0131835348539257 -0.00415045499057901 -0.0089737193533623 0.0443890547281253 -0.00656090902311017
Maximizing likelihood @ n=1024×3390=3471360
 SD[log(ℓ)] = 0.268703141627305
 Δlog(ℓ) = 0.0946661843430192
 Δβ/SD[β] = 0.00178631715858872 0.0102930325821506 -0.000573740638410488 -0.011465749830465 0.00557047455085065 -0.0631562045370949
Maximizing likelihood @ n=2048×3390=6942720
 SD[log(ℓ)] = 0.189513938575039
 Δlog(ℓ) = -0.140859585014184
 Δβ/SD[β] = 0.00597286819772229 0.00082534697807303 -0.00432330960016826 0.0146001330836977 -0.0145029509331299 -0.00135385924240077
Maximizing likelihood @ n=4096×3390=13885440
 SD[log(ℓ)] = 0.134077638858126
 Δlog(ℓ) = 0.0477556589942694
 Δβ/SD[β] = -0.00263740846821517 0.00654007209977543 -0.00182824628862087 0.0025591829412036 0.011898105772085 0.00821648306209107
Calculating Hessian
Maximizing likelihood @ n=1×3390=3390
 SD[log(ℓ)] = 5.33745062932343
 Δlog(ℓ) = Inf
 Δβ/SD[β] = 6.50150670453312 3.24730349467866 2.08801661017429 -56.2384913285284 -19.9502393449699 1.59190170782739
Maximizing likelihood @ n=2×3390=6780
 SD[log(ℓ)] = 4.38735664169839
 Δlog(ℓ) = 5.12932096941277
 Δβ/SD[β] = 0.746045134030192 0.343869977996383 0.10510527965735 -1.18164446671337 0.970187525440886 -0.393662405870169
Maximizing likelihood @ n=4×3390=13560
 SD[log(ℓ)] = 3.73086742217726
 Δlog(ℓ) = 12.4681233930991
 Δβ/SD[β] = 0.23109076091967 0.214472134412849 0.166761230006516 -1.33707946367552 1.13320546414437 0.0484756992976593
Maximizing likelihood @ n=8×3390=27120
 SD[log(ℓ)] = 2.86191827509255
 Δlog(ℓ) = 4.69606404782114
 Δβ/SD[β] = 0.577390750371443 0.277385875483648 0.746862977783407 -0.812526219587738 0.640055077855135 0.468342129362944
Maximizing likelihood @ n=16×3390=54240
 SD[log(ℓ)] = 2.0782151453138
 Δlog(ℓ) = 1.03204719116578
 Δβ/SD[β] = -0.156107004620485 -0.0262438445304654 0.17986452017677 -0.136616564190966 0.0396659225221325 -0.00950908609602589
Maximizing likelihood @ n=32×3390=108480
 SD[log(ℓ)] = 1.51521902077942
 Δlog(ℓ) = 3.20059142108101
 Δβ/SD[β] = 0.000164112022957333 0.42980089037261 -0.174296162426593 -0.11807854061655 0.156691148102169 0.201326073183191
Maximizing likelihood @ n=64×3390=216960
 SD[log(ℓ)] = 1.0965851853935
 Δlog(ℓ) = 0.48518648653156
 Δβ/SD[β] = -0.010231244743603 0.00626325724189867 -0.0927782841024123 -0.151966068275681 -0.00256277974024006 0.664846713279266
Maximizing likelihood @ n=128×3390=433920
 SD[log(ℓ)] = 0.782730285329021
 Δlog(ℓ) = 0.310532803633365
 Δβ/SD[β] = 0.0285548450373687 -0.0519529546900436 -0.0830512887649048 -0.0852787859679315 0.0271173893338442 0.116243903608074
Maximizing likelihood @ n=256×3390=867840
 SD[log(ℓ)] = 0.554606483382421
 Δlog(ℓ) = 0.220721694388502
 Δβ/SD[β] = 0.0326761437888412 -0.0273714222700234 -0.014209750290922 -0.00706706645281011 -0.00897170576794724 0.026626602148344
Maximizing likelihood @ n=512×3390=1735680
 SD[log(ℓ)] = 0.392921298672872
 Δlog(ℓ) = 0.151343015342434
 Δβ/SD[β] = -0.0027018526628591 0.00797569089069529 0.00209755237726625 -0.0283548512543471 0.0218047060583122 0.0101827400455613
Maximizing likelihood @ n=1024×3390=3471360
 SD[log(ℓ)] = 0.277150965288627
 Δlog(ℓ) = -0.136485026318937
 Δβ/SD[β] = 0.00178564598490642 0.0286802295125555 0.00448519563020924 0.00682677940932633 -0.0297507731929989 0.023356439230532
Maximizing likelihood @ n=2048×3390=6942720
 SD[log(ℓ)] = 0.196650838584412
 Δlog(ℓ) = 0.272658865814833
 Δβ/SD[β] = -0.0555304963017226 0.0302264618633112 -0.0522021671427511 0.0149757041067638 0.0177455369151129 0.0582755227357152
Maximizing likelihood @ n=4096×3390=13885440
 SD[log(ℓ)] = 0.139193734133253
 Δlog(ℓ) = -0.0973334951373772
 Δβ/SD[β] = 0.033639434276981 -0.024067961675482 -0.0168867360385651 -0.0266850390009504 -0.00261958089726378 -0.0001821659209016
Calculating Hessian
Starting buffer 1500 
Maximizing likelihood @ n=1×3390=3390
 SD[log(ℓ)] = 5.65218045546479
 Δlog(ℓ) = Inf
 Δβ/SD[β] = -5.54337261466108 1.5028561198956 -0.550597861393802 -52.6291801232055 -24.004567376637 1.91379436252221
Maximizing likelihood @ n=2×3390=6780
 SD[log(ℓ)] = 4.43535144533783
 Δlog(ℓ) = 1.37276085261809
 Δβ/SD[β] = 0.169169138809194 -0.427777549632152 0.0895986892527082 -0.0186489859707208 0.190840498634427 0.312401417163307
Maximizing likelihood @ n=4×3390=13560
 SD[log(ℓ)] = 3.78225242440925
 Δlog(ℓ) = 11.0412255934898
 Δβ/SD[β] = 0.182580929817461 0.255428871432419 -0.0115103350856636 -0.294073599538564 0.193955806735035 -0.0546310805716387
Maximizing likelihood @ n=8×3390=27120
 SD[log(ℓ)] = 2.80064959199349
 Δlog(ℓ) = 2.58957439092958
 Δβ/SD[β] = -0.0132989863339283 0.199594196798299 -0.0583145188180951 -0.44453168484004 0.0813701128371687 0.229053431105009
Maximizing likelihood @ n=16×3390=54240
 SD[log(ℓ)] = 2.01758940574113
 Δlog(ℓ) = 0.201568662785412
 Δβ/SD[β] = -0.196902798521554 0.342011307889416 -0.183235298465034 0.0114133423825693 0.0199115649126619 0.0290417971090249
Maximizing likelihood @ n=32×3390=108480
 SD[log(ℓ)] = 1.46001234133001
 Δlog(ℓ) = -0.0986957801937649
 Δβ/SD[β] = -0.472638653362075 0.813268273864995 0.0572555905035226 -0.0188205907804288 0.0732186874979686 -0.222462440922537
Maximizing likelihood @ n=64×3390=216960
 SD[log(ℓ)] = 1.05376803874392
 Δlog(ℓ) = 1.29933505776552
 Δβ/SD[β] = 0.023655268805415 0.00279185970295528 0.0245714414096926 -0.180674287602622 0.0423042855854406 0.0644685837532913
Maximizing likelihood @ n=128×3390=433920
 SD[log(ℓ)] = 0.751348020844479
 Δlog(ℓ) = 0.572724942956647
 Δβ/SD[β] = 0.00807098404714942 0.00104035783349608 -0.0100673076300414 -0.0624236721929322 -0.00391954970848926 0.0553084503874648
Maximizing likelihood @ n=256×3390=867840
 SD[log(ℓ)] = 0.535264964751236
 Δlog(ℓ) = 0.451562592920652
 Δβ/SD[β] = -0.0242581259038533 -0.0210668462798689 0.000686065090423878 -0.0453858809942155 0.0297515509437471 0.0256919494543981
Maximizing likelihood @ n=512×3390=1735680
 SD[log(ℓ)] = 0.380579578922677
 Δlog(ℓ) = 0.710240704216751
 Δβ/SD[β] = 0.00269557075186904 -0.0247529713052282 -0.0295804761403643 0.0169133263053955 0.0695382090427115 0.027859718009503
Maximizing likelihood @ n=1024×3390=3471360
 SD[log(ℓ)] = 0.268805552603598
 Δlog(ℓ) = -0.115400752865369
 Δβ/SD[β] = 0.00673932472798813 0.00337096874828896 -0.0031775113321375 -0.025519396844535 -0.0238026117306043 0.0109056018838907
Maximizing likelihood @ n=2048×3390=6942720
 SD[log(ℓ)] = 0.190393104360548
 Δlog(ℓ) = -0.1546126562396
 Δβ/SD[β] = -0.0227604359650486 -0.0128355184793721 -0.032753952154879 -0.0350254472699832 0.00435297728085822 -0.0298129381611993
Maximizing likelihood @ n=4096×3390=13885440
 SD[log(ℓ)] = 0.134325405789852
 Δlog(ℓ) = 0.0158602479207488
 Δβ/SD[β] = 0.00422102998441547 0.00246177523109513 -0.0125962514754425 0.00681184847755728 -0.00675111468050606 -0.00829783647902874
Calculating Hessian
Maximizing likelihood @ n=1×3390=3390
 SD[log(ℓ)] = 6.3553634946325
 Δlog(ℓ) = Inf
 Δβ/SD[β] = 6.071941315248 2.06654723298546 0.0192624695776875 -45.3048770769115 -20.1981758635258 1.83555515717565
Maximizing likelihood @ n=2×3390=6780
 SD[log(ℓ)] = 4.46245190710506
 Δlog(ℓ) = -10.3615621486684
 Δβ/SD[β] = -0.0706587447853146 0.232596976627764 0.155372476884709 0.0216170448179225 -0.230054096832329 0.339110630886086
Maximizing likelihood @ n=4×3390=13560
 SD[log(ℓ)] = 3.6582883718983
 Δlog(ℓ) = 8.02915557542683
 Δβ/SD[β] = 0.205274829070983 0.260048481095529 -0.0112147302204133 -0.61037381164827 0.777416462165475 0.679795430483487
Maximizing likelihood @ n=8×3390=27120
 SD[log(ℓ)] = 2.81070025158276
 Δlog(ℓ) = 5.20627769234576
 Δβ/SD[β] = 0.109871228569753 0.0838100647002674 0.106216991654849 -0.478120663356601 0.40558571513866 -0.212965441845549
Maximizing likelihood @ n=16×3390=54240
 SD[log(ℓ)] = 2.04662094556169
 Δlog(ℓ) = 0.869474467393559
 Δβ/SD[β] = 0.0274658072873223 -0.286919505957682 0.0736836811951651 -0.0982898679898413 0.0978787749598579 0.393139284335587
Maximizing likelihood @ n=32×3390=108480
 SD[log(ℓ)] = 1.45906817422671
 Δlog(ℓ) = -0.6494732619704
 Δβ/SD[β] = -0.0156919126581577 -0.078658530111651 0.080623553312742 0.0235103298972777 0.055653716379048 0.0812592298769944
Maximizing likelihood @ n=64×3390=216960
 SD[log(ℓ)] = 1.04861096934439
 Δlog(ℓ) = 1.16306110460239
 Δβ/SD[β] = -0.0317987294495726 0.100533345509496 0.00147038541247675 -0.0953120684752062 0.0924115389100915 -0.0906701006142835
Maximizing likelihood @ n=128×3390=433920
 SD[log(ℓ)] = 0.746048183798172
 Δlog(ℓ) = 0.317955883041378
 Δβ/SD[β] = -0.00399174784322755 -0.0314125489434558 0.0057786477855025 -0.0387892114059093 0.0145198326939694 0.0135667562078168
Maximizing likelihood @ n=256×3390=867840
 SD[log(ℓ)] = 0.534625365659362
 Δlog(ℓ) = 1.81032093809561
 Δβ/SD[β] = -0.00651156621008607 -0.00386497780149919 -0.0166401497379231 -0.0169778217741346 0.0148512993287355 0.0159792340487405
Maximizing likelihood @ n=512×3390=1735680
 SD[log(ℓ)] = 0.377966029052646
 Δlog(ℓ) = -0.270347506984216
 Δβ/SD[β] = 0.00914820424281356 0.0231687581257796 -0.0120515953038488 0.0252180080677278 -0.017471417983362 0.0213442444887365
Maximizing likelihood @ n=1024×3390=3471360
 SD[log(ℓ)] = 0.267117954015786
 Δlog(ℓ) = -0.22166924239643
 Δβ/SD[β] = 0.00440409964456022 0.00389133650341079 0.00189656347227346 0.00149365174649748 -0.00910002883508703 0.00846610056536658
Maximizing likelihood @ n=2048×3390=6942720
 SD[log(ℓ)] = 0.18911511616285
 Δlog(ℓ) = 0.0127019785419549
 Δβ/SD[β] = 0.0100161372141884 -0.0152204761780794 -0.00106192870556396 0.00847129688213438 0.0182027596906024 0.00836886440095854
Maximizing likelihood @ n=4096×3390=13885440
 SD[log(ℓ)] = 0.133807705446692
 Δlog(ℓ) = 0.065755054286555
 Δβ/SD[β] = 0.0131633213497414 -0.0231888620264985 0.0101348040082647 -0.0246985526356906 -0.0150290365834313 0.0123425267699796
Calculating Hessian
Maximizing likelihood @ n=1×3390=3390
 SD[log(ℓ)] = 5.79762803277141
 Δlog(ℓ) = Inf
 Δβ/SD[β] = 0.393103506502475 2.01457317998385 -1.06519609535748 -52.5313580733821 -22.0206208921757 1.62915556934906
Maximizing likelihood @ n=2×3390=6780
 SD[log(ℓ)] = 4.71074921774305
 Δlog(ℓ) = 4.10863928271314
 Δβ/SD[β] = 0.0544726582170934 0.403468086040936 0.46556794240758 -0.8098974223739 0.659555064501055 0.746800057297464
Maximizing likelihood @ n=4×3390=13560
 SD[log(ℓ)] = 3.72179415560893
 Δlog(ℓ) = 5.59464611602363
 Δβ/SD[β] = 0.137081392649906 0.0613413998426373 -0.0162223051380297 -0.64986815836241 0.350853018562142 0.163718031359383
Maximizing likelihood @ n=8×3390=27120
 SD[log(ℓ)] = 2.81321999125765
 Δlog(ℓ) = 3.63827086000842
 Δβ/SD[β] = 0.00692568236258653 0.0343369405087131 0.101968287071061 -0.444195209776754 0.290577258359806 -0.171968829110601
Maximizing likelihood @ n=16×3390=54240
 SD[log(ℓ)] = 2.06817973315634
 Δlog(ℓ) = 2.13884939725325
 Δβ/SD[β] = 0.0527067101082071 0.103573693417925 -0.00957770564176919 -0.15688684443534 0.185275537309406 0.32875984781453
Maximizing likelihood @ n=32×3390=108480
 SD[log(ℓ)] = 1.48241446734047
 Δlog(ℓ) = -0.508498191221761
 Δβ/SD[β] = 0.0389650082557827 -0.241161449751893 0.0105424116837275 -0.186383829187112 0.000839234727013698 -0.0465766574039713
Maximizing likelihood @ n=64×3390=216960
 SD[log(ℓ)] = 1.06405970882871
 Δlog(ℓ) = 0.704077659513779
 Δβ/SD[β] = -0.0671489066089735 -0.139685718215731 0.0361193321551253 -0.0739213717579841 0.048562500216922 -0.0387904670553805
Maximizing likelihood @ n=128×3390=433920
 SD[log(ℓ)] = 0.756772250231252
 Δlog(ℓ) = 0.25404750327921
 Δβ/SD[β] = 0.0118955875648204 -0.0597177943103985 0.00124033751668572 0.00709850162572071 0.0772632570120645 0.0127321440529487
Maximizing likelihood @ n=256×3390=867840
 SD[log(ℓ)] = 0.538549445751684
 Δlog(ℓ) = 0.743924916773452
 Δβ/SD[β] = -0.0142508416465287 -0.011559446012045 -0.00910214510550011 -0.0536742256314874 -0.00306254121438751 -0.000573003551855104
Maximizing likelihood @ n=512×3390=1735680
 SD[log(ℓ)] = 0.378941954178716
 Δlog(ℓ) = -0.76604799405424
 Δβ/SD[β] = 0.00799498772278015 0.00230452116714625 -0.00295428993185511 0.0218763900071354 -0.0342337139903237 0.0180939591167861
Maximizing likelihood @ n=1024×3390=3471360
 SD[log(ℓ)] = 0.268255445171918
 Δlog(ℓ) = 0.102428659650464
 Δβ/SD[β] = -0.0096360970434242 -0.00755167311290466 -0.00846298838657434 0.0113153844244377 0.0208077347485456 0.00557927800944876
Maximizing likelihood @ n=2048×3390=6942720
 SD[log(ℓ)] = 0.19004865784655
 Δlog(ℓ) = 0.115837855845875
 Δβ/SD[β] = 0.00310783304552645 -0.00248247193830744 -0.00611842480200497 -0.0115510798682785 0.0118118131382766 -0.00239657574941977
Maximizing likelihood @ n=4096×3390=13885440
 SD[log(ℓ)] = 0.134306752237959
 Δlog(ℓ) = -0.0106232283641745
 Δβ/SD[β] = -0.0026928411392966 -0.027469199842201 -0.0129641293664744 -0.00161426974200366 -0.00286023646449454 0.0105782650171418
Calculating Hessian
Maximizing likelihood @ n=1×3390=3390
 SD[log(ℓ)] = 5.75984306223268
 Δlog(ℓ) = Inf
 Δβ/SD[β] = 0.453433817745674 0.0356942052339591 0.038428938514036 -1.1163306430815 -0.744011292364358 0.0369651158809294
Maximizing likelihood @ n=2×3390=6780
 SD[log(ℓ)] = 4.88560289000704
 Δlog(ℓ) = 8.52494190098072
 Δβ/SD[β] = 1.67024788993081 1.5487823648398 0.555106919482977 -1.23216823277145 1.74723947160374 0.0891386171627858
Maximizing likelihood @ n=4×3390=13560
 SD[log(ℓ)] = 3.87995876561278
 Δlog(ℓ) = 5.49174146880809
 Δβ/SD[β] = -0.122016111789717 0.4169583784356 -0.212612639487907 -0.469153685128467 0.576128018235654 0.393332644277783
Maximizing likelihood @ n=8×3390=27120
 SD[log(ℓ)] = 2.86691735932268
 Δlog(ℓ) = 1.89039229433251
 Δβ/SD[β] = 0.0973416689155652 0.218421231880092 -0.0391390695582167 -0.17272793431971 0.287883010724039 0.204451692138245
Maximizing likelihood @ n=16×3390=54240
 SD[log(ℓ)] = 2.11118876546477
 Δlog(ℓ) = 1.70250721665194
 Δβ/SD[β] = -0.125585048989837 0.0586722222984603 -0.115593361352037 -0.285871264001638 0.131309333960224 0.0887964215647767
Maximizing likelihood @ n=32×3390=108480
 SD[log(ℓ)] = 1.51608230727655
 Δlog(ℓ) = 0.0728976164222885
 Δβ/SD[β] = 0.0252587153266142 0.0294935961370257 -0.0177142363993057 -0.250671921647749 -0.00810508974112874 0.0182905776783907
Maximizing likelihood @ n=64×3390=216960
 SD[log(ℓ)] = 1.08429217992327
 Δlog(ℓ) = 0.232255327434451
 Δβ/SD[β] = -0.0446436663777697 0.0665461757274516 -0.0181526346689976 -0.0763618925800157 0.00188434770010199 0.016566805663298
Maximizing likelihood @ n=128×3390=433920
 SD[log(ℓ)] = 0.768092499252227
 Δlog(ℓ) = -0.313766137218003
 Δβ/SD[β] = 0.0654616106390649 0.149088241257241 -0.0529565204164579 -0.0139951423746708 -0.0760580838095344 -0.010896639606238
Maximizing likelihood @ n=256×3390=867840
 SD[log(ℓ)] = 0.540545803617097
 Δlog(ℓ) = -0.426102456754428
 Δβ/SD[β] = 0.0247853184051752 0.0105695208344201 -0.0106007920685609 0.0913603940310326 -0.00170336781490603 0.0244103358124227
Maximizing likelihood @ n=512×3390=1735680
 SD[log(ℓ)] = 0.382625763475734
 Δlog(ℓ) = -0.413589843958086
 Δβ/SD[β] = 0.0170183367992628 0.0261944337376953 0.0174658287736585 0.0242309237609896 0.0423466737860402 -0.0280285138851117
Maximizing likelihood @ n=1024×3390=3471360
 SD[log(ℓ)] = 0.271262266632753
 Δlog(ℓ) = 0.25086215009587
 Δβ/SD[β] = 0.00719742351101857 0.0104989368560611 -0.0168549274405347 -0.0258385143440478 0.0224374100352972 -0.0312565009741146
Maximizing likelihood @ n=2048×3390=6942720
 SD[log(ℓ)] = 0.191613311660567
 Δlog(ℓ) = -0.0326207836353944
 Δβ/SD[β] = 0.00141400377518394 -0.00184740684086693 -0.00366757815571088 -0.00836591742834003 -0.0173199664649229 -0.00548873643331046
Maximizing likelihood @ n=4096×3390=13885440
 SD[log(ℓ)] = 0.135646708479546
 Δlog(ℓ) = 0.0532465123760559
 Δβ/SD[β] = -0.00965371732416474 0.0189422667200478 -0.00527378037344131 -0.00142794287718519 0.000203551499134539 -0.0150119465239649
Calculating Hessian
There were 14 warnings (use warnings() to see them)
Script complete
Sat Nov 16 04:55:47 MST 2024
