Fri Nov 15 15:54:54 MST 2024
Initiating script
── Attaching core tidyverse packages ──────────────────────── tidyverse 2.0.0 ──
✔ dplyr     1.1.4     ✔ readr     2.1.5
✔ forcats   1.0.0     ✔ stringr   1.5.1
✔ ggplot2   3.5.1     ✔ tibble    3.2.1
✔ lubridate 1.9.3     ✔ tidyr     1.3.1
✔ purrr     1.0.2     
── Conflicts ────────────────────────────────────────── tidyverse_conflicts() ──
✖ ggplot2::annotate() masks ctmm::annotate()
✖ dplyr::filter()     masks stats::filter()
✖ dplyr::lag()        masks stats::lag()
ℹ Use the conflicted package (<http://conflicted.r-lib.org/>) to force all conflicts to become errors
Linking to GEOS 3.9.5, GDAL 3.8.5, PROJ 9.4.0; sf_use_s2() is TRUE
Loading required package: sp

Attaching package: ‘raster’

The following object is masked from ‘package:dplyr’:

    select

The following objects are masked from ‘package:ctmm’:

    projection, projection<-

terra 1.7.78

Attaching package: ‘terra’

The following object is masked from ‘package:tidyr’:

    extract

The following objects are masked from ‘package:ctmm’:

    distance, meta

[1] "/home/u15/mmercer3/proj/habitat_analysis_class/Final/Model_Fit_Results/BobbiJo_rr.Rda"
     [,1]                                
[1,] "Data loaded at 2024-11-15 15:55:06"
Reading layer `major' from data source 
  `/home/u15/mmercer3/proj/habitat_analysis_class/Final/Major_Roads' 
  using driver `ESRI Shapefile'
Simple feature collection with 411 features and 7 fields
Geometry type: LINESTRING
Dimension:     XY
Bounding box:  xmin: 477946 ymin: 3545735 xmax: 511807.9 ymax: 3592212
Projected CRS: WGS 84 / UTM zone 12N
     [,1]                                 
[1,] "Roads loaded at 2024-11-15 15:55:06"
Default grid size of 59.9888888888889 minutes chosen for bandwidth(...,fast=TRUE).
|---------|---------|---------|---------|=========================================                                          [1] 1681968
[1] 1681968
Starting buffer 30 
Maximizing likelihood @ n=1×1718=1718
 SD[log(ℓ)] = 5.86604797434151
 Δlog(ℓ) = Inf
 Δβ/SD[β] = 17.8534869128947 0.880578107142625 0.843777191217609 -36.3738781662585 -19.9673598842585 5.99471307792599
Maximizing likelihood @ n=2×1718=3436
 SD[log(ℓ)] = 4.71807923853893
 Δlog(ℓ) = 1.11976600258333
 Δβ/SD[β] = 0.443418647746127 0.25774859286335 0.632297301648365 -0.174300175885311 0.549200631486114 0.737914042586677
Maximizing likelihood @ n=4×1718=6872
 SD[log(ℓ)] = 3.90720745189148
 Δlog(ℓ) = 7.81468822660314
 Δβ/SD[β] = 0.92872075618968 -0.0900254171762201 0.858721148971234 -1.48657754484323 0.300209316562599 0.699807712487922
Maximizing likelihood @ n=8×1718=13744
 SD[log(ℓ)] = 2.99523458229066
 Δlog(ℓ) = 4.16796374316613
 Δβ/SD[β] = 0.0233197025908102 -0.136866035589422 0.000450743691052984 0.0429256079618371 0.544680607091389 0.967541662397511
Maximizing likelihood @ n=16×1718=27488
 SD[log(ℓ)] = 2.25946957708099
 Δlog(ℓ) = 4.42179966146841
 Δβ/SD[β] = 0.610759629726971 0.0656013596280516 0.302216581745685 0.213992225551379 0.159631758899004 0.341632784651977
Maximizing likelihood @ n=32×1718=54976
 SD[log(ℓ)] = 1.64571141552082
 Δlog(ℓ) = 2.18087199836103
 Δβ/SD[β] = 0.305415037916946 -0.00610697828316605 -0.0669297375670729 -0.027912652573947 0.289411875877566 0.10450526429516
Maximizing likelihood @ n=64×1718=109952
 SD[log(ℓ)] = 1.18993185319902
 Δlog(ℓ) = 1.59317029834165
 Δβ/SD[β] = 0.117728678983295 0.0635324028650057 0.00810467288990223 0.0210832631946214 0.0612393296906309 0.120024735244166
Maximizing likelihood @ n=128×1718=219904
 SD[log(ℓ)] = 0.834397725126727
 Δlog(ℓ) = -0.867635221325258
 Δβ/SD[β] = -0.00716095505226414 -0.000160996457404737 -0.0285483772911157 -0.0394201952037462 0.0466298293316103 -0.0588683426638191
Maximizing likelihood @ n=256×1718=439808
 SD[log(ℓ)] = 0.591959746813884
 Δlog(ℓ) = 0.355190660052692
 Δβ/SD[β] = 0.0156732550652882 0.0534022003595137 -0.0756475296306415 0.0671325224366535 0.183007775337465 -0.039246707676051
Maximizing likelihood @ n=512×1718=879616
 SD[log(ℓ)] = 0.416399523341699
 Δlog(ℓ) = -0.746935431273862
 Δβ/SD[β] = -0.0154680143219769 0.0138689770119646 -0.0100495309097379 -0.00281197541583203 -0.0351741576833988 -0.0475334484643358
Maximizing likelihood @ n=1024×1718=1759232
 SD[log(ℓ)] = 0.295839129162041
 Δlog(ℓ) = 0.376323007001204
 Δβ/SD[β] = 0.0266228570860703 0.024884253499827 0.017833288359479 0.00393890109066777 0.00970454372674611 0.037494664934089
Maximizing likelihood @ n=2048×1718=3518464
 SD[log(ℓ)] = 0.208880518868705
 Δlog(ℓ) = 0.203614404290754
 Δβ/SD[β] = -0.0240595015981525 0.0355410436621693 0.0113619144374054 -0.011162080736918 0.0367727430588345 -0.0223802384146724
Maximizing likelihood @ n=4096×1718=7036928
 SD[log(ℓ)] = 0.148584220045386
 Δlog(ℓ) = 0.153235397115331
 Δβ/SD[β] = 0.00525106058229477 0.0539711188425318 0.0402735790484071 -0.006305404183988 0.00844139245116751 0.0490240163765878
Maximizing likelihood @ n=8192×1718=14073856
 SD[log(ℓ)] = 0.104767350519193
 Δlog(ℓ) = -0.0141830466301087
 Δβ/SD[β] = 0.00310774052741175 0.0179033876652922 0.0116134414160927 0.000235844419210612 0.00760591570365531 -0.0344616596197697
Calculating Hessian
Maximizing likelihood @ n=1×1718=1718
 SD[log(ℓ)] = 4.57321190030896
 Δlog(ℓ) = Inf
 Δβ/SD[β] = 6.54960137762232 0.781581233797065 1.2441179801582 -44.4342521463975 -20.3944087824116 3.48842017387342
Maximizing likelihood @ n=2×1718=3436
 SD[log(ℓ)] = 4.03365992611389
 Δlog(ℓ) = 6.47238512719698
 Δβ/SD[β] = -0.187670825850339 0.152443980401984 0.14158876608865 -0.153949576609566 0.679064605002542 1.66682379173272
Maximizing likelihood @ n=4×1718=6872
 SD[log(ℓ)] = 3.21199842784945
 Δlog(ℓ) = 3.72903363042543
 Δβ/SD[β] = 0.368695515563129 0.120953309288064 0.104169710808988 0.00698785965714082 0.436450123729486 0.412063085621339
Maximizing likelihood @ n=8×1718=13744
 SD[log(ℓ)] = 2.49758530136274
 Δlog(ℓ) = 3.44482734452335
 Δβ/SD[β] = 0.0140920311487209 -0.583030187469762 0.261248766235851 -0.696411305593397 0.58450639562431 0.217854422373212
Maximizing likelihood @ n=16×1718=27488
 SD[log(ℓ)] = 1.84195228774136
 Δlog(ℓ) = 1.05695790268863
 Δβ/SD[β] = -0.209996264947863 -0.108312361401327 0.198630383189526 -0.203368590977414 -0.0210507240727264 0.45488416183365
Maximizing likelihood @ n=32×1718=54976
 SD[log(ℓ)] = 1.33183551129182
 Δlog(ℓ) = 1.38083290385458
 Δβ/SD[β] = -0.0515657425896136 0.113307104570898 0.440630249863123 -0.178183510331324 0.351715411170549 -0.0209647032625034
Maximizing likelihood @ n=64×1718=109952
 SD[log(ℓ)] = 0.942471150936185
 Δlog(ℓ) = 0.020747415779752
 Δβ/SD[β] = 0.0768880610064391 -0.126951639487314 -0.0554485882775292 -0.170077284959936 -0.0263579243383282 -0.0381303812723729
Maximizing likelihood @ n=128×1718=219904
 SD[log(ℓ)] = 0.690742695118982
 Δlog(ℓ) = 1.38896632137194
 Δβ/SD[β] = 0.0594950742979304 -0.0725541548878264 -0.109147835102351 -0.211455062416088 0.05898841422693 0.120217275209696
Maximizing likelihood @ n=256×1718=439808
 SD[log(ℓ)] = 0.486347773316101
 Δlog(ℓ) = -0.0872757035574949
 Δβ/SD[β] = 0.0817559961745647 -0.104900081815477 -0.0947379390260698 -0.0528835079499464 -0.0448506106522377 -0.0340932970565772
Maximizing likelihood @ n=512×1718=879616
 SD[log(ℓ)] = 0.345171424636085
 Δlog(ℓ) = 0.137686350070013
 Δβ/SD[β] = -0.101585323963293 -0.217454801643244 -0.27189360137021 -0.0480076089330996 0.00611047908708964 0.0210671735469201
Maximizing likelihood @ n=1024×1718=1759232
 SD[log(ℓ)] = 0.24414830303362
 Δlog(ℓ) = -0.140580150027901
 Δβ/SD[β] = 0.0341717464209092 -0.0310899753024862 0.00397774737664275 -0.0119687530641064 -0.0308450872920917 0.0278022488459433
Maximizing likelihood @ n=2048×1718=3518464
 SD[log(ℓ)] = 0.171893810507698
 Δlog(ℓ) = -0.0667628150873441
 Δβ/SD[β] = 0.0445513449835374 -0.0466644148738799 -0.0112792746610825 -0.00857782366946736 -0.0145071892330913 -0.049646166502471
Maximizing likelihood @ n=4096×1718=7036928
 SD[log(ℓ)] = 0.122265494727623
 Δlog(ℓ) = -0.0169797440330441
 Δβ/SD[β] = 0.0136436311467632 -0.0136563904211314 -0.0155734767936677 -0.0317090522037108 -0.0149610862120218 0.0309356470291738
Maximizing likelihood @ n=8192×1718=14073856
 SD[log(ℓ)] = 0.0864115464146406
 Δlog(ℓ) = 0.0659567056413835
 Δβ/SD[β] = 0.0869465894597459 -0.136319184435342 0.020914483226637 -0.0346443472303048 -0.0454238339832817 -0.0408350733839535
Calculating Hessian
Maximizing likelihood @ n=1×1718=1718
 SD[log(ℓ)] = 5.68271755975662
 Δlog(ℓ) = Inf
 Δβ/SD[β] = -2.41320718719066 0.036344052556845 0.070787991279732 -1.07325378971727 -0.847403373137664 0.154795881181034
Maximizing likelihood @ n=2×1718=3436
 SD[log(ℓ)] = 7.39873785839766
 Δlog(ℓ) = 43.6612880831799
 Δβ/SD[β] = -8.45296862527082 0.883612002638858 2.8581195156955 1.40528718464476 0.659013957728886 0.556252975993295
Maximizing likelihood @ n=4×1718=6872
 SD[log(ℓ)] = 5.89972761748467
 Δlog(ℓ) = 17.1873463235482
 Δβ/SD[β] = -1.33140532324586 -0.24201976541898 0.372226678126907 -0.813567361012358 0.433454769766555 0.921270997604707
Maximizing likelihood @ n=8×1718=13744
 SD[log(ℓ)] = 4.45112910901891
 Δlog(ℓ) = 9.8837860571617
 Δβ/SD[β] = -0.803297360937094 0.108015945353961 0.0581040035302639 -1.26642501616335 0.32542132116762 0.273115172498975
Maximizing likelihood @ n=16×1718=27488
 SD[log(ℓ)] = 3.20645989049417
 Δlog(ℓ) = 2.51004222472716
 Δβ/SD[β] = -0.276671316882469 -0.639792244880271 -0.0379825046826487 -0.316247278705633 0.239846777633694 -0.126689451076994
Maximizing likelihood @ n=32×1718=54976
 SD[log(ℓ)] = 2.26997474534014
 Δlog(ℓ) = -2.15391844394605
 Δβ/SD[β] = -0.133343752277154 -0.105399009336004 -0.110407662651397 -0.0367236033685046 -0.156182911259766 0.0532546429855171
Maximizing likelihood @ n=64×1718=109952
 SD[log(ℓ)] = 1.61673572392636
 Δlog(ℓ) = 1.68207181233799
 Δβ/SD[β] = -0.0432176558036033 -0.0436672547210115 0.144509105759027 0.00774586253582201 0.0465944452685326 -0.0305499963930003
Maximizing likelihood @ n=128×1718=219904
 SD[log(ℓ)] = 1.14763096223493
 Δlog(ℓ) = -0.930224059728772
 Δβ/SD[β] = -0.0663990961952778 -0.0477928870860138 0.0296907640064604 -0.000262517531778904 -0.0908670227218552 0.0117622635234604
Maximizing likelihood @ n=256×1718=439808
 SD[log(ℓ)] = 0.811804807066915
 Δlog(ℓ) = 0.726267531652724
 Δβ/SD[β] = 0.00542313496275737 -0.101799062910953 0.0657133899048021 -0.040907134117702 -0.0398700354117946 -0.0188926873141436
Maximizing likelihood @ n=512×1718=879616
 SD[log(ℓ)] = 0.57156206803782
 Δlog(ℓ) = -1.05728988116547
 Δβ/SD[β] = 0.00213564300803542 -0.00807217269180295 -0.0100912817435554 0.0123526481033053 -0.0281903133127143 -0.0776650323758459
Maximizing likelihood @ n=1024×1718=1759232
 SD[log(ℓ)] = 0.402892991718722
 Δlog(ℓ) = -0.456017822542719
 Δβ/SD[β] = 0.0310146886237644 -0.00990630876915927 2.39928972950803e-05 0.0238866046121199 -0.0160226814600513 -0.0193278706137667
Maximizing likelihood @ n=2048×1718=3518464
 SD[log(ℓ)] = 0.28558302998848
 Δlog(ℓ) = 0.291903674186642
 Δβ/SD[β] = -0.0282928637036783 0.00376795217926222 -0.000188669276353559 0.0170232762273279 0.00749221601122508 0.0185214804401424
Maximizing likelihood @ n=4096×1718=7036928
 SD[log(ℓ)] = 0.201915455800268
 Δlog(ℓ) = 0.31040475347811
 Δβ/SD[β] = 0.0126782592970828 -0.0655315256256127 -0.0143601917916224 0.0656299653891382 0.037519259782362 0.0122073745757176
Maximizing likelihood @ n=8192×1718=14073856
 SD[log(ℓ)] = 0.14287901269985
 Δlog(ℓ) = -0.0857981561157999
 Δβ/SD[β] = -0.0122396450238532 0.0170599112639861 -0.0190033331829932 0.00947200390398599 -0.00294350367908756 0.00203189425265846
Calculating Hessian
Maximizing likelihood @ n=1×1718=1718
 SD[log(ℓ)] = 5.35519227014505
 Δlog(ℓ) = Inf
 Δβ/SD[β] = -0.462661161041366 0.0033110219625113 0.0123262454445949 -1.0830085766694 -0.834035931604776 0.119823759773585
Maximizing likelihood @ n=2×1718=3436
 SD[log(ℓ)] = 4.41477800879987
 Δlog(ℓ) = 3.86232350845113
 Δβ/SD[β] = -0.806801224564219 -0.0792007364148091 -0.0241366460246048 -0.485822898692091 0.510028737891107 0.341702707490053
Maximizing likelihood @ n=4×1718=6872
 SD[log(ℓ)] = 3.46467981435481
 Δlog(ℓ) = 3.57237698553852
 Δβ/SD[β] = -1.04820883770493 -0.0256123532423851 -0.0591659081765717 -0.181088373409492 0.141826859641686 0.226925076829024
Maximizing likelihood @ n=8×1718=13744
 SD[log(ℓ)] = 2.57869128712086
 Δlog(ℓ) = 1.50370961722828
 Δβ/SD[β] = 0.266754370683926 -0.0854412784256482 0.296315654195908 -0.417935304170592 0.193569683113922 0.47190810255554
Maximizing likelihood @ n=16×1718=27488
 SD[log(ℓ)] = 1.88714976368118
 Δlog(ℓ) = 1.06068790799483
 Δβ/SD[β] = -0.274011949318928 -0.0245086647462712 0.583420739303878 -0.541551644537402 0.0190123075863056 -0.169703015046726
Maximizing likelihood @ n=32×1718=54976
 SD[log(ℓ)] = 1.34788425750146
 Δlog(ℓ) = -0.485341394042401
 Δβ/SD[β] = -0.0739782833979526 0.000546425662544214 -0.00481104781756433 0.0468356375514943 0.119752864404103 0.0107341414918101
Maximizing likelihood @ n=64×1718=109952
 SD[log(ℓ)] = 0.998180483483559
 Δlog(ℓ) = 3.41709016967285
 Δβ/SD[β] = -0.0475003639548419 -0.0974462519592803 -0.0767702223470331 -0.297817246372724 0.0625044206722955 0.15519510022587
Maximizing likelihood @ n=128×1718=219904
 SD[log(ℓ)] = 0.718414927329793
 Δlog(ℓ) = 1.16777176402508
 Δβ/SD[β] = 0.0400164755576146 0.0369532809312794 0.0112303715653874 -0.139330961984373 0.0794672506862657 0.143006330339014
Maximizing likelihood @ n=256×1718=439808
 SD[log(ℓ)] = 0.503817223592055
 Δlog(ℓ) = -0.567089764133542
 Δβ/SD[β] = -0.0187787180658565 0.025009675259774 0.0060777637309654 0.040058100451529 0.00635091838884371 0.000807338277749526
Maximizing likelihood @ n=512×1718=879616
 SD[log(ℓ)] = 0.356063659233573
 Δlog(ℓ) = -0.383320894396135
 Δβ/SD[β] = 0.00265601744208368 0.0136547692205094 0.00294464883919364 -0.0106601555494652 -0.0171345694459749 -0.0171211568131157
Maximizing likelihood @ n=1024×1718=1759232
 SD[log(ℓ)] = 0.250848511123083
 Δlog(ℓ) = -0.42579404907363
 Δβ/SD[β] = 0.00859548561877997 0.00147214910852347 0.000260688550792415 0.0218910628322446 0.00931597646695985 -0.0182818025427675
Maximizing likelihood @ n=2048×1718=3518464
 SD[log(ℓ)] = 0.177892640782161
 Δlog(ℓ) = 0.187439633039752
 Δβ/SD[β] = 0.00319275317052161 0.0148906605560124 -0.00233645169846379 -0.00334108288332039 0.0116983162858037 0.029494855784183
Maximizing likelihood @ n=4096×1718=7036928
 SD[log(ℓ)] = 0.126508877714311
 Δlog(ℓ) = 0.360081992158833
 Δβ/SD[β] = 0.00449597239500902 0.0323578028249354 0.0172420366022576 -0.017932199790027 0.0295899739171671 0.0225642941265149
Maximizing likelihood @ n=8192×1718=14073856
 SD[log(ℓ)] = 0.0891721044638563
 Δlog(ℓ) = 0.00287129715799495
 Δβ/SD[β] = 0.000944331159239399 0.0159741812558154 0.000579502156294954 0.00102592970246222 -0.0256667980141317 -0.0161208169553875
Calculating Hessian
Starting buffer 750 
Maximizing likelihood @ n=1×1718=1718
 SD[log(ℓ)] = 4.41122920661761
 Δlog(ℓ) = Inf
 Δβ/SD[β] = 1.84196337415803 0.511401735023178 1.31506743947244 -38.6830698335937 -19.9243048684212 3.87493489261323
Maximizing likelihood @ n=2×1718=3436
 SD[log(ℓ)] = 3.90459069833888
 Δlog(ℓ) = 6.81752422385675
 Δβ/SD[β] = 0.221726804972527 0.234582957047985 0.241190690856802 -0.009443364090991 1.01287292079298 0.794357543913503
Maximizing likelihood @ n=4×1718=6872
 SD[log(ℓ)] = 2.92882928449503
 Δlog(ℓ) = -0.288008879608
 Δβ/SD[β] = 0.0891019845604459 0.169460956296856 0.0112031018445057 0.0669014516672693 0.275732434127621 0.340842715854955
Maximizing likelihood @ n=8×1718=13744
 SD[log(ℓ)] = 2.30454350968694
 Δlog(ℓ) = 4.10094113905793
 Δβ/SD[β] = 0.0118771107489143 -0.43309254253668 0.0888663527137463 -0.481739478455186 0.315727909223309 0.503692642084154
Maximizing likelihood @ n=16×1718=27488
 SD[log(ℓ)] = 1.72182736505122
 Δlog(ℓ) = 2.22919703440196
 Δβ/SD[β] = 0.121849036251067 -0.193687124352164 -0.00449554351414994 -0.244290572914552 0.0889768227618413 0.291946403909001
Maximizing likelihood @ n=32×1718=54976
 SD[log(ℓ)] = 1.31733133173073
 Δlog(ℓ) = 4.68098484091415
 Δβ/SD[β] = -0.0900659550854881 0.0150126373225882 -0.110141339994524 -0.480088451473966 0.226405553421697 0.191963595423771
Maximizing likelihood @ n=64×1718=109952
 SD[log(ℓ)] = 0.941625597617485
 Δlog(ℓ) = -0.230699917352467
 Δβ/SD[β] = 0.0351291290255292 -0.128236351580592 -0.0700820341034574 -0.0209081484685278 -0.127694811282527 0.118861694956674
Maximizing likelihood @ n=128×1718=219904
 SD[log(ℓ)] = 0.672230569287886
 Δlog(ℓ) = 0.501800570697071
 Δβ/SD[β] = -0.0236587299896787 -0.0121926106714443 -0.0185809709122885 0.0240031028463058 0.0685524002362321 0.0675243099915687
Maximizing likelihood @ n=256×1718=439808
 SD[log(ℓ)] = 0.478893424924028
 Δlog(ℓ) = 0.000380693085809014
 Δβ/SD[β] = 0.0209998522699874 0.0023468006761108 -0.00224914640881406 -0.02096091716783 -0.0348160627205605 0.0736136780438622
Maximizing likelihood @ n=512×1718=879616
 SD[log(ℓ)] = 0.337342283569568
 Δlog(ℓ) = -0.124553279354465
 Δβ/SD[β] = 0.0226390136198715 -0.00983571470224144 -0.0286131739701798 0.0444552318532464 0.000269195169544696 0.0193532839641686
Maximizing likelihood @ n=1024×1718=1759232
 SD[log(ℓ)] = 0.239826109910868
 Δlog(ℓ) = 0.338157476969208
 Δβ/SD[β] = -0.0030162787053692 -0.00201411352948457 -0.00832861784357914 -0.0284811424229615 0.0323830754796185 0.0164937326675534
Maximizing likelihood @ n=2048×1718=3518464
 SD[log(ℓ)] = 0.169784334581139
 Δlog(ℓ) = -0.00504254258695624
 Δβ/SD[β] = 0.00686504662265478 -7.17283057270903e-05 -0.00655323136571573 -0.00561397790705541 -0.0225056154668097 0.0223856767067752
Maximizing likelihood @ n=4096×1718=7036928
 SD[log(ℓ)] = 0.120198024417334
 Δlog(ℓ) = 0.134884377209559
 Δβ/SD[β] = 0.00290499970588312 0.00350961515492425 -0.00805753231437587 -0.01597617917408 -0.00114903825947619 0.00557557798151556
Maximizing likelihood @ n=8192×1718=14073856
 SD[log(ℓ)] = 0.0847807842868496
 Δlog(ℓ) = -0.107298767392123
 Δβ/SD[β] = -0.0044920017498857 -0.00862100835925101 -0.00852270950732264 -0.0004162933500713 -0.00924273040279746 -0.0210336797431613
Calculating Hessian
Maximizing likelihood @ n=1×1718=1718
 SD[log(ℓ)] = 4.86687747008271
 Δlog(ℓ) = Inf
 Δβ/SD[β] = 0.218302254197983 0.257126748944553 1.67783618060231 -32.7071987206962 -18.5952403205011 4.60589574273204
Maximizing likelihood @ n=2×1718=3436
 SD[log(ℓ)] = 4.39447819969097
 Δlog(ℓ) = 9.70182320663303
 Δβ/SD[β] = -0.0137915663095499 -0.0835769613273085 -0.501508388729357 -0.383249102339129 1.17514632168238 0.999428577130449
Maximizing likelihood @ n=4×1718=6872
 SD[log(ℓ)] = 3.35378331444868
 Δlog(ℓ) = 0.49984029061018
 Δβ/SD[β] = -0.090102882190129 0.0739255183692863 -0.0140507482893335 -0.54552605180602 0.038205622968336 0.0550785308952628
Maximizing likelihood @ n=8×1718=13744
 SD[log(ℓ)] = 2.56115764551807
 Δlog(ℓ) = 2.52557570293787
 Δβ/SD[β] = -0.0613203677107051 -0.146845583587971 0.0458776655456421 -0.381784981707384 0.234552251490607 0.178354783263954
Maximizing likelihood @ n=16×1718=27488
 SD[log(ℓ)] = 1.89868144034701
 Δlog(ℓ) = 2.13172713509132
 Δβ/SD[β] = -0.0501553140091408 -0.133804955506681 -0.17561809391072 -0.307814966701899 0.0558985981366224 0.392806365804888
Maximizing likelihood @ n=32×1718=54976
 SD[log(ℓ)] = 1.34539551044126
 Δlog(ℓ) = -0.709036644953486
 Δβ/SD[β] = -0.0176585520339363 0.0256645344528262 -0.00960856651203851 -0.0755120425058276 0.0309253326412458 -0.0384359895601356
Maximizing likelihood @ n=64×1718=109952
 SD[log(ℓ)] = 0.945489642819674
 Δlog(ℓ) = -1.37788502394744
 Δβ/SD[β] = 0.00293089225980963 0.0299829481765467 0.00903355338014003 0.000690897936510132 -0.109555221515629 -0.0210345705339394
Maximizing likelihood @ n=128×1718=219904
 SD[log(ℓ)] = 0.66896292550741
 Δlog(ℓ) = 0.00613959192931191
 Δβ/SD[β] = -0.00652820867469876 0.0353951224504451 0.0248637960223303 -0.0750125806616414 -0.0408206777524945 -0.00590121870607545
Maximizing likelihood @ n=256×1718=439808
 SD[log(ℓ)] = 0.474838019591077
 Δlog(ℓ) = 0.00246018503570156
 Δβ/SD[β] = 0.033326973684846 0.0119939643828412 0.00314771161291082 0.0520772657867244 -0.00993717337340308 0.0611026518498313
Maximizing likelihood @ n=512×1718=879616
 SD[log(ℓ)] = 0.338351461639865
 Δlog(ℓ) = 0.483300964656806
 Δβ/SD[β] = -0.00609173627337832 -0.0396333277918365 0.0413156239234931 -0.0182952335002838 0.0577838468983864 0.0242921640029853
Maximizing likelihood @ n=1024×1718=1759232
 SD[log(ℓ)] = 0.239007879419707
 Δlog(ℓ) = 0.129830463322769
 Δβ/SD[β] = -0.000172282650575639 0.0319561897705874 0.161601394270674 -0.0339877013400962 0.0132396902960096 -0.0560075095180367
Maximizing likelihood @ n=2048×1718=3518464
 SD[log(ℓ)] = 0.170024131277183
 Δlog(ℓ) = 0.201361415066053
 Δβ/SD[β] = -0.00456817321238224 -0.00656943825858752 0.0162958851684614 -0.0260432691885316 -0.00384035336105877 0.0369312035045365
Maximizing likelihood @ n=4096×1718=7036928
 SD[log(ℓ)] = 0.120050625192984
 Δlog(ℓ) = 0.0710154281167235
 Δβ/SD[β] = 0.00784077749935042 0.0125302333579023 0.0113047340285169 0.0152227933266802 -0.013424088927301 0.0156126704598543
Maximizing likelihood @ n=8192×1718=14073856
 SD[log(ℓ)] = 0.0849249941860979
 Δlog(ℓ) = 0.013774173967164
 Δβ/SD[β] = 0.000835937279621405 0.00388588367788864 0.0114705452542091 -0.00717711724603897 0.00828262915793932 -0.00875630116822783
Calculating Hessian
Maximizing likelihood @ n=1×1718=1718
 SD[log(ℓ)] = 4.73009236634348
 Δlog(ℓ) = Inf
 Δβ/SD[β] = 0.982747311882487 -1.06949437805049 0.978253046015584 -35.6816154821084 -19.5613364961991 4.59454167537725
Maximizing likelihood @ n=2×1718=3436
 SD[log(ℓ)] = 3.75461164787988
 Δlog(ℓ) = 0.389822950306154
 Δβ/SD[β] = -0.495628080168915 0.806166998637824 0.212246066459789 0.129112858388371 0.870916995002032 0.466530079368179
Maximizing likelihood @ n=4×1718=6872
 SD[log(ℓ)] = 3.15248353406544
 Δlog(ℓ) = 6.42041793023321
 Δβ/SD[β] = -0.47309432585364 0.0620217525484272 0.221753465077784 -1.43920831778436 0.117448207159363 0.63276298776709
Maximizing likelihood @ n=8×1718=13744
 SD[log(ℓ)] = 2.43954220157243
 Δlog(ℓ) = 3.35809140102997
 Δβ/SD[β] = 0.18746020731288 0.122035737800628 -0.102594420467793 -0.286774616446432 0.364737869175769 0.311574253378047
Maximizing likelihood @ n=16×1718=27488
 SD[log(ℓ)] = 1.76749970303882
 Δlog(ℓ) = 0.565613258195803
 Δβ/SD[β] = 0.129921115244609 0.0578718899750667 -0.333439307795546 0.162532516911373 0.38794485033191 0.0136788073497879
Maximizing likelihood @ n=32×1718=54976
 SD[log(ℓ)] = 1.30695915031881
 Δlog(ℓ) = 1.7733436523129
 Δβ/SD[β] = -0.1028673003644 0.0506337821304969 0.0211753682058416 -0.40392134783064 0.0850266204591497 0.124148132487256
Maximizing likelihood @ n=64×1718=109952
 SD[log(ℓ)] = 0.944231123341583
 Δlog(ℓ) = 0.42967712057883
 Δβ/SD[β] = -0.00467786907101208 0.0524412737796494 -0.048195389160028 -0.0115497218073375 0.0499391077631142 0.075216927153884
Maximizing likelihood @ n=128×1718=219904
 SD[log(ℓ)] = 0.664220926950641
 Δlog(ℓ) = 0.300079168993548
 Δβ/SD[β] = 0.0158423897931673 0.0201494797297744 -0.00176531178410384 -0.0179877259113318 -0.0392339828562616 0.0538470741497041
Maximizing likelihood @ n=256×1718=439808
 SD[log(ℓ)] = 0.472083377751438
 Δlog(ℓ) = 0.435503580806866
 Δβ/SD[β] = 0.00187756660771731 0.0226343162301319 -0.0111862020640348 -0.0264709735979806 0.0489595152501897 0.00642063117685493
Maximizing likelihood @ n=512×1718=879616
 SD[log(ℓ)] = 0.337440386035202
 Δlog(ℓ) = 0.646534856811599
 Δβ/SD[β] = -0.029931701829717 0.0627382189308005 -0.02683844739581 -0.0857098862067345 -0.00241445937405738 0.00481305207945489
Maximizing likelihood @ n=1024×1718=1759232
 SD[log(ℓ)] = 0.239840850075529
 Δlog(ℓ) = 0.277911149547677
 Δβ/SD[β] = -0.0109237770508244 -0.0062085206167717 0.0150795695156568 -0.0240855628498772 0.031513558511922 -0.00587930691715063
Maximizing likelihood @ n=2048×1718=3518464
 SD[log(ℓ)] = 0.170012146498042
 Δlog(ℓ) = -0.060324253791741
 Δβ/SD[β] = 0.0138427891845502 0.0201276503637469 0.0158564123797664 0.00143061320218082 -0.0139812327205384 0.0240771196615022
Maximizing likelihood @ n=4096×1718=7036928
 SD[log(ℓ)] = 0.119673719192403
 Δlog(ℓ) = -0.066309317422963
 Δβ/SD[β] = 0.00422223513592588 0.00546035590299473 0.0273450681483966 0.0163889049300262 -0.014109456605419 -0.0142593958071705
Maximizing likelihood @ n=8192×1718=14073856
 SD[log(ℓ)] = 0.0849703354445017
 Δlog(ℓ) = 0.0470657573885944
 Δβ/SD[β] = -0.000983039077357215 0.00472091911280958 0.0220352201117342 -0.00564010109413829 0.00151056499016636 0.0224026016809187
Calculating Hessian
Maximizing likelihood @ n=1×1718=1718
 SD[log(ℓ)] = 6.17062665968915
 Δlog(ℓ) = Inf
 Δβ/SD[β] = -16.8298117993928 0.357824624609351 -2.07877977667793 -39.873869822312 -23.1788696232423 2.45182575555463
Maximizing likelihood @ n=2×1718=3436
 SD[log(ℓ)] = 4.90788688572849
 Δlog(ℓ) = 1.55631143190582
 Δβ/SD[β] = -0.217298471949617 1.62756190446836 0.0668178223799248 -0.0314236164305132 -0.143467472076492 0.316947642741538
Maximizing likelihood @ n=4×1718=6872
 SD[log(ℓ)] = 4.07752603364512
 Δlog(ℓ) = 12.8663283310905
 Δβ/SD[β] = -0.921084858990447 1.06252644444627 -1.28498860457909 -1.52573390218473 0.0936310096933207 0.490941474613042
Maximizing likelihood @ n=8×1718=13744
 SD[log(ℓ)] = 3.07154707594745
 Δlog(ℓ) = 2.92925845583868
 Δβ/SD[β] = -0.117882672075205 -0.131467532206507 -0.0234365611310408 -1.2089072239657 0.0237271725030511 0.171597559239755
Maximizing likelihood @ n=16×1718=27488
 SD[log(ℓ)] = 2.23230049701528
 Δlog(ℓ) = 1.2719558538296
 Δβ/SD[β] = -0.293898461031406 0.136418592015782 -0.290099540566277 0.0501499900191796 0.266522879554805 0.0442864400695964
Maximizing likelihood @ n=32×1718=54976
 SD[log(ℓ)] = 1.58350470414175
 Δlog(ℓ) = 0.0250970788427836
 Δβ/SD[β] = -0.0571876918696487 0.0670078688816363 -0.102588902422112 0.103221119772769 0.0586760667719353 0.140581610703248
Maximizing likelihood @ n=64×1718=109952
 SD[log(ℓ)] = 1.12733347466062
 Δlog(ℓ) = 0.0615869240377265
 Δβ/SD[β] = -0.0302262944899132 0.0263120283978902 0.0618490463476683 -0.109351615652436 0.0506590329284308 -0.0450247005543156
Maximizing likelihood @ n=128×1718=219904
 SD[log(ℓ)] = 0.803379346388263
 Δlog(ℓ) = 0.24094008153795
 Δβ/SD[β] = 0.000750813590457332 -0.0586717800519314 0.0864146395458161 -0.0290111157249919 -0.00514926161757342 0.209774779812665
Maximizing likelihood @ n=256×1718=439808
 SD[log(ℓ)] = 0.572740115971257
 Δlog(ℓ) = 0.547606398317072
 Δβ/SD[β] = -0.0524987030461112 -0.0357452055082783 -0.00424089476926561 -0.0181616232915837 0.041911072269607 0.0634094263622813
Maximizing likelihood @ n=512×1718=879616
 SD[log(ℓ)] = 0.404403092690538
 Δlog(ℓ) = 0.344628667952549
 Δβ/SD[β] = 0.10089729957845 -0.0244642985026532 0.0869118968978395 0.0213700637496655 0.198225113908656 0.103195212285536
Maximizing likelihood @ n=1024×1718=1759232
 SD[log(ℓ)] = 0.287811304396359
 Δlog(ℓ) = -0.0370480192083562
 Δβ/SD[β] = -0.0458433969771522 -0.0242125611867775 -7.88647233824025e-05 0.00389803840826456 0.0591777193578983 -0.0176925588553997
Maximizing likelihood @ n=2048×1718=3518464
 SD[log(ℓ)] = 0.202781315790089
 Δlog(ℓ) = 0.205718296768509
 Δβ/SD[β] = 0.0350441037690718 0.000931678396300004 -0.00705093769251586 -0.0145977406204262 0.00699524887032582 0.00302242310650628
Maximizing likelihood @ n=4096×1718=7036928
 SD[log(ℓ)] = 0.143343539168114
 Δlog(ℓ) = -0.118023482184981
 Δβ/SD[β] = 0.0202102277383504 0.0394851018140158 -0.0237329700354211 0.0149779723844033 0.00934280989188901 0.0482170929641368
Maximizing likelihood @ n=8192×1718=14073856
 SD[log(ℓ)] = 0.101880695405171
 Δlog(ℓ) = 0.134601983870667
 Δβ/SD[β] = -0.0174417862549188 0.072958809904619 -0.0119867821827078 -0.0593226344115718 0.0800559948553522 -0.0258524094833699
Calculating Hessian
Starting buffer 1500 
Maximizing likelihood @ n=1×1718=1718
 SD[log(ℓ)] = 4.53499613375199
 Δlog(ℓ) = Inf
 Δβ/SD[β] = 1.57938041168373 1.5970401598123 0.19614985097184 -40.5384651006488 -18.5628442569792 3.25501649996575
Maximizing likelihood @ n=2×1718=3436
 SD[log(ℓ)] = 3.90185279373222
 Δlog(ℓ) = 5.67994516369142
 Δβ/SD[β] = 0.296240715045374 -0.478327541404575 -0.271975107777023 -0.368273563747849 0.324995009058002 2.06274487681082
Maximizing likelihood @ n=4×1718=6872
 SD[log(ℓ)] = 3.11484144850076
 Δlog(ℓ) = 4.94905839427486
 Δβ/SD[β] = 0.206845591046458 -0.224404305980873 -0.384903732549872 -0.341783890935645 0.211493223150184 0.340916433422548
Maximizing likelihood @ n=8×1718=13744
 SD[log(ℓ)] = 2.43909887635242
 Δlog(ℓ) = 3.87664895684667
 Δβ/SD[β] = 0.0597833136805499 -0.224146280474604 -0.199654935357699 -0.366503138307169 0.00859734804112043 0.060943069456572
Maximizing likelihood @ n=16×1718=27488
 SD[log(ℓ)] = 1.83814405170031
 Δlog(ℓ) = 1.74901144514743
 Δβ/SD[β] = -0.342496453923963 -0.688653760709714 0.292650955957359 -0.391054880375154 0.237180792838769 0.0652002050566276
Maximizing likelihood @ n=32×1718=54976
 SD[log(ℓ)] = 1.32665448621361
 Δlog(ℓ) = 0.790262174888966
 Δβ/SD[β] = -0.0167508582846072 -0.0271867734413122 0.0494075639970035 -0.0436525781677154 0.0546082298203947 0.153319836968515
Maximizing likelihood @ n=64×1718=109952
 SD[log(ℓ)] = 0.93716838007005
 Δlog(ℓ) = -0.522277770836617
 Δβ/SD[β] = -0.0120736477047705 -0.0742469983037753 0.131046809607661 0.0652944292053204 -0.0279351327754771 0.0778950272641298
Maximizing likelihood @ n=128×1718=219904
 SD[log(ℓ)] = 0.664890423468569
 Δlog(ℓ) = -0.280651014117666
 Δβ/SD[β] = 0.0303041824267344 -0.0319150457965143 0.0256732316843898 0.0244174326777831 -0.0343036291803858 0.0571211417934969
Maximizing likelihood @ n=256×1718=439808
 SD[log(ℓ)] = 0.473429713137392
 Δlog(ℓ) = 0.406295192289107
 Δβ/SD[β] = 0.0073377233735669 -0.0326200853126622 -0.00368825514181023 -0.0150399043737292 0.0158772753031398 0.0527368817438508
Maximizing likelihood @ n=512×1718=879616
 SD[log(ℓ)] = 0.335797540415432
 Δlog(ℓ) = 0.20841115875028
 Δβ/SD[β] = 0.00564940584154795 -0.0102715003498044 -0.0118781195735309 -0.0288307069299706 -0.0132489481086985 0.0141575885714003
Maximizing likelihood @ n=1024×1718=1759232
 SD[log(ℓ)] = 0.237973672255434
 Δlog(ℓ) = -0.0244739135913363
 Δβ/SD[β] = 0.00286104327890966 -0.00282653519024816 0.00455729328090552 -0.00825338980542735 -0.0153051795460943 0.00597289632313923
Maximizing likelihood @ n=2048×1718=3518464
 SD[log(ℓ)] = 0.168416963694976
 Δlog(ℓ) = 0.0457240711246243
 Δβ/SD[β] = 0.00481441725145145 -0.00495221965019218 0.0169532602100269 -0.01483037124525 0.0112812602402331 -0.010584115621406
Maximizing likelihood @ n=4096×1718=7036928
 SD[log(ℓ)] = 0.119475137971281
 Δlog(ℓ) = 0.0756816533690738
 Δβ/SD[β] = -0.00689989166076272 0.00580968438230575 0.0175700831294939 -0.0147754279806317 -0.00827853665025959 0.0189091462327331
Maximizing likelihood @ n=8192×1718=14073856
 SD[log(ℓ)] = 0.0844294152350016
 Δlog(ℓ) = 0.0883263410609416
 Δβ/SD[β] = -0.00781089197821017 -0.000438265602094128 0.0269254694836741 -0.0221987835750138 -0.0117031130073386 -0.0254746714983408
Calculating Hessian
Maximizing likelihood @ n=1×1718=1718
 SD[log(ℓ)] = 3.60612718875552
 Δlog(ℓ) = Inf
 Δβ/SD[β] = 0.178192831092431 0.851534997593197 0.101717131836182 -34.0531513553888 -23.1649063426679 3.83166766673303
Maximizing likelihood @ n=2×1718=3436
 SD[log(ℓ)] = 3.38657290399286
 Δlog(ℓ) = 7.15967572535768
 Δβ/SD[β] = 0.265965638577814 -0.613294559643175 0.186289813578299 -0.33685831478709 1.16305282706852 0.914114933348806
Maximizing likelihood @ n=4×1718=6872
 SD[log(ℓ)] = 3.12797997321026
 Δlog(ℓ) = 11.4502551814395
 Δβ/SD[β] = 0.118301487590792 -0.0524527634658911 0.0731262054918223 -1.8783890756123 0.743249390863356 0.837800012522208
Maximizing likelihood @ n=8×1718=13744
 SD[log(ℓ)] = 2.41413709443935
 Δlog(ℓ) = 2.7411135727553
 Δβ/SD[β] = -0.0157264177554107 0.170616229595474 0.355047211276791 -0.332427684799118 0.169304960802333 0.24137642304296
Maximizing likelihood @ n=16×1718=27488
 SD[log(ℓ)] = 1.77451251862144
 Δlog(ℓ) = 1.41316035432229
 Δβ/SD[β] = 0.0376216464264083 -0.09321558832601 0.0350375686452404 -0.0319169699291456 0.199538749951155 0.0674783721976546
Maximizing likelihood @ n=32×1718=54976
 SD[log(ℓ)] = 1.29901605465122
 Δlog(ℓ) = 1.26585182288942
 Δβ/SD[β] = -0.0577700145149088 0.0023872191035339 0.0819334702819237 -0.143462222407767 -0.0129067919304302 0.142578509399136
Maximizing likelihood @ n=64×1718=109952
 SD[log(ℓ)] = 0.939173535997812
 Δlog(ℓ) = 1.47236223094664
 Δβ/SD[β] = -0.00527794080698067 -0.0186527272621986 -0.0339427200903766 -0.142391089826263 0.0671621959775809 0.0546309872196794
Maximizing likelihood @ n=128×1718=219904
 SD[log(ℓ)] = 0.670832694760154
 Δlog(ℓ) = 0.251630116167895
 Δβ/SD[β] = -0.0385841234956144 0.00654770448686239 0.0412435126910873 -0.06878082484798 0.0605864551494896 -0.0189809322161981
Maximizing likelihood @ n=256×1718=439808
 SD[log(ℓ)] = 0.474809279303686
 Δlog(ℓ) = -0.0689970744290065
 Δβ/SD[β] = 0.00974118130724824 -0.0207764426105809 0.0363823405192454 -0.00138670694349203 0.0662150364178852 -0.00954747157928474
Maximizing likelihood @ n=512×1718=879616
 SD[log(ℓ)] = 0.337430199426374
 Δlog(ℓ) = 0.0476952555386134
 Δβ/SD[β] = 0.00776065704676829 -0.0134826578019004 0.00944522497448271 0.0115681266714124 -0.015947990181151 0.0344097869758868
Maximizing likelihood @ n=1024×1718=1759232
 SD[log(ℓ)] = 0.23957404410866
 Δlog(ℓ) = 0.100427194341989
 Δβ/SD[β] = -0.00413433009670321 -0.01174642153358 0.0406508404983967 -0.00716792480786115 0.0059821537253835 0.0302283048409423
Maximizing likelihood @ n=2048×1718=3518464
 SD[log(ℓ)] = 0.168183754429689
 Δlog(ℓ) = 0.0538593219410188
 Δβ/SD[β] = 0.0014856875425361 -0.00493297893793371 0.0472854628380902 0.0237248007323282 -0.011084562776774 -0.0243408672741635
Maximizing likelihood @ n=4096×1718=7036928
 SD[log(ℓ)] = 0.120166751614632
 Δlog(ℓ) = -0.0269188510594347
 Δβ/SD[β] = -0.00169068418140073 0.0100769851740714 0.0996413249137089 -0.016449503632489 0.0120558296821079 0.0633761468901963
Maximizing likelihood @ n=8192×1718=14073856
 SD[log(ℓ)] = 0.0842874646028792
 Δlog(ℓ) = -0.0583909347441818
 Δβ/SD[β] = 0.0184366700479861 -0.0135365452319899 0.0177934845626998 0.0101633643445686 -0.00300306962609508 -0.0442608861363525
Calculating Hessian
Maximizing likelihood @ n=1×1718=1718
 SD[log(ℓ)] = 5.58422504324126
 Δlog(ℓ) = Inf
 Δβ/SD[β] = -1.72990947299539 -0.467185137692514 0.520628390058643 -40.2839374399557 -20.1481762398799 4.83678277924718
Maximizing likelihood @ n=2×1718=3436
 SD[log(ℓ)] = 4.67920521273026
 Δlog(ℓ) = 3.47806564101684
 Δβ/SD[β] = 0.852639398763831 0.0391167388565068 -0.255478841550059 0.117271468424292 0.460497901736207 0.299026516708129
Maximizing likelihood @ n=4×1718=6872
 SD[log(ℓ)] = 3.48982101977847
 Δlog(ℓ) = -1.46801674104697
 Δβ/SD[β] = 0.524803544054757 1.22586324893577 0.558919546855135 -0.00388915523308005 0.0190486048442052 0.0974811881953975
Maximizing likelihood @ n=8×1718=13744
 SD[log(ℓ)] = 2.57148889357326
 Δlog(ℓ) = 0.375022667587992
 Δβ/SD[β] = 0.0338381225853992 -0.0240958558113362 0.115159812271533 0.108830477185471 0.346985276388492 0.250112458290089
Maximizing likelihood @ n=16×1718=27488
 SD[log(ℓ)] = 1.84631138446424
 Δlog(ℓ) = -0.890429258007458
 Δβ/SD[β] = 0.0476845467788599 0.00400106533890951 0.148549479825062 -0.00432609930979432 0.0253254802890354 0.0968263676933294
Maximizing likelihood @ n=32×1718=54976
 SD[log(ℓ)] = 1.30683672020336
 Δlog(ℓ) = -1.21889090104484
 Δβ/SD[β] = 0.0173573302669214 0.0125303898288014 0.029949729267733 -0.0190584997827941 -0.135560807240045 0.060138774791583
Maximizing likelihood @ n=64×1718=109952
 SD[log(ℓ)] = 0.931790152609912
 Δlog(ℓ) = 0.0752530617138731
 Δβ/SD[β] = 0.0259311970202167 0.0264412413493009 0.0640778814329747 0.128138354918314 -0.0153524887084382 0.104732017393527
Maximizing likelihood @ n=128×1718=219904
 SD[log(ℓ)] = 0.673121938664714
 Δlog(ℓ) = 1.27275691073197
 Δβ/SD[β] = -0.0278642327804942 0.000401439284783438 0.0223911041455355 -0.062731482897682 0.0462073052086685 0.0569077301564035
Maximizing likelihood @ n=256×1718=439808
 SD[log(ℓ)] = 0.474999031051571
 Δlog(ℓ) = -0.146126370157361
 Δβ/SD[β] = 0.0240750046971963 -0.00426666694325452 0.0759550775850487 0.0138092127196131 0.0556024808262959 -0.025932729764737
Maximizing likelihood @ n=512×1718=879616
 SD[log(ℓ)] = 0.337963972930348
 Δlog(ℓ) = 0.114273828635596
 Δβ/SD[β] = 0.0149391471733346 0.0126983041224507 0.0410672617822791 -0.00412256906707022 -0.0272532443104092 0.0374669534978048
Maximizing likelihood @ n=1024×1718=1759232
 SD[log(ℓ)] = 0.237728321777146
 Δlog(ℓ) = 0.281955154887562
 Δβ/SD[β] = 0.0143216465668869 0.000906189127245086 0.0843392552258804 -0.00752727761268256 0.0208878292252403 -0.0531686674955531
Maximizing likelihood @ n=2048×1718=3518464
 SD[log(ℓ)] = 0.169321106117989
 Δlog(ℓ) = -0.107322979548989
 Δβ/SD[β] = 0.047591136193424 -0.0265913828307551 0.252580597539639 0.0292096826596573 0.00687496128846463 0.0633594647550907
Maximizing likelihood @ n=4096×1718=7036928
 SD[log(ℓ)] = 0.120901885902374
 Δlog(ℓ) = 0.100957758479339
 Δβ/SD[β] = 0.00302532002399972 -0.000642985187814515 0.148781276932569 -0.0599821547706025 0.0354414586240315 0.0170738297605312
Maximizing likelihood @ n=8192×1718=14073856
 SD[log(ℓ)] = 0.0847676087046239
 Δlog(ℓ) = 0.0812913434331932
 Δβ/SD[β] = 0.00442201842102159 0.00331692010486192 0.0190737265389119 0.0318365257884922 -0.00492147465587047 -0.0348549660183197
Calculating Hessian
Maximizing likelihood @ n=1×1718=1718
 SD[log(ℓ)] = 3.81591704376007
 Δlog(ℓ) = Inf
 Δβ/SD[β] = -1.32973368401093 0.0417401196997361 -0.096595197106517 -1.0953283820506 -0.949108587656937 0.0857580072288474
Maximizing likelihood @ n=2×1718=3436
 SD[log(ℓ)] = 3.61570303118204
 Δlog(ℓ) = 7.46479872464024
 Δβ/SD[β] = -1.7049264585307 0.597692506193101 -1.45640057271874 -1.16057765086067 -0.462542884125724 1.45452744578763
Maximizing likelihood @ n=4×1718=6872
 SD[log(ℓ)] = 3.18700515310031
 Δlog(ℓ) = 9.66502354182835
 Δβ/SD[β] = -1.58333816723388 0.335421475748589 -1.23400261258657 -0.69303720517408 -0.475637175143368 1.1312052157169
Maximizing likelihood @ n=8×1718=13744
 SD[log(ℓ)] = 2.60387207856318
 Δlog(ℓ) = 7.27115914342357
 Δβ/SD[β] = -0.420796338059087 0.187259458040524 -0.412610628875638 -1.21735445876866 0.341992275505941 0.55072723101658
Maximizing likelihood @ n=16×1718=27488
 SD[log(ℓ)] = 1.99413431181391
 Δlog(ℓ) = 4.77064341011704
 Δβ/SD[β] = -0.284919289044585 0.181114441203662 -0.0451311869445747 -0.278748639385001 -0.24988112609044 0.610703387385918
Maximizing likelihood @ n=32×1718=54976
 SD[log(ℓ)] = 1.4424694802131
 Δlog(ℓ) = 1.29985435596429
 Δβ/SD[β] = -0.03030429113147 0.0388779470339789 0.177522180174788 -0.061757275145968 -0.101875362051627 0.114796477972824
Maximizing likelihood @ n=64×1718=109952
 SD[log(ℓ)] = 1.03382307870447
 Δlog(ℓ) = -0.442824696489389
 Δβ/SD[β] = -0.165483914651361 -0.0877923219165957 -0.196916400334392 -0.0633076545570208 0.101055390318514 -0.103003911243823
Maximizing likelihood @ n=128×1718=219904
 SD[log(ℓ)] = 0.723634484247779
 Δlog(ℓ) = -1.28040220170244
 Δβ/SD[β] = -0.105559437275294 -0.0666810349686387 -0.0859026745016478 0.0233639313455719 -0.0526596626505702 -0.159525411902856
Maximizing likelihood @ n=256×1718=439808
 SD[log(ℓ)] = 0.514440473448438
 Δlog(ℓ) = 0.345388813638863
 Δβ/SD[β] = -0.0480125849943418 -0.0415020945623255 -0.0651256892166971 0.0167785476593034 0.0188479293335025 0.110818703570304
Maximizing likelihood @ n=512×1718=879616
 SD[log(ℓ)] = 0.363153928487949
 Δlog(ℓ) = -0.158183504357623
 Δβ/SD[β] = -0.068418280006225 0.00603522963756256 -0.0570399892557899 0.076523256047936 0.0265658100776579 -0.059184314371831
Maximizing likelihood @ n=1024×1718=1759232
 SD[log(ℓ)] = 0.260371807150726
 Δlog(ℓ) = 0.00173827271250815
 Δβ/SD[β] = 0.00608563859018216 0.00610046057216711 -0.0235760113264863 -0.0208055701125475 -0.0088519164411166 -0.0150588496091639
Maximizing likelihood @ n=2048×1718=3518464
 SD[log(ℓ)] = 0.184040785088006
 Δlog(ℓ) = 0.0596370900540037
 Δβ/SD[β] = -0.0222914954950612 0.0227090266722419 -0.0163494494172307 -0.019981076727728 0.0146880880585005 0.0408913408729533
Maximizing likelihood @ n=4096×1718=7036928
 SD[log(ℓ)] = 0.129570545220639
 Δlog(ℓ) = -0.118501035007689
 Δβ/SD[β] = -0.0284845569623337 0.0209831352053087 -0.024008769651397 0.0120428085204196 -0.0282224088159982 -0.0047628619315874
Maximizing likelihood @ n=8192×1718=14073856
 SD[log(ℓ)] = 0.0917197298041059
 Δlog(ℓ) = 0.128993460980965
 Δβ/SD[β] = 0.0237121449135169 0.0050685935178231 -0.00269542264200336 -0.00868411002150669 0.00440060451526688 0.0119559791725202
Calculating Hessian
There were 15 warnings (use warnings() to see them)
Script complete
Fri Nov 15 21:25:53 MST 2024
