Fri Nov 15 15:54:55 MST 2024
Initiating script
── Attaching core tidyverse packages ──────────────────────── tidyverse 2.0.0 ──
✔ dplyr     1.1.4     ✔ readr     2.1.5
✔ forcats   1.0.0     ✔ stringr   1.5.1
✔ ggplot2   3.5.1     ✔ tibble    3.2.1
✔ lubridate 1.9.3     ✔ tidyr     1.3.1
✔ purrr     1.0.2     
── Conflicts ────────────────────────────────────────── tidyverse_conflicts() ──
✖ ggplot2::annotate() masks ctmm::annotate()
✖ dplyr::filter()     masks stats::filter()
✖ dplyr::lag()        masks stats::lag()
ℹ Use the conflicted package (<http://conflicted.r-lib.org/>) to force all conflicts to become errors
Linking to GEOS 3.9.5, GDAL 3.8.5, PROJ 9.4.0; sf_use_s2() is TRUE
Loading required package: sp

Attaching package: ‘raster’

The following object is masked from ‘package:dplyr’:

    select

The following objects are masked from ‘package:ctmm’:

    projection, projection<-

terra 1.7.78

Attaching package: ‘terra’

The following object is masked from ‘package:tidyr’:

    extract

The following objects are masked from ‘package:ctmm’:

    distance, meta

[1] "/home/u15/mmercer3/proj/habitat_analysis_class/Final/Model_Fit_Results/Carrie_rr.Rda"
     [,1]                                
[1,] "Data loaded at 2024-11-15 15:55:05"
Reading layer `major' from data source 
  `/home/u15/mmercer3/proj/habitat_analysis_class/Final/Major_Roads' 
  using driver `ESRI Shapefile'
Simple feature collection with 411 features and 7 fields
Geometry type: LINESTRING
Dimension:     XY
Bounding box:  xmin: 477946 ymin: 3545735 xmax: 511807.9 ymax: 3592212
Projected CRS: WGS 84 / UTM zone 12N
     [,1]                                 
[1,] "Roads loaded at 2024-11-15 15:55:05"
Default grid size of 1.00208333333333 hours chosen for bandwidth(...,fast=TRUE).
|---------|---------|---------|---------|=========================================                                          [1] 1681968
[1] 1681968
Starting buffer 30 
Maximizing likelihood @ n=1×2057=2057
 SD[log(ℓ)] = 6.94523095706886
 Δlog(ℓ) = Inf
 Δβ/SD[β] = -1.17195189507401 0.0550805783921384 0.0667915040910772 -1.19622597915949 0.572192546369949 0.252518954690756
Maximizing likelihood @ n=2×2057=4114
 SD[log(ℓ)] = 5.46077508665775
 Δlog(ℓ) = 17.9301652931437
 Δβ/SD[β] = -6.32368658684131 -0.0980358185829008 -0.0341400801689582 -0.197772630359827 0.0764027153681393 0.116653816230032
Maximizing likelihood @ n=4×2057=8228
 SD[log(ℓ)] = 4.2805909707883
 Δlog(ℓ) = 13.5285013958505
 Δβ/SD[β] = -1.14468509766876 0.798208450459389 0.0629519680286783 -0.544697267691254 0.493154151136132 0.530406585173043
Maximizing likelihood @ n=8×2057=16456
 SD[log(ℓ)] = 3.18851645255167
 Δlog(ℓ) = 4.95842781355864
 Δβ/SD[β] = -0.280773840619422 0.369889188425811 0.420001939882151 0.178438336608452 0.470350018781072 0.573079411294614
Maximizing likelihood @ n=16×2057=32912
 SD[log(ℓ)] = 2.33888754801833
 Δlog(ℓ) = 5.1018277284052
 Δβ/SD[β] = -0.268556117230261 0.523254249881284 0.160166638590105 -0.254061003230391 0.0814728861947006 0.244372210610214
Maximizing likelihood @ n=32×2057=65824
 SD[log(ℓ)] = 1.70545969888371
 Δlog(ℓ) = 0.634635785618258
 Δβ/SD[β] = -0.049379611356989 0.448185290747713 0.146598253335294 -0.214827517714863 0.0730867095042049 0.16926110819455
Maximizing likelihood @ n=64×2057=131648
 SD[log(ℓ)] = 1.22297131788849
 Δlog(ℓ) = 2.10921304645254
 Δβ/SD[β] = -0.0394071600378409 -0.00288358596957715 -0.057875076841699 -0.215995204041559 0.0557635746778791 0.0207747132726775
Maximizing likelihood @ n=128×2057=263296
 SD[log(ℓ)] = 0.879012871232594
 Δlog(ℓ) = 0.457507465729748
 Δβ/SD[β] = -0.0423129147186073 -0.0669050814195928 -0.0482139677507055 -0.0931503643102238 0.0178384572470214 0.0533409174769772
Maximizing likelihood @ n=256×2057=526592
 SD[log(ℓ)] = 0.622230134665421
 Δlog(ℓ) = 0.613521514447399
 Δβ/SD[β] = -0.0752698817825384 0.00539192779628718 -0.00678437061629991 -0.068812227704809 -0.0312289778780593 -0.019102024362537
Maximizing likelihood @ n=512×2057=1053184
 SD[log(ℓ)] = 0.456221461140629
 Δlog(ℓ) = 0.731454245732806
 Δβ/SD[β] = -0.0392790685351231 -0.0204160673896871 -0.00374902748050957 0.0434153034872131 0.0412774521409317 0.0376159650912018
Maximizing likelihood @ n=1024×2057=2106368
 SD[log(ℓ)] = 0.321102589990996
 Δlog(ℓ) = -0.203857681077608
 Δβ/SD[β] = -0.0261705784323658 0.00448023520232318 0.00789820678633306 1.26372865930622e-05 -0.0307658332111348 -0.0155249293903585
Maximizing likelihood @ n=2048×2057=4212736
 SD[log(ℓ)] = 0.228435315229054
 Δlog(ℓ) = 0.209479686795959
 Δβ/SD[β] = -0.00541319452384669 0.00694751207439671 -0.00343204495610136 -0.0154687845806199 0.0130626132919063 -0.0138454340794809
Maximizing likelihood @ n=4096×2057=8425472
 SD[log(ℓ)] = 0.161456496769645
 Δlog(ℓ) = -0.14824948859706
 Δβ/SD[β] = 0.00868342871630613 0.0284452697723001 0.00950262997134386 -0.0115537363172854 -0.00317361599986818 -0.044803657999383
Maximizing likelihood @ n=8192×2057=16850944
 SD[log(ℓ)] = 0.113836211510725
 Δlog(ℓ) = -0.0678029686853279
 Δβ/SD[β] = 0.00121304209822399 0.0105836901049035 -0.00153641340642847 -0.00535019509373129 -0.0162155774152051 0.00538984944741491
Calculating Hessian
Maximizing likelihood @ n=1×2057=2057
 SD[log(ℓ)] = 6.63698606723946
 Δlog(ℓ) = Inf
 Δβ/SD[β] = -0.86819363376863 0.08977395256552 0.0334591172229465 -1.13938835548607 0.551491573370791 0.242883023702747
Maximizing likelihood @ n=2×2057=4114
 SD[log(ℓ)] = 5.56964588901273
 Δlog(ℓ) = 28.0011883548965
 Δβ/SD[β] = -5.9770961980497 -0.067212368839262 -0.346729528167799 -0.356867276083947 0.143547059647954 0.168870717767996
Maximizing likelihood @ n=4×2057=8228
 SD[log(ℓ)] = 4.05432216270935
 Δlog(ℓ) = 0.599899544066233
 Δβ/SD[β] = -0.242511226279775 0.139927500415803 -0.183315300074177 -0.0340720565036452 0.279532061183068 -0.630144530482096
Maximizing likelihood @ n=8×2057=16456
 SD[log(ℓ)] = 3.08948472942077
 Δlog(ℓ) = 11.3484698815644
 Δβ/SD[β] = -0.187821509552286 0.0779282638263783 0.111517955576317 -0.922118274116083 0.309970200463285 0.215311215243441
Maximizing likelihood @ n=16×2057=32912
 SD[log(ℓ)] = 2.25617331257863
 Δlog(ℓ) = 0.449617898391352
 Δβ/SD[β] = 0.225217007575444 0.345135230217834 -0.141900997017848 0.0191654093865678 0.129517501950767 0.172571868664287
Maximizing likelihood @ n=32×2057=65824
 SD[log(ℓ)] = 1.63735743111946
 Δlog(ℓ) = 2.53404875280071
 Δβ/SD[β] = -0.0867803855738554 0.240931186116942 -0.0958469528118512 -0.271304818113623 0.0530421495899742 0.190502540109546
Maximizing likelihood @ n=64×2057=131648
 SD[log(ℓ)] = 1.15834726252794
 Δlog(ℓ) = 0.982072122908335
 Δβ/SD[β] = -0.0585279471984989 0.207149376871298 0.0694539998971579 -0.132454476630226 0.0569789342011387 0.135287049958329
Maximizing likelihood @ n=128×2057=263296
 SD[log(ℓ)] = 0.822089606380422
 Δlog(ℓ) = 0.250950821217941
 Δβ/SD[β] = 0.0861621224604273 0.282232470072825 -0.119952401768014 -0.0468224350651272 -0.0871458724858675 0.0374011961445141
Maximizing likelihood @ n=256×2057=526592
 SD[log(ℓ)] = 0.582197589408347
 Δlog(ℓ) = 0.744810552264454
 Δβ/SD[β] = -0.041104724625345 -0.0273953953111721 0.0014709470398412 -0.018747050502555 0.0604926059179062 -0.0104487825083835
Maximizing likelihood @ n=512×2057=1053184
 SD[log(ℓ)] = 0.410569614886498
 Δlog(ℓ) = 0.236272092849589
 Δβ/SD[β] = 0.00652302331628773 0.023958737032472 -0.0220268759623367 -0.0805069942413812 -0.041497635202989 0.00157413154242362
Maximizing likelihood @ n=1024×2057=2106368
 SD[log(ℓ)] = 0.29190541031747
 Δlog(ℓ) = -0.0392666535130672
 Δβ/SD[β] = 0.00143240216383198 -0.0173590701469915 -0.0123093158047063 -0.0183495793537294 0.0393861103127648 -0.00773815722564612
Maximizing likelihood @ n=2048×2057=4212736
 SD[log(ℓ)] = 0.206790394436385
 Δlog(ℓ) = 0.147995864330454
 Δβ/SD[β] = -0.0157660432333389 -0.0123401266211274 -0.020013172517142 -0.00568218018396829 0.0207971548434925 -0.0132348446365919
Maximizing likelihood @ n=4096×2057=8425472
 SD[log(ℓ)] = 0.146268779790191
 Δlog(ℓ) = 0.124754558440003
 Δβ/SD[β] = -0.0078451068532119 0.00751153873725947 -0.0180259460941004 -0.00943354676613987 -0.0253141427168716 0.000752799354639493
Maximizing likelihood @ n=8192×2057=16850944
 SD[log(ℓ)] = 0.103576880872773
 Δlog(ℓ) = 0.0476855302752313
 Δβ/SD[β] = -0.0252654750075904 0.000904808891690009 -0.0196826804180883 -0.0216508021934545 0.018073699055582 -0.00636153222102307
Calculating Hessian
Maximizing likelihood @ n=1×2057=2057
 SD[log(ℓ)] = 7.97656841408158
 Δlog(ℓ) = Inf
 Δβ/SD[β] = 7.99141870779492 0.0143133481963127 -0.00984384391780499 -1.26575876829164 0.565989837642634 0.266487081701746
Maximizing likelihood @ n=2×2057=4114
 SD[log(ℓ)] = 6.34728029082428
 Δlog(ℓ) = 18.8674074670189
 Δβ/SD[β] = 1.82251493900964 0.377339284942556 0.104371841986218 -0.260153743120055 0.497932898951303 0.791054770543258
Maximizing likelihood @ n=4×2057=8228
 SD[log(ℓ)] = 4.72695037979385
 Δlog(ℓ) = 4.77022064132979
 Δβ/SD[β] = 0.0325337014672069 0.837975355413115 -0.383967024359441 -0.0489618467478598 0.0534806360838842 0.117202587736384
Maximizing likelihood @ n=8×2057=16456
 SD[log(ℓ)] = 3.4964339503127
 Δlog(ℓ) = 0.671679012724695
 Δβ/SD[β] = -0.0176863325920962 1.87759922906053 -0.131262293048769 0.0219721076991325 0.146934460549469 -0.0980819937977763
Maximizing likelihood @ n=16×2057=32912
 SD[log(ℓ)] = 2.49762607342954
 Δlog(ℓ) = -0.320433259045984
 Δβ/SD[β] = -0.135771968373408 0.0478196618590728 0.0660036483626643 -0.0675330958755932 0.161913756546516 -0.141942985912507
Maximizing likelihood @ n=32×2057=65824
 SD[log(ℓ)] = 1.83587534087173
 Δlog(ℓ) = 2.11855813225324
 Δβ/SD[β] = 0.149051080688087 0.250283855212307 -0.0240004767453207 -0.404467069826518 0.137941191024213 -0.0063296369902648
Maximizing likelihood @ n=64×2057=131648
 SD[log(ℓ)] = 1.30930716930507
 Δlog(ℓ) = 0.713744466709954
 Δβ/SD[β] = 0.0367406373042297 0.0165071366595089 0.0230400644173429 0.0692862054537912 0.0462473574418529 0.0428380044745055
Maximizing likelihood @ n=128×2057=263296
 SD[log(ℓ)] = 0.938990209287006
 Δlog(ℓ) = 0.567951560144508
 Δβ/SD[β] = 0.0200556604556408 -0.00677737237594645 -0.0466993084492155 -0.11109564913523 -0.028933565873956 0.166665194947025
Maximizing likelihood @ n=256×2057=526592
 SD[log(ℓ)] = 0.674192506759532
 Δlog(ℓ) = 0.55595368634053
 Δβ/SD[β] = 0.0382982519061805 0.00175996650492486 -0.0294608232853929 -0.00204529584831715 0.0473016710858095 0.0219742725661874
Maximizing likelihood @ n=512×2057=1053184
 SD[log(ℓ)] = 0.519327875764029
 Δlog(ℓ) = -0.389689455817603
 Δβ/SD[β] = 0.00403951479201446 -0.0753504422947771 -0.0434521446545645 0.111636044160035 -0.0441706096136157 -0.00142101842058652
Maximizing likelihood @ n=1024×2057=2106368
 SD[log(ℓ)] = 0.355477654753584
 Δlog(ℓ) = 0.748079691893423
 Δβ/SD[β] = 0.0124557099859326 -0.0364870118074741 -0.0278080774730838 -0.0892408405794199 0.0138708964110922 0.0638309873164397
Maximizing likelihood @ n=2048×2057=4212736
 SD[log(ℓ)] = 0.249077067105025
 Δlog(ℓ) = -0.463558712468654
 Δβ/SD[β] = 7.44177373928529e-05 -0.0228532165734123 -0.0216762405123635 0.0716435259470419 0.00868188826349959 -0.0290926106868505
Maximizing likelihood @ n=4096×2057=8425472
 SD[log(ℓ)] = 0.174751963597562
 Δlog(ℓ) = 0.0993542414877027
 Δβ/SD[β] = 0.0203073079198202 -0.141616702617802 -0.0225326538765211 -0.0421408957583661 -0.0107731813114455 0.0600362344760012
Maximizing likelihood @ n=8192×2057=16850944
 SD[log(ℓ)] = 0.122836542195222
 Δlog(ℓ) = -0.231897611111236
 Δβ/SD[β] = -0.0226947909383629 -0.0134809376876237 -0.00741527183824655 0.0392631699716345 0.0260781086941695 -0.023473536802357
Calculating Hessian
Maximizing likelihood @ n=1×2057=2057
 SD[log(ℓ)] = 7.47795737535071
 Δlog(ℓ) = Inf
 Δβ/SD[β] = 15.4701375073373 4.04906109305908 1.96896638455854 -28.098711041389 3.5688925716502 2.67305480812189
Maximizing likelihood @ n=2×2057=4114
 SD[log(ℓ)] = 6.0193629386986
 Δlog(ℓ) = 20.934441615694
 Δβ/SD[β] = 1.56432750859619 0.424819907508484 0.402848156932225 1.01917166819894 1.41842318800624 1.16684932078351
Maximizing likelihood @ n=4×2057=8228
 SD[log(ℓ)] = 4.58484814333064
 Δlog(ℓ) = 11.273369094808
 Δβ/SD[β] = 0.512403259135125 0.715365530296316 -0.29329593398659 -0.493018432807278 0.654900122472636 0.565272648808959
Maximizing likelihood @ n=8×2057=16456
 SD[log(ℓ)] = 3.38596475807247
 Δlog(ℓ) = 5.85395831965468
 Δβ/SD[β] = 0.608215564358156 0.174950721694882 0.241075305376355 0.167759411529879 0.381053780940458 0.392799010502749
Maximizing likelihood @ n=16×2057=32912
 SD[log(ℓ)] = 2.46990049183648
 Δlog(ℓ) = 2.07906530387535
 Δβ/SD[β] = 0.162973833812072 0.299393606533039 0.644829063282232 0.33248471480633 0.159003472114189 0.186664880503336
Maximizing likelihood @ n=32×2057=65824
 SD[log(ℓ)] = 1.7708790894087
 Δlog(ℓ) = 3.03166910273077
 Δβ/SD[β] = -0.0400296356860335 0.271279248770743 0.128801466755382 -0.0763246696586099 0.114645742742572 0.114918690945193
Maximizing likelihood @ n=64×2057=131648
 SD[log(ℓ)] = 1.25091963988051
 Δlog(ℓ) = -0.109356833889109
 Δβ/SD[β] = -0.0776975643726069 -0.0547000827981011 0.0402417043885514 -0.19058988783885 0.0338458214165846 0.0434929328866372
Maximizing likelihood @ n=128×2057=263296
 SD[log(ℓ)] = 0.88476578523432
 Δlog(ℓ) = 0.20090879266445
 Δβ/SD[β] = -0.0683097446667605 -0.0220806620962599 0.0138174452673527 -0.0105652766696103 0.0259766253436663 -0.0111303441105046
Maximizing likelihood @ n=256×2057=526592
 SD[log(ℓ)] = 0.62892651863634
 Δlog(ℓ) = 0.00768964691047813
 Δβ/SD[β] = 0.0161581018994844 -0.00140370425458352 -0.00109689926269187 -0.0197640777850624 -0.0218585826713931 0.00542991595813493
Maximizing likelihood @ n=512×2057=1053184
 SD[log(ℓ)] = 0.442538680473151
 Δlog(ℓ) = 0.0805070658020668
 Δβ/SD[β] = -0.0407123836717029 0.00261002315131488 0.00731567235446434 -0.0405937738376368 0.0269254291193463 -0.0132838932254633
Maximizing likelihood @ n=1024×2057=2106368
 SD[log(ℓ)] = 0.312621138152628
 Δlog(ℓ) = -0.00299068741512087
 Δβ/SD[β] = 0.0336916140814113 0.0110621130798234 0.0287050708269823 -0.0678864805141153 -0.038735770591233 0.00471700778012327
Maximizing likelihood @ n=2048×2057=4212736
 SD[log(ℓ)] = 0.221593802864399
 Δlog(ℓ) = -0.053270429161131
 Δβ/SD[β] = -0.0327827997390546 -0.0535740125984396 0.00161483416960675 -0.0537217145048023 0.0511410310690232 0.0223710069847128
Maximizing likelihood @ n=4096×2057=8425472
 SD[log(ℓ)] = 0.156478841701537
 Δlog(ℓ) = 0.281510892941327
 Δβ/SD[β] = -0.0144119484012758 0.0293167393815241 0.0105703922990306 -0.028308536770565 -0.0225936825120053 0.00915638753347916
Maximizing likelihood @ n=8192×2057=16850944
 SD[log(ℓ)] = 0.110790791108461
 Δlog(ℓ) = 0.104696168507445
 Δβ/SD[β] = -0.00762608512273865 0.00575257244543493 0.00298345303040412 -0.0180442666811406 0.0143876776826604 -0.00117364311769193
Calculating Hessian
Starting buffer 750 
Maximizing likelihood @ n=1×2057=2057
 SD[log(ℓ)] = 6.27709787628764
 Δlog(ℓ) = Inf
 Δβ/SD[β] = 0.0119760363160457 0.0998748507085409 0.0599830035034307 -1.15102847892506 0.306656587214504 0.207111407344318
Maximizing likelihood @ n=2×2057=4114
 SD[log(ℓ)] = 5.27589127495619
 Δlog(ℓ) = 16.3135377787947
 Δβ/SD[β] = -0.217617219292108 0.210130108778237 -0.223529607581382 -0.0187834601803221 0.366318469283115 0.26599460481688
Maximizing likelihood @ n=4×2057=8228
 SD[log(ℓ)] = 4.08632488061442
 Δlog(ℓ) = 12.9009452777226
 Δβ/SD[β] = 0.336371213053338 0.263328714271527 -0.269877650860077 -0.861162918090269 0.573867906302268 0.181581980058443
Maximizing likelihood @ n=8×2057=16456
 SD[log(ℓ)] = 2.99475010658912
 Δlog(ℓ) = -0.363069039484316
 Δβ/SD[β] = 0.13383240103887 0.0575605509683085 0.119746877940629 -0.15146966173423 0.0128611699624888 0.0568303888849501
Maximizing likelihood @ n=16×2057=32912
 SD[log(ℓ)] = 2.14795913738047
 Δlog(ℓ) = 1.82344485046229
 Δβ/SD[β] = -0.0143025805446059 0.0041619486652786 0.011333702546817 -0.182506570870561 0.0292065940345835 -0.00406620878086501
Maximizing likelihood @ n=32×2057=65824
 SD[log(ℓ)] = 1.54641503920902
 Δlog(ℓ) = 2.26886760094908
 Δβ/SD[β] = -0.0692256846904394 -0.0727524417814755 0.104375831077648 -0.058615026404429 0.117487738740604 0.100752534821253
Maximizing likelihood @ n=64×2057=131648
 SD[log(ℓ)] = 1.1005664406821
 Δlog(ℓ) = -0.353766860289568
 Δβ/SD[β] = -0.0544218566229908 -0.0938233194956665 0.0665461726203393 -0.146507808685838 0.00436130964805864 0.0923292181197689
Maximizing likelihood @ n=128×2057=263296
 SD[log(ℓ)] = 0.784747626048254
 Δlog(ℓ) = 0.229331550937275
 Δβ/SD[β] = 0.0234702612826335 0.0318694695741485 0.000192496187390492 0.0409698261342445 0.023873835469083 0.00883140376196861
Maximizing likelihood @ n=256×2057=526592
 SD[log(ℓ)] = 0.555189953105103
 Δlog(ℓ) = 0.122796844412164
 Δβ/SD[β] = -0.0360491880511539 0.08142552039414 0.057853466602567 -0.013043373966535 -0.0308934927116283 0.0346813203843046
Maximizing likelihood @ n=512×2057=1053184
 SD[log(ℓ)] = 0.392155114515953
 Δlog(ℓ) = -0.280924112790473
 Δβ/SD[β] = 0.0197694970319461 0.026375168908273 0.0277343848740609 0.0393688361969786 0.0182582661204302 0.0104863401805069
Maximizing likelihood @ n=1024×2057=2106368
 SD[log(ℓ)] = 0.27898496776579
 Δlog(ℓ) = 0.370733178409125
 Δβ/SD[β] = -0.0469835232077626 0.110663273290716 0.100912167320634 -0.0791087388619152 4.10182859130831e-05 0.0223012533457968
Maximizing likelihood @ n=2048×2057=4212736
 SD[log(ℓ)] = 0.197257127994403
 Δlog(ℓ) = 0.0681631334708754
 Δβ/SD[β] = -0.00104098250860794 -0.0278725816174947 0.0154688996238797 0.03358447839903 0.0212203308110905 -0.00551620047123089
Maximizing likelihood @ n=4096×2057=8425472
 SD[log(ℓ)] = 0.139333893581301
 Δlog(ℓ) = 0.11447355874509
 Δβ/SD[β] = 0.00905493819438235 0.0137208317704907 0.0230160224644019 -0.0039874282279702 -0.0297052615591285 0.013258338135578
Maximizing likelihood @ n=8192×2057=16850944
 SD[log(ℓ)] = 0.0988420550305551
 Δlog(ℓ) = -0.0499864457556782
 Δβ/SD[β] = -0.00245400900934942 -0.0167388219673041 0.0342569927393075 -0.0180848616752173 0.0268115235934989 -0.0151581547531858
Calculating Hessian
Maximizing likelihood @ n=1×2057=2057
 SD[log(ℓ)] = 6.72716613800141
 Δlog(ℓ) = Inf
 Δβ/SD[β] = 0.911298226242687 2.92059010270758 0.43010880821671 -27.0536496505077 4.5572062291124 4.42175679412411
Maximizing likelihood @ n=2×2057=4114
 SD[log(ℓ)] = 5.36492139949918
 Δlog(ℓ) = 18.7906604388061
 Δβ/SD[β] = 0.397856999793977 0.837311728125407 -0.280386333957796 -0.331714987391476 1.20795293862804 0.338854687552379
Maximizing likelihood @ n=4×2057=8228
 SD[log(ℓ)] = 4.11697234912536
 Δlog(ℓ) = 12.0844357654442
 Δβ/SD[β] = 0.0854556920512232 0.0796894324881229 0.0540685325345118 -0.172421926900875 0.0678222737281231 0.0756414049656234
Maximizing likelihood @ n=8×2057=16456
 SD[log(ℓ)] = 2.9264552728343
 Δlog(ℓ) = -6.23208323267841
 Δβ/SD[β] = 0.345878539478559 -0.243521849184858 0.654382570386641 0.249105846414932 0.0459747528367646 -0.739114531930055
Maximizing likelihood @ n=16×2057=32912
 SD[log(ℓ)] = 2.17859595652748
 Δlog(ℓ) = 2.59845942447805
 Δβ/SD[β] = 0.0365991354563218 0.241661519512826 0.223473985230617 -0.424208200763097 0.0975978700715117 0.313461342983818
Maximizing likelihood @ n=32×2057=65824
 SD[log(ℓ)] = 1.59277661310974
 Δlog(ℓ) = 3.37364074387247
 Δβ/SD[β] = 0.00129605436710369 0.0840530824216886 -0.00155515603258315 -0.345704980069056 0.00832515442924614 0.149230439105143
Maximizing likelihood @ n=64×2057=131648
 SD[log(ℓ)] = 1.12993173294269
 Δlog(ℓ) = 0.453286738459724
 Δβ/SD[β] = -0.00859961075014686 0.0929205264492404 0.0678423018058472 -0.100704302716116 0.0366318873002239 0.108567415958931
Maximizing likelihood @ n=128×2057=263296
 SD[log(ℓ)] = 0.794384249917544
 Δlog(ℓ) = 0.648186935341442
 Δβ/SD[β] = -0.0254870549905715 -0.0876231968072021 0.0981674342159785 -0.167703259430268 -0.0018947369524336 0.120602165941647
Maximizing likelihood @ n=256×2057=526592
 SD[log(ℓ)] = 0.568959216401012
 Δlog(ℓ) = 0.229071956201182
 Δβ/SD[β] = -0.00198821152320416 0.00980888322828418 0.0162314159682275 -0.00777850139402474 0.0199589331314469 -0.00368665690269243
Maximizing likelihood @ n=512×2057=1053184
 SD[log(ℓ)] = 0.400748163710391
 Δlog(ℓ) = 0.483910701715928
 Δβ/SD[β] = -0.0261798079475961 0.0688569746880681 0.053524222382282 -0.148126618709059 0.00785037221191319 0.0240730235900916
Maximizing likelihood @ n=1024×2057=2106368
 SD[log(ℓ)] = 0.280227251068537
 Δlog(ℓ) = 0.0429049755638573
 Δβ/SD[β] = -0.0334935918732958 0.0306000572882925 0.0308485683879959 0.00993233033359562 -0.03904292575312 0.0356248454604414
Maximizing likelihood @ n=2048×2057=4212736
 SD[log(ℓ)] = 0.198652886519801
 Δlog(ℓ) = 0.193362029445467
 Δβ/SD[β] = -0.00927171447992961 0.010672632948496 0.022569431701566 -0.0390426066436299 0.0397466795034564 0.0141069663172263
Maximizing likelihood @ n=4096×2057=8425472
 SD[log(ℓ)] = 0.139999334415438
 Δlog(ℓ) = 0.0196085375723385
 Δβ/SD[β] = 0.00882283236946213 0.00145827948358226 0.0340059133130588 -0.0248069361944772 -0.0274890427300099 -0.0255453611058432
Maximizing likelihood @ n=8192×2057=16850944
 SD[log(ℓ)] = 0.0993969586539134
 Δlog(ℓ) = -0.0231150099229183
 Δβ/SD[β] = -0.000583958699514266 -0.00426803427498126 0.0224614885532491 -0.0104110794670084 0.0239443911730819 -0.00220106176935719
Calculating Hessian
Maximizing likelihood @ n=1×2057=2057
 SD[log(ℓ)] = 6.8383816779248
 Δlog(ℓ) = Inf
 Δβ/SD[β] = 1.30772545498975 3.36762179582888 1.11203227333678 -29.6529834350418 3.74337892630242 3.69550571051463
Maximizing likelihood @ n=2×2057=4114
 SD[log(ℓ)] = 5.24925901567374
 Δlog(ℓ) = 10.4989092463505
 Δβ/SD[β] = 0.139261992298937 1.18111646196167 -0.158303129477581 0.827460903074601 0.81016202947712 0.979972886699174
Maximizing likelihood @ n=4×2057=8228
 SD[log(ℓ)] = 3.91740805062263
 Δlog(ℓ) = 6.68267831894953
 Δβ/SD[β] = 0.153435666164599 0.0800584198104458 0.115331930630088 -0.423615112196698 0.256810727336977 0.18616776017115
Maximizing likelihood @ n=8×2057=16456
 SD[log(ℓ)] = 2.90687192694206
 Δlog(ℓ) = 6.30304892863296
 Δβ/SD[β] = -0.0423328976472324 -0.0404786820004004 0.00379648042694042 -0.317324127187355 0.405747164283561 -0.0313212074967624
Maximizing likelihood @ n=16×2057=32912
 SD[log(ℓ)] = 2.1110321729402
 Δlog(ℓ) = 2.30953921185494
 Δβ/SD[β] = -0.0583160974488855 -0.0547757272873841 -0.102061069384671 -0.242665316041243 0.226151957938168 0.0676279584215824
Maximizing likelihood @ n=32×2057=65824
 SD[log(ℓ)] = 1.52913432586102
 Δlog(ℓ) = 2.25268316324022
 Δβ/SD[β] = 0.0751280633911963 -0.101752578810042 -0.0723510197532846 -0.278342210815646 0.0564069715701993 0.115180270966136
Maximizing likelihood @ n=64×2057=131648
 SD[log(ℓ)] = 1.10483182674909
 Δlog(ℓ) = 0.742830620987576
 Δβ/SD[β] = 0.0489194077889612 0.0211938455332489 -0.0131906252777544 -0.178050955335512 -0.0212127074140914 0.054637970778163
Maximizing likelihood @ n=128×2057=263296
 SD[log(ℓ)] = 0.779764616178226
 Δlog(ℓ) = 0.0895350393747947
 Δβ/SD[β] = -0.0457141788427594 0.0831430923752071 0.0546213024772253 -0.169610182542371 0.0221365263125379 -0.0638120219753649
Maximizing likelihood @ n=256×2057=526592
 SD[log(ℓ)] = 0.553148934785162
 Δlog(ℓ) = 0.278834969053804
 Δβ/SD[β] = 0.0181344657087312 -0.00581557936273647 0.000500211144904461 -0.0317639673690849 0.0366831378890765 -0.0337673913648904
Maximizing likelihood @ n=512×2057=1053184
 SD[log(ℓ)] = 0.392418362341862
 Δlog(ℓ) = 0.744654772392465
 Δβ/SD[β] = 0.00815805256713611 0.010308949297225 0.0141884173519026 0.0127166159296213 0.0171958343438913 0.0167584551520838
Maximizing likelihood @ n=1024×2057=2106368
 SD[log(ℓ)] = 0.277338271177645
 Δlog(ℓ) = -0.100046031456259
 Δβ/SD[β] = 0.00461041540928257 0.00189962803832078 0.0101890129303801 -0.0161399372463273 -0.0158909844188721 0.0145537313569841
Maximizing likelihood @ n=2048×2057=4212736
 SD[log(ℓ)] = 0.196898280814542
 Δlog(ℓ) = -0.1183272381233
 Δβ/SD[β] = 0.00163544685714499 -0.0084151937872865 0.000480931144976033 0.0143699930090343 0.0109585357562949 0.00507417427936702
Maximizing likelihood @ n=4096×2057=8425472
 SD[log(ℓ)] = 0.139467308189742
 Δlog(ℓ) = 0.140617308666037
 Δβ/SD[β] = 0.00843822677991628 -0.00393161101475478 -0.00746157648595496 -0.0236953830763054 0.00236011371248311 0.0125420514028088
Maximizing likelihood @ n=8192×2057=16850944
 SD[log(ℓ)] = 0.0987745336626849
 Δlog(ℓ) = 0.105247823017322
 Δβ/SD[β] = 9.88117819144259e-05 0.0120485818576727 0.0142664275592292 -0.0163040912733519 0.000929587024322841 0.0177781606423431
Calculating Hessian
Maximizing likelihood @ n=1×2057=2057
 SD[log(ℓ)] = 6.73245867127938
 Δlog(ℓ) = Inf
 Δβ/SD[β] = 0.331630059219569 2.80073022820194 0.559929311618555 -25.8141107447852 3.61537528174904 4.45420107633398
Maximizing likelihood @ n=2×2057=4114
 SD[log(ℓ)] = 5.11434850203431
 Δlog(ℓ) = 8.66201060589297
 Δβ/SD[β] = -0.129207524482128 -0.107127806462583 -0.00513297091375149 -0.171099998966993 0.111588717983109 -0.0570673130380641
Maximizing likelihood @ n=4×2057=8228
 SD[log(ℓ)] = 3.91596497739063
 Δlog(ℓ) = 10.015620526709
 Δβ/SD[β] = 0.0403481105613136 0.673148150807017 0.0963863425227287 -1.01878357518787 0.485431158285523 0.216597355373686
Maximizing likelihood @ n=8×2057=16456
 SD[log(ℓ)] = 2.88018428741378
 Δlog(ℓ) = 5.08399992088346
 Δβ/SD[β] = -0.0699530014842566 0.629948432965888 0.093701987773376 0.0827354048875454 0.556171200666505 0.0973964792786743
Maximizing likelihood @ n=16×2057=32912
 SD[log(ℓ)] = 2.10901958929236
 Δlog(ℓ) = 4.79099416344815
 Δβ/SD[β] = -0.242519425490327 0.2678686835515 -0.0722235441224971 -0.336993660318771 0.0603729005907698 0.0607590360165671
Maximizing likelihood @ n=32×2057=65824
 SD[log(ℓ)] = 1.52255134223637
 Δlog(ℓ) = 1.63472918218241
 Δβ/SD[β] = 0.0317060289014647 -0.13955358248087 -0.05990079388071 -0.409057837822171 0.111285203993082 0.0253909463326856
Maximizing likelihood @ n=64×2057=131648
 SD[log(ℓ)] = 1.09233522087666
 Δlog(ℓ) = 0.52845950905575
 Δβ/SD[β] = -0.0213711530965987 0.0322766392572358 0.0331422412579044 0.00412260114676168 0.0205494776147488 0.158389201316866
Maximizing likelihood @ n=128×2057=263296
 SD[log(ℓ)] = 0.780326081857663
 Δlog(ℓ) = 2.14256252227696
 Δβ/SD[β] = 0.101628886942196 0.269091645164667 0.152613547899517 -0.0688912617816236 0.116771717609438 0.113684205402668
Maximizing likelihood @ n=256×2057=526592
 SD[log(ℓ)] = 0.551306779673231
 Δlog(ℓ) = 0.0565086754207016
 Δβ/SD[β] = 0.0329342817098098 0.0389113033579698 0.0400256583017167 -0.0354698621260454 -0.0637668413503061 0.0144242511831243
Maximizing likelihood @ n=512×2057=1053184
 SD[log(ℓ)] = 0.391856575357289
 Δlog(ℓ) = -0.250803019987927
 Δβ/SD[β] = 0.0310637929903991 0.00390152219405039 0.0344743293155131 0.0333299990373708 0.0266540638903144 -0.0216427648313045
Maximizing likelihood @ n=1024×2057=2106368
 SD[log(ℓ)] = 0.278009232181002
 Δlog(ℓ) = 0.272977030923983
 Δβ/SD[β] = -0.0241948643223337 0.03374019446039 0.0178023264454165 -0.047083166242196 -0.000877869028264244 -0.0268302883973881
Maximizing likelihood @ n=2048×2057=4212736
 SD[log(ℓ)] = 0.196498251536248
 Δlog(ℓ) = -0.194264797765555
 Δβ/SD[β] = 0.00592525774053818 -0.00407731267665031 0.0216799222473699 0.0341899925972844 -0.0275894049673139 -0.0118694206934499
Maximizing likelihood @ n=4096×2057=8425472
 SD[log(ℓ)] = 0.139408082851762
 Δlog(ℓ) = -0.0222433228258012
 Δβ/SD[β] = -0.0113508220763533 0.0084137877040728 0.0685532624487902 0.0154367142256679 0.0473929291416386 0.0181204120840476
Maximizing likelihood @ n=8192×2057=16850944
 SD[log(ℓ)] = 0.098496770035365
 Δlog(ℓ) = -0.00221219119634952
 Δβ/SD[β] = -0.0011515079556151 -0.00127170764436505 0.0166889939568108 0.00296277838665171 -0.0341814861308929 -0.01113498987268
Calculating Hessian
Starting buffer 1500 
Maximizing likelihood @ n=1×2057=2057
 SD[log(ℓ)] = 6.95666082374564
 Δlog(ℓ) = Inf
 Δβ/SD[β] = 0.560222915577328 3.2870222368351 0.476426838427465 -24.7697690056773 5.03470908823395 4.29705215826056
Maximizing likelihood @ n=2×2057=4114
 SD[log(ℓ)] = 5.50750957211206
 Δlog(ℓ) = 16.5605676148101
 Δβ/SD[β] = -0.155117015611231 -0.0626993585423418 -0.252741323085708 -1.19061340119878 1.16389344452026 0.498643525381568
Maximizing likelihood @ n=4×2057=8228
 SD[log(ℓ)] = 4.15773090893994
 Δlog(ℓ) = 8.53618257056536
 Δβ/SD[β] = 0.0858815855806839 0.3516395538011 0.0801081448448087 -0.772384181339372 0.64780715884962 -0.0305284410277825
Maximizing likelihood @ n=8×2057=16456
 SD[log(ℓ)] = 3.02457085306123
 Δlog(ℓ) = 4.01200066172785
 Δβ/SD[β] = 0.0307226366871541 0.239814498417922 0.200071603292636 0.0404211865965972 0.304830391062024 -0.139950559597297
Maximizing likelihood @ n=16×2057=32912
 SD[log(ℓ)] = 2.14809404104368
 Δlog(ℓ) = -3.2328623322008
 Δβ/SD[β] = -0.00577779736658778 0.10229568809897 0.014390839935056 0.0982540790506574 -0.00329963844592634 0.0780780981562008
Maximizing likelihood @ n=32×2057=65824
 SD[log(ℓ)] = 1.54163156052923
 Δlog(ℓ) = -0.0947859659094377
 Δβ/SD[β] = 0.0105047354334848 -0.00136612687702888 0.0285592434901273 -0.0281227421311368 0.0340026711108123 -0.0115304776624525
Maximizing likelihood @ n=64×2057=131648
 SD[log(ℓ)] = 1.10118029345497
 Δlog(ℓ) = 0.226919083616622
 Δβ/SD[β] = -0.000378239062113185 0.0969155246580463 0.0991451463990357 -0.0160023107036097 0.0251588900370589 -0.00442815947061187
Maximizing likelihood @ n=128×2057=263296
 SD[log(ℓ)] = 0.777019972168662
 Δlog(ℓ) = -0.785319309847011
 Δβ/SD[β] = 0.0196279968929411 -0.0209535098496802 0.0416628663014667 -0.0355132565295276 -0.0556746766706194 0.0101504623155736
Maximizing likelihood @ n=256×2057=526592
 SD[log(ℓ)] = 0.550077548411874
 Δlog(ℓ) = -0.459238135866713
 Δβ/SD[β] = -0.0138159739555206 0.0442016309853504 0.0425220035025732 -0.0431760567599134 -0.0388825051774061 -0.0295594638759785
Maximizing likelihood @ n=512×2057=1053184
 SD[log(ℓ)] = 0.394282155357214
 Δlog(ℓ) = 0.495717933913056
 Δβ/SD[β] = 0.0310712675368484 0.0543492168993398 0.0520310827045001 -0.0492794070481464 0.04509649376473 0.063487603588186
Maximizing likelihood @ n=1024×2057=2106368
 SD[log(ℓ)] = 0.277370296525331
 Δlog(ℓ) = 0.0903615271350589
 Δβ/SD[β] = -0.00899561782975897 0.0154994711965823 0.0507265549240484 0.0310461611894963 -0.0202507384239344 0.0380441268446071
Maximizing likelihood @ n=2048×2057=4212736
 SD[log(ℓ)] = 0.197438970950017
 Δlog(ℓ) = 0.197064344651494
 Δβ/SD[β] = -0.00190865712099846 0.00542286617838286 0.0173465627019905 -0.0251764898080937 0.0274734730376657 0.010943553610281
Maximizing likelihood @ n=4096×2057=8425472
 SD[log(ℓ)] = 0.140114593966868
 Δlog(ℓ) = -0.0719338048304792
 Δβ/SD[β] = 0.0154204997785867 -0.000413065420551159 0.0498916593647996 -0.0510210124045238 -0.0108893550930622 -0.00958191299830048
Maximizing likelihood @ n=8192×2057=16850944
 SD[log(ℓ)] = 0.0982082255173313
 Δlog(ℓ) = -0.170592510285616
 Δβ/SD[β] = -0.0695733226619025 -0.0668895249965743 0.15591515710954 0.0263340798343719 -0.04673151692774 -0.0708982386345903
Calculating Hessian
Maximizing likelihood @ n=1×2057=2057
 SD[log(ℓ)] = 6.45536921582338
 Δlog(ℓ) = Inf
 Δβ/SD[β] = -0.504127379719873 2.98358737174484 0.390742596113474 -28.330853426876 5.13612407567133 4.22999732215614
Maximizing likelihood @ n=2×2057=4114
 SD[log(ℓ)] = 5.2844087040502
 Δlog(ℓ) = 22.4747897007624
 Δβ/SD[β] = 0.472228521840309 0.277375320256167 -0.209275011877534 -0.86663995074978 1.475886847789 0.524359841038991
Maximizing likelihood @ n=4×2057=8228
 SD[log(ℓ)] = 3.9311097170128
 Δlog(ℓ) = 4.84313318878615
 Δβ/SD[β] = -0.232855500322156 -0.0322749262871417 0.0533609998161236 -0.544055439951782 0.363931808396501 0.174498432633398
Maximizing likelihood @ n=8×2057=16456
 SD[log(ℓ)] = 2.88974506836766
 Δlog(ℓ) = 6.94093772867771
 Δβ/SD[β] = -0.00109275648818453 0.0245122010130976 0.00960015000576273 -0.0120330526548961 0.0139660852326053 0.0169773237951108
Maximizing likelihood @ n=16×2057=32912
 SD[log(ℓ)] = 2.09919636024464
 Δlog(ℓ) = 1.6387515722104
 Δβ/SD[β] = 0.0537823082514756 0.0601506476142303 0.0779969263040892 -0.381964659923505 0.122595130965909 0.0294894522217308
Maximizing likelihood @ n=32×2057=65824
 SD[log(ℓ)] = 1.54328444492228
 Δlog(ℓ) = 2.78723370199884
 Δβ/SD[β] = 0.00164770202268983 0.379336874575396 0.0120637906375381 -0.0544920901104719 0.116361676224383 -0.00473692914077446
Maximizing likelihood @ n=64×2057=131648
 SD[log(ℓ)] = 1.11118960959872
 Δlog(ℓ) = 0.608056572167868
 Δβ/SD[β] = -0.0460653848740503 0.0580779486471998 0.0342711718951975 -0.0533406487400171 0.0201801079794156 0.005997751394523
Maximizing likelihood @ n=128×2057=263296
 SD[log(ℓ)] = 0.797243285288344
 Δlog(ℓ) = 0.681483701992192
 Δβ/SD[β] = 0.0126486886021666 0.0281711344928646 0.0271877701498499 0.0342351606331251 0.035078434515021 -0.130897798108747
Maximizing likelihood @ n=256×2057=526592
 SD[log(ℓ)] = 0.558742547731854
 Δlog(ℓ) = -0.0414882489479851
 Δβ/SD[β] = -0.0046943676392825 0.0164661079265644 0.028769066878795 -0.0114219447949056 -0.00108171273096706 0.00704468346133119
Maximizing likelihood @ n=512×2057=1053184
 SD[log(ℓ)] = 0.396797977205465
 Δlog(ℓ) = 0.233768432784899
 Δβ/SD[β] = -0.0850799369044142 0.100882024996601 0.144843432039942 -0.0436907552981608 -0.0309151392053319 0.0200978834742895
Maximizing likelihood @ n=1024×2057=2106368
 SD[log(ℓ)] = 0.281116698305082
 Δlog(ℓ) = 0.0478126707285185
 Δβ/SD[β] = -0.0162186702097376 0.0254279194554885 0.0324937855601772 -0.023225065788026 0.0284752859162738 0.033297996512673
Maximizing likelihood @ n=2048×2057=4212736
 SD[log(ℓ)] = 0.197360085057923
 Δlog(ℓ) = -0.131865742209044
 Δβ/SD[β] = -0.00460732587801822 0.000923899115308173 0.00512416691800624 -0.00668833319469339 -0.0240237849937213 0.0167940138909578
Maximizing likelihood @ n=4096×2057=8425472
 SD[log(ℓ)] = 0.139857612877501
 Δlog(ℓ) = 0.280456099772664
 Δβ/SD[β] = 0.0359222191645504 0.0822878468467746 0.103144148291925 0.0202429435167206 0.0045077090853885 0.0174708315496702
Maximizing likelihood @ n=8192×2057=16850944
 SD[log(ℓ)] = 0.0991264228960092
 Δlog(ℓ) = -0.068731090456339
 Δβ/SD[β] = 0.0134846805591196 -0.0647021750491613 0.0494512174190539 -0.0151522500232405 0.0296144587959517 -0.0160863889667568
Calculating Hessian
Maximizing likelihood @ n=1×2057=2057
 SD[log(ℓ)] = 6.87018782445705
 Δlog(ℓ) = Inf
 Δβ/SD[β] = -3.94080817528443 2.86380166259196 1.53657752826642 -26.7217935632543 3.88693180434472 4.7541369300084
Maximizing likelihood @ n=2×2057=4114
 SD[log(ℓ)] = 5.30612735399573
 Δlog(ℓ) = 12.4475038136589
 Δβ/SD[β] = -0.172059767081846 0.51943069768637 -0.199127281118898 -1.04897238462757 0.704057821509243 0.402430330902909
Maximizing likelihood @ n=4×2057=8228
 SD[log(ℓ)] = 3.98185532980235
 Δlog(ℓ) = 7.6513623769864
 Δβ/SD[β] = 0.0254349290526007 0.0285190984583402 -0.13361003918026 -0.843544706805203 0.625791832907374 0.0598892614486195
Maximizing likelihood @ n=8×2057=16456
 SD[log(ℓ)] = 2.95444820850811
 Δlog(ℓ) = 6.7182950115477
 Δβ/SD[β] = 0.14287195092891 0.256472755926557 -0.234535890479623 -0.314775673641637 0.263885544589447 0.165334767852232
Maximizing likelihood @ n=16×2057=32912
 SD[log(ℓ)] = 2.12334954848044
 Δlog(ℓ) = -0.548251506442853
 Δβ/SD[β] = 0.0620306865090872 -0.00580994461406918 0.0462674004548934 0.166302440952193 0.0160736906289486 -0.0932168022533022
Maximizing likelihood @ n=32×2057=65824
 SD[log(ℓ)] = 1.53177727073594
 Δlog(ℓ) = 1.82906742142333
 Δβ/SD[β] = 0.0183313326697031 0.300271865915337 -0.331990225249964 -0.286837265970018 0.0149901031736748 0.0692762458644249
Maximizing likelihood @ n=64×2057=131648
 SD[log(ℓ)] = 1.08467757784183
 Δlog(ℓ) = -0.659735132352154
 Δβ/SD[β] = 0.0240495334428044 0.0497451738695274 0.000593749066970837 0.0637363853636307 0.0480280035048063 -0.00404915421198877
Maximizing likelihood @ n=128×2057=263296
 SD[log(ℓ)] = 0.769220353654441
 Δlog(ℓ) = 0.806116650786464
 Δβ/SD[β] = 0.0160434859193205 0.170087458033652 -0.0780396413748317 0.0837554269177233 -0.0135420309148322 -0.036404946870143
Maximizing likelihood @ n=256×2057=526592
 SD[log(ℓ)] = 0.552847925406505
 Δlog(ℓ) = -0.00262639950832977
 Δβ/SD[β] = -0.00322384672799357 0.0478615879212309 -0.00242058830634941 -0.0095534104848179 0.0539160790221612 0.0367053730637893
Maximizing likelihood @ n=512×2057=1053184
 SD[log(ℓ)] = 0.390035120338234
 Δlog(ℓ) = 0.139079026396331
 Δβ/SD[β] = 0.0223730578726298 0.0391637866110323 0.0140631157681364 -0.0707483418731566 -0.0342669785032066 0.0020765910062817
Maximizing likelihood @ n=1024×2057=2106368
 SD[log(ℓ)] = 0.278632245013669
 Δlog(ℓ) = -0.0236193323478346
 Δβ/SD[β] = 0.000892502030923316 0.00270310664937136 -0.00687487208864509 -0.00397708062149095 0.0206836745528376 0.00563076665171531
Maximizing likelihood @ n=2048×2057=4212736
 SD[log(ℓ)] = 0.197852556948007
 Δlog(ℓ) = 0.141950691352463
 Δβ/SD[β] = -0.00248629227615313 0.00999266650984666 -0.00467556733356327 0.00436773308249734 0.00837008073108274 -0.00493855974077501
Maximizing likelihood @ n=4096×2057=8425472
 SD[log(ℓ)] = 0.139981749928175
 Δlog(ℓ) = 0.23490472708076
 Δβ/SD[β] = 0.011575897051258 0.00593940481186355 -0.0173677185562351 -0.0197379484861636 -0.00843201400425026 0.0102067137111888
Maximizing likelihood @ n=8192×2057=16850944
 SD[log(ℓ)] = 0.0989251448567482
 Δlog(ℓ) = -0.0136297400799208
 Δβ/SD[β] = 0.0012021981443048 0.00598077313482894 -0.0116935919618702 -0.00964149385592402 0.0073979927974178 0.00538842944174397
Calculating Hessian
Maximizing likelihood @ n=1×2057=2057
 SD[log(ℓ)] = 6.73212714951435
 Δlog(ℓ) = Inf
 Δβ/SD[β] = 0.679773121619153 3.32855085103484 1.57213354975169 -30.3168682293493 3.82543225709893 3.85216408239124
Maximizing likelihood @ n=2×2057=4114
 SD[log(ℓ)] = 5.21564190238963
 Δlog(ℓ) = 10.4562262404489
 Δβ/SD[β] = 0.0758057804391271 0.309995317379395 -0.249684307159186 0.645803421750904 1.24048359669123 0.0963109352010466
Maximizing likelihood @ n=4×2057=8228
 SD[log(ℓ)] = 3.7680152770219
 Δlog(ℓ) = 0.835401329099213
 Δβ/SD[β] = -0.111578167789602 0.0251888900948769 -0.181500260720012 0.994991779207974 0.509150468501696 0.201784907618509
Maximizing likelihood @ n=8×2057=16456
 SD[log(ℓ)] = 2.86759703477337
 Δlog(ℓ) = 11.0481880171408
 Δβ/SD[β] = 0.0197352249886668 0.246814075700087 -0.057542476613331 -0.95719379720343 0.360899526736041 0.105766143339844
Maximizing likelihood @ n=16×2057=32912
 SD[log(ℓ)] = 2.15052061944582
 Δlog(ℓ) = 9.51014050143101
 Δβ/SD[β] = -0.0971264517796827 0.149547025641135 -0.0152430547619007 -0.105077240169251 0.0328529813366214 0.0482885861766848
Maximizing likelihood @ n=32×2057=65824
 SD[log(ℓ)] = 1.55251122131319
 Δlog(ℓ) = -0.842215579414244
 Δβ/SD[β] = 0.0182211926824727 -0.208973708859233 -0.144006400260401 0.389375821392107 0.113958418367 0.24419030443764
Maximizing likelihood @ n=64×2057=131648
 SD[log(ℓ)] = 1.1031764737045
 Δlog(ℓ) = 0.407259786772443
 Δβ/SD[β] = -0.0682893671614731 0.0290003321150172 -0.157628009616597 -0.302375183968102 -0.0525467798517189 0.0327906725546981
Maximizing likelihood @ n=128×2057=263296
 SD[log(ℓ)] = 0.788955365314427
 Δlog(ℓ) = 0.764160407662871
 Δβ/SD[β] = 0.0194793867433233 -0.0609094971495806 -0.00537759057236875 -0.10548047414922 0.0396009583250973 -0.0263092222229527
Maximizing likelihood @ n=256×2057=526592
 SD[log(ℓ)] = 0.554564348550151
 Δlog(ℓ) = -0.244134280599326
 Δβ/SD[β] = -0.00639348460635705 0.020683112012391 -0.0014473358823114 0.0444328571239466 -0.00672015916169814 -0.0661437891660713
Maximizing likelihood @ n=512×2057=1053184
 SD[log(ℓ)] = 0.393166096749708
 Δlog(ℓ) = 0.42718735230244
 Δβ/SD[β] = 0.0264322198775739 -0.0133365398649644 -0.0324996562130517 0.00585946143295921 0.011252240523834 0.0301506019870758
Maximizing likelihood @ n=1024×2057=2106368
 SD[log(ℓ)] = 0.278929119085806
 Δlog(ℓ) = 0.358883814371978
 Δβ/SD[β] = -0.012864371758888 -0.00816411854531771 -0.00994079623724763 -0.0410295731433711 -0.005048090081643 5.67702339860678e-05
Maximizing likelihood @ n=2048×2057=4212736
 SD[log(ℓ)] = 0.197311544651093
 Δlog(ℓ) = -0.000696583051279731
 Δβ/SD[β] = -0.00484925079768497 -0.0137886682951392 -0.0131808213917154 0.00244460318838789 0.0199779504256506 -0.0288572594249225
Maximizing likelihood @ n=4096×2057=8425472
 SD[log(ℓ)] = 0.139218335713501
 Δlog(ℓ) = -0.0828786077593691
 Δβ/SD[β] = -0.0103998477787348 0.00800441282144805 -0.0113678143476914 -0.0256602207268423 -0.0250730884551424 -0.0168136019318797
Maximizing likelihood @ n=8192×2057=16850944
 SD[log(ℓ)] = 0.0985746352693124
 Δlog(ℓ) = 0.0430950125067113
 Δβ/SD[β] = -0.00176500801891625 -0.00697554440745463 -0.00605921866985372 -0.00363590304384949 0.0142806175955899 -0.00547115928433971
Calculating Hessian
There were 13 warnings (use warnings() to see them)
Script complete
Fri Nov 15 22:47:55 MST 2024
