Wed Nov 20 21:39:09 MST 2024
Initiating script
── Attaching core tidyverse packages ──────────────────────── tidyverse 2.0.0 ──
✔ dplyr     1.1.4     ✔ readr     2.1.5
✔ forcats   1.0.0     ✔ stringr   1.5.1
✔ ggplot2   3.5.1     ✔ tibble    3.2.1
✔ lubridate 1.9.3     ✔ tidyr     1.3.1
✔ purrr     1.0.2     
── Conflicts ────────────────────────────────────────── tidyverse_conflicts() ──
✖ ggplot2::annotate() masks ctmm::annotate()
✖ dplyr::filter()     masks stats::filter()
✖ dplyr::lag()        masks stats::lag()
ℹ Use the conflicted package (<http://conflicted.r-lib.org/>) to force all conflicts to become errors
Linking to GEOS 3.9.5, GDAL 3.8.5, PROJ 9.4.0; sf_use_s2() is TRUE
Loading required package: sp

Attaching package: ‘raster’

The following object is masked from ‘package:dplyr’:

    select

The following objects are masked from ‘package:ctmm’:

    projection, projection<-

terra 1.7.78

Attaching package: ‘terra’

The following object is masked from ‘package:tidyr’:

    extract

The following objects are masked from ‘package:ctmm’:

    distance, meta

[1] "/home/u15/mmercer3/proj/habitat_analysis_class/Final/Model_Fit_Results/roads_1500/Sweetwater_rr.Rda"
     [,1]                                
[1,] "Data loaded at 2024-11-20 21:39:20"
Some rasters are not loaded in RAM and may be slow to process. See help("raster::readAll").
Maximizing likelihood @ n=1×813=813
 SD[log(ℓ)] = 3.22384943043211
 Δlog(ℓ) = Inf
 Δβ/SD[β] = 1.35908321128724 0.463830067411828 0.398024916695682 0.0894161431001793 -0.0343806463980263 -1.09748034595468 -0.984181402548397 -0.153799542614373
Maximizing likelihood @ n=2×813=1626
 SD[log(ℓ)] = 3.22570930025674
 Δlog(ℓ) = 7.44938395667282
 Δβ/SD[β] = 1.97376366297997 3.10037920202063 2.07230898204667 1.86665895152767 -2.65523116986384 1.2632249704066 4.67015213653674 -0.582376922696355
Maximizing likelihood @ n=4×813=3252
 SD[log(ℓ)] = 2.65903128422013
 Δlog(ℓ) = 2.32473987673989
 Δβ/SD[β] = 0.284374100459654 0.232348193370651 0.164150080566926 0.0530179859834864 -0.432619990598587 -0.394801306658807 1.19768158491139 -0.766782549811329
Maximizing likelihood @ n=8×813=6504
 SD[log(ℓ)] = 2.14878739496269
 Δlog(ℓ) = 4.66075913538689
 Δβ/SD[β] = 0.861347494923746 -0.218299702821858 0.0355950602750294 0.0833910262802887 0.279447073934659 0.0854390635375963 0.668171895771743 -0.263013664211242
Maximizing likelihood @ n=16×813=13008
 SD[log(ℓ)] = 1.5812950229341
 Δlog(ℓ) = 1.08963360033379
 Δβ/SD[β] = 0.11119805523986 -0.0574900558331146 -0.0496649322639465 0.0529851945055194 -0.0678334425680913 0.000219859901971952 0.145812136681308 -0.334835351257462
Maximizing likelihood @ n=32×813=26016
 SD[log(ℓ)] = 1.12741689057773
 Δlog(ℓ) = -0.98765917407226
 Δβ/SD[β] = -0.0180706265133016 -0.031451374025946 0.0164183711162182 -0.0647162535370139 -0.00636181447965065 0.0135451482877226 0.0252676943249245 -0.012399462389732
Maximizing likelihood @ n=64×813=52032
 SD[log(ℓ)] = 0.804926318832266
 Δlog(ℓ) = 0.396218448449392
 Δβ/SD[β] = 0.192964852195011 0.0662439516844149 -0.0667674706820244 -0.132928403122037 0.0557700828912628 0.00161294477959414 0.10074926810513 0.11194109622579
Maximizing likelihood @ n=128×813=104064
 SD[log(ℓ)] = 0.559238054999841
 Δlog(ℓ) = -1.18679624745241
 Δβ/SD[β] = -0.114282002019854 0.0160068194425071 -0.113572006707045 -0.16367334696949 0.0132560333611301 0.020692522791669 0.0408655829001301 0.0504283125208289
Maximizing likelihood @ n=256×813=208128
 SD[log(ℓ)] = 0.398665344732917
 Δlog(ℓ) = 0.238697908841278
 Δβ/SD[β] = 0.0438715247846662 0.00873596750498767 0.0105188371878365 -0.0328503641384645 0.057022052574804 0.0198225521633786 -0.0112049479614776 -0.00737606316472665
Maximizing likelihood @ n=512×813=416256
 SD[log(ℓ)] = 0.280296439813687
 Δlog(ℓ) = -0.650114741584922
 Δβ/SD[β] = -0.0362260594508461 -0.0357550949831153 -0.125104233666568 -0.109314526505554 0.0812782790368159 0.0626081096528391 0.0485988485842494 0.0413556806325163
Maximizing likelihood @ n=1024×813=832512
 SD[log(ℓ)] = 0.196603885255689
 Δlog(ℓ) = 0.131331951644622
 Δβ/SD[β] = 0.0169991851992077 -0.00527138670796749 0.00936571101958476 -0.0349468038172761 0.00346485461564907 0.0253088574710644 -0.014538974012867 0.0680747793344614
Maximizing likelihood @ n=2048×813=1665024
 SD[log(ℓ)] = 0.13960530540173
 Δlog(ℓ) = 0.262252870026881
 Δβ/SD[β] = 0.0156271639086813 -7.91701660266844e-05 -0.0198995146928456 -0.000612245731412122 0.00386927995277514 -0.00888371225755598 -0.0127190820800673 -0.0406803366630655
Maximizing likelihood @ n=4096×813=3330048
 SD[log(ℓ)] = 0.0986913964322105
 Δlog(ℓ) = 0.084717085203085
 Δβ/SD[β] = -0.0182635049528376 -0.00273448431424477 0.00421718749114754 -0.00798135950526527 0.0298720370965952 0.00193799465525952 0.00936153443905505 -0.00570273583080241
Maximizing likelihood @ n=8192×813=6660096
 SD[log(ℓ)] = 0.0698738575614894
 Δlog(ℓ) = 0.0144678608098872
 Δβ/SD[β] = 0.0167516596852951 -0.00769285226194279 0.00623991470668646 -0.0138467129238123 0.0200049363298926 0.0119619512104972 0.00349358436495432 0.00369154782416989
Maximizing likelihood @ n=16384×813=13320192
 SD[log(ℓ)] = 0.0493516025667691
 Δlog(ℓ) = -0.022946697260771
 Δβ/SD[β] = -0.00608238541657714 0.00115383609767783 0.000755956062424734 -0.00554447550658761 -0.000924202429832828 0.00192733855601732 0.00577770230599115 0.000644260078701361
Maximizing likelihood @ n=32768×813=26640384
 SD[log(ℓ)] = 0.0348945537767478
 Δlog(ℓ) = 0.021318498524316
 Δβ/SD[β] = 0.0025175928989465 -0.00355953614331165 -0.0109841740839595 0.00126155854458819 -0.00551181484946909 -0.000120575973406383 0.000388838550498166 0.00349252955461272
Calculating Hessian
Warning message:
In rsf.fit(individual, individual_akde, R = R, max.mem = "2 Gb") :
  Calculation stopped before 3.2 Gb allocation.
Script complete
Wed Nov 20 22:38:15 MST 2024
